[0.057s] Invoking command in '/home/joel-bansal/bharat_ws/build/slam_gmapping': CMAKE_PREFIX_PATH=/home/joel-bansal/bharat_ws/install/openslam_gmapping:/home/joel-bansal/bharat_ws/install/slam_gmapping:/home/joel-bansal/bharat_ws/install/multirobot_map_merge:/home/joel-bansal/bharat_ws/install/explore_lite:/opt/ros/humble /usr/bin/cmake /home/joel-bansal/bharat_ws/src/slam_gmapping/slam_gmapping -DCMAKE_INSTALL_PREFIX=/home/joel-bansal/bharat_ws/install/slam_gmapping
[0.351s] -- The C compiler identification is GNU 11.4.0
[0.696s] -- The CXX compiler identification is GNU 11.4.0
[0.738s] -- Detecting C compiler ABI info
[1.151s] -- Detecting C compiler ABI info - done
[1.206s] -- Check for working C compiler: /usr/bin/cc - skipped
[1.207s] -- Detecting C compile features
[1.212s] -- Detecting C compile features - done
[1.232s] -- Detecting CXX compiler ABI info
[1.523s] -- Detecting CXX compiler ABI info - done
[1.576s] -- Check for working CXX compiler: /usr/bin/c++ - skipped
[1.583s] -- Detecting CXX compile features
[1.583s] -- Detecting CXX compile features - done
[1.590s] [0m -fuse-ld=lld -Wl,--disable-new-dtags[0m
[1.596s] -- Found ament_cmake: 1.3.10 (/opt/ros/humble/share/ament_cmake/cmake)
[2.465s] -- Found Python3: /usr/bin/python3 (found version "3.10.12") found components: Interpreter 
[2.845s] -- Found std_msgs: 4.2.4 (/opt/ros/humble/share/std_msgs/cmake)
[3.031s] -- Found rosidl_generator_c: 3.1.5 (/opt/ros/humble/share/rosidl_generator_c/cmake)
[3.049s] -- Found rosidl_adapter: 3.1.5 (/opt/ros/humble/share/rosidl_adapter/cmake)
[3.078s] -- Found rosidl_generator_cpp: 3.1.5 (/opt/ros/humble/share/rosidl_generator_cpp/cmake)
[3.159s] -- Using all available rosidl_typesupport_c: rosidl_typesupport_fastrtps_c;rosidl_typesupport_introspection_c
[3.270s] -- Using all available rosidl_typesupport_cpp: rosidl_typesupport_fastrtps_cpp;rosidl_typesupport_introspection_cpp
[3.458s] -- Found nav_msgs: 4.2.4 (/opt/ros/humble/share/nav_msgs/cmake)
[3.579s] -- Found tf2: 0.25.8 (/opt/ros/humble/share/tf2/cmake)
[3.613s] -- Found tf2_ros: 0.25.8 (/opt/ros/humble/share/tf2_ros/cmake)
[3.846s] -- Found rmw_implementation_cmake: 6.1.2 (/opt/ros/humble/share/rmw_implementation_cmake/cmake)
[3.855s] -- Found rmw_fastrtps_cpp: 6.2.7 (/opt/ros/humble/share/rmw_fastrtps_cpp/cmake)
[4.244s] -- Found OpenSSL: /usr/lib/x86_64-linux-gnu/libcrypto.so (found version "3.0.2")  
[4.413s] -- Found FastRTPS: /opt/ros/humble/include  
[4.648s] -- Using RMW implementation 'rmw_fastrtps_cpp' as default
[4.695s] -- Looking for pthread.h
[5.113s] -- Looking for pthread.h - found
[5.116s] -- Performing Test CMAKE_HAVE_LIBC_PTHREAD
[5.576s] -- Performing Test CMAKE_HAVE_LIBC_PTHREAD - Success
[5.586s] -- Found Threads: TRUE  
[6.354s] -- Found tf2_geometry_msgs: 0.25.8 (/opt/ros/humble/share/tf2_geometry_msgs/cmake)
[6.438s] -- Found eigen3_cmake_module: 0.1.1 (/opt/ros/humble/share/eigen3_cmake_module/cmake)
[6.443s] -- Found Eigen3: TRUE (found version "3.4.0") 
[6.443s] -- Ensuring Eigen3 include directory is part of orocos-kdl CMake target
[6.462s] -- Found sensor_msgs: 4.2.4 (/opt/ros/humble/share/sensor_msgs/cmake)
[6.593s] -- Found visualization_msgs: 4.2.4 (/opt/ros/humble/share/visualization_msgs/cmake)
[6.730s] -- Found openslam_gmapping: 0.1.2 (/home/joel-bansal/bharat_ws/install/openslam_gmapping/share/openslam_gmapping/cmake)
[6.753s] -- Found ament_lint_auto: 0.12.11 (/opt/ros/humble/share/ament_lint_auto/cmake)
[7.294s] -- Added test 'cppcheck' to perform static code analysis on C / C++ code
[7.294s] -- Configured cppcheck include dirs: /home/joel-bansal/bharat_ws/src/slam_gmapping/slam_gmapping/include
[7.294s] -- Configured cppcheck exclude dirs and/or files: 
[7.300s] -- Added test 'flake8' to check Python code syntax and style conventions
[7.305s] -- Added test 'lint_cmake' to check CMake code style
[7.311s] -- Added test 'pep257' to check Python code against some of the docstring style conventions in PEP 257
[7.314s] -- Added test 'uncrustify' to check C / C++ code style
[7.314s] -- Configured uncrustify additional arguments: 
[7.323s] -- Added test 'xmllint' to check XML markup files
[7.327s] -- Configuring done
[7.394s] -- Generating done
[7.400s] -- Build files have been written to: /home/joel-bansal/bharat_ws/build/slam_gmapping
[7.459s] Invoked command in '/home/joel-bansal/bharat_ws/build/slam_gmapping' returned '0': CMAKE_PREFIX_PATH=/home/joel-bansal/bharat_ws/install/openslam_gmapping:/home/joel-bansal/bharat_ws/install/slam_gmapping:/home/joel-bansal/bharat_ws/install/multirobot_map_merge:/home/joel-bansal/bharat_ws/install/explore_lite:/opt/ros/humble /usr/bin/cmake /home/joel-bansal/bharat_ws/src/slam_gmapping/slam_gmapping -DCMAKE_INSTALL_PREFIX=/home/joel-bansal/bharat_ws/install/slam_gmapping
[7.460s] Invoking command in '/home/joel-bansal/bharat_ws/build/slam_gmapping': CMAKE_PREFIX_PATH=/home/joel-bansal/bharat_ws/install/openslam_gmapping:/home/joel-bansal/bharat_ws/install/slam_gmapping:/home/joel-bansal/bharat_ws/install/multirobot_map_merge:/home/joel-bansal/bharat_ws/install/explore_lite:/opt/ros/humble /usr/bin/cmake --build /home/joel-bansal/bharat_ws/build/slam_gmapping -- -j4 -l4
[7.757s] [ 50%] [32mBuilding CXX object CMakeFiles/slam_gmapping.dir/src/slam_gmapping.cpp.o[0m
[8.914s] In file included from [01m[K/home/joel-bansal/bharat_ws/src/slam_gmapping/slam_gmapping/include/slam_gmapping/slam_gmapping.h:38[m[K,
[8.914s]                  from [01m[K/home/joel-bansal/bharat_ws/src/slam_gmapping/slam_gmapping/src/slam_gmapping.cpp:24[m[K:
[8.914s] [01m[K/opt/ros/humble/include/tf2_geometry_msgs/tf2_geometry_msgs/tf2_geometry_msgs.h:35:2:[m[K [01;35m[Kwarning: [m[K#warning This header is obsolete, please include tf2_geometry_msgs/tf2_geometry_msgs.hpp instead [[01;35m[K]8;;https://gcc.gnu.org/onlinedocs/gcc/Warning-Options.html#index-Wcpp-Wcpp]8;;[m[K]
[8.914s]    35 | #[01;35m[Kwarning[m[K This header is obsolete, please include tf2_geometry_msgs/tf2_geometry_msgs.hpp instead
[8.915s]       |  [01;35m[K^~~~~~~[m[K
[15.986s] In file included from [01m[K/home/joel-bansal/bharat_ws/install/openslam_gmapping/include/gmapping/gridfastslam/gridslamprocessor.h:9[m[K,
[15.986s]                  from [01m[K/home/joel-bansal/bharat_ws/src/slam_gmapping/slam_gmapping/include/slam_gmapping/slam_gmapping.h:45[m[K,
[15.986s]                  from [01m[K/home/joel-bansal/bharat_ws/src/slam_gmapping/slam_gmapping/src/slam_gmapping.cpp:24[m[K:
[15.986s] [01m[K/home/joel-bansal/bharat_ws/install/openslam_gmapping/include/gmapping/particlefilter/particlefilter.h:[m[K In function ‘[01m[Kvoid rle(OutputIterator&, const Iterator&, const Iterator&)[m[K’:
[15.987s] [01m[K/home/joel-bansal/bharat_ws/install/openslam_gmapping/include/gmapping/particlefilter/particlefilter.h:140:9:[m[K [01;35m[Kwarning: [m[Kthis ‘[01m[Kif[m[K’ clause does not guard... [[01;35m[K]8;;https://gcc.gnu.org/onlinedocs/gcc/Warning-Options.html#index-Wmisleading-indentation-Wmisleading-indentation]8;;[m[K]
[15.987s]   140 |         [01;35m[Kif[m[K (count>0)
[15.987s]       |         [01;35m[K^~[m[K
[15.987s] [01m[K/home/joel-bansal/bharat_ws/install/openslam_gmapping/include/gmapping/particlefilter/particlefilter.h:142:17:[m[K [01;36m[Knote: [m[K...this statement, but the latter is misleadingly indented as if it were guarded by the ‘[01m[Kif[m[K’
[15.987s]   142 |                 [01;36m[Kout[m[K++;
[15.987s]       |                 [01;36m[K^~~[m[K
[39.166s] [100%] [32m[1mLinking CXX executable slam_gmapping[0m
[40.962s] [100%] Built target slam_gmapping
[40.993s] Invoked command in '/home/joel-bansal/bharat_ws/build/slam_gmapping' returned '0': CMAKE_PREFIX_PATH=/home/joel-bansal/bharat_ws/install/openslam_gmapping:/home/joel-bansal/bharat_ws/install/slam_gmapping:/home/joel-bansal/bharat_ws/install/multirobot_map_merge:/home/joel-bansal/bharat_ws/install/explore_lite:/opt/ros/humble /usr/bin/cmake --build /home/joel-bansal/bharat_ws/build/slam_gmapping -- -j4 -l4
[41.066s] Invoking command in '/home/joel-bansal/bharat_ws/build/slam_gmapping': CMAKE_PREFIX_PATH=/home/joel-bansal/bharat_ws/install/openslam_gmapping:/home/joel-bansal/bharat_ws/install/slam_gmapping:/home/joel-bansal/bharat_ws/install/multirobot_map_merge:/home/joel-bansal/bharat_ws/install/explore_lite:/opt/ros/humble /usr/bin/cmake --install /home/joel-bansal/bharat_ws/build/slam_gmapping
[41.085s] -- Install configuration: ""
[41.086s] -- Installing: /home/joel-bansal/bharat_ws/install/slam_gmapping/lib/slam_gmapping/slam_gmapping
[41.098s] -- Set runtime path of "/home/joel-bansal/bharat_ws/install/slam_gmapping/lib/slam_gmapping/slam_gmapping" to ""
[41.098s] -- Installing: /home/joel-bansal/bharat_ws/install/slam_gmapping/share/slam_gmapping/launch
[41.099s] -- Installing: /home/joel-bansal/bharat_ws/install/slam_gmapping/share/slam_gmapping/launch/slam_gmapping.launch.py
[41.100s] -- Installing: /home/joel-bansal/bharat_ws/install/slam_gmapping/share/ament_index/resource_index/package_run_dependencies/slam_gmapping
[41.101s] -- Installing: /home/joel-bansal/bharat_ws/install/slam_gmapping/share/ament_index/resource_index/parent_prefix_path/slam_gmapping
[41.101s] -- Installing: /home/joel-bansal/bharat_ws/install/slam_gmapping/share/slam_gmapping/environment/ament_prefix_path.sh
[41.103s] -- Installing: /home/joel-bansal/bharat_ws/install/slam_gmapping/share/slam_gmapping/environment/ament_prefix_path.dsv
[41.103s] -- Installing: /home/joel-bansal/bharat_ws/install/slam_gmapping/share/slam_gmapping/environment/path.sh
[41.103s] -- Installing: /home/joel-bansal/bharat_ws/install/slam_gmapping/share/slam_gmapping/environment/path.dsv
[41.104s] -- Installing: /home/joel-bansal/bharat_ws/install/slam_gmapping/share/slam_gmapping/local_setup.bash
[41.106s] -- Installing: /home/joel-bansal/bharat_ws/install/slam_gmapping/share/slam_gmapping/local_setup.sh
[41.106s] -- Installing: /home/joel-bansal/bharat_ws/install/slam_gmapping/share/slam_gmapping/local_setup.zsh
[41.106s] -- Installing: /home/joel-bansal/bharat_ws/install/slam_gmapping/share/slam_gmapping/local_setup.dsv
[41.106s] -- Installing: /home/joel-bansal/bharat_ws/install/slam_gmapping/share/slam_gmapping/package.dsv
[41.107s] -- Installing: /home/joel-bansal/bharat_ws/install/slam_gmapping/share/ament_index/resource_index/packages/slam_gmapping
[41.107s] -- Installing: /home/joel-bansal/bharat_ws/install/slam_gmapping/share/slam_gmapping/cmake/slam_gmappingConfig.cmake
[41.107s] -- Installing: /home/joel-bansal/bharat_ws/install/slam_gmapping/share/slam_gmapping/cmake/slam_gmappingConfig-version.cmake
[41.108s] -- Installing: /home/joel-bansal/bharat_ws/install/slam_gmapping/share/slam_gmapping/package.xml
[41.115s] Invoked command in '/home/joel-bansal/bharat_ws/build/slam_gmapping' returned '0': CMAKE_PREFIX_PATH=/home/joel-bansal/bharat_ws/install/openslam_gmapping:/home/joel-bansal/bharat_ws/install/slam_gmapping:/home/joel-bansal/bharat_ws/install/multirobot_map_merge:/home/joel-bansal/bharat_ws/install/explore_lite:/opt/ros/humble /usr/bin/cmake --install /home/joel-bansal/bharat_ws/build/slam_gmapping
