[0.040s] Invoking command in '/home/jjbigdub/gitrepo/rosslam_ws3/build/multirobot_map_merge': CMAKE_PREFIX_PATH=${CMAKE_PREFIX_PATH}:/home/jjbigdub/ros2_ws/install/math1:/home/jjbigdub/urdf_ws/install/rocker_description:/opt/ros/humble /usr/bin/cmake --build /home/jjbigdub/gitrepo/rosslam_ws3/build/multirobot_map_merge -- -j16 -l16
[0.181s] [ 16%] Built target gtest_main
[0.182s] [ 33%] Built target gtest
[0.191s] [ 66%] Built target combine_grids
[0.270s] [ 83%] Built target test_merging_pipeline
[0.284s] [100%] Built target map_merge
[0.317s] Invoked command in '/home/jjbigdub/gitrepo/rosslam_ws3/build/multirobot_map_merge' returned '0': CMAKE_PREFIX_PATH=${CMAKE_PREFIX_PATH}:/home/jjbigdub/ros2_ws/install/math1:/home/jjbigdub/urdf_ws/install/rocker_description:/opt/ros/humble /usr/bin/cmake --build /home/jjbigdub/gitrepo/rosslam_ws3/build/multirobot_map_merge -- -j16 -l16
[0.443s] Invoking command in '/home/jjbigdub/gitrepo/rosslam_ws3/build/multirobot_map_merge': CMAKE_PREFIX_PATH=${CMAKE_PREFIX_PATH}:/home/jjbigdub/ros2_ws/install/math1:/home/jjbigdub/urdf_ws/install/rocker_description:/opt/ros/humble /usr/bin/cmake --install /home/jjbigdub/gitrepo/rosslam_ws3/build/multirobot_map_merge
[0.466s] -- Install configuration: ""
[0.469s] -- Up-to-date: /home/jjbigdub/gitrepo/rosslam_ws3/install/multirobot_map_merge/include/map_merge/
[0.469s] -- Up-to-date: /home/jjbigdub/gitrepo/rosslam_ws3/install/multirobot_map_merge/include/map_merge//ros1_names.hpp
[0.470s] -- Up-to-date: /home/jjbigdub/gitrepo/rosslam_ws3/install/multirobot_map_merge/include/map_merge//map_merge.h
[0.470s] -- Up-to-date: /home/jjbigdub/gitrepo/rosslam_ws3/install/multirobot_map_merge/share/multirobot_map_merge/launch
[0.470s] -- Up-to-date: /home/jjbigdub/gitrepo/rosslam_ws3/install/multirobot_map_merge/share/multirobot_map_merge/launch/map_merge.rviz
[0.470s] -- Up-to-date: /home/jjbigdub/gitrepo/rosslam_ws3/install/multirobot_map_merge/share/multirobot_map_merge/launch/map_merge.launch.py
[0.471s] -- Up-to-date: /home/jjbigdub/gitrepo/rosslam_ws3/install/multirobot_map_merge/share/multirobot_map_merge/launch/from_map_server.launch.py
[0.471s] -- Up-to-date: /home/jjbigdub/gitrepo/rosslam_ws3/install/multirobot_map_merge/share/multirobot_map_merge/launch/tb3_simulation
[0.471s] -- Up-to-date: /home/jjbigdub/gitrepo/rosslam_ws3/install/multirobot_map_merge/share/multirobot_map_merge/launch/tb3_simulation/tb3_simulation_launch.py
[0.471s] -- Up-to-date: /home/jjbigdub/gitrepo/rosslam_ws3/install/multirobot_map_merge/share/multirobot_map_merge/launch/tb3_simulation/worlds
[0.471s] -- Up-to-date: /home/jjbigdub/gitrepo/rosslam_ws3/install/multirobot_map_merge/share/multirobot_map_merge/launch/tb3_simulation/worlds/test1_world_only.model
[0.471s] -- Up-to-date: /home/jjbigdub/gitrepo/rosslam_ws3/install/multirobot_map_merge/share/multirobot_map_merge/launch/tb3_simulation/worlds/test_world.world
[0.472s] -- Up-to-date: /home/jjbigdub/gitrepo/rosslam_ws3/install/multirobot_map_merge/share/multirobot_map_merge/launch/tb3_simulation/worlds/room4
[0.472s] -- Up-to-date: /home/jjbigdub/gitrepo/rosslam_ws3/install/multirobot_map_merge/share/multirobot_map_merge/launch/tb3_simulation/worlds/room4/world.model
[0.473s] -- Up-to-date: /home/jjbigdub/gitrepo/rosslam_ws3/install/multirobot_map_merge/share/multirobot_map_merge/launch/tb3_simulation/worlds/room4/room4.png
[0.473s] -- Up-to-date: /home/jjbigdub/gitrepo/rosslam_ws3/install/multirobot_map_merge/share/multirobot_map_merge/launch/tb3_simulation/worlds/room4/map
[0.473s] -- Up-to-date: /home/jjbigdub/gitrepo/rosslam_ws3/install/multirobot_map_merge/share/multirobot_map_merge/launch/tb3_simulation/worlds/room4/map/room4.png
[0.473s] -- Up-to-date: /home/jjbigdub/gitrepo/rosslam_ws3/install/multirobot_map_merge/share/multirobot_map_merge/launch/tb3_simulation/worlds/room4/map/room4.yaml
[0.473s] -- Up-to-date: /home/jjbigdub/gitrepo/rosslam_ws3/install/multirobot_map_merge/share/multirobot_map_merge/launch/tb3_simulation/worlds/room4/world_dynamic.model
[0.473s] -- Up-to-date: /home/jjbigdub/gitrepo/rosslam_ws3/install/multirobot_map_merge/share/multirobot_map_merge/launch/tb3_simulation/worlds/world_only.model
[0.474s] -- Up-to-date: /home/jjbigdub/gitrepo/rosslam_ws3/install/multirobot_map_merge/share/multirobot_map_merge/launch/tb3_simulation/slam_toolbox.py
[0.474s] -- Installing: /home/jjbigdub/gitrepo/rosslam_ws3/install/multirobot_map_merge/share/multirobot_map_merge/launch/tb3_simulation/multi_tb3_simulation_launch.py
[0.474s] -- Up-to-date: /home/jjbigdub/gitrepo/rosslam_ws3/install/multirobot_map_merge/share/multirobot_map_merge/launch/tb3_simulation/bringup_launch.py
[0.474s] -- Up-to-date: /home/jjbigdub/gitrepo/rosslam_ws3/install/multirobot_map_merge/share/multirobot_map_merge/launch/tb3_simulation/models
[0.475s] -- Up-to-date: /home/jjbigdub/gitrepo/rosslam_ws3/install/multirobot_map_merge/share/multirobot_map_merge/launch/tb3_simulation/models/dynamic_obstacle
[0.475s] -- Up-to-date: /home/jjbigdub/gitrepo/rosslam_ws3/install/multirobot_map_merge/share/multirobot_map_merge/launch/tb3_simulation/models/dynamic_obstacle/model.sdf
[0.475s] -- Up-to-date: /home/jjbigdub/gitrepo/rosslam_ws3/install/multirobot_map_merge/share/multirobot_map_merge/launch/tb3_simulation/models/dynamic_obstacle/model.config
[0.476s] -- Up-to-date: /home/jjbigdub/gitrepo/rosslam_ws3/install/multirobot_map_merge/share/multirobot_map_merge/launch/tb3_simulation/models/exp_empty_rooms
[0.476s] -- Up-to-date: /home/jjbigdub/gitrepo/rosslam_ws3/install/multirobot_map_merge/share/multirobot_map_merge/launch/tb3_simulation/models/exp_empty_rooms/model.sdf
[0.476s] -- Up-to-date: /home/jjbigdub/gitrepo/rosslam_ws3/install/multirobot_map_merge/share/multirobot_map_merge/launch/tb3_simulation/models/exp_empty_rooms/model.config
[0.477s] -- Up-to-date: /home/jjbigdub/gitrepo/rosslam_ws3/install/multirobot_map_merge/share/multirobot_map_merge/launch/tb3_simulation/config
[0.477s] -- Up-to-date: /home/jjbigdub/gitrepo/rosslam_ws3/install/multirobot_map_merge/share/multirobot_map_merge/launch/tb3_simulation/config/nav2_multirobot_params_4.yaml
[0.477s] -- Up-to-date: /home/jjbigdub/gitrepo/rosslam_ws3/install/multirobot_map_merge/share/multirobot_map_merge/launch/tb3_simulation/config/nav2_multirobot_params_3.yaml
[0.477s] -- Up-to-date: /home/jjbigdub/gitrepo/rosslam_ws3/install/multirobot_map_merge/share/multirobot_map_merge/launch/tb3_simulation/config/nav2_multirobot_params_8.yaml
[0.477s] -- Up-to-date: /home/jjbigdub/gitrepo/rosslam_ws3/install/multirobot_map_merge/share/multirobot_map_merge/launch/tb3_simulation/config/nav2_multirobot_params_6.yaml
[0.478s] -- Up-to-date: /home/jjbigdub/gitrepo/rosslam_ws3/install/multirobot_map_merge/share/multirobot_map_merge/launch/tb3_simulation/config/nav2_multirobot_params_7.yaml
[0.478s] -- Up-to-date: /home/jjbigdub/gitrepo/rosslam_ws3/install/multirobot_map_merge/share/multirobot_map_merge/launch/tb3_simulation/config/nav2_multirobot_params_2.yaml
[0.478s] -- Up-to-date: /home/jjbigdub/gitrepo/rosslam_ws3/install/multirobot_map_merge/share/multirobot_map_merge/launch/tb3_simulation/config/nav2_multirobot_params_5.yaml
[0.478s] -- Up-to-date: /home/jjbigdub/gitrepo/rosslam_ws3/install/multirobot_map_merge/share/multirobot_map_merge/launch/tb3_simulation/config/nav2_multirobot_params_1.yaml
[0.479s] -- Up-to-date: /home/jjbigdub/gitrepo/rosslam_ws3/install/multirobot_map_merge/share/multirobot_map_merge/config
[0.479s] -- Up-to-date: /home/jjbigdub/gitrepo/rosslam_ws3/install/multirobot_map_merge/share/multirobot_map_merge/config/params.yaml
[0.479s] -- Up-to-date: /home/jjbigdub/gitrepo/rosslam_ws3/install/multirobot_map_merge/lib/libcombine_grids.a
[0.479s] -- Up-to-date: /home/jjbigdub/gitrepo/rosslam_ws3/install/multirobot_map_merge/lib/multirobot_map_merge/map_merge
[0.481s] -- Up-to-date: /home/jjbigdub/gitrepo/rosslam_ws3/install/multirobot_map_merge/share/multirobot_map_merge/environment/library_path.sh
[0.482s] -- Up-to-date: /home/jjbigdub/gitrepo/rosslam_ws3/install/multirobot_map_merge/share/multirobot_map_merge/environment/library_path.dsv
[0.483s] -- Up-to-date: /home/jjbigdub/gitrepo/rosslam_ws3/install/multirobot_map_merge/share/ament_index/resource_index/package_run_dependencies/multirobot_map_merge
[0.484s] -- Up-to-date: /home/jjbigdub/gitrepo/rosslam_ws3/install/multirobot_map_merge/share/ament_index/resource_index/parent_prefix_path/multirobot_map_merge
[0.485s] -- Up-to-date: /home/jjbigdub/gitrepo/rosslam_ws3/install/multirobot_map_merge/share/multirobot_map_merge/environment/ament_prefix_path.sh
[0.485s] -- Up-to-date: /home/jjbigdub/gitrepo/rosslam_ws3/install/multirobot_map_merge/share/multirobot_map_merge/environment/ament_prefix_path.dsv
[0.485s] -- Up-to-date: /home/jjbigdub/gitrepo/rosslam_ws3/install/multirobot_map_merge/share/multirobot_map_merge/environment/path.sh
[0.485s] -- Up-to-date: /home/jjbigdub/gitrepo/rosslam_ws3/install/multirobot_map_merge/share/multirobot_map_merge/environment/path.dsv
[0.485s] -- Up-to-date: /home/jjbigdub/gitrepo/rosslam_ws3/install/multirobot_map_merge/share/multirobot_map_merge/local_setup.bash
[0.486s] -- Up-to-date: /home/jjbigdub/gitrepo/rosslam_ws3/install/multirobot_map_merge/share/multirobot_map_merge/local_setup.sh
[0.487s] -- Up-to-date: /home/jjbigdub/gitrepo/rosslam_ws3/install/multirobot_map_merge/share/multirobot_map_merge/local_setup.zsh
[0.487s] -- Up-to-date: /home/jjbigdub/gitrepo/rosslam_ws3/install/multirobot_map_merge/share/multirobot_map_merge/local_setup.dsv
[0.487s] -- Installing: /home/jjbigdub/gitrepo/rosslam_ws3/install/multirobot_map_merge/share/multirobot_map_merge/package.dsv
[0.488s] -- Up-to-date: /home/jjbigdub/gitrepo/rosslam_ws3/install/multirobot_map_merge/share/ament_index/resource_index/packages/multirobot_map_merge
[0.489s] -- Up-to-date: /home/jjbigdub/gitrepo/rosslam_ws3/install/multirobot_map_merge/share/multirobot_map_merge/cmake/ament_cmake_export_include_directories-extras.cmake
[0.489s] -- Up-to-date: /home/jjbigdub/gitrepo/rosslam_ws3/install/multirobot_map_merge/share/multirobot_map_merge/cmake/ament_cmake_export_libraries-extras.cmake
[0.489s] -- Up-to-date: /home/jjbigdub/gitrepo/rosslam_ws3/install/multirobot_map_merge/share/multirobot_map_merge/cmake/multirobot_map_mergeConfig.cmake
[0.490s] -- Up-to-date: /home/jjbigdub/gitrepo/rosslam_ws3/install/multirobot_map_merge/share/multirobot_map_merge/cmake/multirobot_map_mergeConfig-version.cmake
[0.490s] -- Up-to-date: /home/jjbigdub/gitrepo/rosslam_ws3/install/multirobot_map_merge/share/multirobot_map_merge/package.xml
[0.494s] Invoked command in '/home/jjbigdub/gitrepo/rosslam_ws3/build/multirobot_map_merge' returned '0': CMAKE_PREFIX_PATH=${CMAKE_PREFIX_PATH}:/home/jjbigdub/ros2_ws/install/math1:/home/jjbigdub/urdf_ws/install/rocker_description:/opt/ros/humble /usr/bin/cmake --install /home/jjbigdub/gitrepo/rosslam_ws3/build/multirobot_map_merge
