[0.185s] DEBUG:colcon:Command line arguments: ['/usr/bin/colcon', 'build']
[0.185s] DEBUG:colcon:Parsed command line arguments: Namespace(log_base=None, log_level=None, verb_name='build', build_base='build', install_base='install', merge_install=False, symlink_install=False, test_result_base=None, continue_on_error=False, executor='parallel', parallel_workers=4, event_handlers=None, ignore_user_meta=False, metas=['./colcon.meta'], base_paths=['.'], packages_ignore=None, packages_ignore_regex=None, paths=None, packages_up_to=None, packages_up_to_regex=None, packages_above=None, packages_above_and_dependencies=None, packages_above_depth=None, packages_select_by_dep=None, packages_skip_by_dep=None, packages_skip_up_to=None, packages_select_build_failed=False, packages_skip_build_finished=False, packages_select_test_failures=False, packages_skip_test_passed=False, packages_select=None, packages_skip=None, packages_select_regex=None, packages_skip_regex=None, packages_start=None, packages_end=None, allow_overriding=[], cmake_args=None, cmake_target=None, cmake_target_skip_unavailable=False, cmake_clean_cache=False, cmake_clean_first=False, cmake_force_configure=False, ament_cmake_args=None, catkin_cmake_args=None, catkin_skip_building_tests=False, verb_parser=<colcon_defaults.argument_parser.defaults.DefaultArgumentsDecorator object at 0x75e0097545b0>, verb_extension=<colcon_core.verb.build.BuildVerb object at 0x75e00984d150>, main=<bound method BuildVerb.main of <colcon_core.verb.build.BuildVerb object at 0x75e00984d150>>)
[0.481s] Level 1:colcon.colcon_core.package_discovery:discover_packages(colcon_meta) check parameters
[0.482s] Level 1:colcon.colcon_core.package_discovery:discover_packages(recursive) check parameters
[0.482s] Level 1:colcon.colcon_core.package_discovery:discover_packages(ignore) check parameters
[0.482s] Level 1:colcon.colcon_core.package_discovery:discover_packages(path) check parameters
[0.482s] Level 1:colcon.colcon_core.package_discovery:discover_packages(colcon_meta) discover
[0.482s] Level 1:colcon.colcon_core.package_discovery:discover_packages(recursive) discover
[0.482s] INFO:colcon.colcon_core.package_discovery:Crawling recursively for packages in '/home/joel-bansal/multi_bot_map_merging/bharat_ws4'
[0.482s] Level 1:colcon.colcon_core.package_identification:_identify(.) by extensions ['ignore', 'ignore_ament_install']
[0.482s] Level 1:colcon.colcon_core.package_identification:_identify(.) by extension 'ignore'
[0.482s] Level 1:colcon.colcon_core.package_identification:_identify(.) by extension 'ignore_ament_install'
[0.482s] Level 1:colcon.colcon_core.package_identification:_identify(.) by extensions ['colcon_pkg']
[0.483s] Level 1:colcon.colcon_core.package_identification:_identify(.) by extension 'colcon_pkg'
[0.483s] Level 1:colcon.colcon_core.package_identification:_identify(.) by extensions ['colcon_meta']
[0.483s] Level 1:colcon.colcon_core.package_identification:_identify(.) by extension 'colcon_meta'
[0.483s] Level 1:colcon.colcon_core.package_identification:_identify(.) by extensions ['ros']
[0.483s] Level 1:colcon.colcon_core.package_identification:_identify(.) by extension 'ros'
[0.502s] Level 1:colcon.colcon_core.package_identification:_identify(.) by extensions ['cmake', 'python']
[0.502s] Level 1:colcon.colcon_core.package_identification:_identify(.) by extension 'cmake'
[0.502s] Level 1:colcon.colcon_core.package_identification:_identify(.) by extension 'python'
[0.502s] Level 1:colcon.colcon_core.package_identification:_identify(.) by extensions ['python_setup_py']
[0.502s] Level 1:colcon.colcon_core.package_identification:_identify(.) by extension 'python_setup_py'
[0.503s] Level 1:colcon.colcon_core.package_identification:_identify(build) by extensions ['ignore', 'ignore_ament_install']
[0.503s] Level 1:colcon.colcon_core.package_identification:_identify(build) by extension 'ignore'
[0.503s] Level 1:colcon.colcon_core.package_identification:_identify(build) ignored
[0.503s] Level 1:colcon.colcon_core.package_identification:_identify(install) by extensions ['ignore', 'ignore_ament_install']
[0.503s] Level 1:colcon.colcon_core.package_identification:_identify(install) by extension 'ignore'
[0.504s] Level 1:colcon.colcon_core.package_identification:_identify(install) ignored
[0.504s] Level 1:colcon.colcon_core.package_identification:_identify(log) by extensions ['ignore', 'ignore_ament_install']
[0.504s] Level 1:colcon.colcon_core.package_identification:_identify(log) by extension 'ignore'
[0.504s] Level 1:colcon.colcon_core.package_identification:_identify(log) ignored
[0.504s] Level 1:colcon.colcon_core.package_identification:_identify(src) by extensions ['ignore', 'ignore_ament_install']
[0.504s] Level 1:colcon.colcon_core.package_identification:_identify(src) by extension 'ignore'
[0.504s] Level 1:colcon.colcon_core.package_identification:_identify(src) by extension 'ignore_ament_install'
[0.504s] Level 1:colcon.colcon_core.package_identification:_identify(src) by extensions ['colcon_pkg']
[0.505s] Level 1:colcon.colcon_core.package_identification:_identify(src) by extension 'colcon_pkg'
[0.505s] Level 1:colcon.colcon_core.package_identification:_identify(src) by extensions ['colcon_meta']
[0.505s] Level 1:colcon.colcon_core.package_identification:_identify(src) by extension 'colcon_meta'
[0.505s] Level 1:colcon.colcon_core.package_identification:_identify(src) by extensions ['ros']
[0.505s] Level 1:colcon.colcon_core.package_identification:_identify(src) by extension 'ros'
[0.505s] Level 1:colcon.colcon_core.package_identification:_identify(src) by extensions ['cmake', 'python']
[0.505s] Level 1:colcon.colcon_core.package_identification:_identify(src) by extension 'cmake'
[0.505s] Level 1:colcon.colcon_core.package_identification:_identify(src) by extension 'python'
[0.505s] Level 1:colcon.colcon_core.package_identification:_identify(src) by extensions ['python_setup_py']
[0.505s] Level 1:colcon.colcon_core.package_identification:_identify(src) by extension 'python_setup_py'
[0.505s] Level 1:colcon.colcon_core.package_identification:_identify(src/m-explore-ros2) by extensions ['ignore', 'ignore_ament_install']
[0.505s] Level 1:colcon.colcon_core.package_identification:_identify(src/m-explore-ros2) by extension 'ignore'
[0.506s] Level 1:colcon.colcon_core.package_identification:_identify(src/m-explore-ros2) by extension 'ignore_ament_install'
[0.506s] Level 1:colcon.colcon_core.package_identification:_identify(src/m-explore-ros2) by extensions ['colcon_pkg']
[0.506s] Level 1:colcon.colcon_core.package_identification:_identify(src/m-explore-ros2) by extension 'colcon_pkg'
[0.506s] Level 1:colcon.colcon_core.package_identification:_identify(src/m-explore-ros2) by extensions ['colcon_meta']
[0.506s] Level 1:colcon.colcon_core.package_identification:_identify(src/m-explore-ros2) by extension 'colcon_meta'
[0.506s] Level 1:colcon.colcon_core.package_identification:_identify(src/m-explore-ros2) by extensions ['ros']
[0.506s] Level 1:colcon.colcon_core.package_identification:_identify(src/m-explore-ros2) by extension 'ros'
[0.506s] Level 1:colcon.colcon_core.package_identification:_identify(src/m-explore-ros2) by extensions ['cmake', 'python']
[0.506s] Level 1:colcon.colcon_core.package_identification:_identify(src/m-explore-ros2) by extension 'cmake'
[0.506s] Level 1:colcon.colcon_core.package_identification:_identify(src/m-explore-ros2) by extension 'python'
[0.506s] Level 1:colcon.colcon_core.package_identification:_identify(src/m-explore-ros2) by extensions ['python_setup_py']
[0.506s] Level 1:colcon.colcon_core.package_identification:_identify(src/m-explore-ros2) by extension 'python_setup_py'
[0.507s] Level 1:colcon.colcon_core.package_identification:_identify(src/m-explore-ros2/explore) by extensions ['ignore', 'ignore_ament_install']
[0.507s] Level 1:colcon.colcon_core.package_identification:_identify(src/m-explore-ros2/explore) by extension 'ignore'
[0.507s] Level 1:colcon.colcon_core.package_identification:_identify(src/m-explore-ros2/explore) by extension 'ignore_ament_install'
[0.507s] Level 1:colcon.colcon_core.package_identification:_identify(src/m-explore-ros2/explore) by extensions ['colcon_pkg']
[0.507s] Level 1:colcon.colcon_core.package_identification:_identify(src/m-explore-ros2/explore) by extension 'colcon_pkg'
[0.507s] Level 1:colcon.colcon_core.package_identification:_identify(src/m-explore-ros2/explore) by extensions ['colcon_meta']
[0.507s] Level 1:colcon.colcon_core.package_identification:_identify(src/m-explore-ros2/explore) by extension 'colcon_meta'
[0.507s] Level 1:colcon.colcon_core.package_identification:_identify(src/m-explore-ros2/explore) by extensions ['ros']
[0.507s] Level 1:colcon.colcon_core.package_identification:_identify(src/m-explore-ros2/explore) by extension 'ros'
[0.514s] DEBUG:colcon.colcon_core.package_identification:Package 'src/m-explore-ros2/explore' with type 'ros.ament_cmake' and name 'explore_lite'
[0.514s] Level 1:colcon.colcon_core.package_identification:_identify(src/m-explore-ros2/map_merge) by extensions ['ignore', 'ignore_ament_install']
[0.514s] Level 1:colcon.colcon_core.package_identification:_identify(src/m-explore-ros2/map_merge) by extension 'ignore'
[0.514s] Level 1:colcon.colcon_core.package_identification:_identify(src/m-explore-ros2/map_merge) by extension 'ignore_ament_install'
[0.514s] Level 1:colcon.colcon_core.package_identification:_identify(src/m-explore-ros2/map_merge) by extensions ['colcon_pkg']
[0.514s] Level 1:colcon.colcon_core.package_identification:_identify(src/m-explore-ros2/map_merge) by extension 'colcon_pkg'
[0.514s] Level 1:colcon.colcon_core.package_identification:_identify(src/m-explore-ros2/map_merge) by extensions ['colcon_meta']
[0.514s] Level 1:colcon.colcon_core.package_identification:_identify(src/m-explore-ros2/map_merge) by extension 'colcon_meta'
[0.515s] Level 1:colcon.colcon_core.package_identification:_identify(src/m-explore-ros2/map_merge) by extensions ['ros']
[0.515s] Level 1:colcon.colcon_core.package_identification:_identify(src/m-explore-ros2/map_merge) by extension 'ros'
[0.517s] DEBUG:colcon.colcon_core.package_identification:Package 'src/m-explore-ros2/map_merge' with type 'ros.ament_cmake' and name 'multirobot_map_merge'
[0.517s] Level 1:colcon.colcon_core.package_identification:_identify(src/slam_gmapping) by extensions ['ignore', 'ignore_ament_install']
[0.517s] Level 1:colcon.colcon_core.package_identification:_identify(src/slam_gmapping) by extension 'ignore'
[0.517s] Level 1:colcon.colcon_core.package_identification:_identify(src/slam_gmapping) by extension 'ignore_ament_install'
[0.517s] Level 1:colcon.colcon_core.package_identification:_identify(src/slam_gmapping) by extensions ['colcon_pkg']
[0.517s] Level 1:colcon.colcon_core.package_identification:_identify(src/slam_gmapping) by extension 'colcon_pkg'
[0.517s] Level 1:colcon.colcon_core.package_identification:_identify(src/slam_gmapping) by extensions ['colcon_meta']
[0.517s] Level 1:colcon.colcon_core.package_identification:_identify(src/slam_gmapping) by extension 'colcon_meta'
[0.517s] Level 1:colcon.colcon_core.package_identification:_identify(src/slam_gmapping) by extensions ['ros']
[0.517s] Level 1:colcon.colcon_core.package_identification:_identify(src/slam_gmapping) by extension 'ros'
[0.518s] Level 1:colcon.colcon_core.package_identification:_identify(src/slam_gmapping) by extensions ['cmake', 'python']
[0.518s] Level 1:colcon.colcon_core.package_identification:_identify(src/slam_gmapping) by extension 'cmake'
[0.518s] Level 1:colcon.colcon_core.package_identification:_identify(src/slam_gmapping) by extension 'python'
[0.518s] Level 1:colcon.colcon_core.package_identification:_identify(src/slam_gmapping) by extensions ['python_setup_py']
[0.518s] Level 1:colcon.colcon_core.package_identification:_identify(src/slam_gmapping) by extension 'python_setup_py'
[0.518s] Level 1:colcon.colcon_core.package_identification:_identify(src/slam_gmapping/openslam_gmapping) by extensions ['ignore', 'ignore_ament_install']
[0.518s] Level 1:colcon.colcon_core.package_identification:_identify(src/slam_gmapping/openslam_gmapping) by extension 'ignore'
[0.518s] Level 1:colcon.colcon_core.package_identification:_identify(src/slam_gmapping/openslam_gmapping) by extension 'ignore_ament_install'
[0.518s] Level 1:colcon.colcon_core.package_identification:_identify(src/slam_gmapping/openslam_gmapping) by extensions ['colcon_pkg']
[0.518s] Level 1:colcon.colcon_core.package_identification:_identify(src/slam_gmapping/openslam_gmapping) by extension 'colcon_pkg'
[0.518s] Level 1:colcon.colcon_core.package_identification:_identify(src/slam_gmapping/openslam_gmapping) by extensions ['colcon_meta']
[0.519s] Level 1:colcon.colcon_core.package_identification:_identify(src/slam_gmapping/openslam_gmapping) by extension 'colcon_meta'
[0.519s] Level 1:colcon.colcon_core.package_identification:_identify(src/slam_gmapping/openslam_gmapping) by extensions ['ros']
[0.519s] Level 1:colcon.colcon_core.package_identification:_identify(src/slam_gmapping/openslam_gmapping) by extension 'ros'
[0.520s] DEBUG:colcon.colcon_core.package_identification:Package 'src/slam_gmapping/openslam_gmapping' with type 'ros.ament_cmake' and name 'openslam_gmapping'
[0.520s] Level 1:colcon.colcon_core.package_identification:_identify(src/slam_gmapping/slam_gmapping) by extensions ['ignore', 'ignore_ament_install']
[0.520s] Level 1:colcon.colcon_core.package_identification:_identify(src/slam_gmapping/slam_gmapping) by extension 'ignore'
[0.520s] Level 1:colcon.colcon_core.package_identification:_identify(src/slam_gmapping/slam_gmapping) by extension 'ignore_ament_install'
[0.520s] Level 1:colcon.colcon_core.package_identification:_identify(src/slam_gmapping/slam_gmapping) by extensions ['colcon_pkg']
[0.520s] Level 1:colcon.colcon_core.package_identification:_identify(src/slam_gmapping/slam_gmapping) by extension 'colcon_pkg'
[0.520s] Level 1:colcon.colcon_core.package_identification:_identify(src/slam_gmapping/slam_gmapping) by extensions ['colcon_meta']
[0.520s] Level 1:colcon.colcon_core.package_identification:_identify(src/slam_gmapping/slam_gmapping) by extension 'colcon_meta'
[0.520s] Level 1:colcon.colcon_core.package_identification:_identify(src/slam_gmapping/slam_gmapping) by extensions ['ros']
[0.521s] Level 1:colcon.colcon_core.package_identification:_identify(src/slam_gmapping/slam_gmapping) by extension 'ros'
[0.523s] DEBUG:colcon.colcon_core.package_identification:Package 'src/slam_gmapping/slam_gmapping' with type 'ros.ament_cmake' and name 'slam_gmapping'
[0.523s] Level 1:colcon.colcon_core.package_discovery:discover_packages(recursive) using defaults
[0.523s] Level 1:colcon.colcon_core.package_discovery:discover_packages(ignore) discover
[0.523s] Level 1:colcon.colcon_core.package_discovery:discover_packages(ignore) using defaults
[0.523s] Level 1:colcon.colcon_core.package_discovery:discover_packages(path) discover
[0.523s] Level 1:colcon.colcon_core.package_discovery:discover_packages(path) using defaults
[0.571s] Level 1:colcon.colcon_core.package_discovery:discover_packages(prefix_path) check parameters
[0.571s] Level 1:colcon.colcon_core.package_discovery:discover_packages(prefix_path) discover
[0.576s] DEBUG:colcon.colcon_installed_package_information.package_discovery:Found 345 installed packages in /opt/ros/humble
[0.579s] Level 1:colcon.colcon_core.package_discovery:discover_packages(prefix_path) using defaults
[0.656s] Level 5:colcon.colcon_core.verb:set package 'explore_lite' build argument 'cmake_args' from command line to 'None'
[0.656s] Level 5:colcon.colcon_core.verb:set package 'explore_lite' build argument 'cmake_target' from command line to 'None'
[0.657s] Level 5:colcon.colcon_core.verb:set package 'explore_lite' build argument 'cmake_target_skip_unavailable' from command line to 'False'
[0.657s] Level 5:colcon.colcon_core.verb:set package 'explore_lite' build argument 'cmake_clean_cache' from command line to 'False'
[0.657s] Level 5:colcon.colcon_core.verb:set package 'explore_lite' build argument 'cmake_clean_first' from command line to 'False'
[0.657s] Level 5:colcon.colcon_core.verb:set package 'explore_lite' build argument 'cmake_force_configure' from command line to 'False'
[0.657s] Level 5:colcon.colcon_core.verb:set package 'explore_lite' build argument 'ament_cmake_args' from command line to 'None'
[0.657s] Level 5:colcon.colcon_core.verb:set package 'explore_lite' build argument 'catkin_cmake_args' from command line to 'None'
[0.657s] Level 5:colcon.colcon_core.verb:set package 'explore_lite' build argument 'catkin_skip_building_tests' from command line to 'False'
[0.657s] DEBUG:colcon.colcon_core.verb:Building package 'explore_lite' with the following arguments: {'ament_cmake_args': None, 'build_base': '/home/joel-bansal/multi_bot_map_merging/bharat_ws4/build/explore_lite', 'catkin_cmake_args': None, 'catkin_skip_building_tests': False, 'cmake_args': None, 'cmake_clean_cache': False, 'cmake_clean_first': False, 'cmake_force_configure': False, 'cmake_target': None, 'cmake_target_skip_unavailable': False, 'install_base': '/home/joel-bansal/multi_bot_map_merging/bharat_ws4/install/explore_lite', 'merge_install': False, 'path': '/home/joel-bansal/multi_bot_map_merging/bharat_ws4/src/m-explore-ros2/explore', 'symlink_install': False, 'test_result_base': None}
[0.658s] Level 5:colcon.colcon_core.verb:set package 'multirobot_map_merge' build argument 'cmake_args' from command line to 'None'
[0.658s] Level 5:colcon.colcon_core.verb:set package 'multirobot_map_merge' build argument 'cmake_target' from command line to 'None'
[0.658s] Level 5:colcon.colcon_core.verb:set package 'multirobot_map_merge' build argument 'cmake_target_skip_unavailable' from command line to 'False'
[0.658s] Level 5:colcon.colcon_core.verb:set package 'multirobot_map_merge' build argument 'cmake_clean_cache' from command line to 'False'
[0.658s] Level 5:colcon.colcon_core.verb:set package 'multirobot_map_merge' build argument 'cmake_clean_first' from command line to 'False'
[0.658s] Level 5:colcon.colcon_core.verb:set package 'multirobot_map_merge' build argument 'cmake_force_configure' from command line to 'False'
[0.658s] Level 5:colcon.colcon_core.verb:set package 'multirobot_map_merge' build argument 'ament_cmake_args' from command line to 'None'
[0.658s] Level 5:colcon.colcon_core.verb:set package 'multirobot_map_merge' build argument 'catkin_cmake_args' from command line to 'None'
[0.658s] Level 5:colcon.colcon_core.verb:set package 'multirobot_map_merge' build argument 'catkin_skip_building_tests' from command line to 'False'
[0.658s] DEBUG:colcon.colcon_core.verb:Building package 'multirobot_map_merge' with the following arguments: {'ament_cmake_args': None, 'build_base': '/home/joel-bansal/multi_bot_map_merging/bharat_ws4/build/multirobot_map_merge', 'catkin_cmake_args': None, 'catkin_skip_building_tests': False, 'cmake_args': None, 'cmake_clean_cache': False, 'cmake_clean_first': False, 'cmake_force_configure': False, 'cmake_target': None, 'cmake_target_skip_unavailable': False, 'install_base': '/home/joel-bansal/multi_bot_map_merging/bharat_ws4/install/multirobot_map_merge', 'merge_install': False, 'path': '/home/joel-bansal/multi_bot_map_merging/bharat_ws4/src/m-explore-ros2/map_merge', 'symlink_install': False, 'test_result_base': None}
[0.658s] Level 5:colcon.colcon_core.verb:set package 'openslam_gmapping' build argument 'cmake_args' from command line to 'None'
[0.659s] Level 5:colcon.colcon_core.verb:set package 'openslam_gmapping' build argument 'cmake_target' from command line to 'None'
[0.659s] Level 5:colcon.colcon_core.verb:set package 'openslam_gmapping' build argument 'cmake_target_skip_unavailable' from command line to 'False'
[0.659s] Level 5:colcon.colcon_core.verb:set package 'openslam_gmapping' build argument 'cmake_clean_cache' from command line to 'False'
[0.659s] Level 5:colcon.colcon_core.verb:set package 'openslam_gmapping' build argument 'cmake_clean_first' from command line to 'False'
[0.659s] Level 5:colcon.colcon_core.verb:set package 'openslam_gmapping' build argument 'cmake_force_configure' from command line to 'False'
[0.659s] Level 5:colcon.colcon_core.verb:set package 'openslam_gmapping' build argument 'ament_cmake_args' from command line to 'None'
[0.659s] Level 5:colcon.colcon_core.verb:set package 'openslam_gmapping' build argument 'catkin_cmake_args' from command line to 'None'
[0.659s] Level 5:colcon.colcon_core.verb:set package 'openslam_gmapping' build argument 'catkin_skip_building_tests' from command line to 'False'
[0.659s] DEBUG:colcon.colcon_core.verb:Building package 'openslam_gmapping' with the following arguments: {'ament_cmake_args': None, 'build_base': '/home/joel-bansal/multi_bot_map_merging/bharat_ws4/build/openslam_gmapping', 'catkin_cmake_args': None, 'catkin_skip_building_tests': False, 'cmake_args': None, 'cmake_clean_cache': False, 'cmake_clean_first': False, 'cmake_force_configure': False, 'cmake_target': None, 'cmake_target_skip_unavailable': False, 'install_base': '/home/joel-bansal/multi_bot_map_merging/bharat_ws4/install/openslam_gmapping', 'merge_install': False, 'path': '/home/joel-bansal/multi_bot_map_merging/bharat_ws4/src/slam_gmapping/openslam_gmapping', 'symlink_install': False, 'test_result_base': None}
[0.659s] Level 5:colcon.colcon_core.verb:set package 'slam_gmapping' build argument 'cmake_args' from command line to 'None'
[0.660s] Level 5:colcon.colcon_core.verb:set package 'slam_gmapping' build argument 'cmake_target' from command line to 'None'
[0.660s] Level 5:colcon.colcon_core.verb:set package 'slam_gmapping' build argument 'cmake_target_skip_unavailable' from command line to 'False'
[0.660s] Level 5:colcon.colcon_core.verb:set package 'slam_gmapping' build argument 'cmake_clean_cache' from command line to 'False'
[0.660s] Level 5:colcon.colcon_core.verb:set package 'slam_gmapping' build argument 'cmake_clean_first' from command line to 'False'
[0.660s] Level 5:colcon.colcon_core.verb:set package 'slam_gmapping' build argument 'cmake_force_configure' from command line to 'False'
[0.660s] Level 5:colcon.colcon_core.verb:set package 'slam_gmapping' build argument 'ament_cmake_args' from command line to 'None'
[0.660s] Level 5:colcon.colcon_core.verb:set package 'slam_gmapping' build argument 'catkin_cmake_args' from command line to 'None'
[0.660s] Level 5:colcon.colcon_core.verb:set package 'slam_gmapping' build argument 'catkin_skip_building_tests' from command line to 'False'
[0.660s] DEBUG:colcon.colcon_core.verb:Building package 'slam_gmapping' with the following arguments: {'ament_cmake_args': None, 'build_base': '/home/joel-bansal/multi_bot_map_merging/bharat_ws4/build/slam_gmapping', 'catkin_cmake_args': None, 'catkin_skip_building_tests': False, 'cmake_args': None, 'cmake_clean_cache': False, 'cmake_clean_first': False, 'cmake_force_configure': False, 'cmake_target': None, 'cmake_target_skip_unavailable': False, 'install_base': '/home/joel-bansal/multi_bot_map_merging/bharat_ws4/install/slam_gmapping', 'merge_install': False, 'path': '/home/joel-bansal/multi_bot_map_merging/bharat_ws4/src/slam_gmapping/slam_gmapping', 'symlink_install': False, 'test_result_base': None}
[0.660s] INFO:colcon.colcon_core.executor:Executing jobs using 'parallel' executor
[0.662s] DEBUG:colcon.colcon_parallel_executor.executor.parallel:run_until_complete
[0.662s] INFO:colcon.colcon_ros.task.ament_cmake.build:Building ROS package in '/home/joel-bansal/multi_bot_map_merging/bharat_ws4/src/slam_gmapping/openslam_gmapping' with build type 'ament_cmake'
[0.662s] INFO:colcon.colcon_cmake.task.cmake.build:Building CMake package in '/home/joel-bansal/multi_bot_map_merging/bharat_ws4/src/slam_gmapping/openslam_gmapping'
[0.666s] INFO:colcon.colcon_core.plugin_system:Skipping extension 'colcon_core.shell.bat': Not used on non-Windows systems
[0.666s] INFO:colcon.colcon_core.shell:Skip shell extension 'powershell' for command environment: Not usable outside of PowerShell
[0.666s] DEBUG:colcon.colcon_core.shell:Skip shell extension 'dsv' for command environment
[0.672s] INFO:colcon.colcon_ros.task.ament_cmake.build:Building ROS package in '/home/joel-bansal/multi_bot_map_merging/bharat_ws4/src/m-explore-ros2/explore' with build type 'ament_cmake'
[0.672s] INFO:colcon.colcon_cmake.task.cmake.build:Building CMake package in '/home/joel-bansal/multi_bot_map_merging/bharat_ws4/src/m-explore-ros2/explore'
[0.672s] INFO:colcon.colcon_core.shell:Skip shell extension 'powershell' for command environment: Not usable outside of PowerShell
[0.673s] DEBUG:colcon.colcon_core.shell:Skip shell extension 'dsv' for command environment
[0.678s] INFO:colcon.colcon_ros.task.ament_cmake.build:Building ROS package in '/home/joel-bansal/multi_bot_map_merging/bharat_ws4/src/m-explore-ros2/map_merge' with build type 'ament_cmake'
[0.679s] INFO:colcon.colcon_cmake.task.cmake.build:Building CMake package in '/home/joel-bansal/multi_bot_map_merging/bharat_ws4/src/m-explore-ros2/map_merge'
[0.680s] INFO:colcon.colcon_core.shell:Skip shell extension 'powershell' for command environment: Not usable outside of PowerShell
[0.680s] DEBUG:colcon.colcon_core.shell:Skip shell extension 'dsv' for command environment
[0.695s] DEBUG:colcon.colcon_core.event_handler.log_command:Invoking command in '/home/joel-bansal/multi_bot_map_merging/bharat_ws4/build/openslam_gmapping': CMAKE_PREFIX_PATH=/opt/ros/humble /usr/bin/cmake --build /home/joel-bansal/multi_bot_map_merging/bharat_ws4/build/openslam_gmapping -- -j4 -l4
[0.701s] DEBUG:colcon.colcon_core.event_handler.log_command:Invoking command in '/home/joel-bansal/multi_bot_map_merging/bharat_ws4/build/explore_lite': CMAKE_PREFIX_PATH=/opt/ros/humble /usr/bin/cmake --build /home/joel-bansal/multi_bot_map_merging/bharat_ws4/build/explore_lite -- -j4 -l4
[0.712s] DEBUG:colcon.colcon_core.event_handler.log_command:Invoking command in '/home/joel-bansal/multi_bot_map_merging/bharat_ws4/build/multirobot_map_merge': CMAKE_PREFIX_PATH=/opt/ros/humble /usr/bin/cmake --build /home/joel-bansal/multi_bot_map_merging/bharat_ws4/build/multirobot_map_merge -- -j4 -l4
[1.039s] DEBUG:colcon.colcon_core.event_handler.log_command:Invoked command in '/home/joel-bansal/multi_bot_map_merging/bharat_ws4/build/explore_lite' returned '0': CMAKE_PREFIX_PATH=/opt/ros/humble /usr/bin/cmake --build /home/joel-bansal/multi_bot_map_merging/bharat_ws4/build/explore_lite -- -j4 -l4
[1.107s] DEBUG:colcon.colcon_core.event_handler.log_command:Invoked command in '/home/joel-bansal/multi_bot_map_merging/bharat_ws4/build/multirobot_map_merge' returned '0': CMAKE_PREFIX_PATH=/opt/ros/humble /usr/bin/cmake --build /home/joel-bansal/multi_bot_map_merging/bharat_ws4/build/multirobot_map_merge -- -j4 -l4
[1.135s] DEBUG:colcon.colcon_core.event_handler.log_command:Invoking command in '/home/joel-bansal/multi_bot_map_merging/bharat_ws4/build/explore_lite': CMAKE_PREFIX_PATH=/opt/ros/humble /usr/bin/cmake --install /home/joel-bansal/multi_bot_map_merging/bharat_ws4/build/explore_lite
[1.138s] DEBUG:colcon.colcon_core.event_handler.log_command:Invoked command in '/home/joel-bansal/multi_bot_map_merging/bharat_ws4/build/openslam_gmapping' returned '0': CMAKE_PREFIX_PATH=/opt/ros/humble /usr/bin/cmake --build /home/joel-bansal/multi_bot_map_merging/bharat_ws4/build/openslam_gmapping -- -j4 -l4
[1.162s] Level 1:colcon.colcon_core.environment:create_environment_scripts_only(explore_lite)
[1.164s] DEBUG:colcon.colcon_core.event_handler.log_command:Invoked command in '/home/joel-bansal/multi_bot_map_merging/bharat_ws4/build/explore_lite' returned '0': CMAKE_PREFIX_PATH=/opt/ros/humble /usr/bin/cmake --install /home/joel-bansal/multi_bot_map_merging/bharat_ws4/build/explore_lite
[1.169s] Level 1:colcon.colcon_core.environment:checking '/home/joel-bansal/multi_bot_map_merging/bharat_ws4/install/explore_lite' for CMake module files
[1.170s] Level 1:colcon.colcon_core.environment:checking '/home/joel-bansal/multi_bot_map_merging/bharat_ws4/install/explore_lite' for CMake config files
[1.171s] Level 1:colcon.colcon_core.shell:create_environment_hook('explore_lite', 'cmake_prefix_path')
[1.172s] INFO:colcon.colcon_core.shell:Creating environment hook '/home/joel-bansal/multi_bot_map_merging/bharat_ws4/install/explore_lite/share/explore_lite/hook/cmake_prefix_path.ps1'
[1.173s] INFO:colcon.colcon_core.shell:Creating environment descriptor '/home/joel-bansal/multi_bot_map_merging/bharat_ws4/install/explore_lite/share/explore_lite/hook/cmake_prefix_path.dsv'
[1.174s] INFO:colcon.colcon_core.shell:Creating environment hook '/home/joel-bansal/multi_bot_map_merging/bharat_ws4/install/explore_lite/share/explore_lite/hook/cmake_prefix_path.sh'
[1.176s] Level 1:colcon.colcon_core.environment:checking '/home/joel-bansal/multi_bot_map_merging/bharat_ws4/install/explore_lite/lib'
[1.177s] Level 1:colcon.colcon_core.environment:checking '/home/joel-bansal/multi_bot_map_merging/bharat_ws4/install/explore_lite/bin'
[1.177s] Level 1:colcon.colcon_core.environment:checking '/home/joel-bansal/multi_bot_map_merging/bharat_ws4/install/explore_lite/lib/pkgconfig/explore_lite.pc'
[1.177s] Level 1:colcon.colcon_core.environment:checking '/home/joel-bansal/multi_bot_map_merging/bharat_ws4/install/explore_lite/lib/python3.10/site-packages'
[1.178s] Level 1:colcon.colcon_core.environment:checking '/home/joel-bansal/multi_bot_map_merging/bharat_ws4/install/explore_lite/bin'
[1.178s] INFO:colcon.colcon_core.shell:Creating package script '/home/joel-bansal/multi_bot_map_merging/bharat_ws4/install/explore_lite/share/explore_lite/package.ps1'
[1.180s] INFO:colcon.colcon_core.shell:Creating package descriptor '/home/joel-bansal/multi_bot_map_merging/bharat_ws4/install/explore_lite/share/explore_lite/package.dsv'
[1.181s] INFO:colcon.colcon_core.shell:Creating package script '/home/joel-bansal/multi_bot_map_merging/bharat_ws4/install/explore_lite/share/explore_lite/package.sh'
[1.182s] INFO:colcon.colcon_core.shell:Creating package script '/home/joel-bansal/multi_bot_map_merging/bharat_ws4/install/explore_lite/share/explore_lite/package.bash'
[1.184s] INFO:colcon.colcon_core.shell:Creating package script '/home/joel-bansal/multi_bot_map_merging/bharat_ws4/install/explore_lite/share/explore_lite/package.zsh'
[1.186s] Level 1:colcon.colcon_core.environment:create_file_with_runtime_dependencies(/home/joel-bansal/multi_bot_map_merging/bharat_ws4/install/explore_lite/share/colcon-core/packages/explore_lite)
[1.204s] DEBUG:colcon.colcon_core.event_handler.log_command:Invoking command in '/home/joel-bansal/multi_bot_map_merging/bharat_ws4/build/multirobot_map_merge': CMAKE_PREFIX_PATH=/opt/ros/humble /usr/bin/cmake --install /home/joel-bansal/multi_bot_map_merging/bharat_ws4/build/multirobot_map_merge
[1.210s] DEBUG:colcon.colcon_core.event_handler.log_command:Invoking command in '/home/joel-bansal/multi_bot_map_merging/bharat_ws4/build/openslam_gmapping': CMAKE_PREFIX_PATH=/opt/ros/humble /usr/bin/cmake --install /home/joel-bansal/multi_bot_map_merging/bharat_ws4/build/openslam_gmapping
[1.238s] Level 1:colcon.colcon_core.environment:create_environment_scripts_only(multirobot_map_merge)
[1.239s] Level 1:colcon.colcon_core.environment:checking '/home/joel-bansal/multi_bot_map_merging/bharat_ws4/install/multirobot_map_merge' for CMake module files
[1.246s] Level 1:colcon.colcon_core.environment:checking '/home/joel-bansal/multi_bot_map_merging/bharat_ws4/install/multirobot_map_merge' for CMake config files
[1.262s] DEBUG:colcon.colcon_core.event_handler.log_command:Invoked command in '/home/joel-bansal/multi_bot_map_merging/bharat_ws4/build/multirobot_map_merge' returned '0': CMAKE_PREFIX_PATH=/opt/ros/humble /usr/bin/cmake --install /home/joel-bansal/multi_bot_map_merging/bharat_ws4/build/multirobot_map_merge
[1.263s] Level 1:colcon.colcon_core.shell:create_environment_hook('multirobot_map_merge', 'cmake_prefix_path')
[1.263s] INFO:colcon.colcon_core.shell:Creating environment hook '/home/joel-bansal/multi_bot_map_merging/bharat_ws4/install/multirobot_map_merge/share/multirobot_map_merge/hook/cmake_prefix_path.ps1'
[1.264s] INFO:colcon.colcon_core.shell:Creating environment descriptor '/home/joel-bansal/multi_bot_map_merging/bharat_ws4/install/multirobot_map_merge/share/multirobot_map_merge/hook/cmake_prefix_path.dsv'
[1.265s] INFO:colcon.colcon_core.shell:Creating environment hook '/home/joel-bansal/multi_bot_map_merging/bharat_ws4/install/multirobot_map_merge/share/multirobot_map_merge/hook/cmake_prefix_path.sh'
[1.267s] Level 1:colcon.colcon_core.environment:checking '/home/joel-bansal/multi_bot_map_merging/bharat_ws4/install/multirobot_map_merge/lib'
[1.267s] Level 1:colcon.colcon_core.environment:checking '/home/joel-bansal/multi_bot_map_merging/bharat_ws4/install/multirobot_map_merge/bin'
[1.267s] Level 1:colcon.colcon_core.environment:checking '/home/joel-bansal/multi_bot_map_merging/bharat_ws4/install/multirobot_map_merge/lib/pkgconfig/multirobot_map_merge.pc'
[1.267s] Level 1:colcon.colcon_core.environment:checking '/home/joel-bansal/multi_bot_map_merging/bharat_ws4/install/multirobot_map_merge/lib/python3.10/site-packages'
[1.268s] Level 1:colcon.colcon_core.environment:checking '/home/joel-bansal/multi_bot_map_merging/bharat_ws4/install/multirobot_map_merge/bin'
[1.268s] INFO:colcon.colcon_core.shell:Creating package script '/home/joel-bansal/multi_bot_map_merging/bharat_ws4/install/multirobot_map_merge/share/multirobot_map_merge/package.ps1'
[1.269s] INFO:colcon.colcon_core.shell:Creating package descriptor '/home/joel-bansal/multi_bot_map_merging/bharat_ws4/install/multirobot_map_merge/share/multirobot_map_merge/package.dsv'
[1.270s] INFO:colcon.colcon_core.shell:Creating package script '/home/joel-bansal/multi_bot_map_merging/bharat_ws4/install/multirobot_map_merge/share/multirobot_map_merge/package.sh'
[1.270s] INFO:colcon.colcon_core.shell:Creating package script '/home/joel-bansal/multi_bot_map_merging/bharat_ws4/install/multirobot_map_merge/share/multirobot_map_merge/package.bash'
[1.271s] INFO:colcon.colcon_core.shell:Creating package script '/home/joel-bansal/multi_bot_map_merging/bharat_ws4/install/multirobot_map_merge/share/multirobot_map_merge/package.zsh'
[1.272s] Level 1:colcon.colcon_core.environment:create_file_with_runtime_dependencies(/home/joel-bansal/multi_bot_map_merging/bharat_ws4/install/multirobot_map_merge/share/colcon-core/packages/multirobot_map_merge)
[1.274s] Level 1:colcon.colcon_core.environment:create_environment_scripts_only(explore_lite)
[1.275s] Level 1:colcon.colcon_core.environment:checking '/home/joel-bansal/multi_bot_map_merging/bharat_ws4/install/explore_lite' for CMake module files
[1.276s] Level 1:colcon.colcon_core.environment:checking '/home/joel-bansal/multi_bot_map_merging/bharat_ws4/install/explore_lite' for CMake config files
[1.277s] Level 1:colcon.colcon_core.shell:create_environment_hook('explore_lite', 'cmake_prefix_path')
[1.277s] INFO:colcon.colcon_core.shell:Creating environment hook '/home/joel-bansal/multi_bot_map_merging/bharat_ws4/install/explore_lite/share/explore_lite/hook/cmake_prefix_path.ps1'
[1.278s] INFO:colcon.colcon_core.shell:Creating environment descriptor '/home/joel-bansal/multi_bot_map_merging/bharat_ws4/install/explore_lite/share/explore_lite/hook/cmake_prefix_path.dsv'
[1.278s] INFO:colcon.colcon_core.shell:Creating environment hook '/home/joel-bansal/multi_bot_map_merging/bharat_ws4/install/explore_lite/share/explore_lite/hook/cmake_prefix_path.sh'
[1.279s] Level 1:colcon.colcon_core.environment:checking '/home/joel-bansal/multi_bot_map_merging/bharat_ws4/install/explore_lite/lib'
[1.279s] Level 1:colcon.colcon_core.environment:checking '/home/joel-bansal/multi_bot_map_merging/bharat_ws4/install/explore_lite/bin'
[1.280s] Level 1:colcon.colcon_core.environment:checking '/home/joel-bansal/multi_bot_map_merging/bharat_ws4/install/explore_lite/lib/pkgconfig/explore_lite.pc'
[1.280s] Level 1:colcon.colcon_core.environment:checking '/home/joel-bansal/multi_bot_map_merging/bharat_ws4/install/explore_lite/lib/python3.10/site-packages'
[1.280s] Level 1:colcon.colcon_core.environment:checking '/home/joel-bansal/multi_bot_map_merging/bharat_ws4/install/explore_lite/bin'
[1.281s] INFO:colcon.colcon_core.shell:Creating package script '/home/joel-bansal/multi_bot_map_merging/bharat_ws4/install/explore_lite/share/explore_lite/package.ps1'
[1.282s] INFO:colcon.colcon_core.shell:Creating package descriptor '/home/joel-bansal/multi_bot_map_merging/bharat_ws4/install/explore_lite/share/explore_lite/package.dsv'
[1.283s] INFO:colcon.colcon_core.shell:Creating package script '/home/joel-bansal/multi_bot_map_merging/bharat_ws4/install/explore_lite/share/explore_lite/package.sh'
[1.283s] INFO:colcon.colcon_core.shell:Creating package script '/home/joel-bansal/multi_bot_map_merging/bharat_ws4/install/explore_lite/share/explore_lite/package.bash'
[1.284s] INFO:colcon.colcon_core.shell:Creating package script '/home/joel-bansal/multi_bot_map_merging/bharat_ws4/install/explore_lite/share/explore_lite/package.zsh'
[1.285s] Level 1:colcon.colcon_core.environment:create_file_with_runtime_dependencies(/home/joel-bansal/multi_bot_map_merging/bharat_ws4/install/explore_lite/share/colcon-core/packages/explore_lite)
[1.287s] Level 1:colcon.colcon_core.environment:create_environment_scripts_only(openslam_gmapping)
[1.288s] Level 1:colcon.colcon_core.environment:checking '/home/joel-bansal/multi_bot_map_merging/bharat_ws4/install/openslam_gmapping' for CMake module files
[1.290s] DEBUG:colcon.colcon_core.event_handler.log_command:Invoked command in '/home/joel-bansal/multi_bot_map_merging/bharat_ws4/build/openslam_gmapping' returned '0': CMAKE_PREFIX_PATH=/opt/ros/humble /usr/bin/cmake --install /home/joel-bansal/multi_bot_map_merging/bharat_ws4/build/openslam_gmapping
[1.290s] Level 1:colcon.colcon_core.environment:checking '/home/joel-bansal/multi_bot_map_merging/bharat_ws4/install/openslam_gmapping' for CMake config files
[1.291s] Level 1:colcon.colcon_core.shell:create_environment_hook('openslam_gmapping', 'cmake_prefix_path')
[1.292s] INFO:colcon.colcon_core.shell:Creating environment hook '/home/joel-bansal/multi_bot_map_merging/bharat_ws4/install/openslam_gmapping/share/openslam_gmapping/hook/cmake_prefix_path.ps1'
[1.293s] INFO:colcon.colcon_core.shell:Creating environment descriptor '/home/joel-bansal/multi_bot_map_merging/bharat_ws4/install/openslam_gmapping/share/openslam_gmapping/hook/cmake_prefix_path.dsv'
[1.294s] INFO:colcon.colcon_core.shell:Creating environment hook '/home/joel-bansal/multi_bot_map_merging/bharat_ws4/install/openslam_gmapping/share/openslam_gmapping/hook/cmake_prefix_path.sh'
[1.295s] Level 1:colcon.colcon_core.environment:checking '/home/joel-bansal/multi_bot_map_merging/bharat_ws4/install/openslam_gmapping/lib'
[1.295s] Level 1:colcon.colcon_core.environment:checking '/home/joel-bansal/multi_bot_map_merging/bharat_ws4/install/openslam_gmapping/bin'
[1.296s] Level 1:colcon.colcon_core.environment:checking '/home/joel-bansal/multi_bot_map_merging/bharat_ws4/install/openslam_gmapping/lib/pkgconfig/openslam_gmapping.pc'
[1.296s] Level 1:colcon.colcon_core.environment:checking '/home/joel-bansal/multi_bot_map_merging/bharat_ws4/install/openslam_gmapping/lib/python3.10/site-packages'
[1.296s] Level 1:colcon.colcon_core.environment:checking '/home/joel-bansal/multi_bot_map_merging/bharat_ws4/install/openslam_gmapping/bin'
[1.297s] INFO:colcon.colcon_core.shell:Creating package script '/home/joel-bansal/multi_bot_map_merging/bharat_ws4/install/openslam_gmapping/share/openslam_gmapping/package.ps1'
[1.298s] INFO:colcon.colcon_core.shell:Creating package descriptor '/home/joel-bansal/multi_bot_map_merging/bharat_ws4/install/openslam_gmapping/share/openslam_gmapping/package.dsv'
[1.299s] INFO:colcon.colcon_core.shell:Creating package script '/home/joel-bansal/multi_bot_map_merging/bharat_ws4/install/openslam_gmapping/share/openslam_gmapping/package.sh'
[1.300s] INFO:colcon.colcon_core.shell:Creating package script '/home/joel-bansal/multi_bot_map_merging/bharat_ws4/install/openslam_gmapping/share/openslam_gmapping/package.bash'
[1.301s] INFO:colcon.colcon_core.shell:Creating package script '/home/joel-bansal/multi_bot_map_merging/bharat_ws4/install/openslam_gmapping/share/openslam_gmapping/package.zsh'
[1.301s] Level 1:colcon.colcon_core.environment:create_file_with_runtime_dependencies(/home/joel-bansal/multi_bot_map_merging/bharat_ws4/install/openslam_gmapping/share/colcon-core/packages/openslam_gmapping)
[1.349s] Level 1:colcon.colcon_core.environment:create_environment_scripts_only(multirobot_map_merge)
[1.349s] Level 1:colcon.colcon_core.environment:checking '/home/joel-bansal/multi_bot_map_merging/bharat_ws4/install/multirobot_map_merge' for CMake module files
[1.350s] Level 1:colcon.colcon_core.environment:checking '/home/joel-bansal/multi_bot_map_merging/bharat_ws4/install/multirobot_map_merge' for CMake config files
[1.351s] Level 1:colcon.colcon_core.shell:create_environment_hook('multirobot_map_merge', 'cmake_prefix_path')
[1.351s] INFO:colcon.colcon_core.shell:Creating environment hook '/home/joel-bansal/multi_bot_map_merging/bharat_ws4/install/multirobot_map_merge/share/multirobot_map_merge/hook/cmake_prefix_path.ps1'
[1.352s] INFO:colcon.colcon_core.shell:Creating environment descriptor '/home/joel-bansal/multi_bot_map_merging/bharat_ws4/install/multirobot_map_merge/share/multirobot_map_merge/hook/cmake_prefix_path.dsv'
[1.353s] INFO:colcon.colcon_core.shell:Creating environment hook '/home/joel-bansal/multi_bot_map_merging/bharat_ws4/install/multirobot_map_merge/share/multirobot_map_merge/hook/cmake_prefix_path.sh'
[1.354s] Level 1:colcon.colcon_core.environment:checking '/home/joel-bansal/multi_bot_map_merging/bharat_ws4/install/multirobot_map_merge/lib'
[1.354s] Level 1:colcon.colcon_core.environment:checking '/home/joel-bansal/multi_bot_map_merging/bharat_ws4/install/multirobot_map_merge/bin'
[1.354s] Level 1:colcon.colcon_core.environment:checking '/home/joel-bansal/multi_bot_map_merging/bharat_ws4/install/multirobot_map_merge/lib/pkgconfig/multirobot_map_merge.pc'
[1.354s] Level 1:colcon.colcon_core.environment:checking '/home/joel-bansal/multi_bot_map_merging/bharat_ws4/install/multirobot_map_merge/lib/python3.10/site-packages'
[1.355s] Level 1:colcon.colcon_core.environment:checking '/home/joel-bansal/multi_bot_map_merging/bharat_ws4/install/multirobot_map_merge/bin'
[1.355s] INFO:colcon.colcon_core.shell:Creating package script '/home/joel-bansal/multi_bot_map_merging/bharat_ws4/install/multirobot_map_merge/share/multirobot_map_merge/package.ps1'
[1.356s] INFO:colcon.colcon_core.shell:Creating package descriptor '/home/joel-bansal/multi_bot_map_merging/bharat_ws4/install/multirobot_map_merge/share/multirobot_map_merge/package.dsv'
[1.357s] INFO:colcon.colcon_core.shell:Creating package script '/home/joel-bansal/multi_bot_map_merging/bharat_ws4/install/multirobot_map_merge/share/multirobot_map_merge/package.sh'
[1.358s] INFO:colcon.colcon_core.shell:Creating package script '/home/joel-bansal/multi_bot_map_merging/bharat_ws4/install/multirobot_map_merge/share/multirobot_map_merge/package.bash'
[1.358s] INFO:colcon.colcon_core.shell:Creating package script '/home/joel-bansal/multi_bot_map_merging/bharat_ws4/install/multirobot_map_merge/share/multirobot_map_merge/package.zsh'
[1.359s] Level 1:colcon.colcon_core.environment:create_file_with_runtime_dependencies(/home/joel-bansal/multi_bot_map_merging/bharat_ws4/install/multirobot_map_merge/share/colcon-core/packages/multirobot_map_merge)
[1.360s] Level 1:colcon.colcon_core.environment:create_environment_scripts_only(openslam_gmapping)
[1.361s] Level 1:colcon.colcon_core.environment:checking '/home/joel-bansal/multi_bot_map_merging/bharat_ws4/install/openslam_gmapping' for CMake module files
[1.362s] Level 1:colcon.colcon_core.environment:checking '/home/joel-bansal/multi_bot_map_merging/bharat_ws4/install/openslam_gmapping' for CMake config files
[1.363s] Level 1:colcon.colcon_core.shell:create_environment_hook('openslam_gmapping', 'cmake_prefix_path')
[1.363s] INFO:colcon.colcon_core.shell:Creating environment hook '/home/joel-bansal/multi_bot_map_merging/bharat_ws4/install/openslam_gmapping/share/openslam_gmapping/hook/cmake_prefix_path.ps1'
[1.364s] INFO:colcon.colcon_core.shell:Creating environment descriptor '/home/joel-bansal/multi_bot_map_merging/bharat_ws4/install/openslam_gmapping/share/openslam_gmapping/hook/cmake_prefix_path.dsv'
[1.365s] INFO:colcon.colcon_core.shell:Creating environment hook '/home/joel-bansal/multi_bot_map_merging/bharat_ws4/install/openslam_gmapping/share/openslam_gmapping/hook/cmake_prefix_path.sh'
[1.366s] Level 1:colcon.colcon_core.environment:checking '/home/joel-bansal/multi_bot_map_merging/bharat_ws4/install/openslam_gmapping/lib'
[1.366s] Level 1:colcon.colcon_core.environment:checking '/home/joel-bansal/multi_bot_map_merging/bharat_ws4/install/openslam_gmapping/bin'
[1.366s] Level 1:colcon.colcon_core.environment:checking '/home/joel-bansal/multi_bot_map_merging/bharat_ws4/install/openslam_gmapping/lib/pkgconfig/openslam_gmapping.pc'
[1.366s] Level 1:colcon.colcon_core.environment:checking '/home/joel-bansal/multi_bot_map_merging/bharat_ws4/install/openslam_gmapping/lib/python3.10/site-packages'
[1.367s] Level 1:colcon.colcon_core.environment:checking '/home/joel-bansal/multi_bot_map_merging/bharat_ws4/install/openslam_gmapping/bin'
[1.367s] INFO:colcon.colcon_core.shell:Creating package script '/home/joel-bansal/multi_bot_map_merging/bharat_ws4/install/openslam_gmapping/share/openslam_gmapping/package.ps1'
[1.368s] INFO:colcon.colcon_core.shell:Creating package descriptor '/home/joel-bansal/multi_bot_map_merging/bharat_ws4/install/openslam_gmapping/share/openslam_gmapping/package.dsv'
[1.369s] INFO:colcon.colcon_core.shell:Creating package script '/home/joel-bansal/multi_bot_map_merging/bharat_ws4/install/openslam_gmapping/share/openslam_gmapping/package.sh'
[1.370s] INFO:colcon.colcon_core.shell:Creating package script '/home/joel-bansal/multi_bot_map_merging/bharat_ws4/install/openslam_gmapping/share/openslam_gmapping/package.bash'
[1.370s] INFO:colcon.colcon_core.shell:Creating package script '/home/joel-bansal/multi_bot_map_merging/bharat_ws4/install/openslam_gmapping/share/openslam_gmapping/package.zsh'
[1.371s] Level 1:colcon.colcon_core.environment:create_file_with_runtime_dependencies(/home/joel-bansal/multi_bot_map_merging/bharat_ws4/install/openslam_gmapping/share/colcon-core/packages/openslam_gmapping)
[1.372s] INFO:colcon.colcon_ros.task.ament_cmake.build:Building ROS package in '/home/joel-bansal/multi_bot_map_merging/bharat_ws4/src/slam_gmapping/slam_gmapping' with build type 'ament_cmake'
[1.372s] INFO:colcon.colcon_cmake.task.cmake.build:Building CMake package in '/home/joel-bansal/multi_bot_map_merging/bharat_ws4/src/slam_gmapping/slam_gmapping'
[1.372s] INFO:colcon.colcon_core.shell:Skip shell extension 'powershell' for command environment: Not usable outside of PowerShell
[1.372s] DEBUG:colcon.colcon_core.shell:Skip shell extension 'dsv' for command environment
[1.391s] DEBUG:colcon.colcon_core.event_handler.log_command:Invoking command in '/home/joel-bansal/multi_bot_map_merging/bharat_ws4/build/slam_gmapping': AMENT_PREFIX_PATH=/home/joel-bansal/multi_bot_map_merging/bharat_ws4/install/openslam_gmapping:${AMENT_PREFIX_PATH} CMAKE_PREFIX_PATH=/home/joel-bansal/multi_bot_map_merging/bharat_ws4/install/openslam_gmapping:/opt/ros/humble LD_LIBRARY_PATH=/home/joel-bansal/multi_bot_map_merging/bharat_ws4/install/openslam_gmapping/lib:${LD_LIBRARY_PATH} /usr/bin/cmake --build /home/joel-bansal/multi_bot_map_merging/bharat_ws4/build/slam_gmapping -- -j4 -l4
[1.524s] DEBUG:colcon.colcon_core.event_handler.log_command:Invoked command in '/home/joel-bansal/multi_bot_map_merging/bharat_ws4/build/slam_gmapping' returned '0': AMENT_PREFIX_PATH=/home/joel-bansal/multi_bot_map_merging/bharat_ws4/install/openslam_gmapping:${AMENT_PREFIX_PATH} CMAKE_PREFIX_PATH=/home/joel-bansal/multi_bot_map_merging/bharat_ws4/install/openslam_gmapping:/opt/ros/humble LD_LIBRARY_PATH=/home/joel-bansal/multi_bot_map_merging/bharat_ws4/install/openslam_gmapping/lib:${LD_LIBRARY_PATH} /usr/bin/cmake --build /home/joel-bansal/multi_bot_map_merging/bharat_ws4/build/slam_gmapping -- -j4 -l4
[1.572s] DEBUG:colcon.colcon_core.event_handler.log_command:Invoking command in '/home/joel-bansal/multi_bot_map_merging/bharat_ws4/build/slam_gmapping': AMENT_PREFIX_PATH=/home/joel-bansal/multi_bot_map_merging/bharat_ws4/install/openslam_gmapping:${AMENT_PREFIX_PATH} CMAKE_PREFIX_PATH=/home/joel-bansal/multi_bot_map_merging/bharat_ws4/install/openslam_gmapping:/opt/ros/humble LD_LIBRARY_PATH=/home/joel-bansal/multi_bot_map_merging/bharat_ws4/install/openslam_gmapping/lib:${LD_LIBRARY_PATH} /usr/bin/cmake --install /home/joel-bansal/multi_bot_map_merging/bharat_ws4/build/slam_gmapping
[1.592s] Level 1:colcon.colcon_core.environment:create_environment_scripts_only(slam_gmapping)
[1.592s] Level 1:colcon.colcon_core.environment:checking '/home/joel-bansal/multi_bot_map_merging/bharat_ws4/install/slam_gmapping' for CMake module files
[1.594s] DEBUG:colcon.colcon_core.event_handler.log_command:Invoked command in '/home/joel-bansal/multi_bot_map_merging/bharat_ws4/build/slam_gmapping' returned '0': AMENT_PREFIX_PATH=/home/joel-bansal/multi_bot_map_merging/bharat_ws4/install/openslam_gmapping:${AMENT_PREFIX_PATH} CMAKE_PREFIX_PATH=/home/joel-bansal/multi_bot_map_merging/bharat_ws4/install/openslam_gmapping:/opt/ros/humble LD_LIBRARY_PATH=/home/joel-bansal/multi_bot_map_merging/bharat_ws4/install/openslam_gmapping/lib:${LD_LIBRARY_PATH} /usr/bin/cmake --install /home/joel-bansal/multi_bot_map_merging/bharat_ws4/build/slam_gmapping
[1.595s] Level 1:colcon.colcon_core.environment:checking '/home/joel-bansal/multi_bot_map_merging/bharat_ws4/install/slam_gmapping' for CMake config files
[1.595s] Level 1:colcon.colcon_core.shell:create_environment_hook('slam_gmapping', 'cmake_prefix_path')
[1.596s] INFO:colcon.colcon_core.shell:Creating environment hook '/home/joel-bansal/multi_bot_map_merging/bharat_ws4/install/slam_gmapping/share/slam_gmapping/hook/cmake_prefix_path.ps1'
[1.597s] INFO:colcon.colcon_core.shell:Creating environment descriptor '/home/joel-bansal/multi_bot_map_merging/bharat_ws4/install/slam_gmapping/share/slam_gmapping/hook/cmake_prefix_path.dsv'
[1.597s] INFO:colcon.colcon_core.shell:Creating environment hook '/home/joel-bansal/multi_bot_map_merging/bharat_ws4/install/slam_gmapping/share/slam_gmapping/hook/cmake_prefix_path.sh'
[1.599s] Level 1:colcon.colcon_core.environment:checking '/home/joel-bansal/multi_bot_map_merging/bharat_ws4/install/slam_gmapping/lib'
[1.599s] Level 1:colcon.colcon_core.environment:checking '/home/joel-bansal/multi_bot_map_merging/bharat_ws4/install/slam_gmapping/bin'
[1.599s] Level 1:colcon.colcon_core.environment:checking '/home/joel-bansal/multi_bot_map_merging/bharat_ws4/install/slam_gmapping/lib/pkgconfig/slam_gmapping.pc'
[1.599s] Level 1:colcon.colcon_core.environment:checking '/home/joel-bansal/multi_bot_map_merging/bharat_ws4/install/slam_gmapping/lib/python3.10/site-packages'
[1.600s] Level 1:colcon.colcon_core.environment:checking '/home/joel-bansal/multi_bot_map_merging/bharat_ws4/install/slam_gmapping/bin'
[1.600s] INFO:colcon.colcon_core.shell:Creating package script '/home/joel-bansal/multi_bot_map_merging/bharat_ws4/install/slam_gmapping/share/slam_gmapping/package.ps1'
[1.601s] INFO:colcon.colcon_core.shell:Creating package descriptor '/home/joel-bansal/multi_bot_map_merging/bharat_ws4/install/slam_gmapping/share/slam_gmapping/package.dsv'
[1.602s] INFO:colcon.colcon_core.shell:Creating package script '/home/joel-bansal/multi_bot_map_merging/bharat_ws4/install/slam_gmapping/share/slam_gmapping/package.sh'
[1.603s] INFO:colcon.colcon_core.shell:Creating package script '/home/joel-bansal/multi_bot_map_merging/bharat_ws4/install/slam_gmapping/share/slam_gmapping/package.bash'
[1.603s] INFO:colcon.colcon_core.shell:Creating package script '/home/joel-bansal/multi_bot_map_merging/bharat_ws4/install/slam_gmapping/share/slam_gmapping/package.zsh'
[1.604s] Level 1:colcon.colcon_core.environment:create_file_with_runtime_dependencies(/home/joel-bansal/multi_bot_map_merging/bharat_ws4/install/slam_gmapping/share/colcon-core/packages/slam_gmapping)
[1.651s] Level 1:colcon.colcon_core.environment:create_environment_scripts_only(slam_gmapping)
[1.652s] Level 1:colcon.colcon_core.environment:checking '/home/joel-bansal/multi_bot_map_merging/bharat_ws4/install/slam_gmapping' for CMake module files
[1.653s] Level 1:colcon.colcon_core.environment:checking '/home/joel-bansal/multi_bot_map_merging/bharat_ws4/install/slam_gmapping' for CMake config files
[1.653s] Level 1:colcon.colcon_core.shell:create_environment_hook('slam_gmapping', 'cmake_prefix_path')
[1.653s] INFO:colcon.colcon_core.shell:Creating environment hook '/home/joel-bansal/multi_bot_map_merging/bharat_ws4/install/slam_gmapping/share/slam_gmapping/hook/cmake_prefix_path.ps1'
[1.654s] INFO:colcon.colcon_core.shell:Creating environment descriptor '/home/joel-bansal/multi_bot_map_merging/bharat_ws4/install/slam_gmapping/share/slam_gmapping/hook/cmake_prefix_path.dsv'
[1.655s] INFO:colcon.colcon_core.shell:Creating environment hook '/home/joel-bansal/multi_bot_map_merging/bharat_ws4/install/slam_gmapping/share/slam_gmapping/hook/cmake_prefix_path.sh'
[1.655s] Level 1:colcon.colcon_core.environment:checking '/home/joel-bansal/multi_bot_map_merging/bharat_ws4/install/slam_gmapping/lib'
[1.656s] Level 1:colcon.colcon_core.environment:checking '/home/joel-bansal/multi_bot_map_merging/bharat_ws4/install/slam_gmapping/bin'
[1.656s] Level 1:colcon.colcon_core.environment:checking '/home/joel-bansal/multi_bot_map_merging/bharat_ws4/install/slam_gmapping/lib/pkgconfig/slam_gmapping.pc'
[1.656s] Level 1:colcon.colcon_core.environment:checking '/home/joel-bansal/multi_bot_map_merging/bharat_ws4/install/slam_gmapping/lib/python3.10/site-packages'
[1.656s] Level 1:colcon.colcon_core.environment:checking '/home/joel-bansal/multi_bot_map_merging/bharat_ws4/install/slam_gmapping/bin'
[1.657s] INFO:colcon.colcon_core.shell:Creating package script '/home/joel-bansal/multi_bot_map_merging/bharat_ws4/install/slam_gmapping/share/slam_gmapping/package.ps1'
[1.659s] INFO:colcon.colcon_core.shell:Creating package descriptor '/home/joel-bansal/multi_bot_map_merging/bharat_ws4/install/slam_gmapping/share/slam_gmapping/package.dsv'
[1.660s] INFO:colcon.colcon_core.shell:Creating package script '/home/joel-bansal/multi_bot_map_merging/bharat_ws4/install/slam_gmapping/share/slam_gmapping/package.sh'
[1.661s] INFO:colcon.colcon_core.shell:Creating package script '/home/joel-bansal/multi_bot_map_merging/bharat_ws4/install/slam_gmapping/share/slam_gmapping/package.bash'
[1.662s] INFO:colcon.colcon_core.shell:Creating package script '/home/joel-bansal/multi_bot_map_merging/bharat_ws4/install/slam_gmapping/share/slam_gmapping/package.zsh'
[1.662s] Level 1:colcon.colcon_core.environment:create_file_with_runtime_dependencies(/home/joel-bansal/multi_bot_map_merging/bharat_ws4/install/slam_gmapping/share/colcon-core/packages/slam_gmapping)
[1.663s] DEBUG:colcon.colcon_parallel_executor.executor.parallel:closing loop
[1.663s] DEBUG:colcon.colcon_parallel_executor.executor.parallel:loop closed
[1.664s] DEBUG:colcon.colcon_parallel_executor.executor.parallel:run_until_complete finished with '0'
[1.664s] DEBUG:colcon.colcon_core.event_reactor:joining thread
[1.673s] INFO:colcon.colcon_core.plugin_system:Skipping extension 'colcon_notification.desktop_notification.terminal_notifier': Not used on non-Darwin systems
[1.674s] INFO:colcon.colcon_core.plugin_system:Skipping extension 'colcon_notification.desktop_notification.win32': Not used on non-Windows systems
[1.674s] INFO:colcon.colcon_notification.desktop_notification:Sending desktop notification using 'notify2'
[1.695s] DEBUG:colcon.colcon_core.event_reactor:joined thread
[1.696s] INFO:colcon.colcon_core.shell:Creating prefix script '/home/joel-bansal/multi_bot_map_merging/bharat_ws4/install/local_setup.ps1'
[1.698s] INFO:colcon.colcon_core.shell:Creating prefix util module '/home/joel-bansal/multi_bot_map_merging/bharat_ws4/install/_local_setup_util_ps1.py'
[1.700s] INFO:colcon.colcon_core.shell:Creating prefix chain script '/home/joel-bansal/multi_bot_map_merging/bharat_ws4/install/setup.ps1'
[1.703s] INFO:colcon.colcon_core.shell:Creating prefix script '/home/joel-bansal/multi_bot_map_merging/bharat_ws4/install/local_setup.sh'
[1.704s] INFO:colcon.colcon_core.shell:Creating prefix util module '/home/joel-bansal/multi_bot_map_merging/bharat_ws4/install/_local_setup_util_sh.py'
[1.706s] INFO:colcon.colcon_core.shell:Creating prefix chain script '/home/joel-bansal/multi_bot_map_merging/bharat_ws4/install/setup.sh'
[1.707s] INFO:colcon.colcon_core.shell:Creating prefix script '/home/joel-bansal/multi_bot_map_merging/bharat_ws4/install/local_setup.bash'
[1.708s] INFO:colcon.colcon_core.shell:Creating prefix chain script '/home/joel-bansal/multi_bot_map_merging/bharat_ws4/install/setup.bash'
[1.710s] INFO:colcon.colcon_core.shell:Creating prefix script '/home/joel-bansal/multi_bot_map_merging/bharat_ws4/install/local_setup.zsh'
[1.711s] INFO:colcon.colcon_core.shell:Creating prefix chain script '/home/joel-bansal/multi_bot_map_merging/bharat_ws4/install/setup.zsh'
