[0.209s] DEBUG:colcon:Command line arguments: ['/usr/bin/colcon', 'build']
[0.209s] DEBUG:colcon:Parsed command line arguments: Namespace(log_base=None, log_level=None, verb_name='build', build_base='build', install_base='install', merge_install=False, symlink_install=False, test_result_base=None, continue_on_error=False, executor='parallel', parallel_workers=4, event_handlers=None, ignore_user_meta=False, metas=['./colcon.meta'], base_paths=['.'], packages_ignore=None, packages_ignore_regex=None, paths=None, packages_up_to=None, packages_up_to_regex=None, packages_above=None, packages_above_and_dependencies=None, packages_above_depth=None, packages_select_by_dep=None, packages_skip_by_dep=None, packages_skip_up_to=None, packages_select_build_failed=False, packages_skip_build_finished=False, packages_select_test_failures=False, packages_skip_test_passed=False, packages_select=None, packages_skip=None, packages_select_regex=None, packages_skip_regex=None, packages_start=None, packages_end=None, allow_overriding=[], cmake_args=None, cmake_target=None, cmake_target_skip_unavailable=False, cmake_clean_cache=False, cmake_clean_first=False, cmake_force_configure=False, ament_cmake_args=None, catkin_cmake_args=None, catkin_skip_building_tests=False, verb_parser=<colcon_defaults.argument_parser.defaults.DefaultArgumentsDecorator object at 0x709424554550>, verb_extension=<colcon_core.verb.build.BuildVerb object at 0x70942464d120>, main=<bound method BuildVerb.main of <colcon_core.verb.build.BuildVerb object at 0x70942464d120>>)
[0.532s] Level 1:colcon.colcon_core.package_discovery:discover_packages(colcon_meta) check parameters
[0.533s] Level 1:colcon.colcon_core.package_discovery:discover_packages(recursive) check parameters
[0.533s] Level 1:colcon.colcon_core.package_discovery:discover_packages(ignore) check parameters
[0.533s] Level 1:colcon.colcon_core.package_discovery:discover_packages(path) check parameters
[0.533s] Level 1:colcon.colcon_core.package_discovery:discover_packages(colcon_meta) discover
[0.533s] Level 1:colcon.colcon_core.package_discovery:discover_packages(recursive) discover
[0.533s] INFO:colcon.colcon_core.package_discovery:Crawling recursively for packages in '/home/joel-bansal/bharat_ws'
[0.533s] Level 1:colcon.colcon_core.package_identification:_identify(.) by extensions ['ignore', 'ignore_ament_install']
[0.533s] Level 1:colcon.colcon_core.package_identification:_identify(.) by extension 'ignore'
[0.533s] Level 1:colcon.colcon_core.package_identification:_identify(.) by extension 'ignore_ament_install'
[0.534s] Level 1:colcon.colcon_core.package_identification:_identify(.) by extensions ['colcon_pkg']
[0.534s] Level 1:colcon.colcon_core.package_identification:_identify(.) by extension 'colcon_pkg'
[0.534s] Level 1:colcon.colcon_core.package_identification:_identify(.) by extensions ['colcon_meta']
[0.534s] Level 1:colcon.colcon_core.package_identification:_identify(.) by extension 'colcon_meta'
[0.534s] Level 1:colcon.colcon_core.package_identification:_identify(.) by extensions ['ros']
[0.534s] Level 1:colcon.colcon_core.package_identification:_identify(.) by extension 'ros'
[0.554s] Level 1:colcon.colcon_core.package_identification:_identify(.) by extensions ['cmake', 'python']
[0.554s] Level 1:colcon.colcon_core.package_identification:_identify(.) by extension 'cmake'
[0.554s] Level 1:colcon.colcon_core.package_identification:_identify(.) by extension 'python'
[0.554s] Level 1:colcon.colcon_core.package_identification:_identify(.) by extensions ['python_setup_py']
[0.554s] Level 1:colcon.colcon_core.package_identification:_identify(.) by extension 'python_setup_py'
[0.555s] Level 1:colcon.colcon_core.package_identification:_identify(build) by extensions ['ignore', 'ignore_ament_install']
[0.555s] Level 1:colcon.colcon_core.package_identification:_identify(build) by extension 'ignore'
[0.555s] Level 1:colcon.colcon_core.package_identification:_identify(build) ignored
[0.555s] Level 1:colcon.colcon_core.package_identification:_identify(install) by extensions ['ignore', 'ignore_ament_install']
[0.555s] Level 1:colcon.colcon_core.package_identification:_identify(install) by extension 'ignore'
[0.555s] Level 1:colcon.colcon_core.package_identification:_identify(install) ignored
[0.556s] Level 1:colcon.colcon_core.package_identification:_identify(log) by extensions ['ignore', 'ignore_ament_install']
[0.556s] Level 1:colcon.colcon_core.package_identification:_identify(log) by extension 'ignore'
[0.556s] Level 1:colcon.colcon_core.package_identification:_identify(log) ignored
[0.556s] Level 1:colcon.colcon_core.package_identification:_identify(src) by extensions ['ignore', 'ignore_ament_install']
[0.556s] Level 1:colcon.colcon_core.package_identification:_identify(src) by extension 'ignore'
[0.556s] Level 1:colcon.colcon_core.package_identification:_identify(src) by extension 'ignore_ament_install'
[0.556s] Level 1:colcon.colcon_core.package_identification:_identify(src) by extensions ['colcon_pkg']
[0.556s] Level 1:colcon.colcon_core.package_identification:_identify(src) by extension 'colcon_pkg'
[0.556s] Level 1:colcon.colcon_core.package_identification:_identify(src) by extensions ['colcon_meta']
[0.556s] Level 1:colcon.colcon_core.package_identification:_identify(src) by extension 'colcon_meta'
[0.556s] Level 1:colcon.colcon_core.package_identification:_identify(src) by extensions ['ros']
[0.557s] Level 1:colcon.colcon_core.package_identification:_identify(src) by extension 'ros'
[0.557s] Level 1:colcon.colcon_core.package_identification:_identify(src) by extensions ['cmake', 'python']
[0.557s] Level 1:colcon.colcon_core.package_identification:_identify(src) by extension 'cmake'
[0.557s] Level 1:colcon.colcon_core.package_identification:_identify(src) by extension 'python'
[0.557s] Level 1:colcon.colcon_core.package_identification:_identify(src) by extensions ['python_setup_py']
[0.557s] Level 1:colcon.colcon_core.package_identification:_identify(src) by extension 'python_setup_py'
[0.557s] Level 1:colcon.colcon_core.package_identification:_identify(src/m-explore-ros2) by extensions ['ignore', 'ignore_ament_install']
[0.557s] Level 1:colcon.colcon_core.package_identification:_identify(src/m-explore-ros2) by extension 'ignore'
[0.557s] Level 1:colcon.colcon_core.package_identification:_identify(src/m-explore-ros2) by extension 'ignore_ament_install'
[0.557s] Level 1:colcon.colcon_core.package_identification:_identify(src/m-explore-ros2) by extensions ['colcon_pkg']
[0.557s] Level 1:colcon.colcon_core.package_identification:_identify(src/m-explore-ros2) by extension 'colcon_pkg'
[0.558s] Level 1:colcon.colcon_core.package_identification:_identify(src/m-explore-ros2) by extensions ['colcon_meta']
[0.558s] Level 1:colcon.colcon_core.package_identification:_identify(src/m-explore-ros2) by extension 'colcon_meta'
[0.558s] Level 1:colcon.colcon_core.package_identification:_identify(src/m-explore-ros2) by extensions ['ros']
[0.558s] Level 1:colcon.colcon_core.package_identification:_identify(src/m-explore-ros2) by extension 'ros'
[0.558s] Level 1:colcon.colcon_core.package_identification:_identify(src/m-explore-ros2) by extensions ['cmake', 'python']
[0.558s] Level 1:colcon.colcon_core.package_identification:_identify(src/m-explore-ros2) by extension 'cmake'
[0.558s] Level 1:colcon.colcon_core.package_identification:_identify(src/m-explore-ros2) by extension 'python'
[0.558s] Level 1:colcon.colcon_core.package_identification:_identify(src/m-explore-ros2) by extensions ['python_setup_py']
[0.558s] Level 1:colcon.colcon_core.package_identification:_identify(src/m-explore-ros2) by extension 'python_setup_py'
[0.558s] Level 1:colcon.colcon_core.package_identification:_identify(src/m-explore-ros2/explore) by extensions ['ignore', 'ignore_ament_install']
[0.558s] Level 1:colcon.colcon_core.package_identification:_identify(src/m-explore-ros2/explore) by extension 'ignore'
[0.559s] Level 1:colcon.colcon_core.package_identification:_identify(src/m-explore-ros2/explore) by extension 'ignore_ament_install'
[0.559s] Level 1:colcon.colcon_core.package_identification:_identify(src/m-explore-ros2/explore) by extensions ['colcon_pkg']
[0.559s] Level 1:colcon.colcon_core.package_identification:_identify(src/m-explore-ros2/explore) by extension 'colcon_pkg'
[0.559s] Level 1:colcon.colcon_core.package_identification:_identify(src/m-explore-ros2/explore) by extensions ['colcon_meta']
[0.559s] Level 1:colcon.colcon_core.package_identification:_identify(src/m-explore-ros2/explore) by extension 'colcon_meta'
[0.559s] Level 1:colcon.colcon_core.package_identification:_identify(src/m-explore-ros2/explore) by extensions ['ros']
[0.559s] Level 1:colcon.colcon_core.package_identification:_identify(src/m-explore-ros2/explore) by extension 'ros'
[0.565s] DEBUG:colcon.colcon_core.package_identification:Package 'src/m-explore-ros2/explore' with type 'ros.ament_cmake' and name 'explore_lite'
[0.565s] Level 1:colcon.colcon_core.package_identification:_identify(src/m-explore-ros2/map_merge) by extensions ['ignore', 'ignore_ament_install']
[0.565s] Level 1:colcon.colcon_core.package_identification:_identify(src/m-explore-ros2/map_merge) by extension 'ignore'
[0.565s] Level 1:colcon.colcon_core.package_identification:_identify(src/m-explore-ros2/map_merge) by extension 'ignore_ament_install'
[0.565s] Level 1:colcon.colcon_core.package_identification:_identify(src/m-explore-ros2/map_merge) by extensions ['colcon_pkg']
[0.565s] Level 1:colcon.colcon_core.package_identification:_identify(src/m-explore-ros2/map_merge) by extension 'colcon_pkg'
[0.565s] Level 1:colcon.colcon_core.package_identification:_identify(src/m-explore-ros2/map_merge) by extensions ['colcon_meta']
[0.566s] Level 1:colcon.colcon_core.package_identification:_identify(src/m-explore-ros2/map_merge) by extension 'colcon_meta'
[0.566s] Level 1:colcon.colcon_core.package_identification:_identify(src/m-explore-ros2/map_merge) by extensions ['ros']
[0.566s] Level 1:colcon.colcon_core.package_identification:_identify(src/m-explore-ros2/map_merge) by extension 'ros'
[0.567s] DEBUG:colcon.colcon_core.package_identification:Package 'src/m-explore-ros2/map_merge' with type 'ros.ament_cmake' and name 'multirobot_map_merge'
[0.568s] Level 1:colcon.colcon_core.package_identification:_identify(src/slam_gmapping) by extensions ['ignore', 'ignore_ament_install']
[0.568s] Level 1:colcon.colcon_core.package_identification:_identify(src/slam_gmapping) by extension 'ignore'
[0.568s] Level 1:colcon.colcon_core.package_identification:_identify(src/slam_gmapping) by extension 'ignore_ament_install'
[0.568s] Level 1:colcon.colcon_core.package_identification:_identify(src/slam_gmapping) by extensions ['colcon_pkg']
[0.568s] Level 1:colcon.colcon_core.package_identification:_identify(src/slam_gmapping) by extension 'colcon_pkg'
[0.568s] Level 1:colcon.colcon_core.package_identification:_identify(src/slam_gmapping) by extensions ['colcon_meta']
[0.568s] Level 1:colcon.colcon_core.package_identification:_identify(src/slam_gmapping) by extension 'colcon_meta'
[0.568s] Level 1:colcon.colcon_core.package_identification:_identify(src/slam_gmapping) by extensions ['ros']
[0.568s] Level 1:colcon.colcon_core.package_identification:_identify(src/slam_gmapping) by extension 'ros'
[0.569s] Level 1:colcon.colcon_core.package_identification:_identify(src/slam_gmapping) by extensions ['cmake', 'python']
[0.569s] Level 1:colcon.colcon_core.package_identification:_identify(src/slam_gmapping) by extension 'cmake'
[0.569s] Level 1:colcon.colcon_core.package_identification:_identify(src/slam_gmapping) by extension 'python'
[0.569s] Level 1:colcon.colcon_core.package_identification:_identify(src/slam_gmapping) by extensions ['python_setup_py']
[0.569s] Level 1:colcon.colcon_core.package_identification:_identify(src/slam_gmapping) by extension 'python_setup_py'
[0.569s] Level 1:colcon.colcon_core.package_identification:_identify(src/slam_gmapping/openslam_gmapping) by extensions ['ignore', 'ignore_ament_install']
[0.569s] Level 1:colcon.colcon_core.package_identification:_identify(src/slam_gmapping/openslam_gmapping) by extension 'ignore'
[0.569s] Level 1:colcon.colcon_core.package_identification:_identify(src/slam_gmapping/openslam_gmapping) by extension 'ignore_ament_install'
[0.569s] Level 1:colcon.colcon_core.package_identification:_identify(src/slam_gmapping/openslam_gmapping) by extensions ['colcon_pkg']
[0.569s] Level 1:colcon.colcon_core.package_identification:_identify(src/slam_gmapping/openslam_gmapping) by extension 'colcon_pkg'
[0.569s] Level 1:colcon.colcon_core.package_identification:_identify(src/slam_gmapping/openslam_gmapping) by extensions ['colcon_meta']
[0.570s] Level 1:colcon.colcon_core.package_identification:_identify(src/slam_gmapping/openslam_gmapping) by extension 'colcon_meta'
[0.570s] Level 1:colcon.colcon_core.package_identification:_identify(src/slam_gmapping/openslam_gmapping) by extensions ['ros']
[0.570s] Level 1:colcon.colcon_core.package_identification:_identify(src/slam_gmapping/openslam_gmapping) by extension 'ros'
[0.571s] DEBUG:colcon.colcon_core.package_identification:Package 'src/slam_gmapping/openslam_gmapping' with type 'ros.ament_cmake' and name 'openslam_gmapping'
[0.571s] Level 1:colcon.colcon_core.package_identification:_identify(src/slam_gmapping/slam_gmapping) by extensions ['ignore', 'ignore_ament_install']
[0.571s] Level 1:colcon.colcon_core.package_identification:_identify(src/slam_gmapping/slam_gmapping) by extension 'ignore'
[0.571s] Level 1:colcon.colcon_core.package_identification:_identify(src/slam_gmapping/slam_gmapping) by extension 'ignore_ament_install'
[0.571s] Level 1:colcon.colcon_core.package_identification:_identify(src/slam_gmapping/slam_gmapping) by extensions ['colcon_pkg']
[0.571s] Level 1:colcon.colcon_core.package_identification:_identify(src/slam_gmapping/slam_gmapping) by extension 'colcon_pkg'
[0.571s] Level 1:colcon.colcon_core.package_identification:_identify(src/slam_gmapping/slam_gmapping) by extensions ['colcon_meta']
[0.571s] Level 1:colcon.colcon_core.package_identification:_identify(src/slam_gmapping/slam_gmapping) by extension 'colcon_meta'
[0.571s] Level 1:colcon.colcon_core.package_identification:_identify(src/slam_gmapping/slam_gmapping) by extensions ['ros']
[0.572s] Level 1:colcon.colcon_core.package_identification:_identify(src/slam_gmapping/slam_gmapping) by extension 'ros'
[0.574s] DEBUG:colcon.colcon_core.package_identification:Package 'src/slam_gmapping/slam_gmapping' with type 'ros.ament_cmake' and name 'slam_gmapping'
[0.574s] Level 1:colcon.colcon_core.package_discovery:discover_packages(recursive) using defaults
[0.574s] Level 1:colcon.colcon_core.package_discovery:discover_packages(ignore) discover
[0.574s] Level 1:colcon.colcon_core.package_discovery:discover_packages(ignore) using defaults
[0.574s] Level 1:colcon.colcon_core.package_discovery:discover_packages(path) discover
[0.574s] Level 1:colcon.colcon_core.package_discovery:discover_packages(path) using defaults
[0.623s] Level 1:colcon.colcon_core.package_discovery:discover_packages(prefix_path) check parameters
[0.623s] Level 1:colcon.colcon_core.package_discovery:discover_packages(prefix_path) discover
[0.628s] DEBUG:colcon.colcon_installed_package_information.package_discovery:Found 345 installed packages in /opt/ros/humble
[0.630s] Level 1:colcon.colcon_core.package_discovery:discover_packages(prefix_path) using defaults
[0.711s] Level 5:colcon.colcon_core.verb:set package 'explore_lite' build argument 'cmake_args' from command line to 'None'
[0.711s] Level 5:colcon.colcon_core.verb:set package 'explore_lite' build argument 'cmake_target' from command line to 'None'
[0.711s] Level 5:colcon.colcon_core.verb:set package 'explore_lite' build argument 'cmake_target_skip_unavailable' from command line to 'False'
[0.711s] Level 5:colcon.colcon_core.verb:set package 'explore_lite' build argument 'cmake_clean_cache' from command line to 'False'
[0.711s] Level 5:colcon.colcon_core.verb:set package 'explore_lite' build argument 'cmake_clean_first' from command line to 'False'
[0.711s] Level 5:colcon.colcon_core.verb:set package 'explore_lite' build argument 'cmake_force_configure' from command line to 'False'
[0.711s] Level 5:colcon.colcon_core.verb:set package 'explore_lite' build argument 'ament_cmake_args' from command line to 'None'
[0.711s] Level 5:colcon.colcon_core.verb:set package 'explore_lite' build argument 'catkin_cmake_args' from command line to 'None'
[0.711s] Level 5:colcon.colcon_core.verb:set package 'explore_lite' build argument 'catkin_skip_building_tests' from command line to 'False'
[0.711s] DEBUG:colcon.colcon_core.verb:Building package 'explore_lite' with the following arguments: {'ament_cmake_args': None, 'build_base': '/home/joel-bansal/bharat_ws/build/explore_lite', 'catkin_cmake_args': None, 'catkin_skip_building_tests': False, 'cmake_args': None, 'cmake_clean_cache': False, 'cmake_clean_first': False, 'cmake_force_configure': False, 'cmake_target': None, 'cmake_target_skip_unavailable': False, 'install_base': '/home/joel-bansal/bharat_ws/install/explore_lite', 'merge_install': False, 'path': '/home/joel-bansal/bharat_ws/src/m-explore-ros2/explore', 'symlink_install': False, 'test_result_base': None}
[0.712s] Level 5:colcon.colcon_core.verb:set package 'multirobot_map_merge' build argument 'cmake_args' from command line to 'None'
[0.712s] Level 5:colcon.colcon_core.verb:set package 'multirobot_map_merge' build argument 'cmake_target' from command line to 'None'
[0.712s] Level 5:colcon.colcon_core.verb:set package 'multirobot_map_merge' build argument 'cmake_target_skip_unavailable' from command line to 'False'
[0.712s] Level 5:colcon.colcon_core.verb:set package 'multirobot_map_merge' build argument 'cmake_clean_cache' from command line to 'False'
[0.712s] Level 5:colcon.colcon_core.verb:set package 'multirobot_map_merge' build argument 'cmake_clean_first' from command line to 'False'
[0.712s] Level 5:colcon.colcon_core.verb:set package 'multirobot_map_merge' build argument 'cmake_force_configure' from command line to 'False'
[0.712s] Level 5:colcon.colcon_core.verb:set package 'multirobot_map_merge' build argument 'ament_cmake_args' from command line to 'None'
[0.712s] Level 5:colcon.colcon_core.verb:set package 'multirobot_map_merge' build argument 'catkin_cmake_args' from command line to 'None'
[0.712s] Level 5:colcon.colcon_core.verb:set package 'multirobot_map_merge' build argument 'catkin_skip_building_tests' from command line to 'False'
[0.712s] DEBUG:colcon.colcon_core.verb:Building package 'multirobot_map_merge' with the following arguments: {'ament_cmake_args': None, 'build_base': '/home/joel-bansal/bharat_ws/build/multirobot_map_merge', 'catkin_cmake_args': None, 'catkin_skip_building_tests': False, 'cmake_args': None, 'cmake_clean_cache': False, 'cmake_clean_first': False, 'cmake_force_configure': False, 'cmake_target': None, 'cmake_target_skip_unavailable': False, 'install_base': '/home/joel-bansal/bharat_ws/install/multirobot_map_merge', 'merge_install': False, 'path': '/home/joel-bansal/bharat_ws/src/m-explore-ros2/map_merge', 'symlink_install': False, 'test_result_base': None}
[0.713s] Level 5:colcon.colcon_core.verb:set package 'openslam_gmapping' build argument 'cmake_args' from command line to 'None'
[0.713s] Level 5:colcon.colcon_core.verb:set package 'openslam_gmapping' build argument 'cmake_target' from command line to 'None'
[0.713s] Level 5:colcon.colcon_core.verb:set package 'openslam_gmapping' build argument 'cmake_target_skip_unavailable' from command line to 'False'
[0.713s] Level 5:colcon.colcon_core.verb:set package 'openslam_gmapping' build argument 'cmake_clean_cache' from command line to 'False'
[0.713s] Level 5:colcon.colcon_core.verb:set package 'openslam_gmapping' build argument 'cmake_clean_first' from command line to 'False'
[0.713s] Level 5:colcon.colcon_core.verb:set package 'openslam_gmapping' build argument 'cmake_force_configure' from command line to 'False'
[0.713s] Level 5:colcon.colcon_core.verb:set package 'openslam_gmapping' build argument 'ament_cmake_args' from command line to 'None'
[0.713s] Level 5:colcon.colcon_core.verb:set package 'openslam_gmapping' build argument 'catkin_cmake_args' from command line to 'None'
[0.713s] Level 5:colcon.colcon_core.verb:set package 'openslam_gmapping' build argument 'catkin_skip_building_tests' from command line to 'False'
[0.713s] DEBUG:colcon.colcon_core.verb:Building package 'openslam_gmapping' with the following arguments: {'ament_cmake_args': None, 'build_base': '/home/joel-bansal/bharat_ws/build/openslam_gmapping', 'catkin_cmake_args': None, 'catkin_skip_building_tests': False, 'cmake_args': None, 'cmake_clean_cache': False, 'cmake_clean_first': False, 'cmake_force_configure': False, 'cmake_target': None, 'cmake_target_skip_unavailable': False, 'install_base': '/home/joel-bansal/bharat_ws/install/openslam_gmapping', 'merge_install': False, 'path': '/home/joel-bansal/bharat_ws/src/slam_gmapping/openslam_gmapping', 'symlink_install': False, 'test_result_base': None}
[0.714s] Level 5:colcon.colcon_core.verb:set package 'slam_gmapping' build argument 'cmake_args' from command line to 'None'
[0.714s] Level 5:colcon.colcon_core.verb:set package 'slam_gmapping' build argument 'cmake_target' from command line to 'None'
[0.714s] Level 5:colcon.colcon_core.verb:set package 'slam_gmapping' build argument 'cmake_target_skip_unavailable' from command line to 'False'
[0.714s] Level 5:colcon.colcon_core.verb:set package 'slam_gmapping' build argument 'cmake_clean_cache' from command line to 'False'
[0.714s] Level 5:colcon.colcon_core.verb:set package 'slam_gmapping' build argument 'cmake_clean_first' from command line to 'False'
[0.714s] Level 5:colcon.colcon_core.verb:set package 'slam_gmapping' build argument 'cmake_force_configure' from command line to 'False'
[0.714s] Level 5:colcon.colcon_core.verb:set package 'slam_gmapping' build argument 'ament_cmake_args' from command line to 'None'
[0.714s] Level 5:colcon.colcon_core.verb:set package 'slam_gmapping' build argument 'catkin_cmake_args' from command line to 'None'
[0.714s] Level 5:colcon.colcon_core.verb:set package 'slam_gmapping' build argument 'catkin_skip_building_tests' from command line to 'False'
[0.714s] DEBUG:colcon.colcon_core.verb:Building package 'slam_gmapping' with the following arguments: {'ament_cmake_args': None, 'build_base': '/home/joel-bansal/bharat_ws/build/slam_gmapping', 'catkin_cmake_args': None, 'catkin_skip_building_tests': False, 'cmake_args': None, 'cmake_clean_cache': False, 'cmake_clean_first': False, 'cmake_force_configure': False, 'cmake_target': None, 'cmake_target_skip_unavailable': False, 'install_base': '/home/joel-bansal/bharat_ws/install/slam_gmapping', 'merge_install': False, 'path': '/home/joel-bansal/bharat_ws/src/slam_gmapping/slam_gmapping', 'symlink_install': False, 'test_result_base': None}
[0.714s] INFO:colcon.colcon_core.executor:Executing jobs using 'parallel' executor
[0.716s] DEBUG:colcon.colcon_parallel_executor.executor.parallel:run_until_complete
[0.716s] INFO:colcon.colcon_ros.task.ament_cmake.build:Building ROS package in '/home/joel-bansal/bharat_ws/src/slam_gmapping/openslam_gmapping' with build type 'ament_cmake'
[0.716s] INFO:colcon.colcon_cmake.task.cmake.build:Building CMake package in '/home/joel-bansal/bharat_ws/src/slam_gmapping/openslam_gmapping'
[0.721s] INFO:colcon.colcon_core.plugin_system:Skipping extension 'colcon_core.shell.bat': Not used on non-Windows systems
[0.721s] INFO:colcon.colcon_core.shell:Skip shell extension 'powershell' for command environment: Not usable outside of PowerShell
[0.721s] DEBUG:colcon.colcon_core.shell:Skip shell extension 'dsv' for command environment
[0.727s] INFO:colcon.colcon_ros.task.ament_cmake.build:Building ROS package in '/home/joel-bansal/bharat_ws/src/m-explore-ros2/explore' with build type 'ament_cmake'
[0.727s] INFO:colcon.colcon_cmake.task.cmake.build:Building CMake package in '/home/joel-bansal/bharat_ws/src/m-explore-ros2/explore'
[0.728s] INFO:colcon.colcon_core.shell:Skip shell extension 'powershell' for command environment: Not usable outside of PowerShell
[0.728s] DEBUG:colcon.colcon_core.shell:Skip shell extension 'dsv' for command environment
[0.734s] INFO:colcon.colcon_ros.task.ament_cmake.build:Building ROS package in '/home/joel-bansal/bharat_ws/src/m-explore-ros2/map_merge' with build type 'ament_cmake'
[0.734s] INFO:colcon.colcon_cmake.task.cmake.build:Building CMake package in '/home/joel-bansal/bharat_ws/src/m-explore-ros2/map_merge'
[0.735s] INFO:colcon.colcon_core.shell:Skip shell extension 'powershell' for command environment: Not usable outside of PowerShell
[0.735s] DEBUG:colcon.colcon_core.shell:Skip shell extension 'dsv' for command environment
[0.753s] DEBUG:colcon.colcon_core.event_handler.log_command:Invoking command in '/home/joel-bansal/bharat_ws/build/openslam_gmapping': CMAKE_PREFIX_PATH=/opt/ros/humble /usr/bin/cmake --build /home/joel-bansal/bharat_ws/build/openslam_gmapping -- -j4 -l4
[0.762s] DEBUG:colcon.colcon_core.event_handler.log_command:Invoking command in '/home/joel-bansal/bharat_ws/build/explore_lite': CMAKE_PREFIX_PATH=/opt/ros/humble /usr/bin/cmake --build /home/joel-bansal/bharat_ws/build/explore_lite -- -j4 -l4
[0.772s] DEBUG:colcon.colcon_core.event_handler.log_command:Invoking command in '/home/joel-bansal/bharat_ws/build/multirobot_map_merge': CMAKE_PREFIX_PATH=/opt/ros/humble /usr/bin/cmake --build /home/joel-bansal/bharat_ws/build/multirobot_map_merge -- -j4 -l4
[1.277s] DEBUG:colcon.colcon_core.event_handler.log_command:Invoked command in '/home/joel-bansal/bharat_ws/build/explore_lite' returned '0': CMAKE_PREFIX_PATH=/opt/ros/humble /usr/bin/cmake --build /home/joel-bansal/bharat_ws/build/explore_lite -- -j4 -l4
[1.352s] DEBUG:colcon.colcon_core.event_handler.log_command:Invoked command in '/home/joel-bansal/bharat_ws/build/multirobot_map_merge' returned '0': CMAKE_PREFIX_PATH=/opt/ros/humble /usr/bin/cmake --build /home/joel-bansal/bharat_ws/build/multirobot_map_merge -- -j4 -l4
[1.383s] DEBUG:colcon.colcon_core.event_handler.log_command:Invoked command in '/home/joel-bansal/bharat_ws/build/openslam_gmapping' returned '0': CMAKE_PREFIX_PATH=/opt/ros/humble /usr/bin/cmake --build /home/joel-bansal/bharat_ws/build/openslam_gmapping -- -j4 -l4
[1.424s] DEBUG:colcon.colcon_core.event_handler.log_command:Invoking command in '/home/joel-bansal/bharat_ws/build/explore_lite': CMAKE_PREFIX_PATH=/opt/ros/humble /usr/bin/cmake --install /home/joel-bansal/bharat_ws/build/explore_lite
[1.469s] DEBUG:colcon.colcon_core.event_handler.log_command:Invoking command in '/home/joel-bansal/bharat_ws/build/multirobot_map_merge': CMAKE_PREFIX_PATH=/opt/ros/humble /usr/bin/cmake --install /home/joel-bansal/bharat_ws/build/multirobot_map_merge
[1.471s] DEBUG:colcon.colcon_core.event_handler.log_command:Invoking command in '/home/joel-bansal/bharat_ws/build/openslam_gmapping': CMAKE_PREFIX_PATH=/opt/ros/humble /usr/bin/cmake --install /home/joel-bansal/bharat_ws/build/openslam_gmapping
[1.473s] Level 1:colcon.colcon_core.environment:create_environment_scripts_only(explore_lite)
[1.475s] DEBUG:colcon.colcon_core.event_handler.log_command:Invoked command in '/home/joel-bansal/bharat_ws/build/explore_lite' returned '0': CMAKE_PREFIX_PATH=/opt/ros/humble /usr/bin/cmake --install /home/joel-bansal/bharat_ws/build/explore_lite
[1.482s] Level 1:colcon.colcon_core.environment:checking '/home/joel-bansal/bharat_ws/install/explore_lite' for CMake module files
[1.484s] Level 1:colcon.colcon_core.environment:checking '/home/joel-bansal/bharat_ws/install/explore_lite' for CMake config files
[1.485s] Level 1:colcon.colcon_core.shell:create_environment_hook('explore_lite', 'cmake_prefix_path')
[1.485s] INFO:colcon.colcon_core.shell:Creating environment hook '/home/joel-bansal/bharat_ws/install/explore_lite/share/explore_lite/hook/cmake_prefix_path.ps1'
[1.490s] INFO:colcon.colcon_core.shell:Creating environment descriptor '/home/joel-bansal/bharat_ws/install/explore_lite/share/explore_lite/hook/cmake_prefix_path.dsv'
[1.495s] INFO:colcon.colcon_core.shell:Creating environment hook '/home/joel-bansal/bharat_ws/install/explore_lite/share/explore_lite/hook/cmake_prefix_path.sh'
[1.500s] Level 1:colcon.colcon_core.environment:checking '/home/joel-bansal/bharat_ws/install/explore_lite/lib'
[1.501s] Level 1:colcon.colcon_core.environment:checking '/home/joel-bansal/bharat_ws/install/explore_lite/bin'
[1.501s] Level 1:colcon.colcon_core.environment:checking '/home/joel-bansal/bharat_ws/install/explore_lite/lib/pkgconfig/explore_lite.pc'
[1.503s] Level 1:colcon.colcon_core.environment:checking '/home/joel-bansal/bharat_ws/install/explore_lite/lib/python3.10/site-packages'
[1.504s] Level 1:colcon.colcon_core.environment:checking '/home/joel-bansal/bharat_ws/install/explore_lite/bin'
[1.505s] INFO:colcon.colcon_core.shell:Creating package script '/home/joel-bansal/bharat_ws/install/explore_lite/share/explore_lite/package.ps1'
[1.508s] INFO:colcon.colcon_core.shell:Creating package descriptor '/home/joel-bansal/bharat_ws/install/explore_lite/share/explore_lite/package.dsv'
[1.511s] INFO:colcon.colcon_core.shell:Creating package script '/home/joel-bansal/bharat_ws/install/explore_lite/share/explore_lite/package.sh'
[1.515s] INFO:colcon.colcon_core.shell:Creating package script '/home/joel-bansal/bharat_ws/install/explore_lite/share/explore_lite/package.bash'
[1.519s] INFO:colcon.colcon_core.shell:Creating package script '/home/joel-bansal/bharat_ws/install/explore_lite/share/explore_lite/package.zsh'
[1.521s] Level 1:colcon.colcon_core.environment:create_file_with_runtime_dependencies(/home/joel-bansal/bharat_ws/install/explore_lite/share/colcon-core/packages/explore_lite)
[1.528s] Level 1:colcon.colcon_core.environment:create_environment_scripts_only(multirobot_map_merge)
[1.529s] Level 1:colcon.colcon_core.environment:checking '/home/joel-bansal/bharat_ws/install/multirobot_map_merge' for CMake module files
[1.533s] Level 1:colcon.colcon_core.environment:checking '/home/joel-bansal/bharat_ws/install/multirobot_map_merge' for CMake config files
[1.537s] Level 1:colcon.colcon_core.shell:create_environment_hook('multirobot_map_merge', 'cmake_prefix_path')
[1.537s] INFO:colcon.colcon_core.shell:Creating environment hook '/home/joel-bansal/bharat_ws/install/multirobot_map_merge/share/multirobot_map_merge/hook/cmake_prefix_path.ps1'
[1.540s] INFO:colcon.colcon_core.shell:Creating environment descriptor '/home/joel-bansal/bharat_ws/install/multirobot_map_merge/share/multirobot_map_merge/hook/cmake_prefix_path.dsv'
[1.542s] INFO:colcon.colcon_core.shell:Creating environment hook '/home/joel-bansal/bharat_ws/install/multirobot_map_merge/share/multirobot_map_merge/hook/cmake_prefix_path.sh'
[1.545s] Level 1:colcon.colcon_core.environment:checking '/home/joel-bansal/bharat_ws/install/multirobot_map_merge/lib'
[1.546s] Level 1:colcon.colcon_core.environment:checking '/home/joel-bansal/bharat_ws/install/multirobot_map_merge/bin'
[1.546s] Level 1:colcon.colcon_core.environment:checking '/home/joel-bansal/bharat_ws/install/multirobot_map_merge/lib/pkgconfig/multirobot_map_merge.pc'
[1.547s] Level 1:colcon.colcon_core.environment:checking '/home/joel-bansal/bharat_ws/install/multirobot_map_merge/lib/python3.10/site-packages'
[1.548s] Level 1:colcon.colcon_core.environment:checking '/home/joel-bansal/bharat_ws/install/multirobot_map_merge/bin'
[1.549s] INFO:colcon.colcon_core.shell:Creating package script '/home/joel-bansal/bharat_ws/install/multirobot_map_merge/share/multirobot_map_merge/package.ps1'
[1.553s] INFO:colcon.colcon_core.shell:Creating package descriptor '/home/joel-bansal/bharat_ws/install/multirobot_map_merge/share/multirobot_map_merge/package.dsv'
[1.554s] INFO:colcon.colcon_core.shell:Creating package script '/home/joel-bansal/bharat_ws/install/multirobot_map_merge/share/multirobot_map_merge/package.sh'
[1.557s] INFO:colcon.colcon_core.shell:Creating package script '/home/joel-bansal/bharat_ws/install/multirobot_map_merge/share/multirobot_map_merge/package.bash'
[1.558s] INFO:colcon.colcon_core.shell:Creating package script '/home/joel-bansal/bharat_ws/install/multirobot_map_merge/share/multirobot_map_merge/package.zsh'
[1.559s] Level 1:colcon.colcon_core.environment:create_file_with_runtime_dependencies(/home/joel-bansal/bharat_ws/install/multirobot_map_merge/share/colcon-core/packages/multirobot_map_merge)
[1.562s] DEBUG:colcon.colcon_core.event_handler.log_command:Invoked command in '/home/joel-bansal/bharat_ws/build/multirobot_map_merge' returned '0': CMAKE_PREFIX_PATH=/opt/ros/humble /usr/bin/cmake --install /home/joel-bansal/bharat_ws/build/multirobot_map_merge
[1.565s] Level 1:colcon.colcon_core.environment:create_environment_scripts_only(openslam_gmapping)
[1.566s] Level 1:colcon.colcon_core.environment:checking '/home/joel-bansal/bharat_ws/install/openslam_gmapping' for CMake module files
[1.567s] DEBUG:colcon.colcon_core.event_handler.log_command:Invoked command in '/home/joel-bansal/bharat_ws/build/openslam_gmapping' returned '0': CMAKE_PREFIX_PATH=/opt/ros/humble /usr/bin/cmake --install /home/joel-bansal/bharat_ws/build/openslam_gmapping
[1.569s] Level 1:colcon.colcon_core.environment:checking '/home/joel-bansal/bharat_ws/install/openslam_gmapping' for CMake config files
[1.570s] Level 1:colcon.colcon_core.shell:create_environment_hook('openslam_gmapping', 'cmake_prefix_path')
[1.571s] INFO:colcon.colcon_core.shell:Creating environment hook '/home/joel-bansal/bharat_ws/install/openslam_gmapping/share/openslam_gmapping/hook/cmake_prefix_path.ps1'
[1.572s] INFO:colcon.colcon_core.shell:Creating environment descriptor '/home/joel-bansal/bharat_ws/install/openslam_gmapping/share/openslam_gmapping/hook/cmake_prefix_path.dsv'
[1.573s] INFO:colcon.colcon_core.shell:Creating environment hook '/home/joel-bansal/bharat_ws/install/openslam_gmapping/share/openslam_gmapping/hook/cmake_prefix_path.sh'
[1.575s] Level 1:colcon.colcon_core.environment:checking '/home/joel-bansal/bharat_ws/install/openslam_gmapping/lib'
[1.575s] Level 1:colcon.colcon_core.environment:checking '/home/joel-bansal/bharat_ws/install/openslam_gmapping/bin'
[1.576s] Level 1:colcon.colcon_core.environment:checking '/home/joel-bansal/bharat_ws/install/openslam_gmapping/lib/pkgconfig/openslam_gmapping.pc'
[1.576s] Level 1:colcon.colcon_core.environment:checking '/home/joel-bansal/bharat_ws/install/openslam_gmapping/lib/python3.10/site-packages'
[1.577s] Level 1:colcon.colcon_core.environment:checking '/home/joel-bansal/bharat_ws/install/openslam_gmapping/bin'
[1.578s] INFO:colcon.colcon_core.shell:Creating package script '/home/joel-bansal/bharat_ws/install/openslam_gmapping/share/openslam_gmapping/package.ps1'
[1.579s] INFO:colcon.colcon_core.shell:Creating package descriptor '/home/joel-bansal/bharat_ws/install/openslam_gmapping/share/openslam_gmapping/package.dsv'
[1.581s] INFO:colcon.colcon_core.shell:Creating package script '/home/joel-bansal/bharat_ws/install/openslam_gmapping/share/openslam_gmapping/package.sh'
[1.582s] INFO:colcon.colcon_core.shell:Creating package script '/home/joel-bansal/bharat_ws/install/openslam_gmapping/share/openslam_gmapping/package.bash'
[1.583s] INFO:colcon.colcon_core.shell:Creating package script '/home/joel-bansal/bharat_ws/install/openslam_gmapping/share/openslam_gmapping/package.zsh'
[1.584s] Level 1:colcon.colcon_core.environment:create_file_with_runtime_dependencies(/home/joel-bansal/bharat_ws/install/openslam_gmapping/share/colcon-core/packages/openslam_gmapping)
[1.613s] Level 1:colcon.colcon_core.environment:create_environment_scripts_only(explore_lite)
[1.614s] Level 1:colcon.colcon_core.environment:checking '/home/joel-bansal/bharat_ws/install/explore_lite' for CMake module files
[1.615s] Level 1:colcon.colcon_core.environment:checking '/home/joel-bansal/bharat_ws/install/explore_lite' for CMake config files
[1.616s] Level 1:colcon.colcon_core.shell:create_environment_hook('explore_lite', 'cmake_prefix_path')
[1.617s] INFO:colcon.colcon_core.shell:Creating environment hook '/home/joel-bansal/bharat_ws/install/explore_lite/share/explore_lite/hook/cmake_prefix_path.ps1'
[1.618s] INFO:colcon.colcon_core.shell:Creating environment descriptor '/home/joel-bansal/bharat_ws/install/explore_lite/share/explore_lite/hook/cmake_prefix_path.dsv'
[1.618s] INFO:colcon.colcon_core.shell:Creating environment hook '/home/joel-bansal/bharat_ws/install/explore_lite/share/explore_lite/hook/cmake_prefix_path.sh'
[1.620s] Level 1:colcon.colcon_core.environment:checking '/home/joel-bansal/bharat_ws/install/explore_lite/lib'
[1.621s] Level 1:colcon.colcon_core.environment:checking '/home/joel-bansal/bharat_ws/install/explore_lite/bin'
[1.621s] Level 1:colcon.colcon_core.environment:checking '/home/joel-bansal/bharat_ws/install/explore_lite/lib/pkgconfig/explore_lite.pc'
[1.621s] Level 1:colcon.colcon_core.environment:checking '/home/joel-bansal/bharat_ws/install/explore_lite/lib/python3.10/site-packages'
[1.622s] Level 1:colcon.colcon_core.environment:checking '/home/joel-bansal/bharat_ws/install/explore_lite/bin'
[1.623s] INFO:colcon.colcon_core.shell:Creating package script '/home/joel-bansal/bharat_ws/install/explore_lite/share/explore_lite/package.ps1'
[1.624s] INFO:colcon.colcon_core.shell:Creating package descriptor '/home/joel-bansal/bharat_ws/install/explore_lite/share/explore_lite/package.dsv'
[1.625s] INFO:colcon.colcon_core.shell:Creating package script '/home/joel-bansal/bharat_ws/install/explore_lite/share/explore_lite/package.sh'
[1.626s] INFO:colcon.colcon_core.shell:Creating package script '/home/joel-bansal/bharat_ws/install/explore_lite/share/explore_lite/package.bash'
[1.628s] INFO:colcon.colcon_core.shell:Creating package script '/home/joel-bansal/bharat_ws/install/explore_lite/share/explore_lite/package.zsh'
[1.629s] Level 1:colcon.colcon_core.environment:create_file_with_runtime_dependencies(/home/joel-bansal/bharat_ws/install/explore_lite/share/colcon-core/packages/explore_lite)
[1.658s] Level 1:colcon.colcon_core.environment:create_environment_scripts_only(openslam_gmapping)
[1.659s] Level 1:colcon.colcon_core.environment:checking '/home/joel-bansal/bharat_ws/install/openslam_gmapping' for CMake module files
[1.659s] Level 1:colcon.colcon_core.environment:checking '/home/joel-bansal/bharat_ws/install/openslam_gmapping' for CMake config files
[1.660s] Level 1:colcon.colcon_core.shell:create_environment_hook('openslam_gmapping', 'cmake_prefix_path')
[1.661s] INFO:colcon.colcon_core.shell:Creating environment hook '/home/joel-bansal/bharat_ws/install/openslam_gmapping/share/openslam_gmapping/hook/cmake_prefix_path.ps1'
[1.662s] INFO:colcon.colcon_core.shell:Creating environment descriptor '/home/joel-bansal/bharat_ws/install/openslam_gmapping/share/openslam_gmapping/hook/cmake_prefix_path.dsv'
[1.662s] INFO:colcon.colcon_core.shell:Creating environment hook '/home/joel-bansal/bharat_ws/install/openslam_gmapping/share/openslam_gmapping/hook/cmake_prefix_path.sh'
[1.663s] Level 1:colcon.colcon_core.environment:checking '/home/joel-bansal/bharat_ws/install/openslam_gmapping/lib'
[1.663s] Level 1:colcon.colcon_core.environment:checking '/home/joel-bansal/bharat_ws/install/openslam_gmapping/bin'
[1.664s] Level 1:colcon.colcon_core.environment:checking '/home/joel-bansal/bharat_ws/install/openslam_gmapping/lib/pkgconfig/openslam_gmapping.pc'
[1.664s] Level 1:colcon.colcon_core.environment:checking '/home/joel-bansal/bharat_ws/install/openslam_gmapping/lib/python3.10/site-packages'
[1.664s] Level 1:colcon.colcon_core.environment:checking '/home/joel-bansal/bharat_ws/install/openslam_gmapping/bin'
[1.665s] INFO:colcon.colcon_core.shell:Creating package script '/home/joel-bansal/bharat_ws/install/openslam_gmapping/share/openslam_gmapping/package.ps1'
[1.666s] INFO:colcon.colcon_core.shell:Creating package descriptor '/home/joel-bansal/bharat_ws/install/openslam_gmapping/share/openslam_gmapping/package.dsv'
[1.667s] INFO:colcon.colcon_core.shell:Creating package script '/home/joel-bansal/bharat_ws/install/openslam_gmapping/share/openslam_gmapping/package.sh'
[1.668s] INFO:colcon.colcon_core.shell:Creating package script '/home/joel-bansal/bharat_ws/install/openslam_gmapping/share/openslam_gmapping/package.bash'
[1.669s] INFO:colcon.colcon_core.shell:Creating package script '/home/joel-bansal/bharat_ws/install/openslam_gmapping/share/openslam_gmapping/package.zsh'
[1.670s] Level 1:colcon.colcon_core.environment:create_file_with_runtime_dependencies(/home/joel-bansal/bharat_ws/install/openslam_gmapping/share/colcon-core/packages/openslam_gmapping)
[1.671s] INFO:colcon.colcon_ros.task.ament_cmake.build:Building ROS package in '/home/joel-bansal/bharat_ws/src/slam_gmapping/slam_gmapping' with build type 'ament_cmake'
[1.671s] INFO:colcon.colcon_cmake.task.cmake.build:Building CMake package in '/home/joel-bansal/bharat_ws/src/slam_gmapping/slam_gmapping'
[1.671s] INFO:colcon.colcon_core.shell:Skip shell extension 'powershell' for command environment: Not usable outside of PowerShell
[1.671s] DEBUG:colcon.colcon_core.shell:Skip shell extension 'dsv' for command environment
[1.679s] Level 1:colcon.colcon_core.environment:create_environment_scripts_only(multirobot_map_merge)
[1.680s] Level 1:colcon.colcon_core.environment:checking '/home/joel-bansal/bharat_ws/install/multirobot_map_merge' for CMake module files
[1.681s] Level 1:colcon.colcon_core.environment:checking '/home/joel-bansal/bharat_ws/install/multirobot_map_merge' for CMake config files
[1.683s] Level 1:colcon.colcon_core.shell:create_environment_hook('multirobot_map_merge', 'cmake_prefix_path')
[1.684s] INFO:colcon.colcon_core.shell:Creating environment hook '/home/joel-bansal/bharat_ws/install/multirobot_map_merge/share/multirobot_map_merge/hook/cmake_prefix_path.ps1'
[1.686s] INFO:colcon.colcon_core.shell:Creating environment descriptor '/home/joel-bansal/bharat_ws/install/multirobot_map_merge/share/multirobot_map_merge/hook/cmake_prefix_path.dsv'
[1.687s] INFO:colcon.colcon_core.shell:Creating environment hook '/home/joel-bansal/bharat_ws/install/multirobot_map_merge/share/multirobot_map_merge/hook/cmake_prefix_path.sh'
[1.688s] Level 1:colcon.colcon_core.environment:checking '/home/joel-bansal/bharat_ws/install/multirobot_map_merge/lib'
[1.688s] Level 1:colcon.colcon_core.environment:checking '/home/joel-bansal/bharat_ws/install/multirobot_map_merge/bin'
[1.689s] Level 1:colcon.colcon_core.environment:checking '/home/joel-bansal/bharat_ws/install/multirobot_map_merge/lib/pkgconfig/multirobot_map_merge.pc'
[1.689s] Level 1:colcon.colcon_core.environment:checking '/home/joel-bansal/bharat_ws/install/multirobot_map_merge/lib/python3.10/site-packages'
[1.689s] Level 1:colcon.colcon_core.environment:checking '/home/joel-bansal/bharat_ws/install/multirobot_map_merge/bin'
[1.690s] INFO:colcon.colcon_core.shell:Creating package script '/home/joel-bansal/bharat_ws/install/multirobot_map_merge/share/multirobot_map_merge/package.ps1'
[1.692s] INFO:colcon.colcon_core.shell:Creating package descriptor '/home/joel-bansal/bharat_ws/install/multirobot_map_merge/share/multirobot_map_merge/package.dsv'
[1.693s] INFO:colcon.colcon_core.shell:Creating package script '/home/joel-bansal/bharat_ws/install/multirobot_map_merge/share/multirobot_map_merge/package.sh'
[1.694s] INFO:colcon.colcon_core.shell:Creating package script '/home/joel-bansal/bharat_ws/install/multirobot_map_merge/share/multirobot_map_merge/package.bash'
[1.694s] INFO:colcon.colcon_core.shell:Creating package script '/home/joel-bansal/bharat_ws/install/multirobot_map_merge/share/multirobot_map_merge/package.zsh'
[1.695s] Level 1:colcon.colcon_core.environment:create_file_with_runtime_dependencies(/home/joel-bansal/bharat_ws/install/multirobot_map_merge/share/colcon-core/packages/multirobot_map_merge)
[1.703s] DEBUG:colcon.colcon_core.event_handler.log_command:Invoking command in '/home/joel-bansal/bharat_ws/build/slam_gmapping': AMENT_PREFIX_PATH=/home/joel-bansal/bharat_ws/install/openslam_gmapping:${AMENT_PREFIX_PATH} CMAKE_PREFIX_PATH=/home/joel-bansal/bharat_ws/install/openslam_gmapping:/opt/ros/humble LD_LIBRARY_PATH=/home/joel-bansal/bharat_ws/install/openslam_gmapping/lib:${LD_LIBRARY_PATH} /usr/bin/cmake --build /home/joel-bansal/bharat_ws/build/slam_gmapping -- -j4 -l4
[1.866s] DEBUG:colcon.colcon_core.event_handler.log_command:Invoked command in '/home/joel-bansal/bharat_ws/build/slam_gmapping' returned '0': AMENT_PREFIX_PATH=/home/joel-bansal/bharat_ws/install/openslam_gmapping:${AMENT_PREFIX_PATH} CMAKE_PREFIX_PATH=/home/joel-bansal/bharat_ws/install/openslam_gmapping:/opt/ros/humble LD_LIBRARY_PATH=/home/joel-bansal/bharat_ws/install/openslam_gmapping/lib:${LD_LIBRARY_PATH} /usr/bin/cmake --build /home/joel-bansal/bharat_ws/build/slam_gmapping -- -j4 -l4
[1.918s] DEBUG:colcon.colcon_core.event_handler.log_command:Invoking command in '/home/joel-bansal/bharat_ws/build/slam_gmapping': AMENT_PREFIX_PATH=/home/joel-bansal/bharat_ws/install/openslam_gmapping:${AMENT_PREFIX_PATH} CMAKE_PREFIX_PATH=/home/joel-bansal/bharat_ws/install/openslam_gmapping:/opt/ros/humble LD_LIBRARY_PATH=/home/joel-bansal/bharat_ws/install/openslam_gmapping/lib:${LD_LIBRARY_PATH} /usr/bin/cmake --install /home/joel-bansal/bharat_ws/build/slam_gmapping
[1.946s] Level 1:colcon.colcon_core.environment:create_environment_scripts_only(slam_gmapping)
[1.947s] Level 1:colcon.colcon_core.environment:checking '/home/joel-bansal/bharat_ws/install/slam_gmapping' for CMake module files
[1.949s] Level 1:colcon.colcon_core.environment:checking '/home/joel-bansal/bharat_ws/install/slam_gmapping' for CMake config files
[1.950s] Level 1:colcon.colcon_core.shell:create_environment_hook('slam_gmapping', 'cmake_prefix_path')
[1.951s] INFO:colcon.colcon_core.shell:Creating environment hook '/home/joel-bansal/bharat_ws/install/slam_gmapping/share/slam_gmapping/hook/cmake_prefix_path.ps1'
[1.952s] DEBUG:colcon.colcon_core.event_handler.log_command:Invoked command in '/home/joel-bansal/bharat_ws/build/slam_gmapping' returned '0': AMENT_PREFIX_PATH=/home/joel-bansal/bharat_ws/install/openslam_gmapping:${AMENT_PREFIX_PATH} CMAKE_PREFIX_PATH=/home/joel-bansal/bharat_ws/install/openslam_gmapping:/opt/ros/humble LD_LIBRARY_PATH=/home/joel-bansal/bharat_ws/install/openslam_gmapping/lib:${LD_LIBRARY_PATH} /usr/bin/cmake --install /home/joel-bansal/bharat_ws/build/slam_gmapping
[1.953s] INFO:colcon.colcon_core.shell:Creating environment descriptor '/home/joel-bansal/bharat_ws/install/slam_gmapping/share/slam_gmapping/hook/cmake_prefix_path.dsv'
[1.954s] INFO:colcon.colcon_core.shell:Creating environment hook '/home/joel-bansal/bharat_ws/install/slam_gmapping/share/slam_gmapping/hook/cmake_prefix_path.sh'
[1.956s] Level 1:colcon.colcon_core.environment:checking '/home/joel-bansal/bharat_ws/install/slam_gmapping/lib'
[1.956s] Level 1:colcon.colcon_core.environment:checking '/home/joel-bansal/bharat_ws/install/slam_gmapping/bin'
[1.956s] Level 1:colcon.colcon_core.environment:checking '/home/joel-bansal/bharat_ws/install/slam_gmapping/lib/pkgconfig/slam_gmapping.pc'
[1.957s] Level 1:colcon.colcon_core.environment:checking '/home/joel-bansal/bharat_ws/install/slam_gmapping/lib/python3.10/site-packages'
[1.958s] Level 1:colcon.colcon_core.environment:checking '/home/joel-bansal/bharat_ws/install/slam_gmapping/bin'
[1.959s] INFO:colcon.colcon_core.shell:Creating package script '/home/joel-bansal/bharat_ws/install/slam_gmapping/share/slam_gmapping/package.ps1'
[1.960s] INFO:colcon.colcon_core.shell:Creating package descriptor '/home/joel-bansal/bharat_ws/install/slam_gmapping/share/slam_gmapping/package.dsv'
[1.961s] INFO:colcon.colcon_core.shell:Creating package script '/home/joel-bansal/bharat_ws/install/slam_gmapping/share/slam_gmapping/package.sh'
[1.962s] INFO:colcon.colcon_core.shell:Creating package script '/home/joel-bansal/bharat_ws/install/slam_gmapping/share/slam_gmapping/package.bash'
[1.963s] INFO:colcon.colcon_core.shell:Creating package script '/home/joel-bansal/bharat_ws/install/slam_gmapping/share/slam_gmapping/package.zsh'
[1.963s] Level 1:colcon.colcon_core.environment:create_file_with_runtime_dependencies(/home/joel-bansal/bharat_ws/install/slam_gmapping/share/colcon-core/packages/slam_gmapping)
[2.015s] Level 1:colcon.colcon_core.environment:create_environment_scripts_only(slam_gmapping)
[2.015s] Level 1:colcon.colcon_core.environment:checking '/home/joel-bansal/bharat_ws/install/slam_gmapping' for CMake module files
[2.016s] Level 1:colcon.colcon_core.environment:checking '/home/joel-bansal/bharat_ws/install/slam_gmapping' for CMake config files
[2.017s] Level 1:colcon.colcon_core.shell:create_environment_hook('slam_gmapping', 'cmake_prefix_path')
[2.017s] INFO:colcon.colcon_core.shell:Creating environment hook '/home/joel-bansal/bharat_ws/install/slam_gmapping/share/slam_gmapping/hook/cmake_prefix_path.ps1'
[2.018s] INFO:colcon.colcon_core.shell:Creating environment descriptor '/home/joel-bansal/bharat_ws/install/slam_gmapping/share/slam_gmapping/hook/cmake_prefix_path.dsv'
[2.019s] INFO:colcon.colcon_core.shell:Creating environment hook '/home/joel-bansal/bharat_ws/install/slam_gmapping/share/slam_gmapping/hook/cmake_prefix_path.sh'
[2.020s] Level 1:colcon.colcon_core.environment:checking '/home/joel-bansal/bharat_ws/install/slam_gmapping/lib'
[2.020s] Level 1:colcon.colcon_core.environment:checking '/home/joel-bansal/bharat_ws/install/slam_gmapping/bin'
[2.020s] Level 1:colcon.colcon_core.environment:checking '/home/joel-bansal/bharat_ws/install/slam_gmapping/lib/pkgconfig/slam_gmapping.pc'
[2.021s] Level 1:colcon.colcon_core.environment:checking '/home/joel-bansal/bharat_ws/install/slam_gmapping/lib/python3.10/site-packages'
[2.021s] Level 1:colcon.colcon_core.environment:checking '/home/joel-bansal/bharat_ws/install/slam_gmapping/bin'
[2.022s] INFO:colcon.colcon_core.shell:Creating package script '/home/joel-bansal/bharat_ws/install/slam_gmapping/share/slam_gmapping/package.ps1'
[2.023s] INFO:colcon.colcon_core.shell:Creating package descriptor '/home/joel-bansal/bharat_ws/install/slam_gmapping/share/slam_gmapping/package.dsv'
[2.024s] INFO:colcon.colcon_core.shell:Creating package script '/home/joel-bansal/bharat_ws/install/slam_gmapping/share/slam_gmapping/package.sh'
[2.025s] INFO:colcon.colcon_core.shell:Creating package script '/home/joel-bansal/bharat_ws/install/slam_gmapping/share/slam_gmapping/package.bash'
[2.026s] INFO:colcon.colcon_core.shell:Creating package script '/home/joel-bansal/bharat_ws/install/slam_gmapping/share/slam_gmapping/package.zsh'
[2.027s] Level 1:colcon.colcon_core.environment:create_file_with_runtime_dependencies(/home/joel-bansal/bharat_ws/install/slam_gmapping/share/colcon-core/packages/slam_gmapping)
[2.027s] DEBUG:colcon.colcon_parallel_executor.executor.parallel:closing loop
[2.027s] DEBUG:colcon.colcon_parallel_executor.executor.parallel:loop closed
[2.028s] DEBUG:colcon.colcon_parallel_executor.executor.parallel:run_until_complete finished with '0'
[2.028s] DEBUG:colcon.colcon_core.event_reactor:joining thread
[2.041s] INFO:colcon.colcon_core.plugin_system:Skipping extension 'colcon_notification.desktop_notification.terminal_notifier': Not used on non-Darwin systems
[2.041s] INFO:colcon.colcon_core.plugin_system:Skipping extension 'colcon_notification.desktop_notification.win32': Not used on non-Windows systems
[2.041s] INFO:colcon.colcon_notification.desktop_notification:Sending desktop notification using 'notify2'
[2.059s] DEBUG:colcon.colcon_core.event_reactor:joined thread
[2.060s] INFO:colcon.colcon_core.shell:Creating prefix script '/home/joel-bansal/bharat_ws/install/local_setup.ps1'
[2.063s] INFO:colcon.colcon_core.shell:Creating prefix util module '/home/joel-bansal/bharat_ws/install/_local_setup_util_ps1.py'
[2.068s] INFO:colcon.colcon_core.shell:Creating prefix chain script '/home/joel-bansal/bharat_ws/install/setup.ps1'
[2.071s] INFO:colcon.colcon_core.shell:Creating prefix script '/home/joel-bansal/bharat_ws/install/local_setup.sh'
[2.072s] INFO:colcon.colcon_core.shell:Creating prefix util module '/home/joel-bansal/bharat_ws/install/_local_setup_util_sh.py'
[2.075s] INFO:colcon.colcon_core.shell:Creating prefix chain script '/home/joel-bansal/bharat_ws/install/setup.sh'
[2.077s] INFO:colcon.colcon_core.shell:Creating prefix script '/home/joel-bansal/bharat_ws/install/local_setup.bash'
[2.078s] INFO:colcon.colcon_core.shell:Creating prefix chain script '/home/joel-bansal/bharat_ws/install/setup.bash'
[2.080s] INFO:colcon.colcon_core.shell:Creating prefix script '/home/joel-bansal/bharat_ws/install/local_setup.zsh'
[2.082s] INFO:colcon.colcon_core.shell:Creating prefix chain script '/home/joel-bansal/bharat_ws/install/setup.zsh'
