-- The C compiler identification is GNU 11.4.0
-- The CXX compiler identification is GNU 11.4.0
-- Detecting C compiler ABI info
-- Detecting C compiler ABI info - done
-- Check for working C compiler: /usr/bin/cc - skipped
-- Detecting C compile features
-- Detecting C compile features - done
-- Detecting CXX compiler ABI info
-- Detecting CXX compiler ABI info - done
-- Check for working CXX compiler: /usr/bin/c++ - skipped
-- Detecting CXX compile features
-- Detecting CXX compile features - done
-- Found ament_cmake: 1.3.10 (/opt/ros/humble/share/ament_cmake/cmake)
-- Found Python3: /usr/bin/python3 (found version "3.10.12") found components: Interpreter 
-- Found rclcpp: 16.0.10 (/opt/ros/humble/share/rclcpp/cmake)
-- Found rosidl_generator_c: 3.1.5 (/opt/ros/humble/share/rosidl_generator_c/cmake)
-- Found rosidl_adapter: 3.1.5 (/opt/ros/humble/share/rosidl_adapter/cmake)
-- Found rosidl_generator_cpp: 3.1.5 (/opt/ros/humble/share/rosidl_generator_cpp/cmake)
-- Using all available rosidl_typesupport_c: rosidl_typesupport_fastrtps_c;rosidl_typesupport_introspection_c
-- Using all available rosidl_typesupport_cpp: rosidl_typesupport_fastrtps_cpp;rosidl_typesupport_introspection_cpp
-- Found rmw_implementation_cmake: 6.1.2 (/opt/ros/humble/share/rmw_implementation_cmake/cmake)
-- Found rmw_fastrtps_cpp: 6.2.7 (/opt/ros/humble/share/rmw_fastrtps_cpp/cmake)
-- Found OpenSSL: /usr/lib/x86_64-linux-gnu/libcrypto.so (found version "3.0.2")  
-- Found FastRTPS: /opt/ros/humble/include  
-- Using RMW implementation 'rmw_fastrtps_cpp' as default
-- Looking for pthread.h
-- Looking for pthread.h - found
-- Performing Test CMAKE_HAVE_LIBC_PTHREAD
-- Performing Test CMAKE_HAVE_LIBC_PTHREAD - Success
-- Found Threads: TRUE  
-- Found geometry_msgs: 4.2.4 (/opt/ros/humble/share/geometry_msgs/cmake)
-- Found image_geometry: 3.2.1 (/opt/ros/humble/share/image_geometry/cmake)
-- Found map_msgs: 2.1.0 (/opt/ros/humble/share/map_msgs/cmake)
-- Found tf2_geometry_msgs: 0.25.8 (/opt/ros/humble/share/tf2_geometry_msgs/cmake)
-- Found eigen3_cmake_module: 0.1.1 (/opt/ros/humble/share/eigen3_cmake_module/cmake)
-- Found Eigen3: TRUE (found version "3.4.0") 
-- Ensuring Eigen3 include directory is part of orocos-kdl CMake target
-- Found Boost: /usr/lib/x86_64-linux-gnu/cmake/Boost-1.74.0/BoostConfig.cmake (found version "1.74.0") found components: thread 
-- Found OpenCV: /usr/local (found version "4.9.0") 
-- Found ament_lint_auto: 0.12.11 (/opt/ros/humble/share/ament_lint_auto/cmake)
-- Found ament_cmake_gtest: 1.3.10 (/opt/ros/humble/share/ament_cmake_gtest/cmake)
--2024-11-25 18:08:44--  https://raw.githubusercontent.com/hrnr/m-explore-extra/master/map_merge/hector_maps/map00.pgm
Resolving raw.githubusercontent.com (raw.githubusercontent.com)... 185.199.108.133, 185.199.110.133, 185.199.109.133, ...
Connecting to raw.githubusercontent.com (raw.githubusercontent.com)|185.199.108.133|:443... connected.
HTTP request sent, awaiting response... 200 OK
Length: 4194362 (4.0M) [application/octet-stream]
Saving to: ‘/home/joel-bansal/multi_bot_map_merging/bharat_ws4/build/multirobot_map_merge/map00.pgm’

     0K .......... .......... .......... .......... ..........  1%  555K 7s
    50K .......... .......... .......... .......... ..........  2% 1002K 6s
   100K .......... .......... .......... .......... ..........  3%  829K 5s
   150K .......... .......... .......... .......... ..........  4% 14.0M 4s
   200K .......... .......... .......... .......... ..........  6% 1.27M 4s
   250K .......... .......... .......... .......... ..........  7%  844K 4s
   300K .......... .......... .......... .......... ..........  8% 5.04M 3s
   350K .......... .......... .......... .......... ..........  9% 1.49M 3s
   400K .......... .......... .......... .......... .......... 10% 6.90M 3s
   450K .......... .......... .......... .......... .......... 12%  515K 3s
   500K .......... .......... .......... .......... .......... 13% 4.35M 3s
   550K .......... .......... .......... .......... .......... 14% 5.24M 3s
   600K .......... .......... .......... .......... .......... 15% 1.61M 3s
   650K .......... .......... .......... .......... .......... 17%  498K 3s
   700K .......... .......... .......... .......... .......... 18% 3.54M 3s
   750K .......... .......... .......... .......... .......... 19% 1.13M 3s
   800K .......... .......... .......... .......... .......... 20% 10.3M 3s
   850K .......... .......... .......... .......... .......... 21%  352K 3s
   900K .......... .......... .......... .......... .......... 23% 3.26M 3s
   950K .......... .......... .......... .......... .......... 24% 1.06M 3s
  1000K .......... .......... .......... .......... .......... 25% 15.8M 3s
  1050K .......... .......... .......... .......... .......... 26% 1.12M 2s
  1100K .......... .......... .......... .......... .......... 28% 6.08M 2s
  1150K .......... .......... .......... .......... .......... 29%  557K 2s
  1200K .......... .......... .......... .......... .......... 30% 2.46M 2s
  1250K .......... .......... .......... .......... .......... 31% 1.14M 2s
  1300K .......... .......... .......... .......... .......... 32% 21.2M 2s
  1350K .......... .......... .......... .......... .......... 34% 9.51M 2s
  1400K .......... .......... .......... .......... .......... 35% 1.21M 2s
  1450K .......... .......... .......... .......... .......... 36%  511K 2s
  1500K .......... .......... .......... .......... .......... 37% 46.9M 2s
  1550K .......... .......... .......... .......... .......... 39% 1.06M 2s
  1600K .......... .......... .......... .......... .......... 40% 3.72M 2s
  1650K .......... .......... .......... .......... .......... 41% 26.7M 2s
  1700K .......... .......... .......... .......... .......... 42% 1.15M 2s
  1750K .......... .......... .......... .......... .......... 43% 3.70M 2s
  1800K .......... .......... .......... .......... .......... 45%  361K 2s
  1850K .......... .......... .......... .......... .......... 46% 12.9M 2s
  1900K .......... .......... .......... .......... .......... 47% 1.08M 2s
  1950K .......... .......... .......... .......... .......... 48% 3.90M 2s
  2000K .......... .......... .......... .......... .......... 50% 1.00M 2s
  2050K .......... .......... .......... .......... .......... 51% 82.0M 2s
  2100K .......... .......... .......... .......... .......... 52% 7.00M 1s
  2150K .......... .......... .......... .......... .......... 53% 1.43M 1s
  2200K .......... .......... .......... .......... .......... 54%  938K 1s
  2250K .......... .......... .......... .......... .......... 56%  331K 1s
  2300K .......... .......... .......... .......... .......... 57% 2.74M 1s
  2350K .......... .......... .......... .......... .......... 58% 1.35M 1s
  2400K .......... .......... .......... .......... .......... 59% 4.84M 1s
  2450K .......... .......... .......... .......... .......... 61% 1.35M 1s
  2500K .......... .......... .......... .......... .......... 62% 2.94M 1s
  2550K .......... .......... .......... .......... .......... 63%  360K 1s
  2600K .......... .......... .......... .......... .......... 64% 8.37M 1s
  2650K .......... .......... .......... .......... .......... 65% 8.81M 1s
  2700K .......... .......... .......... .......... .......... 67% 1.02M 1s
  2750K .......... .......... .......... .......... .......... 68% 8.23M 1s
  2800K .......... .......... .......... .......... .......... 69%  146K 1s
  2850K .......... .......... .......... .......... .......... 70% 16.4M 1s
  2900K .......... .......... .......... .......... .......... 72% 15.7M 1s
  2950K .......... .......... .......... .......... .......... 73% 5.01M 1s
  3000K .......... .......... .......... .......... .......... 74% 1.21M 1s
  3050K .......... .......... .......... .......... .......... 75%  504K 1s
  3100K .......... .......... .......... .......... .......... 76% 4.01M 1s
  3150K .......... .......... .......... .......... .......... 78% 16.2M 1s
  3200K .......... .......... .......... .......... .......... 79%  516K 1s
  3250K .......... .......... .......... .......... .......... 80% 6.93M 1s
  3300K .......... .......... .......... .......... .......... 81%  165K 1s
  3350K .......... .......... .......... .......... .......... 83% 1.17M 1s
  3400K .......... .......... .......... .......... .......... 84%  707K 1s
  3450K .......... .......... .......... .......... .......... 85% 1.51M 1s
  3500K .......... .......... .......... .......... .......... 86%  249K 1s
  3550K .......... .......... .......... .......... .......... 87% 7.24M 0s
  3600K .......... .......... .......... .......... .......... 89% 38.8K 1s
  3650K .......... .......... .......... .......... .......... 90% 74.9M 1s
  3700K .......... .......... .......... .......... .......... 91% 65.9M 0s
  3750K .......... .......... .......... .......... .......... 92% 77.8M 0s
  3800K .......... .......... .......... .......... .......... 93% 82.6M 0s
  3850K .......... .......... .......... .......... .......... 95%  128K 0s
  3900K .......... .......... .......... .......... .......... 96% 22.0M 0s
  3950K .......... .......... .......... .......... .......... 97% 12.9M 0s
  4000K .......... .......... .......... .......... .......... 98% 76.6M 0s
  4050K .......... .......... .......... .......... ......    100% 5.67M=5.1s

2024-11-25 18:08:50 (800 KB/s) - ‘/home/joel-bansal/multi_bot_map_merging/bharat_ws4/build/multirobot_map_merge/map00.pgm’ saved [4194362/4194362]

Checking MD5 sum of /home/joel-bansal/multi_bot_map_merging/bharat_ws4/build/multirobot_map_merge/map00.pgm
/home/joel-bansal/multi_bot_map_merging/bharat_ws4/build/multirobot_map_merge/map00.pgm: OK
--2024-11-25 18:08:50--  https://raw.githubusercontent.com/hrnr/m-explore-extra/master/map_merge/hector_maps/map05.pgm
Resolving raw.githubusercontent.com (raw.githubusercontent.com)... 185.199.108.133, 185.199.110.133, 185.199.109.133, ...
Connecting to raw.githubusercontent.com (raw.githubusercontent.com)|185.199.108.133|:443... connected.
HTTP request sent, awaiting response... 200 OK
Length: 4194362 (4.0M) [application/octet-stream]
Saving to: ‘/home/joel-bansal/multi_bot_map_merging/bharat_ws4/build/multirobot_map_merge/map05.pgm’

     0K .......... .......... .......... .......... ..........  1% 64.1K 63s
    50K .......... .......... .......... .......... ..........  2% 40.7K 80s
   100K .......... .......... .......... .......... ..........  3% 57.4M 53s
   150K .......... .......... .......... .......... ..........  4%  102K 49s
   200K .......... .......... .......... .......... ..........  6%  163K 43s
   250K .......... .......... .......... .......... ..........  7%  163K 39s
   300K .......... .......... .......... .......... ..........  8%  244K 36s
   350K .......... .......... .......... .......... ..........  9%  241K 33s
   400K .......... .......... .......... .......... .......... 10%  331K 30s
   450K .......... .......... .......... .......... .......... 12%  244K 28s
   500K .......... .......... .......... .......... .......... 13%  315K 26s
   550K .......... .......... .......... .......... .......... 14%  195K 25s
   600K .......... .......... .......... .......... .......... 15%  334K 24s
   650K .......... .......... .......... .......... .......... 17%  197K 23s
   700K .......... .......... .......... .......... .......... 18%  476K 21s
   750K .......... .......... .......... .......... .......... 19%  331K 20s
   800K .......... .......... .......... .......... .......... 20%  326K 20s
   850K .......... .......... .......... .......... .......... 21%  471K 19s
   900K .......... .......... .......... .......... .......... 23%  329K 18s
   950K .......... .......... .......... .......... .......... 24%  481K 17s
  1000K .......... .......... .......... .......... .......... 25%  331K 16s
  1050K .......... .......... .......... .......... .......... 26%  326K 16s
  1100K .......... .......... .......... .......... .......... 28%  321K 15s
  1150K .......... .......... .......... .......... .......... 29%  510K 15s
  1200K .......... .......... .......... .......... .......... 30%  471K 14s
  1250K .......... .......... .......... .......... .......... 31%  325K 14s
  1300K .......... .......... .......... .......... .......... 32%  481K 13s
  1350K .......... .......... .......... .......... .......... 34%  496K 13s
  1400K .......... .......... .......... .......... .......... 35%  496K 12s
  1450K .......... .......... .......... .......... .......... 36%  480K 12s
  1500K .......... .......... .......... .......... .......... 37%  483K 11s
  1550K .......... .......... .......... .......... .......... 39%  472K 11s
  1600K .......... .......... .......... .......... .......... 40%  514K 10s
  1650K .......... .......... .......... .......... .......... 41%  487K 10s
  1700K .......... .......... .......... .......... .......... 42%  492K 10s
  1750K .......... .......... .......... .......... .......... 43%  489K 9s
  1800K .......... .......... .......... .......... .......... 45%  475K 9s
  1850K .......... .......... .......... .......... .......... 46%  250K 9s
  1900K .......... .......... .......... .......... .......... 47%  899K 8s
  1950K .......... .......... .......... .......... .......... 48%  490K 8s
  2000K .......... .......... .......... .......... .......... 50%  507K 8s
  2050K .......... .......... .......... .......... .......... 51%  475K 8s
  2100K .......... .......... .......... .......... .......... 52%  497K 7s
  2150K .......... .......... .......... .......... .......... 53%  910K 7s
  2200K .......... .......... .......... .......... .......... 54%  507K 7s
  2250K .......... .......... .......... .......... .......... 56%  493K 7s
  2300K .......... .......... .......... .......... .......... 57%  458K 6s
  2350K .......... .......... .......... .......... .......... 58% 1.07M 6s
  2400K .......... .......... .......... .......... .......... 59%  314K 6s
  2450K .......... .......... .......... .......... .......... 61% 1.06M 6s
  2500K .......... .......... .......... .......... .......... 62%  875K 5s
  2550K .......... .......... .......... .......... .......... 63%  511K 5s
  2600K .......... .......... .......... .......... .......... 64%  501K 5s
  2650K .......... .......... .......... .......... .......... 65%  970K 5s
  2700K .......... .......... .......... .......... .......... 67%  916K 4s
  2750K .......... .......... .......... .......... .......... 68%  504K 4s
  2800K .......... .......... .......... .......... .......... 69%  977K 4s
  2850K .......... .......... .......... .......... .......... 70%  867K 4s
  2900K .......... .......... .......... .......... .......... 72%  517K 4s
  2950K .......... .......... .......... .......... .......... 73% 1008K 3s
  3000K .......... .......... .......... .......... .......... 74%  880K 3s
  3050K .......... .......... .......... .......... .......... 75% 1024K 3s
  3100K .......... .......... .......... .......... .......... 76%  872K 3s
  3150K .......... .......... .......... .......... .......... 78%  517K 3s
  3200K .......... .......... .......... .......... .......... 79% 1.01M 3s
  3250K .......... .......... .......... .......... .......... 80%  916K 2s
  3300K .......... .......... .......... .......... .......... 81%  501K 2s
  3350K .......... .......... .......... .......... .......... 83% 6.84M 2s
  3400K .......... .......... .......... .......... .......... 84%  530K 2s
  3450K .......... .......... .......... .......... .......... 85%  736K 2s
  3500K .......... .......... .......... .......... .......... 86% 1.29M 2s
  3550K .......... .......... .......... .......... .......... 87%  948K 1s
  3600K .......... .......... .......... .......... .......... 89%  955K 1s
  3650K .......... .......... .......... .......... .......... 90%  973K 1s
  3700K .......... .......... .......... .......... .......... 91% 1.04M 1s
  3750K .......... .......... .......... .......... .......... 92%  965K 1s
  3800K .......... .......... .......... .......... .......... 93% 2.46M 1s
  3850K .......... .......... .......... .......... .......... 95%  509K 1s
  3900K .......... .......... .......... .......... .......... 96%  251K 0s
  3950K .......... .......... .......... .......... .......... 97%  479K 0s
  4000K .......... .......... .......... .......... .......... 98% 1.20M 0s
  4050K .......... .......... .......... .......... ......    100%  927K=11s

2024-11-25 18:09:03 (377 KB/s) - ‘/home/joel-bansal/multi_bot_map_merging/bharat_ws4/build/multirobot_map_merge/map05.pgm’ saved [4194362/4194362]

Checking MD5 sum of /home/joel-bansal/multi_bot_map_merging/bharat_ws4/build/multirobot_map_merge/map05.pgm
/home/joel-bansal/multi_bot_map_merging/bharat_ws4/build/multirobot_map_merge/map05.pgm: OK
--2024-11-25 18:09:03--  https://raw.githubusercontent.com/hrnr/m-explore-extra/master/map_merge/gmapping_maps/2011-08-09-12-22-52.pgm
Resolving raw.githubusercontent.com (raw.githubusercontent.com)... 185.199.110.133, 185.199.109.133, 185.199.108.133, ...
Connecting to raw.githubusercontent.com (raw.githubusercontent.com)|185.199.110.133|:443... connected.
HTTP request sent, awaiting response... 200 OK
Length: 16000058 (15M) [application/octet-stream]
Saving to: ‘/home/joel-bansal/multi_bot_map_merging/bharat_ws4/build/multirobot_map_merge/2011-08-09-12-22-52.pgm’

     0K .......... .......... .......... .......... ..........  0% 81.8K 3m11s
    50K .......... .......... .......... .......... ..........  0%  244K 2m7s
   100K .......... .......... .......... .......... ..........  0% 82.4K 2m27s
   150K .......... .......... .......... .......... ..........  1% 46.2K 3m13s
   200K .......... .......... .......... .......... ..........  1% 42.3K 3m47s
   250K .......... .......... .......... .......... ..........  1% 65.3K 3m47s
   300K .......... .......... .......... .......... ..........  2% 81.3K 3m41s
   350K .......... .......... .......... .......... ..........  2%  109K 3m30s
   400K .......... .......... .......... .......... ..........  2% 97.6K 3m24s
   450K .......... .......... .......... .......... ..........  3%  195K 3m10s
   500K .......... .......... .......... .......... ..........  3%  198K 2m59s
   550K .......... .......... .......... .......... ..........  3%  243K 2m49s
   600K .......... .......... .......... .......... ..........  4%  219K 2m41s
   650K .......... .......... .......... .......... ..........  4%  176K 2m35s
   700K .......... .......... .......... .......... ..........  4%  243K 2m28s
   750K .......... .......... .......... .......... ..........  5%  323K 2m21s
   800K .......... .......... .......... .......... ..........  5%  327K 2m15s
   850K .......... .......... .......... .......... ..........  5%  246K 2m11s
   900K .......... .......... .......... .......... ..........  6%  479K 2m5s
   950K .......... .......... .......... .......... ..........  6%  325K 2m1s
  1000K .......... .......... .......... .......... ..........  6%  325K 1m57s
  1050K .......... .......... .......... .......... ..........  7%  237K 1m54s
  1100K .......... .......... .......... .......... ..........  7%  519K 1m50s
  1150K .......... .......... .......... .......... ..........  7%  330K 1m46s
  1200K .......... .......... .......... .......... ..........  7%  322K 1m44s
  1250K .......... .......... .......... .......... ..........  8%  489K 1m40s
  1300K .......... .......... .......... .......... ..........  8%  326K 98s
  1350K .......... .......... .......... .......... ..........  8%  328K 96s
  1400K .......... .......... .......... .......... ..........  9%  489K 93s
  1450K .......... .......... .......... .......... ..........  9%  485K 91s
  1500K .......... .......... .......... .......... ..........  9%  488K 88s
  1550K .......... .......... .......... .......... .......... 10%  244K 87s
  1600K .......... .......... .......... .......... .......... 10%  493K 85s
  1650K .......... .......... .......... .......... .......... 10%  473K 83s
  1700K .......... .......... .......... .......... .......... 11%  491K 81s
  1750K .......... .......... .......... .......... .......... 11%  489K 79s
  1800K .......... .......... .......... .......... .......... 11%  495K 78s
  1850K .......... .......... .......... .......... .......... 12%  471K 76s
  1900K .......... .......... .......... .......... .......... 12% 1023K 74s
  1950K .......... .......... .......... .......... .......... 12%  916K 73s
  2000K .......... .......... .......... .......... .......... 13%  489K 71s
  2050K .......... .......... .......... .......... .......... 13%  490K 70s
  2100K .......... .......... .......... .......... .......... 13%  999K 68s
  2150K .......... .......... .......... .......... .......... 14%  486K 67s
  2200K .......... .......... .......... .......... .......... 14%  483K 66s
  2250K .......... .......... .......... .......... .......... 14%  857K 65s
  2300K .......... .......... .......... .......... .......... 15% 1.05M 63s
  2350K .......... .......... .......... .......... .......... 15%  941K 62s
  2400K .......... .......... .......... .......... .......... 15% 1.01M 61s
  2450K .......... .......... .......... .......... .......... 15%  513K 60s
  2500K .......... .......... .......... .......... .......... 16%  933K 59s
  2550K .......... .......... .......... .......... .......... 16% 1012K 58s
  2600K .......... .......... .......... .......... .......... 16% 1006K 57s
  2650K .......... .......... .......... .......... .......... 17%  932K 56s
  2700K .......... .......... .......... .......... .......... 17%  971K 55s
  2750K .......... .......... .......... .......... .......... 17%  960K 54s
  2800K .......... .......... .......... .......... .......... 18% 1.02M 53s
  2850K .......... .......... .......... .......... .......... 18%  964K 52s
  2900K .......... .......... .......... .......... .......... 18% 2.76M 51s
  2950K .......... .......... .......... .......... .......... 19%  593K 50s
  3000K .......... .......... .......... .......... .......... 19% 4.76M 49s
  3050K .......... .......... .......... .......... .......... 19% 1.15M 48s
  3100K .......... .......... .......... .......... .......... 20%  948K 48s
  3150K .......... .......... .......... .......... .......... 20% 3.30M 47s
  3200K .......... .......... .......... .......... .......... 20%  589K 46s
  3250K .......... .......... .......... .......... .......... 21% 10.9M 45s
  3300K .......... .......... .......... .......... .......... 21% 1.03M 45s
  3350K .......... .......... .......... .......... .......... 21%  931K 44s
  3400K .......... .......... .......... .......... .......... 22%  921K 43s
  3450K .......... .......... .......... .......... .......... 22% 1.01M 43s
  3500K .......... .......... .......... .......... .......... 22% 4.24M 42s
  3550K .......... .......... .......... .......... .......... 23% 1.12M 41s
  3600K .......... .......... .......... .......... .......... 23% 1.05M 41s
  3650K .......... .......... .......... .......... .......... 23% 4.29M 40s
  3700K .......... .......... .......... .......... .......... 23% 1.18M 40s
  3750K .......... .......... .......... .......... .......... 24%  829K 39s
  3800K .......... .......... .......... .......... .......... 24%  247K 39s
  3850K .......... .......... .......... .......... .......... 24% 1.22M 38s
  3900K .......... .......... .......... .......... .......... 25%  735K 38s
  3950K .......... .......... .......... .......... .......... 25% 1.46M 37s
  4000K .......... .......... .......... .......... .......... 25% 5.37M 37s
  4050K .......... .......... .......... .......... .......... 26%  325K 37s
  4100K .......... .......... .......... .......... .......... 26% 3.52M 36s
  4150K .......... .......... .......... .......... .......... 26% 1.63M 36s
  4200K .......... .......... .......... .......... .......... 27%  194K 36s
  4250K .......... .......... .......... .......... .......... 27% 74.6M 35s
  4300K .......... .......... .......... .......... .......... 27% 61.4K 37s
  4350K .......... .......... .......... .......... .......... 28% 68.1M 36s
  4400K .......... .......... .......... .......... .......... 28% 77.6M 36s
  4450K .......... .......... .......... .......... .......... 28% 9.34M 35s
  4500K .......... .......... .......... .......... .......... 29% 78.4M 35s
  4550K .......... .......... .......... .......... .......... 29% 31.7K 38s
  4600K .......... .......... .......... .......... .......... 29% 71.1M 37s
  4650K .......... .......... .......... .......... .......... 30% 87.7M 37s
  4700K .......... .......... .......... .......... .......... 30% 84.6M 36s
  4750K .......... .......... .......... .......... .......... 30% 80.4K 37s
  4800K .......... .......... .......... .......... .......... 31% 75.7K 38s
  4850K .......... .......... .......... .......... .......... 31% 75.4M 37s
  4900K .......... .......... .......... .......... .......... 31% 48.8K 39s
  4950K .......... .......... .......... .......... .......... 31% 88.4K 40s
  5000K .......... .......... .......... .......... .......... 32% 61.2K 41s
  5050K .......... .......... .......... .......... .......... 32%  141K 41s
  5100K .......... .......... .......... .......... .......... 32%  195K 41s
  5150K .......... .......... .......... .......... .......... 33%  163K 41s
  5200K .......... .......... .......... .......... .......... 33%  243K 41s
  5250K .......... .......... .......... .......... .......... 33%  194K 41s
  5300K .......... .......... .......... .......... .......... 34%  196K 41s
  5350K .......... .......... .......... .......... .......... 34%  242K 40s
  5400K .......... .......... .......... .......... .......... 34%  247K 40s
  5450K .......... .......... .......... .......... .......... 35%  245K 40s
  5500K .......... .......... .......... .......... .......... 35%  318K 40s
  5550K .......... .......... .......... .......... .......... 35%  327K 39s
  5600K .......... .......... .......... .......... .......... 36%  327K 39s
  5650K .......... .......... .......... .......... .......... 36%  327K 39s
  5700K .......... .......... .......... .......... .......... 36%  328K 39s
  5750K .......... .......... .......... .......... .......... 37%  464K 38s
  5800K .......... .......... .......... .......... .......... 37%  338K 38s
  5850K .......... .......... .......... .......... .......... 37%  319K 38s
  5900K .......... .......... .......... .......... .......... 38%  493K 37s
  5950K .......... .......... .......... .......... .......... 38%  326K 37s
  6000K .......... .......... .......... .......... .......... 38%  328K 37s
  6050K .......... .......... .......... .......... .......... 39%  487K 37s
  6100K .......... .......... .......... .......... .......... 39%  489K 36s
  6150K .......... .......... .......... .......... .......... 39%  466K 36s
  6200K .......... .......... .......... .......... .......... 39%  331K 36s
  6250K .......... .......... .......... .......... .......... 40%  471K 35s
  6300K .......... .......... .......... .......... .......... 40%  493K 35s
  6350K .......... .......... .......... .......... .......... 40%  501K 35s
  6400K .......... .......... .......... .......... .......... 41%  478K 34s
  6450K .......... .......... .......... .......... .......... 41%  502K 34s
  6500K .......... .......... .......... .......... .......... 41%  486K 34s
  6550K .......... .......... .......... .......... .......... 42%  489K 33s
  6600K .......... .......... .......... .......... .......... 42%  490K 33s
  6650K .......... .......... .......... .......... .......... 42%  488K 33s
  6700K .......... .......... .......... .......... .......... 43%  492K 33s
  6750K .......... .......... .......... .......... .......... 43%  478K 32s
  6800K .......... .......... .......... .......... .......... 43%  481K 32s
  6850K .......... .......... .......... .......... .......... 44%  503K 32s
  6900K .......... .......... .......... .......... .......... 44%  485K 31s
  6950K .......... .......... .......... .......... .......... 44%  478K 31s
  7000K .......... .......... .......... .......... .......... 45%  515K 31s
  7050K .......... .......... .......... .......... .......... 45%  477K 31s
  7100K .......... .......... .......... .......... .......... 45%  968K 30s
  7150K .......... .......... .......... .......... .......... 46%  497K 30s
  7200K .......... .......... .......... .......... .......... 46%  484K 30s
  7250K .......... .......... .......... .......... .......... 46%  495K 29s
  7300K .......... .......... .......... .......... .......... 47%  833K 29s
  7350K .......... .......... .......... .......... .......... 47%  506K 29s
  7400K .......... .......... .......... .......... .......... 47%  513K 29s
  7450K .......... .......... .......... .......... .......... 47% 6.39M 28s
  7500K .......... .......... .......... .......... .......... 48%  514K 28s
  7550K .......... .......... .......... .......... .......... 48%  481K 28s
  7600K .......... .......... .......... .......... .......... 48%  970K 27s
  7650K .......... .......... .......... .......... .......... 49%  954K 27s
  7700K .......... .......... .......... .......... .......... 49%  505K 27s
  7750K .......... .......... .......... .......... .......... 49% 1.02M 27s
  7800K .......... .......... .......... .......... .......... 50%  916K 26s
  7850K .......... .......... .......... .......... .......... 50%  975K 26s
  7900K .......... .......... .......... .......... .......... 50%  703K 26s
  7950K .......... .......... .......... .......... .......... 51%  613K 26s
  8000K .......... .......... .......... .......... .......... 51%  925K 25s
  8050K .......... .......... .......... .......... .......... 51% 1011K 25s
  8100K .......... .......... .......... .......... .......... 52%  806K 25s
  8150K .......... .......... .......... .......... .......... 52% 1.20M 24s
  8200K .......... .......... .......... .......... .......... 52%  977K 24s
  8250K .......... .......... .......... .......... .......... 53%  916K 24s
  8300K .......... .......... .......... .......... .......... 53%  831K 24s
  8350K .......... .......... .......... .......... .......... 53% 1.36M 23s
  8400K .......... .......... .......... .......... .......... 54%  927K 23s
  8450K .......... .......... .......... .......... .......... 54% 6.13M 23s
  8500K .......... .......... .......... .......... .......... 54% 1.13M 23s
  8550K .......... .......... .......... .......... .......... 55%  867K 22s
  8600K .......... .......... .......... .......... .......... 55%  530K 22s
  8650K .......... .......... .......... .......... .......... 55%  478K 22s
  8700K .......... .......... .......... .......... .......... 55%  467K 22s
  8750K .......... .......... .......... .......... .......... 56%  469K 22s
  8800K .......... .......... .......... .......... .......... 56%  531K 21s
  8850K .......... .......... .......... .......... .......... 56% 8.85M 21s
  8900K .......... .......... .......... .......... .......... 57%  530K 21s
  8950K .......... .......... .......... .......... .......... 57%  483K 21s
  9000K .......... .......... .......... .......... .......... 57% 5.24M 20s
  9050K .......... .......... .......... .......... .......... 58% 5.37M 20s
  9100K .......... .......... .......... .......... .......... 58%  608K 20s
  9150K .......... .......... .......... .......... .......... 58% 4.95M 20s
  9200K .......... .......... .......... .......... .......... 59%  455K 20s
  9250K .......... .......... .......... .......... .......... 59% 1.47M 19s
  9300K .......... .......... .......... .......... .......... 59%  767K 19s
  9350K .......... .......... .......... .......... .......... 60% 7.65M 19s
  9400K .......... .......... .......... .......... .......... 60%  504K 19s
  9450K .......... .......... .......... .......... .......... 60% 1.51M 18s
  9500K .......... .......... .......... .......... .......... 61% 74.6K 19s
  9550K .......... .......... .......... .......... .......... 61% 12.9M 18s
  9600K .......... .......... .......... .......... .......... 61% 76.3M 18s
  9650K .......... .......... .......... .......... .......... 62% 79.5M 18s
  9700K .......... .......... .......... .......... .......... 62%  136K 18s
  9750K .......... .......... .......... .......... .......... 62% 78.2M 18s
  9800K .......... .......... .......... .......... .......... 63% 26.7K 18s
  9850K .......... .......... .......... .......... .......... 63% 79.5M 18s
  9900K .......... .......... .......... .......... .......... 63% 64.7M 18s
  9950K .......... .......... .......... .......... .......... 63% 79.0M 18s
 10000K .......... .......... .......... .......... .......... 64% 74.8M 17s
 10050K .......... .......... .......... .......... .......... 64% 64.9M 17s
 10100K .......... .......... .......... .......... .......... 64% 78.1M 17s
 10150K .......... .......... .......... .......... .......... 65% 70.7M 17s
 10200K .......... .......... .......... .......... .......... 65% 33.8M 17s
 10250K .......... .......... .......... .......... .......... 65%  288K 16s
 10300K .......... .......... .......... .......... .......... 66% 69.0M 16s
 10350K .......... .......... .......... .......... .......... 66% 75.9M 16s
 10400K .......... .......... .......... .......... .......... 66% 81.6K 16s
 10450K .......... .......... .......... .......... .......... 67% 1.25M 16s
 10500K .......... .......... .......... .......... .......... 67%  125K 16s
 10550K .......... .......... .......... .......... .......... 67% 28.7K 16s
 10600K .......... .......... .......... .......... .......... 68%  325K 16s
 10650K .......... .......... .......... .......... .......... 68%  193K 16s
 10700K .......... .......... .......... .......... .......... 68%  246K 16s
 10750K .......... .......... .......... .......... .......... 69%  244K 16s
 10800K .......... .......... .......... .......... .......... 69%  242K 16s
 10850K .......... .......... .......... .......... .......... 69%  246K 15s
 10900K .......... .......... .......... .......... .......... 70%  245K 15s
 10950K .......... .......... .......... .......... .......... 70%  324K 15s
 11000K .......... .......... .......... .......... .......... 70%  324K 15s
 11050K .......... .......... .......... .......... .......... 71%  246K 15s
 11100K .......... .......... .......... .......... .......... 71%  483K 15s
 11150K .......... .......... .......... .......... .......... 71%  321K 14s
 11200K .......... .......... .......... .......... .......... 71%  328K 14s
 11250K .......... .......... .......... .......... .......... 72%  319K 14s
 11300K .......... .......... .......... .......... .......... 72%  335K 14s
 11350K .......... .......... .......... .......... .......... 72%  482K 14s
 11400K .......... .......... .......... .......... .......... 73%  329K 14s
 11450K .......... .......... .......... .......... .......... 73%  485K 13s
 11500K .......... .......... .......... .......... .......... 73%  325K 13s
 11550K .......... .......... .......... .......... .......... 74%  330K 13s
 11600K .......... .......... .......... .......... .......... 74%  487K 13s
 11650K .......... .......... .......... .......... .......... 74%  319K 13s
 11700K .......... .......... .......... .......... .......... 75%  492K 13s
 11750K .......... .......... .......... .......... .......... 75%  493K 12s
 11800K .......... .......... .......... .......... .......... 75%  484K 12s
 11850K .......... .......... .......... .......... .......... 76%  481K 12s
 11900K .......... .......... .......... .......... .......... 76%  313K 12s
 11950K .......... .......... .......... .......... .......... 76%  512K 12s
 12000K .......... .......... .......... .......... .......... 77%  333K 12s
 12050K .......... .......... .......... .......... .......... 77%  498K 11s
 12100K .......... .......... .......... .......... .......... 77%  921K 11s
 12150K .......... .......... .......... .......... .......... 78%  330K 11s
 12200K .......... .......... .......... .......... .......... 78%  488K 11s
 12250K .......... .......... .......... .......... .......... 78%  490K 11s
 12300K .......... .......... .......... .......... .......... 79%  488K 10s
 12350K .......... .......... .......... .......... .......... 79%  482K 10s
 12400K .......... .......... .......... .......... .......... 79%  494K 10s
 12450K .......... .......... .......... .......... .......... 79%  484K 10s
 12500K .......... .......... .......... .......... .......... 80%  486K 10s
 12550K .......... .......... .......... .......... .......... 80%  495K 10s
 12600K .......... .......... .......... .......... .......... 80%  490K 9s
 12650K .......... .......... .......... .......... .......... 81%  932K 9s
 12700K .......... .......... .......... .......... .......... 81%  500K 9s
 12750K .......... .......... .......... .......... .......... 81%  929K 9s
 12800K .......... .......... .......... .......... .......... 82%  494K 9s
 12850K .......... .......... .......... .......... .......... 82%  453K 9s
 12900K .......... .......... .......... .......... .......... 82%  540K 8s
 12950K .......... .......... .......... .......... .......... 83%  865K 8s
 13000K .......... .......... .......... .......... .......... 83%  515K 8s
 13050K .......... .......... .......... .......... .......... 83%  835K 8s
 13100K .......... .......... .......... .......... .......... 84%  516K 8s
 13150K .......... .......... .......... .......... .......... 84%  503K 8s
 13200K .......... .......... .......... .......... .......... 84%  982K 7s
 13250K .......... .......... .......... .......... .......... 85%  920K 7s
 13300K .......... .......... .......... .......... .......... 85%  491K 7s
 13350K .......... .......... .......... .......... .......... 85% 1005K 7s
 13400K .......... .......... .......... .......... .......... 86%  948K 7s
 13450K .......... .......... .......... .......... .......... 86%  508K 7s
 13500K .......... .......... .......... .......... .......... 86%  949K 6s
 13550K .......... .......... .......... .......... .......... 87%  934K 6s
 13600K .......... .......... .......... .......... .......... 87%  502K 6s
 13650K .......... .......... .......... .......... .......... 87% 6.74M 6s
 13700K .......... .......... .......... .......... .......... 87%  525K 6s
 13750K .......... .......... .......... .......... .......... 88%  996K 6s
 13800K .......... .......... .......... .......... .......... 88%  921K 5s
 13850K .......... .......... .......... .......... .......... 88% 1000K 5s
 13900K .......... .......... .......... .......... .......... 89%  983K 5s
 13950K .......... .......... .......... .......... .......... 89%  983K 5s
 14000K .......... .......... .......... .......... .......... 89%  914K 5s
 14050K .......... .......... .......... .......... .......... 90% 1.03M 5s
 14100K .......... .......... .......... .......... .......... 90%  971K 4s
 14150K .......... .......... .......... .......... .......... 90%  975K 4s
 14200K .......... .......... .......... .......... .......... 91%  983K 4s
 14250K .......... .......... .......... .......... .......... 91%  977K 4s
 14300K .......... .......... .......... .......... .......... 91% 8.72M 4s
 14350K .......... .......... .......... .......... .......... 92% 1.03M 4s
 14400K .......... .......... .......... .......... .......... 92%  971K 3s
 14450K .......... .......... .......... .......... .......... 92%  499K 3s
 14500K .......... .......... .......... .......... .......... 93%  792K 3s
 14550K .......... .......... .......... .......... .......... 93%  526K 3s
 14600K .......... .......... .......... .......... .......... 93% 7.97M 3s
 14650K .......... .......... .......... .......... .......... 94% 1.19M 3s
 14700K .......... .......... .......... .......... .......... 94%  810K 3s
 14750K .......... .......... .......... .......... .......... 94% 5.87M 2s
 14800K .......... .......... .......... .......... .......... 95%  539K 2s
 14850K .......... .......... .......... .......... .......... 95% 5.83M 2s
 14900K .......... .......... .......... .......... .......... 95%  572K 2s
 14950K .......... .......... .......... .......... .......... 95%  977K 2s
 15000K .......... .......... .......... .......... .......... 96%  830K 2s
 15050K .......... .......... .......... .......... .......... 96% 7.66M 1s
 15100K .......... .......... .......... .......... .......... 96%  535K 1s
 15150K .......... .......... .......... .......... .......... 97% 7.55M 1s
 15200K .......... .......... .......... .......... .......... 97% 1.22M 1s
 15250K .......... .......... .......... .......... .......... 97%  896K 1s
 15300K .......... .......... .......... .......... .......... 98% 5.96M 1s
 15350K .......... .......... .......... .......... .......... 98%  483K 1s
 15400K .......... .......... .......... .......... .......... 98%  567K 0s
 15450K .......... .......... .......... .......... .......... 99% 3.41M 0s
 15500K .......... .......... .......... .......... .......... 99%  114K 0s
 15550K .......... .......... .......... .......... .......... 99% 54.1M 0s
 15600K .......... .......... .....                           100% 68.5M=44s

2024-11-25 18:09:49 (356 KB/s) - ‘/home/joel-bansal/multi_bot_map_merging/bharat_ws4/build/multirobot_map_merge/2011-08-09-12-22-52.pgm’ saved [16000058/16000058]

Checking MD5 sum of /home/joel-bansal/multi_bot_map_merging/bharat_ws4/build/multirobot_map_merge/2011-08-09-12-22-52.pgm
/home/joel-bansal/multi_bot_map_merging/bharat_ws4/build/multirobot_map_merge/2011-08-09-12-22-52.pgm: OK
--2024-11-25 18:09:49--  https://raw.githubusercontent.com/hrnr/m-explore-extra/master/map_merge/gmapping_maps/2012-01-28-11-12-01.pgm
Resolving raw.githubusercontent.com (raw.githubusercontent.com)... 185.199.109.133, 185.199.110.133, 185.199.111.133, ...
Connecting to raw.githubusercontent.com (raw.githubusercontent.com)|185.199.109.133|:443... connected.
HTTP request sent, awaiting response... 200 OK
Length: 16000058 (15M) [application/octet-stream]
Saving to: ‘/home/joel-bansal/multi_bot_map_merging/bharat_ws4/build/multirobot_map_merge/2012-01-28-11-12-01.pgm’

     0K .......... .......... .......... .......... ..........  0% 40.7K 6m23s
    50K .......... .......... .......... .......... ..........  0% 35.6K 6m48s
   100K .......... .......... .......... .......... ..........  0%  113K 5m17s
   150K .......... .......... .......... .......... ..........  1%  109K 4m32s
   200K .......... .......... .......... .......... ..........  1%  139K 3m59s
   250K .......... .......... .......... .......... ..........  1%  162K 3m35s
   300K .......... .......... .......... .......... ..........  2%  196K 3m14s
   350K .......... .......... .......... .......... ..........  2%  195K 2m59s
   400K .......... .......... .......... .......... ..........  2%  162K 2m49s
   450K .......... .......... .......... .......... ..........  3%  246K 2m38s
   500K .......... .......... .......... .......... ..........  3%  322K 2m27s
   550K .......... .......... .......... .......... ..........  3%  246K 2m20s
   600K .......... .......... .......... .......... ..........  4%  323K 2m12s
   650K .......... .......... .......... .......... ..........  4%  216K 2m7s
   700K .......... .......... .......... .......... ..........  4%  283K 2m2s
   750K .......... .......... .......... .......... ..........  5%  325K 1m57s
   800K .......... .......... .......... .......... ..........  5%  244K 1m53s
   850K .......... .......... .......... .......... ..........  5%  325K 1m49s
   900K .......... .......... .......... .......... ..........  6%  480K 1m44s
   950K .......... .......... .......... .......... ..........  6%  331K 1m41s
  1000K .......... .......... .......... .......... ..........  6%  323K 98s
  1050K .......... .......... .......... .......... ..........  7%  478K 95s
  1100K .......... .......... .......... .......... ..........  7%  332K 92s
  1150K .......... .......... .......... .......... ..........  7%  484K 89s
  1200K .......... .......... .......... .......... ..........  7%  323K 87s
  1250K .......... .......... .......... .......... ..........  8%  455K 85s
  1300K .......... .......... .......... .......... ..........  8%  346K 83s
  1350K .......... .......... .......... .......... ..........  8%  480K 81s
  1400K .......... .......... .......... .......... ..........  9%  331K 79s
  1450K .......... .......... .......... .......... ..........  9%  323K 78s
  1500K .......... .......... .......... .......... ..........  9%  491K 76s
  1550K .......... .......... .......... .......... .......... 10%  484K 74s
  1600K .......... .......... .......... .......... .......... 10%  478K 72s
  1650K .......... .......... .......... .......... .......... 10%  332K 71s
  1700K .......... .......... .......... .......... .......... 11%  489K 70s
  1750K .......... .......... .......... .......... .......... 11%  481K 68s
  1800K .......... .......... .......... .......... .......... 11%  497K 67s
  1850K .......... .......... .......... .......... .......... 12%  490K 66s
  1900K .......... .......... .......... .......... .......... 12%  926K 64s
  1950K .......... .......... .......... .......... .......... 12%  490K 63s
  2000K .......... .......... .......... .......... .......... 13%  488K 62s
  2050K .......... .......... .......... .......... .......... 13%  498K 61s
  2100K .......... .......... .......... .......... .......... 13%  896K 60s
  2150K .......... .......... .......... .......... .......... 14%  513K 59s
  2200K .......... .......... .......... .......... .......... 14%  921K 58s
  2250K .......... .......... .......... .......... .......... 14%  864K 56s
  2300K .......... .......... .......... .......... .......... 15%  533K 56s
  2350K .......... .......... .......... .......... .......... 15%  919K 54s
  2400K .......... .......... .......... .......... .......... 15% 1006K 53s
  2450K .......... .......... .......... .......... .......... 15%  498K 53s
  2500K .......... .......... .......... .......... .......... 16% 5.88M 52s
  2550K .......... .......... .......... .......... .......... 16%  531K 51s
  2600K .......... .......... .......... .......... .......... 16% 5.63M 50s
  2650K .......... .......... .......... .......... .......... 17%  529K 49s
  2700K .......... .......... .......... .......... .......... 17%  490K 48s
  2750K .......... .......... .......... .......... .......... 17%  977K 48s
  2800K .......... .......... .......... .......... .......... 18%  900K 47s
  2850K .......... .......... .......... .......... .......... 18%  338K 47s
  2900K .......... .......... .......... .......... .......... 18% 61.9M 46s
  2950K .......... .......... .......... .......... .......... 19%  973K 45s
  3000K .......... .......... .......... .......... .......... 19% 5.32M 44s
  3050K .......... .......... .......... .......... .......... 19%  490K 43s
  3100K .......... .......... .......... .......... .......... 20% 99.6K 45s
  3150K .......... .......... .......... .......... .......... 20% 86.6M 44s
  3200K .......... .......... .......... .......... .......... 20% 1002K 43s
  3250K .......... .......... .......... .......... .......... 21%  320K 43s
  3300K .......... .......... .......... .......... .......... 21%  245K 43s
  3350K .......... .......... .......... .......... .......... 21%  245K 43s
  3400K .......... .......... .......... .......... .......... 22%  109K 44s
  3450K .......... .......... .......... .......... .......... 22% 61.1K 46s
  3500K .......... .......... .......... .......... .......... 22% 53.7M 45s
  3550K .......... .......... .......... .......... .......... 23% 50.9K 47s
  3600K .......... .......... .......... .......... .......... 23% 15.1K 57s
  3650K .......... .......... .......... .......... .......... 23% 57.4K 59s
  3700K .......... .......... .......... .......... .......... 23% 65.0K 60s
  3750K .......... .......... .......... .......... .......... 24%  122K 61s
  3800K .......... .......... .......... .......... .......... 24%  109K 61s
  3850K .......... .......... .......... .......... .......... 24%  195K 61s
  3900K .......... .......... .......... .......... .......... 25%  162K 61s
  3950K .......... .......... .......... .......... .......... 25%  197K 60s
  4000K .......... .......... .......... .......... .......... 25%  163K 60s
  4050K .......... .......... .......... .......... .......... 26%  244K 60s
  4100K .......... .......... .......... .......... .......... 26%  241K 59s
  4150K .......... .......... .......... .......... .......... 26%  246K 59s
  4200K .......... .......... .......... .......... .......... 27%  319K 59s
  4250K .......... .......... .......... .......... .......... 27%  248K 58s
  4300K .......... .......... .......... .......... .......... 27%  325K 58s
  4350K .......... .......... .......... .......... .......... 28%  325K 57s
  4400K .......... .......... .......... .......... .......... 28%  245K 57s
  4450K .......... .......... .......... .......... .......... 28%  326K 56s
  4500K .......... .......... .......... .......... .......... 29%  324K 56s
  4550K .......... .......... .......... .......... .......... 29%  484K 55s
  4600K .......... .......... .......... .......... .......... 29%  327K 55s
  4650K .......... .......... .......... .......... .......... 30%  327K 54s
  4700K .......... .......... .......... .......... .......... 30%  485K 54s
  4750K .......... .......... .......... .......... .......... 30%  487K 53s
  4800K .......... .......... .......... .......... .......... 31%  328K 53s
  4850K .......... .......... .......... .......... .......... 31%  930K 52s
  4900K .......... .......... .......... .......... .......... 31%  491K 51s
  4950K .......... .......... .......... .......... .......... 31%  486K 51s
  5000K .......... .......... .......... .......... .......... 32%  498K 50s
  5050K .......... .......... .......... .......... .......... 32%  900K 50s
  5100K .......... .......... .......... .......... .......... 32%  503K 49s
  5150K .......... .......... .......... .......... .......... 33%  957K 49s
  5200K .......... .......... .......... .......... .......... 33%  487K 48s
  5250K .......... .......... .......... .......... .......... 33%  488K 48s
  5300K .......... .......... .......... .......... .......... 34%  942K 47s
  5350K .......... .......... .......... .......... .......... 34%  969K 46s
  5400K .......... .......... .......... .......... .......... 34%  919K 46s
  5450K .......... .......... .......... .......... .......... 35% 1.06M 45s
  5500K .......... .......... .......... .......... .......... 35%  948K 45s
  5550K .......... .......... .......... .......... .......... 35%  513K 44s
  5600K .......... .......... .......... .......... .......... 36%  830K 44s
  5650K .......... .......... .......... .......... .......... 36%  532K 43s
  5700K .......... .......... .......... .......... .......... 36% 7.00M 43s
  5750K .......... .......... .......... .......... .......... 37%  521K 42s
  5800K .......... .......... .......... .......... .......... 37% 9.14M 42s
  5850K .......... .......... .......... .......... .......... 37%  333K 42s
  5900K .......... .......... .......... .......... .......... 38% 6.51M 41s
  5950K .......... .......... .......... .......... .......... 38% 1.18M 40s
  6000K .......... .......... .......... .......... .......... 38%  833K 40s
  6050K .......... .......... .......... .......... .......... 39% 1.06M 40s
  6100K .......... .......... .......... .......... .......... 39%  845K 39s
  6150K .......... .......... .......... .......... .......... 39% 1.17M 39s
  6200K .......... .......... .......... .......... .......... 39%  979K 38s
  6250K .......... .......... .......... .......... .......... 40%  972K 38s
  6300K .......... .......... .......... .......... .......... 40%  493K 37s
  6350K .......... .......... .......... .......... .......... 40% 7.34M 37s
  6400K .......... .......... .......... .......... .......... 41%  139K 37s
  6450K .......... .......... .......... .......... .......... 41% 7.48M 37s
  6500K .......... .......... .......... .......... .......... 41% 10.1M 36s
  6550K .......... .......... .......... .......... .......... 42%  127K 36s
  6600K .......... .......... .......... .......... .......... 42% 48.5M 36s
  6650K .......... .......... .......... .......... .......... 42% 67.5M 35s
  6700K .......... .......... .......... .......... .......... 43% 12.5M 35s
  6750K .......... .......... .......... .......... .......... 43%  526K 34s
  6800K .......... .......... .......... .......... .......... 43%  496K 34s
  6850K .......... .......... .......... .......... .......... 44%  198K 34s
  6900K .......... .......... .......... .......... .......... 44% 60.7K 35s
  6950K .......... .......... .......... .......... .......... 44% 73.4M 34s
  7000K .......... .......... .......... .......... .......... 45%  110K 34s
  7050K .......... .......... .......... .......... .......... 45% 67.6M 34s
  7100K .......... .......... .......... .......... .......... 45% 76.6M 33s
  7150K .......... .......... .......... .......... .......... 46%  135K 33s
  7200K .......... .......... .......... .......... .......... 46% 48.9K 34s
  7250K .......... .......... .......... .......... .......... 46% 66.6M 34s
  7300K .......... .......... .......... .......... .......... 47% 81.5K 34s
  7350K .......... .......... .......... .......... .......... 47% 80.5K 34s
  7400K .......... .......... .......... .......... .......... 47%  122K 34s
  7450K .......... .......... .......... .......... .......... 47% 30.9K 36s
  7500K .......... .......... .......... .......... .......... 48% 65.1K 36s
  7550K .......... .......... .......... .......... .......... 48% 70.5K 36s
  7600K .......... .......... .......... .......... .......... 48% 81.4K 36s
  7650K .......... .......... .......... .......... .......... 49%  161K 36s
  7700K .......... .......... .......... .......... .......... 49%  164K 36s
  7750K .......... .......... .......... .......... .......... 49%  194K 36s
  7800K .......... .......... .......... .......... .......... 50%  194K 36s
  7850K .......... .......... .......... .......... .......... 50%  247K 35s
  7900K .......... .......... .......... .......... .......... 50%  244K 35s
  7950K .......... .......... .......... .......... .......... 51%  244K 35s
  8000K .......... .......... .......... .......... .......... 51%  241K 35s
  8050K .......... .......... .......... .......... .......... 51%  248K 34s
  8100K .......... .......... .......... .......... .......... 52%  322K 34s
  8150K .......... .......... .......... .......... .......... 52%  328K 34s
  8200K .......... .......... .......... .......... .......... 52%  323K 34s
  8250K .......... .......... .......... .......... .......... 53%  329K 33s
  8300K .......... .......... .......... .......... .......... 53%  323K 33s
  8350K .......... .......... .......... .......... .......... 53%  447K 33s
  8400K .......... .......... .......... .......... .......... 54%  255K 32s
  8450K .......... .......... .......... .......... .......... 54%  482K 32s
  8500K .......... .......... .......... .......... .......... 54%  331K 32s
  8550K .......... .......... .......... .......... .......... 55%  322K 31s
  8600K .......... .......... .......... .......... .......... 55%  325K 31s
  8650K .......... .......... .......... .......... .......... 55%  487K 31s
  8700K .......... .......... .......... .......... .......... 55%  329K 31s
  8750K .......... .......... .......... .......... .......... 56%  484K 30s
  8800K .......... .......... .......... .......... .......... 56%  325K 30s
  8850K .......... .......... .......... .......... .......... 56%  485K 30s
  8900K .......... .......... .......... .......... .......... 57%  243K 29s
  8950K .......... .......... .......... .......... .......... 57%  331K 29s
  9000K .......... .......... .......... .......... .......... 57%  489K 29s
  9050K .......... .......... .......... .......... .......... 58%  483K 29s
  9100K .......... .......... .......... .......... .......... 58%  330K 28s
  9150K .......... .......... .......... .......... .......... 58%  483K 28s
  9200K .......... .......... .......... .......... .......... 59%  323K 28s
  9250K .......... .......... .......... .......... .......... 59%  491K 27s
  9300K .......... .......... .......... .......... .......... 59%  467K 27s
  9350K .......... .......... .......... .......... .......... 60%  513K 27s
  9400K .......... .......... .......... .......... .......... 60%  312K 27s
  9450K .......... .......... .......... .......... .......... 60%  328K 26s
  9500K .......... .......... .......... .......... .......... 61%  247K 26s
  9550K .......... .......... .......... .......... .......... 61%  489K 26s
  9600K .......... .......... .......... .......... .......... 61%  501K 26s
  9650K .......... .......... .......... .......... .......... 62%  466K 25s
  9700K .......... .......... .......... .......... .......... 62%  486K 25s
  9750K .......... .......... .......... .......... .......... 62% 1.01M 25s
  9800K .......... .......... .......... .......... .......... 63%  308K 24s
  9850K .......... .......... .......... .......... .......... 63% 7.95M 24s
  9900K .......... .......... .......... .......... .......... 63%  511K 24s
  9950K .......... .......... .......... .......... .......... 63%  112K 24s
 10000K .......... .......... .......... .......... .......... 64%  915K 23s
 10050K .......... .......... .......... .......... .......... 64% 81.6K 23s
 10100K .......... .......... .......... .......... .......... 64% 59.8M 23s
 10150K .......... .......... .......... .......... .......... 65% 89.1K 23s
 10200K .......... .......... .......... .......... .......... 65% 82.3K 23s
 10250K .......... .......... .......... .......... .......... 65% 40.5K 23s
 10300K .......... .......... .......... .......... .......... 66% 46.5K 24s
 10350K .......... .......... .......... .......... .......... 66% 25.0K 24s
 10400K .......... .......... .......... .......... .......... 66% 69.9K 24s
 10450K .......... .......... .......... .......... .......... 67%  122K 24s
 10500K .......... .......... .......... .......... .......... 67%  162K 24s
 10550K .......... .......... .......... .......... .......... 67%  196K 24s
 10600K .......... .......... .......... .......... .......... 68%  196K 24s
 10650K .......... .......... .......... .......... .......... 68%  240K 23s
 10700K .......... .......... .......... .......... .......... 68%  197K 23s
 10750K .......... .......... .......... .......... .......... 69%  162K 23s
 10800K .......... .......... .......... .......... .......... 69%  245K 23s
 10850K .......... .......... .......... .......... .......... 69%  245K 22s
 10900K .......... .......... .......... .......... .......... 70%  325K 22s
 10950K .......... .......... .......... .......... .......... 70%  244K 22s
 11000K .......... .......... .......... .......... .......... 70%  307K 22s
 11050K .......... .......... .......... .......... .......... 71%  346K 21s
 11100K .......... .......... .......... .......... .......... 71%  324K 21s
 11150K .......... .......... .......... .......... .......... 71%  326K 21s
 11200K .......... .......... .......... .......... .......... 71%  192K 21s
 11250K .......... .......... .......... .......... .......... 72%  511K 20s
 11300K .......... .......... .......... .......... .......... 72%  324K 20s
 11350K .......... .......... .......... .......... .......... 72%  484K 20s
 11400K .......... .......... .......... .......... .......... 73%  247K 19s
 11450K .......... .......... .......... .......... .......... 73%  485K 19s
 11500K .......... .......... .......... .......... .......... 73%  490K 19s
 11550K .......... .......... .......... .......... .......... 74%  491K 19s
 11600K .......... .......... .......... .......... .......... 74%  477K 18s
 11650K .......... .......... .......... .......... .......... 74%  475K 18s
 11700K .......... .......... .......... .......... .......... 75%  511K 18s
 11750K .......... .......... .......... .......... .......... 75%  953K 18s
 11800K .......... .......... .......... .......... .......... 75%  491K 17s
 11850K .......... .......... .......... .......... .......... 76%  941K 17s
 11900K .......... .......... .......... .......... .......... 76%  498K 17s
 11950K .......... .......... .......... .......... .......... 76%  988K 16s
 12000K .......... .......... .......... .......... .......... 77%  827K 16s
 12050K .......... .......... .......... .......... .......... 77%  531K 16s
 12100K .......... .......... .......... .......... .......... 77%  918K 16s
 12150K .......... .......... .......... .......... .......... 78%  984K 15s
 12200K .......... .......... .......... .......... .......... 78%  970K 15s
 12250K .......... .......... .......... .......... .......... 78%  993K 15s
 12300K .......... .......... .......... .......... .......... 79%  504K 15s
 12350K .......... .......... .......... .......... .......... 79% 9.06M 14s
 12400K .......... .......... .......... .......... .......... 79%  333K 14s
 12450K .......... .......... .......... .......... .......... 79% 1010K 14s
 12500K .......... .......... .......... .......... .......... 80%  978K 13s
 12550K .......... .......... .......... .......... .......... 80%  888K 13s
 12600K .......... .......... .......... .......... .......... 80%  512K 13s
 12650K .......... .......... .......... .......... .......... 81% 9.46M 13s
 12700K .......... .......... .......... .......... .......... 81%  888K 12s
 12750K .......... .......... .......... .......... .......... 81% 1.12M 12s
 12800K .......... .......... .......... .......... .......... 82% 1.00M 12s
 12850K .......... .......... .......... .......... .......... 82%  931K 12s
 12900K .......... .......... .......... .......... .......... 82% 6.40M 11s
 12950K .......... .......... .......... .......... .......... 83%  547K 11s
 13000K .......... .......... .......... .......... .......... 83% 7.49M 11s
 13050K .......... .......... .......... .......... .......... 83% 1.13M 11s
 13100K .......... .......... .......... .......... .......... 84%  924K 10s
 13150K .......... .......... .......... .......... .......... 84% 7.18M 10s
 13200K .......... .......... .......... .......... .......... 84%  526K 10s
 13250K .......... .......... .......... .......... .......... 85% 3.81M 10s
 13300K .......... .......... .......... .......... .......... 85% 1.17M 10s
 13350K .......... .......... .......... .......... .......... 85%  720K 9s
 13400K .......... .......... .......... .......... .......... 86% 1.25M 9s
 13450K .......... .......... .......... .......... .......... 86% 9.08M 9s
 13500K .......... .......... .......... .......... .......... 86%  260K 9s
 13550K .......... .......... .......... .......... .......... 87% 5.64M 8s
 13600K .......... .......... .......... .......... .......... 87%  168K 8s
 13650K .......... .......... .......... .......... .......... 87% 59.3M 8s
 13700K .......... .......... .......... .......... .......... 87% 81.1M 8s
 13750K .......... .......... .......... .......... .......... 88% 80.5M 7s
 13800K .......... .......... .......... .......... .......... 88%  246K 7s
 13850K .......... .......... .......... .......... .......... 88% 3.71M 7s
 13900K .......... .......... .......... .......... .......... 89%  566K 7s
 13950K .......... .......... .......... .......... .......... 89%  439K 7s
 14000K .......... .......... .......... .......... .......... 89%  549K 6s
 14050K .......... .......... .......... .......... .......... 90% 38.8K 6s
 14100K .......... .......... .......... .......... .......... 90% 65.6M 6s
 14150K .......... .......... .......... .......... .......... 90% 75.2M 6s
 14200K .......... .......... .......... .......... .......... 91% 79.6M 6s
 14250K .......... .......... .......... .......... .......... 91%  107M 5s
 14300K .......... .......... .......... .......... .......... 91% 81.1M 5s
 14350K .......... .......... .......... .......... .......... 92% 75.0M 5s
 14400K .......... .......... .......... .......... .......... 92% 70.5M 5s
 14450K .......... .......... .......... .......... .......... 92% 41.5K 5s
 14500K .......... .......... .......... .......... .......... 93% 40.5K 4s
 14550K .......... .......... .......... .......... .......... 93%  109K 4s
 14600K .......... .......... .......... .......... .......... 93% 64.4M 4s
 14650K .......... .......... .......... .......... .......... 94% 78.5M 4s
 14700K .......... .......... .......... .......... .......... 94% 51.8K 4s
 14750K .......... .......... .......... .......... .......... 94%  193K 3s
 14800K .......... .......... .......... .......... .......... 95% 88.3K 3s
 14850K .......... .......... .......... .......... .......... 95%  191K 3s
 14900K .......... .......... .......... .......... .......... 95%  252K 3s
 14950K .......... .......... .......... .......... .......... 95%  321K 3s
 15000K .......... .......... .......... .......... .......... 96%  122K 2s
 15050K .......... .......... .......... .......... .......... 96%  330K 2s
 15100K .......... .......... .......... .......... .......... 96%  195K 2s
 15150K .......... .......... .......... .......... .......... 97%  244K 2s
 15200K .......... .......... .......... .......... .......... 97%  194K 2s
 15250K .......... .......... .......... .......... .......... 97%  241K 1s
 15300K .......... .......... .......... .......... .......... 98%  246K 1s
 15350K .......... .......... .......... .......... .......... 98%  247K 1s
 15400K .......... .......... .......... .......... .......... 98%  327K 1s
 15450K .......... .......... .......... .......... .......... 99%  322K 1s
 15500K .......... .......... .......... .......... .......... 99%  326K 0s
 15550K .......... .......... .......... .......... .......... 99%  324K 0s
 15600K .......... .......... .....                           100%  250K=66s

2024-11-25 18:10:57 (236 KB/s) - ‘/home/joel-bansal/multi_bot_map_merging/bharat_ws4/build/multirobot_map_merge/2012-01-28-11-12-01.pgm’ saved [16000058/16000058]

Checking MD5 sum of /home/joel-bansal/multi_bot_map_merging/bharat_ws4/build/multirobot_map_merge/2012-01-28-11-12-01.pgm
/home/joel-bansal/multi_bot_map_merging/bharat_ws4/build/multirobot_map_merge/2012-01-28-11-12-01.pgm: OK
-- Found gtest sources under '/opt/ros/humble/src/gtest_vendor': C++ tests using 'Google Test' will be built
-- Added test 'cppcheck' to perform static code analysis on C / C++ code
-- Configured cppcheck include dirs: /home/joel-bansal/multi_bot_map_merging/bharat_ws4/src/m-explore-ros2/map_merge/include;$<BUILD_INTERFACE:/home/joel-bansal/multi_bot_map_merging/bharat_ws4/src/m-explore-ros2/map_merge/include>
-- Configured cppcheck exclude dirs and/or files: 
-- Added test 'flake8' to check Python code syntax and style conventions
-- Added test 'lint_cmake' to check CMake code style
-- Added test 'pep257' to check Python code against some of the docstring style conventions in PEP 257
-- Added test 'uncrustify' to check C / C++ code style
-- Configured uncrustify additional arguments: 
-- Added test 'xmllint' to check XML markup files
-- Configuring done
-- Generating done
-- Build files have been written to: /home/joel-bansal/multi_bot_map_merging/bharat_ws4/build/multirobot_map_merge
[  8%] [32mBuilding CXX object gtest/CMakeFiles/gtest.dir/src/gtest-all.cc.o[0m
[ 25%] [32mBuilding CXX object CMakeFiles/combine_grids.dir/src/combine_grids/grid_warper.cpp.o[0m
[ 25%] [32mBuilding CXX object gtest/CMakeFiles/gtest_main.dir/src/gtest_main.cc.o[0m
[ 33%] [32mBuilding CXX object CMakeFiles/combine_grids.dir/src/combine_grids/grid_compositor.cpp.o[0m
[ 41%] [32m[1mLinking CXX static library libgtest_main.a[0m
[ 41%] Built target gtest_main
[ 50%] [32mBuilding CXX object CMakeFiles/combine_grids.dir/src/combine_grids/merging_pipeline.cpp.o[0m
[ 58%] [32m[1mLinking CXX static library libgtest.a[0m
[ 58%] Built target gtest
[ 66%] [32m[1mLinking CXX static library libcombine_grids.a[0m
[ 66%] Built target combine_grids
[ 83%] [32mBuilding CXX object CMakeFiles/test_merging_pipeline.dir/test/test_merging_pipeline.cpp.o[0m
[ 83%] [32mBuilding CXX object CMakeFiles/map_merge.dir/src/map_merge.cpp.o[0m
In file included from [01m[K/home/joel-bansal/multi_bot_map_merging/bharat_ws4/src/m-explore-ros2/map_merge/test/testing_helpers.h:7[m[K,
                 from [01m[K/home/joel-bansal/multi_bot_map_merging/bharat_ws4/src/m-explore-ros2/map_merge/test/test_merging_pipeline.cpp:42[m[K:
[01m[K/opt/ros/humble/include/tf2_geometry_msgs/tf2_geometry_msgs/tf2_geometry_msgs.h:35:2:[m[K [01;35m[Kwarning: [m[K#warning This header is obsolete, please include tf2_geometry_msgs/tf2_geometry_msgs.hpp instead [[01;35m[K]8;;https://gcc.gnu.org/onlinedocs/gcc/Warning-Options.html#index-Wcpp-Wcpp]8;;[m[K]
   35 | #[01;35m[Kwarning[m[K This header is obsolete, please include tf2_geometry_msgs/tf2_geometry_msgs.hpp instead
      |  [01;35m[K^~~~~~~[m[K
In file included from [01m[K/home/joel-bansal/multi_bot_map_merging/bharat_ws4/src/m-explore-ros2/map_merge/src/map_merge.cpp:44[m[K:
[01m[K/opt/ros/humble/include/tf2_geometry_msgs/tf2_geometry_msgs/tf2_geometry_msgs.h:35:2:[m[K [01;35m[Kwarning: [m[K#warning This header is obsolete, please include tf2_geometry_msgs/tf2_geometry_msgs.hpp instead [[01;35m[K]8;;https://gcc.gnu.org/onlinedocs/gcc/Warning-Options.html#index-Wcpp-Wcpp]8;;[m[K]
   35 | #[01;35m[Kwarning[m[K This header is obsolete, please include tf2_geometry_msgs/tf2_geometry_msgs.hpp instead
      |  [01;35m[K^~~~~~~[m[K
[ 91%] [32m[1mLinking CXX executable test_merging_pipeline[0m
[ 91%] Built target test_merging_pipeline
[100%] [32m[1mLinking CXX executable map_merge[0m
[100%] Built target map_merge
-- Install configuration: ""
-- Installing: /home/joel-bansal/multi_bot_map_merging/bharat_ws4/install/multirobot_map_merge/include/map_merge/
-- Installing: /home/joel-bansal/multi_bot_map_merging/bharat_ws4/install/multirobot_map_merge/include/map_merge//map_merge.h
-- Installing: /home/joel-bansal/multi_bot_map_merging/bharat_ws4/install/multirobot_map_merge/include/map_merge//ros1_names.hpp
-- Installing: /home/joel-bansal/multi_bot_map_merging/bharat_ws4/install/multirobot_map_merge/share/multirobot_map_merge/launch
-- Installing: /home/joel-bansal/multi_bot_map_merging/bharat_ws4/install/multirobot_map_merge/share/multirobot_map_merge/launch/map_merge.launch.py
-- Installing: /home/joel-bansal/multi_bot_map_merging/bharat_ws4/install/multirobot_map_merge/share/multirobot_map_merge/launch/from_map_server.launch.py
-- Installing: /home/joel-bansal/multi_bot_map_merging/bharat_ws4/install/multirobot_map_merge/share/multirobot_map_merge/launch/tb3_simulation
-- Installing: /home/joel-bansal/multi_bot_map_merging/bharat_ws4/install/multirobot_map_merge/share/multirobot_map_merge/launch/tb3_simulation/worlds
-- Installing: /home/joel-bansal/multi_bot_map_merging/bharat_ws4/install/multirobot_map_merge/share/multirobot_map_merge/launch/tb3_simulation/worlds/world_only.model
-- Installing: /home/joel-bansal/multi_bot_map_merging/bharat_ws4/install/multirobot_map_merge/share/multirobot_map_merge/launch/tb3_simulation/worlds/test_world.world
-- Installing: /home/joel-bansal/multi_bot_map_merging/bharat_ws4/install/multirobot_map_merge/share/multirobot_map_merge/launch/tb3_simulation/worlds/room4
-- Installing: /home/joel-bansal/multi_bot_map_merging/bharat_ws4/install/multirobot_map_merge/share/multirobot_map_merge/launch/tb3_simulation/worlds/room4/world_dynamic.model
-- Installing: /home/joel-bansal/multi_bot_map_merging/bharat_ws4/install/multirobot_map_merge/share/multirobot_map_merge/launch/tb3_simulation/worlds/room4/map
-- Installing: /home/joel-bansal/multi_bot_map_merging/bharat_ws4/install/multirobot_map_merge/share/multirobot_map_merge/launch/tb3_simulation/worlds/room4/map/room4.yaml
-- Installing: /home/joel-bansal/multi_bot_map_merging/bharat_ws4/install/multirobot_map_merge/share/multirobot_map_merge/launch/tb3_simulation/worlds/room4/map/room4.png
-- Installing: /home/joel-bansal/multi_bot_map_merging/bharat_ws4/install/multirobot_map_merge/share/multirobot_map_merge/launch/tb3_simulation/worlds/room4/world.model
-- Installing: /home/joel-bansal/multi_bot_map_merging/bharat_ws4/install/multirobot_map_merge/share/multirobot_map_merge/launch/tb3_simulation/worlds/room4/room4.png
-- Installing: /home/joel-bansal/multi_bot_map_merging/bharat_ws4/install/multirobot_map_merge/share/multirobot_map_merge/launch/tb3_simulation/worlds/test1_world_only.model
-- Installing: /home/joel-bansal/multi_bot_map_merging/bharat_ws4/install/multirobot_map_merge/share/multirobot_map_merge/launch/tb3_simulation/config
-- Installing: /home/joel-bansal/multi_bot_map_merging/bharat_ws4/install/multirobot_map_merge/share/multirobot_map_merge/launch/tb3_simulation/config/nav2_multirobot_params_3.yaml
-- Installing: /home/joel-bansal/multi_bot_map_merging/bharat_ws4/install/multirobot_map_merge/share/multirobot_map_merge/launch/tb3_simulation/config/nav2_multirobot_params_1.yaml
-- Installing: /home/joel-bansal/multi_bot_map_merging/bharat_ws4/install/multirobot_map_merge/share/multirobot_map_merge/launch/tb3_simulation/config/nav2_multirobot_params_4.yaml
-- Installing: /home/joel-bansal/multi_bot_map_merging/bharat_ws4/install/multirobot_map_merge/share/multirobot_map_merge/launch/tb3_simulation/config/nav2_multirobot_params_2.yaml
-- Installing: /home/joel-bansal/multi_bot_map_merging/bharat_ws4/install/multirobot_map_merge/share/multirobot_map_merge/launch/tb3_simulation/multi_tb3_simulation_launch.py
-- Installing: /home/joel-bansal/multi_bot_map_merging/bharat_ws4/install/multirobot_map_merge/share/multirobot_map_merge/launch/tb3_simulation/slam_toolbox.py
-- Installing: /home/joel-bansal/multi_bot_map_merging/bharat_ws4/install/multirobot_map_merge/share/multirobot_map_merge/launch/tb3_simulation/bringup_launch.py
-- Installing: /home/joel-bansal/multi_bot_map_merging/bharat_ws4/install/multirobot_map_merge/share/multirobot_map_merge/launch/tb3_simulation/models
-- Installing: /home/joel-bansal/multi_bot_map_merging/bharat_ws4/install/multirobot_map_merge/share/multirobot_map_merge/launch/tb3_simulation/models/exp_empty_rooms
-- Installing: /home/joel-bansal/multi_bot_map_merging/bharat_ws4/install/multirobot_map_merge/share/multirobot_map_merge/launch/tb3_simulation/models/exp_empty_rooms/model.config
-- Installing: /home/joel-bansal/multi_bot_map_merging/bharat_ws4/install/multirobot_map_merge/share/multirobot_map_merge/launch/tb3_simulation/models/exp_empty_rooms/model.sdf
-- Installing: /home/joel-bansal/multi_bot_map_merging/bharat_ws4/install/multirobot_map_merge/share/multirobot_map_merge/launch/tb3_simulation/models/dynamic_obstacle
-- Installing: /home/joel-bansal/multi_bot_map_merging/bharat_ws4/install/multirobot_map_merge/share/multirobot_map_merge/launch/tb3_simulation/models/dynamic_obstacle/model.config
-- Installing: /home/joel-bansal/multi_bot_map_merging/bharat_ws4/install/multirobot_map_merge/share/multirobot_map_merge/launch/tb3_simulation/models/dynamic_obstacle/model.sdf
-- Installing: /home/joel-bansal/multi_bot_map_merging/bharat_ws4/install/multirobot_map_merge/share/multirobot_map_merge/launch/tb3_simulation/tb3_simulation_launch.py
-- Installing: /home/joel-bansal/multi_bot_map_merging/bharat_ws4/install/multirobot_map_merge/share/multirobot_map_merge/launch/map_merge.rviz
-- Installing: /home/joel-bansal/multi_bot_map_merging/bharat_ws4/install/multirobot_map_merge/share/multirobot_map_merge/config
-- Installing: /home/joel-bansal/multi_bot_map_merging/bharat_ws4/install/multirobot_map_merge/share/multirobot_map_merge/config/params.yaml
-- Installing: /home/joel-bansal/multi_bot_map_merging/bharat_ws4/install/multirobot_map_merge/lib/libcombine_grids.a
-- Installing: /home/joel-bansal/multi_bot_map_merging/bharat_ws4/install/multirobot_map_merge/lib/multirobot_map_merge/map_merge
-- Set runtime path of "/home/joel-bansal/multi_bot_map_merging/bharat_ws4/install/multirobot_map_merge/lib/multirobot_map_merge/map_merge" to ""
-- Installing: /home/joel-bansal/multi_bot_map_merging/bharat_ws4/install/multirobot_map_merge/share/multirobot_map_merge/environment/library_path.sh
-- Installing: /home/joel-bansal/multi_bot_map_merging/bharat_ws4/install/multirobot_map_merge/share/multirobot_map_merge/environment/library_path.dsv
-- Installing: /home/joel-bansal/multi_bot_map_merging/bharat_ws4/install/multirobot_map_merge/share/ament_index/resource_index/package_run_dependencies/multirobot_map_merge
-- Installing: /home/joel-bansal/multi_bot_map_merging/bharat_ws4/install/multirobot_map_merge/share/ament_index/resource_index/parent_prefix_path/multirobot_map_merge
-- Installing: /home/joel-bansal/multi_bot_map_merging/bharat_ws4/install/multirobot_map_merge/share/multirobot_map_merge/environment/ament_prefix_path.sh
-- Installing: /home/joel-bansal/multi_bot_map_merging/bharat_ws4/install/multirobot_map_merge/share/multirobot_map_merge/environment/ament_prefix_path.dsv
-- Installing: /home/joel-bansal/multi_bot_map_merging/bharat_ws4/install/multirobot_map_merge/share/multirobot_map_merge/environment/path.sh
-- Installing: /home/joel-bansal/multi_bot_map_merging/bharat_ws4/install/multirobot_map_merge/share/multirobot_map_merge/environment/path.dsv
-- Installing: /home/joel-bansal/multi_bot_map_merging/bharat_ws4/install/multirobot_map_merge/share/multirobot_map_merge/local_setup.bash
-- Installing: /home/joel-bansal/multi_bot_map_merging/bharat_ws4/install/multirobot_map_merge/share/multirobot_map_merge/local_setup.sh
-- Installing: /home/joel-bansal/multi_bot_map_merging/bharat_ws4/install/multirobot_map_merge/share/multirobot_map_merge/local_setup.zsh
-- Installing: /home/joel-bansal/multi_bot_map_merging/bharat_ws4/install/multirobot_map_merge/share/multirobot_map_merge/local_setup.dsv
-- Installing: /home/joel-bansal/multi_bot_map_merging/bharat_ws4/install/multirobot_map_merge/share/multirobot_map_merge/package.dsv
-- Installing: /home/joel-bansal/multi_bot_map_merging/bharat_ws4/install/multirobot_map_merge/share/ament_index/resource_index/packages/multirobot_map_merge
-- Installing: /home/joel-bansal/multi_bot_map_merging/bharat_ws4/install/multirobot_map_merge/share/multirobot_map_merge/cmake/ament_cmake_export_include_directories-extras.cmake
-- Installing: /home/joel-bansal/multi_bot_map_merging/bharat_ws4/install/multirobot_map_merge/share/multirobot_map_merge/cmake/ament_cmake_export_libraries-extras.cmake
-- Installing: /home/joel-bansal/multi_bot_map_merging/bharat_ws4/install/multirobot_map_merge/share/multirobot_map_merge/cmake/multirobot_map_mergeConfig.cmake
-- Installing: /home/joel-bansal/multi_bot_map_merging/bharat_ws4/install/multirobot_map_merge/share/multirobot_map_merge/cmake/multirobot_map_mergeConfig-version.cmake
-- Installing: /home/joel-bansal/multi_bot_map_merging/bharat_ws4/install/multirobot_map_merge/share/multirobot_map_merge/package.xml
