[0.026s] Invoking command in '/home/joel-bansal/multi_bot_map_merging/bharat_ws4/build/multirobot_map_merge': CMAKE_PREFIX_PATH=/opt/ros/humble /usr/bin/cmake /home/joel-bansal/multi_bot_map_merging/bharat_ws4/src/m-explore-ros2/map_merge -DCMAKE_INSTALL_PREFIX=/home/joel-bansal/multi_bot_map_merging/bharat_ws4/install/multirobot_map_merge
[0.159s] -- The C compiler identification is GNU 11.4.0
[0.319s] -- The CXX compiler identification is GNU 11.4.0
[0.339s] -- Detecting C compiler ABI info
[0.492s] -- Detecting C compiler ABI info - done
[0.514s] -- Check for working C compiler: /usr/bin/cc - skipped
[0.516s] -- Detecting C compile features
[0.517s] -- Detecting C compile features - done
[0.526s] -- Detecting CXX compiler ABI info
[0.742s] -- Detecting CXX compiler ABI info - done
[0.773s] -- Check for working CXX compiler: /usr/bin/c++ - skipped
[0.774s] -- Detecting CXX compile features
[0.775s] -- Detecting CXX compile features - done
[0.783s] -- Found ament_cmake: 1.3.10 (/opt/ros/humble/share/ament_cmake/cmake)
[1.184s] -- Found Python3: /usr/bin/python3 (found version "3.10.12") found components: Interpreter 
[1.406s] -- Found rclcpp: 16.0.10 (/opt/ros/humble/share/rclcpp/cmake)
[1.493s] -- Found rosidl_generator_c: 3.1.5 (/opt/ros/humble/share/rosidl_generator_c/cmake)
[1.505s] -- Found rosidl_adapter: 3.1.5 (/opt/ros/humble/share/rosidl_adapter/cmake)
[1.527s] -- Found rosidl_generator_cpp: 3.1.5 (/opt/ros/humble/share/rosidl_generator_cpp/cmake)
[1.561s] -- Using all available rosidl_typesupport_c: rosidl_typesupport_fastrtps_c;rosidl_typesupport_introspection_c
[1.621s] -- Using all available rosidl_typesupport_cpp: rosidl_typesupport_fastrtps_cpp;rosidl_typesupport_introspection_cpp
[1.768s] -- Found rmw_implementation_cmake: 6.1.2 (/opt/ros/humble/share/rmw_implementation_cmake/cmake)
[1.777s] -- Found rmw_fastrtps_cpp: 6.2.7 (/opt/ros/humble/share/rmw_fastrtps_cpp/cmake)
[2.274s] -- Found OpenSSL: /usr/lib/x86_64-linux-gnu/libcrypto.so (found version "3.0.2")  
[2.365s] -- Found FastRTPS: /opt/ros/humble/include  
[2.597s] -- Using RMW implementation 'rmw_fastrtps_cpp' as default
[2.649s] -- Looking for pthread.h
[2.974s] -- Looking for pthread.h - found
[2.977s] -- Performing Test CMAKE_HAVE_LIBC_PTHREAD
[3.427s] -- Performing Test CMAKE_HAVE_LIBC_PTHREAD - Success
[3.432s] -- Found Threads: TRUE  
[3.788s] -- Found geometry_msgs: 4.2.4 (/opt/ros/humble/share/geometry_msgs/cmake)
[3.905s] -- Found image_geometry: 3.2.1 (/opt/ros/humble/share/image_geometry/cmake)
[4.111s] -- Found map_msgs: 2.1.0 (/opt/ros/humble/share/map_msgs/cmake)
[4.309s] -- Found tf2_geometry_msgs: 0.25.8 (/opt/ros/humble/share/tf2_geometry_msgs/cmake)
[4.350s] -- Found eigen3_cmake_module: 0.1.1 (/opt/ros/humble/share/eigen3_cmake_module/cmake)
[4.356s] -- Found Eigen3: TRUE (found version "3.4.0") 
[4.357s] -- Ensuring Eigen3 include directory is part of orocos-kdl CMake target
[4.969s] -- Found Boost: /usr/lib/x86_64-linux-gnu/cmake/Boost-1.74.0/BoostConfig.cmake (found version "1.74.0") found components: thread 
[4.981s] -- Found OpenCV: /usr/local (found version "4.9.0") 
[5.032s] -- Found ament_lint_auto: 0.12.11 (/opt/ros/humble/share/ament_lint_auto/cmake)
[5.370s] -- Found ament_cmake_gtest: 1.3.10 (/opt/ros/humble/share/ament_cmake_gtest/cmake)
[5.440s] --2024-11-25 18:08:44--  https://raw.githubusercontent.com/hrnr/m-explore-extra/master/map_merge/hector_maps/map00.pgm
[5.597s] Resolving raw.githubusercontent.com (raw.githubusercontent.com)... 185.199.108.133, 185.199.110.133, 185.199.109.133, ...
[5.647s] Connecting to raw.githubusercontent.com (raw.githubusercontent.com)|185.199.108.133|:443... connected.
[6.483s] HTTP request sent, awaiting response... 200 OK
[6.483s] Length: 4194362 (4.0M) [application/octet-stream]
[6.484s] Saving to: ‘/home/joel-bansal/multi_bot_map_merging/bharat_ws4/build/multirobot_map_merge/map00.pgm’
[6.485s] 
[6.575s]      0K .......... .......... .......... .......... ..........  1%  555K 7s
[6.625s]     50K .......... .......... .......... .......... ..........  2% 1002K 6s
[6.685s]    100K .......... .......... .......... .......... ..........  3%  829K 5s
[6.689s]    150K .......... .......... .......... .......... ..........  4% 14.0M 4s
[6.727s]    200K .......... .......... .......... .......... ..........  6% 1.27M 4s
[6.786s]    250K .......... .......... .......... .......... ..........  7%  844K 4s
[6.796s]    300K .......... .......... .......... .......... ..........  8% 5.04M 3s
[6.831s]    350K .......... .......... .......... .......... ..........  9% 1.49M 3s
[6.836s]    400K .......... .......... .......... .......... .......... 10% 6.90M 3s
[6.933s]    450K .......... .......... .......... .......... .......... 12%  515K 3s
[6.944s]    500K .......... .......... .......... .......... .......... 13% 4.35M 3s
[6.954s]    550K .......... .......... .......... .......... .......... 14% 5.24M 3s
[6.984s]    600K .......... .......... .......... .......... .......... 15% 1.61M 3s
[7.084s]    650K .......... .......... .......... .......... .......... 17%  498K 3s
[7.098s]    700K .......... .......... .......... .......... .......... 18% 3.54M 3s
[7.142s]    750K .......... .......... .......... .......... .......... 19% 1.13M 3s
[7.146s]    800K .......... .......... .......... .......... .......... 20% 10.3M 3s
[7.288s]    850K .......... .......... .......... .......... .......... 21%  352K 3s
[7.304s]    900K .......... .......... .......... .......... .......... 23% 3.26M 3s
[7.351s]    950K .......... .......... .......... .......... .......... 24% 1.06M 3s
[7.353s]   1000K .......... .......... .......... .......... .......... 25% 15.8M 3s
[7.397s]   1050K .......... .......... .......... .......... .......... 26% 1.12M 2s
[7.404s]   1100K .......... .......... .......... .......... .......... 28% 6.08M 2s
[7.495s]   1150K .......... .......... .......... .......... .......... 29%  557K 2s
[7.514s]   1200K .......... .......... .......... .......... .......... 30% 2.46M 2s
[7.557s]   1250K .......... .......... .......... .......... .......... 31% 1.14M 2s
[7.560s]   1300K .......... .......... .......... .......... .......... 32% 21.2M 2s
[7.564s]   1350K .......... .......... .......... .......... .......... 34% 9.51M 2s
[7.604s]   1400K .......... .......... .......... .......... .......... 35% 1.21M 2s
[7.703s]   1450K .......... .......... .......... .......... .......... 36%  511K 2s
[7.704s]   1500K .......... .......... .......... .......... .......... 37% 46.9M 2s
[7.755s]   1550K .......... .......... .......... .......... .......... 39% 1.06M 2s
[7.763s]   1600K .......... .......... .......... .......... .......... 40% 3.72M 2s
[7.764s]   1650K .......... .......... .......... .......... .......... 41% 26.7M 2s
[7.807s]   1700K .......... .......... .......... .......... .......... 42% 1.15M 2s
[7.820s]   1750K .......... .......... .......... .......... .......... 43% 3.70M 2s
[7.961s]   1800K .......... .......... .......... .......... .......... 45%  361K 2s
[7.962s]   1850K .......... .......... .......... .......... .......... 46% 12.9M 2s
[8.008s]   1900K .......... .......... .......... .......... .......... 47% 1.08M 2s
[8.022s]   1950K .......... .......... .......... .......... .......... 48% 3.90M 2s
[8.070s]   2000K .......... .......... .......... .......... .......... 50% 1.00M 2s
[8.071s]   2050K .......... .......... .......... .......... .......... 51% 82.0M 2s
[8.079s]   2100K .......... .......... .......... .......... .......... 52% 7.00M 1s
[8.111s]   2150K .......... .......... .......... .......... .......... 53% 1.43M 1s
[8.164s]   2200K .......... .......... .......... .......... .......... 54%  938K 1s
[8.318s]   2250K .......... .......... .......... .......... .......... 56%  331K 1s
[8.333s]   2300K .......... .......... .......... .......... .......... 57% 2.74M 1s
[8.369s]   2350K .......... .......... .......... .......... .......... 58% 1.35M 1s
[8.379s]   2400K .......... .......... .......... .......... .......... 59% 4.84M 1s
[8.415s]   2450K .......... .......... .......... .......... .......... 61% 1.35M 1s
[8.433s]   2500K .......... .......... .......... .......... .......... 62% 2.94M 1s
[8.572s]   2550K .......... .......... .......... .......... .......... 63%  360K 1s
[8.577s]   2600K .......... .......... .......... .......... .......... 64% 8.37M 1s
[8.584s]   2650K .......... .......... .......... .......... .......... 65% 8.81M 1s
[8.630s]   2700K .......... .......... .......... .......... .......... 67% 1.02M 1s
[8.983s]   2750K .......... .......... .......... .......... .......... 68% 8.23M 1s
[8.984s]   2800K .......... .......... .......... .......... .......... 69%  146K 1s
[8.987s]   2850K .......... .......... .......... .......... .......... 70% 16.4M 1s
[8.987s]   2900K .......... .......... .......... .......... .......... 72% 15.7M 1s
[8.996s]   2950K .......... .......... .......... .......... .......... 73% 5.01M 1s
[9.036s]   3000K .......... .......... .......... .......... .......... 74% 1.21M 1s
[9.133s]   3050K .......... .......... .......... .......... .......... 75%  504K 1s
[9.147s]   3100K .......... .......... .......... .......... .......... 76% 4.01M 1s
[9.148s]   3150K .......... .......... .......... .......... .......... 78% 16.2M 1s
[9.245s]   3200K .......... .......... .......... .......... .......... 79%  516K 1s
[9.252s]   3250K .......... .......... .......... .......... .......... 80% 6.93M 1s
[9.556s]   3300K .......... .......... .......... .......... .......... 81%  165K 1s
[9.596s]   3350K .......... .......... .......... .......... .......... 83% 1.17M 1s
[9.667s]   3400K .......... .......... .......... .......... .......... 84%  707K 1s
[9.700s]   3450K .......... .......... .......... .......... .......... 85% 1.51M 1s
[9.900s]   3500K .......... .......... .......... .......... .......... 86%  249K 1s
[9.907s]   3550K .......... .......... .......... .......... .......... 87% 7.24M 0s
[11.205s]   3600K .......... .......... .......... .......... .......... 89% 38.8K 1s
[11.205s]   3650K .......... .......... .......... .......... .......... 90% 74.9M 1s
[11.205s]   3700K .......... .......... .......... .......... .......... 91% 65.9M 0s
[11.205s]   3750K .......... .......... .......... .......... .......... 92% 77.8M 0s
[11.206s]   3800K .......... .......... .......... .......... .......... 93% 82.6M 0s
[11.593s]   3850K .......... .......... .......... .......... .......... 95%  128K 0s
[11.593s]   3900K .......... .......... .......... .......... .......... 96% 22.0M 0s
[11.598s]   3950K .......... .......... .......... .......... .......... 97% 12.9M 0s
[11.600s]   4000K .......... .......... .......... .......... .......... 98% 76.6M 0s
[11.608s]   4050K .......... .......... .......... .......... ......    100% 5.67M=5.1s
[11.608s] 
[11.608s] 2024-11-25 18:08:50 (800 KB/s) - ‘/home/joel-bansal/multi_bot_map_merging/bharat_ws4/build/multirobot_map_merge/map00.pgm’ saved [4194362/4194362]
[11.609s] 
[11.610s] Checking MD5 sum of /home/joel-bansal/multi_bot_map_merging/bharat_ws4/build/multirobot_map_merge/map00.pgm
[11.678s] /home/joel-bansal/multi_bot_map_merging/bharat_ws4/build/multirobot_map_merge/map00.pgm: OK
[11.711s] --2024-11-25 18:08:50--  https://raw.githubusercontent.com/hrnr/m-explore-extra/master/map_merge/hector_maps/map05.pgm
[11.751s] Resolving raw.githubusercontent.com (raw.githubusercontent.com)... 185.199.108.133, 185.199.110.133, 185.199.109.133, ...
[11.792s] Connecting to raw.githubusercontent.com (raw.githubusercontent.com)|185.199.108.133|:443... connected.
[13.232s] HTTP request sent, awaiting response... 200 OK
[13.232s] Length: 4194362 (4.0M) [application/octet-stream]
[13.233s] Saving to: ‘/home/joel-bansal/multi_bot_map_merging/bharat_ws4/build/multirobot_map_merge/map05.pgm’
[13.233s] 
[14.013s]      0K .......... .......... .......... .......... ..........  1% 64.1K 63s
[15.243s]     50K .......... .......... .......... .......... ..........  2% 40.7K 80s
[15.243s]    100K .......... .......... .......... .......... ..........  3% 57.4M 53s
[15.735s]    150K .......... .......... .......... .......... ..........  4%  102K 49s
[16.102s]    200K .......... .......... .......... .......... ..........  6%  163K 43s
[16.349s]    250K .......... .......... .......... .......... ..........  7%  163K 39s
[16.555s]    300K .......... .......... .......... .......... ..........  8%  244K 36s
[16.762s]    350K .......... .......... .......... .......... ..........  9%  241K 33s
[16.914s]    400K .......... .......... .......... .......... .......... 10%  331K 30s
[17.118s]    450K .......... .......... .......... .......... .......... 12%  244K 28s
[17.276s]    500K .......... .......... .......... .......... .......... 13%  315K 26s
[17.533s]    550K .......... .......... .......... .......... .......... 14%  195K 25s
[17.782s]    600K .......... .......... .......... .......... .......... 15%  334K 24s
[17.937s]    650K .......... .......... .......... .......... .......... 17%  197K 23s
[18.044s]    700K .......... .......... .......... .......... .......... 18%  476K 21s
[18.193s]    750K .......... .......... .......... .......... .......... 19%  331K 20s
[18.348s]    800K .......... .......... .......... .......... .......... 20%  326K 20s
[18.452s]    850K .......... .......... .......... .......... .......... 21%  471K 19s
[18.604s]    900K .......... .......... .......... .......... .......... 23%  329K 18s
[18.708s]    950K .......... .......... .......... .......... .......... 24%  481K 17s
[18.909s]   1000K .......... .......... .......... .......... .......... 25%  331K 16s
[19.015s]   1050K .......... .......... .......... .......... .......... 26%  326K 16s
[19.169s]   1100K .......... .......... .......... .......... .......... 28%  321K 15s
[19.267s]   1150K .......... .......... .......... .......... .......... 29%  510K 15s
[19.373s]   1200K .......... .......... .......... .......... .......... 30%  471K 14s
[19.529s]   1250K .......... .......... .......... .......... .......... 31%  325K 14s
[19.632s]   1300K .......... .......... .......... .......... .......... 32%  481K 13s
[19.735s]   1350K .......... .......... .......... .......... .......... 34%  496K 13s
[19.837s]   1400K .......... .......... .......... .......... .......... 35%  496K 12s
[19.937s]   1450K .......... .......... .......... .......... .......... 36%  480K 12s
[20.040s]   1500K .......... .......... .......... .......... .......... 37%  483K 11s
[20.146s]   1550K .......... .......... .......... .......... .......... 39%  472K 11s
[20.243s]   1600K .......... .......... .......... .......... .......... 40%  514K 10s
[20.346s]   1650K .......... .......... .......... .......... .......... 41%  487K 10s
[20.448s]   1700K .......... .......... .......... .......... .......... 42%  492K 10s
[20.552s]   1750K .......... .......... .......... .......... .......... 43%  489K 9s
[20.704s]   1800K .......... .......... .......... .......... .......... 45%  475K 9s
[20.855s]   1850K .......... .......... .......... .......... .......... 46%  250K 9s
[20.918s]   1900K .......... .......... .......... .......... .......... 47%  899K 8s
[21.013s]   1950K .......... .......... .......... .......... .......... 48%  490K 8s
[21.111s]   2000K .......... .......... .......... .......... .......... 50%  507K 8s
[21.218s]   2050K .......... .......... .......... .......... .......... 51%  475K 8s
[21.317s]   2100K .......... .......... .......... .......... .......... 52%  497K 7s
[21.372s]   2150K .......... .......... .......... .......... .......... 53%  910K 7s
[21.471s]   2200K .......... .......... .......... .......... .......... 54%  507K 7s
[21.572s]   2250K .......... .......... .......... .......... .......... 56%  493K 7s
[21.682s]   2300K .......... .......... .......... .......... .......... 57%  458K 6s
[21.729s]   2350K .......... .......... .......... .......... .......... 58% 1.07M 6s
[21.887s]   2400K .......... .......... .......... .......... .......... 59%  314K 6s
[21.932s]   2450K .......... .......... .......... .......... .......... 61% 1.06M 6s
[21.989s]   2500K .......... .......... .......... .......... .......... 62%  875K 5s
[22.087s]   2550K .......... .......... .......... .......... .......... 63%  511K 5s
[22.186s]   2600K .......... .......... .......... .......... .......... 64%  501K 5s
[22.238s]   2650K .......... .......... .......... .......... .......... 65%  970K 5s
[22.293s]   2700K .......... .......... .......... .......... .......... 67%  916K 4s
[22.393s]   2750K .......... .......... .......... .......... .......... 68%  504K 4s
[22.443s]   2800K .......... .......... .......... .......... .......... 69%  977K 4s
[22.501s]   2850K .......... .......... .......... .......... .......... 70%  867K 4s
[22.598s]   2900K .......... .......... .......... .......... .......... 72%  517K 4s
[22.648s]   2950K .......... .......... .......... .......... .......... 73% 1008K 3s
[22.705s]   3000K .......... .......... .......... .......... .......... 74%  880K 3s
[22.754s]   3050K .......... .......... .......... .......... .......... 75% 1024K 3s
[22.810s]   3100K .......... .......... .......... .......... .......... 76%  872K 3s
[22.913s]   3150K .......... .......... .......... .......... .......... 78%  517K 3s
[22.955s]   3200K .......... .......... .......... .......... .......... 79% 1.01M 3s
[23.010s]   3250K .......... .......... .......... .......... .......... 80%  916K 2s
[23.109s]   3300K .......... .......... .......... .......... .......... 81%  501K 2s
[23.117s]   3350K .......... .......... .......... .......... .......... 83% 6.84M 2s
[23.211s]   3400K .......... .......... .......... .......... .......... 84%  530K 2s
[23.279s]   3450K .......... .......... .......... .......... .......... 85%  736K 2s
[23.321s]   3500K .......... .......... .......... .......... .......... 86% 1.29M 2s
[23.374s]   3550K .......... .......... .......... .......... .......... 87%  948K 1s
[23.423s]   3600K .......... .......... .......... .......... .......... 89%  955K 1s
[23.473s]   3650K .......... .......... .......... .......... .......... 90%  973K 1s
[23.523s]   3700K .......... .......... .......... .......... .......... 91% 1.04M 1s
[23.572s]   3750K .......... .......... .......... .......... .......... 92%  965K 1s
[23.592s]   3800K .......... .......... .......... .......... .......... 93% 2.46M 1s
[23.690s]   3850K .......... .......... .......... .......... .......... 95%  509K 1s
[23.889s]   3900K .......... .......... .......... .......... .......... 96%  251K 0s
[23.994s]   3950K .......... .......... .......... .......... .......... 97%  479K 0s
[24.035s]   4000K .......... .......... .......... .......... .......... 98% 1.20M 0s
[24.089s]   4050K .......... .......... .......... .......... ......    100%  927K=11s
[24.089s] 
[24.089s] 2024-11-25 18:09:03 (377 KB/s) - ‘/home/joel-bansal/multi_bot_map_merging/bharat_ws4/build/multirobot_map_merge/map05.pgm’ saved [4194362/4194362]
[24.089s] 
[24.096s] Checking MD5 sum of /home/joel-bansal/multi_bot_map_merging/bharat_ws4/build/multirobot_map_merge/map05.pgm
[24.130s] /home/joel-bansal/multi_bot_map_merging/bharat_ws4/build/multirobot_map_merge/map05.pgm: OK
[24.159s] --2024-11-25 18:09:03--  https://raw.githubusercontent.com/hrnr/m-explore-extra/master/map_merge/gmapping_maps/2011-08-09-12-22-52.pgm
[24.178s] Resolving raw.githubusercontent.com (raw.githubusercontent.com)... 185.199.110.133, 185.199.109.133, 185.199.108.133, ...
[24.287s] Connecting to raw.githubusercontent.com (raw.githubusercontent.com)|185.199.110.133|:443... connected.
[26.180s] HTTP request sent, awaiting response... 200 OK
[26.180s] Length: 16000058 (15M) [application/octet-stream]
[26.180s] Saving to: ‘/home/joel-bansal/multi_bot_map_merging/bharat_ws4/build/multirobot_map_merge/2011-08-09-12-22-52.pgm’
[26.183s] 
[26.795s]      0K .......... .......... .......... .......... ..........  0% 81.8K 3m11s
[26.999s]     50K .......... .......... .......... .......... ..........  0%  244K 2m7s
[27.606s]    100K .......... .......... .......... .......... ..........  0% 82.4K 2m27s
[28.687s]    150K .......... .......... .......... .......... ..........  1% 46.2K 3m13s
[29.869s]    200K .......... .......... .......... .......... ..........  1% 42.3K 3m47s
[30.634s]    250K .......... .......... .......... .......... ..........  1% 65.3K 3m47s
[31.249s]    300K .......... .......... .......... .......... ..........  2% 81.3K 3m41s
[31.861s]    350K .......... .......... .......... .......... ..........  2%  109K 3m30s
[32.223s]    400K .......... .......... .......... .......... ..........  2% 97.6K 3m24s
[32.479s]    450K .......... .......... .......... .......... ..........  3%  195K 3m10s
[32.733s]    500K .......... .......... .......... .......... ..........  3%  198K 2m59s
[32.938s]    550K .......... .......... .......... .......... ..........  3%  243K 2m49s
[33.166s]    600K .......... .......... .......... .......... ..........  4%  219K 2m41s
[33.449s]    650K .......... .......... .......... .......... ..........  4%  176K 2m35s
[33.655s]    700K .......... .......... .......... .......... ..........  4%  243K 2m28s
[33.810s]    750K .......... .......... .......... .......... ..........  5%  323K 2m21s
[33.963s]    800K .......... .......... .......... .......... ..........  5%  327K 2m15s
[34.166s]    850K .......... .......... .......... .......... ..........  5%  246K 2m11s
[34.274s]    900K .......... .......... .......... .......... ..........  6%  479K 2m5s
[34.424s]    950K .......... .......... .......... .......... ..........  6%  325K 2m1s
[34.579s]   1000K .......... .......... .......... .......... ..........  6%  325K 1m57s
[34.789s]   1050K .......... .......... .......... .......... ..........  7%  237K 1m54s
[34.886s]   1100K .......... .......... .......... .......... ..........  7%  519K 1m50s
[35.037s]   1150K .......... .......... .......... .......... ..........  7%  330K 1m46s
[35.192s]   1200K .......... .......... .......... .......... ..........  7%  322K 1m44s
[35.294s]   1250K .......... .......... .......... .......... ..........  8%  489K 1m40s
[35.448s]   1300K .......... .......... .......... .......... ..........  8%  326K 98s
[35.600s]   1350K .......... .......... .......... .......... ..........  8%  328K 96s
[35.702s]   1400K .......... .......... .......... .......... ..........  9%  489K 93s
[35.805s]   1450K .......... .......... .......... .......... ..........  9%  485K 91s
[35.908s]   1500K .......... .......... .......... .......... ..........  9%  488K 88s
[36.112s]   1550K .......... .......... .......... .......... .......... 10%  244K 87s
[36.213s]   1600K .......... .......... .......... .......... .......... 10%  493K 85s
[36.319s]   1650K .......... .......... .......... .......... .......... 10%  473K 83s
[36.424s]   1700K .......... .......... .......... .......... .......... 11%  491K 81s
[36.524s]   1750K .......... .......... .......... .......... .......... 11%  489K 79s
[36.624s]   1800K .......... .......... .......... .......... .......... 11%  495K 78s
[36.730s]   1850K .......... .......... .......... .......... .......... 12%  471K 76s
[36.779s]   1900K .......... .......... .......... .......... .......... 12% 1023K 74s
[36.834s]   1950K .......... .......... .......... .......... .......... 12%  916K 73s
[36.936s]   2000K .......... .......... .......... .......... .......... 13%  489K 71s
[37.039s]   2050K .......... .......... .......... .......... .......... 13%  490K 70s
[37.088s]   2100K .......... .......... .......... .......... .......... 13%  999K 68s
[37.193s]   2150K .......... .......... .......... .......... .......... 14%  486K 67s
[37.294s]   2200K .......... .......... .......... .......... .......... 14%  483K 66s
[37.353s]   2250K .......... .......... .......... .......... .......... 14%  857K 65s
[37.399s]   2300K .......... .......... .......... .......... .......... 15% 1.05M 63s
[37.453s]   2350K .......... .......... .......... .......... .......... 15%  941K 62s
[37.500s]   2400K .......... .......... .......... .......... .......... 15% 1.01M 61s
[37.598s]   2450K .......... .......... .......... .......... .......... 15%  513K 60s
[37.652s]   2500K .......... .......... .......... .......... .......... 16%  933K 59s
[37.701s]   2550K .......... .......... .......... .......... .......... 16% 1012K 58s
[37.750s]   2600K .......... .......... .......... .......... .......... 16% 1006K 57s
[37.805s]   2650K .......... .......... .......... .......... .......... 17%  932K 56s
[37.855s]   2700K .......... .......... .......... .......... .......... 17%  971K 55s
[37.908s]   2750K .......... .......... .......... .......... .......... 17%  960K 54s
[37.956s]   2800K .......... .......... .......... .......... .......... 18% 1.02M 53s
[38.007s]   2850K .......... .......... .......... .......... .......... 18%  964K 52s
[38.025s]   2900K .......... .......... .......... .......... .......... 18% 2.76M 51s
[38.110s]   2950K .......... .......... .......... .......... .......... 19%  593K 50s
[38.120s]   3000K .......... .......... .......... .......... .......... 19% 4.76M 49s
[38.162s]   3050K .......... .......... .......... .......... .......... 19% 1.15M 48s
[38.215s]   3100K .......... .......... .......... .......... .......... 20%  948K 48s
[38.230s]   3150K .......... .......... .......... .......... .......... 20% 3.30M 47s
[38.314s]   3200K .......... .......... .......... .......... .......... 20%  589K 46s
[38.319s]   3250K .......... .......... .......... .......... .......... 21% 10.9M 45s
[38.366s]   3300K .......... .......... .......... .......... .......... 21% 1.03M 45s
[38.420s]   3350K .......... .......... .......... .......... .......... 21%  931K 44s
[38.474s]   3400K .......... .......... .......... .......... .......... 22%  921K 43s
[38.530s]   3450K .......... .......... .......... .......... .......... 22% 1.01M 43s
[38.535s]   3500K .......... .......... .......... .......... .......... 22% 4.24M 42s
[38.578s]   3550K .......... .......... .......... .......... .......... 23% 1.12M 41s
[38.625s]   3600K .......... .......... .......... .......... .......... 23% 1.05M 41s
[38.636s]   3650K .......... .......... .......... .......... .......... 23% 4.29M 40s
[38.678s]   3700K .......... .......... .......... .......... .......... 23% 1.18M 40s
[38.738s]   3750K .......... .......... .......... .......... .......... 24%  829K 39s
[38.941s]   3800K .......... .......... .......... .......... .......... 24%  247K 39s
[38.981s]   3850K .......... .......... .......... .......... .......... 24% 1.22M 38s
[39.055s]   3900K .......... .......... .......... .......... .......... 25%  735K 38s
[39.082s]   3950K .......... .......... .......... .......... .......... 25% 1.46M 37s
[39.091s]   4000K .......... .......... .......... .......... .......... 25% 5.37M 37s
[39.245s]   4050K .......... .......... .......... .......... .......... 26%  325K 37s
[39.260s]   4100K .......... .......... .......... .......... .......... 26% 3.52M 36s
[39.289s]   4150K .......... .......... .......... .......... .......... 26% 1.63M 36s
[39.547s]   4200K .......... .......... .......... .......... .......... 27%  194K 36s
[39.547s]   4250K .......... .......... .......... .......... .......... 27% 74.6M 35s
[40.366s]   4300K .......... .......... .......... .......... .......... 27% 61.4K 37s
[40.366s]   4350K .......... .......... .......... .......... .......... 28% 68.1M 36s
[40.368s]   4400K .......... .......... .......... .......... .......... 28% 77.6M 36s
[40.368s]   4450K .......... .......... .......... .......... .......... 28% 9.34M 35s
[40.368s]   4500K .......... .......... .......... .......... .......... 29% 78.4M 35s
[41.945s]   4550K .......... .......... .......... .......... .......... 29% 31.7K 38s
[41.946s]   4600K .......... .......... .......... .......... .......... 29% 71.1M 37s
[41.946s]   4650K .......... .......... .......... .......... .......... 30% 87.7M 37s
[41.946s]   4700K .......... .......... .......... .......... .......... 30% 84.6M 36s
[42.568s]   4750K .......... .......... .......... .......... .......... 30% 80.4K 37s
[43.228s]   4800K .......... .......... .......... .......... .......... 31% 75.7K 38s
[43.228s]   4850K .......... .......... .......... .......... .......... 31% 75.4M 37s
[44.254s]   4900K .......... .......... .......... .......... .......... 31% 48.8K 39s
[44.819s]   4950K .......... .......... .......... .......... .......... 31% 88.4K 40s
[45.638s]   5000K .......... .......... .......... .......... .......... 32% 61.2K 41s
[45.993s]   5050K .......... .......... .......... .......... .......... 32%  141K 41s
[46.249s]   5100K .......... .......... .......... .......... .......... 32%  195K 41s
[46.555s]   5150K .......... .......... .......... .......... .......... 33%  163K 41s
[46.763s]   5200K .......... .......... .......... .......... .......... 33%  243K 41s
[47.068s]   5250K .......... .......... .......... .......... .......... 33%  194K 41s
[47.273s]   5300K .......... .......... .......... .......... .......... 34%  196K 41s
[47.482s]   5350K .......... .......... .......... .......... .......... 34%  242K 40s
[47.683s]   5400K .......... .......... .......... .......... .......... 34%  247K 40s
[47.890s]   5450K .......... .......... .......... .......... .......... 35%  245K 40s
[48.044s]   5500K .......... .......... .......... .......... .......... 35%  318K 40s
[48.197s]   5550K .......... .......... .......... .......... .......... 35%  327K 39s
[48.351s]   5600K .......... .......... .......... .......... .......... 36%  327K 39s
[48.503s]   5650K .......... .......... .......... .......... .......... 36%  327K 39s
[48.655s]   5700K .......... .......... .......... .......... .......... 36%  328K 39s
[48.763s]   5750K .......... .......... .......... .......... .......... 37%  464K 38s
[48.913s]   5800K .......... .......... .......... .......... .......... 37%  338K 38s
[49.068s]   5850K .......... .......... .......... .......... .......... 37%  319K 38s
[49.172s]   5900K .......... .......... .......... .......... .......... 38%  493K 37s
[49.322s]   5950K .......... .......... .......... .......... .......... 38%  326K 37s
[49.475s]   6000K .......... .......... .......... .......... .......... 38%  328K 37s
[49.580s]   6050K .......... .......... .......... .......... .......... 39%  487K 37s
[49.680s]   6100K .......... .......... .......... .......... .......... 39%  489K 36s
[49.787s]   6150K .......... .......... .......... .......... .......... 39%  466K 36s
[49.938s]   6200K .......... .......... .......... .......... .......... 39%  331K 36s
[50.044s]   6250K .......... .......... .......... .......... .......... 40%  471K 35s
[50.146s]   6300K .......... .......... .......... .......... .......... 40%  493K 35s
[50.246s]   6350K .......... .......... .......... .......... .......... 40%  501K 35s
[50.350s]   6400K .......... .......... .......... .......... .......... 41%  478K 34s
[50.449s]   6450K .......... .......... .......... .......... .......... 41%  502K 34s
[50.552s]   6500K .......... .......... .......... .......... .......... 41%  486K 34s
[50.654s]   6550K .......... .......... .......... .......... .......... 42%  489K 33s
[50.806s]   6600K .......... .......... .......... .......... .......... 42%  490K 33s
[50.859s]   6650K .......... .......... .......... .......... .......... 42%  488K 33s
[50.960s]   6700K .......... .......... .......... .......... .......... 43%  492K 33s
[51.065s]   6750K .......... .......... .......... .......... .......... 43%  478K 32s
[51.169s]   6800K .......... .......... .......... .......... .......... 43%  481K 32s
[51.268s]   6850K .......... .......... .......... .......... .......... 44%  503K 32s
[51.372s]   6900K .......... .......... .......... .......... .......... 44%  485K 31s
[51.476s]   6950K .......... .......... .......... .......... .......... 44%  478K 31s
[51.573s]   7000K .......... .......... .......... .......... .......... 45%  515K 31s
[51.678s]   7050K .......... .......... .......... .......... .......... 45%  477K 31s
[51.730s]   7100K .......... .......... .......... .......... .......... 45%  968K 30s
[51.830s]   7150K .......... .......... .......... .......... .......... 46%  497K 30s
[51.934s]   7200K .......... .......... .......... .......... .......... 46%  484K 30s
[52.035s]   7250K .......... .......... .......... .......... .......... 46%  495K 29s
[52.095s]   7300K .......... .......... .......... .......... .......... 47%  833K 29s
[52.194s]   7350K .......... .......... .......... .......... .......... 47%  506K 29s
[52.291s]   7400K .......... .......... .......... .......... .......... 47%  513K 29s
[52.299s]   7450K .......... .......... .......... .......... .......... 47% 6.39M 28s
[52.396s]   7500K .......... .......... .......... .......... .......... 48%  514K 28s
[52.502s]   7550K .......... .......... .......... .......... .......... 48%  481K 28s
[52.552s]   7600K .......... .......... .......... .......... .......... 48%  970K 27s
[52.604s]   7650K .......... .......... .......... .......... .......... 49%  954K 27s
[52.703s]   7700K .......... .......... .......... .......... .......... 49%  505K 27s
[52.751s]   7750K .......... .......... .......... .......... .......... 49% 1.02M 27s
[52.806s]   7800K .......... .......... .......... .......... .......... 50%  916K 26s
[52.857s]   7850K .......... .......... .......... .......... .......... 50%  975K 26s
[52.928s]   7900K .......... .......... .......... .......... .......... 50%  703K 26s
[53.010s]   7950K .......... .......... .......... .......... .......... 51%  613K 26s
[53.066s]   8000K .......... .......... .......... .......... .......... 51%  925K 25s
[53.113s]   8050K .......... .......... .......... .......... .......... 51% 1011K 25s
[53.177s]   8100K .......... .......... .......... .......... .......... 52%  806K 25s
[53.216s]   8150K .......... .......... .......... .......... .......... 52% 1.20M 24s
[53.267s]   8200K .......... .......... .......... .......... .......... 52%  977K 24s
[53.322s]   8250K .......... .......... .......... .......... .......... 53%  916K 24s
[53.382s]   8300K .......... .......... .......... .......... .......... 53%  831K 24s
[53.418s]   8350K .......... .......... .......... .......... .......... 53% 1.36M 23s
[53.474s]   8400K .......... .......... .......... .......... .......... 54%  927K 23s
[53.480s]   8450K .......... .......... .......... .......... .......... 54% 6.13M 23s
[53.571s]   8500K .......... .......... .......... .......... .......... 54% 1.13M 23s
[53.581s]   8550K .......... .......... .......... .......... .......... 55%  867K 22s
[53.675s]   8600K .......... .......... .......... .......... .......... 55%  530K 22s
[53.780s]   8650K .......... .......... .......... .......... .......... 55%  478K 22s
[53.887s]   8700K .......... .......... .......... .......... .......... 55%  467K 22s
[53.993s]   8750K .......... .......... .......... .......... .......... 56%  469K 22s
[54.088s]   8800K .......... .......... .......... .......... .......... 56%  531K 21s
[54.093s]   8850K .......... .......... .......... .......... .......... 56% 8.85M 21s
[54.190s]   8900K .......... .......... .......... .......... .......... 57%  530K 21s
[54.291s]   8950K .......... .......... .......... .......... .......... 57%  483K 21s
[54.300s]   9000K .......... .......... .......... .......... .......... 57% 5.24M 20s
[54.309s]   9050K .......... .......... .......... .......... .......... 58% 5.37M 20s
[54.391s]   9100K .......... .......... .......... .......... .......... 58%  608K 20s
[54.401s]   9150K .......... .......... .......... .......... .......... 58% 4.95M 20s
[54.512s]   9200K .......... .......... .......... .......... .......... 59%  455K 20s
[54.545s]   9250K .......... .......... .......... .......... .......... 59% 1.47M 19s
[54.610s]   9300K .......... .......... .......... .......... .......... 59%  767K 19s
[54.616s]   9350K .......... .......... .......... .......... .......... 60% 7.65M 19s
[54.715s]   9400K .......... .......... .......... .......... .......... 60%  504K 19s
[54.747s]   9450K .......... .......... .......... .......... .......... 60% 1.51M 18s
[55.419s]   9500K .......... .......... .......... .......... .......... 61% 74.6K 19s
[55.423s]   9550K .......... .......... .......... .......... .......... 61% 12.9M 18s
[55.423s]   9600K .......... .......... .......... .......... .......... 61% 76.3M 18s
[55.425s]   9650K .......... .......... .......... .......... .......... 62% 79.5M 18s
[55.792s]   9700K .......... .......... .......... .......... .......... 62%  136K 18s
[55.793s]   9750K .......... .......... .......... .......... .......... 62% 78.2M 18s
[57.662s]   9800K .......... .......... .......... .......... .......... 63% 26.7K 18s
[57.663s]   9850K .......... .......... .......... .......... .......... 63% 79.5M 18s
[57.664s]   9900K .......... .......... .......... .......... .......... 63% 64.7M 18s
[57.665s]   9950K .......... .......... .......... .......... .......... 63% 79.0M 18s
[57.666s]  10000K .......... .......... .......... .......... .......... 64% 74.8M 17s
[57.667s]  10050K .......... .......... .......... .......... .......... 64% 64.9M 17s
[57.668s]  10100K .......... .......... .......... .......... .......... 64% 78.1M 17s
[57.668s]  10150K .......... .......... .......... .......... .......... 65% 70.7M 17s
[57.669s]  10200K .......... .......... .......... .......... .......... 65% 33.8M 17s
[57.842s]  10250K .......... .......... .......... .......... .......... 65%  288K 16s
[57.843s]  10300K .......... .......... .......... .......... .......... 66% 69.0M 16s
[57.843s]  10350K .......... .......... .......... .......... .......... 66% 75.9M 16s
[58.456s]  10400K .......... .......... .......... .......... .......... 66% 81.6K 16s
[58.496s]  10450K .......... .......... .......... .......... .......... 67% 1.25M 16s
[58.894s]  10500K .......... .......... .......... .......... .......... 67%  125K 16s
[60.634s]  10550K .......... .......... .......... .......... .......... 67% 28.7K 16s
[60.788s]  10600K .......... .......... .......... .......... .......... 68%  325K 16s
[61.047s]  10650K .......... .......... .......... .......... .......... 68%  193K 16s
[61.250s]  10700K .......... .......... .......... .......... .......... 68%  246K 16s
[61.455s]  10750K .......... .......... .......... .......... .......... 69%  244K 16s
[61.710s]  10800K .......... .......... .......... .......... .......... 69%  242K 16s
[61.865s]  10850K .......... .......... .......... .......... .......... 69%  246K 15s
[62.069s]  10900K .......... .......... .......... .......... .......... 70%  245K 15s
[62.223s]  10950K .......... .......... .......... .......... .......... 70%  324K 15s
[62.377s]  11000K .......... .......... .......... .......... .......... 70%  324K 15s
[62.580s]  11050K .......... .......... .......... .......... .......... 71%  246K 15s
[62.684s]  11100K .......... .......... .......... .......... .......... 71%  483K 15s
[62.840s]  11150K .......... .......... .......... .......... .......... 71%  321K 14s
[63.043s]  11200K .......... .......... .......... .......... .......... 71%  328K 14s
[63.149s]  11250K .......... .......... .......... .......... .......... 72%  319K 14s
[63.298s]  11300K .......... .......... .......... .......... .......... 72%  335K 14s
[63.402s]  11350K .......... .......... .......... .......... .......... 72%  482K 14s
[63.554s]  11400K .......... .......... .......... .......... .......... 73%  329K 14s
[63.657s]  11450K .......... .......... .......... .......... .......... 73%  485K 13s
[63.811s]  11500K .......... .......... .......... .......... .......... 73%  325K 13s
[63.963s]  11550K .......... .......... .......... .......... .......... 74%  330K 13s
[64.065s]  11600K .......... .......... .......... .......... .......... 74%  487K 13s
[64.222s]  11650K .......... .......... .......... .......... .......... 74%  319K 13s
[64.323s]  11700K .......... .......... .......... .......... .......... 75%  492K 13s
[64.425s]  11750K .......... .......... .......... .......... .......... 75%  493K 12s
[64.529s]  11800K .......... .......... .......... .......... .......... 75%  484K 12s
[64.633s]  11850K .......... .......... .......... .......... .......... 76%  481K 12s
[64.792s]  11900K .......... .......... .......... .......... .......... 76%  313K 12s
[64.890s]  11950K .......... .......... .......... .......... .......... 76%  512K 12s
[65.040s]  12000K .......... .......... .......... .......... .......... 77%  333K 12s
[65.140s]  12050K .......... .......... .......... .......... .......... 77%  498K 11s
[65.195s]  12100K .......... .......... .......... .......... .......... 77%  921K 11s
[65.347s]  12150K .......... .......... .......... .......... .......... 78%  330K 11s
[65.449s]  12200K .......... .......... .......... .......... .......... 78%  488K 11s
[65.551s]  12250K .......... .......... .......... .......... .......... 78%  490K 11s
[65.653s]  12300K .......... .......... .......... .......... .......... 79%  488K 10s
[65.757s]  12350K .......... .......... .......... .......... .......... 79%  482K 10s
[65.858s]  12400K .......... .......... .......... .......... .......... 79%  494K 10s
[65.961s]  12450K .......... .......... .......... .......... .......... 79%  484K 10s
[66.064s]  12500K .......... .......... .......... .......... .......... 80%  486K 10s
[66.165s]  12550K .......... .......... .......... .......... .......... 80%  495K 10s
[66.267s]  12600K .......... .......... .......... .......... .......... 80%  490K 9s
[66.321s]  12650K .......... .......... .......... .......... .......... 81%  932K 9s
[66.421s]  12700K .......... .......... .......... .......... .......... 81%  500K 9s
[66.475s]  12750K .......... .......... .......... .......... .......... 81%  929K 9s
[66.576s]  12800K .......... .......... .......... .......... .......... 82%  494K 9s
[66.687s]  12850K .......... .......... .......... .......... .......... 82%  453K 9s
[66.779s]  12900K .......... .......... .......... .......... .......... 82%  540K 8s
[66.837s]  12950K .......... .......... .......... .......... .......... 83%  865K 8s
[66.934s]  13000K .......... .......... .......... .......... .......... 83%  515K 8s
[66.994s]  13050K .......... .......... .......... .......... .......... 83%  835K 8s
[67.091s]  13100K .......... .......... .......... .......... .......... 84%  516K 8s
[67.190s]  13150K .......... .......... .......... .......... .......... 84%  503K 8s
[67.241s]  13200K .......... .......... .......... .......... .......... 84%  982K 7s
[67.296s]  13250K .......... .......... .......... .......... .......... 85%  920K 7s
[67.398s]  13300K .......... .......... .......... .......... .......... 85%  491K 7s
[67.447s]  13350K .......... .......... .......... .......... .......... 85% 1005K 7s
[67.500s]  13400K .......... .......... .......... .......... .......... 86%  948K 7s
[67.598s]  13450K .......... .......... .......... .......... .......... 86%  508K 7s
[67.651s]  13500K .......... .......... .......... .......... .......... 86%  949K 6s
[67.704s]  13550K .......... .......... .......... .......... .......... 87%  934K 6s
[67.804s]  13600K .......... .......... .......... .......... .......... 87%  502K 6s
[67.811s]  13650K .......... .......... .......... .......... .......... 87% 6.74M 6s
[67.907s]  13700K .......... .......... .......... .......... .......... 87%  525K 6s
[67.957s]  13750K .......... .......... .......... .......... .......... 88%  996K 6s
[68.011s]  13800K .......... .......... .......... .......... .......... 88%  921K 5s
[68.061s]  13850K .......... .......... .......... .......... .......... 88% 1000K 5s
[68.112s]  13900K .......... .......... .......... .......... .......... 89%  983K 5s
[68.163s]  13950K .......... .......... .......... .......... .......... 89%  983K 5s
[68.217s]  14000K .......... .......... .......... .......... .......... 89%  914K 5s
[68.265s]  14050K .......... .......... .......... .......... .......... 90% 1.03M 5s
[68.316s]  14100K .......... .......... .......... .......... .......... 90%  971K 4s
[68.368s]  14150K .......... .......... .......... .......... .......... 90%  975K 4s
[68.418s]  14200K .......... .......... .......... .......... .......... 91%  983K 4s
[68.470s]  14250K .......... .......... .......... .......... .......... 91%  977K 4s
[68.475s]  14300K .......... .......... .......... .......... .......... 91% 8.72M 4s
[68.523s]  14350K .......... .......... .......... .......... .......... 92% 1.03M 4s
[68.574s]  14400K .......... .......... .......... .......... .......... 92%  971K 3s
[68.729s]  14450K .......... .......... .......... .......... .......... 92%  499K 3s
[68.738s]  14500K .......... .......... .......... .......... .......... 93%  792K 3s
[68.833s]  14550K .......... .......... .......... .......... .......... 93%  526K 3s
[68.839s]  14600K .......... .......... .......... .......... .......... 93% 7.97M 3s
[68.880s]  14650K .......... .......... .......... .......... .......... 94% 1.19M 3s
[68.942s]  14700K .......... .......... .......... .......... .......... 94%  810K 3s
[68.950s]  14750K .......... .......... .......... .......... .......... 94% 5.87M 2s
[69.043s]  14800K .......... .......... .......... .......... .......... 95%  539K 2s
[69.051s]  14850K .......... .......... .......... .......... .......... 95% 5.83M 2s
[69.138s]  14900K .......... .......... .......... .......... .......... 95%  572K 2s
[69.190s]  14950K .......... .......... .......... .......... .......... 95%  977K 2s
[69.250s]  15000K .......... .......... .......... .......... .......... 96%  830K 2s
[69.257s]  15050K .......... .......... .......... .......... .......... 96% 7.66M 1s
[69.350s]  15100K .......... .......... .......... .......... .......... 96%  535K 1s
[69.356s]  15150K .......... .......... .......... .......... .......... 97% 7.55M 1s
[69.396s]  15200K .......... .......... .......... .......... .......... 97% 1.22M 1s
[69.452s]  15250K .......... .......... .......... .......... .......... 97%  896K 1s
[69.460s]  15300K .......... .......... .......... .......... .......... 98% 5.96M 1s
[69.564s]  15350K .......... .......... .......... .......... .......... 98%  483K 1s
[69.657s]  15400K .......... .......... .......... .......... .......... 98%  567K 0s
[69.666s]  15450K .......... .......... .......... .......... .......... 99% 3.41M 0s
[70.106s]  15500K .......... .......... .......... .......... .......... 99%  114K 0s
[70.106s]  15550K .......... .......... .......... .......... .......... 99% 54.1M 0s
[70.107s]  15600K .......... .......... .....                           100% 68.5M=44s
[70.107s] 
[70.108s] 2024-11-25 18:09:49 (356 KB/s) - ‘/home/joel-bansal/multi_bot_map_merging/bharat_ws4/build/multirobot_map_merge/2011-08-09-12-22-52.pgm’ saved [16000058/16000058]
[70.108s] 
[70.109s] Checking MD5 sum of /home/joel-bansal/multi_bot_map_merging/bharat_ws4/build/multirobot_map_merge/2011-08-09-12-22-52.pgm
[70.158s] /home/joel-bansal/multi_bot_map_merging/bharat_ws4/build/multirobot_map_merge/2011-08-09-12-22-52.pgm: OK
[70.166s] --2024-11-25 18:09:49--  https://raw.githubusercontent.com/hrnr/m-explore-extra/master/map_merge/gmapping_maps/2012-01-28-11-12-01.pgm
[70.173s] Resolving raw.githubusercontent.com (raw.githubusercontent.com)... 185.199.109.133, 185.199.110.133, 185.199.111.133, ...
[70.362s] Connecting to raw.githubusercontent.com (raw.githubusercontent.com)|185.199.109.133|:443... connected.
[72.820s] HTTP request sent, awaiting response... 200 OK
[72.820s] Length: 16000058 (15M) [application/octet-stream]
[72.821s] Saving to: ‘/home/joel-bansal/multi_bot_map_merging/bharat_ws4/build/multirobot_map_merge/2012-01-28-11-12-01.pgm’
[73.230s] 
[74.048s]      0K .......... .......... .......... .......... ..........  0% 40.7K 6m23s
[75.451s]     50K .......... .......... .......... .......... ..........  0% 35.6K 6m48s
[75.893s]    100K .......... .......... .......... .......... ..........  0%  113K 5m17s
[76.352s]    150K .......... .......... .......... .......... ..........  1%  109K 4m32s
[76.711s]    200K .......... .......... .......... .......... ..........  1%  139K 3m59s
[77.019s]    250K .......... .......... .......... .......... ..........  1%  162K 3m35s
[77.274s]    300K .......... .......... .......... .......... ..........  2%  196K 3m14s
[77.585s]    350K .......... .......... .......... .......... ..........  2%  195K 2m59s
[77.839s]    400K .......... .......... .......... .......... ..........  2%  162K 2m49s
[78.042s]    450K .......... .......... .......... .......... ..........  3%  246K 2m38s
[78.198s]    500K .......... .......... .......... .......... ..........  3%  322K 2m27s
[78.401s]    550K .......... .......... .......... .......... ..........  3%  246K 2m20s
[78.556s]    600K .......... .......... .......... .......... ..........  4%  323K 2m12s
[78.787s]    650K .......... .......... .......... .......... ..........  4%  216K 2m7s
[78.964s]    700K .......... .......... .......... .......... ..........  4%  283K 2m2s
[79.169s]    750K .......... .......... .......... .......... ..........  5%  325K 1m57s
[79.323s]    800K .......... .......... .......... .......... ..........  5%  244K 1m53s
[79.476s]    850K .......... .......... .......... .......... ..........  5%  325K 1m49s
[79.581s]    900K .......... .......... .......... .......... ..........  6%  480K 1m44s
[79.732s]    950K .......... .......... .......... .......... ..........  6%  331K 1m41s
[79.886s]   1000K .......... .......... .......... .......... ..........  6%  323K 98s
[79.991s]   1050K .......... .......... .......... .......... ..........  7%  478K 95s
[80.142s]   1100K .......... .......... .......... .......... ..........  7%  332K 92s
[80.297s]   1150K .......... .......... .......... .......... ..........  7%  484K 89s
[80.400s]   1200K .......... .......... .......... .......... ..........  7%  323K 87s
[80.510s]   1250K .......... .......... .......... .......... ..........  8%  455K 85s
[80.654s]   1300K .......... .......... .......... .......... ..........  8%  346K 83s
[80.758s]   1350K .......... .......... .......... .......... ..........  8%  480K 81s
[80.910s]   1400K .......... .......... .......... .......... ..........  9%  331K 79s
[81.064s]   1450K .......... .......... .......... .......... ..........  9%  323K 78s
[81.166s]   1500K .......... .......... .......... .......... ..........  9%  491K 76s
[81.271s]   1550K .......... .......... .......... .......... .......... 10%  484K 74s
[81.374s]   1600K .......... .......... .......... .......... .......... 10%  478K 72s
[81.525s]   1650K .......... .......... .......... .......... .......... 10%  332K 71s
[81.627s]   1700K .......... .......... .......... .......... .......... 11%  489K 70s
[81.731s]   1750K .......... .......... .......... .......... .......... 11%  481K 68s
[81.832s]   1800K .......... .......... .......... .......... .......... 11%  497K 67s
[81.934s]   1850K .......... .......... .......... .......... .......... 12%  490K 66s
[81.988s]   1900K .......... .......... .......... .......... .......... 12%  926K 64s
[82.139s]   1950K .......... .......... .......... .......... .......... 12%  490K 63s
[82.192s]   2000K .......... .......... .......... .......... .......... 13%  488K 62s
[82.293s]   2050K .......... .......... .......... .......... .......... 13%  498K 61s
[82.348s]   2100K .......... .......... .......... .......... .......... 13%  896K 60s
[82.446s]   2150K .......... .......... .......... .......... .......... 14%  513K 59s
[82.500s]   2200K .......... .......... .......... .......... .......... 14%  921K 58s
[82.558s]   2250K .......... .......... .......... .......... .......... 14%  864K 56s
[82.652s]   2300K .......... .......... .......... .......... .......... 15%  533K 56s
[82.707s]   2350K .......... .......... .......... .......... .......... 15%  919K 54s
[82.756s]   2400K .......... .......... .......... .......... .......... 15% 1006K 53s
[82.857s]   2450K .......... .......... .......... .......... .......... 15%  498K 53s
[82.864s]   2500K .......... .......... .......... .......... .......... 16% 5.88M 52s
[82.959s]   2550K .......... .......... .......... .......... .......... 16%  531K 51s
[82.967s]   2600K .......... .......... .......... .......... .......... 16% 5.63M 50s
[83.062s]   2650K .......... .......... .......... .......... .......... 17%  529K 49s
[83.164s]   2700K .......... .......... .......... .......... .......... 17%  490K 48s
[83.217s]   2750K .......... .......... .......... .......... .......... 17%  977K 48s
[83.271s]   2800K .......... .......... .......... .......... .......... 18%  900K 47s
[83.419s]   2850K .......... .......... .......... .......... .......... 18%  338K 47s
[83.419s]   2900K .......... .......... .......... .......... .......... 18% 61.9M 46s
[83.471s]   2950K .......... .......... .......... .......... .......... 19%  973K 45s
[83.480s]   3000K .......... .......... .......... .......... .......... 19% 5.32M 44s
[83.582s]   3050K .......... .......... .......... .......... .......... 19%  490K 43s
[84.084s]   3100K .......... .......... .......... .......... .......... 20% 99.6K 45s
[84.084s]   3150K .......... .......... .......... .......... .......... 20% 86.6M 44s
[84.134s]   3200K .......... .......... .......... .......... .......... 20% 1002K 43s
[84.291s]   3250K .......... .......... .......... .......... .......... 21%  320K 43s
[84.494s]   3300K .......... .......... .......... .......... .......... 21%  245K 43s
[84.699s]   3350K .......... .......... .......... .......... .......... 21%  245K 43s
[85.159s]   3400K .......... .......... .......... .......... .......... 22%  109K 44s
[85.977s]   3450K .......... .......... .......... .......... .......... 22% 61.1K 46s
[85.978s]   3500K .......... .......... .......... .......... .......... 22% 53.7M 45s
[87.565s]   3550K .......... .......... .......... .......... .......... 23% 50.9K 47s
[90.278s]   3600K .......... .......... .......... .......... .......... 23% 15.1K 57s
[91.148s]   3650K .......... .......... .......... .......... .......... 23% 57.4K 59s
[91.917s]   3700K .......... .......... .......... .......... .......... 23% 65.0K 60s
[92.328s]   3750K .......... .......... .......... .......... .......... 24%  122K 61s
[92.787s]   3800K .......... .......... .......... .......... .......... 24%  109K 61s
[93.044s]   3850K .......... .......... .......... .......... .......... 24%  195K 61s
[93.352s]   3900K .......... .......... .......... .......... .......... 25%  162K 61s
[93.659s]   3950K .......... .......... .......... .......... .......... 25%  197K 60s
[93.913s]   4000K .......... .......... .......... .......... .......... 25%  163K 60s
[94.118s]   4050K .......... .......... .......... .......... .......... 26%  244K 60s
[94.325s]   4100K .......... .......... .......... .......... .......... 26%  241K 59s
[94.529s]   4150K .......... .......... .......... .......... .......... 26%  246K 59s
[94.685s]   4200K .......... .......... .......... .......... .......... 27%  319K 59s
[94.887s]   4250K .......... .......... .......... .......... .......... 27%  248K 58s
[95.040s]   4300K .......... .......... .......... .......... .......... 27%  325K 58s
[95.245s]   4350K .......... .......... .......... .......... .......... 28%  325K 57s
[95.399s]   4400K .......... .......... .......... .......... .......... 28%  245K 57s
[95.552s]   4450K .......... .......... .......... .......... .......... 28%  326K 56s
[95.706s]   4500K .......... .......... .......... .......... .......... 29%  324K 56s
[95.810s]   4550K .......... .......... .......... .......... .......... 29%  484K 55s
[95.963s]   4600K .......... .......... .......... .......... .......... 29%  327K 55s
[96.116s]   4650K .......... .......... .......... .......... .......... 30%  327K 54s
[96.219s]   4700K .......... .......... .......... .......... .......... 30%  485K 54s
[96.372s]   4750K .......... .......... .......... .......... .......... 30%  487K 53s
[96.474s]   4800K .......... .......... .......... .......... .......... 31%  328K 53s
[96.528s]   4850K .......... .......... .......... .......... .......... 31%  930K 52s
[96.629s]   4900K .......... .......... .......... .......... .......... 31%  491K 51s
[96.732s]   4950K .......... .......... .......... .......... .......... 31%  486K 51s
[96.833s]   5000K .......... .......... .......... .......... .......... 32%  498K 50s
[96.888s]   5050K .......... .......... .......... .......... .......... 32%  900K 50s
[96.988s]   5100K .......... .......... .......... .......... .......... 32%  503K 49s
[97.092s]   5150K .......... .......... .......... .......... .......... 33%  957K 49s
[97.143s]   5200K .......... .......... .......... .......... .......... 33%  487K 48s
[97.245s]   5250K .......... .......... .......... .......... .......... 33%  488K 48s
[97.298s]   5300K .......... .......... .......... .......... .......... 34%  942K 47s
[97.350s]   5350K .......... .......... .......... .......... .......... 34%  969K 46s
[97.404s]   5400K .......... .......... .......... .......... .......... 34%  919K 46s
[97.450s]   5450K .......... .......... .......... .......... .......... 35% 1.06M 45s
[97.503s]   5500K .......... .......... .......... .......... .......... 35%  948K 45s
[97.655s]   5550K .......... .......... .......... .......... .......... 35%  513K 44s
[97.661s]   5600K .......... .......... .......... .......... .......... 36%  830K 44s
[97.755s]   5650K .......... .......... .......... .......... .......... 36%  532K 43s
[97.762s]   5700K .......... .......... .......... .......... .......... 36% 7.00M 43s
[97.858s]   5750K .......... .......... .......... .......... .......... 37%  521K 42s
[97.863s]   5800K .......... .......... .......... .......... .......... 37% 9.14M 42s
[98.013s]   5850K .......... .......... .......... .......... .......... 37%  333K 42s
[98.020s]   5900K .......... .......... .......... .......... .......... 38% 6.51M 41s
[98.114s]   5950K .......... .......... .......... .......... .......... 38% 1.18M 40s
[98.122s]   6000K .......... .......... .......... .......... .......... 38%  833K 40s
[98.168s]   6050K .......... .......... .......... .......... .......... 39% 1.06M 40s
[98.227s]   6100K .......... .......... .......... .......... .......... 39%  845K 39s
[98.269s]   6150K .......... .......... .......... .......... .......... 39% 1.17M 39s
[98.320s]   6200K .......... .......... .......... .......... .......... 39%  979K 38s
[98.371s]   6250K .......... .......... .......... .......... .......... 40%  972K 38s
[98.473s]   6300K .......... .......... .......... .......... .......... 40%  493K 37s
[98.573s]   6350K .......... .......... .......... .......... .......... 40% 7.34M 37s
[98.840s]   6400K .......... .......... .......... .......... .......... 41%  139K 37s
[98.846s]   6450K .......... .......... .......... .......... .......... 41% 7.48M 37s
[98.851s]   6500K .......... .......... .......... .......... .......... 41% 10.1M 36s
[99.245s]   6550K .......... .......... .......... .......... .......... 42%  127K 36s
[99.245s]   6600K .......... .......... .......... .......... .......... 42% 48.5M 36s
[99.246s]   6650K .......... .......... .......... .......... .......... 42% 67.5M 35s
[99.250s]   6700K .......... .......... .......... .......... .......... 43% 12.5M 35s
[99.346s]   6750K .......... .......... .......... .......... .......... 43%  526K 34s
[99.446s]   6800K .......... .......... .......... .......... .......... 43%  496K 34s
[99.699s]   6850K .......... .......... .......... .......... .......... 44%  198K 34s
[100.522s]   6900K .......... .......... .......... .......... .......... 44% 60.7K 35s
[100.522s]   6950K .......... .......... .......... .......... .......... 44% 73.4M 34s
[100.979s]   7000K .......... .......... .......... .......... .......... 45%  110K 34s
[100.979s]   7050K .......... .......... .......... .......... .......... 45% 67.6M 34s
[100.980s]   7100K .......... .......... .......... .......... .......... 45% 76.6M 33s
[101.388s]   7150K .......... .......... .......... .......... .......... 46%  135K 33s
[102.374s]   7200K .......... .......... .......... .......... .......... 46% 48.9K 34s
[102.375s]   7250K .......... .......... .......... .......... .......... 46% 66.6M 34s
[102.989s]   7300K .......... .......... .......... .......... .......... 47% 81.5K 34s
[103.610s]   7350K .......... .......... .......... .......... .......... 47% 80.5K 34s
[104.019s]   7400K .......... .......... .......... .......... .......... 47%  122K 34s
[105.638s]   7450K .......... .......... .......... .......... .......... 47% 30.9K 36s
[106.406s]   7500K .......... .......... .......... .......... .......... 48% 65.1K 36s
[107.320s]   7550K .......... .......... .......... .......... .......... 48% 70.5K 36s
[107.730s]   7600K .......... .......... .......... .......... .......... 48% 81.4K 36s
[108.039s]   7650K .......... .......... .......... .......... .......... 49%  161K 36s
[108.344s]   7700K .......... .......... .......... .......... .......... 49%  164K 36s
[108.602s]   7750K .......... .......... .......... .......... .......... 49%  194K 36s
[108.859s]   7800K .......... .......... .......... .......... .......... 50%  194K 36s
[109.061s]   7850K .......... .......... .......... .......... .......... 50%  247K 35s
[109.266s]   7900K .......... .......... .......... .......... .......... 50%  244K 35s
[109.523s]   7950K .......... .......... .......... .......... .......... 51%  244K 35s
[109.678s]   8000K .......... .......... .......... .......... .......... 51%  241K 35s
[109.880s]   8050K .......... .......... .......... .......... .......... 51%  248K 34s
[110.035s]   8100K .......... .......... .......... .......... .......... 52%  322K 34s
[110.187s]   8150K .......... .......... .......... .......... .......... 52%  328K 34s
[110.342s]   8200K .......... .......... .......... .......... .......... 52%  323K 34s
[110.494s]   8250K .......... .......... .......... .......... .......... 53%  329K 33s
[110.649s]   8300K .......... .......... .......... .......... .......... 53%  323K 33s
[110.854s]   8350K .......... .......... .......... .......... .......... 53%  447K 33s
[110.957s]   8400K .......... .......... .......... .......... .......... 54%  255K 32s
[111.060s]   8450K .......... .......... .......... .......... .......... 54%  482K 32s
[111.211s]   8500K .......... .......... .......... .......... .......... 54%  331K 32s
[111.367s]   8550K .......... .......... .......... .......... .......... 55%  322K 31s
[111.521s]   8600K .......... .......... .......... .......... .......... 55%  325K 31s
[111.623s]   8650K .......... .......... .......... .......... .......... 55%  487K 31s
[111.775s]   8700K .......... .......... .......... .......... .......... 55%  329K 31s
[111.929s]   8750K .......... .......... .......... .......... .......... 56%  484K 30s
[112.033s]   8800K .......... .......... .......... .......... .......... 56%  325K 30s
[112.136s]   8850K .......... .......... .......... .......... .......... 56%  485K 30s
[112.341s]   8900K .......... .......... .......... .......... .......... 57%  243K 29s
[112.492s]   8950K .......... .......... .......... .......... .......... 57%  331K 29s
[112.594s]   9000K .......... .......... .......... .......... .......... 57%  489K 29s
[112.697s]   9050K .......... .......... .......... .......... .......... 58%  483K 29s
[112.849s]   9100K .......... .......... .......... .......... .......... 58%  330K 28s
[113.005s]   9150K .......... .......... .......... .......... .......... 58%  483K 28s
[113.107s]   9200K .......... .......... .......... .......... .......... 59%  323K 28s
[113.209s]   9250K .......... .......... .......... .......... .......... 59%  491K 27s
[113.316s]   9300K .......... .......... .......... .......... .......... 59%  467K 27s
[113.413s]   9350K .......... .......... .......... .......... .......... 60%  513K 27s
[113.574s]   9400K .......... .......... .......... .......... .......... 60%  312K 27s
[113.726s]   9450K .......... .......... .......... .......... .......... 60%  328K 26s
[113.928s]   9500K .......... .......... .......... .......... .......... 61%  247K 26s
[114.032s]   9550K .......... .......... .......... .......... .......... 61%  489K 26s
[114.130s]   9600K .......... .......... .......... .......... .......... 61%  501K 26s
[114.238s]   9650K .......... .......... .......... .......... .......... 62%  466K 25s
[114.340s]   9700K .......... .......... .......... .......... .......... 62%  486K 25s
[114.388s]   9750K .......... .......... .......... .......... .......... 62% 1.01M 25s
[114.551s]   9800K .......... .......... .......... .......... .......... 63%  308K 24s
[114.557s]   9850K .......... .......... .......... .......... .......... 63% 7.95M 24s
[114.655s]   9900K .......... .......... .......... .......... .......... 63%  511K 24s
[115.156s]   9950K .......... .......... .......... .......... .......... 63%  112K 24s
[115.156s]  10000K .......... .......... .......... .......... .......... 64%  915K 23s
[115.770s]  10050K .......... .......... .......... .......... .......... 64% 81.6K 23s
[115.770s]  10100K .......... .......... .......... .......... .......... 64% 59.8M 23s
[116.331s]  10150K .......... .......... .......... .......... .......... 65% 89.1K 23s
[116.939s]  10200K .......... .......... .......... .......... .......... 65% 82.3K 23s
[118.174s]  10250K .......... .......... .......... .......... .......... 65% 40.5K 23s
[119.249s]  10300K .......... .......... .......... .......... .......... 66% 46.5K 24s
[121.502s]  10350K .......... .......... .......... .......... .......... 66% 25.0K 24s
[121.963s]  10400K .......... .......... .......... .......... .......... 66% 69.9K 24s
[122.372s]  10450K .......... .......... .......... .......... .......... 67%  122K 24s
[122.681s]  10500K .......... .......... .......... .......... .......... 67%  162K 24s
[122.937s]  10550K .......... .......... .......... .......... .......... 67%  196K 24s
[123.192s]  10600K .......... .......... .......... .......... .......... 68%  196K 24s
[123.400s]  10650K .......... .......... .......... .......... .......... 68%  240K 23s
[123.653s]  10700K .......... .......... .......... .......... .......... 68%  197K 23s
[123.962s]  10750K .......... .......... .......... .......... .......... 69%  162K 23s
[124.165s]  10800K .......... .......... .......... .......... .......... 69%  245K 23s
[124.369s]  10850K .......... .......... .......... .......... .......... 69%  245K 22s
[124.523s]  10900K .......... .......... .......... .......... .......... 70%  325K 22s
[124.728s]  10950K .......... .......... .......... .......... .......... 70%  244K 22s
[124.890s]  11000K .......... .......... .......... .......... .......... 70%  307K 22s
[125.035s]  11050K .......... .......... .......... .......... .......... 71%  346K 21s
[125.189s]  11100K .......... .......... .......... .......... .......... 71%  324K 21s
[125.446s]  11150K .......... .......... .......... .......... .......... 71%  326K 21s
[125.604s]  11200K .......... .......... .......... .......... .......... 71%  192K 21s
[125.701s]  11250K .......... .......... .......... .......... .......... 72%  511K 20s
[125.856s]  11300K .......... .......... .......... .......... .......... 72%  324K 20s
[125.959s]  11350K .......... .......... .......... .......... .......... 72%  484K 20s
[126.162s]  11400K .......... .......... .......... .......... .......... 73%  247K 19s
[126.265s]  11450K .......... .......... .......... .......... .......... 73%  485K 19s
[126.367s]  11500K .......... .......... .......... .......... .......... 73%  490K 19s
[126.470s]  11550K .......... .......... .......... .......... .......... 74%  491K 19s
[126.574s]  11600K .......... .......... .......... .......... .......... 74%  477K 18s
[126.679s]  11650K .......... .......... .......... .......... .......... 74%  475K 18s
[126.777s]  11700K .......... .......... .......... .......... .......... 75%  511K 18s
[126.829s]  11750K .......... .......... .......... .......... .......... 75%  953K 18s
[126.931s]  11800K .......... .......... .......... .......... .......... 75%  491K 17s
[126.984s]  11850K .......... .......... .......... .......... .......... 76%  941K 17s
[127.085s]  11900K .......... .......... .......... .......... .......... 76%  498K 17s
[127.186s]  11950K .......... .......... .......... .......... .......... 76%  988K 16s
[127.196s]  12000K .......... .......... .......... .......... .......... 77%  827K 16s
[127.290s]  12050K .......... .......... .......... .......... .......... 77%  531K 16s
[127.345s]  12100K .......... .......... .......... .......... .......... 77%  918K 16s
[127.395s]  12150K .......... .......... .......... .......... .......... 78%  984K 15s
[127.447s]  12200K .......... .......... .......... .......... .......... 78%  970K 15s
[127.497s]  12250K .......... .......... .......... .......... .......... 78%  993K 15s
[127.597s]  12300K .......... .......... .......... .......... .......... 79%  504K 15s
[127.648s]  12350K .......... .......... .......... .......... .......... 79% 9.06M 14s
[127.752s]  12400K .......... .......... .......... .......... .......... 79%  333K 14s
[127.801s]  12450K .......... .......... .......... .......... .......... 79% 1010K 14s
[127.853s]  12500K .......... .......... .......... .......... .......... 80%  978K 13s
[127.909s]  12550K .......... .......... .......... .......... .......... 80%  888K 13s
[128.007s]  12600K .......... .......... .......... .......... .......... 80%  512K 13s
[128.011s]  12650K .......... .......... .......... .......... .......... 81% 9.46M 13s
[128.068s]  12700K .......... .......... .......... .......... .......... 81%  888K 12s
[128.114s]  12750K .......... .......... .......... .......... .......... 81% 1.12M 12s
[128.160s]  12800K .......... .......... .......... .......... .......... 82% 1.00M 12s
[128.214s]  12850K .......... .......... .......... .......... .......... 82%  931K 12s
[128.222s]  12900K .......... .......... .......... .......... .......... 82% 6.40M 11s
[128.313s]  12950K .......... .......... .......... .......... .......... 83%  547K 11s
[128.319s]  13000K .......... .......... .......... .......... .......... 83% 7.49M 11s
[128.363s]  13050K .......... .......... .......... .......... .......... 83% 1.13M 11s
[128.417s]  13100K .......... .......... .......... .......... .......... 84%  924K 10s
[128.426s]  13150K .......... .......... .......... .......... .......... 84% 7.18M 10s
[128.519s]  13200K .......... .......... .......... .......... .......... 84%  526K 10s
[128.532s]  13250K .......... .......... .......... .......... .......... 85% 3.81M 10s
[128.573s]  13300K .......... .......... .......... .......... .......... 85% 1.17M 10s
[128.643s]  13350K .......... .......... .......... .......... .......... 85%  720K 9s
[128.682s]  13400K .......... .......... .......... .......... .......... 86% 1.25M 9s
[128.687s]  13450K .......... .......... .......... .......... .......... 86% 9.08M 9s
[128.879s]  13500K .......... .......... .......... .......... .......... 86%  260K 9s
[128.890s]  13550K .......... .......... .......... .......... .......... 87% 5.64M 8s
[129.186s]  13600K .......... .......... .......... .......... .......... 87%  168K 8s
[129.187s]  13650K .......... .......... .......... .......... .......... 87% 59.3M 8s
[129.187s]  13700K .......... .......... .......... .......... .......... 87% 81.1M 8s
[129.188s]  13750K .......... .......... .......... .......... .......... 88% 80.5M 7s
[129.391s]  13800K .......... .......... .......... .......... .......... 88%  246K 7s
[129.404s]  13850K .......... .......... .......... .......... .......... 88% 3.71M 7s
[129.493s]  13900K .......... .......... .......... .......... .......... 89%  566K 7s
[129.608s]  13950K .......... .......... .......... .......... .......... 89%  439K 7s
[129.697s]  14000K .......... .......... .......... .......... .......... 89%  549K 6s
[130.986s]  14050K .......... .......... .......... .......... .......... 90% 38.8K 6s
[130.987s]  14100K .......... .......... .......... .......... .......... 90% 65.6M 6s
[130.987s]  14150K .......... .......... .......... .......... .......... 90% 75.2M 6s
[130.988s]  14200K .......... .......... .......... .......... .......... 91% 79.6M 6s
[130.989s]  14250K .......... .......... .......... .......... .......... 91%  107M 5s
[130.989s]  14300K .......... .......... .......... .......... .......... 91% 81.1M 5s
[130.990s]  14350K .......... .......... .......... .......... .......... 92% 75.0M 5s
[130.990s]  14400K .......... .......... .......... .......... .......... 92% 70.5M 5s
[132.196s]  14450K .......... .......... .......... .......... .......... 92% 41.5K 5s
[133.432s]  14500K .......... .......... .......... .......... .......... 93% 40.5K 4s
[133.892s]  14550K .......... .......... .......... .......... .......... 93%  109K 4s
[133.892s]  14600K .......... .......... .......... .......... .......... 93% 64.4M 4s
[133.893s]  14650K .......... .......... .......... .......... .......... 94% 78.5M 4s
[134.859s]  14700K .......... .......... .......... .......... .......... 94% 51.8K 4s
[135.632s]  14750K .......... .......... .......... .......... .......... 94%  193K 3s
[135.684s]  14800K .......... .......... .......... .......... .......... 95% 88.3K 3s
[135.945s]  14850K .......... .......... .......... .......... .......... 95%  191K 3s
[136.144s]  14900K .......... .......... .......... .......... .......... 95%  252K 3s
[136.299s]  14950K .......... .......... .......... .......... .......... 95%  321K 3s
[136.709s]  15000K .......... .......... .......... .......... .......... 96%  122K 2s
[136.861s]  15050K .......... .......... .......... .......... .......... 96%  330K 2s
[137.117s]  15100K .......... .......... .......... .......... .......... 96%  195K 2s
[137.374s]  15150K .......... .......... .......... .......... .......... 97%  244K 2s
[137.580s]  15200K .......... .......... .......... .......... .......... 97%  194K 2s
[137.787s]  15250K .......... .......... .......... .......... .......... 97%  241K 1s
[137.990s]  15300K .......... .......... .......... .......... .......... 98%  246K 1s
[138.193s]  15350K .......... .......... .......... .......... .......... 98%  247K 1s
[138.346s]  15400K .......... .......... .......... .......... .......... 98%  327K 1s
[138.501s]  15450K .......... .......... .......... .......... .......... 99%  322K 1s
[138.655s]  15500K .......... .......... .......... .......... .......... 99%  326K 0s
[138.859s]  15550K .......... .......... .......... .......... .......... 99%  324K 0s
[138.909s]  15600K .......... .......... .....                           100%  250K=66s
[138.910s] 
[138.910s] 2024-11-25 18:10:57 (236 KB/s) - ‘/home/joel-bansal/multi_bot_map_merging/bharat_ws4/build/multirobot_map_merge/2012-01-28-11-12-01.pgm’ saved [16000058/16000058]
[138.910s] 
[138.912s] Checking MD5 sum of /home/joel-bansal/multi_bot_map_merging/bharat_ws4/build/multirobot_map_merge/2012-01-28-11-12-01.pgm
[138.959s] /home/joel-bansal/multi_bot_map_merging/bharat_ws4/build/multirobot_map_merge/2012-01-28-11-12-01.pgm: OK
[138.963s] -- Found gtest sources under '/opt/ros/humble/src/gtest_vendor': C++ tests using 'Google Test' will be built
[138.987s] -- Added test 'cppcheck' to perform static code analysis on C / C++ code
[138.989s] -- Configured cppcheck include dirs: /home/joel-bansal/multi_bot_map_merging/bharat_ws4/src/m-explore-ros2/map_merge/include;$<BUILD_INTERFACE:/home/joel-bansal/multi_bot_map_merging/bharat_ws4/src/m-explore-ros2/map_merge/include>
[138.989s] -- Configured cppcheck exclude dirs and/or files: 
[138.991s] -- Added test 'flake8' to check Python code syntax and style conventions
[138.993s] -- Added test 'lint_cmake' to check CMake code style
[138.995s] -- Added test 'pep257' to check Python code against some of the docstring style conventions in PEP 257
[139.002s] -- Added test 'uncrustify' to check C / C++ code style
[139.002s] -- Configured uncrustify additional arguments: 
[139.004s] -- Added test 'xmllint' to check XML markup files
[139.008s] -- Configuring done
[139.242s] -- Generating done
[139.246s] -- Build files have been written to: /home/joel-bansal/multi_bot_map_merging/bharat_ws4/build/multirobot_map_merge
[139.265s] Invoked command in '/home/joel-bansal/multi_bot_map_merging/bharat_ws4/build/multirobot_map_merge' returned '0': CMAKE_PREFIX_PATH=/opt/ros/humble /usr/bin/cmake /home/joel-bansal/multi_bot_map_merging/bharat_ws4/src/m-explore-ros2/map_merge -DCMAKE_INSTALL_PREFIX=/home/joel-bansal/multi_bot_map_merging/bharat_ws4/install/multirobot_map_merge
[139.268s] Invoking command in '/home/joel-bansal/multi_bot_map_merging/bharat_ws4/build/multirobot_map_merge': CMAKE_PREFIX_PATH=/opt/ros/humble /usr/bin/cmake --build /home/joel-bansal/multi_bot_map_merging/bharat_ws4/build/multirobot_map_merge -- -j4 -l4
[139.368s] [  8%] [32mBuilding CXX object gtest/CMakeFiles/gtest.dir/src/gtest-all.cc.o[0m
[139.373s] [ 25%] [32mBuilding CXX object CMakeFiles/combine_grids.dir/src/combine_grids/grid_warper.cpp.o[0m
[139.374s] [ 25%] [32mBuilding CXX object gtest/CMakeFiles/gtest_main.dir/src/gtest_main.cc.o[0m
[139.376s] [ 33%] [32mBuilding CXX object CMakeFiles/combine_grids.dir/src/combine_grids/grid_compositor.cpp.o[0m
[142.179s] [ 41%] [32m[1mLinking CXX static library libgtest_main.a[0m
[142.264s] [ 41%] Built target gtest_main
[142.288s] [ 50%] [32mBuilding CXX object CMakeFiles/combine_grids.dir/src/combine_grids/merging_pipeline.cpp.o[0m
[146.781s] [ 58%] [32m[1mLinking CXX static library libgtest.a[0m
[146.888s] [ 58%] Built target gtest
[149.494s] [ 66%] [32m[1mLinking CXX static library libcombine_grids.a[0m
[149.614s] [ 66%] Built target combine_grids
[149.653s] [ 83%] [32mBuilding CXX object CMakeFiles/test_merging_pipeline.dir/test/test_merging_pipeline.cpp.o[0m
[149.653s] [ 83%] [32mBuilding CXX object CMakeFiles/map_merge.dir/src/map_merge.cpp.o[0m
[150.231s] In file included from [01m[K/home/joel-bansal/multi_bot_map_merging/bharat_ws4/src/m-explore-ros2/map_merge/test/testing_helpers.h:7[m[K,
[150.231s]                  from [01m[K/home/joel-bansal/multi_bot_map_merging/bharat_ws4/src/m-explore-ros2/map_merge/test/test_merging_pipeline.cpp:42[m[K:
[150.231s] [01m[K/opt/ros/humble/include/tf2_geometry_msgs/tf2_geometry_msgs/tf2_geometry_msgs.h:35:2:[m[K [01;35m[Kwarning: [m[K#warning This header is obsolete, please include tf2_geometry_msgs/tf2_geometry_msgs.hpp instead [[01;35m[K]8;;https://gcc.gnu.org/onlinedocs/gcc/Warning-Options.html#index-Wcpp-Wcpp]8;;[m[K]
[150.231s]    35 | #[01;35m[Kwarning[m[K This header is obsolete, please include tf2_geometry_msgs/tf2_geometry_msgs.hpp instead
[150.232s]       |  [01;35m[K^~~~~~~[m[K
[153.556s] In file included from [01m[K/home/joel-bansal/multi_bot_map_merging/bharat_ws4/src/m-explore-ros2/map_merge/src/map_merge.cpp:44[m[K:
[153.556s] [01m[K/opt/ros/humble/include/tf2_geometry_msgs/tf2_geometry_msgs/tf2_geometry_msgs.h:35:2:[m[K [01;35m[Kwarning: [m[K#warning This header is obsolete, please include tf2_geometry_msgs/tf2_geometry_msgs.hpp instead [[01;35m[K]8;;https://gcc.gnu.org/onlinedocs/gcc/Warning-Options.html#index-Wcpp-Wcpp]8;;[m[K]
[153.557s]    35 | #[01;35m[Kwarning[m[K This header is obsolete, please include tf2_geometry_msgs/tf2_geometry_msgs.hpp instead
[153.557s]       |  [01;35m[K^~~~~~~[m[K
[158.582s] [ 91%] [32m[1mLinking CXX executable test_merging_pipeline[0m
[161.056s] [ 91%] Built target test_merging_pipeline
[175.468s] [100%] [32m[1mLinking CXX executable map_merge[0m
[177.120s] [100%] Built target map_merge
[177.140s] Invoked command in '/home/joel-bansal/multi_bot_map_merging/bharat_ws4/build/multirobot_map_merge' returned '0': CMAKE_PREFIX_PATH=/opt/ros/humble /usr/bin/cmake --build /home/joel-bansal/multi_bot_map_merging/bharat_ws4/build/multirobot_map_merge -- -j4 -l4
[177.216s] Invoking command in '/home/joel-bansal/multi_bot_map_merging/bharat_ws4/build/multirobot_map_merge': CMAKE_PREFIX_PATH=/opt/ros/humble /usr/bin/cmake --install /home/joel-bansal/multi_bot_map_merging/bharat_ws4/build/multirobot_map_merge
[177.229s] -- Install configuration: ""
[177.229s] -- Installing: /home/joel-bansal/multi_bot_map_merging/bharat_ws4/install/multirobot_map_merge/include/map_merge/
[177.230s] -- Installing: /home/joel-bansal/multi_bot_map_merging/bharat_ws4/install/multirobot_map_merge/include/map_merge//map_merge.h
[177.230s] -- Installing: /home/joel-bansal/multi_bot_map_merging/bharat_ws4/install/multirobot_map_merge/include/map_merge//ros1_names.hpp
[177.230s] -- Installing: /home/joel-bansal/multi_bot_map_merging/bharat_ws4/install/multirobot_map_merge/share/multirobot_map_merge/launch
[177.230s] -- Installing: /home/joel-bansal/multi_bot_map_merging/bharat_ws4/install/multirobot_map_merge/share/multirobot_map_merge/launch/map_merge.launch.py
[177.230s] -- Installing: /home/joel-bansal/multi_bot_map_merging/bharat_ws4/install/multirobot_map_merge/share/multirobot_map_merge/launch/from_map_server.launch.py
[177.231s] -- Installing: /home/joel-bansal/multi_bot_map_merging/bharat_ws4/install/multirobot_map_merge/share/multirobot_map_merge/launch/tb3_simulation
[177.231s] -- Installing: /home/joel-bansal/multi_bot_map_merging/bharat_ws4/install/multirobot_map_merge/share/multirobot_map_merge/launch/tb3_simulation/worlds
[177.231s] -- Installing: /home/joel-bansal/multi_bot_map_merging/bharat_ws4/install/multirobot_map_merge/share/multirobot_map_merge/launch/tb3_simulation/worlds/world_only.model
[177.231s] -- Installing: /home/joel-bansal/multi_bot_map_merging/bharat_ws4/install/multirobot_map_merge/share/multirobot_map_merge/launch/tb3_simulation/worlds/test_world.world
[177.232s] -- Installing: /home/joel-bansal/multi_bot_map_merging/bharat_ws4/install/multirobot_map_merge/share/multirobot_map_merge/launch/tb3_simulation/worlds/room4
[177.232s] -- Installing: /home/joel-bansal/multi_bot_map_merging/bharat_ws4/install/multirobot_map_merge/share/multirobot_map_merge/launch/tb3_simulation/worlds/room4/world_dynamic.model
[177.232s] -- Installing: /home/joel-bansal/multi_bot_map_merging/bharat_ws4/install/multirobot_map_merge/share/multirobot_map_merge/launch/tb3_simulation/worlds/room4/map
[177.232s] -- Installing: /home/joel-bansal/multi_bot_map_merging/bharat_ws4/install/multirobot_map_merge/share/multirobot_map_merge/launch/tb3_simulation/worlds/room4/map/room4.yaml
[177.232s] -- Installing: /home/joel-bansal/multi_bot_map_merging/bharat_ws4/install/multirobot_map_merge/share/multirobot_map_merge/launch/tb3_simulation/worlds/room4/map/room4.png
[177.233s] -- Installing: /home/joel-bansal/multi_bot_map_merging/bharat_ws4/install/multirobot_map_merge/share/multirobot_map_merge/launch/tb3_simulation/worlds/room4/world.model
[177.233s] -- Installing: /home/joel-bansal/multi_bot_map_merging/bharat_ws4/install/multirobot_map_merge/share/multirobot_map_merge/launch/tb3_simulation/worlds/room4/room4.png
[177.234s] -- Installing: /home/joel-bansal/multi_bot_map_merging/bharat_ws4/install/multirobot_map_merge/share/multirobot_map_merge/launch/tb3_simulation/worlds/test1_world_only.model
[177.234s] -- Installing: /home/joel-bansal/multi_bot_map_merging/bharat_ws4/install/multirobot_map_merge/share/multirobot_map_merge/launch/tb3_simulation/config
[177.234s] -- Installing: /home/joel-bansal/multi_bot_map_merging/bharat_ws4/install/multirobot_map_merge/share/multirobot_map_merge/launch/tb3_simulation/config/nav2_multirobot_params_3.yaml
[177.234s] -- Installing: /home/joel-bansal/multi_bot_map_merging/bharat_ws4/install/multirobot_map_merge/share/multirobot_map_merge/launch/tb3_simulation/config/nav2_multirobot_params_1.yaml
[177.235s] -- Installing: /home/joel-bansal/multi_bot_map_merging/bharat_ws4/install/multirobot_map_merge/share/multirobot_map_merge/launch/tb3_simulation/config/nav2_multirobot_params_4.yaml
[177.235s] -- Installing: /home/joel-bansal/multi_bot_map_merging/bharat_ws4/install/multirobot_map_merge/share/multirobot_map_merge/launch/tb3_simulation/config/nav2_multirobot_params_2.yaml
[177.235s] -- Installing: /home/joel-bansal/multi_bot_map_merging/bharat_ws4/install/multirobot_map_merge/share/multirobot_map_merge/launch/tb3_simulation/multi_tb3_simulation_launch.py
[177.236s] -- Installing: /home/joel-bansal/multi_bot_map_merging/bharat_ws4/install/multirobot_map_merge/share/multirobot_map_merge/launch/tb3_simulation/slam_toolbox.py
[177.236s] -- Installing: /home/joel-bansal/multi_bot_map_merging/bharat_ws4/install/multirobot_map_merge/share/multirobot_map_merge/launch/tb3_simulation/bringup_launch.py
[177.236s] -- Installing: /home/joel-bansal/multi_bot_map_merging/bharat_ws4/install/multirobot_map_merge/share/multirobot_map_merge/launch/tb3_simulation/models
[177.236s] -- Installing: /home/joel-bansal/multi_bot_map_merging/bharat_ws4/install/multirobot_map_merge/share/multirobot_map_merge/launch/tb3_simulation/models/exp_empty_rooms
[177.236s] -- Installing: /home/joel-bansal/multi_bot_map_merging/bharat_ws4/install/multirobot_map_merge/share/multirobot_map_merge/launch/tb3_simulation/models/exp_empty_rooms/model.config
[177.237s] -- Installing: /home/joel-bansal/multi_bot_map_merging/bharat_ws4/install/multirobot_map_merge/share/multirobot_map_merge/launch/tb3_simulation/models/exp_empty_rooms/model.sdf
[177.237s] -- Installing: /home/joel-bansal/multi_bot_map_merging/bharat_ws4/install/multirobot_map_merge/share/multirobot_map_merge/launch/tb3_simulation/models/dynamic_obstacle
[177.237s] -- Installing: /home/joel-bansal/multi_bot_map_merging/bharat_ws4/install/multirobot_map_merge/share/multirobot_map_merge/launch/tb3_simulation/models/dynamic_obstacle/model.config
[177.237s] -- Installing: /home/joel-bansal/multi_bot_map_merging/bharat_ws4/install/multirobot_map_merge/share/multirobot_map_merge/launch/tb3_simulation/models/dynamic_obstacle/model.sdf
[177.238s] -- Installing: /home/joel-bansal/multi_bot_map_merging/bharat_ws4/install/multirobot_map_merge/share/multirobot_map_merge/launch/tb3_simulation/tb3_simulation_launch.py
[177.238s] -- Installing: /home/joel-bansal/multi_bot_map_merging/bharat_ws4/install/multirobot_map_merge/share/multirobot_map_merge/launch/map_merge.rviz
[177.238s] -- Installing: /home/joel-bansal/multi_bot_map_merging/bharat_ws4/install/multirobot_map_merge/share/multirobot_map_merge/config
[177.238s] -- Installing: /home/joel-bansal/multi_bot_map_merging/bharat_ws4/install/multirobot_map_merge/share/multirobot_map_merge/config/params.yaml
[177.239s] -- Installing: /home/joel-bansal/multi_bot_map_merging/bharat_ws4/install/multirobot_map_merge/lib/libcombine_grids.a
[177.241s] -- Installing: /home/joel-bansal/multi_bot_map_merging/bharat_ws4/install/multirobot_map_merge/lib/multirobot_map_merge/map_merge
[177.251s] -- Set runtime path of "/home/joel-bansal/multi_bot_map_merging/bharat_ws4/install/multirobot_map_merge/lib/multirobot_map_merge/map_merge" to ""
[177.251s] -- Installing: /home/joel-bansal/multi_bot_map_merging/bharat_ws4/install/multirobot_map_merge/share/multirobot_map_merge/environment/library_path.sh
[177.252s] -- Installing: /home/joel-bansal/multi_bot_map_merging/bharat_ws4/install/multirobot_map_merge/share/multirobot_map_merge/environment/library_path.dsv
[177.252s] -- Installing: /home/joel-bansal/multi_bot_map_merging/bharat_ws4/install/multirobot_map_merge/share/ament_index/resource_index/package_run_dependencies/multirobot_map_merge
[177.253s] -- Installing: /home/joel-bansal/multi_bot_map_merging/bharat_ws4/install/multirobot_map_merge/share/ament_index/resource_index/parent_prefix_path/multirobot_map_merge
[177.253s] -- Installing: /home/joel-bansal/multi_bot_map_merging/bharat_ws4/install/multirobot_map_merge/share/multirobot_map_merge/environment/ament_prefix_path.sh
[177.253s] -- Installing: /home/joel-bansal/multi_bot_map_merging/bharat_ws4/install/multirobot_map_merge/share/multirobot_map_merge/environment/ament_prefix_path.dsv
[177.253s] -- Installing: /home/joel-bansal/multi_bot_map_merging/bharat_ws4/install/multirobot_map_merge/share/multirobot_map_merge/environment/path.sh
[177.254s] -- Installing: /home/joel-bansal/multi_bot_map_merging/bharat_ws4/install/multirobot_map_merge/share/multirobot_map_merge/environment/path.dsv
[177.254s] -- Installing: /home/joel-bansal/multi_bot_map_merging/bharat_ws4/install/multirobot_map_merge/share/multirobot_map_merge/local_setup.bash
[177.254s] -- Installing: /home/joel-bansal/multi_bot_map_merging/bharat_ws4/install/multirobot_map_merge/share/multirobot_map_merge/local_setup.sh
[177.255s] -- Installing: /home/joel-bansal/multi_bot_map_merging/bharat_ws4/install/multirobot_map_merge/share/multirobot_map_merge/local_setup.zsh
[177.255s] -- Installing: /home/joel-bansal/multi_bot_map_merging/bharat_ws4/install/multirobot_map_merge/share/multirobot_map_merge/local_setup.dsv
[177.255s] -- Installing: /home/joel-bansal/multi_bot_map_merging/bharat_ws4/install/multirobot_map_merge/share/multirobot_map_merge/package.dsv
[177.256s] -- Installing: /home/joel-bansal/multi_bot_map_merging/bharat_ws4/install/multirobot_map_merge/share/ament_index/resource_index/packages/multirobot_map_merge
[177.256s] -- Installing: /home/joel-bansal/multi_bot_map_merging/bharat_ws4/install/multirobot_map_merge/share/multirobot_map_merge/cmake/ament_cmake_export_include_directories-extras.cmake
[177.256s] -- Installing: /home/joel-bansal/multi_bot_map_merging/bharat_ws4/install/multirobot_map_merge/share/multirobot_map_merge/cmake/ament_cmake_export_libraries-extras.cmake
[177.256s] -- Installing: /home/joel-bansal/multi_bot_map_merging/bharat_ws4/install/multirobot_map_merge/share/multirobot_map_merge/cmake/multirobot_map_mergeConfig.cmake
[177.257s] -- Installing: /home/joel-bansal/multi_bot_map_merging/bharat_ws4/install/multirobot_map_merge/share/multirobot_map_merge/cmake/multirobot_map_mergeConfig-version.cmake
[177.257s] -- Installing: /home/joel-bansal/multi_bot_map_merging/bharat_ws4/install/multirobot_map_merge/share/multirobot_map_merge/package.xml
[177.262s] Invoked command in '/home/joel-bansal/multi_bot_map_merging/bharat_ws4/build/multirobot_map_merge' returned '0': CMAKE_PREFIX_PATH=/opt/ros/humble /usr/bin/cmake --install /home/joel-bansal/multi_bot_map_merging/bharat_ws4/build/multirobot_map_merge
