[0.053s] Invoking command in '/home/jjbigdub/gitrepo/rosslam_ws/build/explore_lite': CMAKE_PREFIX_PATH=${CMAKE_PREFIX_PATH}:/home/jjbigdub/ros2_ws/install/math1:/home/jjbigdub/urdf_ws/install/rocker_description:/opt/ros/humble /usr/bin/cmake --build /home/jjbigdub/gitrepo/rosslam_ws/build/explore_lite -- -j16 -l16
[0.163s] [35m[1mConsolidate compiler generated dependencies of target gtest_main[0m
[0.164s] [35m[1mConsolidate compiler generated dependencies of target gtest[0m
[0.169s] [35m[1mConsolidate compiler generated dependencies of target explore[0m
[0.202s] [ 40%] Built target gtest_main
[0.202s] [ 40%] Built target gtest
[0.230s] [35m[1mConsolidate compiler generated dependencies of target test_explore[0m
[0.248s] [ 80%] Built target explore
[0.272s] [100%] Built target test_explore
[0.303s] Invoked command in '/home/jjbigdub/gitrepo/rosslam_ws/build/explore_lite' returned '0': CMAKE_PREFIX_PATH=${CMAKE_PREFIX_PATH}:/home/jjbigdub/ros2_ws/install/math1:/home/jjbigdub/urdf_ws/install/rocker_description:/opt/ros/humble /usr/bin/cmake --build /home/jjbigdub/gitrepo/rosslam_ws/build/explore_lite -- -j16 -l16
[0.426s] Invoking command in '/home/jjbigdub/gitrepo/rosslam_ws/build/explore_lite': CMAKE_PREFIX_PATH=${CMAKE_PREFIX_PATH}:/home/jjbigdub/ros2_ws/install/math1:/home/jjbigdub/urdf_ws/install/rocker_description:/opt/ros/humble /usr/bin/cmake --install /home/jjbigdub/gitrepo/rosslam_ws/build/explore_lite
[0.446s] -- Install configuration: ""
[0.446s] -- Up-to-date: /home/jjbigdub/gitrepo/rosslam_ws/install/explore_lite/include/explore/
[0.447s] -- Up-to-date: /home/jjbigdub/gitrepo/rosslam_ws/install/explore_lite/include/explore//costmap_tools.h
[0.447s] -- Up-to-date: /home/jjbigdub/gitrepo/rosslam_ws/install/explore_lite/include/explore//costmap_client.h
[0.447s] -- Up-to-date: /home/jjbigdub/gitrepo/rosslam_ws/install/explore_lite/include/explore//frontier_search.h
[0.448s] -- Up-to-date: /home/jjbigdub/gitrepo/rosslam_ws/install/explore_lite/include/explore//explore.h
[0.448s] -- Up-to-date: /home/jjbigdub/gitrepo/rosslam_ws/install/explore_lite/share/explore_lite/config
[0.448s] -- Up-to-date: /home/jjbigdub/gitrepo/rosslam_ws/install/explore_lite/share/explore_lite/config/params.yaml
[0.449s] -- Up-to-date: /home/jjbigdub/gitrepo/rosslam_ws/install/explore_lite/share/explore_lite/config/params_costmap.yaml
[0.449s] -- Up-to-date: /home/jjbigdub/gitrepo/rosslam_ws/install/explore_lite/share/explore_lite/launch
[0.449s] -- Up-to-date: /home/jjbigdub/gitrepo/rosslam_ws/install/explore_lite/share/explore_lite/launch/explore.launch.py
[0.449s] -- Up-to-date: /home/jjbigdub/gitrepo/rosslam_ws/install/explore_lite/lib/explore_lite/explore
[0.450s] -- Up-to-date: /home/jjbigdub/gitrepo/rosslam_ws/install/explore_lite/share/ament_index/resource_index/package_run_dependencies/explore_lite
[0.450s] -- Up-to-date: /home/jjbigdub/gitrepo/rosslam_ws/install/explore_lite/share/ament_index/resource_index/parent_prefix_path/explore_lite
[0.450s] -- Up-to-date: /home/jjbigdub/gitrepo/rosslam_ws/install/explore_lite/share/explore_lite/environment/ament_prefix_path.sh
[0.450s] -- Up-to-date: /home/jjbigdub/gitrepo/rosslam_ws/install/explore_lite/share/explore_lite/environment/ament_prefix_path.dsv
[0.450s] -- Up-to-date: /home/jjbigdub/gitrepo/rosslam_ws/install/explore_lite/share/explore_lite/environment/path.sh
[0.450s] -- Up-to-date: /home/jjbigdub/gitrepo/rosslam_ws/install/explore_lite/share/explore_lite/environment/path.dsv
[0.451s] -- Up-to-date: /home/jjbigdub/gitrepo/rosslam_ws/install/explore_lite/share/explore_lite/local_setup.bash
[0.451s] -- Up-to-date: /home/jjbigdub/gitrepo/rosslam_ws/install/explore_lite/share/explore_lite/local_setup.sh
[0.451s] -- Up-to-date: /home/jjbigdub/gitrepo/rosslam_ws/install/explore_lite/share/explore_lite/local_setup.zsh
[0.451s] -- Up-to-date: /home/jjbigdub/gitrepo/rosslam_ws/install/explore_lite/share/explore_lite/local_setup.dsv
[0.451s] -- Installing: /home/jjbigdub/gitrepo/rosslam_ws/install/explore_lite/share/explore_lite/package.dsv
[0.452s] -- Up-to-date: /home/jjbigdub/gitrepo/rosslam_ws/install/explore_lite/share/ament_index/resource_index/packages/explore_lite
[0.452s] -- Up-to-date: /home/jjbigdub/gitrepo/rosslam_ws/install/explore_lite/share/explore_lite/cmake/ament_cmake_export_include_directories-extras.cmake
[0.452s] -- Up-to-date: /home/jjbigdub/gitrepo/rosslam_ws/install/explore_lite/share/explore_lite/cmake/explore_liteConfig.cmake
[0.452s] -- Up-to-date: /home/jjbigdub/gitrepo/rosslam_ws/install/explore_lite/share/explore_lite/cmake/explore_liteConfig-version.cmake
[0.452s] -- Up-to-date: /home/jjbigdub/gitrepo/rosslam_ws/install/explore_lite/share/explore_lite/package.xml
[0.456s] Invoked command in '/home/jjbigdub/gitrepo/rosslam_ws/build/explore_lite' returned '0': CMAKE_PREFIX_PATH=${CMAKE_PREFIX_PATH}:/home/jjbigdub/ros2_ws/install/math1:/home/jjbigdub/urdf_ws/install/rocker_description:/opt/ros/humble /usr/bin/cmake --install /home/jjbigdub/gitrepo/rosslam_ws/build/explore_lite
