[0.315s] DEBUG:colcon:Command line arguments: ['/home/jjbigdub/.local/bin/colcon', 'build']
[0.316s] DEBUG:colcon:Parsed command line arguments: Namespace(log_base=None, log_level=None, verb_name='build', build_base='build', install_base='install', merge_install=False, symlink_install=False, test_result_base=None, continue_on_error=False, executor='parallel', parallel_workers=16, event_handlers=None, ignore_user_meta=False, metas=['./colcon.meta'], base_paths=['.'], packages_ignore=None, packages_ignore_regex=None, paths=None, packages_up_to=None, packages_up_to_regex=None, packages_above=None, packages_above_and_dependencies=None, packages_above_depth=None, packages_select_by_dep=None, packages_skip_by_dep=None, packages_skip_up_to=None, packages_select_build_failed=False, packages_skip_build_finished=False, packages_select_test_failures=False, packages_skip_test_passed=False, packages_select=None, packages_skip=None, packages_select_regex=None, packages_skip_regex=None, packages_start=None, packages_end=None, allow_overriding=[], cmake_args=None, cmake_target=None, cmake_target_skip_unavailable=False, cmake_clean_cache=False, cmake_clean_first=False, cmake_force_configure=False, ament_cmake_args=None, catkin_cmake_args=None, catkin_skip_building_tests=False, mixin_files=None, mixin=None, verb_parser=<colcon_mixin.mixin.mixin_argument.MixinArgumentDecorator object at 0x75bdc3b45d80>, verb_extension=<colcon_core.verb.build.BuildVerb object at 0x75bdc3b45510>, main=<bound method BuildVerb.main of <colcon_core.verb.build.BuildVerb object at 0x75bdc3b45510>>, mixin_verb=('build',))
[0.400s] Level 1:colcon.colcon_core.package_discovery:discover_packages(colcon_meta) check parameters
[0.401s] Level 1:colcon.colcon_core.package_discovery:discover_packages(recursive) check parameters
[0.401s] Level 1:colcon.colcon_core.package_discovery:discover_packages(ignore) check parameters
[0.401s] Level 1:colcon.colcon_core.package_discovery:discover_packages(path) check parameters
[0.401s] Level 1:colcon.colcon_core.package_discovery:discover_packages(colcon_meta) discover
[0.401s] Level 1:colcon.colcon_core.package_discovery:discover_packages(recursive) discover
[0.401s] INFO:colcon.colcon_core.package_discovery:Crawling recursively for packages in '/home/jjbigdub/gitrepo/rosslam_ws3'
[0.401s] Level 1:colcon.colcon_core.package_identification:_identify(.) by extensions ['ignore', 'ignore_ament_install']
[0.402s] Level 1:colcon.colcon_core.package_identification:_identify(.) by extension 'ignore'
[0.402s] Level 1:colcon.colcon_core.package_identification:_identify(.) by extension 'ignore_ament_install'
[0.402s] Level 1:colcon.colcon_core.package_identification:_identify(.) by extensions ['colcon_pkg']
[0.402s] Level 1:colcon.colcon_core.package_identification:_identify(.) by extension 'colcon_pkg'
[0.402s] Level 1:colcon.colcon_core.package_identification:_identify(.) by extensions ['colcon_meta']
[0.402s] Level 1:colcon.colcon_core.package_identification:_identify(.) by extension 'colcon_meta'
[0.402s] Level 1:colcon.colcon_core.package_identification:_identify(.) by extensions ['ros']
[0.402s] Level 1:colcon.colcon_core.package_identification:_identify(.) by extension 'ros'
[0.457s] Level 1:colcon.colcon_core.package_identification:_identify(.) by extensions ['cmake', 'python']
[0.457s] Level 1:colcon.colcon_core.package_identification:_identify(.) by extension 'cmake'
[0.457s] Level 1:colcon.colcon_core.package_identification:_identify(.) by extension 'python'
[0.457s] Level 1:colcon.colcon_core.package_identification:_identify(.) by extensions ['python_setup_py']
[0.457s] Level 1:colcon.colcon_core.package_identification:_identify(.) by extension 'python_setup_py'
[0.458s] Level 1:colcon.colcon_core.package_identification:_identify(build) by extensions ['ignore', 'ignore_ament_install']
[0.458s] Level 1:colcon.colcon_core.package_identification:_identify(build) by extension 'ignore'
[0.458s] Level 1:colcon.colcon_core.package_identification:_identify(build) ignored
[0.458s] Level 1:colcon.colcon_core.package_identification:_identify(install) by extensions ['ignore', 'ignore_ament_install']
[0.459s] Level 1:colcon.colcon_core.package_identification:_identify(install) by extension 'ignore'
[0.459s] Level 1:colcon.colcon_core.package_identification:_identify(install) ignored
[0.459s] Level 1:colcon.colcon_core.package_identification:_identify(log) by extensions ['ignore', 'ignore_ament_install']
[0.459s] Level 1:colcon.colcon_core.package_identification:_identify(log) by extension 'ignore'
[0.459s] Level 1:colcon.colcon_core.package_identification:_identify(log) ignored
[0.460s] Level 1:colcon.colcon_core.package_identification:_identify(src) by extensions ['ignore', 'ignore_ament_install']
[0.460s] Level 1:colcon.colcon_core.package_identification:_identify(src) by extension 'ignore'
[0.460s] Level 1:colcon.colcon_core.package_identification:_identify(src) by extension 'ignore_ament_install'
[0.460s] Level 1:colcon.colcon_core.package_identification:_identify(src) by extensions ['colcon_pkg']
[0.460s] Level 1:colcon.colcon_core.package_identification:_identify(src) by extension 'colcon_pkg'
[0.460s] Level 1:colcon.colcon_core.package_identification:_identify(src) by extensions ['colcon_meta']
[0.460s] Level 1:colcon.colcon_core.package_identification:_identify(src) by extension 'colcon_meta'
[0.461s] Level 1:colcon.colcon_core.package_identification:_identify(src) by extensions ['ros']
[0.461s] Level 1:colcon.colcon_core.package_identification:_identify(src) by extension 'ros'
[0.461s] Level 1:colcon.colcon_core.package_identification:_identify(src) by extensions ['cmake', 'python']
[0.461s] Level 1:colcon.colcon_core.package_identification:_identify(src) by extension 'cmake'
[0.461s] Level 1:colcon.colcon_core.package_identification:_identify(src) by extension 'python'
[0.461s] Level 1:colcon.colcon_core.package_identification:_identify(src) by extensions ['python_setup_py']
[0.461s] Level 1:colcon.colcon_core.package_identification:_identify(src) by extension 'python_setup_py'
[0.461s] Level 1:colcon.colcon_core.package_identification:_identify(src/m-explore-ros2) by extensions ['ignore', 'ignore_ament_install']
[0.462s] Level 1:colcon.colcon_core.package_identification:_identify(src/m-explore-ros2) by extension 'ignore'
[0.462s] Level 1:colcon.colcon_core.package_identification:_identify(src/m-explore-ros2) by extension 'ignore_ament_install'
[0.462s] Level 1:colcon.colcon_core.package_identification:_identify(src/m-explore-ros2) by extensions ['colcon_pkg']
[0.462s] Level 1:colcon.colcon_core.package_identification:_identify(src/m-explore-ros2) by extension 'colcon_pkg'
[0.462s] Level 1:colcon.colcon_core.package_identification:_identify(src/m-explore-ros2) by extensions ['colcon_meta']
[0.462s] Level 1:colcon.colcon_core.package_identification:_identify(src/m-explore-ros2) by extension 'colcon_meta'
[0.462s] Level 1:colcon.colcon_core.package_identification:_identify(src/m-explore-ros2) by extensions ['ros']
[0.462s] Level 1:colcon.colcon_core.package_identification:_identify(src/m-explore-ros2) by extension 'ros'
[0.463s] Level 1:colcon.colcon_core.package_identification:_identify(src/m-explore-ros2) by extensions ['cmake', 'python']
[0.463s] Level 1:colcon.colcon_core.package_identification:_identify(src/m-explore-ros2) by extension 'cmake'
[0.463s] Level 1:colcon.colcon_core.package_identification:_identify(src/m-explore-ros2) by extension 'python'
[0.463s] Level 1:colcon.colcon_core.package_identification:_identify(src/m-explore-ros2) by extensions ['python_setup_py']
[0.463s] Level 1:colcon.colcon_core.package_identification:_identify(src/m-explore-ros2) by extension 'python_setup_py'
[0.463s] Level 1:colcon.colcon_core.package_identification:_identify(src/m-explore-ros2/explore) by extensions ['ignore', 'ignore_ament_install']
[0.464s] Level 1:colcon.colcon_core.package_identification:_identify(src/m-explore-ros2/explore) by extension 'ignore'
[0.464s] Level 1:colcon.colcon_core.package_identification:_identify(src/m-explore-ros2/explore) by extension 'ignore_ament_install'
[0.464s] Level 1:colcon.colcon_core.package_identification:_identify(src/m-explore-ros2/explore) by extensions ['colcon_pkg']
[0.464s] Level 1:colcon.colcon_core.package_identification:_identify(src/m-explore-ros2/explore) by extension 'colcon_pkg'
[0.464s] Level 1:colcon.colcon_core.package_identification:_identify(src/m-explore-ros2/explore) by extensions ['colcon_meta']
[0.464s] Level 1:colcon.colcon_core.package_identification:_identify(src/m-explore-ros2/explore) by extension 'colcon_meta'
[0.464s] Level 1:colcon.colcon_core.package_identification:_identify(src/m-explore-ros2/explore) by extensions ['ros']
[0.464s] Level 1:colcon.colcon_core.package_identification:_identify(src/m-explore-ros2/explore) by extension 'ros'
[0.471s] DEBUG:colcon.colcon_core.package_identification:Package 'src/m-explore-ros2/explore' with type 'ros.ament_cmake' and name 'explore_lite'
[0.472s] Level 1:colcon.colcon_core.package_identification:_identify(src/m-explore-ros2/map_merge) by extensions ['ignore', 'ignore_ament_install']
[0.472s] Level 1:colcon.colcon_core.package_identification:_identify(src/m-explore-ros2/map_merge) by extension 'ignore'
[0.472s] Level 1:colcon.colcon_core.package_identification:_identify(src/m-explore-ros2/map_merge) by extension 'ignore_ament_install'
[0.472s] Level 1:colcon.colcon_core.package_identification:_identify(src/m-explore-ros2/map_merge) by extensions ['colcon_pkg']
[0.472s] Level 1:colcon.colcon_core.package_identification:_identify(src/m-explore-ros2/map_merge) by extension 'colcon_pkg'
[0.472s] Level 1:colcon.colcon_core.package_identification:_identify(src/m-explore-ros2/map_merge) by extensions ['colcon_meta']
[0.472s] Level 1:colcon.colcon_core.package_identification:_identify(src/m-explore-ros2/map_merge) by extension 'colcon_meta'
[0.472s] Level 1:colcon.colcon_core.package_identification:_identify(src/m-explore-ros2/map_merge) by extensions ['ros']
[0.473s] Level 1:colcon.colcon_core.package_identification:_identify(src/m-explore-ros2/map_merge) by extension 'ros'
[0.475s] DEBUG:colcon.colcon_core.package_identification:Package 'src/m-explore-ros2/map_merge' with type 'ros.ament_cmake' and name 'multirobot_map_merge'
[0.475s] Level 1:colcon.colcon_core.package_discovery:discover_packages(recursive) using defaults
[0.475s] Level 1:colcon.colcon_core.package_discovery:discover_packages(ignore) discover
[0.475s] Level 1:colcon.colcon_core.package_discovery:discover_packages(ignore) using defaults
[0.475s] Level 1:colcon.colcon_core.package_discovery:discover_packages(path) discover
[0.475s] Level 1:colcon.colcon_core.package_discovery:discover_packages(path) using defaults
[0.517s] Level 1:colcon.colcon_core.package_discovery:discover_packages(prefix_path) check parameters
[0.517s] Level 1:colcon.colcon_core.package_discovery:discover_packages(prefix_path) discover
[0.519s] WARNING:colcon.colcon_core.prefix_path.colcon:The path '/home/jjbigdub/gitrepo/rosslam_ws/install' in the environment variable COLCON_PREFIX_PATH doesn't exist
[0.519s] WARNING:colcon.colcon_ros.prefix_path.ament:The path '/home/jjbigdub/gitrepo/rosslam_ws/install/multirobot_map_merge' in the environment variable AMENT_PREFIX_PATH doesn't exist
[0.519s] WARNING:colcon.colcon_ros.prefix_path.ament:The path '/home/jjbigdub/gitrepo/rosslam_ws/install/explore_lite' in the environment variable AMENT_PREFIX_PATH doesn't exist
[0.521s] WARNING:colcon.colcon_ros.prefix_path.catkin:The path '/home/jjbigdub/gitrepo/rosslam_ws/install/multirobot_map_merge' in the environment variable CMAKE_PREFIX_PATH doesn't exist
[0.521s] WARNING:colcon.colcon_ros.prefix_path.catkin:The path '/home/jjbigdub/gitrepo/rosslam_ws/install/explore_lite' in the environment variable CMAKE_PREFIX_PATH doesn't exist
[0.523s] DEBUG:colcon.colcon_installed_package_information.package_discovery:Found 2 installed packages in /home/jjbigdub/gitrepo/rosslam_ws3/install
[0.524s] DEBUG:colcon.colcon_installed_package_information.package_discovery:Found 2 installed packages in /home/jjbigdub/gitrepo/ros2_ws/install
[0.524s] DEBUG:colcon.colcon_installed_package_information.package_discovery:Found 1 installed packages in /home/jjbigdub/gitrepo/bcr_bot/install
[0.525s] DEBUG:colcon.colcon_installed_package_information.package_discovery:Found 1 installed packages in /home/jjbigdub/urdf_ws/install
[0.526s] DEBUG:colcon.colcon_installed_package_information.package_discovery:Found 1 installed packages in /home/jjbigdub/ros2_ws/install
[0.527s] DEBUG:colcon.colcon_installed_package_information.package_discovery:Found 3 installed packages in /home/jjbigdub/ros2loc_ws/install
[0.528s] DEBUG:colcon.colcon_installed_package_information.package_discovery:Found 1 installed packages in /home/jjbigdub/gitrepo/RoboCup24/localization_24/install
[0.533s] DEBUG:colcon.colcon_installed_package_information.package_discovery:Found 395 installed packages in /opt/ros/humble
[0.538s] Level 1:colcon.colcon_core.package_discovery:discover_packages(prefix_path) using defaults
[0.681s] Level 5:colcon.colcon_core.verb:set package 'explore_lite' build argument 'cmake_args' from command line to 'None'
[0.681s] Level 5:colcon.colcon_core.verb:set package 'explore_lite' build argument 'cmake_target' from command line to 'None'
[0.681s] Level 5:colcon.colcon_core.verb:set package 'explore_lite' build argument 'cmake_target_skip_unavailable' from command line to 'False'
[0.681s] Level 5:colcon.colcon_core.verb:set package 'explore_lite' build argument 'cmake_clean_cache' from command line to 'False'
[0.681s] Level 5:colcon.colcon_core.verb:set package 'explore_lite' build argument 'cmake_clean_first' from command line to 'False'
[0.681s] Level 5:colcon.colcon_core.verb:set package 'explore_lite' build argument 'cmake_force_configure' from command line to 'False'
[0.681s] Level 5:colcon.colcon_core.verb:set package 'explore_lite' build argument 'ament_cmake_args' from command line to 'None'
[0.681s] Level 5:colcon.colcon_core.verb:set package 'explore_lite' build argument 'catkin_cmake_args' from command line to 'None'
[0.681s] Level 5:colcon.colcon_core.verb:set package 'explore_lite' build argument 'catkin_skip_building_tests' from command line to 'False'
[0.681s] DEBUG:colcon.colcon_core.verb:Building package 'explore_lite' with the following arguments: {'ament_cmake_args': None, 'build_base': '/home/jjbigdub/gitrepo/rosslam_ws3/build/explore_lite', 'catkin_cmake_args': None, 'catkin_skip_building_tests': False, 'cmake_args': None, 'cmake_clean_cache': False, 'cmake_clean_first': False, 'cmake_force_configure': False, 'cmake_target': None, 'cmake_target_skip_unavailable': False, 'install_base': '/home/jjbigdub/gitrepo/rosslam_ws3/install/explore_lite', 'merge_install': False, 'path': '/home/jjbigdub/gitrepo/rosslam_ws3/src/m-explore-ros2/explore', 'symlink_install': False, 'test_result_base': None}
[0.682s] Level 5:colcon.colcon_core.verb:set package 'multirobot_map_merge' build argument 'cmake_args' from command line to 'None'
[0.682s] Level 5:colcon.colcon_core.verb:set package 'multirobot_map_merge' build argument 'cmake_target' from command line to 'None'
[0.682s] Level 5:colcon.colcon_core.verb:set package 'multirobot_map_merge' build argument 'cmake_target_skip_unavailable' from command line to 'False'
[0.682s] Level 5:colcon.colcon_core.verb:set package 'multirobot_map_merge' build argument 'cmake_clean_cache' from command line to 'False'
[0.682s] Level 5:colcon.colcon_core.verb:set package 'multirobot_map_merge' build argument 'cmake_clean_first' from command line to 'False'
[0.683s] Level 5:colcon.colcon_core.verb:set package 'multirobot_map_merge' build argument 'cmake_force_configure' from command line to 'False'
[0.683s] Level 5:colcon.colcon_core.verb:set package 'multirobot_map_merge' build argument 'ament_cmake_args' from command line to 'None'
[0.683s] Level 5:colcon.colcon_core.verb:set package 'multirobot_map_merge' build argument 'catkin_cmake_args' from command line to 'None'
[0.683s] Level 5:colcon.colcon_core.verb:set package 'multirobot_map_merge' build argument 'catkin_skip_building_tests' from command line to 'False'
[0.683s] DEBUG:colcon.colcon_core.verb:Building package 'multirobot_map_merge' with the following arguments: {'ament_cmake_args': None, 'build_base': '/home/jjbigdub/gitrepo/rosslam_ws3/build/multirobot_map_merge', 'catkin_cmake_args': None, 'catkin_skip_building_tests': False, 'cmake_args': None, 'cmake_clean_cache': False, 'cmake_clean_first': False, 'cmake_force_configure': False, 'cmake_target': None, 'cmake_target_skip_unavailable': False, 'install_base': '/home/jjbigdub/gitrepo/rosslam_ws3/install/multirobot_map_merge', 'merge_install': False, 'path': '/home/jjbigdub/gitrepo/rosslam_ws3/src/m-explore-ros2/map_merge', 'symlink_install': False, 'test_result_base': None}
[0.683s] INFO:colcon.colcon_core.executor:Executing jobs using 'parallel' executor
[0.685s] DEBUG:colcon.colcon_parallel_executor.executor.parallel:run_until_complete
[0.686s] INFO:colcon.colcon_ros.task.ament_cmake.build:Building ROS package in '/home/jjbigdub/gitrepo/rosslam_ws3/src/m-explore-ros2/explore' with build type 'ament_cmake'
[0.686s] INFO:colcon.colcon_cmake.task.cmake.build:Building CMake package in '/home/jjbigdub/gitrepo/rosslam_ws3/src/m-explore-ros2/explore'
[0.691s] INFO:colcon.colcon_core.plugin_system:Skipping extension 'colcon_core.shell.bat': Not used on non-Windows systems
[0.692s] INFO:colcon.colcon_core.shell:Skip shell extension 'powershell' for command environment: Not usable outside of PowerShell
[0.692s] DEBUG:colcon.colcon_core.shell:Skip shell extension 'dsv' for command environment
[0.706s] INFO:colcon.colcon_ros.task.ament_cmake.build:Building ROS package in '/home/jjbigdub/gitrepo/rosslam_ws3/src/m-explore-ros2/map_merge' with build type 'ament_cmake'
[0.707s] INFO:colcon.colcon_cmake.task.cmake.build:Building CMake package in '/home/jjbigdub/gitrepo/rosslam_ws3/src/m-explore-ros2/map_merge'
[0.707s] INFO:colcon.colcon_core.shell:Skip shell extension 'powershell' for command environment: Not usable outside of PowerShell
[0.707s] DEBUG:colcon.colcon_core.shell:Skip shell extension 'dsv' for command environment
[0.736s] DEBUG:colcon.colcon_core.event_handler.log_command:Invoking command in '/home/jjbigdub/gitrepo/rosslam_ws3/build/explore_lite': CMAKE_PREFIX_PATH=${CMAKE_PREFIX_PATH}:/home/jjbigdub/ros2_ws/install/math1:/home/jjbigdub/urdf_ws/install/rocker_description:/opt/ros/humble /usr/bin/cmake --build /home/jjbigdub/gitrepo/rosslam_ws3/build/explore_lite -- -j16 -l16
[0.747s] DEBUG:colcon.colcon_core.event_handler.log_command:Invoking command in '/home/jjbigdub/gitrepo/rosslam_ws3/build/multirobot_map_merge': CMAKE_PREFIX_PATH=${CMAKE_PREFIX_PATH}:/home/jjbigdub/ros2_ws/install/math1:/home/jjbigdub/urdf_ws/install/rocker_description:/opt/ros/humble /usr/bin/cmake --build /home/jjbigdub/gitrepo/rosslam_ws3/build/multirobot_map_merge -- -j16 -l16
[0.991s] DEBUG:colcon.colcon_core.event_handler.log_command:Invoked command in '/home/jjbigdub/gitrepo/rosslam_ws3/build/explore_lite' returned '0': CMAKE_PREFIX_PATH=${CMAKE_PREFIX_PATH}:/home/jjbigdub/ros2_ws/install/math1:/home/jjbigdub/urdf_ws/install/rocker_description:/opt/ros/humble /usr/bin/cmake --build /home/jjbigdub/gitrepo/rosslam_ws3/build/explore_lite -- -j16 -l16
[1.018s] DEBUG:colcon.colcon_core.event_handler.log_command:Invoked command in '/home/jjbigdub/gitrepo/rosslam_ws3/build/multirobot_map_merge' returned '0': CMAKE_PREFIX_PATH=${CMAKE_PREFIX_PATH}:/home/jjbigdub/ros2_ws/install/math1:/home/jjbigdub/urdf_ws/install/rocker_description:/opt/ros/humble /usr/bin/cmake --build /home/jjbigdub/gitrepo/rosslam_ws3/build/multirobot_map_merge -- -j16 -l16
[1.128s] DEBUG:colcon.colcon_core.event_handler.log_command:Invoking command in '/home/jjbigdub/gitrepo/rosslam_ws3/build/explore_lite': CMAKE_PREFIX_PATH=${CMAKE_PREFIX_PATH}:/home/jjbigdub/ros2_ws/install/math1:/home/jjbigdub/urdf_ws/install/rocker_description:/opt/ros/humble /usr/bin/cmake --install /home/jjbigdub/gitrepo/rosslam_ws3/build/explore_lite
[1.144s] DEBUG:colcon.colcon_core.event_handler.log_command:Invoking command in '/home/jjbigdub/gitrepo/rosslam_ws3/build/multirobot_map_merge': CMAKE_PREFIX_PATH=${CMAKE_PREFIX_PATH}:/home/jjbigdub/ros2_ws/install/math1:/home/jjbigdub/urdf_ws/install/rocker_description:/opt/ros/humble /usr/bin/cmake --install /home/jjbigdub/gitrepo/rosslam_ws3/build/multirobot_map_merge
[1.161s] Level 1:colcon.colcon_core.environment:create_environment_scripts_only(explore_lite)
[1.162s] DEBUG:colcon.colcon_core.event_handler.log_command:Invoked command in '/home/jjbigdub/gitrepo/rosslam_ws3/build/explore_lite' returned '0': CMAKE_PREFIX_PATH=${CMAKE_PREFIX_PATH}:/home/jjbigdub/ros2_ws/install/math1:/home/jjbigdub/urdf_ws/install/rocker_description:/opt/ros/humble /usr/bin/cmake --install /home/jjbigdub/gitrepo/rosslam_ws3/build/explore_lite
[1.180s] Level 1:colcon.colcon_core.environment:checking '/home/jjbigdub/gitrepo/rosslam_ws3/install/explore_lite' for CMake module files
[1.185s] Level 1:colcon.colcon_core.environment:checking '/home/jjbigdub/gitrepo/rosslam_ws3/install/explore_lite' for CMake config files
[1.186s] Level 1:colcon.colcon_core.shell:create_environment_hook('explore_lite', 'cmake_prefix_path')
[1.187s] INFO:colcon.colcon_core.shell:Creating environment hook '/home/jjbigdub/gitrepo/rosslam_ws3/install/explore_lite/share/explore_lite/hook/cmake_prefix_path.ps1'
[1.188s] INFO:colcon.colcon_core.shell:Creating environment descriptor '/home/jjbigdub/gitrepo/rosslam_ws3/install/explore_lite/share/explore_lite/hook/cmake_prefix_path.dsv'
[1.189s] INFO:colcon.colcon_core.shell:Creating environment hook '/home/jjbigdub/gitrepo/rosslam_ws3/install/explore_lite/share/explore_lite/hook/cmake_prefix_path.sh'
[1.191s] Level 1:colcon.colcon_core.environment:checking '/home/jjbigdub/gitrepo/rosslam_ws3/install/explore_lite/lib'
[1.192s] Level 1:colcon.colcon_core.environment:checking '/home/jjbigdub/gitrepo/rosslam_ws3/install/explore_lite/bin'
[1.192s] Level 1:colcon.colcon_core.environment:checking '/home/jjbigdub/gitrepo/rosslam_ws3/install/explore_lite/lib/pkgconfig/explore_lite.pc'
[1.192s] Level 1:colcon.colcon_core.environment:checking '/home/jjbigdub/gitrepo/rosslam_ws3/install/explore_lite/lib/python3.10/site-packages'
[1.193s] Level 1:colcon.colcon_core.environment:checking '/home/jjbigdub/gitrepo/rosslam_ws3/install/explore_lite/bin'
[1.193s] INFO:colcon.colcon_core.shell:Creating package script '/home/jjbigdub/gitrepo/rosslam_ws3/install/explore_lite/share/explore_lite/package.ps1'
[1.195s] INFO:colcon.colcon_core.shell:Creating package descriptor '/home/jjbigdub/gitrepo/rosslam_ws3/install/explore_lite/share/explore_lite/package.dsv'
[1.197s] INFO:colcon.colcon_core.shell:Creating package script '/home/jjbigdub/gitrepo/rosslam_ws3/install/explore_lite/share/explore_lite/package.sh'
[1.198s] INFO:colcon.colcon_core.shell:Creating package script '/home/jjbigdub/gitrepo/rosslam_ws3/install/explore_lite/share/explore_lite/package.bash'
[1.200s] INFO:colcon.colcon_core.shell:Creating package script '/home/jjbigdub/gitrepo/rosslam_ws3/install/explore_lite/share/explore_lite/package.zsh'
[1.201s] Level 1:colcon.colcon_core.environment:create_file_with_runtime_dependencies(/home/jjbigdub/gitrepo/rosslam_ws3/install/explore_lite/share/colcon-core/packages/explore_lite)
[1.205s] Level 1:colcon.colcon_core.environment:create_environment_scripts_only(multirobot_map_merge)
[1.206s] Level 1:colcon.colcon_core.environment:checking '/home/jjbigdub/gitrepo/rosslam_ws3/install/multirobot_map_merge' for CMake module files
[1.207s] DEBUG:colcon.colcon_core.event_handler.log_command:Invoked command in '/home/jjbigdub/gitrepo/rosslam_ws3/build/multirobot_map_merge' returned '0': CMAKE_PREFIX_PATH=${CMAKE_PREFIX_PATH}:/home/jjbigdub/ros2_ws/install/math1:/home/jjbigdub/urdf_ws/install/rocker_description:/opt/ros/humble /usr/bin/cmake --install /home/jjbigdub/gitrepo/rosslam_ws3/build/multirobot_map_merge
[1.208s] Level 1:colcon.colcon_core.environment:checking '/home/jjbigdub/gitrepo/rosslam_ws3/install/multirobot_map_merge' for CMake config files
[1.209s] Level 1:colcon.colcon_core.shell:create_environment_hook('multirobot_map_merge', 'cmake_prefix_path')
[1.210s] INFO:colcon.colcon_core.shell:Creating environment hook '/home/jjbigdub/gitrepo/rosslam_ws3/install/multirobot_map_merge/share/multirobot_map_merge/hook/cmake_prefix_path.ps1'
[1.211s] INFO:colcon.colcon_core.shell:Creating environment descriptor '/home/jjbigdub/gitrepo/rosslam_ws3/install/multirobot_map_merge/share/multirobot_map_merge/hook/cmake_prefix_path.dsv'
[1.212s] INFO:colcon.colcon_core.shell:Creating environment hook '/home/jjbigdub/gitrepo/rosslam_ws3/install/multirobot_map_merge/share/multirobot_map_merge/hook/cmake_prefix_path.sh'
[1.213s] Level 1:colcon.colcon_core.environment:checking '/home/jjbigdub/gitrepo/rosslam_ws3/install/multirobot_map_merge/lib'
[1.214s] Level 1:colcon.colcon_core.environment:checking '/home/jjbigdub/gitrepo/rosslam_ws3/install/multirobot_map_merge/bin'
[1.214s] Level 1:colcon.colcon_core.environment:checking '/home/jjbigdub/gitrepo/rosslam_ws3/install/multirobot_map_merge/lib/pkgconfig/multirobot_map_merge.pc'
[1.214s] Level 1:colcon.colcon_core.environment:checking '/home/jjbigdub/gitrepo/rosslam_ws3/install/multirobot_map_merge/lib/python3.10/site-packages'
[1.215s] Level 1:colcon.colcon_core.environment:checking '/home/jjbigdub/gitrepo/rosslam_ws3/install/multirobot_map_merge/bin'
[1.216s] INFO:colcon.colcon_core.shell:Creating package script '/home/jjbigdub/gitrepo/rosslam_ws3/install/multirobot_map_merge/share/multirobot_map_merge/package.ps1'
[1.217s] INFO:colcon.colcon_core.shell:Creating package descriptor '/home/jjbigdub/gitrepo/rosslam_ws3/install/multirobot_map_merge/share/multirobot_map_merge/package.dsv'
[1.218s] INFO:colcon.colcon_core.shell:Creating package script '/home/jjbigdub/gitrepo/rosslam_ws3/install/multirobot_map_merge/share/multirobot_map_merge/package.sh'
[1.219s] INFO:colcon.colcon_core.shell:Creating package script '/home/jjbigdub/gitrepo/rosslam_ws3/install/multirobot_map_merge/share/multirobot_map_merge/package.bash'
[1.220s] INFO:colcon.colcon_core.shell:Creating package script '/home/jjbigdub/gitrepo/rosslam_ws3/install/multirobot_map_merge/share/multirobot_map_merge/package.zsh'
[1.221s] Level 1:colcon.colcon_core.environment:create_file_with_runtime_dependencies(/home/jjbigdub/gitrepo/rosslam_ws3/install/multirobot_map_merge/share/colcon-core/packages/multirobot_map_merge)
[1.305s] Level 1:colcon.colcon_core.environment:create_environment_scripts_only(explore_lite)
[1.306s] Level 1:colcon.colcon_core.environment:checking '/home/jjbigdub/gitrepo/rosslam_ws3/install/explore_lite' for CMake module files
[1.307s] Level 1:colcon.colcon_core.environment:checking '/home/jjbigdub/gitrepo/rosslam_ws3/install/explore_lite' for CMake config files
[1.308s] Level 1:colcon.colcon_core.shell:create_environment_hook('explore_lite', 'cmake_prefix_path')
[1.309s] INFO:colcon.colcon_core.shell:Creating environment hook '/home/jjbigdub/gitrepo/rosslam_ws3/install/explore_lite/share/explore_lite/hook/cmake_prefix_path.ps1'
[1.310s] INFO:colcon.colcon_core.shell:Creating environment descriptor '/home/jjbigdub/gitrepo/rosslam_ws3/install/explore_lite/share/explore_lite/hook/cmake_prefix_path.dsv'
[1.311s] INFO:colcon.colcon_core.shell:Creating environment hook '/home/jjbigdub/gitrepo/rosslam_ws3/install/explore_lite/share/explore_lite/hook/cmake_prefix_path.sh'
[1.312s] Level 1:colcon.colcon_core.environment:checking '/home/jjbigdub/gitrepo/rosslam_ws3/install/explore_lite/lib'
[1.313s] Level 1:colcon.colcon_core.environment:checking '/home/jjbigdub/gitrepo/rosslam_ws3/install/explore_lite/bin'
[1.313s] Level 1:colcon.colcon_core.environment:checking '/home/jjbigdub/gitrepo/rosslam_ws3/install/explore_lite/lib/pkgconfig/explore_lite.pc'
[1.313s] Level 1:colcon.colcon_core.environment:checking '/home/jjbigdub/gitrepo/rosslam_ws3/install/explore_lite/lib/python3.10/site-packages'
[1.314s] Level 1:colcon.colcon_core.environment:checking '/home/jjbigdub/gitrepo/rosslam_ws3/install/explore_lite/bin'
[1.315s] INFO:colcon.colcon_core.shell:Creating package script '/home/jjbigdub/gitrepo/rosslam_ws3/install/explore_lite/share/explore_lite/package.ps1'
[1.317s] INFO:colcon.colcon_core.shell:Creating package descriptor '/home/jjbigdub/gitrepo/rosslam_ws3/install/explore_lite/share/explore_lite/package.dsv'
[1.318s] INFO:colcon.colcon_core.shell:Creating package script '/home/jjbigdub/gitrepo/rosslam_ws3/install/explore_lite/share/explore_lite/package.sh'
[1.319s] INFO:colcon.colcon_core.shell:Creating package script '/home/jjbigdub/gitrepo/rosslam_ws3/install/explore_lite/share/explore_lite/package.bash'
[1.320s] INFO:colcon.colcon_core.shell:Creating package script '/home/jjbigdub/gitrepo/rosslam_ws3/install/explore_lite/share/explore_lite/package.zsh'
[1.321s] Level 1:colcon.colcon_core.environment:create_file_with_runtime_dependencies(/home/jjbigdub/gitrepo/rosslam_ws3/install/explore_lite/share/colcon-core/packages/explore_lite)
[1.334s] Level 1:colcon.colcon_core.environment:create_environment_scripts_only(multirobot_map_merge)
[1.335s] Level 1:colcon.colcon_core.environment:checking '/home/jjbigdub/gitrepo/rosslam_ws3/install/multirobot_map_merge' for CMake module files
[1.336s] Level 1:colcon.colcon_core.environment:checking '/home/jjbigdub/gitrepo/rosslam_ws3/install/multirobot_map_merge' for CMake config files
[1.337s] Level 1:colcon.colcon_core.shell:create_environment_hook('multirobot_map_merge', 'cmake_prefix_path')
[1.338s] INFO:colcon.colcon_core.shell:Creating environment hook '/home/jjbigdub/gitrepo/rosslam_ws3/install/multirobot_map_merge/share/multirobot_map_merge/hook/cmake_prefix_path.ps1'
[1.339s] INFO:colcon.colcon_core.shell:Creating environment descriptor '/home/jjbigdub/gitrepo/rosslam_ws3/install/multirobot_map_merge/share/multirobot_map_merge/hook/cmake_prefix_path.dsv'
[1.340s] INFO:colcon.colcon_core.shell:Creating environment hook '/home/jjbigdub/gitrepo/rosslam_ws3/install/multirobot_map_merge/share/multirobot_map_merge/hook/cmake_prefix_path.sh'
[1.341s] Level 1:colcon.colcon_core.environment:checking '/home/jjbigdub/gitrepo/rosslam_ws3/install/multirobot_map_merge/lib'
[1.342s] Level 1:colcon.colcon_core.environment:checking '/home/jjbigdub/gitrepo/rosslam_ws3/install/multirobot_map_merge/bin'
[1.342s] Level 1:colcon.colcon_core.environment:checking '/home/jjbigdub/gitrepo/rosslam_ws3/install/multirobot_map_merge/lib/pkgconfig/multirobot_map_merge.pc'
[1.342s] Level 1:colcon.colcon_core.environment:checking '/home/jjbigdub/gitrepo/rosslam_ws3/install/multirobot_map_merge/lib/python3.10/site-packages'
[1.343s] Level 1:colcon.colcon_core.environment:checking '/home/jjbigdub/gitrepo/rosslam_ws3/install/multirobot_map_merge/bin'
[1.343s] INFO:colcon.colcon_core.shell:Creating package script '/home/jjbigdub/gitrepo/rosslam_ws3/install/multirobot_map_merge/share/multirobot_map_merge/package.ps1'
[1.344s] INFO:colcon.colcon_core.shell:Creating package descriptor '/home/jjbigdub/gitrepo/rosslam_ws3/install/multirobot_map_merge/share/multirobot_map_merge/package.dsv'
[1.346s] INFO:colcon.colcon_core.shell:Creating package script '/home/jjbigdub/gitrepo/rosslam_ws3/install/multirobot_map_merge/share/multirobot_map_merge/package.sh'
[1.347s] INFO:colcon.colcon_core.shell:Creating package script '/home/jjbigdub/gitrepo/rosslam_ws3/install/multirobot_map_merge/share/multirobot_map_merge/package.bash'
[1.349s] INFO:colcon.colcon_core.shell:Creating package script '/home/jjbigdub/gitrepo/rosslam_ws3/install/multirobot_map_merge/share/multirobot_map_merge/package.zsh'
[1.350s] Level 1:colcon.colcon_core.environment:create_file_with_runtime_dependencies(/home/jjbigdub/gitrepo/rosslam_ws3/install/multirobot_map_merge/share/colcon-core/packages/multirobot_map_merge)
[1.350s] DEBUG:colcon.colcon_parallel_executor.executor.parallel:closing loop
[1.351s] DEBUG:colcon.colcon_parallel_executor.executor.parallel:loop closed
[1.351s] DEBUG:colcon.colcon_parallel_executor.executor.parallel:run_until_complete finished with '0'
[1.352s] DEBUG:colcon.colcon_core.event_reactor:joining thread
[1.364s] INFO:colcon.colcon_core.plugin_system:Skipping extension 'colcon_notification.desktop_notification.terminal_notifier': Not used on non-Darwin systems
[1.365s] INFO:colcon.colcon_core.plugin_system:Skipping extension 'colcon_notification.desktop_notification.win32': Not used on non-Windows systems
[1.365s] INFO:colcon.colcon_notification.desktop_notification:Sending desktop notification using 'notify2'
[1.389s] DEBUG:colcon.colcon_core.event_reactor:joined thread
[1.390s] INFO:colcon.colcon_core.shell:Creating prefix script '/home/jjbigdub/gitrepo/rosslam_ws3/install/local_setup.ps1'
[1.392s] INFO:colcon.colcon_core.shell:Creating prefix util module '/home/jjbigdub/gitrepo/rosslam_ws3/install/_local_setup_util_ps1.py'
[1.397s] INFO:colcon.colcon_core.shell:Creating prefix chain script '/home/jjbigdub/gitrepo/rosslam_ws3/install/setup.ps1'
[1.402s] INFO:colcon.colcon_core.shell:Creating prefix script '/home/jjbigdub/gitrepo/rosslam_ws3/install/local_setup.sh'
[1.404s] INFO:colcon.colcon_core.shell:Creating prefix util module '/home/jjbigdub/gitrepo/rosslam_ws3/install/_local_setup_util_sh.py'
[1.405s] INFO:colcon.colcon_core.shell:Creating prefix chain script '/home/jjbigdub/gitrepo/rosslam_ws3/install/setup.sh'
[1.410s] INFO:colcon.colcon_core.shell:Creating prefix script '/home/jjbigdub/gitrepo/rosslam_ws3/install/local_setup.bash'
[1.411s] INFO:colcon.colcon_core.shell:Creating prefix chain script '/home/jjbigdub/gitrepo/rosslam_ws3/install/setup.bash'
[1.415s] INFO:colcon.colcon_core.shell:Creating prefix script '/home/jjbigdub/gitrepo/rosslam_ws3/install/local_setup.zsh'
[1.417s] INFO:colcon.colcon_core.shell:Creating prefix chain script '/home/jjbigdub/gitrepo/rosslam_ws3/install/setup.zsh'
