[0.327s] DEBUG:colcon:Command line arguments: ['/home/jjbigdub/.local/bin/colcon', 'build']
[0.327s] DEBUG:colcon:Parsed command line arguments: Namespace(log_base=None, log_level=None, verb_name='build', build_base='build', install_base='install', merge_install=False, symlink_install=False, test_result_base=None, continue_on_error=False, executor='parallel', parallel_workers=16, event_handlers=None, ignore_user_meta=False, metas=['./colcon.meta'], base_paths=['.'], packages_ignore=None, packages_ignore_regex=None, paths=None, packages_up_to=None, packages_up_to_regex=None, packages_above=None, packages_above_and_dependencies=None, packages_above_depth=None, packages_select_by_dep=None, packages_skip_by_dep=None, packages_skip_up_to=None, packages_select_build_failed=False, packages_skip_build_finished=False, packages_select_test_failures=False, packages_skip_test_passed=False, packages_select=None, packages_skip=None, packages_select_regex=None, packages_skip_regex=None, packages_start=None, packages_end=None, allow_overriding=[], cmake_args=None, cmake_target=None, cmake_target_skip_unavailable=False, cmake_clean_cache=False, cmake_clean_first=False, cmake_force_configure=False, ament_cmake_args=None, catkin_cmake_args=None, catkin_skip_building_tests=False, mixin_files=None, mixin=None, verb_parser=<colcon_mixin.mixin.mixin_argument.MixinArgumentDecorator object at 0x74aee5041d80>, verb_extension=<colcon_core.verb.build.BuildVerb object at 0x74aee5041510>, main=<bound method BuildVerb.main of <colcon_core.verb.build.BuildVerb object at 0x74aee5041510>>, mixin_verb=('build',))
[0.413s] Level 1:colcon.colcon_core.package_discovery:discover_packages(colcon_meta) check parameters
[0.413s] Level 1:colcon.colcon_core.package_discovery:discover_packages(recursive) check parameters
[0.413s] Level 1:colcon.colcon_core.package_discovery:discover_packages(ignore) check parameters
[0.413s] Level 1:colcon.colcon_core.package_discovery:discover_packages(path) check parameters
[0.413s] Level 1:colcon.colcon_core.package_discovery:discover_packages(colcon_meta) discover
[0.414s] Level 1:colcon.colcon_core.package_discovery:discover_packages(recursive) discover
[0.414s] INFO:colcon.colcon_core.package_discovery:Crawling recursively for packages in '/home/jjbigdub/gitrepo/rosslam_ws3'
[0.414s] Level 1:colcon.colcon_core.package_identification:_identify(.) by extensions ['ignore', 'ignore_ament_install']
[0.414s] Level 1:colcon.colcon_core.package_identification:_identify(.) by extension 'ignore'
[0.414s] Level 1:colcon.colcon_core.package_identification:_identify(.) by extension 'ignore_ament_install'
[0.415s] Level 1:colcon.colcon_core.package_identification:_identify(.) by extensions ['colcon_pkg']
[0.415s] Level 1:colcon.colcon_core.package_identification:_identify(.) by extension 'colcon_pkg'
[0.415s] Level 1:colcon.colcon_core.package_identification:_identify(.) by extensions ['colcon_meta']
[0.415s] Level 1:colcon.colcon_core.package_identification:_identify(.) by extension 'colcon_meta'
[0.415s] Level 1:colcon.colcon_core.package_identification:_identify(.) by extensions ['ros']
[0.415s] Level 1:colcon.colcon_core.package_identification:_identify(.) by extension 'ros'
[0.471s] Level 1:colcon.colcon_core.package_identification:_identify(.) by extensions ['cmake', 'python']
[0.471s] Level 1:colcon.colcon_core.package_identification:_identify(.) by extension 'cmake'
[0.471s] Level 1:colcon.colcon_core.package_identification:_identify(.) by extension 'python'
[0.471s] Level 1:colcon.colcon_core.package_identification:_identify(.) by extensions ['python_setup_py']
[0.471s] Level 1:colcon.colcon_core.package_identification:_identify(.) by extension 'python_setup_py'
[0.472s] Level 1:colcon.colcon_core.package_identification:_identify(build) by extensions ['ignore', 'ignore_ament_install']
[0.472s] Level 1:colcon.colcon_core.package_identification:_identify(build) by extension 'ignore'
[0.472s] Level 1:colcon.colcon_core.package_identification:_identify(build) ignored
[0.472s] Level 1:colcon.colcon_core.package_identification:_identify(install) by extensions ['ignore', 'ignore_ament_install']
[0.473s] Level 1:colcon.colcon_core.package_identification:_identify(install) by extension 'ignore'
[0.473s] Level 1:colcon.colcon_core.package_identification:_identify(install) ignored
[0.473s] Level 1:colcon.colcon_core.package_identification:_identify(log) by extensions ['ignore', 'ignore_ament_install']
[0.473s] Level 1:colcon.colcon_core.package_identification:_identify(log) by extension 'ignore'
[0.473s] Level 1:colcon.colcon_core.package_identification:_identify(log) ignored
[0.474s] Level 1:colcon.colcon_core.package_identification:_identify(src) by extensions ['ignore', 'ignore_ament_install']
[0.474s] Level 1:colcon.colcon_core.package_identification:_identify(src) by extension 'ignore'
[0.474s] Level 1:colcon.colcon_core.package_identification:_identify(src) by extension 'ignore_ament_install'
[0.474s] Level 1:colcon.colcon_core.package_identification:_identify(src) by extensions ['colcon_pkg']
[0.474s] Level 1:colcon.colcon_core.package_identification:_identify(src) by extension 'colcon_pkg'
[0.474s] Level 1:colcon.colcon_core.package_identification:_identify(src) by extensions ['colcon_meta']
[0.474s] Level 1:colcon.colcon_core.package_identification:_identify(src) by extension 'colcon_meta'
[0.474s] Level 1:colcon.colcon_core.package_identification:_identify(src) by extensions ['ros']
[0.475s] Level 1:colcon.colcon_core.package_identification:_identify(src) by extension 'ros'
[0.475s] Level 1:colcon.colcon_core.package_identification:_identify(src) by extensions ['cmake', 'python']
[0.475s] Level 1:colcon.colcon_core.package_identification:_identify(src) by extension 'cmake'
[0.475s] Level 1:colcon.colcon_core.package_identification:_identify(src) by extension 'python'
[0.475s] Level 1:colcon.colcon_core.package_identification:_identify(src) by extensions ['python_setup_py']
[0.475s] Level 1:colcon.colcon_core.package_identification:_identify(src) by extension 'python_setup_py'
[0.475s] Level 1:colcon.colcon_core.package_identification:_identify(src/m-explore-ros2) by extensions ['ignore', 'ignore_ament_install']
[0.476s] Level 1:colcon.colcon_core.package_identification:_identify(src/m-explore-ros2) by extension 'ignore'
[0.476s] Level 1:colcon.colcon_core.package_identification:_identify(src/m-explore-ros2) by extension 'ignore_ament_install'
[0.476s] Level 1:colcon.colcon_core.package_identification:_identify(src/m-explore-ros2) by extensions ['colcon_pkg']
[0.476s] Level 1:colcon.colcon_core.package_identification:_identify(src/m-explore-ros2) by extension 'colcon_pkg'
[0.476s] Level 1:colcon.colcon_core.package_identification:_identify(src/m-explore-ros2) by extensions ['colcon_meta']
[0.476s] Level 1:colcon.colcon_core.package_identification:_identify(src/m-explore-ros2) by extension 'colcon_meta'
[0.476s] Level 1:colcon.colcon_core.package_identification:_identify(src/m-explore-ros2) by extensions ['ros']
[0.476s] Level 1:colcon.colcon_core.package_identification:_identify(src/m-explore-ros2) by extension 'ros'
[0.477s] Level 1:colcon.colcon_core.package_identification:_identify(src/m-explore-ros2) by extensions ['cmake', 'python']
[0.477s] Level 1:colcon.colcon_core.package_identification:_identify(src/m-explore-ros2) by extension 'cmake'
[0.477s] Level 1:colcon.colcon_core.package_identification:_identify(src/m-explore-ros2) by extension 'python'
[0.477s] Level 1:colcon.colcon_core.package_identification:_identify(src/m-explore-ros2) by extensions ['python_setup_py']
[0.477s] Level 1:colcon.colcon_core.package_identification:_identify(src/m-explore-ros2) by extension 'python_setup_py'
[0.477s] Level 1:colcon.colcon_core.package_identification:_identify(src/m-explore-ros2/explore) by extensions ['ignore', 'ignore_ament_install']
[0.477s] Level 1:colcon.colcon_core.package_identification:_identify(src/m-explore-ros2/explore) by extension 'ignore'
[0.478s] Level 1:colcon.colcon_core.package_identification:_identify(src/m-explore-ros2/explore) by extension 'ignore_ament_install'
[0.478s] Level 1:colcon.colcon_core.package_identification:_identify(src/m-explore-ros2/explore) by extensions ['colcon_pkg']
[0.478s] Level 1:colcon.colcon_core.package_identification:_identify(src/m-explore-ros2/explore) by extension 'colcon_pkg'
[0.478s] Level 1:colcon.colcon_core.package_identification:_identify(src/m-explore-ros2/explore) by extensions ['colcon_meta']
[0.478s] Level 1:colcon.colcon_core.package_identification:_identify(src/m-explore-ros2/explore) by extension 'colcon_meta'
[0.478s] Level 1:colcon.colcon_core.package_identification:_identify(src/m-explore-ros2/explore) by extensions ['ros']
[0.478s] Level 1:colcon.colcon_core.package_identification:_identify(src/m-explore-ros2/explore) by extension 'ros'
[0.485s] DEBUG:colcon.colcon_core.package_identification:Package 'src/m-explore-ros2/explore' with type 'ros.ament_cmake' and name 'explore_lite'
[0.485s] Level 1:colcon.colcon_core.package_identification:_identify(src/m-explore-ros2/map_merge) by extensions ['ignore', 'ignore_ament_install']
[0.486s] Level 1:colcon.colcon_core.package_identification:_identify(src/m-explore-ros2/map_merge) by extension 'ignore'
[0.486s] Level 1:colcon.colcon_core.package_identification:_identify(src/m-explore-ros2/map_merge) by extension 'ignore_ament_install'
[0.486s] Level 1:colcon.colcon_core.package_identification:_identify(src/m-explore-ros2/map_merge) by extensions ['colcon_pkg']
[0.486s] Level 1:colcon.colcon_core.package_identification:_identify(src/m-explore-ros2/map_merge) by extension 'colcon_pkg'
[0.486s] Level 1:colcon.colcon_core.package_identification:_identify(src/m-explore-ros2/map_merge) by extensions ['colcon_meta']
[0.486s] Level 1:colcon.colcon_core.package_identification:_identify(src/m-explore-ros2/map_merge) by extension 'colcon_meta'
[0.486s] Level 1:colcon.colcon_core.package_identification:_identify(src/m-explore-ros2/map_merge) by extensions ['ros']
[0.486s] Level 1:colcon.colcon_core.package_identification:_identify(src/m-explore-ros2/map_merge) by extension 'ros'
[0.489s] DEBUG:colcon.colcon_core.package_identification:Package 'src/m-explore-ros2/map_merge' with type 'ros.ament_cmake' and name 'multirobot_map_merge'
[0.489s] Level 1:colcon.colcon_core.package_discovery:discover_packages(recursive) using defaults
[0.489s] Level 1:colcon.colcon_core.package_discovery:discover_packages(ignore) discover
[0.489s] Level 1:colcon.colcon_core.package_discovery:discover_packages(ignore) using defaults
[0.489s] Level 1:colcon.colcon_core.package_discovery:discover_packages(path) discover
[0.489s] Level 1:colcon.colcon_core.package_discovery:discover_packages(path) using defaults
[0.531s] Level 1:colcon.colcon_core.package_discovery:discover_packages(prefix_path) check parameters
[0.532s] Level 1:colcon.colcon_core.package_discovery:discover_packages(prefix_path) discover
[0.534s] WARNING:colcon.colcon_core.prefix_path.colcon:The path '/home/jjbigdub/gitrepo/rosslam_ws/install' in the environment variable COLCON_PREFIX_PATH doesn't exist
[0.534s] WARNING:colcon.colcon_ros.prefix_path.ament:The path '/home/jjbigdub/gitrepo/rosslam_ws/install/multirobot_map_merge' in the environment variable AMENT_PREFIX_PATH doesn't exist
[0.534s] WARNING:colcon.colcon_ros.prefix_path.ament:The path '/home/jjbigdub/gitrepo/rosslam_ws/install/explore_lite' in the environment variable AMENT_PREFIX_PATH doesn't exist
[0.535s] WARNING:colcon.colcon_ros.prefix_path.catkin:The path '/home/jjbigdub/gitrepo/rosslam_ws/install/multirobot_map_merge' in the environment variable CMAKE_PREFIX_PATH doesn't exist
[0.536s] WARNING:colcon.colcon_ros.prefix_path.catkin:The path '/home/jjbigdub/gitrepo/rosslam_ws/install/explore_lite' in the environment variable CMAKE_PREFIX_PATH doesn't exist
[0.538s] DEBUG:colcon.colcon_installed_package_information.package_discovery:Found 2 installed packages in /home/jjbigdub/gitrepo/rosslam_ws3/install
[0.539s] DEBUG:colcon.colcon_installed_package_information.package_discovery:Found 2 installed packages in /home/jjbigdub/gitrepo/ros2_ws/install
[0.540s] DEBUG:colcon.colcon_installed_package_information.package_discovery:Found 1 installed packages in /home/jjbigdub/gitrepo/bcr_bot/install
[0.541s] DEBUG:colcon.colcon_installed_package_information.package_discovery:Found 1 installed packages in /home/jjbigdub/urdf_ws/install
[0.542s] DEBUG:colcon.colcon_installed_package_information.package_discovery:Found 1 installed packages in /home/jjbigdub/ros2_ws/install
[0.543s] DEBUG:colcon.colcon_installed_package_information.package_discovery:Found 3 installed packages in /home/jjbigdub/ros2loc_ws/install
[0.544s] DEBUG:colcon.colcon_installed_package_information.package_discovery:Found 1 installed packages in /home/jjbigdub/gitrepo/RoboCup24/localization_24/install
[0.549s] DEBUG:colcon.colcon_installed_package_information.package_discovery:Found 395 installed packages in /opt/ros/humble
[0.554s] Level 1:colcon.colcon_core.package_discovery:discover_packages(prefix_path) using defaults
[0.689s] Level 5:colcon.colcon_core.verb:set package 'explore_lite' build argument 'cmake_args' from command line to 'None'
[0.690s] Level 5:colcon.colcon_core.verb:set package 'explore_lite' build argument 'cmake_target' from command line to 'None'
[0.690s] Level 5:colcon.colcon_core.verb:set package 'explore_lite' build argument 'cmake_target_skip_unavailable' from command line to 'False'
[0.690s] Level 5:colcon.colcon_core.verb:set package 'explore_lite' build argument 'cmake_clean_cache' from command line to 'False'
[0.690s] Level 5:colcon.colcon_core.verb:set package 'explore_lite' build argument 'cmake_clean_first' from command line to 'False'
[0.690s] Level 5:colcon.colcon_core.verb:set package 'explore_lite' build argument 'cmake_force_configure' from command line to 'False'
[0.690s] Level 5:colcon.colcon_core.verb:set package 'explore_lite' build argument 'ament_cmake_args' from command line to 'None'
[0.690s] Level 5:colcon.colcon_core.verb:set package 'explore_lite' build argument 'catkin_cmake_args' from command line to 'None'
[0.690s] Level 5:colcon.colcon_core.verb:set package 'explore_lite' build argument 'catkin_skip_building_tests' from command line to 'False'
[0.690s] DEBUG:colcon.colcon_core.verb:Building package 'explore_lite' with the following arguments: {'ament_cmake_args': None, 'build_base': '/home/jjbigdub/gitrepo/rosslam_ws3/build/explore_lite', 'catkin_cmake_args': None, 'catkin_skip_building_tests': False, 'cmake_args': None, 'cmake_clean_cache': False, 'cmake_clean_first': False, 'cmake_force_configure': False, 'cmake_target': None, 'cmake_target_skip_unavailable': False, 'install_base': '/home/jjbigdub/gitrepo/rosslam_ws3/install/explore_lite', 'merge_install': False, 'path': '/home/jjbigdub/gitrepo/rosslam_ws3/src/m-explore-ros2/explore', 'symlink_install': False, 'test_result_base': None}
[0.691s] Level 5:colcon.colcon_core.verb:set package 'multirobot_map_merge' build argument 'cmake_args' from command line to 'None'
[0.691s] Level 5:colcon.colcon_core.verb:set package 'multirobot_map_merge' build argument 'cmake_target' from command line to 'None'
[0.691s] Level 5:colcon.colcon_core.verb:set package 'multirobot_map_merge' build argument 'cmake_target_skip_unavailable' from command line to 'False'
[0.691s] Level 5:colcon.colcon_core.verb:set package 'multirobot_map_merge' build argument 'cmake_clean_cache' from command line to 'False'
[0.691s] Level 5:colcon.colcon_core.verb:set package 'multirobot_map_merge' build argument 'cmake_clean_first' from command line to 'False'
[0.691s] Level 5:colcon.colcon_core.verb:set package 'multirobot_map_merge' build argument 'cmake_force_configure' from command line to 'False'
[0.691s] Level 5:colcon.colcon_core.verb:set package 'multirobot_map_merge' build argument 'ament_cmake_args' from command line to 'None'
[0.691s] Level 5:colcon.colcon_core.verb:set package 'multirobot_map_merge' build argument 'catkin_cmake_args' from command line to 'None'
[0.691s] Level 5:colcon.colcon_core.verb:set package 'multirobot_map_merge' build argument 'catkin_skip_building_tests' from command line to 'False'
[0.692s] DEBUG:colcon.colcon_core.verb:Building package 'multirobot_map_merge' with the following arguments: {'ament_cmake_args': None, 'build_base': '/home/jjbigdub/gitrepo/rosslam_ws3/build/multirobot_map_merge', 'catkin_cmake_args': None, 'catkin_skip_building_tests': False, 'cmake_args': None, 'cmake_clean_cache': False, 'cmake_clean_first': False, 'cmake_force_configure': False, 'cmake_target': None, 'cmake_target_skip_unavailable': False, 'install_base': '/home/jjbigdub/gitrepo/rosslam_ws3/install/multirobot_map_merge', 'merge_install': False, 'path': '/home/jjbigdub/gitrepo/rosslam_ws3/src/m-explore-ros2/map_merge', 'symlink_install': False, 'test_result_base': None}
[0.692s] INFO:colcon.colcon_core.executor:Executing jobs using 'parallel' executor
[0.694s] DEBUG:colcon.colcon_parallel_executor.executor.parallel:run_until_complete
[0.695s] INFO:colcon.colcon_ros.task.ament_cmake.build:Building ROS package in '/home/jjbigdub/gitrepo/rosslam_ws3/src/m-explore-ros2/explore' with build type 'ament_cmake'
[0.696s] INFO:colcon.colcon_cmake.task.cmake.build:Building CMake package in '/home/jjbigdub/gitrepo/rosslam_ws3/src/m-explore-ros2/explore'
[0.700s] INFO:colcon.colcon_core.plugin_system:Skipping extension 'colcon_core.shell.bat': Not used on non-Windows systems
[0.701s] INFO:colcon.colcon_core.shell:Skip shell extension 'powershell' for command environment: Not usable outside of PowerShell
[0.701s] DEBUG:colcon.colcon_core.shell:Skip shell extension 'dsv' for command environment
[0.715s] INFO:colcon.colcon_ros.task.ament_cmake.build:Building ROS package in '/home/jjbigdub/gitrepo/rosslam_ws3/src/m-explore-ros2/map_merge' with build type 'ament_cmake'
[0.716s] INFO:colcon.colcon_cmake.task.cmake.build:Building CMake package in '/home/jjbigdub/gitrepo/rosslam_ws3/src/m-explore-ros2/map_merge'
[0.716s] INFO:colcon.colcon_core.shell:Skip shell extension 'powershell' for command environment: Not usable outside of PowerShell
[0.716s] DEBUG:colcon.colcon_core.shell:Skip shell extension 'dsv' for command environment
[0.748s] DEBUG:colcon.colcon_core.event_handler.log_command:Invoking command in '/home/jjbigdub/gitrepo/rosslam_ws3/build/explore_lite': CMAKE_PREFIX_PATH=${CMAKE_PREFIX_PATH}:/home/jjbigdub/ros2_ws/install/math1:/home/jjbigdub/urdf_ws/install/rocker_description:/opt/ros/humble /usr/bin/cmake --build /home/jjbigdub/gitrepo/rosslam_ws3/build/explore_lite -- -j16 -l16
[0.757s] DEBUG:colcon.colcon_core.event_handler.log_command:Invoking command in '/home/jjbigdub/gitrepo/rosslam_ws3/build/multirobot_map_merge': CMAKE_PREFIX_PATH=${CMAKE_PREFIX_PATH}:/home/jjbigdub/ros2_ws/install/math1:/home/jjbigdub/urdf_ws/install/rocker_description:/opt/ros/humble /usr/bin/cmake --build /home/jjbigdub/gitrepo/rosslam_ws3/build/multirobot_map_merge -- -j16 -l16
[1.002s] DEBUG:colcon.colcon_core.event_handler.log_command:Invoked command in '/home/jjbigdub/gitrepo/rosslam_ws3/build/explore_lite' returned '0': CMAKE_PREFIX_PATH=${CMAKE_PREFIX_PATH}:/home/jjbigdub/ros2_ws/install/math1:/home/jjbigdub/urdf_ws/install/rocker_description:/opt/ros/humble /usr/bin/cmake --build /home/jjbigdub/gitrepo/rosslam_ws3/build/explore_lite -- -j16 -l16
[1.035s] DEBUG:colcon.colcon_core.event_handler.log_command:Invoked command in '/home/jjbigdub/gitrepo/rosslam_ws3/build/multirobot_map_merge' returned '0': CMAKE_PREFIX_PATH=${CMAKE_PREFIX_PATH}:/home/jjbigdub/ros2_ws/install/math1:/home/jjbigdub/urdf_ws/install/rocker_description:/opt/ros/humble /usr/bin/cmake --build /home/jjbigdub/gitrepo/rosslam_ws3/build/multirobot_map_merge -- -j16 -l16
[1.141s] DEBUG:colcon.colcon_core.event_handler.log_command:Invoking command in '/home/jjbigdub/gitrepo/rosslam_ws3/build/explore_lite': CMAKE_PREFIX_PATH=${CMAKE_PREFIX_PATH}:/home/jjbigdub/ros2_ws/install/math1:/home/jjbigdub/urdf_ws/install/rocker_description:/opt/ros/humble /usr/bin/cmake --install /home/jjbigdub/gitrepo/rosslam_ws3/build/explore_lite
[1.164s] DEBUG:colcon.colcon_core.event_handler.log_command:Invoking command in '/home/jjbigdub/gitrepo/rosslam_ws3/build/multirobot_map_merge': CMAKE_PREFIX_PATH=${CMAKE_PREFIX_PATH}:/home/jjbigdub/ros2_ws/install/math1:/home/jjbigdub/urdf_ws/install/rocker_description:/opt/ros/humble /usr/bin/cmake --install /home/jjbigdub/gitrepo/rosslam_ws3/build/multirobot_map_merge
[1.173s] Level 1:colcon.colcon_core.environment:create_environment_scripts_only(explore_lite)
[1.174s] DEBUG:colcon.colcon_core.event_handler.log_command:Invoked command in '/home/jjbigdub/gitrepo/rosslam_ws3/build/explore_lite' returned '0': CMAKE_PREFIX_PATH=${CMAKE_PREFIX_PATH}:/home/jjbigdub/ros2_ws/install/math1:/home/jjbigdub/urdf_ws/install/rocker_description:/opt/ros/humble /usr/bin/cmake --install /home/jjbigdub/gitrepo/rosslam_ws3/build/explore_lite
[1.179s] Level 1:colcon.colcon_core.environment:checking '/home/jjbigdub/gitrepo/rosslam_ws3/install/explore_lite' for CMake module files
[1.180s] Level 1:colcon.colcon_core.environment:checking '/home/jjbigdub/gitrepo/rosslam_ws3/install/explore_lite' for CMake config files
[1.181s] Level 1:colcon.colcon_core.shell:create_environment_hook('explore_lite', 'cmake_prefix_path')
[1.182s] INFO:colcon.colcon_core.shell:Creating environment hook '/home/jjbigdub/gitrepo/rosslam_ws3/install/explore_lite/share/explore_lite/hook/cmake_prefix_path.ps1'
[1.183s] INFO:colcon.colcon_core.shell:Creating environment descriptor '/home/jjbigdub/gitrepo/rosslam_ws3/install/explore_lite/share/explore_lite/hook/cmake_prefix_path.dsv'
[1.184s] INFO:colcon.colcon_core.shell:Creating environment hook '/home/jjbigdub/gitrepo/rosslam_ws3/install/explore_lite/share/explore_lite/hook/cmake_prefix_path.sh'
[1.195s] Level 1:colcon.colcon_core.environment:checking '/home/jjbigdub/gitrepo/rosslam_ws3/install/explore_lite/lib'
[1.196s] Level 1:colcon.colcon_core.environment:checking '/home/jjbigdub/gitrepo/rosslam_ws3/install/explore_lite/bin'
[1.196s] Level 1:colcon.colcon_core.environment:checking '/home/jjbigdub/gitrepo/rosslam_ws3/install/explore_lite/lib/pkgconfig/explore_lite.pc'
[1.196s] Level 1:colcon.colcon_core.environment:checking '/home/jjbigdub/gitrepo/rosslam_ws3/install/explore_lite/lib/python3.10/site-packages'
[1.197s] Level 1:colcon.colcon_core.environment:checking '/home/jjbigdub/gitrepo/rosslam_ws3/install/explore_lite/bin'
[1.197s] INFO:colcon.colcon_core.shell:Creating package script '/home/jjbigdub/gitrepo/rosslam_ws3/install/explore_lite/share/explore_lite/package.ps1'
[1.200s] INFO:colcon.colcon_core.shell:Creating package descriptor '/home/jjbigdub/gitrepo/rosslam_ws3/install/explore_lite/share/explore_lite/package.dsv'
[1.206s] INFO:colcon.colcon_core.shell:Creating package script '/home/jjbigdub/gitrepo/rosslam_ws3/install/explore_lite/share/explore_lite/package.sh'
[1.208s] INFO:colcon.colcon_core.shell:Creating package script '/home/jjbigdub/gitrepo/rosslam_ws3/install/explore_lite/share/explore_lite/package.bash'
[1.210s] INFO:colcon.colcon_core.shell:Creating package script '/home/jjbigdub/gitrepo/rosslam_ws3/install/explore_lite/share/explore_lite/package.zsh'
[1.211s] Level 1:colcon.colcon_core.environment:create_file_with_runtime_dependencies(/home/jjbigdub/gitrepo/rosslam_ws3/install/explore_lite/share/colcon-core/packages/explore_lite)
[1.215s] Level 1:colcon.colcon_core.environment:create_environment_scripts_only(multirobot_map_merge)
[1.216s] Level 1:colcon.colcon_core.environment:checking '/home/jjbigdub/gitrepo/rosslam_ws3/install/multirobot_map_merge' for CMake module files
[1.217s] DEBUG:colcon.colcon_core.event_handler.log_command:Invoked command in '/home/jjbigdub/gitrepo/rosslam_ws3/build/multirobot_map_merge' returned '0': CMAKE_PREFIX_PATH=${CMAKE_PREFIX_PATH}:/home/jjbigdub/ros2_ws/install/math1:/home/jjbigdub/urdf_ws/install/rocker_description:/opt/ros/humble /usr/bin/cmake --install /home/jjbigdub/gitrepo/rosslam_ws3/build/multirobot_map_merge
[1.218s] Level 1:colcon.colcon_core.environment:checking '/home/jjbigdub/gitrepo/rosslam_ws3/install/multirobot_map_merge' for CMake config files
[1.220s] Level 1:colcon.colcon_core.shell:create_environment_hook('multirobot_map_merge', 'cmake_prefix_path')
[1.220s] INFO:colcon.colcon_core.shell:Creating environment hook '/home/jjbigdub/gitrepo/rosslam_ws3/install/multirobot_map_merge/share/multirobot_map_merge/hook/cmake_prefix_path.ps1'
[1.221s] INFO:colcon.colcon_core.shell:Creating environment descriptor '/home/jjbigdub/gitrepo/rosslam_ws3/install/multirobot_map_merge/share/multirobot_map_merge/hook/cmake_prefix_path.dsv'
[1.222s] INFO:colcon.colcon_core.shell:Creating environment hook '/home/jjbigdub/gitrepo/rosslam_ws3/install/multirobot_map_merge/share/multirobot_map_merge/hook/cmake_prefix_path.sh'
[1.223s] Level 1:colcon.colcon_core.environment:checking '/home/jjbigdub/gitrepo/rosslam_ws3/install/multirobot_map_merge/lib'
[1.224s] Level 1:colcon.colcon_core.environment:checking '/home/jjbigdub/gitrepo/rosslam_ws3/install/multirobot_map_merge/bin'
[1.224s] Level 1:colcon.colcon_core.environment:checking '/home/jjbigdub/gitrepo/rosslam_ws3/install/multirobot_map_merge/lib/pkgconfig/multirobot_map_merge.pc'
[1.224s] Level 1:colcon.colcon_core.environment:checking '/home/jjbigdub/gitrepo/rosslam_ws3/install/multirobot_map_merge/lib/python3.10/site-packages'
[1.225s] Level 1:colcon.colcon_core.environment:checking '/home/jjbigdub/gitrepo/rosslam_ws3/install/multirobot_map_merge/bin'
[1.226s] INFO:colcon.colcon_core.shell:Creating package script '/home/jjbigdub/gitrepo/rosslam_ws3/install/multirobot_map_merge/share/multirobot_map_merge/package.ps1'
[1.227s] INFO:colcon.colcon_core.shell:Creating package descriptor '/home/jjbigdub/gitrepo/rosslam_ws3/install/multirobot_map_merge/share/multirobot_map_merge/package.dsv'
[1.228s] INFO:colcon.colcon_core.shell:Creating package script '/home/jjbigdub/gitrepo/rosslam_ws3/install/multirobot_map_merge/share/multirobot_map_merge/package.sh'
[1.229s] INFO:colcon.colcon_core.shell:Creating package script '/home/jjbigdub/gitrepo/rosslam_ws3/install/multirobot_map_merge/share/multirobot_map_merge/package.bash'
[1.230s] INFO:colcon.colcon_core.shell:Creating package script '/home/jjbigdub/gitrepo/rosslam_ws3/install/multirobot_map_merge/share/multirobot_map_merge/package.zsh'
[1.231s] Level 1:colcon.colcon_core.environment:create_file_with_runtime_dependencies(/home/jjbigdub/gitrepo/rosslam_ws3/install/multirobot_map_merge/share/colcon-core/packages/multirobot_map_merge)
[1.315s] Level 1:colcon.colcon_core.environment:create_environment_scripts_only(explore_lite)
[1.316s] Level 1:colcon.colcon_core.environment:checking '/home/jjbigdub/gitrepo/rosslam_ws3/install/explore_lite' for CMake module files
[1.317s] Level 1:colcon.colcon_core.environment:checking '/home/jjbigdub/gitrepo/rosslam_ws3/install/explore_lite' for CMake config files
[1.318s] Level 1:colcon.colcon_core.shell:create_environment_hook('explore_lite', 'cmake_prefix_path')
[1.319s] INFO:colcon.colcon_core.shell:Creating environment hook '/home/jjbigdub/gitrepo/rosslam_ws3/install/explore_lite/share/explore_lite/hook/cmake_prefix_path.ps1'
[1.320s] INFO:colcon.colcon_core.shell:Creating environment descriptor '/home/jjbigdub/gitrepo/rosslam_ws3/install/explore_lite/share/explore_lite/hook/cmake_prefix_path.dsv'
[1.321s] INFO:colcon.colcon_core.shell:Creating environment hook '/home/jjbigdub/gitrepo/rosslam_ws3/install/explore_lite/share/explore_lite/hook/cmake_prefix_path.sh'
[1.322s] Level 1:colcon.colcon_core.environment:checking '/home/jjbigdub/gitrepo/rosslam_ws3/install/explore_lite/lib'
[1.323s] Level 1:colcon.colcon_core.environment:checking '/home/jjbigdub/gitrepo/rosslam_ws3/install/explore_lite/bin'
[1.323s] Level 1:colcon.colcon_core.environment:checking '/home/jjbigdub/gitrepo/rosslam_ws3/install/explore_lite/lib/pkgconfig/explore_lite.pc'
[1.323s] Level 1:colcon.colcon_core.environment:checking '/home/jjbigdub/gitrepo/rosslam_ws3/install/explore_lite/lib/python3.10/site-packages'
[1.324s] Level 1:colcon.colcon_core.environment:checking '/home/jjbigdub/gitrepo/rosslam_ws3/install/explore_lite/bin'
[1.325s] INFO:colcon.colcon_core.shell:Creating package script '/home/jjbigdub/gitrepo/rosslam_ws3/install/explore_lite/share/explore_lite/package.ps1'
[1.326s] INFO:colcon.colcon_core.shell:Creating package descriptor '/home/jjbigdub/gitrepo/rosslam_ws3/install/explore_lite/share/explore_lite/package.dsv'
[1.328s] INFO:colcon.colcon_core.shell:Creating package script '/home/jjbigdub/gitrepo/rosslam_ws3/install/explore_lite/share/explore_lite/package.sh'
[1.329s] INFO:colcon.colcon_core.shell:Creating package script '/home/jjbigdub/gitrepo/rosslam_ws3/install/explore_lite/share/explore_lite/package.bash'
[1.330s] INFO:colcon.colcon_core.shell:Creating package script '/home/jjbigdub/gitrepo/rosslam_ws3/install/explore_lite/share/explore_lite/package.zsh'
[1.332s] Level 1:colcon.colcon_core.environment:create_file_with_runtime_dependencies(/home/jjbigdub/gitrepo/rosslam_ws3/install/explore_lite/share/colcon-core/packages/explore_lite)
[1.343s] Level 1:colcon.colcon_core.environment:create_environment_scripts_only(multirobot_map_merge)
[1.344s] Level 1:colcon.colcon_core.environment:checking '/home/jjbigdub/gitrepo/rosslam_ws3/install/multirobot_map_merge' for CMake module files
[1.345s] Level 1:colcon.colcon_core.environment:checking '/home/jjbigdub/gitrepo/rosslam_ws3/install/multirobot_map_merge' for CMake config files
[1.347s] Level 1:colcon.colcon_core.shell:create_environment_hook('multirobot_map_merge', 'cmake_prefix_path')
[1.347s] INFO:colcon.colcon_core.shell:Creating environment hook '/home/jjbigdub/gitrepo/rosslam_ws3/install/multirobot_map_merge/share/multirobot_map_merge/hook/cmake_prefix_path.ps1'
[1.348s] INFO:colcon.colcon_core.shell:Creating environment descriptor '/home/jjbigdub/gitrepo/rosslam_ws3/install/multirobot_map_merge/share/multirobot_map_merge/hook/cmake_prefix_path.dsv'
[1.349s] INFO:colcon.colcon_core.shell:Creating environment hook '/home/jjbigdub/gitrepo/rosslam_ws3/install/multirobot_map_merge/share/multirobot_map_merge/hook/cmake_prefix_path.sh'
[1.350s] Level 1:colcon.colcon_core.environment:checking '/home/jjbigdub/gitrepo/rosslam_ws3/install/multirobot_map_merge/lib'
[1.351s] Level 1:colcon.colcon_core.environment:checking '/home/jjbigdub/gitrepo/rosslam_ws3/install/multirobot_map_merge/bin'
[1.351s] Level 1:colcon.colcon_core.environment:checking '/home/jjbigdub/gitrepo/rosslam_ws3/install/multirobot_map_merge/lib/pkgconfig/multirobot_map_merge.pc'
[1.351s] Level 1:colcon.colcon_core.environment:checking '/home/jjbigdub/gitrepo/rosslam_ws3/install/multirobot_map_merge/lib/python3.10/site-packages'
[1.352s] Level 1:colcon.colcon_core.environment:checking '/home/jjbigdub/gitrepo/rosslam_ws3/install/multirobot_map_merge/bin'
[1.352s] INFO:colcon.colcon_core.shell:Creating package script '/home/jjbigdub/gitrepo/rosslam_ws3/install/multirobot_map_merge/share/multirobot_map_merge/package.ps1'
[1.353s] INFO:colcon.colcon_core.shell:Creating package descriptor '/home/jjbigdub/gitrepo/rosslam_ws3/install/multirobot_map_merge/share/multirobot_map_merge/package.dsv'
[1.355s] INFO:colcon.colcon_core.shell:Creating package script '/home/jjbigdub/gitrepo/rosslam_ws3/install/multirobot_map_merge/share/multirobot_map_merge/package.sh'
[1.356s] INFO:colcon.colcon_core.shell:Creating package script '/home/jjbigdub/gitrepo/rosslam_ws3/install/multirobot_map_merge/share/multirobot_map_merge/package.bash'
[1.357s] INFO:colcon.colcon_core.shell:Creating package script '/home/jjbigdub/gitrepo/rosslam_ws3/install/multirobot_map_merge/share/multirobot_map_merge/package.zsh'
[1.358s] Level 1:colcon.colcon_core.environment:create_file_with_runtime_dependencies(/home/jjbigdub/gitrepo/rosslam_ws3/install/multirobot_map_merge/share/colcon-core/packages/multirobot_map_merge)
[1.359s] DEBUG:colcon.colcon_parallel_executor.executor.parallel:closing loop
[1.360s] DEBUG:colcon.colcon_parallel_executor.executor.parallel:loop closed
[1.360s] DEBUG:colcon.colcon_parallel_executor.executor.parallel:run_until_complete finished with '0'
[1.360s] DEBUG:colcon.colcon_core.event_reactor:joining thread
[1.373s] INFO:colcon.colcon_core.plugin_system:Skipping extension 'colcon_notification.desktop_notification.terminal_notifier': Not used on non-Darwin systems
[1.373s] INFO:colcon.colcon_core.plugin_system:Skipping extension 'colcon_notification.desktop_notification.win32': Not used on non-Windows systems
[1.373s] INFO:colcon.colcon_notification.desktop_notification:Sending desktop notification using 'notify2'
[1.404s] DEBUG:colcon.colcon_core.event_reactor:joined thread
[1.405s] INFO:colcon.colcon_core.shell:Creating prefix script '/home/jjbigdub/gitrepo/rosslam_ws3/install/local_setup.ps1'
[1.408s] INFO:colcon.colcon_core.shell:Creating prefix util module '/home/jjbigdub/gitrepo/rosslam_ws3/install/_local_setup_util_ps1.py'
[1.411s] INFO:colcon.colcon_core.shell:Creating prefix chain script '/home/jjbigdub/gitrepo/rosslam_ws3/install/setup.ps1'
[1.415s] INFO:colcon.colcon_core.shell:Creating prefix script '/home/jjbigdub/gitrepo/rosslam_ws3/install/local_setup.sh'
[1.416s] INFO:colcon.colcon_core.shell:Creating prefix util module '/home/jjbigdub/gitrepo/rosslam_ws3/install/_local_setup_util_sh.py'
[1.418s] INFO:colcon.colcon_core.shell:Creating prefix chain script '/home/jjbigdub/gitrepo/rosslam_ws3/install/setup.sh'
[1.422s] INFO:colcon.colcon_core.shell:Creating prefix script '/home/jjbigdub/gitrepo/rosslam_ws3/install/local_setup.bash'
[1.423s] INFO:colcon.colcon_core.shell:Creating prefix chain script '/home/jjbigdub/gitrepo/rosslam_ws3/install/setup.bash'
[1.427s] INFO:colcon.colcon_core.shell:Creating prefix script '/home/jjbigdub/gitrepo/rosslam_ws3/install/local_setup.zsh'
[1.429s] INFO:colcon.colcon_core.shell:Creating prefix chain script '/home/jjbigdub/gitrepo/rosslam_ws3/install/setup.zsh'
