[0.010s] Invoking command in '/home/jjbigdub/gitrepo/rosslam_ws3/build/multirobot_map_merge': CMAKE_PREFIX_PATH=${CMAKE_PREFIX_PATH}:/home/jjbigdub/ros2_ws/install/math1:/home/jjbigdub/urdf_ws/install/rocker_description:/opt/ros/humble /usr/bin/cmake /home/jjbigdub/gitrepo/rosslam_ws3/src/m-explore-ros2/map_merge -DCMAKE_INSTALL_PREFIX=/home/jjbigdub/gitrepo/rosslam_ws3/install/multirobot_map_merge
[0.055s] -- The C compiler identification is GNU 11.4.0
[0.100s] -- The CXX compiler identification is GNU 11.4.0
[0.106s] -- Detecting C compiler ABI info
[0.167s] -- Detecting C compiler ABI info - done
[0.172s] -- Check for working C compiler: /usr/bin/cc - skipped
[0.172s] -- Detecting C compile features
[0.172s] -- Detecting C compile features - done
[0.175s] -- Detecting CXX compiler ABI info
[0.243s] -- Detecting CXX compiler ABI info - done
[0.249s] -- Check for working CXX compiler: /usr/bin/c++ - skipped
[0.249s] -- Detecting CXX compile features
[0.249s] -- Detecting CXX compile features - done
[0.252s] -- Found ament_cmake: 1.3.10 (/opt/ros/humble/share/ament_cmake/cmake)
[0.545s] -- Found Python3: /usr/bin/python3 (found version "3.10.12") found components: Interpreter 
[0.633s] -- Found rclcpp: 16.0.10 (/opt/ros/humble/share/rclcpp/cmake)
[0.679s] -- Found rosidl_generator_c: 3.1.5 (/opt/ros/humble/share/rosidl_generator_c/cmake)
[0.685s] -- Found rosidl_adapter: 3.1.5 (/opt/ros/humble/share/rosidl_adapter/cmake)
[0.694s] -- Found rosidl_generator_cpp: 3.1.5 (/opt/ros/humble/share/rosidl_generator_cpp/cmake)
[0.706s] -- Using all available rosidl_typesupport_c: rosidl_typesupport_fastrtps_c;rosidl_typesupport_introspection_c
[0.722s] -- Using all available rosidl_typesupport_cpp: rosidl_typesupport_fastrtps_cpp;rosidl_typesupport_introspection_cpp
[0.766s] -- Found rmw_implementation_cmake: 6.1.2 (/opt/ros/humble/share/rmw_implementation_cmake/cmake)
[0.770s] -- Found rmw_fastrtps_cpp: 6.2.7 (/opt/ros/humble/share/rmw_fastrtps_cpp/cmake)
[0.858s] -- Found OpenSSL: /usr/lib/x86_64-linux-gnu/libcrypto.so (found version "3.0.2")  
[0.886s] -- Found FastRTPS: /opt/ros/humble/include  
[0.930s] -- Using RMW implementation 'rmw_fastrtps_cpp' as default
[0.940s] -- Looking for pthread.h
[1.001s] -- Looking for pthread.h - found
[1.001s] -- Performing Test CMAKE_HAVE_LIBC_PTHREAD
[1.064s] -- Performing Test CMAKE_HAVE_LIBC_PTHREAD - Success
[1.065s] -- Found Threads: TRUE  
[1.109s] -- Found geometry_msgs: 4.2.4 (/opt/ros/humble/share/geometry_msgs/cmake)
[1.121s] -- Found image_geometry: 3.2.1 (/opt/ros/humble/share/image_geometry/cmake)
[1.147s] -- Found map_msgs: 2.1.0 (/opt/ros/humble/share/map_msgs/cmake)
[1.178s] -- Found tf2_geometry_msgs: 0.25.8 (/opt/ros/humble/share/tf2_geometry_msgs/cmake)
[1.195s] -- Found eigen3_cmake_module: 0.1.1 (/opt/ros/humble/share/eigen3_cmake_module/cmake)
[1.196s] -- Found Eigen3: TRUE (found version "3.4.0") 
[1.196s] -- Ensuring Eigen3 include directory is part of orocos-kdl CMake target
[1.303s] -- Found Boost: /usr/lib/x86_64-linux-gnu/cmake/Boost-1.74.0/BoostConfig.cmake (found version "1.74.0") found components: thread 
[1.307s] -- Found OpenCV: /usr (found version "4.5.4") 
[1.319s] -- Found ament_lint_auto: 0.12.11 (/opt/ros/humble/share/ament_lint_auto/cmake)
[1.401s] -- Found ament_cmake_gtest: 1.3.10 (/opt/ros/humble/share/ament_cmake_gtest/cmake)
[1.406s] --2024-11-25 21:50:25--  https://raw.githubusercontent.com/hrnr/m-explore-extra/master/map_merge/hector_maps/map00.pgm
[1.453s] Resolving raw.githubusercontent.com (raw.githubusercontent.com)... 185.199.108.133, 185.199.110.133, 185.199.111.133, ...
[1.499s] Connecting to raw.githubusercontent.com (raw.githubusercontent.com)|185.199.108.133|:443... connected.
[1.872s] HTTP request sent, awaiting response... 200 OK
[1.872s] Length: 4194362 (4.0M) [application/octet-stream]
[1.872s] Saving to: ‘/home/jjbigdub/gitrepo/rosslam_ws3/build/multirobot_map_merge/map00.pgm’
[1.873s] 
[1.905s]      0K .......... .......... .......... .......... ..........  1% 1.50M 3s
[1.911s]     50K .......... .......... .......... .......... ..........  2% 7.46M 2s
[1.923s]    100K .......... .......... .......... .......... ..........  3% 4.33M 1s
[1.930s]    150K .......... .......... .......... .......... ..........  4% 6.94M 1s
[1.934s]    200K .......... .......... .......... .......... ..........  6% 10.6M 1s
[1.937s]    250K .......... .......... .......... .......... ..........  7% 19.2M 1s
[1.940s]    300K .......... .......... .......... .......... ..........  8% 16.8M 1s
[1.947s]    350K .......... .......... .......... .......... ..........  9% 10.8M 1s
[1.948s]    400K .......... .......... .......... .......... .......... 10% 11.1M 1s
[1.953s]    450K .......... .......... .......... .......... .......... 12% 11.8M 1s
[1.954s]    500K .......... .......... .......... .......... .......... 13% 30.9M 1s
[1.957s]    550K .......... .......... .......... .......... .......... 14% 20.3M 0s
[1.961s]    600K .......... .......... .......... .......... .......... 15% 12.2M 0s
[1.961s]    650K .......... .......... .......... .......... .......... 17%  177M 0s
[1.962s]    700K .......... .......... .......... .......... .......... 18% 44.0M 0s
[1.964s]    750K .......... .......... .......... .......... .......... 19% 20.5M 0s
[1.966s]    800K .......... .......... .......... .......... .......... 20% 42.0M 0s
[1.969s]    850K .......... .......... .......... .......... .......... 21% 14.0M 0s
[1.971s]    900K .......... .......... .......... .......... .......... 23% 25.6M 0s
[1.974s]    950K .......... .......... .......... .......... .......... 24% 18.4M 0s
[1.975s]   1000K .......... .......... .......... .......... .......... 25% 28.5M 0s
[1.978s]   1050K .......... .......... .......... .......... .......... 26% 21.6M 0s
[1.978s]   1100K .......... .......... .......... .......... .......... 28%  190M 0s
[1.980s]   1150K .......... .......... .......... .......... .......... 29% 20.3M 0s
[1.982s]   1200K .......... .......... .......... .......... .......... 30% 21.9M 0s
[1.986s]   1250K .......... .......... .......... .......... .......... 31% 12.7M 0s
[1.987s]   1300K .......... .......... .......... .......... .......... 32%  152M 0s
[1.989s]   1350K .......... .......... .......... .......... .......... 34% 24.4M 0s
[1.989s]   1400K .......... .......... .......... .......... .......... 35%  253M 0s
[1.991s]   1450K .......... .......... .......... .......... .......... 36% 20.8M 0s
[1.993s]   1500K .......... .......... .......... .......... .......... 37% 22.3M 0s
[1.994s]   1550K .......... .......... .......... .......... .......... 39%  187M 0s
[1.996s]   1600K .......... .......... .......... .......... .......... 40% 21.7M 0s
[1.999s]   1650K .......... .......... .......... .......... .......... 41% 16.2M 0s
[1.999s]   1700K .......... .......... .......... .......... .......... 42%  171M 0s
[2.003s]   1750K .......... .......... .......... .......... .......... 43% 12.6M 0s
[2.006s]   1800K .......... .......... .......... .......... .......... 45% 17.3M 0s
[2.006s]   1850K .......... .......... .......... .......... .......... 46%  178M 0s
[2.008s]   1900K .......... .......... .......... .......... .......... 47% 26.2M 0s
[2.010s]   1950K .......... .......... .......... .......... .......... 48%  208M 0s
[2.011s]   2000K .......... .......... .......... .......... .......... 50% 19.4M 0s
[2.014s]   2050K .......... .......... .......... .......... .......... 51% 14.9M 0s
[2.014s]   2100K .......... .......... .......... .......... .......... 52%  183M 0s
[2.017s]   2150K .......... .......... .......... .......... .......... 53% 18.7M 0s
[2.019s]   2200K .......... .......... .......... .......... .......... 54% 20.5M 0s
[2.019s]   2250K .......... .......... .......... .......... .......... 56%  184M 0s
[2.023s]   2300K .......... .......... .......... .......... .......... 57% 15.5M 0s
[2.026s]   2350K .......... .......... .......... .......... .......... 58% 15.1M 0s
[2.026s]   2400K .......... .......... .......... .......... .......... 59%  144M 0s
[2.029s]   2450K .......... .......... .......... .......... .......... 61% 19.7M 0s
[2.031s]   2500K .......... .......... .......... .......... .......... 62% 27.2M 0s
[2.031s]   2550K .......... .......... .......... .......... .......... 63%  209M 0s
[2.033s]   2600K .......... .......... .......... .......... .......... 64% 22.5M 0s
[2.035s]   2650K .......... .......... .......... .......... .......... 65% 20.1M 0s
[2.036s]   2700K .......... .......... .......... .......... .......... 67%  190M 0s
[2.037s]   2750K .......... .......... .......... .......... .......... 68% 27.4M 0s
[2.039s]   2800K .......... .......... .......... .......... .......... 69% 25.5M 0s
[2.040s]   2850K .......... .......... .......... .......... .......... 70%  215M 0s
[2.042s]   2900K .......... .......... .......... .......... .......... 72% 21.4M 0s
[2.042s]   2950K .......... .......... .......... .......... .......... 73%  224M 0s
[2.044s]   3000K .......... .......... .......... .......... .......... 74% 21.1M 0s
[2.047s]   3050K .......... .......... .......... .......... .......... 75% 16.6M 0s
[2.047s]   3100K .......... .......... .......... .......... .......... 76%  219M 0s
[2.050s]   3150K .......... .......... .......... .......... .......... 78% 22.9M 0s
[2.052s]   3200K .......... .......... .......... .......... .......... 79% 26.2M 0s
[2.052s]   3250K .......... .......... .......... .......... .......... 80%  202M 0s
[2.054s]   3300K .......... .......... .......... .......... .......... 81% 25.0M 0s
[2.071s]   3350K .......... .......... .......... .......... .......... 83% 2.95M 0s
[2.071s]   3400K .......... .......... .......... .......... .......... 84%  146M 0s
[2.103s]   3450K .......... .......... .......... .......... .......... 85% 1.54M 0s
[2.103s]   3500K .......... .......... .......... .......... .......... 86%  169M 0s
[2.105s]   3550K .......... .......... .......... .......... .......... 87% 18.6M 0s
[2.108s]   3600K .......... .......... .......... .......... .......... 89% 18.4M 0s
[2.116s]   3650K .......... .......... .......... .......... .......... 90% 6.50M 0s
[2.118s]   3700K .......... .......... .......... .......... .......... 91% 18.1M 0s
[2.119s]   3750K .......... .......... .......... .......... .......... 92% 76.5M 0s
[2.119s]   3800K .......... .......... .......... .......... .......... 93%  167M 0s
[2.119s]   3850K .......... .......... .......... .......... .......... 95%  184M 0s
[2.119s]   3900K .......... .......... .......... .......... .......... 96%  230M 0s
[2.120s]   3950K .......... .......... .......... .......... .......... 97%  235M 0s
[2.120s]   4000K .......... .......... .......... .......... .......... 98%  194M 0s
[2.120s]   4050K .......... .......... .......... .......... ......    100%  230M=0.2s
[2.120s] 
[2.120s] 2024-11-25 21:50:26 (16.1 MB/s) - ‘/home/jjbigdub/gitrepo/rosslam_ws3/build/multirobot_map_merge/map00.pgm’ saved [4194362/4194362]
[2.120s] 
[2.121s] Checking MD5 sum of /home/jjbigdub/gitrepo/rosslam_ws3/build/multirobot_map_merge/map00.pgm
[2.129s] /home/jjbigdub/gitrepo/rosslam_ws3/build/multirobot_map_merge/map00.pgm: OK
[2.135s] --2024-11-25 21:50:26--  https://raw.githubusercontent.com/hrnr/m-explore-extra/master/map_merge/hector_maps/map05.pgm
[2.138s] Resolving raw.githubusercontent.com (raw.githubusercontent.com)... 185.199.111.133, 185.199.110.133, 185.199.109.133, ...
[2.154s] Connecting to raw.githubusercontent.com (raw.githubusercontent.com)|185.199.111.133|:443... connected.
[2.623s] HTTP request sent, awaiting response... 200 OK
[2.623s] Length: 4194362 (4.0M) [application/octet-stream]
[2.623s] Saving to: ‘/home/jjbigdub/gitrepo/rosslam_ws3/build/multirobot_map_merge/map05.pgm’
[2.623s] 
[2.643s]      0K .......... .......... .......... .......... ..........  1% 2.43M 2s
[2.678s]     50K .......... .......... .......... .......... ..........  2% 1.41M 2s
[2.711s]    100K .......... .......... .......... .......... ..........  3% 1.47M 2s
[2.741s]    150K .......... .......... .......... .......... ..........  4% 1.60M 2s
[2.767s]    200K .......... .......... .......... .......... ..........  6% 1.89M 2s
[2.796s]    250K .......... .......... .......... .......... ..........  7% 1.70M 2s
[2.824s]    300K .......... .......... .......... .......... ..........  8% 1.74M 2s
[2.857s]    350K .......... .......... .......... .......... ..........  9% 1.91M 2s
[2.884s]    400K .......... .......... .......... .......... .......... 10% 1.40M 2s
[2.908s]    450K .......... .......... .......... .......... .......... 12% 2.04M 2s
[2.936s]    500K .......... .......... .......... .......... .......... 13% 1.73M 2s
[2.960s]    550K .......... .......... .......... .......... .......... 14% 2.09M 2s
[2.981s]    600K .......... .......... .......... .......... .......... 15% 2.31M 2s
[3.004s]    650K .......... .......... .......... .......... .......... 17% 2.10M 2s
[3.032s]    700K .......... .......... .......... .......... .......... 18% 1.76M 2s
[3.064s]    750K .......... .......... .......... .......... .......... 19% 1.90M 2s
[3.085s]    800K .......... .......... .......... .......... .......... 20% 1.80M 2s
[3.106s]    850K .......... .......... .......... .......... .......... 21% 2.32M 2s
[3.127s]    900K .......... .......... .......... .......... .......... 23% 2.34M 2s
[3.147s]    950K .......... .......... .......... .......... .......... 24% 2.43M 2s
[3.167s]   1000K .......... .......... .......... .......... .......... 25% 2.42M 2s
[3.185s]   1050K .......... .......... .......... .......... .......... 26% 2.62M 2s
[3.203s]   1100K .......... .......... .......... .......... .......... 28% 2.79M 1s
[3.227s]   1150K .......... .......... .......... .......... .......... 29% 2.67M 1s
[3.246s]   1200K .......... .......... .......... .......... .......... 30% 1.93M 1s
[3.264s]   1250K .......... .......... .......... .......... .......... 31% 2.77M 1s
[3.281s]   1300K .......... .......... .......... .......... .......... 32% 2.89M 1s
[3.300s]   1350K .......... .......... .......... .......... .......... 34% 2.57M 1s
[3.322s]   1400K .......... .......... .......... .......... .......... 35% 2.23M 1s
[3.340s]   1450K .......... .......... .......... .......... .......... 36% 2.73M 1s
[3.357s]   1500K .......... .......... .......... .......... .......... 37% 2.88M 1s
[3.377s]   1550K .......... .......... .......... .......... .......... 39% 3.37M 1s
[3.393s]   1600K .......... .......... .......... .......... .......... 40% 2.24M 1s
[3.410s]   1650K .......... .......... .......... .......... .......... 41% 2.88M 1s
[3.425s]   1700K .......... .......... .......... .......... .......... 42% 3.12M 1s
[3.441s]   1750K .......... .......... .......... .......... .......... 43% 3.12M 1s
[3.458s]   1800K .......... .......... .......... .......... .......... 45% 2.92M 1s
[3.472s]   1850K .......... .......... .......... .......... .......... 46% 3.35M 1s
[3.488s]   1900K .......... .......... .......... .......... .......... 47% 3.23M 1s
[3.508s]   1950K .......... .......... .......... .......... .......... 48% 3.07M 1s
[3.529s]   2000K .......... .......... .......... .......... .......... 50% 1.93M 1s
[3.544s]   2050K .......... .......... .......... .......... .......... 51% 3.18M 1s
[3.556s]   2100K .......... .......... .......... .......... .......... 52% 4.19M 1s
[3.572s]   2150K .......... .......... .......... .......... .......... 53% 2.93M 1s
[3.586s]   2200K .......... .......... .......... .......... .......... 54% 3.50M 1s
[3.601s]   2250K .......... .......... .......... .......... .......... 56% 3.43M 1s
[3.618s]   2300K .......... .......... .......... .......... .......... 57% 2.73M 1s
[3.635s]   2350K .......... .......... .......... .......... .......... 58% 3.71M 1s
[3.650s]   2400K .......... .......... .......... .......... .......... 59% 2.68M 1s
[3.665s]   2450K .......... .......... .......... .......... .......... 61% 3.23M 1s
[3.677s]   2500K .......... .......... .......... .......... .......... 62% 3.92M 1s
[3.694s]   2550K .......... .......... .......... .......... .......... 63% 2.96M 1s
[3.707s]   2600K .......... .......... .......... .......... .......... 64% 3.84M 1s
[3.720s]   2650K .......... .......... .......... .......... .......... 65% 3.68M 1s
[3.734s]   2700K .......... .......... .......... .......... .......... 67% 3.59M 1s
[3.749s]   2750K .......... .......... .......... .......... .......... 68% 4.39M 1s
[3.762s]   2800K .......... .......... .......... .......... .......... 69% 2.78M 0s
[3.776s]   2850K .......... .......... .......... .......... .......... 70% 3.45M 0s
[3.790s]   2900K .......... .......... .......... .......... .......... 72% 3.68M 0s
[3.801s]   2950K .......... .......... .......... .......... .......... 73% 4.15M 0s
[3.816s]   3000K .......... .......... .......... .......... .......... 74% 3.38M 0s
[3.829s]   3050K .......... .......... .......... .......... .......... 75% 3.67M 0s
[3.839s]   3100K .......... .......... .......... .......... .......... 76% 4.70M 0s
[3.857s]   3150K .......... .......... .......... .......... .......... 78% 3.69M 0s
[3.870s]   3200K .......... .......... .......... .......... .......... 79% 2.74M 0s
[3.882s]   3250K .......... .......... .......... .......... .......... 80% 4.36M 0s
[3.895s]   3300K .......... .......... .......... .......... .......... 81% 3.70M 0s
[3.908s]   3350K .......... .......... .......... .......... .......... 83% 3.66M 0s
[3.925s]   3400K .......... .......... .......... .......... .......... 84% 2.82M 0s
[3.935s]   3450K .......... .......... .......... .......... .......... 85% 5.31M 0s
[3.947s]   3500K .......... .......... .......... .......... .......... 86% 4.01M 0s
[3.962s]   3550K .......... .......... .......... .......... .......... 87% 3.77M 0s
[3.977s]   3600K .......... .......... .......... .......... .......... 89% 2.90M 0s
[3.986s]   3650K .......... .......... .......... .......... .......... 90% 5.36M 0s
[4.000s]   3700K .......... .......... .......... .......... .......... 91% 3.54M 0s
[4.011s]   3750K .......... .......... .......... .......... .......... 92% 4.15M 0s
[4.020s]   3800K .......... .......... .......... .......... .......... 93% 5.34M 0s
[4.033s]   3850K .......... .......... .......... .......... .......... 95% 3.85M 0s
[4.044s]   3900K .......... .......... .......... .......... .......... 96% 4.59M 0s
[4.057s]   3950K .......... .......... .......... .......... .......... 97% 4.74M 0s
[4.069s]   4000K .......... .......... .......... .......... .......... 98% 3.22M 0s
[4.077s]   4050K .......... .......... .......... .......... ......    100% 6.14M=1.5s
[4.077s] 
[4.077s] 2024-11-25 21:50:28 (2.75 MB/s) - ‘/home/jjbigdub/gitrepo/rosslam_ws3/build/multirobot_map_merge/map05.pgm’ saved [4194362/4194362]
[4.077s] 
[4.078s] Checking MD5 sum of /home/jjbigdub/gitrepo/rosslam_ws3/build/multirobot_map_merge/map05.pgm
[4.085s] /home/jjbigdub/gitrepo/rosslam_ws3/build/multirobot_map_merge/map05.pgm: OK
[4.090s] --2024-11-25 21:50:28--  https://raw.githubusercontent.com/hrnr/m-explore-extra/master/map_merge/gmapping_maps/2011-08-09-12-22-52.pgm
[4.093s] Resolving raw.githubusercontent.com (raw.githubusercontent.com)... 185.199.108.133, 185.199.111.133, 185.199.109.133, ...
[4.110s] Connecting to raw.githubusercontent.com (raw.githubusercontent.com)|185.199.108.133|:443... connected.
[4.482s] HTTP request sent, awaiting response... 200 OK
[4.482s] Length: 16000058 (15M) [application/octet-stream]
[4.482s] Saving to: ‘/home/jjbigdub/gitrepo/rosslam_ws3/build/multirobot_map_merge/2011-08-09-12-22-52.pgm’
[4.483s] 
[4.522s]      0K .......... .......... .......... .......... ..........  0% 1.23M 12s
[4.525s]     50K .......... .......... .......... .......... ..........  0% 14.0M 7s
[4.539s]    100K .......... .......... .......... .......... ..........  0% 3.56M 6s
[4.543s]    150K .......... .......... .......... .......... ..........  1% 12.3M 5s
[4.547s]    200K .......... .......... .......... .......... ..........  1% 11.3M 4s
[4.549s]    250K .......... .......... .......... .......... ..........  1% 23.5M 3s
[4.555s]    300K .......... .......... .......... .......... ..........  2% 8.28M 3s
[4.562s]    350K .......... .......... .......... .......... ..........  2% 11.3M 3s
[4.566s]    400K .......... .......... .......... .......... ..........  2% 8.27M 3s
[4.567s]    450K .......... .......... .......... .......... ..........  3% 27.9M 3s
[4.569s]    500K .......... .......... .......... .......... ..........  3% 24.4M 2s
[4.572s]    550K .......... .......... .......... .......... ..........  3% 21.7M 2s
[4.572s]    600K .......... .......... .......... .......... ..........  4% 59.1M 2s
[4.575s]    650K .......... .......... .......... .......... ..........  4% 21.8M 2s
[4.578s]    700K .......... .......... .......... .......... ..........  4% 13.2M 2s
[4.581s]    750K .......... .......... .......... .......... ..........  5% 69.0M 2s
[4.582s]    800K .......... .......... .......... .......... ..........  5% 18.7M 2s
[4.584s]    850K .......... .......... .......... .......... ..........  5% 20.3M 2s
[4.588s]    900K .......... .......... .......... .......... ..........  6% 11.2M 2s
[4.592s]    950K .......... .......... .......... .......... ..........  6% 14.4M 2s
[4.592s]   1000K .......... .......... .......... .......... ..........  6%  129M 2s
[4.595s]   1050K .......... .......... .......... .......... ..........  7% 14.8M 1s
[4.596s]   1100K .......... .......... .......... .......... ..........  7% 57.5M 1s
[4.599s]   1150K .......... .......... .......... .......... ..........  7% 19.9M 1s
[4.601s]   1200K .......... .......... .......... .......... ..........  7% 24.3M 1s
[4.601s]   1250K .......... .......... .......... .......... ..........  8%  187M 1s
[4.604s]   1300K .......... .......... .......... .......... ..........  8% 18.6M 1s
[4.607s]   1350K .......... .......... .......... .......... ..........  8% 13.1M 1s
[4.608s]   1400K .......... .......... .......... .......... ..........  9%  148M 1s
[4.610s]   1450K .......... .......... .......... .......... ..........  9% 18.4M 1s
[4.614s]   1500K .......... .......... .......... .......... ..........  9% 12.6M 1s
[4.615s]   1550K .......... .......... .......... .......... .......... 10%  151M 1s
[4.617s]   1600K .......... .......... .......... .......... .......... 10% 24.7M 1s
[4.619s]   1650K .......... .......... .......... .......... .......... 10% 19.5M 1s
[4.619s]   1700K .......... .......... .......... .......... .......... 11%  174M 1s
[4.621s]   1750K .......... .......... .......... .......... .......... 11% 27.3M 1s
[4.624s]   1800K .......... .......... .......... .......... .......... 11% 19.4M 1s
[4.624s]   1850K .......... .......... .......... .......... .......... 12%  147M 1s
[4.627s]   1900K .......... .......... .......... .......... .......... 12% 17.0M 1s
[4.629s]   1950K .......... .......... .......... .......... .......... 12%  174M 1s
[4.629s]   2000K .......... .......... .......... .......... .......... 13% 26.4M 1s
[4.632s]   2050K .......... .......... .......... .......... .......... 13% 17.6M 1s
[4.632s]   2100K .......... .......... .......... .......... .......... 13%  157M 1s
[4.635s]   2150K .......... .......... .......... .......... .......... 14% 18.3M 1s
[4.637s]   2200K .......... .......... .......... .......... .......... 14% 25.2M 1s
[4.637s]   2250K .......... .......... .......... .......... .......... 14%  152M 1s
[4.639s]   2300K .......... .......... .......... .......... .......... 15% 19.9M 1s
[4.642s]   2350K .......... .......... .......... .......... .......... 15% 19.7M 1s
[4.642s]   2400K .......... .......... .......... .......... .......... 15%  137M 1s
[4.644s]   2450K .......... .......... .......... .......... .......... 15% 27.2M 1s
[4.647s]   2500K .......... .......... .......... .......... .......... 16% 18.2M 1s
[4.647s]   2550K .......... .......... .......... .......... .......... 16%  156M 1s
[4.650s]   2600K .......... .......... .......... .......... .......... 16% 16.7M 1s
[4.650s]   2650K .......... .......... .......... .......... .......... 17%  170M 1s
[4.652s]   2700K .......... .......... .......... .......... .......... 17% 23.7M 1s
[4.655s]   2750K .......... .......... .......... .......... .......... 17% 18.8M 1s
[4.657s]   2800K .......... .......... .......... .......... .......... 18% 26.6M 1s
[4.657s]   2850K .......... .......... .......... .......... .......... 18%  197M 1s
[4.658s]   2900K .......... .......... .......... .......... .......... 18% 40.6M 1s
[4.661s]   2950K .......... .......... .......... .......... .......... 19% 17.6M 1s
[4.663s]   3000K .......... .......... .......... .......... .......... 19% 24.3M 1s
[4.663s]   3050K .......... .......... .......... .......... .......... 19%  169M 1s
[4.665s]   3100K .......... .......... .......... .......... .......... 20% 22.7M 1s
[4.668s]   3150K .......... .......... .......... .......... .......... 20%  181M 1s
[4.668s]   3200K .......... .......... .......... .......... .......... 20% 20.9M 1s
[4.671s]   3250K .......... .......... .......... .......... .......... 21% 19.0M 1s
[4.720s]   3300K .......... .......... .......... .......... .......... 21% 1015K 1s
[4.720s]   3350K .......... .......... .......... .......... .......... 21%  136M 1s
[4.723s]   3400K .......... .......... .......... .......... .......... 22% 17.5M 1s
[4.725s]   3450K .......... .......... .......... .......... .......... 22% 21.6M 1s
[4.725s]   3500K .......... .......... .......... .......... .......... 22%  184M 1s
[4.726s]   3550K .......... .......... .......... .......... .......... 23%  153M 1s
[4.726s]   3600K .......... .......... .......... .......... .......... 23%  139M 1s
[4.726s]   3650K .......... .......... .......... .......... .......... 23%  172M 1s
[4.727s]   3700K .......... .......... .......... .......... .......... 23%  219M 1s
[4.727s]   3750K .......... .......... .......... .......... .......... 24%  219M 1s
[4.727s]   3800K .......... .......... .......... .......... .......... 24%  181M 1s
[4.727s]   3850K .......... .......... .......... .......... .......... 24%  197M 1s
[4.728s]   3900K .......... .......... .......... .......... .......... 25%  211M 1s
[4.728s]   3950K .......... .......... .......... .......... .......... 25%  183M 1s
[4.728s]   4000K .......... .......... .......... .......... .......... 25%  162M 1s
[4.728s]   4050K .......... .......... .......... .......... .......... 26%  215M 1s
[4.729s]   4100K .......... .......... .......... .......... .......... 26%  197M 1s
[4.729s]   4150K .......... .......... .......... .......... .......... 26%  217M 1s
[4.729s]   4200K .......... .......... .......... .......... .......... 27%  183M 1s
[4.729s]   4250K .......... .......... .......... .......... .......... 27%  215M 1s
[4.730s]   4300K .......... .......... .......... .......... .......... 27%  210M 1s
[4.730s]   4350K .......... .......... .......... .......... .......... 28%  218M 1s
[4.730s]   4400K .......... .......... .......... .......... .......... 28%  177M 1s
[4.730s]   4450K .......... .......... .......... .......... .......... 28%  213M 1s
[4.731s]   4500K .......... .......... .......... .......... .......... 29%  218M 1s
[4.731s]   4550K .......... .......... .......... .......... .......... 29%  219M 1s
[4.731s]   4600K .......... .......... .......... .......... .......... 29%  176M 1s
[4.731s]   4650K .......... .......... .......... .......... .......... 30%  204M 1s
[4.732s]   4700K .......... .......... .......... .......... .......... 30%  221M 1s
[4.732s]   4750K .......... .......... .......... .......... .......... 30%  214M 1s
[4.732s]   4800K .......... .......... .......... .......... .......... 31%  183M 1s
[4.732s]   4850K .......... .......... .......... .......... .......... 31%  204M 1s
[4.743s]   4900K .......... .......... .......... .......... .......... 31% 4.87M 1s
[4.745s]   4950K .......... .......... .......... .......... .......... 31% 23.1M 1s
[4.747s]   5000K .......... .......... .......... .......... .......... 32% 23.7M 1s
[4.749s]   5050K .......... .......... .......... .......... .......... 32% 23.2M 1s
[4.750s]   5100K .......... .......... .......... .......... .......... 32% 40.3M 1s
[4.752s]   5150K .......... .......... .......... .......... .......... 33% 21.6M 1s
[4.754s]   5200K .......... .......... .......... .......... .......... 33% 28.8M 1s
[4.757s]   5250K .......... .......... .......... .......... .......... 33% 14.8M 1s
[4.759s]   5300K .......... .......... .......... .......... .......... 34% 21.9M 1s
[4.760s]   5350K .......... .......... .......... .......... .......... 34%  195M 1s
[4.763s]   5400K .......... .......... .......... .......... .......... 34% 24.0M 1s
[4.763s]   5450K .......... .......... .......... .......... .......... 35% 27.8M 1s
[4.797s]   5500K .......... .......... .......... .......... .......... 35% 1.47M 1s
[4.800s]   5550K .......... .......... .......... .......... .......... 35%  160M 1s
[4.800s]   5600K .......... .......... .......... .......... .......... 36% 15.8M 1s
[4.803s]   5650K .......... .......... .......... .......... .......... 36% 14.9M 1s
[4.810s]   5700K .......... .......... .......... .......... .......... 36% 7.45M 1s
[4.811s]   5750K .......... .......... .......... .......... .......... 37% 42.1M 1s
[4.814s]   5800K .......... .......... .......... .......... .......... 37% 17.8M 1s
[4.814s]   5850K .......... .......... .......... .......... .......... 37%  138M 1s
[4.847s]   5900K .......... .......... .......... .......... .......... 38% 1.48M 1s
[4.847s]   5950K .......... .......... .......... .......... .......... 38%  147M 1s
[4.853s]   6000K .......... .......... .......... .......... .......... 38% 9.26M 1s
[4.855s]   6050K .......... .......... .......... .......... .......... 39% 19.0M 1s
[4.857s]   6100K .......... .......... .......... .......... .......... 39% 24.4M 1s
[4.858s]   6150K .......... .......... .......... .......... .......... 39%  155M 1s
[4.860s]   6200K .......... .......... .......... .......... .......... 39% 19.1M 1s
[4.860s]   6250K .......... .......... .......... .......... .......... 40%  160M 1s
[4.862s]   6300K .......... .......... .......... .......... .......... 40% 25.5M 1s
[4.864s]   6350K .......... .......... .......... .......... .......... 40% 25.4M 1s
[4.865s]   6400K .......... .......... .......... .......... .......... 41%  170M 1s
[4.868s]   6450K .......... .......... .......... .......... .......... 41% 16.6M 1s
[4.869s]   6500K .......... .......... .......... .......... .......... 41% 26.8M 1s
[4.870s]   6550K .......... .......... .......... .......... .......... 42%  162M 1s
[4.872s]   6600K .......... .......... .......... .......... .......... 42% 19.1M 1s
[4.874s]   6650K .......... .......... .......... .......... .......... 42% 25.9M 1s
[4.874s]   6700K .......... .......... .......... .......... .......... 43%  160M 1s
[4.877s]   6750K .......... .......... .......... .......... .......... 43% 20.5M 1s
[4.877s]   6800K .......... .......... .......... .......... .......... 43%  179M 1s
[4.880s]   6850K .......... .......... .......... .......... .......... 44% 16.8M 1s
[4.882s]   6900K .......... .......... .......... .......... .......... 44% 25.6M 0s
[4.882s]   6950K .......... .......... .......... .......... .......... 44%  170M 0s
[4.884s]   7000K .......... .......... .......... .......... .......... 45% 26.4M 0s
[4.886s]   7050K .......... .......... .......... .......... .......... 45% 25.7M 0s
[4.886s]   7100K .......... .......... .......... .......... .......... 45%  128M 0s
[4.889s]   7150K .......... .......... .......... .......... .......... 46% 17.1M 0s
[4.892s]   7200K .......... .......... .......... .......... .......... 46% 18.5M 0s
[4.892s]   7250K .......... .......... .......... .......... .......... 46%  172M 0s
[4.894s]   7300K .......... .......... .......... .......... .......... 47% 25.4M 0s
[4.898s]   7350K .......... .......... .......... .......... .......... 47% 13.0M 0s
[4.898s]   7400K .......... .......... .......... .......... .......... 47%  155M 0s
[4.900s]   7450K .......... .......... .......... .......... .......... 47% 24.7M 0s
[4.902s]   7500K .......... .......... .......... .......... .......... 48% 19.6M 0s
[4.903s]   7550K .......... .......... .......... .......... .......... 48%  155M 0s
[4.906s]   7600K .......... .......... .......... .......... .......... 48% 15.6M 0s
[4.910s]   7650K .......... .......... .......... .......... .......... 49%  163M 0s
[4.910s]   7700K .......... .......... .......... .......... .......... 49% 12.4M 0s
[4.912s]   7750K .......... .......... .......... .......... .......... 49% 26.4M 0s
[4.912s]   7800K .......... .......... .......... .......... .......... 50%  167M 0s
[4.914s]   7850K .......... .......... .......... .......... .......... 50% 23.1M 0s
[4.916s]   7900K .......... .......... .......... .......... .......... 50% 33.4M 0s
[4.918s]   7950K .......... .......... .......... .......... .......... 51% 26.6M 0s
[4.919s]   8000K .......... .......... .......... .......... .......... 51% 31.8M 0s
[4.922s]   8050K .......... .......... .......... .......... .......... 51% 21.2M 0s
[4.923s]   8100K .......... .......... .......... .......... .......... 52% 27.0M 0s
[4.926s]   8150K .......... .......... .......... .......... .......... 52% 15.9M 0s
[4.927s]   8200K .......... .......... .......... .......... .......... 52%  159M 0s
[4.930s]   8250K .......... .......... .......... .......... .......... 53% 14.0M 0s
[4.934s]   8300K .......... .......... .......... .......... .......... 53% 13.3M 0s
[4.936s]   8350K .......... .......... .......... .......... .......... 53% 19.2M 0s
[4.937s]   8400K .......... .......... .......... .......... .......... 54%  141M 0s
[4.940s]   8450K .......... .......... .......... .......... .......... 54% 15.0M 0s
[4.943s]   8500K .......... .......... .......... .......... .......... 54% 14.7M 0s
[4.944s]   8550K .......... .......... .......... .......... .......... 55%  171M 0s
[4.946s]   8600K .......... .......... .......... .......... .......... 55% 18.5M 0s
[4.948s]   8650K .......... .......... .......... .......... .......... 55% 24.1M 0s
[4.949s]   8700K .......... .......... .......... .......... .......... 55%  175M 0s
[4.951s]   8750K .......... .......... .......... .......... .......... 56% 18.0M 0s
[4.954s]   8800K .......... .......... .......... .......... .......... 56% 21.4M 0s
[4.954s]   8850K .......... .......... .......... .......... .......... 56%  201M 0s
[4.956s]   8900K .......... .......... .......... .......... .......... 57% 25.9M 0s
[4.959s]   8950K .......... .......... .......... .......... .......... 57% 17.2M 0s
[4.959s]   9000K .......... .......... .......... .......... .......... 57%  163M 0s
[4.962s]   9050K .......... .......... .......... .......... .......... 58% 16.9M 0s
[4.962s]   9100K .......... .......... .......... .......... .......... 58%  133M 0s
[4.965s]   9150K .......... .......... .......... .......... .......... 58% 17.6M 0s
[4.968s]   9200K .......... .......... .......... .......... .......... 59% 17.8M 0s
[4.970s]   9250K .......... .......... .......... .......... .......... 59%  169M 0s
[4.970s]   9300K .......... .......... .......... .......... .......... 59% 23.0M 0s
[4.972s]   9350K .......... .......... .......... .......... .......... 60% 20.3M 0s
[4.973s]   9400K .......... .......... .......... .......... .......... 60%  158M 0s
[4.975s]   9450K .......... .......... .......... .......... .......... 60% 18.3M 0s
[4.978s]   9500K .......... .......... .......... .......... .......... 61% 21.4M 0s
[4.978s]   9550K .......... .......... .......... .......... .......... 61%  179M 0s
[4.982s]   9600K .......... .......... .......... .......... .......... 61% 10.9M 0s
[4.985s]   9650K .......... .......... .......... .......... .......... 62% 25.3M 0s
[4.986s]   9700K .......... .......... .......... .......... .......... 62% 33.9M 0s
[4.986s]   9750K .......... .......... .......... .......... .......... 62%  167M 0s
[4.989s]   9800K .......... .......... .......... .......... .......... 63% 19.9M 0s
[4.991s]   9850K .......... .......... .......... .......... .......... 63% 21.8M 0s
[4.991s]   9900K .......... .......... .......... .......... .......... 63%  137M 0s
[4.993s]   9950K .......... .......... .......... .......... .......... 63% 21.3M 0s
[4.996s]  10000K .......... .......... .......... .......... .......... 64% 22.7M 0s
[4.996s]  10050K .......... .......... .......... .......... .......... 64%  174M 0s
[4.999s]  10100K .......... .......... .......... .......... .......... 64% 18.5M 0s
[5.001s]  10150K .......... .......... .......... .......... .......... 65% 25.4M 0s
[5.001s]  10200K .......... .......... .......... .......... .......... 65%  180M 0s
[5.003s]  10250K .......... .......... .......... .......... .......... 65% 20.5M 0s
[5.006s]  10300K .......... .......... .......... .......... .......... 66% 14.6M 0s
[5.007s]  10350K .......... .......... .......... .......... .......... 66%  165M 0s
[5.009s]  10400K .......... .......... .......... .......... .......... 66% 18.7M 0s
[5.012s]  10450K .......... .......... .......... .......... .......... 67%  163M 0s
[5.012s]  10500K .......... .......... .......... .......... .......... 67% 21.3M 0s
[5.014s]  10550K .......... .......... .......... .......... .......... 67% 23.2M 0s
[5.014s]  10600K .......... .......... .......... .......... .......... 68%  158M 0s
[5.016s]  10650K .......... .......... .......... .......... .......... 68% 24.2M 0s
[5.019s]  10700K .......... .......... .......... .......... .......... 68% 19.6M 0s
[5.019s]  10750K .......... .......... .......... .......... .......... 69%  171M 0s
[5.021s]  10800K .......... .......... .......... .......... .......... 69% 26.5M 0s
[5.023s]  10850K .......... .......... .......... .......... .......... 69% 26.7M 0s
[5.023s]  10900K .......... .......... .......... .......... .......... 70%  143M 0s
[5.026s]  10950K .......... .......... .......... .......... .......... 70% 18.2M 0s
[5.028s]  11000K .......... .......... .......... .......... .......... 70% 18.7M 0s
[5.029s]  11050K .......... .......... .......... .......... .......... 71%  165M 0s
[5.031s]  11100K .......... .......... .......... .......... .......... 71% 18.3M 0s
[5.034s]  11150K .......... .......... .......... .......... .......... 71% 17.1M 0s
[5.035s]  11200K .......... .......... .......... .......... .......... 71%  166M 0s
[5.037s]  11250K .......... .......... .......... .......... .......... 72% 20.1M 0s
[5.040s]  11300K .......... .......... .......... .......... .......... 72% 17.7M 0s
[5.040s]  11350K .......... .......... .......... .......... .......... 72%  149M 0s
[5.043s]  11400K .......... .......... .......... .......... .......... 73% 15.7M 0s
[5.044s]  11450K .......... .......... .......... .......... .......... 73%  150M 0s
[5.046s]  11500K .......... .......... .......... .......... .......... 73% 16.5M 0s
[5.049s]  11550K .......... .......... .......... .......... .......... 74% 23.5M 0s
[5.049s]  11600K .......... .......... .......... .......... .......... 74%  189M 0s
[5.052s]  11650K .......... .......... .......... .......... .......... 74% 15.2M 0s
[5.054s]  11700K .......... .......... .......... .......... .......... 75% 22.1M 0s
[5.055s]  11750K .......... .......... .......... .......... .......... 75%  148M 0s
[5.057s]  11800K .......... .......... .......... .......... .......... 75% 23.4M 0s
[5.058s]  11850K .......... .......... .......... .......... .......... 76% 26.7M 0s
[5.059s]  11900K .......... .......... .......... .......... .......... 76%  149M 0s
[5.061s]  11950K .......... .......... .......... .......... .......... 76% 19.2M 0s
[5.062s]  12000K .......... .......... .......... .......... .......... 77%  164M 0s
[5.063s]  12050K .......... .......... .......... .......... .......... 77% 27.9M 0s
[5.066s]  12100K .......... .......... .......... .......... .......... 77% 22.0M 0s
[5.068s]  12150K .......... .......... .......... .......... .......... 78% 20.5M 0s
[5.068s]  12200K .......... .......... .......... .......... .......... 78%  147M 0s
[5.071s]  12250K .......... .......... .......... .......... .......... 78% 22.0M 0s
[5.071s]  12300K .......... .......... .......... .......... .......... 79%  156M 0s
[5.104s]  12350K .......... .......... .......... .......... .......... 79% 1.50M 0s
[5.111s]  12400K .......... .......... .......... .......... .......... 79% 6.87M 0s
[5.111s]  12450K .......... .......... .......... .......... .......... 79%  139M 0s
[5.114s]  12500K .......... .......... .......... .......... .......... 80% 18.8M 0s
[5.116s]  12550K .......... .......... .......... .......... .......... 80% 17.8M 0s
[5.116s]  12600K .......... .......... .......... .......... .......... 80%  218M 0s
[5.118s]  12650K .......... .......... .......... .......... .......... 81% 26.2M 0s
[5.121s]  12700K .......... .......... .......... .......... .......... 81% 16.4M 0s
[5.122s]  12750K .......... .......... .......... .......... .......... 81%  201M 0s
[5.124s]  12800K .......... .......... .......... .......... .......... 82% 22.2M 0s
[5.126s]  12850K .......... .......... .......... .......... .......... 82% 23.5M 0s
[5.128s]  12900K .......... .......... .......... .......... .......... 82% 21.4M 0s
[5.128s]  12950K .......... .......... .......... .......... .......... 83%  186M 0s
[5.131s]  13000K .......... .......... .......... .......... .......... 83% 19.8M 0s
[5.133s]  13050K .......... .......... .......... .......... .......... 83% 23.4M 0s
[5.135s]  13100K .......... .......... .......... .......... .......... 84% 23.1M 0s
[5.139s]  13150K .......... .......... .......... .......... .......... 84% 14.3M 0s
[5.142s]  13200K .......... .......... .......... .......... .......... 84% 13.3M 0s
[5.143s]  13250K .......... .......... .......... .......... .......... 85%  163M 0s
[5.146s]  13300K .......... .......... .......... .......... .......... 85% 13.3M 0s
[5.149s]  13350K .......... .......... .......... .......... .......... 85% 15.9M 0s
[5.149s]  13400K .......... .......... .......... .......... .......... 86%  184M 0s
[5.153s]  13450K .......... .......... .......... .......... .......... 86% 13.0M 0s
[5.153s]  13500K .......... .......... .......... .......... .......... 86%  199M 0s
[5.157s]  13550K .......... .......... .......... .......... .......... 87% 15.9M 0s
[5.159s]  13600K .......... .......... .......... .......... .......... 87% 25.9M 0s
[5.162s]  13650K .......... .......... .......... .......... .......... 87%  175M 0s
[5.163s]  13700K .......... .......... .......... .......... .......... 87% 12.5M 0s
[5.165s]  13750K .......... .......... .......... .......... .......... 88% 20.6M 0s
[5.165s]  13800K .......... .......... .......... .......... .......... 88%  200M 0s
[5.168s]  13850K .......... .......... .......... .......... .......... 88% 20.5M 0s
[5.169s]  13900K .......... .......... .......... .......... .......... 89% 26.5M 0s
[5.170s]  13950K .......... .......... .......... .......... .......... 89%  213M 0s
[5.172s]  14000K .......... .......... .......... .......... .......... 89% 19.0M 0s
[5.174s]  14050K .......... .......... .......... .......... .......... 90%  226M 0s
[5.175s]  14100K .......... .......... .......... .......... .......... 90% 23.1M 0s
[5.177s]  14150K .......... .......... .......... .......... .......... 90% 25.4M 0s
[5.178s]  14200K .......... .......... .......... .......... .......... 91% 26.2M 0s
[5.179s]  14250K .......... .......... .......... .......... .......... 91%  190M 0s
[5.181s]  14300K .......... .......... .......... .......... .......... 91% 18.9M 0s
[5.181s]  14350K .......... .......... .......... .......... .......... 92%  219M 0s
[5.184s]  14400K .......... .......... .......... .......... .......... 92% 15.9M 0s
[5.187s]  14450K .......... .......... .......... .......... .......... 92% 20.2M 0s
[5.187s]  14500K .......... .......... .......... .......... .......... 93%  160M 0s
[5.189s]  14550K .......... .......... .......... .......... .......... 93% 22.3M 0s
[5.192s]  14600K .......... .......... .......... .......... .......... 93% 21.0M 0s
[5.192s]  14650K .......... .......... .......... .......... .......... 94%  216M 0s
[5.195s]  14700K .......... .......... .......... .......... .......... 94% 15.6M 0s
[5.197s]  14750K .......... .......... .......... .......... .......... 94% 25.5M 0s
[5.197s]  14800K .......... .......... .......... .......... .......... 95%  241M 0s
[5.200s]  14850K .......... .......... .......... .......... .......... 95% 19.6M 0s
[5.203s]  14900K .......... .......... .......... .......... .......... 95% 16.5M 0s
[5.203s]  14950K .......... .......... .......... .......... .......... 95%  199M 0s
[5.206s]  15000K .......... .......... .......... .......... .......... 96% 16.9M 0s
[5.208s]  15050K .......... .......... .......... .......... .......... 96% 20.4M 0s
[5.208s]  15100K .......... .......... .......... .......... .......... 96%  178M 0s
[5.210s]  15150K .......... .......... .......... .......... .......... 97% 25.5M 0s
[5.211s]  15200K .......... .......... .......... .......... .......... 97%  222M 0s
[5.213s]  15250K .......... .......... .......... .......... .......... 97% 18.7M 0s
[5.216s]  15300K .......... .......... .......... .......... .......... 98% 20.2M 0s
[5.216s]  15350K .......... .......... .......... .......... .......... 98%  225M 0s
[5.218s]  15400K .......... .......... .......... .......... .......... 98% 26.0M 0s
[5.221s]  15450K .......... .......... .......... .......... .......... 99% 17.7M 0s
[5.221s]  15500K .......... .......... .......... .......... .......... 99%  209M 0s
[5.223s]  15550K .......... .......... .......... .......... .......... 99% 21.0M 0s
[5.223s]  15600K .......... .......... .....                           100%  194M=0.7s
[5.223s] 
[5.223s] 2024-11-25 21:50:29 (20.6 MB/s) - ‘/home/jjbigdub/gitrepo/rosslam_ws3/build/multirobot_map_merge/2011-08-09-12-22-52.pgm’ saved [16000058/16000058]
[5.223s] 
[5.224s] Checking MD5 sum of /home/jjbigdub/gitrepo/rosslam_ws3/build/multirobot_map_merge/2011-08-09-12-22-52.pgm
[5.248s] /home/jjbigdub/gitrepo/rosslam_ws3/build/multirobot_map_merge/2011-08-09-12-22-52.pgm: OK
[5.254s] --2024-11-25 21:50:29--  https://raw.githubusercontent.com/hrnr/m-explore-extra/master/map_merge/gmapping_maps/2012-01-28-11-12-01.pgm
[5.257s] Resolving raw.githubusercontent.com (raw.githubusercontent.com)... 185.199.110.133, 185.199.108.133, 185.199.109.133, ...
[5.273s] Connecting to raw.githubusercontent.com (raw.githubusercontent.com)|185.199.110.133|:443... connected.
[5.633s] HTTP request sent, awaiting response... 200 OK
[5.633s] Length: 16000058 (15M) [application/octet-stream]
[5.633s] Saving to: ‘/home/jjbigdub/gitrepo/rosslam_ws3/build/multirobot_map_merge/2012-01-28-11-12-01.pgm’
[5.633s] 
[5.653s]      0K .......... .......... .......... .......... ..........  0% 2.48M 6s
[5.673s]     50K .......... .......... .......... .......... ..........  0% 2.42M 6s
[5.685s]    100K .......... .......... .......... .......... ..........  0% 4.08M 5s
[5.695s]    150K .......... .......... .......... .......... ..........  1% 4.94M 5s
[5.698s]    200K .......... .......... .......... .......... ..........  1% 12.6M 4s
[5.702s]    250K .......... .......... .......... .......... ..........  1% 13.9M 4s
[5.713s]    300K .......... .......... .......... .......... ..........  2% 4.65M 3s
[5.713s]    350K .......... .......... .......... .......... ..........  2%  143M 3s
[5.715s]    400K .......... .......... .......... .......... ..........  2% 18.3M 3s
[5.717s]    450K .......... .......... .......... .......... ..........  3% 23.6M 3s
[5.720s]    500K .......... .......... .......... .......... ..........  3% 16.9M 2s
[5.725s]    550K .......... .......... .......... .......... ..........  3% 9.79M 2s
[5.726s]    600K .......... .......... .......... .......... ..........  4%  224M 2s
[5.731s]    650K .......... .......... .......... .......... ..........  4% 9.76M 2s
[5.732s]    700K .......... .......... .......... .......... ..........  4% 27.2M 2s
[5.734s]    750K .......... .......... .......... .......... ..........  5% 32.3M 2s
[5.736s]    800K .......... .......... .......... .......... ..........  5% 21.6M 2s
[5.739s]    850K .......... .......... .......... .......... ..........  5% 16.8M 2s
[5.739s]    900K .......... .......... .......... .......... ..........  6%  180M 2s
[5.741s]    950K .......... .......... .......... .......... ..........  6% 23.9M 2s
[5.744s]   1000K .......... .......... .......... .......... ..........  6% 21.8M 2s
[5.745s]   1050K .......... .......... .......... .......... ..........  7% 26.9M 1s
[5.746s]   1100K .......... .......... .......... .......... ..........  7%  234M 1s
[5.749s]   1150K .......... .......... .......... .......... ..........  7% 15.8M 1s
[5.752s]   1200K .......... .......... .......... .......... ..........  7% 16.7M 1s
[5.752s]   1250K .......... .......... .......... .......... ..........  8%  201M 1s
[5.754s]   1300K .......... .......... .......... .......... ..........  8% 25.4M 1s
[5.756s]   1350K .......... .......... .......... .......... ..........  8% 20.1M 1s
[5.756s]   1400K .......... .......... .......... .......... ..........  9%  193M 1s
[5.759s]   1450K .......... .......... .......... .......... ..........  9% 16.6M 1s
[5.762s]   1500K .......... .......... .......... .......... ..........  9% 19.4M 1s
[5.762s]   1550K .......... .......... .......... .......... .......... 10%  176M 1s
[5.765s]   1600K .......... .......... .......... .......... .......... 10% 15.1M 1s
[5.766s]   1650K .......... .......... .......... .......... .......... 10%  234M 1s
[5.768s]   1700K .......... .......... .......... .......... .......... 11% 17.6M 1s
[5.770s]   1750K .......... .......... .......... .......... .......... 11% 24.0M 1s
[5.771s]   1800K .......... .......... .......... .......... .......... 11%  282M 1s
[5.773s]   1850K .......... .......... .......... .......... .......... 12% 25.1M 1s
[5.775s]   1900K .......... .......... .......... .......... .......... 12% 22.1M 1s
[5.775s]   1950K .......... .......... .......... .......... .......... 12%  196M 1s
[5.777s]   2000K .......... .......... .......... .......... .......... 13% 21.6M 1s
[5.779s]   2050K .......... .......... .......... .......... .......... 13% 29.1M 1s
[5.779s]   2100K .......... .......... .......... .......... .......... 13%  221M 1s
[5.782s]   2150K .......... .......... .......... .......... .......... 14% 18.3M 1s
[5.784s]   2200K .......... .......... .......... .......... .......... 14% 24.9M 1s
[5.784s]   2250K .......... .......... .......... .......... .......... 14%  235M 1s
[5.786s]   2300K .......... .......... .......... .......... .......... 15% 26.1M 1s
[5.788s]   2350K .......... .......... .......... .......... .......... 15% 26.2M 1s
[5.788s]   2400K .......... .......... .......... .......... .......... 15%  223M 1s
[5.791s]   2450K .......... .......... .......... .......... .......... 15% 14.3M 1s
[5.792s]   2500K .......... .......... .......... .......... .......... 16%  235M 1s
[5.794s]   2550K .......... .......... .......... .......... .......... 16% 25.0M 1s
[5.797s]   2600K .......... .......... .......... .......... .......... 16% 14.3M 1s
[5.800s]   2650K .......... .......... .......... .......... .......... 17% 18.8M 1s
[5.800s]   2700K .......... .......... .......... .......... .......... 17%  196M 1s
[5.803s]   2750K .......... .......... .......... .......... .......... 17% 15.0M 1s
[5.803s]   2800K .......... .......... .......... .......... .......... 18%  218M 1s
[5.807s]   2850K .......... .......... .......... .......... .......... 18% 14.7M 1s
[5.810s]   2900K .......... .......... .......... .......... .......... 18% 14.0M 1s
[5.810s]   2950K .......... .......... .......... .......... .......... 19%  172M 1s
[5.814s]   3000K .......... .......... .......... .......... .......... 19% 14.5M 1s
[5.818s]   3050K .......... .......... .......... .......... .......... 19% 12.9M 1s
[5.818s]   3100K .......... .......... .......... .......... .......... 20%  199M 1s
[5.821s]   3150K .......... .......... .......... .......... .......... 20% 14.0M 1s
[5.825s]   3200K .......... .......... .......... .......... .......... 20% 14.3M 1s
[5.825s]   3250K .......... .......... .......... .......... .......... 21%  217M 1s
[5.827s]   3300K .......... .......... .......... .......... .......... 21% 20.7M 1s
[5.830s]   3350K .......... .......... .......... .......... .......... 21% 19.9M 1s
[5.830s]   3400K .......... .......... .......... .......... .......... 22%  233M 1s
[5.833s]   3450K .......... .......... .......... .......... .......... 22% 18.2M 1s
[5.833s]   3500K .......... .......... .......... .......... .......... 22%  272M 1s
[5.836s]   3550K .......... .......... .......... .......... .......... 23% 17.5M 1s
[5.838s]   3600K .......... .......... .......... .......... .......... 23% 24.3M 1s
[5.838s]   3650K .......... .......... .......... .......... .......... 23%  234M 1s
[5.842s]   3700K .......... .......... .......... .......... .......... 23% 10.7M 1s
[5.845s]   3750K .......... .......... .......... .......... .......... 24% 17.8M 1s
[5.845s]   3800K .......... .......... .......... .......... .......... 24%  217M 1s
[5.848s]   3850K .......... .......... .......... .......... .......... 24% 20.3M 1s
[5.851s]   3900K .......... .......... .......... .......... .......... 25% 17.6M 1s
[5.851s]   3950K .......... .......... .......... .......... .......... 25%  181M 1s
[5.853s]   4000K .......... .......... .......... .......... .......... 25% 26.3M 1s
[5.856s]   4050K .......... .......... .......... .......... .......... 26% 15.2M 1s
[5.856s]   4100K .......... .......... .......... .......... .......... 26%  213M 1s
[5.858s]   4150K .......... .......... .......... .......... .......... 26% 25.7M 1s
[5.860s]   4200K .......... .......... .......... .......... .......... 27% 21.7M 1s
[5.860s]   4250K .......... .......... .......... .......... .......... 27%  200M 1s
[5.902s]   4300K .......... .......... .......... .......... .......... 27% 1.17M 1s
[5.904s]   4350K .......... .......... .......... .......... .......... 28% 23.5M 1s
[5.907s]   4400K .......... .......... .......... .......... .......... 28% 21.3M 1s
[5.907s]   4450K .......... .......... .......... .......... .......... 28%  231M 1s
[5.909s]   4500K .......... .......... .......... .......... .......... 29% 19.3M 1s
[5.910s]   4550K .......... .......... .......... .......... .......... 29%  192M 1s
[5.911s]   4600K .......... .......... .......... .......... .......... 29% 27.2M 1s
[5.912s]   4650K .......... .......... .......... .......... .......... 30%  232M 1s
[5.912s]   4700K .......... .......... .......... .......... .......... 30%  261M 1s
[5.912s]   4750K .......... .......... .......... .......... .......... 30%  210M 1s
[5.912s]   4800K .......... .......... .......... .......... .......... 31%  221M 1s
[5.912s]   4850K .......... .......... .......... .......... .......... 31%  232M 1s
[5.913s]   4900K .......... .......... .......... .......... .......... 31%  234M 1s
[5.913s]   4950K .......... .......... .......... .......... .......... 31%  233M 1s
[5.913s]   5000K .......... .......... .......... .......... .......... 32%  284M 1s
[5.913s]   5050K .......... .......... .......... .......... .......... 32%  251M 1s
[5.913s]   5100K .......... .......... .......... .......... .......... 32%  291M 1s
[5.914s]   5150K .......... .......... .......... .......... .......... 33%  252M 1s
[5.914s]   5200K .......... .......... .......... .......... .......... 33%  271M 1s
[5.914s]   5250K .......... .......... .......... .......... .......... 33%  279M 1s
[5.914s]   5300K .......... .......... .......... .......... .......... 34%  274M 1s
[5.914s]   5350K .......... .......... .......... .......... .......... 34%  235M 1s
[5.915s]   5400K .......... .......... .......... .......... .......... 34%  285M 1s
[5.915s]   5450K .......... .......... .......... .......... .......... 35%  286M 1s
[5.915s]   5500K .......... .......... .......... .......... .......... 35%  278M 1s
[5.915s]   5550K .......... .......... .......... .......... .......... 35%  257M 1s
[5.915s]   5600K .......... .......... .......... .......... .......... 36%  270M 0s
[5.915s]   5650K .......... .......... .......... .......... .......... 36%  281M 0s
[5.916s]   5700K .......... .......... .......... .......... .......... 36%  288M 0s
[5.916s]   5750K .......... .......... .......... .......... .......... 37%  242M 0s
[5.916s]   5800K .......... .......... .......... .......... .......... 37%  273M 0s
[5.916s]   5850K .......... .......... .......... .......... .......... 37%  273M 0s
[5.916s]   5900K .......... .......... .......... .......... .......... 38%  282M 0s
[5.931s]   5950K .......... .......... .......... .......... .......... 38% 3.40M 0s
[5.932s]   6000K .......... .......... .......... .......... .......... 38% 26.9M 0s
[5.934s]   6050K .......... .......... .......... .......... .......... 39% 31.1M 0s
[5.937s]   6100K .......... .......... .......... .......... .......... 39% 20.0M 0s
[5.938s]   6150K .......... .......... .......... .......... .......... 39% 31.8M 0s
[5.941s]   6200K .......... .......... .......... .......... .......... 39% 16.6M 0s
[5.941s]   6250K .......... .......... .......... .......... .......... 40%  207M 0s
[5.943s]   6300K .......... .......... .......... .......... .......... 40% 28.2M 0s
[5.946s]   6350K .......... .......... .......... .......... .......... 40% 16.9M 0s
[5.948s]   6400K .......... .......... .......... .......... .......... 41% 26.1M 0s
[5.951s]   6450K .......... .......... .......... .......... .......... 41% 17.1M 0s
[5.951s]   6500K .......... .......... .......... .......... .......... 41%  212M 0s
[5.954s]   6550K .......... .......... .......... .......... .......... 42% 13.5M 0s
[5.955s]   6600K .......... .......... .......... .......... .......... 42%  239M 0s
[5.957s]   6650K .......... .......... .......... .......... .......... 42% 18.5M 0s
[5.960s]   6700K .......... .......... .......... .......... .......... 43% 16.7M 0s
[5.960s]   6750K .......... .......... .......... .......... .......... 43%  169M 0s
[5.964s]   6800K .......... .......... .......... .......... .......... 43% 15.0M 0s
[5.966s]   6850K .......... .......... .......... .......... .......... 44% 19.9M 0s
[5.966s]   6900K .......... .......... .......... .......... .......... 44%  206M 0s
[5.970s]   6950K .......... .......... .......... .......... .......... 44% 15.3M 0s
[5.971s]   7000K .......... .......... .......... .......... .......... 45% 28.1M 0s
[5.972s]   7050K .......... .......... .......... .......... .......... 45%  248M 0s
[5.974s]   7100K .......... .......... .......... .......... .......... 45% 23.8M 0s
[5.976s]   7150K .......... .......... .......... .......... .......... 46% 17.7M 0s
[5.977s]   7200K .......... .......... .......... .......... .......... 46%  217M 0s
[5.979s]   7250K .......... .......... .......... .......... .......... 46% 18.2M 0s
[5.982s]   7300K .......... .......... .......... .......... .......... 47% 17.1M 0s
[5.982s]   7350K .......... .......... .......... .......... .......... 47%  175M 0s
[5.984s]   7400K .......... .......... .......... .......... .......... 47% 25.2M 0s
[5.987s]   7450K .......... .......... .......... .......... .......... 47% 16.0M 0s
[5.988s]   7500K .......... .......... .......... .......... .......... 48%  210M 0s
[5.991s]   7550K .......... .......... .......... .......... .......... 48% 14.1M 0s
[5.994s]   7600K .......... .......... .......... .......... .......... 48% 18.3M 0s
[5.994s]   7650K .......... .......... .......... .......... .......... 49%  205M 0s
[5.996s]   7700K .......... .......... .......... .......... .......... 49% 21.6M 0s
[5.999s]   7750K .......... .......... .......... .......... .......... 49% 17.6M 0s
[5.999s]   7800K .......... .......... .......... .......... .......... 50%  177M 0s
[6.005s]   7850K .......... .......... .......... .......... .......... 50% 9.21M 0s
[6.005s]   7900K .......... .......... .......... .......... .......... 50%  227M 0s
[6.010s]   7950K .......... .......... .......... .......... .......... 51% 10.2M 0s
[6.019s]   8000K .......... .......... .......... .......... .......... 51% 5.11M 0s
[6.019s]   8050K .......... .......... .......... .......... .......... 51%  193M 0s
[6.022s]   8100K .......... .......... .......... .......... .......... 52% 16.0M 0s
[6.027s]   8150K .......... .......... .......... .......... .......... 52% 11.8M 0s
[6.027s]   8200K .......... .......... .......... .......... .......... 52%  223M 0s
[6.030s]   8250K .......... .......... .......... .......... .......... 53% 13.2M 0s
[6.033s]   8300K .......... .......... .......... .......... .......... 53% 18.7M 0s
[6.033s]   8350K .......... .......... .......... .......... .......... 53%  204M 0s
[6.036s]   8400K .......... .......... .......... .......... .......... 54% 21.3M 0s
[6.036s]   8450K .......... .......... .......... .......... .......... 54%  223M 0s
[6.038s]   8500K .......... .......... .......... .......... .......... 54% 20.3M 0s
[6.040s]   8550K .......... .......... .......... .......... .......... 55% 22.8M 0s
[6.043s]   8600K .......... .......... .......... .......... .......... 55% 16.6M 0s
[6.044s]   8650K .......... .......... .......... .......... .......... 55%  199M 0s
[6.045s]   8700K .......... .......... .......... .......... .......... 55% 25.6M 0s
[6.046s]   8750K .......... .......... .......... .......... .......... 56%  242M 0s
[6.048s]   8800K .......... .......... .......... .......... .......... 56% 18.1M 0s
[6.051s]   8850K .......... .......... .......... .......... .......... 56% 17.8M 0s
[6.051s]   8900K .......... .......... .......... .......... .......... 57%  205M 0s
[6.053s]   8950K .......... .......... .......... .......... .......... 57% 23.7M 0s
[6.056s]   9000K .......... .......... .......... .......... .......... 57% 19.0M 0s
[6.056s]   9050K .......... .......... .......... .......... .......... 58%  218M 0s
[6.059s]   9100K .......... .......... .......... .......... .......... 58% 17.8M 0s
[6.061s]   9150K .......... .......... .......... .......... .......... 58% 20.4M 0s
[6.062s]   9200K .......... .......... .......... .......... .......... 59%  184M 0s
[6.064s]   9250K .......... .......... .......... .......... .......... 59% 17.6M 0s
[6.065s]   9300K .......... .......... .......... .......... .......... 59%  225M 0s
[6.067s]   9350K .......... .......... .......... .......... .......... 60% 18.1M 0s
[6.070s]   9400K .......... .......... .......... .......... .......... 60% 18.3M 0s
[6.075s]   9450K .......... .......... .......... .......... .......... 60% 10.5M 0s
[6.075s]   9500K .......... .......... .......... .......... .......... 61%  199M 0s
[6.078s]   9550K .......... .......... .......... .......... .......... 61% 16.8M 0s
[6.078s]   9600K .......... .......... .......... .......... .......... 61%  228M 0s
[6.081s]   9650K .......... .......... .......... .......... .......... 62% 18.8M 0s
[6.083s]   9700K .......... .......... .......... .......... .......... 62% 17.2M 0s
[6.084s]   9750K .......... .......... .......... .......... .......... 62%  184M 0s
[6.086s]   9800K .......... .......... .......... .......... .......... 63% 23.0M 0s
[6.088s]   9850K .......... .......... .......... .......... .......... 63% 18.6M 0s
[6.089s]   9900K .......... .......... .......... .......... .......... 63%  235M 0s
[6.091s]   9950K .......... .......... .......... .......... .......... 63% 19.2M 0s
[6.093s]  10000K .......... .......... .......... .......... .......... 64% 25.0M 0s
[6.093s]  10050K .......... .......... .......... .......... .......... 64%  206M 0s
[6.096s]  10100K .......... .......... .......... .......... .......... 64% 19.5M 0s
[6.099s]  10150K .......... .......... .......... .......... .......... 65% 16.0M 0s
[6.099s]  10200K .......... .......... .......... .......... .......... 65%  189M 0s
[6.101s]  10250K .......... .......... .......... .......... .......... 65% 28.5M 0s
[6.104s]  10300K .......... .......... .......... .......... .......... 66% 17.4M 0s
[6.104s]  10350K .......... .......... .......... .......... .......... 66%  166M 0s
[6.107s]  10400K .......... .......... .......... .......... .......... 66% 18.6M 0s
[6.109s]  10450K .......... .......... .......... .......... .......... 67% 21.3M 0s
[6.109s]  10500K .......... .......... .......... .......... .......... 67%  255M 0s
[6.114s]  10550K .......... .......... .......... .......... .......... 67% 10.3M 0s
[6.114s]  10600K .......... .......... .......... .......... .......... 68%  192M 0s
[6.116s]  10650K .......... .......... .......... .......... .......... 68% 29.3M 0s
[6.117s]  10700K .......... .......... .......... .......... .......... 68% 35.9M 0s
[6.117s]  10750K .......... .......... .......... .......... .......... 69%  205M 0s
[6.119s]  10800K .......... .......... .......... .......... .......... 69% 23.9M 0s
[6.122s]  10850K .......... .......... .......... .......... .......... 69% 18.7M 0s
[6.122s]  10900K .......... .......... .......... .......... .......... 70%  219M 0s
[6.125s]  10950K .......... .......... .......... .......... .......... 70% 17.6M 0s
[6.128s]  11000K .......... .......... .......... .......... .......... 70% 18.0M 0s
[6.128s]  11050K .......... .......... .......... .......... .......... 71%  229M 0s
[6.132s]  11100K .......... .......... .......... .......... .......... 71% 11.5M 0s
[6.135s]  11150K .......... .......... .......... .......... .......... 71% 16.2M 0s
[6.135s]  11200K .......... .......... .......... .......... .......... 71%  202M 0s
[6.137s]  11250K .......... .......... .......... .......... .......... 72% 26.1M 0s
[6.140s]  11300K .......... .......... .......... .......... .......... 72% 21.4M 0s
[6.140s]  11350K .......... .......... .......... .......... .......... 72%  183M 0s
[6.143s]  11400K .......... .......... .......... .......... .......... 73% 16.8M 0s
[6.147s]  11450K .......... .......... .......... .......... .......... 73% 10.7M 0s
[6.148s]  11500K .......... .......... .......... .......... .......... 73%  200M 0s
[6.149s]  11550K .......... .......... .......... .......... .......... 74% 25.2M 0s
[6.150s]  11600K .......... .......... .......... .......... .......... 74%  228M 0s
[6.152s]  11650K .......... .......... .......... .......... .......... 74% 24.9M 0s
[6.154s]  11700K .......... .......... .......... .......... .......... 75% 22.3M 0s
[6.157s]  11750K .......... .......... .......... .......... .......... 75% 18.6M 0s
[6.157s]  11800K .......... .......... .......... .......... .......... 75%  201M 0s
[6.159s]  11850K .......... .......... .......... .......... .......... 76% 23.0M 0s
[6.159s]  11900K .......... .......... .......... .......... .......... 76%  264M 0s
[6.161s]  11950K .......... .......... .......... .......... .......... 76% 20.3M 0s
[6.162s]  12000K .......... .......... .......... .......... .......... 77% 59.1M 0s
[6.165s]  12050K .......... .......... .......... .......... .......... 77% 17.7M 0s
[6.168s]  12100K .......... .......... .......... .......... .......... 77% 15.1M 0s
[6.172s]  12150K .......... .......... .......... .......... .......... 78% 14.4M 0s
[6.172s]  12200K .......... .......... .......... .......... .......... 78%  183M 0s
[6.174s]  12250K .......... .......... .......... .......... .......... 78% 19.3M 0s
[6.175s]  12300K .......... .......... .......... .......... .......... 79%  228M 0s
[6.177s]  12350K .......... .......... .......... .......... .......... 79% 21.0M 0s
[6.180s]  12400K .......... .......... .......... .......... .......... 79% 18.1M 0s
[6.180s]  12450K .......... .......... .......... .......... .......... 79%  220M 0s
[6.182s]  12500K .......... .......... .......... .......... .......... 80% 22.7M 0s
[6.187s]  12550K .......... .......... .......... .......... .......... 80% 10.7M 0s
[6.187s]  12600K .......... .......... .......... .......... .......... 80%  226M 0s
[6.190s]  12650K .......... .......... .......... .......... .......... 81% 15.5M 0s
[6.192s]  12700K .......... .......... .......... .......... .......... 81% 25.0M 0s
[6.192s]  12750K .......... .......... .......... .......... .......... 81%  216M 0s
[6.195s]  12800K .......... .......... .......... .......... .......... 82% 15.3M 0s
[6.196s]  12850K .......... .......... .......... .......... .......... 82%  231M 0s
[6.198s]  12900K .......... .......... .......... .......... .......... 82% 20.1M 0s
[6.200s]  12950K .......... .......... .......... .......... .......... 83% 22.9M 0s
[6.204s]  13000K .......... .......... .......... .......... .......... 83% 14.2M 0s
[6.204s]  13050K .......... .......... .......... .......... .......... 83%  182M 0s
[6.207s]  13100K .......... .......... .......... .......... .......... 84% 16.5M 0s
[6.207s]  13150K .......... .......... .......... .......... .......... 84%  203M 0s
[6.209s]  13200K .......... .......... .......... .......... .......... 84% 21.3M 0s
[6.212s]  13250K .......... .......... .......... .......... .......... 85% 16.3M 0s
[6.213s]  13300K .......... .......... .......... .......... .......... 85%  214M 0s
[6.216s]  13350K .......... .......... .......... .......... .......... 85% 14.9M 0s
[6.219s]  13400K .......... .......... .......... .......... .......... 86% 18.4M 0s
[6.219s]  13450K .......... .......... .......... .......... .......... 86%  195M 0s
[6.221s]  13500K .......... .......... .......... .......... .......... 86% 19.1M 0s
[6.224s]  13550K .......... .......... .......... .......... .......... 87% 19.0M 0s
[6.224s]  13600K .......... .......... .......... .......... .......... 87%  206M 0s
[6.227s]  13650K .......... .......... .......... .......... .......... 87% 19.3M 0s
[6.227s]  13700K .......... .......... .......... .......... .......... 87%  231M 0s
[6.230s]  13750K .......... .......... .......... .......... .......... 88% 15.5M 0s
[6.236s]  13800K .......... .......... .......... .......... .......... 88% 7.89M 0s
[6.236s]  13850K .......... .......... .......... .......... .......... 88%  229M 0s
[6.238s]  13900K .......... .......... .......... .......... .......... 89% 25.0M 0s
[6.240s]  13950K .......... .......... .......... .......... .......... 89% 24.8M 0s
[6.241s]  14000K .......... .......... .......... .......... .......... 89%  241M 0s
[6.243s]  14050K .......... .......... .......... .......... .......... 90% 21.2M 0s
[6.245s]  14100K .......... .......... .......... .......... .......... 90% 19.6M 0s
[6.246s]  14150K .......... .......... .......... .......... .......... 90%  183M 0s
[6.247s]  14200K .......... .......... .......... .......... .......... 91% 26.9M 0s
[6.250s]  14250K .......... .......... .......... .......... .......... 91% 19.1M 0s
[6.250s]  14300K .......... .......... .......... .......... .......... 91%  182M 0s
[6.252s]  14350K .......... .......... .......... .......... .......... 92% 26.2M 0s
[6.254s]  14400K .......... .......... .......... .......... .......... 92% 21.4M 0s
[6.255s]  14450K .......... .......... .......... .......... .......... 92%  216M 0s
[6.257s]  14500K .......... .......... .......... .......... .......... 93% 22.3M 0s
[6.260s]  14550K .......... .......... .......... .......... .......... 93% 16.6M 0s
[6.260s]  14600K .......... .......... .......... .......... .......... 93%  200M 0s
[6.262s]  14650K .......... .......... .......... .......... .......... 94% 24.9M 0s
[6.262s]  14700K .......... .......... .......... .......... .......... 94%  247M 0s
[6.265s]  14750K .......... .......... .......... .......... .......... 94% 15.2M 0s
[6.268s]  14800K .......... .......... .......... .......... .......... 95% 19.8M 0s
[6.268s]  14850K .......... .......... .......... .......... .......... 95%  212M 0s
[6.270s]  14900K .......... .......... .......... .......... .......... 95% 20.4M 0s
[6.274s]  14950K .......... .......... .......... .......... .......... 95% 14.9M 0s
[6.274s]  15000K .......... .......... .......... .......... .......... 96%  224M 0s
[6.276s]  15050K .......... .......... .......... .......... .......... 96% 21.2M 0s
[6.279s]  15100K .......... .......... .......... .......... .......... 96% 15.9M 0s
[6.280s]  15150K .......... .......... .......... .......... .......... 97%  178M 0s
[6.282s]  15200K .......... .......... .......... .......... .......... 97% 17.3M 0s
[6.283s]  15250K .......... .......... .......... .......... .......... 97%  231M 0s
[6.286s]  15300K .......... .......... .......... .......... .......... 98% 14.4M 0s
[6.289s]  15350K .......... .......... .......... .......... .......... 98% 19.2M 0s
[6.292s]  15400K .......... .......... .......... .......... .......... 98% 14.4M 0s
[6.292s]  15450K .......... .......... .......... .......... .......... 99%  192M 0s
[6.294s]  15500K .......... .......... .......... .......... .......... 99% 26.4M 0s
[6.294s]  15550K .......... .......... .......... .......... .......... 99%  238M 0s
[6.295s]  15600K .......... .......... .....                           100% 67.8M=0.7s
[6.295s] 
[6.295s] 2024-11-25 21:50:30 (23.1 MB/s) - ‘/home/jjbigdub/gitrepo/rosslam_ws3/build/multirobot_map_merge/2012-01-28-11-12-01.pgm’ saved [16000058/16000058]
[6.295s] 
[6.296s] Checking MD5 sum of /home/jjbigdub/gitrepo/rosslam_ws3/build/multirobot_map_merge/2012-01-28-11-12-01.pgm
[6.319s] /home/jjbigdub/gitrepo/rosslam_ws3/build/multirobot_map_merge/2012-01-28-11-12-01.pgm: OK
[6.322s] -- Found gtest sources under '/opt/ros/humble/src/gtest_vendor': C++ tests using 'Google Test' will be built
[6.333s] -- Added test 'cppcheck' to perform static code analysis on C / C++ code
[6.333s] -- Configured cppcheck include dirs: /home/jjbigdub/gitrepo/rosslam_ws3/src/m-explore-ros2/map_merge/include;$<BUILD_INTERFACE:/home/jjbigdub/gitrepo/rosslam_ws3/src/m-explore-ros2/map_merge/include>
[6.333s] -- Configured cppcheck exclude dirs and/or files: 
[6.334s] -- Added test 'flake8' to check Python code syntax and style conventions
[6.336s] -- Added test 'lint_cmake' to check CMake code style
[6.336s] -- Added test 'pep257' to check Python code against some of the docstring style conventions in PEP 257
[6.340s] -- Added test 'uncrustify' to check C / C++ code style
[6.340s] -- Configured uncrustify additional arguments: 
[6.341s] -- Added test 'xmllint' to check XML markup files
[6.343s] -- Configuring done
[6.418s] -- Generating done
[6.420s] -- Build files have been written to: /home/jjbigdub/gitrepo/rosslam_ws3/build/multirobot_map_merge
[6.432s] Invoked command in '/home/jjbigdub/gitrepo/rosslam_ws3/build/multirobot_map_merge' returned '0': CMAKE_PREFIX_PATH=${CMAKE_PREFIX_PATH}:/home/jjbigdub/ros2_ws/install/math1:/home/jjbigdub/urdf_ws/install/rocker_description:/opt/ros/humble /usr/bin/cmake /home/jjbigdub/gitrepo/rosslam_ws3/src/m-explore-ros2/map_merge -DCMAKE_INSTALL_PREFIX=/home/jjbigdub/gitrepo/rosslam_ws3/install/multirobot_map_merge
[6.434s] Invoking command in '/home/jjbigdub/gitrepo/rosslam_ws3/build/multirobot_map_merge': CMAKE_PREFIX_PATH=${CMAKE_PREFIX_PATH}:/home/jjbigdub/ros2_ws/install/math1:/home/jjbigdub/urdf_ws/install/rocker_description:/opt/ros/humble /usr/bin/cmake --build /home/jjbigdub/gitrepo/rosslam_ws3/build/multirobot_map_merge -- -j16 -l16
[6.484s] [ 41%] [32mBuilding CXX object gtest/CMakeFiles/gtest_main.dir/src/gtest_main.cc.o[0m
[6.484s] [ 41%] [32mBuilding CXX object CMakeFiles/combine_grids.dir/src/combine_grids/merging_pipeline.cpp.o[0m
[6.485s] [ 41%] [32mBuilding CXX object CMakeFiles/combine_grids.dir/src/combine_grids/grid_warper.cpp.o[0m
[6.485s] [ 41%] [32mBuilding CXX object CMakeFiles/combine_grids.dir/src/combine_grids/grid_compositor.cpp.o[0m
[6.485s] [ 41%] [32mBuilding CXX object gtest/CMakeFiles/gtest.dir/src/gtest-all.cc.o[0m
[7.224s] [ 50%] [32m[1mLinking CXX static library libgtest_main.a[0m
[7.289s] [ 50%] Built target gtest_main
[8.991s] [ 58%] [32m[1mLinking CXX static library libgtest.a[0m
[9.081s] [ 58%] Built target gtest
[9.644s] [ 66%] [32m[1mLinking CXX static library libcombine_grids.a[0m
[9.715s] [ 66%] Built target combine_grids
[9.736s] [ 83%] [32mBuilding CXX object CMakeFiles/test_merging_pipeline.dir/test/test_merging_pipeline.cpp.o[0m
[9.736s] [ 83%] [32mBuilding CXX object CMakeFiles/map_merge.dir/src/map_merge.cpp.o[0m
[9.956s] In file included from [01m[K/home/jjbigdub/gitrepo/rosslam_ws3/src/m-explore-ros2/map_merge/test/testing_helpers.h:7[m[K,
[9.956s]                  from [01m[K/home/jjbigdub/gitrepo/rosslam_ws3/src/m-explore-ros2/map_merge/test/test_merging_pipeline.cpp:42[m[K:
[9.956s] [01m[K/opt/ros/humble/include/tf2_geometry_msgs/tf2_geometry_msgs/tf2_geometry_msgs.h:35:2:[m[K [01;35m[Kwarning: [m[K#warning This header is obsolete, please include tf2_geometry_msgs/tf2_geometry_msgs.hpp instead [[01;35m[K]8;;https://gcc.gnu.org/onlinedocs/gcc/Warning-Options.html#index-Wcpp-Wcpp]8;;[m[K]
[9.956s]    35 | #[01;35m[Kwarning[m[K This header is obsolete, please include tf2_geometry_msgs/tf2_geometry_msgs.hpp instead
[9.957s]       |  [01;35m[K^~~~~~~[m[K
[10.674s] In file included from [01m[K/home/jjbigdub/gitrepo/rosslam_ws3/src/m-explore-ros2/map_merge/src/map_merge.cpp:44[m[K:
[10.674s] [01m[K/opt/ros/humble/include/tf2_geometry_msgs/tf2_geometry_msgs/tf2_geometry_msgs.h:35:2:[m[K [01;35m[Kwarning: [m[K#warning This header is obsolete, please include tf2_geometry_msgs/tf2_geometry_msgs.hpp instead [[01;35m[K]8;;https://gcc.gnu.org/onlinedocs/gcc/Warning-Options.html#index-Wcpp-Wcpp]8;;[m[K]
[10.674s]    35 | #[01;35m[Kwarning[m[K This header is obsolete, please include tf2_geometry_msgs/tf2_geometry_msgs.hpp instead
[10.674s]       |  [01;35m[K^~~~~~~[m[K
[13.803s] [ 91%] [32m[1mLinking CXX executable test_merging_pipeline[0m
[14.316s] [ 91%] Built target test_merging_pipeline
[20.251s] [100%] [32m[1mLinking CXX executable map_merge[0m
[21.002s] [100%] Built target map_merge
[21.013s] Invoked command in '/home/jjbigdub/gitrepo/rosslam_ws3/build/multirobot_map_merge' returned '0': CMAKE_PREFIX_PATH=${CMAKE_PREFIX_PATH}:/home/jjbigdub/ros2_ws/install/math1:/home/jjbigdub/urdf_ws/install/rocker_description:/opt/ros/humble /usr/bin/cmake --build /home/jjbigdub/gitrepo/rosslam_ws3/build/multirobot_map_merge -- -j16 -l16
[21.052s] Invoking command in '/home/jjbigdub/gitrepo/rosslam_ws3/build/multirobot_map_merge': CMAKE_PREFIX_PATH=${CMAKE_PREFIX_PATH}:/home/jjbigdub/ros2_ws/install/math1:/home/jjbigdub/urdf_ws/install/rocker_description:/opt/ros/humble /usr/bin/cmake --install /home/jjbigdub/gitrepo/rosslam_ws3/build/multirobot_map_merge
[21.059s] -- Install configuration: ""
[21.059s] -- Installing: /home/jjbigdub/gitrepo/rosslam_ws3/install/multirobot_map_merge/include/map_merge/
[21.059s] -- Installing: /home/jjbigdub/gitrepo/rosslam_ws3/install/multirobot_map_merge/include/map_merge//ros1_names.hpp
[21.059s] -- Installing: /home/jjbigdub/gitrepo/rosslam_ws3/install/multirobot_map_merge/include/map_merge//map_merge.h
[21.059s] -- Installing: /home/jjbigdub/gitrepo/rosslam_ws3/install/multirobot_map_merge/share/multirobot_map_merge/launch
[21.060s] -- Installing: /home/jjbigdub/gitrepo/rosslam_ws3/install/multirobot_map_merge/share/multirobot_map_merge/launch/map_merge.rviz
[21.060s] -- Installing: /home/jjbigdub/gitrepo/rosslam_ws3/install/multirobot_map_merge/share/multirobot_map_merge/launch/map_merge.launch.py
[21.060s] -- Installing: /home/jjbigdub/gitrepo/rosslam_ws3/install/multirobot_map_merge/share/multirobot_map_merge/launch/from_map_server.launch.py
[21.060s] -- Installing: /home/jjbigdub/gitrepo/rosslam_ws3/install/multirobot_map_merge/share/multirobot_map_merge/launch/tb3_simulation
[21.060s] -- Installing: /home/jjbigdub/gitrepo/rosslam_ws3/install/multirobot_map_merge/share/multirobot_map_merge/launch/tb3_simulation/tb3_simulation_launch.py
[21.060s] -- Installing: /home/jjbigdub/gitrepo/rosslam_ws3/install/multirobot_map_merge/share/multirobot_map_merge/launch/tb3_simulation/worlds
[21.060s] -- Installing: /home/jjbigdub/gitrepo/rosslam_ws3/install/multirobot_map_merge/share/multirobot_map_merge/launch/tb3_simulation/worlds/test1_world_only.model
[21.060s] -- Installing: /home/jjbigdub/gitrepo/rosslam_ws3/install/multirobot_map_merge/share/multirobot_map_merge/launch/tb3_simulation/worlds/test_world.world
[21.060s] -- Installing: /home/jjbigdub/gitrepo/rosslam_ws3/install/multirobot_map_merge/share/multirobot_map_merge/launch/tb3_simulation/worlds/room4
[21.060s] -- Installing: /home/jjbigdub/gitrepo/rosslam_ws3/install/multirobot_map_merge/share/multirobot_map_merge/launch/tb3_simulation/worlds/room4/world.model
[21.061s] -- Installing: /home/jjbigdub/gitrepo/rosslam_ws3/install/multirobot_map_merge/share/multirobot_map_merge/launch/tb3_simulation/worlds/room4/room4.png
[21.061s] -- Installing: /home/jjbigdub/gitrepo/rosslam_ws3/install/multirobot_map_merge/share/multirobot_map_merge/launch/tb3_simulation/worlds/room4/map
[21.061s] -- Installing: /home/jjbigdub/gitrepo/rosslam_ws3/install/multirobot_map_merge/share/multirobot_map_merge/launch/tb3_simulation/worlds/room4/map/room4.png
[21.061s] -- Installing: /home/jjbigdub/gitrepo/rosslam_ws3/install/multirobot_map_merge/share/multirobot_map_merge/launch/tb3_simulation/worlds/room4/map/room4.yaml
[21.061s] -- Installing: /home/jjbigdub/gitrepo/rosslam_ws3/install/multirobot_map_merge/share/multirobot_map_merge/launch/tb3_simulation/worlds/room4/world_dynamic.model
[21.061s] -- Installing: /home/jjbigdub/gitrepo/rosslam_ws3/install/multirobot_map_merge/share/multirobot_map_merge/launch/tb3_simulation/worlds/world_only.model
[21.062s] -- Installing: /home/jjbigdub/gitrepo/rosslam_ws3/install/multirobot_map_merge/share/multirobot_map_merge/launch/tb3_simulation/slam_toolbox.py
[21.062s] -- Installing: /home/jjbigdub/gitrepo/rosslam_ws3/install/multirobot_map_merge/share/multirobot_map_merge/launch/tb3_simulation/multi_tb3_simulation_launch.py
[21.062s] -- Installing: /home/jjbigdub/gitrepo/rosslam_ws3/install/multirobot_map_merge/share/multirobot_map_merge/launch/tb3_simulation/bringup_launch.py
[21.062s] -- Installing: /home/jjbigdub/gitrepo/rosslam_ws3/install/multirobot_map_merge/share/multirobot_map_merge/launch/tb3_simulation/models
[21.062s] -- Installing: /home/jjbigdub/gitrepo/rosslam_ws3/install/multirobot_map_merge/share/multirobot_map_merge/launch/tb3_simulation/models/dynamic_obstacle
[21.062s] -- Installing: /home/jjbigdub/gitrepo/rosslam_ws3/install/multirobot_map_merge/share/multirobot_map_merge/launch/tb3_simulation/models/dynamic_obstacle/model.sdf
[21.062s] -- Installing: /home/jjbigdub/gitrepo/rosslam_ws3/install/multirobot_map_merge/share/multirobot_map_merge/launch/tb3_simulation/models/dynamic_obstacle/model.config
[21.062s] -- Installing: /home/jjbigdub/gitrepo/rosslam_ws3/install/multirobot_map_merge/share/multirobot_map_merge/launch/tb3_simulation/models/exp_empty_rooms
[21.062s] -- Installing: /home/jjbigdub/gitrepo/rosslam_ws3/install/multirobot_map_merge/share/multirobot_map_merge/launch/tb3_simulation/models/exp_empty_rooms/model.sdf
[21.062s] -- Installing: /home/jjbigdub/gitrepo/rosslam_ws3/install/multirobot_map_merge/share/multirobot_map_merge/launch/tb3_simulation/models/exp_empty_rooms/model.config
[21.063s] -- Installing: /home/jjbigdub/gitrepo/rosslam_ws3/install/multirobot_map_merge/share/multirobot_map_merge/launch/tb3_simulation/config
[21.063s] -- Installing: /home/jjbigdub/gitrepo/rosslam_ws3/install/multirobot_map_merge/share/multirobot_map_merge/launch/tb3_simulation/config/nav2_multirobot_params_4.yaml
[21.063s] -- Installing: /home/jjbigdub/gitrepo/rosslam_ws3/install/multirobot_map_merge/share/multirobot_map_merge/launch/tb3_simulation/config/nav2_multirobot_params_3.yaml
[21.063s] -- Installing: /home/jjbigdub/gitrepo/rosslam_ws3/install/multirobot_map_merge/share/multirobot_map_merge/launch/tb3_simulation/config/nav2_multirobot_params_8.yaml
[21.063s] -- Installing: /home/jjbigdub/gitrepo/rosslam_ws3/install/multirobot_map_merge/share/multirobot_map_merge/launch/tb3_simulation/config/nav2_multirobot_params_6.yaml
[21.063s] -- Installing: /home/jjbigdub/gitrepo/rosslam_ws3/install/multirobot_map_merge/share/multirobot_map_merge/launch/tb3_simulation/config/nav2_multirobot_params_7.yaml
[21.063s] -- Installing: /home/jjbigdub/gitrepo/rosslam_ws3/install/multirobot_map_merge/share/multirobot_map_merge/launch/tb3_simulation/config/nav2_multirobot_params_2.yaml
[21.063s] -- Installing: /home/jjbigdub/gitrepo/rosslam_ws3/install/multirobot_map_merge/share/multirobot_map_merge/launch/tb3_simulation/config/nav2_multirobot_params_5.yaml
[21.063s] -- Installing: /home/jjbigdub/gitrepo/rosslam_ws3/install/multirobot_map_merge/share/multirobot_map_merge/launch/tb3_simulation/config/nav2_multirobot_params_1.yaml
[21.063s] -- Installing: /home/jjbigdub/gitrepo/rosslam_ws3/install/multirobot_map_merge/share/multirobot_map_merge/config
[21.064s] -- Installing: /home/jjbigdub/gitrepo/rosslam_ws3/install/multirobot_map_merge/share/multirobot_map_merge/config/params.yaml
[21.064s] -- Installing: /home/jjbigdub/gitrepo/rosslam_ws3/install/multirobot_map_merge/lib/libcombine_grids.a
[21.065s] -- Installing: /home/jjbigdub/gitrepo/rosslam_ws3/install/multirobot_map_merge/lib/multirobot_map_merge/map_merge
[21.074s] -- Set runtime path of "/home/jjbigdub/gitrepo/rosslam_ws3/install/multirobot_map_merge/lib/multirobot_map_merge/map_merge" to ""
[21.074s] -- Installing: /home/jjbigdub/gitrepo/rosslam_ws3/install/multirobot_map_merge/share/multirobot_map_merge/environment/library_path.sh
[21.074s] -- Installing: /home/jjbigdub/gitrepo/rosslam_ws3/install/multirobot_map_merge/share/multirobot_map_merge/environment/library_path.dsv
[21.074s] -- Installing: /home/jjbigdub/gitrepo/rosslam_ws3/install/multirobot_map_merge/share/ament_index/resource_index/package_run_dependencies/multirobot_map_merge
[21.074s] -- Installing: /home/jjbigdub/gitrepo/rosslam_ws3/install/multirobot_map_merge/share/ament_index/resource_index/parent_prefix_path/multirobot_map_merge
[21.075s] -- Installing: /home/jjbigdub/gitrepo/rosslam_ws3/install/multirobot_map_merge/share/multirobot_map_merge/environment/ament_prefix_path.sh
[21.075s] -- Installing: /home/jjbigdub/gitrepo/rosslam_ws3/install/multirobot_map_merge/share/multirobot_map_merge/environment/ament_prefix_path.dsv
[21.075s] -- Installing: /home/jjbigdub/gitrepo/rosslam_ws3/install/multirobot_map_merge/share/multirobot_map_merge/environment/path.sh
[21.075s] -- Installing: /home/jjbigdub/gitrepo/rosslam_ws3/install/multirobot_map_merge/share/multirobot_map_merge/environment/path.dsv
[21.075s] -- Installing: /home/jjbigdub/gitrepo/rosslam_ws3/install/multirobot_map_merge/share/multirobot_map_merge/local_setup.bash
[21.075s] -- Installing: /home/jjbigdub/gitrepo/rosslam_ws3/install/multirobot_map_merge/share/multirobot_map_merge/local_setup.sh
[21.075s] -- Installing: /home/jjbigdub/gitrepo/rosslam_ws3/install/multirobot_map_merge/share/multirobot_map_merge/local_setup.zsh
[21.075s] -- Installing: /home/jjbigdub/gitrepo/rosslam_ws3/install/multirobot_map_merge/share/multirobot_map_merge/local_setup.dsv
[21.076s] -- Installing: /home/jjbigdub/gitrepo/rosslam_ws3/install/multirobot_map_merge/share/multirobot_map_merge/package.dsv
[21.076s] -- Installing: /home/jjbigdub/gitrepo/rosslam_ws3/install/multirobot_map_merge/share/ament_index/resource_index/packages/multirobot_map_merge
[21.076s] -- Installing: /home/jjbigdub/gitrepo/rosslam_ws3/install/multirobot_map_merge/share/multirobot_map_merge/cmake/ament_cmake_export_include_directories-extras.cmake
[21.076s] -- Installing: /home/jjbigdub/gitrepo/rosslam_ws3/install/multirobot_map_merge/share/multirobot_map_merge/cmake/ament_cmake_export_libraries-extras.cmake
[21.076s] -- Installing: /home/jjbigdub/gitrepo/rosslam_ws3/install/multirobot_map_merge/share/multirobot_map_merge/cmake/multirobot_map_mergeConfig.cmake
[21.076s] -- Installing: /home/jjbigdub/gitrepo/rosslam_ws3/install/multirobot_map_merge/share/multirobot_map_merge/cmake/multirobot_map_mergeConfig-version.cmake
[21.077s] -- Installing: /home/jjbigdub/gitrepo/rosslam_ws3/install/multirobot_map_merge/share/multirobot_map_merge/package.xml
[21.078s] Invoked command in '/home/jjbigdub/gitrepo/rosslam_ws3/build/multirobot_map_merge' returned '0': CMAKE_PREFIX_PATH=${CMAKE_PREFIX_PATH}:/home/jjbigdub/ros2_ws/install/math1:/home/jjbigdub/urdf_ws/install/rocker_description:/opt/ros/humble /usr/bin/cmake --install /home/jjbigdub/gitrepo/rosslam_ws3/build/multirobot_map_merge
