[0.045s] Invoking command in '/home/joel-bansal/bharat_ws/build/openslam_gmapping': CMAKE_PREFIX_PATH=${CMAKE_PREFIX_PATH}:/opt/ros/humble /usr/bin/cmake /home/joel-bansal/bharat_ws/src/slam_gmapping/openslam_gmapping -DCMAKE_INSTALL_PREFIX=/home/joel-bansal/bharat_ws/install/openslam_gmapping
[0.830s] -- The C compiler identification is GNU 11.4.0
[1.107s] -- The CXX compiler identification is GNU 11.4.0
[1.172s] -- Detecting C compiler ABI info
[1.446s] -- Detecting C compiler ABI info - done
[1.472s] -- Check for working C compiler: /usr/bin/cc - skipped
[1.474s] -- Detecting C compile features
[1.475s] -- Detecting C compile features - done
[1.490s] -- Detecting CXX compiler ABI info
[1.848s] -- Detecting CXX compiler ABI info - done
[1.903s] -- Check for working CXX compiler: /usr/bin/c++ - skipped
[1.904s] -- Detecting CXX compile features
[1.910s] -- Detecting CXX compile features - done
[1.929s] -- Found ament_cmake: 1.3.10 (/opt/ros/humble/share/ament_cmake/cmake)
[2.440s] -- Found Python3: /usr/bin/python3 (found version "3.10.12") found components: Interpreter 
[2.998s] -- Configuring done
[3.061s] -- Generating done
[3.070s] -- Build files have been written to: /home/joel-bansal/bharat_ws/build/openslam_gmapping
[3.085s] Invoked command in '/home/joel-bansal/bharat_ws/build/openslam_gmapping' returned '0': CMAKE_PREFIX_PATH=${CMAKE_PREFIX_PATH}:/opt/ros/humble /usr/bin/cmake /home/joel-bansal/bharat_ws/src/slam_gmapping/openslam_gmapping -DCMAKE_INSTALL_PREFIX=/home/joel-bansal/bharat_ws/install/openslam_gmapping
[3.089s] Invoking command in '/home/joel-bansal/bharat_ws/build/openslam_gmapping': CMAKE_PREFIX_PATH=${CMAKE_PREFIX_PATH}:/opt/ros/humble /usr/bin/cmake --build /home/joel-bansal/bharat_ws/build/openslam_gmapping -- -j4 -l4
[3.236s] [  4%] [32mBuilding CXX object utils/CMakeFiles/utils.dir/stat.cpp.o[0m
[3.264s] [  9%] [32mBuilding CXX object utils/CMakeFiles/utils.dir/movement.cpp.o[0m
[3.319s] [ 18%] [32mBuilding CXX object sensor/sensor_base/CMakeFiles/sensor_base.dir/sensorreading.cpp.o[0m
[3.320s] [ 13%] [32mBuilding CXX object sensor/sensor_base/CMakeFiles/sensor_base.dir/sensor.cpp.o[0m
[5.002s] [ 22%] [32m[1mLinking CXX static library libsensor_base.a[0m
[5.230s] [ 27%] [32m[1mLinking CXX static library libutils.a[0m
[5.529s] [ 27%] Built target sensor_base
[5.645s] [ 31%] [32mBuilding CXX object sensor/sensor_range/CMakeFiles/sensor_range.dir/rangereading.cpp.o[0m
[5.676s] [ 36%] [32mBuilding CXX object sensor/sensor_range/CMakeFiles/sensor_range.dir/rangesensor.cpp.o[0m
[5.700s] [ 40%] [32mBuilding CXX object sensor/sensor_odometry/CMakeFiles/sensor_odometry.dir/odometryreading.cpp.o[0m
[5.713s] [ 40%] Built target utils
[5.789s] [ 45%] [32mBuilding CXX object sensor/sensor_odometry/CMakeFiles/sensor_odometry.dir/odometrysensor.cpp.o[0m
[7.901s] [ 50%] [32m[1mLinking CXX static library libsensor_odometry.a[0m
[8.085s] [ 50%] Built target sensor_odometry
[8.587s] [ 54%] [32m[1mLinking CXX static library libsensor_range.a[0m
[8.696s] [ 54%] Built target sensor_range
[8.772s] [ 59%] [32mBuilding CXX object scanmatcher/CMakeFiles/scanmatcher.dir/eig3.cpp.o[0m
[8.788s] [ 63%] [32mBuilding CXX object scanmatcher/CMakeFiles/scanmatcher.dir/scanmatcherprocessor.cpp.o[0m
[8.819s] [ 68%] [32mBuilding CXX object scanmatcher/CMakeFiles/scanmatcher.dir/smmap.cpp.o[0m
[8.829s] [ 72%] [32mBuilding CXX object scanmatcher/CMakeFiles/scanmatcher.dir/scanmatcher.cpp.o[0m
[15.291s] [ 77%] [32m[1mLinking CXX static library libscanmatcher.a[0m
[15.483s] [ 77%] Built target scanmatcher
[15.601s] [ 86%] [32mBuilding CXX object gridfastslam/CMakeFiles/gridfastslam.dir/gridslamprocessor.cpp.o[0m
[15.603s] [ 81%] [32mBuilding CXX object gridfastslam/CMakeFiles/gridfastslam.dir/gridslamprocessor_tree.cpp.o[0m
[15.624s] [ 90%] [32mBuilding CXX object gridfastslam/CMakeFiles/gridfastslam.dir/gfsreader.cpp.o[0m
[15.630s] [ 95%] [32mBuilding CXX object gridfastslam/CMakeFiles/gridfastslam.dir/motionmodel.cpp.o[0m
[23.251s] [100%] [32m[1mLinking CXX static library libgridfastslam.a[0m
[23.363s] [100%] Built target gridfastslam
[23.434s] Invoked command in '/home/joel-bansal/bharat_ws/build/openslam_gmapping' returned '0': CMAKE_PREFIX_PATH=${CMAKE_PREFIX_PATH}:/opt/ros/humble /usr/bin/cmake --build /home/joel-bansal/bharat_ws/build/openslam_gmapping -- -j4 -l4
[23.636s] Invoking command in '/home/joel-bansal/bharat_ws/build/openslam_gmapping': CMAKE_PREFIX_PATH=${CMAKE_PREFIX_PATH}:/opt/ros/humble /usr/bin/cmake --install /home/joel-bansal/bharat_ws/build/openslam_gmapping
[23.676s] -- Install configuration: ""
[23.677s] -- Installing: /home/joel-bansal/bharat_ws/install/openslam_gmapping/share/openslam_gmapping/environment/library_path.sh
[23.678s] -- Installing: /home/joel-bansal/bharat_ws/install/openslam_gmapping/share/openslam_gmapping/environment/library_path.dsv
[23.683s] -- Installing: /home/joel-bansal/bharat_ws/install/openslam_gmapping/include/
[23.683s] -- Installing: /home/joel-bansal/bharat_ws/install/openslam_gmapping/include//gmapping
[23.683s] -- Installing: /home/joel-bansal/bharat_ws/install/openslam_gmapping/include//gmapping/grid
[23.684s] -- Installing: /home/joel-bansal/bharat_ws/install/openslam_gmapping/include//gmapping/grid/array2d.h
[23.684s] -- Installing: /home/joel-bansal/bharat_ws/install/openslam_gmapping/include//gmapping/grid/harray2d.h
[23.684s] -- Installing: /home/joel-bansal/bharat_ws/install/openslam_gmapping/include//gmapping/grid/accessstate.h
[23.684s] -- Installing: /home/joel-bansal/bharat_ws/install/openslam_gmapping/include//gmapping/grid/map.h
[23.685s] -- Installing: /home/joel-bansal/bharat_ws/install/openslam_gmapping/include//gmapping/gridfastslam
[23.685s] -- Installing: /home/joel-bansal/bharat_ws/install/openslam_gmapping/include//gmapping/gridfastslam/gridslamprocessor.h
[23.688s] -- Installing: /home/joel-bansal/bharat_ws/install/openslam_gmapping/include//gmapping/gridfastslam/motionmodel.h
[23.689s] -- Installing: /home/joel-bansal/bharat_ws/install/openslam_gmapping/include//gmapping/gridfastslam/gridslamprocessor.hxx
[23.689s] -- Installing: /home/joel-bansal/bharat_ws/install/openslam_gmapping/include//gmapping/log
[23.689s] -- Installing: /home/joel-bansal/bharat_ws/install/openslam_gmapping/include//gmapping/log/sensorlog.h
[23.690s] -- Installing: /home/joel-bansal/bharat_ws/install/openslam_gmapping/include//gmapping/log/configuration.h
[23.690s] -- Installing: /home/joel-bansal/bharat_ws/install/openslam_gmapping/include//gmapping/particlefilter
[23.690s] -- Installing: /home/joel-bansal/bharat_ws/install/openslam_gmapping/include//gmapping/particlefilter/particlefilter.h
[23.690s] -- Installing: /home/joel-bansal/bharat_ws/install/openslam_gmapping/include//gmapping/scanmatcher
[23.691s] -- Installing: /home/joel-bansal/bharat_ws/install/openslam_gmapping/include//gmapping/scanmatcher/scanmatcher.h
[23.691s] -- Installing: /home/joel-bansal/bharat_ws/install/openslam_gmapping/include//gmapping/scanmatcher/smmap.h
[23.694s] -- Installing: /home/joel-bansal/bharat_ws/install/openslam_gmapping/include//gmapping/scanmatcher/icp.h
[23.695s] -- Installing: /home/joel-bansal/bharat_ws/install/openslam_gmapping/include//gmapping/sensor
[23.695s] -- Installing: /home/joel-bansal/bharat_ws/install/openslam_gmapping/include//gmapping/sensor/sensor_base
[23.695s] -- Installing: /home/joel-bansal/bharat_ws/install/openslam_gmapping/include//gmapping/sensor/sensor_base/sensorreading.h
[23.696s] -- Installing: /home/joel-bansal/bharat_ws/install/openslam_gmapping/include//gmapping/sensor/sensor_base/sensor.h
[23.696s] -- Installing: /home/joel-bansal/bharat_ws/install/openslam_gmapping/include//gmapping/sensor/sensor_odometry
[23.696s] -- Installing: /home/joel-bansal/bharat_ws/install/openslam_gmapping/include//gmapping/sensor/sensor_odometry/odometrysensor.h
[23.696s] -- Installing: /home/joel-bansal/bharat_ws/install/openslam_gmapping/include//gmapping/sensor/sensor_odometry/odometryreading.h
[23.697s] -- Installing: /home/joel-bansal/bharat_ws/install/openslam_gmapping/include//gmapping/sensor/sensor_range
[23.697s] -- Installing: /home/joel-bansal/bharat_ws/install/openslam_gmapping/include//gmapping/sensor/sensor_range/rangereading.h
[23.698s] -- Installing: /home/joel-bansal/bharat_ws/install/openslam_gmapping/include//gmapping/sensor/sensor_range/rangesensor.h
[23.698s] -- Installing: /home/joel-bansal/bharat_ws/install/openslam_gmapping/include//gmapping/utils
[23.698s] -- Installing: /home/joel-bansal/bharat_ws/install/openslam_gmapping/include//gmapping/utils/autoptr.h
[23.700s] -- Installing: /home/joel-bansal/bharat_ws/install/openslam_gmapping/include//gmapping/utils/point.h
[23.700s] -- Installing: /home/joel-bansal/bharat_ws/install/openslam_gmapping/include//gmapping/utils/commandline.h
[23.700s] -- Installing: /home/joel-bansal/bharat_ws/install/openslam_gmapping/include//gmapping/utils/macro_params.h
[23.704s] -- Installing: /home/joel-bansal/bharat_ws/install/openslam_gmapping/include//gmapping/utils/gvalues.h
[23.704s] -- Installing: /home/joel-bansal/bharat_ws/install/openslam_gmapping/include//gmapping/utils/stat.h
[23.705s] -- Installing: /home/joel-bansal/bharat_ws/install/openslam_gmapping/share/ament_index/resource_index/package_run_dependencies/openslam_gmapping
[23.705s] -- Installing: /home/joel-bansal/bharat_ws/install/openslam_gmapping/share/ament_index/resource_index/parent_prefix_path/openslam_gmapping
[23.706s] -- Installing: /home/joel-bansal/bharat_ws/install/openslam_gmapping/share/openslam_gmapping/environment/ament_prefix_path.sh
[23.706s] -- Installing: /home/joel-bansal/bharat_ws/install/openslam_gmapping/share/openslam_gmapping/environment/ament_prefix_path.dsv
[23.710s] -- Installing: /home/joel-bansal/bharat_ws/install/openslam_gmapping/share/openslam_gmapping/environment/path.sh
[23.710s] -- Installing: /home/joel-bansal/bharat_ws/install/openslam_gmapping/share/openslam_gmapping/environment/path.dsv
[23.712s] -- Installing: /home/joel-bansal/bharat_ws/install/openslam_gmapping/share/openslam_gmapping/local_setup.bash
[23.713s] -- Installing: /home/joel-bansal/bharat_ws/install/openslam_gmapping/share/openslam_gmapping/local_setup.sh
[23.713s] -- Installing: /home/joel-bansal/bharat_ws/install/openslam_gmapping/share/openslam_gmapping/local_setup.zsh
[23.713s] -- Installing: /home/joel-bansal/bharat_ws/install/openslam_gmapping/share/openslam_gmapping/local_setup.dsv
[23.715s] -- Installing: /home/joel-bansal/bharat_ws/install/openslam_gmapping/share/openslam_gmapping/package.dsv
[23.716s] -- Installing: /home/joel-bansal/bharat_ws/install/openslam_gmapping/share/ament_index/resource_index/packages/openslam_gmapping
[23.716s] -- Installing: /home/joel-bansal/bharat_ws/install/openslam_gmapping/share/openslam_gmapping/cmake/ament_cmake_export_libraries-extras.cmake
[23.717s] -- Installing: /home/joel-bansal/bharat_ws/install/openslam_gmapping/share/openslam_gmapping/cmake/ament_cmake_export_include_directories-extras.cmake
[23.718s] -- Installing: /home/joel-bansal/bharat_ws/install/openslam_gmapping/share/openslam_gmapping/cmake/openslam_gmappingConfig.cmake
[23.720s] -- Installing: /home/joel-bansal/bharat_ws/install/openslam_gmapping/share/openslam_gmapping/cmake/openslam_gmappingConfig-version.cmake
[23.721s] -- Installing: /home/joel-bansal/bharat_ws/install/openslam_gmapping/share/openslam_gmapping/package.xml
[23.723s] -- Installing: /home/joel-bansal/bharat_ws/install/openslam_gmapping/lib/libgridfastslam.a
[23.727s] -- Installing: /home/joel-bansal/bharat_ws/install/openslam_gmapping/lib/libscanmatcher.a
[23.731s] -- Up-to-date: /home/joel-bansal/bharat_ws/install/openslam_gmapping/share/openslam_gmapping/environment/library_path.sh
[23.732s] -- Up-to-date: /home/joel-bansal/bharat_ws/install/openslam_gmapping/share/openslam_gmapping/environment/library_path.dsv
[23.732s] -- Installing: /home/joel-bansal/bharat_ws/install/openslam_gmapping/lib/libsensor_base.a
[23.733s] -- Up-to-date: /home/joel-bansal/bharat_ws/install/openslam_gmapping/share/openslam_gmapping/environment/library_path.sh
[23.733s] -- Up-to-date: /home/joel-bansal/bharat_ws/install/openslam_gmapping/share/openslam_gmapping/environment/library_path.dsv
[23.735s] -- Installing: /home/joel-bansal/bharat_ws/install/openslam_gmapping/lib/libsensor_odometry.a
[23.735s] -- Installing: /home/joel-bansal/bharat_ws/install/openslam_gmapping/lib/libsensor_range.a
[23.738s] -- Installing: /home/joel-bansal/bharat_ws/install/openslam_gmapping/lib/libutils.a
[23.743s] -- Up-to-date: /home/joel-bansal/bharat_ws/install/openslam_gmapping/share/openslam_gmapping/environment/library_path.sh
[23.743s] -- Up-to-date: /home/joel-bansal/bharat_ws/install/openslam_gmapping/share/openslam_gmapping/environment/library_path.dsv
[23.747s] Invoked command in '/home/joel-bansal/bharat_ws/build/openslam_gmapping' returned '0': CMAKE_PREFIX_PATH=${CMAKE_PREFIX_PATH}:/opt/ros/humble /usr/bin/cmake --install /home/joel-bansal/bharat_ws/build/openslam_gmapping
