[0.015s] Invoking command in '/home/jjbigdub/gitrepo/bharatforge-iitk/sim/rosslam_multi/build/multirobot_map_merge': CMAKE_PREFIX_PATH=${CMAKE_PREFIX_PATH}:/home/jjbigdub/ros2_ws/install/math1:/home/jjbigdub/urdf_ws/install/rocker_description:/opt/ros/humble /usr/bin/cmake --build /home/jjbigdub/gitrepo/bharatforge-iitk/sim/rosslam_multi/build/multirobot_map_merge -- -j16 -l16
[0.023s] [0mCMake Error: The current CMakeCache.txt directory /home/jjbigdub/gitrepo/bharatforge-iitk/sim/rosslam_multi/build/multirobot_map_merge/CMakeCache.txt is different than the directory /home/jjbigdub/gitrepo/rosslam_ws3/build/multirobot_map_merge where CMakeCache.txt was created. This may result in binaries being created in the wrong place. If you are not sure, reedit the CMakeCache.txt[0m
[0.041s] -- Found ament_cmake: 1.3.10 (/opt/ros/humble/share/ament_cmake/cmake)
[0.152s] -- Found rclcpp: 16.0.10 (/opt/ros/humble/share/rclcpp/cmake)
[0.176s] -- Found rosidl_generator_c: 3.1.5 (/opt/ros/humble/share/rosidl_generator_c/cmake)
[0.178s] -- Found rosidl_adapter: 3.1.5 (/opt/ros/humble/share/rosidl_adapter/cmake)
[0.182s] -- Found rosidl_generator_cpp: 3.1.5 (/opt/ros/humble/share/rosidl_generator_cpp/cmake)
[0.190s] -- Using all available rosidl_typesupport_c: rosidl_typesupport_fastrtps_c;rosidl_typesupport_introspection_c
[0.199s] -- Using all available rosidl_typesupport_cpp: rosidl_typesupport_fastrtps_cpp;rosidl_typesupport_introspection_cpp
[0.223s] -- Found rmw_implementation_cmake: 6.1.2 (/opt/ros/humble/share/rmw_implementation_cmake/cmake)
[0.225s] -- Found rmw_fastrtps_cpp: 6.2.7 (/opt/ros/humble/share/rmw_fastrtps_cpp/cmake)
[0.334s] -- Using RMW implementation 'rmw_fastrtps_cpp' as default
[0.370s] -- Found geometry_msgs: 4.2.4 (/opt/ros/humble/share/geometry_msgs/cmake)
[0.379s] -- Found image_geometry: 3.2.1 (/opt/ros/humble/share/image_geometry/cmake)
[0.399s] -- Found map_msgs: 2.1.0 (/opt/ros/humble/share/map_msgs/cmake)
[0.427s] -- Found tf2_geometry_msgs: 0.25.8 (/opt/ros/humble/share/tf2_geometry_msgs/cmake)
[0.429s] -- Found eigen3_cmake_module: 0.1.1 (/opt/ros/humble/share/eigen3_cmake_module/cmake)
[0.430s] -- Ensuring Eigen3 include directory is part of orocos-kdl CMake target
[0.513s] -- Found ament_lint_auto: 0.12.11 (/opt/ros/humble/share/ament_lint_auto/cmake)
[0.582s] -- Found ament_cmake_gtest: 1.3.10 (/opt/ros/humble/share/ament_cmake_gtest/cmake)
[0.585s] Checking MD5 sum of /home/jjbigdub/gitrepo/rosslam_ws3/build/multirobot_map_merge/map00.pgm
[0.593s] /home/jjbigdub/gitrepo/rosslam_ws3/build/multirobot_map_merge/map00.pgm: OK
[0.596s] Checking MD5 sum of /home/jjbigdub/gitrepo/rosslam_ws3/build/multirobot_map_merge/map05.pgm
[0.603s] /home/jjbigdub/gitrepo/rosslam_ws3/build/multirobot_map_merge/map05.pgm: OK
[0.606s] Checking MD5 sum of /home/jjbigdub/gitrepo/rosslam_ws3/build/multirobot_map_merge/2011-08-09-12-22-52.pgm
[0.630s] /home/jjbigdub/gitrepo/rosslam_ws3/build/multirobot_map_merge/2011-08-09-12-22-52.pgm: OK
[0.634s] Checking MD5 sum of /home/jjbigdub/gitrepo/rosslam_ws3/build/multirobot_map_merge/2012-01-28-11-12-01.pgm
[0.657s] /home/jjbigdub/gitrepo/rosslam_ws3/build/multirobot_map_merge/2012-01-28-11-12-01.pgm: OK
[0.658s] -- Found gtest sources under '/opt/ros/humble/src/gtest_vendor': C++ tests using 'Google Test' will be built
[0.669s] -- Added test 'cppcheck' to perform static code analysis on C / C++ code
[0.669s] -- Configured cppcheck include dirs: /home/jjbigdub/gitrepo/rosslam_ws3/src/m-explore-ros2/map_merge/include;$<BUILD_INTERFACE:/home/jjbigdub/gitrepo/rosslam_ws3/src/m-explore-ros2/map_merge/include>
[0.669s] -- Configured cppcheck exclude dirs and/or files: 
[0.670s] -- Added test 'flake8' to check Python code syntax and style conventions
[0.671s] -- Added test 'lint_cmake' to check CMake code style
[0.671s] -- Added test 'pep257' to check Python code against some of the docstring style conventions in PEP 257
[0.674s] -- Added test 'uncrustify' to check C / C++ code style
[0.674s] -- Configured uncrustify additional arguments: 
[0.675s] -- Added test 'xmllint' to check XML markup files
[0.676s] -- Configuring done
[0.751s] -- Generating done
[0.754s] -- Build files have been written to: /home/jjbigdub/gitrepo/rosslam_ws3/build/multirobot_map_merge
[0.790s] [35m[1mConsolidate compiler generated dependencies of target gtest_main[0m
[0.790s] [35m[1mConsolidate compiler generated dependencies of target gtest[0m
[0.790s] [35m[1mConsolidate compiler generated dependencies of target combine_grids[0m
[0.805s] [ 33%] Built target gtest_main
[0.805s] [ 33%] Built target gtest
[0.809s] [ 66%] Built target combine_grids
[0.825s] [35m[1mConsolidate compiler generated dependencies of target test_merging_pipeline[0m
[0.825s] [35m[1mConsolidate compiler generated dependencies of target map_merge[0m
[0.844s] [ 83%] Built target test_merging_pipeline
[0.851s] [100%] Built target map_merge
[0.863s] Invoked command in '/home/jjbigdub/gitrepo/bharatforge-iitk/sim/rosslam_multi/build/multirobot_map_merge' returned '0': CMAKE_PREFIX_PATH=${CMAKE_PREFIX_PATH}:/home/jjbigdub/ros2_ws/install/math1:/home/jjbigdub/urdf_ws/install/rocker_description:/opt/ros/humble /usr/bin/cmake --build /home/jjbigdub/gitrepo/bharatforge-iitk/sim/rosslam_multi/build/multirobot_map_merge -- -j16 -l16
[0.919s] Invoking command in '/home/jjbigdub/gitrepo/bharatforge-iitk/sim/rosslam_multi/build/multirobot_map_merge': CMAKE_PREFIX_PATH=${CMAKE_PREFIX_PATH}:/home/jjbigdub/ros2_ws/install/math1:/home/jjbigdub/urdf_ws/install/rocker_description:/opt/ros/humble /usr/bin/cmake --install /home/jjbigdub/gitrepo/bharatforge-iitk/sim/rosslam_multi/build/multirobot_map_merge
[0.928s] -- Install configuration: ""
[0.928s] -- Up-to-date: /home/jjbigdub/gitrepo/rosslam_ws3/install/multirobot_map_merge/include/map_merge/
[0.928s] -- Up-to-date: /home/jjbigdub/gitrepo/rosslam_ws3/install/multirobot_map_merge/include/map_merge//ros1_names.hpp
[0.928s] -- Up-to-date: /home/jjbigdub/gitrepo/rosslam_ws3/install/multirobot_map_merge/include/map_merge//map_merge.h
[0.928s] -- Up-to-date: /home/jjbigdub/gitrepo/rosslam_ws3/install/multirobot_map_merge/share/multirobot_map_merge/launch
[0.928s] -- Up-to-date: /home/jjbigdub/gitrepo/rosslam_ws3/install/multirobot_map_merge/share/multirobot_map_merge/launch/map_merge.rviz
[0.928s] -- Up-to-date: /home/jjbigdub/gitrepo/rosslam_ws3/install/multirobot_map_merge/share/multirobot_map_merge/launch/map_merge.launch.py
[0.929s] -- Up-to-date: /home/jjbigdub/gitrepo/rosslam_ws3/install/multirobot_map_merge/share/multirobot_map_merge/launch/from_map_server.launch.py
[0.929s] -- Up-to-date: /home/jjbigdub/gitrepo/rosslam_ws3/install/multirobot_map_merge/share/multirobot_map_merge/launch/tb3_simulation
[0.929s] -- Up-to-date: /home/jjbigdub/gitrepo/rosslam_ws3/install/multirobot_map_merge/share/multirobot_map_merge/launch/tb3_simulation/tb3_simulation_launch.py
[0.929s] -- Up-to-date: /home/jjbigdub/gitrepo/rosslam_ws3/install/multirobot_map_merge/share/multirobot_map_merge/launch/tb3_simulation/worlds
[0.929s] -- Up-to-date: /home/jjbigdub/gitrepo/rosslam_ws3/install/multirobot_map_merge/share/multirobot_map_merge/launch/tb3_simulation/worlds/test1_world_only.model
[0.929s] -- Up-to-date: /home/jjbigdub/gitrepo/rosslam_ws3/install/multirobot_map_merge/share/multirobot_map_merge/launch/tb3_simulation/worlds/test_world.world
[0.929s] -- Up-to-date: /home/jjbigdub/gitrepo/rosslam_ws3/install/multirobot_map_merge/share/multirobot_map_merge/launch/tb3_simulation/worlds/room4
[0.929s] -- Up-to-date: /home/jjbigdub/gitrepo/rosslam_ws3/install/multirobot_map_merge/share/multirobot_map_merge/launch/tb3_simulation/worlds/room4/world.model
[0.929s] -- Up-to-date: /home/jjbigdub/gitrepo/rosslam_ws3/install/multirobot_map_merge/share/multirobot_map_merge/launch/tb3_simulation/worlds/room4/room4.png
[0.930s] -- Up-to-date: /home/jjbigdub/gitrepo/rosslam_ws3/install/multirobot_map_merge/share/multirobot_map_merge/launch/tb3_simulation/worlds/room4/map
[0.930s] -- Up-to-date: /home/jjbigdub/gitrepo/rosslam_ws3/install/multirobot_map_merge/share/multirobot_map_merge/launch/tb3_simulation/worlds/room4/map/room4.png
[0.930s] -- Up-to-date: /home/jjbigdub/gitrepo/rosslam_ws3/install/multirobot_map_merge/share/multirobot_map_merge/launch/tb3_simulation/worlds/room4/map/room4.yaml
[0.930s] -- Up-to-date: /home/jjbigdub/gitrepo/rosslam_ws3/install/multirobot_map_merge/share/multirobot_map_merge/launch/tb3_simulation/worlds/room4/world_dynamic.model
[0.930s] -- Up-to-date: /home/jjbigdub/gitrepo/rosslam_ws3/install/multirobot_map_merge/share/multirobot_map_merge/launch/tb3_simulation/worlds/world_only.model
[0.931s] -- Up-to-date: /home/jjbigdub/gitrepo/rosslam_ws3/install/multirobot_map_merge/share/multirobot_map_merge/launch/tb3_simulation/slam_toolbox.py
[0.931s] -- Up-to-date: /home/jjbigdub/gitrepo/rosslam_ws3/install/multirobot_map_merge/share/multirobot_map_merge/launch/tb3_simulation/multi_tb3_simulation_launch.py
[0.931s] -- Up-to-date: /home/jjbigdub/gitrepo/rosslam_ws3/install/multirobot_map_merge/share/multirobot_map_merge/launch/tb3_simulation/bringup_launch.py
[0.931s] -- Up-to-date: /home/jjbigdub/gitrepo/rosslam_ws3/install/multirobot_map_merge/share/multirobot_map_merge/launch/tb3_simulation/models
[0.931s] -- Up-to-date: /home/jjbigdub/gitrepo/rosslam_ws3/install/multirobot_map_merge/share/multirobot_map_merge/launch/tb3_simulation/models/dynamic_obstacle
[0.932s] -- Up-to-date: /home/jjbigdub/gitrepo/rosslam_ws3/install/multirobot_map_merge/share/multirobot_map_merge/launch/tb3_simulation/models/dynamic_obstacle/model.sdf
[0.932s] -- Up-to-date: /home/jjbigdub/gitrepo/rosslam_ws3/install/multirobot_map_merge/share/multirobot_map_merge/launch/tb3_simulation/models/dynamic_obstacle/model.config
[0.932s] -- Up-to-date: /home/jjbigdub/gitrepo/rosslam_ws3/install/multirobot_map_merge/share/multirobot_map_merge/launch/tb3_simulation/models/exp_empty_rooms
[0.932s] -- Up-to-date: /home/jjbigdub/gitrepo/rosslam_ws3/install/multirobot_map_merge/share/multirobot_map_merge/launch/tb3_simulation/models/exp_empty_rooms/model.sdf
[0.932s] -- Up-to-date: /home/jjbigdub/gitrepo/rosslam_ws3/install/multirobot_map_merge/share/multirobot_map_merge/launch/tb3_simulation/models/exp_empty_rooms/model.config
[0.932s] -- Up-to-date: /home/jjbigdub/gitrepo/rosslam_ws3/install/multirobot_map_merge/share/multirobot_map_merge/launch/tb3_simulation/config
[0.932s] -- Up-to-date: /home/jjbigdub/gitrepo/rosslam_ws3/install/multirobot_map_merge/share/multirobot_map_merge/launch/tb3_simulation/config/nav2_multirobot_params_4.yaml
[0.932s] -- Up-to-date: /home/jjbigdub/gitrepo/rosslam_ws3/install/multirobot_map_merge/share/multirobot_map_merge/launch/tb3_simulation/config/nav2_multirobot_params_3.yaml
[0.932s] -- Up-to-date: /home/jjbigdub/gitrepo/rosslam_ws3/install/multirobot_map_merge/share/multirobot_map_merge/launch/tb3_simulation/config/nav2_multirobot_params_8.yaml
[0.932s] -- Up-to-date: /home/jjbigdub/gitrepo/rosslam_ws3/install/multirobot_map_merge/share/multirobot_map_merge/launch/tb3_simulation/config/nav2_multirobot_params_6.yaml
[0.932s] -- Up-to-date: /home/jjbigdub/gitrepo/rosslam_ws3/install/multirobot_map_merge/share/multirobot_map_merge/launch/tb3_simulation/config/nav2_multirobot_params_7.yaml
[0.933s] -- Up-to-date: /home/jjbigdub/gitrepo/rosslam_ws3/install/multirobot_map_merge/share/multirobot_map_merge/launch/tb3_simulation/config/nav2_multirobot_params_2.yaml
[0.933s] -- Up-to-date: /home/jjbigdub/gitrepo/rosslam_ws3/install/multirobot_map_merge/share/multirobot_map_merge/launch/tb3_simulation/config/nav2_multirobot_params_5.yaml
[0.933s] -- Up-to-date: /home/jjbigdub/gitrepo/rosslam_ws3/install/multirobot_map_merge/share/multirobot_map_merge/launch/tb3_simulation/config/nav2_multirobot_params_1.yaml
[0.933s] -- Up-to-date: /home/jjbigdub/gitrepo/rosslam_ws3/install/multirobot_map_merge/share/multirobot_map_merge/config
[0.933s] -- Up-to-date: /home/jjbigdub/gitrepo/rosslam_ws3/install/multirobot_map_merge/share/multirobot_map_merge/config/params.yaml
[0.933s] -- Up-to-date: /home/jjbigdub/gitrepo/rosslam_ws3/install/multirobot_map_merge/lib/libcombine_grids.a
[0.933s] -- Up-to-date: /home/jjbigdub/gitrepo/rosslam_ws3/install/multirobot_map_merge/lib/multirobot_map_merge/map_merge
[0.933s] -- Up-to-date: /home/jjbigdub/gitrepo/rosslam_ws3/install/multirobot_map_merge/share/multirobot_map_merge/environment/library_path.sh
[0.933s] -- Installing: /home/jjbigdub/gitrepo/rosslam_ws3/install/multirobot_map_merge/share/multirobot_map_merge/environment/library_path.dsv
[0.933s] -- Up-to-date: /home/jjbigdub/gitrepo/rosslam_ws3/install/multirobot_map_merge/share/ament_index/resource_index/package_run_dependencies/multirobot_map_merge
[0.933s] -- Up-to-date: /home/jjbigdub/gitrepo/rosslam_ws3/install/multirobot_map_merge/share/ament_index/resource_index/parent_prefix_path/multirobot_map_merge
[0.933s] -- Up-to-date: /home/jjbigdub/gitrepo/rosslam_ws3/install/multirobot_map_merge/share/multirobot_map_merge/environment/ament_prefix_path.sh
[0.933s] -- Installing: /home/jjbigdub/gitrepo/rosslam_ws3/install/multirobot_map_merge/share/multirobot_map_merge/environment/ament_prefix_path.dsv
[0.933s] -- Up-to-date: /home/jjbigdub/gitrepo/rosslam_ws3/install/multirobot_map_merge/share/multirobot_map_merge/environment/path.sh
[0.933s] -- Installing: /home/jjbigdub/gitrepo/rosslam_ws3/install/multirobot_map_merge/share/multirobot_map_merge/environment/path.dsv
[0.933s] -- Up-to-date: /home/jjbigdub/gitrepo/rosslam_ws3/install/multirobot_map_merge/share/multirobot_map_merge/local_setup.bash
[0.933s] -- Up-to-date: /home/jjbigdub/gitrepo/rosslam_ws3/install/multirobot_map_merge/share/multirobot_map_merge/local_setup.sh
[0.933s] -- Up-to-date: /home/jjbigdub/gitrepo/rosslam_ws3/install/multirobot_map_merge/share/multirobot_map_merge/local_setup.zsh
[0.933s] -- Installing: /home/jjbigdub/gitrepo/rosslam_ws3/install/multirobot_map_merge/share/multirobot_map_merge/local_setup.dsv
[0.933s] -- Installing: /home/jjbigdub/gitrepo/rosslam_ws3/install/multirobot_map_merge/share/multirobot_map_merge/package.dsv
[0.934s] -- Up-to-date: /home/jjbigdub/gitrepo/rosslam_ws3/install/multirobot_map_merge/share/ament_index/resource_index/packages/multirobot_map_merge
[0.934s] -- Up-to-date: /home/jjbigdub/gitrepo/rosslam_ws3/install/multirobot_map_merge/share/multirobot_map_merge/cmake/ament_cmake_export_include_directories-extras.cmake
[0.934s] -- Up-to-date: /home/jjbigdub/gitrepo/rosslam_ws3/install/multirobot_map_merge/share/multirobot_map_merge/cmake/ament_cmake_export_libraries-extras.cmake
[0.934s] -- Up-to-date: /home/jjbigdub/gitrepo/rosslam_ws3/install/multirobot_map_merge/share/multirobot_map_merge/cmake/multirobot_map_mergeConfig.cmake
[0.934s] -- Up-to-date: /home/jjbigdub/gitrepo/rosslam_ws3/install/multirobot_map_merge/share/multirobot_map_merge/cmake/multirobot_map_mergeConfig-version.cmake
[0.934s] -- Up-to-date: /home/jjbigdub/gitrepo/rosslam_ws3/install/multirobot_map_merge/share/multirobot_map_merge/package.xml
[0.944s] Invoked command in '/home/jjbigdub/gitrepo/bharatforge-iitk/sim/rosslam_multi/build/multirobot_map_merge' returned '0': CMAKE_PREFIX_PATH=${CMAKE_PREFIX_PATH}:/home/jjbigdub/ros2_ws/install/math1:/home/jjbigdub/urdf_ws/install/rocker_description:/opt/ros/humble /usr/bin/cmake --install /home/jjbigdub/gitrepo/bharatforge-iitk/sim/rosslam_multi/build/multirobot_map_merge
