[0.053s] Invoking command in '/home/jjbigdub/gitrepo/rosslam_ws/build/explore_lite': CMAKE_PREFIX_PATH=${CMAKE_PREFIX_PATH}:/home/jjbigdub/ros2_ws/install/math1:/home/jjbigdub/urdf_ws/install/rocker_description:/opt/ros/humble /usr/bin/cmake --build /home/jjbigdub/gitrepo/rosslam_ws/build/explore_lite -- -j16 -l16
[0.232s] [ 20%] Built target gtest
[0.233s] [ 40%] Built target gtest_main
[0.267s] [ 80%] Built target explore
[0.301s] [100%] Built target test_explore
[0.336s] Invoked command in '/home/jjbigdub/gitrepo/rosslam_ws/build/explore_lite' returned '0': CMAKE_PREFIX_PATH=${CMAKE_PREFIX_PATH}:/home/jjbigdub/ros2_ws/install/math1:/home/jjbigdub/urdf_ws/install/rocker_description:/opt/ros/humble /usr/bin/cmake --build /home/jjbigdub/gitrepo/rosslam_ws/build/explore_lite -- -j16 -l16
[0.468s] Invoking command in '/home/jjbigdub/gitrepo/rosslam_ws/build/explore_lite': CMAKE_PREFIX_PATH=${CMAKE_PREFIX_PATH}:/home/jjbigdub/ros2_ws/install/math1:/home/jjbigdub/urdf_ws/install/rocker_description:/opt/ros/humble /usr/bin/cmake --install /home/jjbigdub/gitrepo/rosslam_ws/build/explore_lite
[0.488s] -- Install configuration: ""
[0.489s] -- Up-to-date: /home/jjbigdub/gitrepo/rosslam_ws/install/explore_lite/include/explore/
[0.489s] -- Up-to-date: /home/jjbigdub/gitrepo/rosslam_ws/install/explore_lite/include/explore//costmap_tools.h
[0.490s] -- Up-to-date: /home/jjbigdub/gitrepo/rosslam_ws/install/explore_lite/include/explore//costmap_client.h
[0.490s] -- Up-to-date: /home/jjbigdub/gitrepo/rosslam_ws/install/explore_lite/include/explore//frontier_search.h
[0.490s] -- Up-to-date: /home/jjbigdub/gitrepo/rosslam_ws/install/explore_lite/include/explore//explore.h
[0.491s] -- Up-to-date: /home/jjbigdub/gitrepo/rosslam_ws/install/explore_lite/share/explore_lite/config
[0.492s] -- Up-to-date: /home/jjbigdub/gitrepo/rosslam_ws/install/explore_lite/share/explore_lite/config/params.yaml
[0.492s] -- Up-to-date: /home/jjbigdub/gitrepo/rosslam_ws/install/explore_lite/share/explore_lite/config/params_costmap.yaml
[0.493s] -- Up-to-date: /home/jjbigdub/gitrepo/rosslam_ws/install/explore_lite/share/explore_lite/launch
[0.493s] -- Up-to-date: /home/jjbigdub/gitrepo/rosslam_ws/install/explore_lite/share/explore_lite/launch/explore.launch.py
[0.493s] -- Up-to-date: /home/jjbigdub/gitrepo/rosslam_ws/install/explore_lite/lib/explore_lite/explore
[0.493s] -- Up-to-date: /home/jjbigdub/gitrepo/rosslam_ws/install/explore_lite/share/ament_index/resource_index/package_run_dependencies/explore_lite
[0.494s] -- Up-to-date: /home/jjbigdub/gitrepo/rosslam_ws/install/explore_lite/share/ament_index/resource_index/parent_prefix_path/explore_lite
[0.494s] -- Up-to-date: /home/jjbigdub/gitrepo/rosslam_ws/install/explore_lite/share/explore_lite/environment/ament_prefix_path.sh
[0.494s] -- Up-to-date: /home/jjbigdub/gitrepo/rosslam_ws/install/explore_lite/share/explore_lite/environment/ament_prefix_path.dsv
[0.495s] -- Up-to-date: /home/jjbigdub/gitrepo/rosslam_ws/install/explore_lite/share/explore_lite/environment/path.sh
[0.495s] -- Up-to-date: /home/jjbigdub/gitrepo/rosslam_ws/install/explore_lite/share/explore_lite/environment/path.dsv
[0.496s] -- Up-to-date: /home/jjbigdub/gitrepo/rosslam_ws/install/explore_lite/share/explore_lite/local_setup.bash
[0.496s] -- Up-to-date: /home/jjbigdub/gitrepo/rosslam_ws/install/explore_lite/share/explore_lite/local_setup.sh
[0.496s] -- Up-to-date: /home/jjbigdub/gitrepo/rosslam_ws/install/explore_lite/share/explore_lite/local_setup.zsh
[0.496s] -- Up-to-date: /home/jjbigdub/gitrepo/rosslam_ws/install/explore_lite/share/explore_lite/local_setup.dsv
[0.496s] -- Installing: /home/jjbigdub/gitrepo/rosslam_ws/install/explore_lite/share/explore_lite/package.dsv
[0.497s] -- Up-to-date: /home/jjbigdub/gitrepo/rosslam_ws/install/explore_lite/share/ament_index/resource_index/packages/explore_lite
[0.497s] -- Up-to-date: /home/jjbigdub/gitrepo/rosslam_ws/install/explore_lite/share/explore_lite/cmake/ament_cmake_export_include_directories-extras.cmake
[0.497s] -- Up-to-date: /home/jjbigdub/gitrepo/rosslam_ws/install/explore_lite/share/explore_lite/cmake/explore_liteConfig.cmake
[0.498s] -- Up-to-date: /home/jjbigdub/gitrepo/rosslam_ws/install/explore_lite/share/explore_lite/cmake/explore_liteConfig-version.cmake
[0.498s] -- Up-to-date: /home/jjbigdub/gitrepo/rosslam_ws/install/explore_lite/share/explore_lite/package.xml
[0.501s] Invoked command in '/home/jjbigdub/gitrepo/rosslam_ws/build/explore_lite' returned '0': CMAKE_PREFIX_PATH=${CMAKE_PREFIX_PATH}:/home/jjbigdub/ros2_ws/install/math1:/home/jjbigdub/urdf_ws/install/rocker_description:/opt/ros/humble /usr/bin/cmake --install /home/jjbigdub/gitrepo/rosslam_ws/build/explore_lite
