[0.343s] DEBUG:colcon:Command line arguments: ['/home/jjbigdub/.local/bin/colcon', 'build']
[0.343s] DEBUG:colcon:Parsed command line arguments: Namespace(log_base=None, log_level=None, verb_name='build', build_base='build', install_base='install', merge_install=False, symlink_install=False, test_result_base=None, continue_on_error=False, executor='parallel', parallel_workers=16, event_handlers=None, ignore_user_meta=False, metas=['./colcon.meta'], base_paths=['.'], packages_ignore=None, packages_ignore_regex=None, paths=None, packages_up_to=None, packages_up_to_regex=None, packages_above=None, packages_above_and_dependencies=None, packages_above_depth=None, packages_select_by_dep=None, packages_skip_by_dep=None, packages_skip_up_to=None, packages_select_build_failed=False, packages_skip_build_finished=False, packages_select_test_failures=False, packages_skip_test_passed=False, packages_select=None, packages_skip=None, packages_select_regex=None, packages_skip_regex=None, packages_start=None, packages_end=None, allow_overriding=[], cmake_args=None, cmake_target=None, cmake_target_skip_unavailable=False, cmake_clean_cache=False, cmake_clean_first=False, cmake_force_configure=False, ament_cmake_args=None, catkin_cmake_args=None, catkin_skip_building_tests=False, mixin_files=None, mixin=None, verb_parser=<colcon_mixin.mixin.mixin_argument.MixinArgumentDecorator object at 0x7e2705c49d50>, verb_extension=<colcon_core.verb.build.BuildVerb object at 0x7e2705c494e0>, main=<bound method BuildVerb.main of <colcon_core.verb.build.BuildVerb object at 0x7e2705c494e0>>, mixin_verb=('build',))
[0.434s] Level 1:colcon.colcon_core.package_discovery:discover_packages(colcon_meta) check parameters
[0.435s] Level 1:colcon.colcon_core.package_discovery:discover_packages(recursive) check parameters
[0.435s] Level 1:colcon.colcon_core.package_discovery:discover_packages(ignore) check parameters
[0.435s] Level 1:colcon.colcon_core.package_discovery:discover_packages(path) check parameters
[0.435s] Level 1:colcon.colcon_core.package_discovery:discover_packages(colcon_meta) discover
[0.435s] Level 1:colcon.colcon_core.package_discovery:discover_packages(recursive) discover
[0.435s] INFO:colcon.colcon_core.package_discovery:Crawling recursively for packages in '/home/jjbigdub/gitrepo/rosslam_ws'
[0.435s] Level 1:colcon.colcon_core.package_identification:_identify(.) by extensions ['ignore', 'ignore_ament_install']
[0.436s] Level 1:colcon.colcon_core.package_identification:_identify(.) by extension 'ignore'
[0.436s] Level 1:colcon.colcon_core.package_identification:_identify(.) by extension 'ignore_ament_install'
[0.436s] Level 1:colcon.colcon_core.package_identification:_identify(.) by extensions ['colcon_pkg']
[0.436s] Level 1:colcon.colcon_core.package_identification:_identify(.) by extension 'colcon_pkg'
[0.436s] Level 1:colcon.colcon_core.package_identification:_identify(.) by extensions ['colcon_meta']
[0.437s] Level 1:colcon.colcon_core.package_identification:_identify(.) by extension 'colcon_meta'
[0.437s] Level 1:colcon.colcon_core.package_identification:_identify(.) by extensions ['ros']
[0.437s] Level 1:colcon.colcon_core.package_identification:_identify(.) by extension 'ros'
[0.495s] Level 1:colcon.colcon_core.package_identification:_identify(.) by extensions ['cmake', 'python']
[0.495s] Level 1:colcon.colcon_core.package_identification:_identify(.) by extension 'cmake'
[0.495s] Level 1:colcon.colcon_core.package_identification:_identify(.) by extension 'python'
[0.496s] Level 1:colcon.colcon_core.package_identification:_identify(.) by extensions ['python_setup_py']
[0.496s] Level 1:colcon.colcon_core.package_identification:_identify(.) by extension 'python_setup_py'
[0.496s] Level 1:colcon.colcon_core.package_identification:_identify(build) by extensions ['ignore', 'ignore_ament_install']
[0.496s] Level 1:colcon.colcon_core.package_identification:_identify(build) by extension 'ignore'
[0.496s] Level 1:colcon.colcon_core.package_identification:_identify(build) ignored
[0.497s] Level 1:colcon.colcon_core.package_identification:_identify(install) by extensions ['ignore', 'ignore_ament_install']
[0.497s] Level 1:colcon.colcon_core.package_identification:_identify(install) by extension 'ignore'
[0.497s] Level 1:colcon.colcon_core.package_identification:_identify(install) ignored
[0.498s] Level 1:colcon.colcon_core.package_identification:_identify(log) by extensions ['ignore', 'ignore_ament_install']
[0.498s] Level 1:colcon.colcon_core.package_identification:_identify(log) by extension 'ignore'
[0.498s] Level 1:colcon.colcon_core.package_identification:_identify(log) ignored
[0.498s] Level 1:colcon.colcon_core.package_identification:_identify(src) by extensions ['ignore', 'ignore_ament_install']
[0.498s] Level 1:colcon.colcon_core.package_identification:_identify(src) by extension 'ignore'
[0.499s] Level 1:colcon.colcon_core.package_identification:_identify(src) by extension 'ignore_ament_install'
[0.499s] Level 1:colcon.colcon_core.package_identification:_identify(src) by extensions ['colcon_pkg']
[0.499s] Level 1:colcon.colcon_core.package_identification:_identify(src) by extension 'colcon_pkg'
[0.499s] Level 1:colcon.colcon_core.package_identification:_identify(src) by extensions ['colcon_meta']
[0.499s] Level 1:colcon.colcon_core.package_identification:_identify(src) by extension 'colcon_meta'
[0.499s] Level 1:colcon.colcon_core.package_identification:_identify(src) by extensions ['ros']
[0.499s] Level 1:colcon.colcon_core.package_identification:_identify(src) by extension 'ros'
[0.499s] Level 1:colcon.colcon_core.package_identification:_identify(src) by extensions ['cmake', 'python']
[0.499s] Level 1:colcon.colcon_core.package_identification:_identify(src) by extension 'cmake'
[0.500s] Level 1:colcon.colcon_core.package_identification:_identify(src) by extension 'python'
[0.500s] Level 1:colcon.colcon_core.package_identification:_identify(src) by extensions ['python_setup_py']
[0.500s] Level 1:colcon.colcon_core.package_identification:_identify(src) by extension 'python_setup_py'
[0.500s] Level 1:colcon.colcon_core.package_identification:_identify(src/m-explore-ros2) by extensions ['ignore', 'ignore_ament_install']
[0.500s] Level 1:colcon.colcon_core.package_identification:_identify(src/m-explore-ros2) by extension 'ignore'
[0.500s] Level 1:colcon.colcon_core.package_identification:_identify(src/m-explore-ros2) by extension 'ignore_ament_install'
[0.501s] Level 1:colcon.colcon_core.package_identification:_identify(src/m-explore-ros2) by extensions ['colcon_pkg']
[0.501s] Level 1:colcon.colcon_core.package_identification:_identify(src/m-explore-ros2) by extension 'colcon_pkg'
[0.501s] Level 1:colcon.colcon_core.package_identification:_identify(src/m-explore-ros2) by extensions ['colcon_meta']
[0.501s] Level 1:colcon.colcon_core.package_identification:_identify(src/m-explore-ros2) by extension 'colcon_meta'
[0.501s] Level 1:colcon.colcon_core.package_identification:_identify(src/m-explore-ros2) by extensions ['ros']
[0.501s] Level 1:colcon.colcon_core.package_identification:_identify(src/m-explore-ros2) by extension 'ros'
[0.501s] Level 1:colcon.colcon_core.package_identification:_identify(src/m-explore-ros2) by extensions ['cmake', 'python']
[0.501s] Level 1:colcon.colcon_core.package_identification:_identify(src/m-explore-ros2) by extension 'cmake'
[0.501s] Level 1:colcon.colcon_core.package_identification:_identify(src/m-explore-ros2) by extension 'python'
[0.502s] Level 1:colcon.colcon_core.package_identification:_identify(src/m-explore-ros2) by extensions ['python_setup_py']
[0.502s] Level 1:colcon.colcon_core.package_identification:_identify(src/m-explore-ros2) by extension 'python_setup_py'
[0.502s] Level 1:colcon.colcon_core.package_identification:_identify(src/m-explore-ros2/explore) by extensions ['ignore', 'ignore_ament_install']
[0.502s] Level 1:colcon.colcon_core.package_identification:_identify(src/m-explore-ros2/explore) by extension 'ignore'
[0.502s] Level 1:colcon.colcon_core.package_identification:_identify(src/m-explore-ros2/explore) by extension 'ignore_ament_install'
[0.503s] Level 1:colcon.colcon_core.package_identification:_identify(src/m-explore-ros2/explore) by extensions ['colcon_pkg']
[0.503s] Level 1:colcon.colcon_core.package_identification:_identify(src/m-explore-ros2/explore) by extension 'colcon_pkg'
[0.503s] Level 1:colcon.colcon_core.package_identification:_identify(src/m-explore-ros2/explore) by extensions ['colcon_meta']
[0.503s] Level 1:colcon.colcon_core.package_identification:_identify(src/m-explore-ros2/explore) by extension 'colcon_meta'
[0.503s] Level 1:colcon.colcon_core.package_identification:_identify(src/m-explore-ros2/explore) by extensions ['ros']
[0.503s] Level 1:colcon.colcon_core.package_identification:_identify(src/m-explore-ros2/explore) by extension 'ros'
[0.511s] DEBUG:colcon.colcon_core.package_identification:Package 'src/m-explore-ros2/explore' with type 'ros.ament_cmake' and name 'explore_lite'
[0.511s] Level 1:colcon.colcon_core.package_identification:_identify(src/m-explore-ros2/map_merge) by extensions ['ignore', 'ignore_ament_install']
[0.511s] Level 1:colcon.colcon_core.package_identification:_identify(src/m-explore-ros2/map_merge) by extension 'ignore'
[0.511s] Level 1:colcon.colcon_core.package_identification:_identify(src/m-explore-ros2/map_merge) by extension 'ignore_ament_install'
[0.511s] Level 1:colcon.colcon_core.package_identification:_identify(src/m-explore-ros2/map_merge) by extensions ['colcon_pkg']
[0.512s] Level 1:colcon.colcon_core.package_identification:_identify(src/m-explore-ros2/map_merge) by extension 'colcon_pkg'
[0.512s] Level 1:colcon.colcon_core.package_identification:_identify(src/m-explore-ros2/map_merge) by extensions ['colcon_meta']
[0.512s] Level 1:colcon.colcon_core.package_identification:_identify(src/m-explore-ros2/map_merge) by extension 'colcon_meta'
[0.512s] Level 1:colcon.colcon_core.package_identification:_identify(src/m-explore-ros2/map_merge) by extensions ['ros']
[0.512s] Level 1:colcon.colcon_core.package_identification:_identify(src/m-explore-ros2/map_merge) by extension 'ros'
[0.514s] DEBUG:colcon.colcon_core.package_identification:Package 'src/m-explore-ros2/map_merge' with type 'ros.ament_cmake' and name 'multirobot_map_merge'
[0.515s] Level 1:colcon.colcon_core.package_discovery:discover_packages(recursive) using defaults
[0.515s] Level 1:colcon.colcon_core.package_discovery:discover_packages(ignore) discover
[0.515s] Level 1:colcon.colcon_core.package_discovery:discover_packages(ignore) using defaults
[0.515s] Level 1:colcon.colcon_core.package_discovery:discover_packages(path) discover
[0.515s] Level 1:colcon.colcon_core.package_discovery:discover_packages(path) using defaults
[0.559s] Level 1:colcon.colcon_core.package_discovery:discover_packages(prefix_path) check parameters
[0.560s] Level 1:colcon.colcon_core.package_discovery:discover_packages(prefix_path) discover
[0.562s] WARNING:colcon.colcon_core.prefix_path.colcon:The path '/home/jjbigdub/gitrepo/ros2slam_ws/install' in the environment variable COLCON_PREFIX_PATH doesn't exist
[0.562s] WARNING:colcon.colcon_ros.prefix_path.ament:The path '/home/jjbigdub/gitrepo/ros2slam_ws/install/multirobot_map_merge' in the environment variable AMENT_PREFIX_PATH doesn't exist
[0.562s] WARNING:colcon.colcon_ros.prefix_path.ament:The path '/home/jjbigdub/gitrepo/ros2slam_ws/install/explore_lite' in the environment variable AMENT_PREFIX_PATH doesn't exist
[0.564s] WARNING:colcon.colcon_ros.prefix_path.catkin:The path '/home/jjbigdub/gitrepo/ros2slam_ws/install/multirobot_map_merge' in the environment variable CMAKE_PREFIX_PATH doesn't exist
[0.564s] WARNING:colcon.colcon_ros.prefix_path.catkin:The path '/home/jjbigdub/gitrepo/ros2slam_ws/install/explore_lite' in the environment variable CMAKE_PREFIX_PATH doesn't exist
[0.566s] DEBUG:colcon.colcon_installed_package_information.package_discovery:Found 2 installed packages in /home/jjbigdub/gitrepo/rosslam_ws/install
[0.567s] DEBUG:colcon.colcon_installed_package_information.package_discovery:Found 2 installed packages in /home/jjbigdub/gitrepo/ros2_ws/install
[0.568s] DEBUG:colcon.colcon_installed_package_information.package_discovery:Found 1 installed packages in /home/jjbigdub/gitrepo/bcr_bot/install
[0.569s] DEBUG:colcon.colcon_installed_package_information.package_discovery:Found 1 installed packages in /home/jjbigdub/urdf_ws/install
[0.570s] DEBUG:colcon.colcon_installed_package_information.package_discovery:Found 1 installed packages in /home/jjbigdub/ros2_ws/install
[0.571s] DEBUG:colcon.colcon_installed_package_information.package_discovery:Found 3 installed packages in /home/jjbigdub/ros2loc_ws/install
[0.572s] DEBUG:colcon.colcon_installed_package_information.package_discovery:Found 1 installed packages in /home/jjbigdub/gitrepo/RoboCup24/localization_24/install
[0.577s] DEBUG:colcon.colcon_installed_package_information.package_discovery:Found 400 installed packages in /opt/ros/humble
[0.583s] Level 1:colcon.colcon_core.package_discovery:discover_packages(prefix_path) using defaults
[0.716s] Level 5:colcon.colcon_core.verb:set package 'explore_lite' build argument 'cmake_args' from command line to 'None'
[0.716s] Level 5:colcon.colcon_core.verb:set package 'explore_lite' build argument 'cmake_target' from command line to 'None'
[0.717s] Level 5:colcon.colcon_core.verb:set package 'explore_lite' build argument 'cmake_target_skip_unavailable' from command line to 'False'
[0.717s] Level 5:colcon.colcon_core.verb:set package 'explore_lite' build argument 'cmake_clean_cache' from command line to 'False'
[0.717s] Level 5:colcon.colcon_core.verb:set package 'explore_lite' build argument 'cmake_clean_first' from command line to 'False'
[0.717s] Level 5:colcon.colcon_core.verb:set package 'explore_lite' build argument 'cmake_force_configure' from command line to 'False'
[0.717s] Level 5:colcon.colcon_core.verb:set package 'explore_lite' build argument 'ament_cmake_args' from command line to 'None'
[0.717s] Level 5:colcon.colcon_core.verb:set package 'explore_lite' build argument 'catkin_cmake_args' from command line to 'None'
[0.717s] Level 5:colcon.colcon_core.verb:set package 'explore_lite' build argument 'catkin_skip_building_tests' from command line to 'False'
[0.717s] DEBUG:colcon.colcon_core.verb:Building package 'explore_lite' with the following arguments: {'ament_cmake_args': None, 'build_base': '/home/jjbigdub/gitrepo/rosslam_ws/build/explore_lite', 'catkin_cmake_args': None, 'catkin_skip_building_tests': False, 'cmake_args': None, 'cmake_clean_cache': False, 'cmake_clean_first': False, 'cmake_force_configure': False, 'cmake_target': None, 'cmake_target_skip_unavailable': False, 'install_base': '/home/jjbigdub/gitrepo/rosslam_ws/install/explore_lite', 'merge_install': False, 'path': '/home/jjbigdub/gitrepo/rosslam_ws/src/m-explore-ros2/explore', 'symlink_install': False, 'test_result_base': None}
[0.718s] Level 5:colcon.colcon_core.verb:set package 'multirobot_map_merge' build argument 'cmake_args' from command line to 'None'
[0.718s] Level 5:colcon.colcon_core.verb:set package 'multirobot_map_merge' build argument 'cmake_target' from command line to 'None'
[0.718s] Level 5:colcon.colcon_core.verb:set package 'multirobot_map_merge' build argument 'cmake_target_skip_unavailable' from command line to 'False'
[0.718s] Level 5:colcon.colcon_core.verb:set package 'multirobot_map_merge' build argument 'cmake_clean_cache' from command line to 'False'
[0.718s] Level 5:colcon.colcon_core.verb:set package 'multirobot_map_merge' build argument 'cmake_clean_first' from command line to 'False'
[0.718s] Level 5:colcon.colcon_core.verb:set package 'multirobot_map_merge' build argument 'cmake_force_configure' from command line to 'False'
[0.718s] Level 5:colcon.colcon_core.verb:set package 'multirobot_map_merge' build argument 'ament_cmake_args' from command line to 'None'
[0.718s] Level 5:colcon.colcon_core.verb:set package 'multirobot_map_merge' build argument 'catkin_cmake_args' from command line to 'None'
[0.718s] Level 5:colcon.colcon_core.verb:set package 'multirobot_map_merge' build argument 'catkin_skip_building_tests' from command line to 'False'
[0.719s] DEBUG:colcon.colcon_core.verb:Building package 'multirobot_map_merge' with the following arguments: {'ament_cmake_args': None, 'build_base': '/home/jjbigdub/gitrepo/rosslam_ws/build/multirobot_map_merge', 'catkin_cmake_args': None, 'catkin_skip_building_tests': False, 'cmake_args': None, 'cmake_clean_cache': False, 'cmake_clean_first': False, 'cmake_force_configure': False, 'cmake_target': None, 'cmake_target_skip_unavailable': False, 'install_base': '/home/jjbigdub/gitrepo/rosslam_ws/install/multirobot_map_merge', 'merge_install': False, 'path': '/home/jjbigdub/gitrepo/rosslam_ws/src/m-explore-ros2/map_merge', 'symlink_install': False, 'test_result_base': None}
[0.719s] INFO:colcon.colcon_core.executor:Executing jobs using 'parallel' executor
[0.721s] DEBUG:colcon.colcon_parallel_executor.executor.parallel:run_until_complete
[0.722s] INFO:colcon.colcon_ros.task.ament_cmake.build:Building ROS package in '/home/jjbigdub/gitrepo/rosslam_ws/src/m-explore-ros2/explore' with build type 'ament_cmake'
[0.722s] INFO:colcon.colcon_cmake.task.cmake.build:Building CMake package in '/home/jjbigdub/gitrepo/rosslam_ws/src/m-explore-ros2/explore'
[0.727s] INFO:colcon.colcon_core.plugin_system:Skipping extension 'colcon_core.shell.bat': Not used on non-Windows systems
[0.728s] INFO:colcon.colcon_core.shell:Skip shell extension 'powershell' for command environment: Not usable outside of PowerShell
[0.728s] DEBUG:colcon.colcon_core.shell:Skip shell extension 'dsv' for command environment
[0.743s] INFO:colcon.colcon_ros.task.ament_cmake.build:Building ROS package in '/home/jjbigdub/gitrepo/rosslam_ws/src/m-explore-ros2/map_merge' with build type 'ament_cmake'
[0.743s] INFO:colcon.colcon_cmake.task.cmake.build:Building CMake package in '/home/jjbigdub/gitrepo/rosslam_ws/src/m-explore-ros2/map_merge'
[0.744s] INFO:colcon.colcon_core.shell:Skip shell extension 'powershell' for command environment: Not usable outside of PowerShell
[0.744s] DEBUG:colcon.colcon_core.shell:Skip shell extension 'dsv' for command environment
[0.774s] DEBUG:colcon.colcon_core.event_handler.log_command:Invoking command in '/home/jjbigdub/gitrepo/rosslam_ws/build/explore_lite': CMAKE_PREFIX_PATH=${CMAKE_PREFIX_PATH}:/home/jjbigdub/ros2_ws/install/math1:/home/jjbigdub/urdf_ws/install/rocker_description:/opt/ros/humble /usr/bin/cmake --build /home/jjbigdub/gitrepo/rosslam_ws/build/explore_lite -- -j16 -l16
[0.783s] DEBUG:colcon.colcon_core.event_handler.log_command:Invoking command in '/home/jjbigdub/gitrepo/rosslam_ws/build/multirobot_map_merge': CMAKE_PREFIX_PATH=${CMAKE_PREFIX_PATH}:/home/jjbigdub/ros2_ws/install/math1:/home/jjbigdub/urdf_ws/install/rocker_description:/opt/ros/humble /usr/bin/cmake --build /home/jjbigdub/gitrepo/rosslam_ws/build/multirobot_map_merge -- -j16 -l16
[1.006s] DEBUG:colcon.colcon_core.event_handler.log_command:Invoked command in '/home/jjbigdub/gitrepo/rosslam_ws/build/explore_lite' returned '0': CMAKE_PREFIX_PATH=${CMAKE_PREFIX_PATH}:/home/jjbigdub/ros2_ws/install/math1:/home/jjbigdub/urdf_ws/install/rocker_description:/opt/ros/humble /usr/bin/cmake --build /home/jjbigdub/gitrepo/rosslam_ws/build/explore_lite -- -j16 -l16
[1.046s] DEBUG:colcon.colcon_core.event_handler.log_command:Invoked command in '/home/jjbigdub/gitrepo/rosslam_ws/build/multirobot_map_merge' returned '0': CMAKE_PREFIX_PATH=${CMAKE_PREFIX_PATH}:/home/jjbigdub/ros2_ws/install/math1:/home/jjbigdub/urdf_ws/install/rocker_description:/opt/ros/humble /usr/bin/cmake --build /home/jjbigdub/gitrepo/rosslam_ws/build/multirobot_map_merge -- -j16 -l16
[1.133s] DEBUG:colcon.colcon_core.event_handler.log_command:Invoking command in '/home/jjbigdub/gitrepo/rosslam_ws/build/explore_lite': CMAKE_PREFIX_PATH=${CMAKE_PREFIX_PATH}:/home/jjbigdub/ros2_ws/install/math1:/home/jjbigdub/urdf_ws/install/rocker_description:/opt/ros/humble /usr/bin/cmake --install /home/jjbigdub/gitrepo/rosslam_ws/build/explore_lite
[1.163s] DEBUG:colcon.colcon_core.event_handler.log_command:Invoking command in '/home/jjbigdub/gitrepo/rosslam_ws/build/multirobot_map_merge': CMAKE_PREFIX_PATH=${CMAKE_PREFIX_PATH}:/home/jjbigdub/ros2_ws/install/math1:/home/jjbigdub/urdf_ws/install/rocker_description:/opt/ros/humble /usr/bin/cmake --install /home/jjbigdub/gitrepo/rosslam_ws/build/multirobot_map_merge
[1.165s] Level 1:colcon.colcon_core.environment:create_environment_scripts_only(explore_lite)
[1.167s] DEBUG:colcon.colcon_core.event_handler.log_command:Invoked command in '/home/jjbigdub/gitrepo/rosslam_ws/build/explore_lite' returned '0': CMAKE_PREFIX_PATH=${CMAKE_PREFIX_PATH}:/home/jjbigdub/ros2_ws/install/math1:/home/jjbigdub/urdf_ws/install/rocker_description:/opt/ros/humble /usr/bin/cmake --install /home/jjbigdub/gitrepo/rosslam_ws/build/explore_lite
[1.171s] Level 1:colcon.colcon_core.environment:checking '/home/jjbigdub/gitrepo/rosslam_ws/install/explore_lite' for CMake module files
[1.172s] Level 1:colcon.colcon_core.environment:checking '/home/jjbigdub/gitrepo/rosslam_ws/install/explore_lite' for CMake config files
[1.173s] Level 1:colcon.colcon_core.shell:create_environment_hook('explore_lite', 'cmake_prefix_path')
[1.174s] INFO:colcon.colcon_core.shell:Creating environment hook '/home/jjbigdub/gitrepo/rosslam_ws/install/explore_lite/share/explore_lite/hook/cmake_prefix_path.ps1'
[1.175s] INFO:colcon.colcon_core.shell:Creating environment descriptor '/home/jjbigdub/gitrepo/rosslam_ws/install/explore_lite/share/explore_lite/hook/cmake_prefix_path.dsv'
[1.176s] INFO:colcon.colcon_core.shell:Creating environment hook '/home/jjbigdub/gitrepo/rosslam_ws/install/explore_lite/share/explore_lite/hook/cmake_prefix_path.sh'
[1.179s] Level 1:colcon.colcon_core.environment:checking '/home/jjbigdub/gitrepo/rosslam_ws/install/explore_lite/lib'
[1.179s] Level 1:colcon.colcon_core.environment:checking '/home/jjbigdub/gitrepo/rosslam_ws/install/explore_lite/bin'
[1.179s] Level 1:colcon.colcon_core.environment:checking '/home/jjbigdub/gitrepo/rosslam_ws/install/explore_lite/lib/pkgconfig/explore_lite.pc'
[1.180s] Level 1:colcon.colcon_core.environment:checking '/home/jjbigdub/gitrepo/rosslam_ws/install/explore_lite/lib/python3.10/site-packages'
[1.180s] Level 1:colcon.colcon_core.environment:checking '/home/jjbigdub/gitrepo/rosslam_ws/install/explore_lite/bin'
[1.181s] INFO:colcon.colcon_core.shell:Creating package script '/home/jjbigdub/gitrepo/rosslam_ws/install/explore_lite/share/explore_lite/package.ps1'
[1.184s] INFO:colcon.colcon_core.shell:Creating package descriptor '/home/jjbigdub/gitrepo/rosslam_ws/install/explore_lite/share/explore_lite/package.dsv'
[1.186s] INFO:colcon.colcon_core.shell:Creating package script '/home/jjbigdub/gitrepo/rosslam_ws/install/explore_lite/share/explore_lite/package.sh'
[1.192s] INFO:colcon.colcon_core.shell:Creating package script '/home/jjbigdub/gitrepo/rosslam_ws/install/explore_lite/share/explore_lite/package.bash'
[1.196s] INFO:colcon.colcon_core.shell:Creating package script '/home/jjbigdub/gitrepo/rosslam_ws/install/explore_lite/share/explore_lite/package.zsh'
[1.198s] Level 1:colcon.colcon_core.environment:create_file_with_runtime_dependencies(/home/jjbigdub/gitrepo/rosslam_ws/install/explore_lite/share/colcon-core/packages/explore_lite)
[1.203s] Level 1:colcon.colcon_core.environment:create_environment_scripts_only(multirobot_map_merge)
[1.204s] Level 1:colcon.colcon_core.environment:checking '/home/jjbigdub/gitrepo/rosslam_ws/install/multirobot_map_merge' for CMake module files
[1.205s] DEBUG:colcon.colcon_core.event_handler.log_command:Invoked command in '/home/jjbigdub/gitrepo/rosslam_ws/build/multirobot_map_merge' returned '0': CMAKE_PREFIX_PATH=${CMAKE_PREFIX_PATH}:/home/jjbigdub/ros2_ws/install/math1:/home/jjbigdub/urdf_ws/install/rocker_description:/opt/ros/humble /usr/bin/cmake --install /home/jjbigdub/gitrepo/rosslam_ws/build/multirobot_map_merge
[1.206s] Level 1:colcon.colcon_core.environment:checking '/home/jjbigdub/gitrepo/rosslam_ws/install/multirobot_map_merge' for CMake config files
[1.207s] Level 1:colcon.colcon_core.shell:create_environment_hook('multirobot_map_merge', 'cmake_prefix_path')
[1.208s] INFO:colcon.colcon_core.shell:Creating environment hook '/home/jjbigdub/gitrepo/rosslam_ws/install/multirobot_map_merge/share/multirobot_map_merge/hook/cmake_prefix_path.ps1'
[1.209s] INFO:colcon.colcon_core.shell:Creating environment descriptor '/home/jjbigdub/gitrepo/rosslam_ws/install/multirobot_map_merge/share/multirobot_map_merge/hook/cmake_prefix_path.dsv'
[1.210s] INFO:colcon.colcon_core.shell:Creating environment hook '/home/jjbigdub/gitrepo/rosslam_ws/install/multirobot_map_merge/share/multirobot_map_merge/hook/cmake_prefix_path.sh'
[1.211s] Level 1:colcon.colcon_core.environment:checking '/home/jjbigdub/gitrepo/rosslam_ws/install/multirobot_map_merge/lib'
[1.211s] Level 1:colcon.colcon_core.environment:checking '/home/jjbigdub/gitrepo/rosslam_ws/install/multirobot_map_merge/bin'
[1.212s] Level 1:colcon.colcon_core.environment:checking '/home/jjbigdub/gitrepo/rosslam_ws/install/multirobot_map_merge/lib/pkgconfig/multirobot_map_merge.pc'
[1.212s] Level 1:colcon.colcon_core.environment:checking '/home/jjbigdub/gitrepo/rosslam_ws/install/multirobot_map_merge/lib/python3.10/site-packages'
[1.212s] Level 1:colcon.colcon_core.environment:checking '/home/jjbigdub/gitrepo/rosslam_ws/install/multirobot_map_merge/bin'
[1.213s] INFO:colcon.colcon_core.shell:Creating package script '/home/jjbigdub/gitrepo/rosslam_ws/install/multirobot_map_merge/share/multirobot_map_merge/package.ps1'
[1.214s] INFO:colcon.colcon_core.shell:Creating package descriptor '/home/jjbigdub/gitrepo/rosslam_ws/install/multirobot_map_merge/share/multirobot_map_merge/package.dsv'
[1.215s] INFO:colcon.colcon_core.shell:Creating package script '/home/jjbigdub/gitrepo/rosslam_ws/install/multirobot_map_merge/share/multirobot_map_merge/package.sh'
[1.216s] INFO:colcon.colcon_core.shell:Creating package script '/home/jjbigdub/gitrepo/rosslam_ws/install/multirobot_map_merge/share/multirobot_map_merge/package.bash'
[1.217s] INFO:colcon.colcon_core.shell:Creating package script '/home/jjbigdub/gitrepo/rosslam_ws/install/multirobot_map_merge/share/multirobot_map_merge/package.zsh'
[1.218s] Level 1:colcon.colcon_core.environment:create_file_with_runtime_dependencies(/home/jjbigdub/gitrepo/rosslam_ws/install/multirobot_map_merge/share/colcon-core/packages/multirobot_map_merge)
[1.300s] Level 1:colcon.colcon_core.environment:create_environment_scripts_only(explore_lite)
[1.301s] Level 1:colcon.colcon_core.environment:checking '/home/jjbigdub/gitrepo/rosslam_ws/install/explore_lite' for CMake module files
[1.302s] Level 1:colcon.colcon_core.environment:checking '/home/jjbigdub/gitrepo/rosslam_ws/install/explore_lite' for CMake config files
[1.303s] Level 1:colcon.colcon_core.shell:create_environment_hook('explore_lite', 'cmake_prefix_path')
[1.304s] INFO:colcon.colcon_core.shell:Creating environment hook '/home/jjbigdub/gitrepo/rosslam_ws/install/explore_lite/share/explore_lite/hook/cmake_prefix_path.ps1'
[1.305s] INFO:colcon.colcon_core.shell:Creating environment descriptor '/home/jjbigdub/gitrepo/rosslam_ws/install/explore_lite/share/explore_lite/hook/cmake_prefix_path.dsv'
[1.306s] INFO:colcon.colcon_core.shell:Creating environment hook '/home/jjbigdub/gitrepo/rosslam_ws/install/explore_lite/share/explore_lite/hook/cmake_prefix_path.sh'
[1.307s] Level 1:colcon.colcon_core.environment:checking '/home/jjbigdub/gitrepo/rosslam_ws/install/explore_lite/lib'
[1.308s] Level 1:colcon.colcon_core.environment:checking '/home/jjbigdub/gitrepo/rosslam_ws/install/explore_lite/bin'
[1.308s] Level 1:colcon.colcon_core.environment:checking '/home/jjbigdub/gitrepo/rosslam_ws/install/explore_lite/lib/pkgconfig/explore_lite.pc'
[1.308s] Level 1:colcon.colcon_core.environment:checking '/home/jjbigdub/gitrepo/rosslam_ws/install/explore_lite/lib/python3.10/site-packages'
[1.309s] Level 1:colcon.colcon_core.environment:checking '/home/jjbigdub/gitrepo/rosslam_ws/install/explore_lite/bin'
[1.310s] INFO:colcon.colcon_core.shell:Creating package script '/home/jjbigdub/gitrepo/rosslam_ws/install/explore_lite/share/explore_lite/package.ps1'
[1.311s] INFO:colcon.colcon_core.shell:Creating package descriptor '/home/jjbigdub/gitrepo/rosslam_ws/install/explore_lite/share/explore_lite/package.dsv'
[1.312s] INFO:colcon.colcon_core.shell:Creating package script '/home/jjbigdub/gitrepo/rosslam_ws/install/explore_lite/share/explore_lite/package.sh'
[1.313s] INFO:colcon.colcon_core.shell:Creating package script '/home/jjbigdub/gitrepo/rosslam_ws/install/explore_lite/share/explore_lite/package.bash'
[1.314s] INFO:colcon.colcon_core.shell:Creating package script '/home/jjbigdub/gitrepo/rosslam_ws/install/explore_lite/share/explore_lite/package.zsh'
[1.315s] Level 1:colcon.colcon_core.environment:create_file_with_runtime_dependencies(/home/jjbigdub/gitrepo/rosslam_ws/install/explore_lite/share/colcon-core/packages/explore_lite)
[1.330s] Level 1:colcon.colcon_core.environment:create_environment_scripts_only(multirobot_map_merge)
[1.331s] Level 1:colcon.colcon_core.environment:checking '/home/jjbigdub/gitrepo/rosslam_ws/install/multirobot_map_merge' for CMake module files
[1.332s] Level 1:colcon.colcon_core.environment:checking '/home/jjbigdub/gitrepo/rosslam_ws/install/multirobot_map_merge' for CMake config files
[1.333s] Level 1:colcon.colcon_core.shell:create_environment_hook('multirobot_map_merge', 'cmake_prefix_path')
[1.334s] INFO:colcon.colcon_core.shell:Creating environment hook '/home/jjbigdub/gitrepo/rosslam_ws/install/multirobot_map_merge/share/multirobot_map_merge/hook/cmake_prefix_path.ps1'
[1.335s] INFO:colcon.colcon_core.shell:Creating environment descriptor '/home/jjbigdub/gitrepo/rosslam_ws/install/multirobot_map_merge/share/multirobot_map_merge/hook/cmake_prefix_path.dsv'
[1.336s] INFO:colcon.colcon_core.shell:Creating environment hook '/home/jjbigdub/gitrepo/rosslam_ws/install/multirobot_map_merge/share/multirobot_map_merge/hook/cmake_prefix_path.sh'
[1.338s] Level 1:colcon.colcon_core.environment:checking '/home/jjbigdub/gitrepo/rosslam_ws/install/multirobot_map_merge/lib'
[1.338s] Level 1:colcon.colcon_core.environment:checking '/home/jjbigdub/gitrepo/rosslam_ws/install/multirobot_map_merge/bin'
[1.338s] Level 1:colcon.colcon_core.environment:checking '/home/jjbigdub/gitrepo/rosslam_ws/install/multirobot_map_merge/lib/pkgconfig/multirobot_map_merge.pc'
[1.339s] Level 1:colcon.colcon_core.environment:checking '/home/jjbigdub/gitrepo/rosslam_ws/install/multirobot_map_merge/lib/python3.10/site-packages'
[1.339s] Level 1:colcon.colcon_core.environment:checking '/home/jjbigdub/gitrepo/rosslam_ws/install/multirobot_map_merge/bin'
[1.340s] INFO:colcon.colcon_core.shell:Creating package script '/home/jjbigdub/gitrepo/rosslam_ws/install/multirobot_map_merge/share/multirobot_map_merge/package.ps1'
[1.341s] INFO:colcon.colcon_core.shell:Creating package descriptor '/home/jjbigdub/gitrepo/rosslam_ws/install/multirobot_map_merge/share/multirobot_map_merge/package.dsv'
[1.342s] INFO:colcon.colcon_core.shell:Creating package script '/home/jjbigdub/gitrepo/rosslam_ws/install/multirobot_map_merge/share/multirobot_map_merge/package.sh'
[1.344s] INFO:colcon.colcon_core.shell:Creating package script '/home/jjbigdub/gitrepo/rosslam_ws/install/multirobot_map_merge/share/multirobot_map_merge/package.bash'
[1.345s] INFO:colcon.colcon_core.shell:Creating package script '/home/jjbigdub/gitrepo/rosslam_ws/install/multirobot_map_merge/share/multirobot_map_merge/package.zsh'
[1.346s] Level 1:colcon.colcon_core.environment:create_file_with_runtime_dependencies(/home/jjbigdub/gitrepo/rosslam_ws/install/multirobot_map_merge/share/colcon-core/packages/multirobot_map_merge)
[1.347s] DEBUG:colcon.colcon_parallel_executor.executor.parallel:closing loop
[1.347s] DEBUG:colcon.colcon_parallel_executor.executor.parallel:loop closed
[1.347s] DEBUG:colcon.colcon_parallel_executor.executor.parallel:run_until_complete finished with '0'
[1.347s] DEBUG:colcon.colcon_core.event_reactor:joining thread
[1.364s] INFO:colcon.colcon_core.plugin_system:Skipping extension 'colcon_notification.desktop_notification.terminal_notifier': Not used on non-Darwin systems
[1.364s] INFO:colcon.colcon_core.plugin_system:Skipping extension 'colcon_notification.desktop_notification.win32': Not used on non-Windows systems
[1.365s] INFO:colcon.colcon_notification.desktop_notification:Sending desktop notification using 'notify2'
[1.389s] DEBUG:colcon.colcon_core.event_reactor:joined thread
[1.390s] INFO:colcon.colcon_core.shell:Creating prefix script '/home/jjbigdub/gitrepo/rosslam_ws/install/local_setup.ps1'
[1.392s] INFO:colcon.colcon_core.shell:Creating prefix util module '/home/jjbigdub/gitrepo/rosslam_ws/install/_local_setup_util_ps1.py'
[1.395s] INFO:colcon.colcon_core.shell:Creating prefix chain script '/home/jjbigdub/gitrepo/rosslam_ws/install/setup.ps1'
[1.400s] INFO:colcon.colcon_core.shell:Creating prefix script '/home/jjbigdub/gitrepo/rosslam_ws/install/local_setup.sh'
[1.401s] INFO:colcon.colcon_core.shell:Creating prefix util module '/home/jjbigdub/gitrepo/rosslam_ws/install/_local_setup_util_sh.py'
[1.403s] INFO:colcon.colcon_core.shell:Creating prefix chain script '/home/jjbigdub/gitrepo/rosslam_ws/install/setup.sh'
[1.406s] INFO:colcon.colcon_core.shell:Creating prefix script '/home/jjbigdub/gitrepo/rosslam_ws/install/local_setup.bash'
[1.408s] INFO:colcon.colcon_core.shell:Creating prefix chain script '/home/jjbigdub/gitrepo/rosslam_ws/install/setup.bash'
[1.412s] INFO:colcon.colcon_core.shell:Creating prefix script '/home/jjbigdub/gitrepo/rosslam_ws/install/local_setup.zsh'
[1.413s] INFO:colcon.colcon_core.shell:Creating prefix chain script '/home/jjbigdub/gitrepo/rosslam_ws/install/setup.zsh'
