[0.100s] DEBUG:colcon:Command line arguments: ['/home/jjbigdub/.local/bin/colcon', 'build']
[0.100s] DEBUG:colcon:Parsed command line arguments: Namespace(log_base=None, log_level=None, verb_name='build', build_base='build', install_base='install', merge_install=False, symlink_install=False, test_result_base=None, continue_on_error=False, executor='parallel', parallel_workers=16, event_handlers=None, ignore_user_meta=False, metas=['./colcon.meta'], base_paths=['.'], packages_ignore=None, packages_ignore_regex=None, paths=None, packages_up_to=None, packages_up_to_regex=None, packages_above=None, packages_above_and_dependencies=None, packages_above_depth=None, packages_select_by_dep=None, packages_skip_by_dep=None, packages_skip_up_to=None, packages_select_build_failed=False, packages_skip_build_finished=False, packages_select_test_failures=False, packages_skip_test_passed=False, packages_select=None, packages_skip=None, packages_select_regex=None, packages_skip_regex=None, packages_start=None, packages_end=None, allow_overriding=[], cmake_args=None, cmake_target=None, cmake_target_skip_unavailable=False, cmake_clean_cache=False, cmake_clean_first=False, cmake_force_configure=False, ament_cmake_args=None, catkin_cmake_args=None, catkin_skip_building_tests=False, mixin_files=None, mixin=None, verb_parser=<colcon_mixin.mixin.mixin_argument.MixinArgumentDecorator object at 0x727808c49d80>, verb_extension=<colcon_core.verb.build.BuildVerb object at 0x727808c49510>, main=<bound method BuildVerb.main of <colcon_core.verb.build.BuildVerb object at 0x727808c49510>>, mixin_verb=('build',))
[0.128s] Level 1:colcon.colcon_core.package_discovery:discover_packages(colcon_meta) check parameters
[0.128s] Level 1:colcon.colcon_core.package_discovery:discover_packages(recursive) check parameters
[0.128s] Level 1:colcon.colcon_core.package_discovery:discover_packages(ignore) check parameters
[0.128s] Level 1:colcon.colcon_core.package_discovery:discover_packages(path) check parameters
[0.128s] Level 1:colcon.colcon_core.package_discovery:discover_packages(colcon_meta) discover
[0.128s] Level 1:colcon.colcon_core.package_discovery:discover_packages(recursive) discover
[0.128s] INFO:colcon.colcon_core.package_discovery:Crawling recursively for packages in '/home/jjbigdub/gitrepo/rosslam_ws3'
[0.128s] Level 1:colcon.colcon_core.package_identification:_identify(.) by extensions ['ignore', 'ignore_ament_install']
[0.128s] Level 1:colcon.colcon_core.package_identification:_identify(.) by extension 'ignore'
[0.128s] Level 1:colcon.colcon_core.package_identification:_identify(.) by extension 'ignore_ament_install'
[0.128s] Level 1:colcon.colcon_core.package_identification:_identify(.) by extensions ['colcon_pkg']
[0.128s] Level 1:colcon.colcon_core.package_identification:_identify(.) by extension 'colcon_pkg'
[0.128s] Level 1:colcon.colcon_core.package_identification:_identify(.) by extensions ['colcon_meta']
[0.128s] Level 1:colcon.colcon_core.package_identification:_identify(.) by extension 'colcon_meta'
[0.128s] Level 1:colcon.colcon_core.package_identification:_identify(.) by extensions ['ros']
[0.128s] Level 1:colcon.colcon_core.package_identification:_identify(.) by extension 'ros'
[0.146s] Level 1:colcon.colcon_core.package_identification:_identify(.) by extensions ['cmake', 'python']
[0.146s] Level 1:colcon.colcon_core.package_identification:_identify(.) by extension 'cmake'
[0.146s] Level 1:colcon.colcon_core.package_identification:_identify(.) by extension 'python'
[0.146s] Level 1:colcon.colcon_core.package_identification:_identify(.) by extensions ['python_setup_py']
[0.146s] Level 1:colcon.colcon_core.package_identification:_identify(.) by extension 'python_setup_py'
[0.146s] Level 1:colcon.colcon_core.package_identification:_identify(build) by extensions ['ignore', 'ignore_ament_install']
[0.146s] Level 1:colcon.colcon_core.package_identification:_identify(build) by extension 'ignore'
[0.146s] Level 1:colcon.colcon_core.package_identification:_identify(build) ignored
[0.146s] Level 1:colcon.colcon_core.package_identification:_identify(install) by extensions ['ignore', 'ignore_ament_install']
[0.146s] Level 1:colcon.colcon_core.package_identification:_identify(install) by extension 'ignore'
[0.146s] Level 1:colcon.colcon_core.package_identification:_identify(install) ignored
[0.146s] Level 1:colcon.colcon_core.package_identification:_identify(log) by extensions ['ignore', 'ignore_ament_install']
[0.146s] Level 1:colcon.colcon_core.package_identification:_identify(log) by extension 'ignore'
[0.146s] Level 1:colcon.colcon_core.package_identification:_identify(log) ignored
[0.146s] Level 1:colcon.colcon_core.package_identification:_identify(src) by extensions ['ignore', 'ignore_ament_install']
[0.146s] Level 1:colcon.colcon_core.package_identification:_identify(src) by extension 'ignore'
[0.146s] Level 1:colcon.colcon_core.package_identification:_identify(src) by extension 'ignore_ament_install'
[0.146s] Level 1:colcon.colcon_core.package_identification:_identify(src) by extensions ['colcon_pkg']
[0.146s] Level 1:colcon.colcon_core.package_identification:_identify(src) by extension 'colcon_pkg'
[0.146s] Level 1:colcon.colcon_core.package_identification:_identify(src) by extensions ['colcon_meta']
[0.146s] Level 1:colcon.colcon_core.package_identification:_identify(src) by extension 'colcon_meta'
[0.147s] Level 1:colcon.colcon_core.package_identification:_identify(src) by extensions ['ros']
[0.147s] Level 1:colcon.colcon_core.package_identification:_identify(src) by extension 'ros'
[0.147s] Level 1:colcon.colcon_core.package_identification:_identify(src) by extensions ['cmake', 'python']
[0.147s] Level 1:colcon.colcon_core.package_identification:_identify(src) by extension 'cmake'
[0.147s] Level 1:colcon.colcon_core.package_identification:_identify(src) by extension 'python'
[0.147s] Level 1:colcon.colcon_core.package_identification:_identify(src) by extensions ['python_setup_py']
[0.147s] Level 1:colcon.colcon_core.package_identification:_identify(src) by extension 'python_setup_py'
[0.147s] Level 1:colcon.colcon_core.package_identification:_identify(src/m-explore-ros2) by extensions ['ignore', 'ignore_ament_install']
[0.147s] Level 1:colcon.colcon_core.package_identification:_identify(src/m-explore-ros2) by extension 'ignore'
[0.147s] Level 1:colcon.colcon_core.package_identification:_identify(src/m-explore-ros2) by extension 'ignore_ament_install'
[0.147s] Level 1:colcon.colcon_core.package_identification:_identify(src/m-explore-ros2) by extensions ['colcon_pkg']
[0.147s] Level 1:colcon.colcon_core.package_identification:_identify(src/m-explore-ros2) by extension 'colcon_pkg'
[0.147s] Level 1:colcon.colcon_core.package_identification:_identify(src/m-explore-ros2) by extensions ['colcon_meta']
[0.147s] Level 1:colcon.colcon_core.package_identification:_identify(src/m-explore-ros2) by extension 'colcon_meta'
[0.147s] Level 1:colcon.colcon_core.package_identification:_identify(src/m-explore-ros2) by extensions ['ros']
[0.147s] Level 1:colcon.colcon_core.package_identification:_identify(src/m-explore-ros2) by extension 'ros'
[0.147s] Level 1:colcon.colcon_core.package_identification:_identify(src/m-explore-ros2) by extensions ['cmake', 'python']
[0.147s] Level 1:colcon.colcon_core.package_identification:_identify(src/m-explore-ros2) by extension 'cmake'
[0.147s] Level 1:colcon.colcon_core.package_identification:_identify(src/m-explore-ros2) by extension 'python'
[0.147s] Level 1:colcon.colcon_core.package_identification:_identify(src/m-explore-ros2) by extensions ['python_setup_py']
[0.147s] Level 1:colcon.colcon_core.package_identification:_identify(src/m-explore-ros2) by extension 'python_setup_py'
[0.147s] Level 1:colcon.colcon_core.package_identification:_identify(src/m-explore-ros2/explore) by extensions ['ignore', 'ignore_ament_install']
[0.147s] Level 1:colcon.colcon_core.package_identification:_identify(src/m-explore-ros2/explore) by extension 'ignore'
[0.147s] Level 1:colcon.colcon_core.package_identification:_identify(src/m-explore-ros2/explore) by extension 'ignore_ament_install'
[0.147s] Level 1:colcon.colcon_core.package_identification:_identify(src/m-explore-ros2/explore) by extensions ['colcon_pkg']
[0.147s] Level 1:colcon.colcon_core.package_identification:_identify(src/m-explore-ros2/explore) by extension 'colcon_pkg'
[0.147s] Level 1:colcon.colcon_core.package_identification:_identify(src/m-explore-ros2/explore) by extensions ['colcon_meta']
[0.147s] Level 1:colcon.colcon_core.package_identification:_identify(src/m-explore-ros2/explore) by extension 'colcon_meta'
[0.148s] Level 1:colcon.colcon_core.package_identification:_identify(src/m-explore-ros2/explore) by extensions ['ros']
[0.148s] Level 1:colcon.colcon_core.package_identification:_identify(src/m-explore-ros2/explore) by extension 'ros'
[0.150s] DEBUG:colcon.colcon_core.package_identification:Package 'src/m-explore-ros2/explore' with type 'ros.ament_cmake' and name 'explore_lite'
[0.150s] Level 1:colcon.colcon_core.package_identification:_identify(src/m-explore-ros2/map_merge) by extensions ['ignore', 'ignore_ament_install']
[0.150s] Level 1:colcon.colcon_core.package_identification:_identify(src/m-explore-ros2/map_merge) by extension 'ignore'
[0.150s] Level 1:colcon.colcon_core.package_identification:_identify(src/m-explore-ros2/map_merge) by extension 'ignore_ament_install'
[0.150s] Level 1:colcon.colcon_core.package_identification:_identify(src/m-explore-ros2/map_merge) by extensions ['colcon_pkg']
[0.150s] Level 1:colcon.colcon_core.package_identification:_identify(src/m-explore-ros2/map_merge) by extension 'colcon_pkg'
[0.150s] Level 1:colcon.colcon_core.package_identification:_identify(src/m-explore-ros2/map_merge) by extensions ['colcon_meta']
[0.150s] Level 1:colcon.colcon_core.package_identification:_identify(src/m-explore-ros2/map_merge) by extension 'colcon_meta'
[0.150s] Level 1:colcon.colcon_core.package_identification:_identify(src/m-explore-ros2/map_merge) by extensions ['ros']
[0.150s] Level 1:colcon.colcon_core.package_identification:_identify(src/m-explore-ros2/map_merge) by extension 'ros'
[0.151s] DEBUG:colcon.colcon_core.package_identification:Package 'src/m-explore-ros2/map_merge' with type 'ros.ament_cmake' and name 'multirobot_map_merge'
[0.151s] Level 1:colcon.colcon_core.package_discovery:discover_packages(recursive) using defaults
[0.151s] Level 1:colcon.colcon_core.package_discovery:discover_packages(ignore) discover
[0.151s] Level 1:colcon.colcon_core.package_discovery:discover_packages(ignore) using defaults
[0.151s] Level 1:colcon.colcon_core.package_discovery:discover_packages(path) discover
[0.151s] Level 1:colcon.colcon_core.package_discovery:discover_packages(path) using defaults
[0.164s] Level 1:colcon.colcon_core.package_discovery:discover_packages(prefix_path) check parameters
[0.164s] Level 1:colcon.colcon_core.package_discovery:discover_packages(prefix_path) discover
[0.165s] WARNING:colcon.colcon_core.prefix_path.colcon:The path '/home/jjbigdub/gitrepo/rosslam_ws/install' in the environment variable COLCON_PREFIX_PATH doesn't exist
[0.165s] WARNING:colcon.colcon_ros.prefix_path.ament:The path '/home/jjbigdub/gitrepo/rosslam_ws3/install/multirobot_map_merge' in the environment variable AMENT_PREFIX_PATH doesn't exist
[0.165s] WARNING:colcon.colcon_ros.prefix_path.ament:The path '/home/jjbigdub/gitrepo/rosslam_ws3/install/explore_lite' in the environment variable AMENT_PREFIX_PATH doesn't exist
[0.165s] WARNING:colcon.colcon_ros.prefix_path.ament:The path '/home/jjbigdub/gitrepo/rosslam_ws/install/multirobot_map_merge' in the environment variable AMENT_PREFIX_PATH doesn't exist
[0.165s] WARNING:colcon.colcon_ros.prefix_path.ament:The path '/home/jjbigdub/gitrepo/rosslam_ws/install/explore_lite' in the environment variable AMENT_PREFIX_PATH doesn't exist
[0.165s] WARNING:colcon.colcon_ros.prefix_path.catkin:The path '/home/jjbigdub/gitrepo/rosslam_ws3/install/multirobot_map_merge' in the environment variable CMAKE_PREFIX_PATH doesn't exist
[0.165s] WARNING:colcon.colcon_ros.prefix_path.catkin:The path '/home/jjbigdub/gitrepo/rosslam_ws3/install/explore_lite' in the environment variable CMAKE_PREFIX_PATH doesn't exist
[0.166s] WARNING:colcon.colcon_ros.prefix_path.catkin:The path '/home/jjbigdub/gitrepo/rosslam_ws/install/multirobot_map_merge' in the environment variable CMAKE_PREFIX_PATH doesn't exist
[0.166s] WARNING:colcon.colcon_ros.prefix_path.catkin:The path '/home/jjbigdub/gitrepo/rosslam_ws/install/explore_lite' in the environment variable CMAKE_PREFIX_PATH doesn't exist
[0.166s] DEBUG:colcon.colcon_installed_package_information.package_discovery:Found 0 installed packages in /home/jjbigdub/gitrepo/rosslam_ws3/install
[0.166s] DEBUG:colcon.colcon_installed_package_information.package_discovery:Found 2 installed packages in /home/jjbigdub/gitrepo/ros2_ws/install
[0.167s] DEBUG:colcon.colcon_installed_package_information.package_discovery:Found 1 installed packages in /home/jjbigdub/gitrepo/bcr_bot/install
[0.167s] DEBUG:colcon.colcon_installed_package_information.package_discovery:Found 1 installed packages in /home/jjbigdub/urdf_ws/install
[0.167s] DEBUG:colcon.colcon_installed_package_information.package_discovery:Found 1 installed packages in /home/jjbigdub/ros2_ws/install
[0.167s] DEBUG:colcon.colcon_installed_package_information.package_discovery:Found 3 installed packages in /home/jjbigdub/ros2loc_ws/install
[0.168s] DEBUG:colcon.colcon_installed_package_information.package_discovery:Found 1 installed packages in /home/jjbigdub/gitrepo/RoboCup24/localization_24/install
[0.169s] DEBUG:colcon.colcon_installed_package_information.package_discovery:Found 395 installed packages in /opt/ros/humble
[0.171s] Level 1:colcon.colcon_core.package_discovery:discover_packages(prefix_path) using defaults
[0.215s] Level 5:colcon.colcon_core.verb:set package 'explore_lite' build argument 'cmake_args' from command line to 'None'
[0.215s] Level 5:colcon.colcon_core.verb:set package 'explore_lite' build argument 'cmake_target' from command line to 'None'
[0.215s] Level 5:colcon.colcon_core.verb:set package 'explore_lite' build argument 'cmake_target_skip_unavailable' from command line to 'False'
[0.215s] Level 5:colcon.colcon_core.verb:set package 'explore_lite' build argument 'cmake_clean_cache' from command line to 'False'
[0.215s] Level 5:colcon.colcon_core.verb:set package 'explore_lite' build argument 'cmake_clean_first' from command line to 'False'
[0.215s] Level 5:colcon.colcon_core.verb:set package 'explore_lite' build argument 'cmake_force_configure' from command line to 'False'
[0.215s] Level 5:colcon.colcon_core.verb:set package 'explore_lite' build argument 'ament_cmake_args' from command line to 'None'
[0.215s] Level 5:colcon.colcon_core.verb:set package 'explore_lite' build argument 'catkin_cmake_args' from command line to 'None'
[0.215s] Level 5:colcon.colcon_core.verb:set package 'explore_lite' build argument 'catkin_skip_building_tests' from command line to 'False'
[0.215s] DEBUG:colcon.colcon_core.verb:Building package 'explore_lite' with the following arguments: {'ament_cmake_args': None, 'build_base': '/home/jjbigdub/gitrepo/rosslam_ws3/build/explore_lite', 'catkin_cmake_args': None, 'catkin_skip_building_tests': False, 'cmake_args': None, 'cmake_clean_cache': False, 'cmake_clean_first': False, 'cmake_force_configure': False, 'cmake_target': None, 'cmake_target_skip_unavailable': False, 'install_base': '/home/jjbigdub/gitrepo/rosslam_ws3/install/explore_lite', 'merge_install': False, 'path': '/home/jjbigdub/gitrepo/rosslam_ws3/src/m-explore-ros2/explore', 'symlink_install': False, 'test_result_base': None}
[0.215s] Level 5:colcon.colcon_core.verb:set package 'multirobot_map_merge' build argument 'cmake_args' from command line to 'None'
[0.215s] Level 5:colcon.colcon_core.verb:set package 'multirobot_map_merge' build argument 'cmake_target' from command line to 'None'
[0.215s] Level 5:colcon.colcon_core.verb:set package 'multirobot_map_merge' build argument 'cmake_target_skip_unavailable' from command line to 'False'
[0.215s] Level 5:colcon.colcon_core.verb:set package 'multirobot_map_merge' build argument 'cmake_clean_cache' from command line to 'False'
[0.215s] Level 5:colcon.colcon_core.verb:set package 'multirobot_map_merge' build argument 'cmake_clean_first' from command line to 'False'
[0.215s] Level 5:colcon.colcon_core.verb:set package 'multirobot_map_merge' build argument 'cmake_force_configure' from command line to 'False'
[0.215s] Level 5:colcon.colcon_core.verb:set package 'multirobot_map_merge' build argument 'ament_cmake_args' from command line to 'None'
[0.215s] Level 5:colcon.colcon_core.verb:set package 'multirobot_map_merge' build argument 'catkin_cmake_args' from command line to 'None'
[0.215s] Level 5:colcon.colcon_core.verb:set package 'multirobot_map_merge' build argument 'catkin_skip_building_tests' from command line to 'False'
[0.215s] DEBUG:colcon.colcon_core.verb:Building package 'multirobot_map_merge' with the following arguments: {'ament_cmake_args': None, 'build_base': '/home/jjbigdub/gitrepo/rosslam_ws3/build/multirobot_map_merge', 'catkin_cmake_args': None, 'catkin_skip_building_tests': False, 'cmake_args': None, 'cmake_clean_cache': False, 'cmake_clean_first': False, 'cmake_force_configure': False, 'cmake_target': None, 'cmake_target_skip_unavailable': False, 'install_base': '/home/jjbigdub/gitrepo/rosslam_ws3/install/multirobot_map_merge', 'merge_install': False, 'path': '/home/jjbigdub/gitrepo/rosslam_ws3/src/m-explore-ros2/map_merge', 'symlink_install': False, 'test_result_base': None}
[0.215s] INFO:colcon.colcon_core.executor:Executing jobs using 'parallel' executor
[0.216s] DEBUG:colcon.colcon_parallel_executor.executor.parallel:run_until_complete
[0.216s] INFO:colcon.colcon_ros.task.ament_cmake.build:Building ROS package in '/home/jjbigdub/gitrepo/rosslam_ws3/src/m-explore-ros2/explore' with build type 'ament_cmake'
[0.216s] INFO:colcon.colcon_cmake.task.cmake.build:Building CMake package in '/home/jjbigdub/gitrepo/rosslam_ws3/src/m-explore-ros2/explore'
[0.218s] INFO:colcon.colcon_core.plugin_system:Skipping extension 'colcon_core.shell.bat': Not used on non-Windows systems
[0.218s] INFO:colcon.colcon_core.shell:Skip shell extension 'powershell' for command environment: Not usable outside of PowerShell
[0.218s] DEBUG:colcon.colcon_core.shell:Skip shell extension 'dsv' for command environment
[0.223s] INFO:colcon.colcon_ros.task.ament_cmake.build:Building ROS package in '/home/jjbigdub/gitrepo/rosslam_ws3/src/m-explore-ros2/map_merge' with build type 'ament_cmake'
[0.223s] INFO:colcon.colcon_cmake.task.cmake.build:Building CMake package in '/home/jjbigdub/gitrepo/rosslam_ws3/src/m-explore-ros2/map_merge'
[0.223s] INFO:colcon.colcon_core.shell:Skip shell extension 'powershell' for command environment: Not usable outside of PowerShell
[0.223s] DEBUG:colcon.colcon_core.shell:Skip shell extension 'dsv' for command environment
[0.230s] DEBUG:colcon.colcon_core.event_handler.log_command:Invoking command in '/home/jjbigdub/gitrepo/rosslam_ws3/build/explore_lite': CMAKE_PREFIX_PATH=${CMAKE_PREFIX_PATH}:/home/jjbigdub/ros2_ws/install/math1:/home/jjbigdub/urdf_ws/install/rocker_description:/opt/ros/humble /usr/bin/cmake /home/jjbigdub/gitrepo/rosslam_ws3/src/m-explore-ros2/explore -DCMAKE_INSTALL_PREFIX=/home/jjbigdub/gitrepo/rosslam_ws3/install/explore_lite
[0.233s] DEBUG:colcon.colcon_core.event_handler.log_command:Invoking command in '/home/jjbigdub/gitrepo/rosslam_ws3/build/multirobot_map_merge': CMAKE_PREFIX_PATH=${CMAKE_PREFIX_PATH}:/home/jjbigdub/ros2_ws/install/math1:/home/jjbigdub/urdf_ws/install/rocker_description:/opt/ros/humble /usr/bin/cmake /home/jjbigdub/gitrepo/rosslam_ws3/src/m-explore-ros2/map_merge -DCMAKE_INSTALL_PREFIX=/home/jjbigdub/gitrepo/rosslam_ws3/install/multirobot_map_merge
[1.840s] DEBUG:colcon.colcon_core.event_handler.log_command:Invoked command in '/home/jjbigdub/gitrepo/rosslam_ws3/build/explore_lite' returned '0': CMAKE_PREFIX_PATH=${CMAKE_PREFIX_PATH}:/home/jjbigdub/ros2_ws/install/math1:/home/jjbigdub/urdf_ws/install/rocker_description:/opt/ros/humble /usr/bin/cmake /home/jjbigdub/gitrepo/rosslam_ws3/src/m-explore-ros2/explore -DCMAKE_INSTALL_PREFIX=/home/jjbigdub/gitrepo/rosslam_ws3/install/explore_lite
[1.842s] DEBUG:colcon.colcon_core.event_handler.log_command:Invoking command in '/home/jjbigdub/gitrepo/rosslam_ws3/build/explore_lite': CMAKE_PREFIX_PATH=${CMAKE_PREFIX_PATH}:/home/jjbigdub/ros2_ws/install/math1:/home/jjbigdub/urdf_ws/install/rocker_description:/opt/ros/humble /usr/bin/cmake --build /home/jjbigdub/gitrepo/rosslam_ws3/build/explore_lite -- -j16 -l16
[6.655s] DEBUG:colcon.colcon_core.event_handler.log_command:Invoked command in '/home/jjbigdub/gitrepo/rosslam_ws3/build/multirobot_map_merge' returned '0': CMAKE_PREFIX_PATH=${CMAKE_PREFIX_PATH}:/home/jjbigdub/ros2_ws/install/math1:/home/jjbigdub/urdf_ws/install/rocker_description:/opt/ros/humble /usr/bin/cmake /home/jjbigdub/gitrepo/rosslam_ws3/src/m-explore-ros2/map_merge -DCMAKE_INSTALL_PREFIX=/home/jjbigdub/gitrepo/rosslam_ws3/install/multirobot_map_merge
[6.657s] DEBUG:colcon.colcon_core.event_handler.log_command:Invoking command in '/home/jjbigdub/gitrepo/rosslam_ws3/build/multirobot_map_merge': CMAKE_PREFIX_PATH=${CMAKE_PREFIX_PATH}:/home/jjbigdub/ros2_ws/install/math1:/home/jjbigdub/urdf_ws/install/rocker_description:/opt/ros/humble /usr/bin/cmake --build /home/jjbigdub/gitrepo/rosslam_ws3/build/multirobot_map_merge -- -j16 -l16
[13.609s] DEBUG:colcon.colcon_core.event_handler.log_command:Invoked command in '/home/jjbigdub/gitrepo/rosslam_ws3/build/explore_lite' returned '0': CMAKE_PREFIX_PATH=${CMAKE_PREFIX_PATH}:/home/jjbigdub/ros2_ws/install/math1:/home/jjbigdub/urdf_ws/install/rocker_description:/opt/ros/humble /usr/bin/cmake --build /home/jjbigdub/gitrepo/rosslam_ws3/build/explore_lite -- -j16 -l16
[13.655s] DEBUG:colcon.colcon_core.event_handler.log_command:Invoking command in '/home/jjbigdub/gitrepo/rosslam_ws3/build/explore_lite': CMAKE_PREFIX_PATH=${CMAKE_PREFIX_PATH}:/home/jjbigdub/ros2_ws/install/math1:/home/jjbigdub/urdf_ws/install/rocker_description:/opt/ros/humble /usr/bin/cmake --install /home/jjbigdub/gitrepo/rosslam_ws3/build/explore_lite
[13.676s] Level 1:colcon.colcon_core.environment:create_environment_scripts_only(explore_lite)
[13.676s] DEBUG:colcon.colcon_core.event_handler.log_command:Invoked command in '/home/jjbigdub/gitrepo/rosslam_ws3/build/explore_lite' returned '0': CMAKE_PREFIX_PATH=${CMAKE_PREFIX_PATH}:/home/jjbigdub/ros2_ws/install/math1:/home/jjbigdub/urdf_ws/install/rocker_description:/opt/ros/humble /usr/bin/cmake --install /home/jjbigdub/gitrepo/rosslam_ws3/build/explore_lite
[13.678s] Level 1:colcon.colcon_core.environment:checking '/home/jjbigdub/gitrepo/rosslam_ws3/install/explore_lite' for CMake module files
[13.679s] Level 1:colcon.colcon_core.environment:checking '/home/jjbigdub/gitrepo/rosslam_ws3/install/explore_lite' for CMake config files
[13.679s] Level 1:colcon.colcon_core.shell:create_environment_hook('explore_lite', 'cmake_prefix_path')
[13.679s] INFO:colcon.colcon_core.shell:Creating environment hook '/home/jjbigdub/gitrepo/rosslam_ws3/install/explore_lite/share/explore_lite/hook/cmake_prefix_path.ps1'
[13.680s] INFO:colcon.colcon_core.shell:Creating environment descriptor '/home/jjbigdub/gitrepo/rosslam_ws3/install/explore_lite/share/explore_lite/hook/cmake_prefix_path.dsv'
[13.680s] INFO:colcon.colcon_core.shell:Creating environment hook '/home/jjbigdub/gitrepo/rosslam_ws3/install/explore_lite/share/explore_lite/hook/cmake_prefix_path.sh'
[13.680s] Level 1:colcon.colcon_core.environment:checking '/home/jjbigdub/gitrepo/rosslam_ws3/install/explore_lite/lib'
[13.681s] Level 1:colcon.colcon_core.environment:checking '/home/jjbigdub/gitrepo/rosslam_ws3/install/explore_lite/bin'
[13.681s] Level 1:colcon.colcon_core.environment:checking '/home/jjbigdub/gitrepo/rosslam_ws3/install/explore_lite/lib/pkgconfig/explore_lite.pc'
[13.681s] Level 1:colcon.colcon_core.environment:checking '/home/jjbigdub/gitrepo/rosslam_ws3/install/explore_lite/lib/python3.10/site-packages'
[13.681s] Level 1:colcon.colcon_core.environment:checking '/home/jjbigdub/gitrepo/rosslam_ws3/install/explore_lite/bin'
[13.681s] INFO:colcon.colcon_core.shell:Creating package script '/home/jjbigdub/gitrepo/rosslam_ws3/install/explore_lite/share/explore_lite/package.ps1'
[13.682s] INFO:colcon.colcon_core.shell:Creating package descriptor '/home/jjbigdub/gitrepo/rosslam_ws3/install/explore_lite/share/explore_lite/package.dsv'
[13.682s] INFO:colcon.colcon_core.shell:Creating package script '/home/jjbigdub/gitrepo/rosslam_ws3/install/explore_lite/share/explore_lite/package.sh'
[13.683s] INFO:colcon.colcon_core.shell:Creating package script '/home/jjbigdub/gitrepo/rosslam_ws3/install/explore_lite/share/explore_lite/package.bash'
[13.683s] INFO:colcon.colcon_core.shell:Creating package script '/home/jjbigdub/gitrepo/rosslam_ws3/install/explore_lite/share/explore_lite/package.zsh'
[13.684s] Level 1:colcon.colcon_core.environment:create_file_with_runtime_dependencies(/home/jjbigdub/gitrepo/rosslam_ws3/install/explore_lite/share/colcon-core/packages/explore_lite)
[13.720s] Level 1:colcon.colcon_core.environment:create_environment_scripts_only(explore_lite)
[13.720s] Level 1:colcon.colcon_core.environment:checking '/home/jjbigdub/gitrepo/rosslam_ws3/install/explore_lite' for CMake module files
[13.721s] Level 1:colcon.colcon_core.environment:checking '/home/jjbigdub/gitrepo/rosslam_ws3/install/explore_lite' for CMake config files
[13.721s] Level 1:colcon.colcon_core.shell:create_environment_hook('explore_lite', 'cmake_prefix_path')
[13.721s] INFO:colcon.colcon_core.shell:Creating environment hook '/home/jjbigdub/gitrepo/rosslam_ws3/install/explore_lite/share/explore_lite/hook/cmake_prefix_path.ps1'
[13.722s] INFO:colcon.colcon_core.shell:Creating environment descriptor '/home/jjbigdub/gitrepo/rosslam_ws3/install/explore_lite/share/explore_lite/hook/cmake_prefix_path.dsv'
[13.722s] INFO:colcon.colcon_core.shell:Creating environment hook '/home/jjbigdub/gitrepo/rosslam_ws3/install/explore_lite/share/explore_lite/hook/cmake_prefix_path.sh'
[13.722s] Level 1:colcon.colcon_core.environment:checking '/home/jjbigdub/gitrepo/rosslam_ws3/install/explore_lite/lib'
[13.723s] Level 1:colcon.colcon_core.environment:checking '/home/jjbigdub/gitrepo/rosslam_ws3/install/explore_lite/bin'
[13.723s] Level 1:colcon.colcon_core.environment:checking '/home/jjbigdub/gitrepo/rosslam_ws3/install/explore_lite/lib/pkgconfig/explore_lite.pc'
[13.723s] Level 1:colcon.colcon_core.environment:checking '/home/jjbigdub/gitrepo/rosslam_ws3/install/explore_lite/lib/python3.10/site-packages'
[13.723s] Level 1:colcon.colcon_core.environment:checking '/home/jjbigdub/gitrepo/rosslam_ws3/install/explore_lite/bin'
[13.723s] INFO:colcon.colcon_core.shell:Creating package script '/home/jjbigdub/gitrepo/rosslam_ws3/install/explore_lite/share/explore_lite/package.ps1'
[13.723s] INFO:colcon.colcon_core.shell:Creating package descriptor '/home/jjbigdub/gitrepo/rosslam_ws3/install/explore_lite/share/explore_lite/package.dsv'
[13.724s] INFO:colcon.colcon_core.shell:Creating package script '/home/jjbigdub/gitrepo/rosslam_ws3/install/explore_lite/share/explore_lite/package.sh'
[13.724s] INFO:colcon.colcon_core.shell:Creating package script '/home/jjbigdub/gitrepo/rosslam_ws3/install/explore_lite/share/explore_lite/package.bash'
[13.724s] INFO:colcon.colcon_core.shell:Creating package script '/home/jjbigdub/gitrepo/rosslam_ws3/install/explore_lite/share/explore_lite/package.zsh'
[13.725s] Level 1:colcon.colcon_core.environment:create_file_with_runtime_dependencies(/home/jjbigdub/gitrepo/rosslam_ws3/install/explore_lite/share/colcon-core/packages/explore_lite)
[21.236s] DEBUG:colcon.colcon_core.event_handler.log_command:Invoked command in '/home/jjbigdub/gitrepo/rosslam_ws3/build/multirobot_map_merge' returned '0': CMAKE_PREFIX_PATH=${CMAKE_PREFIX_PATH}:/home/jjbigdub/ros2_ws/install/math1:/home/jjbigdub/urdf_ws/install/rocker_description:/opt/ros/humble /usr/bin/cmake --build /home/jjbigdub/gitrepo/rosslam_ws3/build/multirobot_map_merge -- -j16 -l16
[21.275s] DEBUG:colcon.colcon_core.event_handler.log_command:Invoking command in '/home/jjbigdub/gitrepo/rosslam_ws3/build/multirobot_map_merge': CMAKE_PREFIX_PATH=${CMAKE_PREFIX_PATH}:/home/jjbigdub/ros2_ws/install/math1:/home/jjbigdub/urdf_ws/install/rocker_description:/opt/ros/humble /usr/bin/cmake --install /home/jjbigdub/gitrepo/rosslam_ws3/build/multirobot_map_merge
[21.301s] Level 1:colcon.colcon_core.environment:create_environment_scripts_only(multirobot_map_merge)
[21.301s] DEBUG:colcon.colcon_core.event_handler.log_command:Invoked command in '/home/jjbigdub/gitrepo/rosslam_ws3/build/multirobot_map_merge' returned '0': CMAKE_PREFIX_PATH=${CMAKE_PREFIX_PATH}:/home/jjbigdub/ros2_ws/install/math1:/home/jjbigdub/urdf_ws/install/rocker_description:/opt/ros/humble /usr/bin/cmake --install /home/jjbigdub/gitrepo/rosslam_ws3/build/multirobot_map_merge
[21.302s] Level 1:colcon.colcon_core.environment:checking '/home/jjbigdub/gitrepo/rosslam_ws3/install/multirobot_map_merge' for CMake module files
[21.302s] Level 1:colcon.colcon_core.environment:checking '/home/jjbigdub/gitrepo/rosslam_ws3/install/multirobot_map_merge' for CMake config files
[21.302s] Level 1:colcon.colcon_core.shell:create_environment_hook('multirobot_map_merge', 'cmake_prefix_path')
[21.303s] INFO:colcon.colcon_core.shell:Creating environment hook '/home/jjbigdub/gitrepo/rosslam_ws3/install/multirobot_map_merge/share/multirobot_map_merge/hook/cmake_prefix_path.ps1'
[21.303s] INFO:colcon.colcon_core.shell:Creating environment descriptor '/home/jjbigdub/gitrepo/rosslam_ws3/install/multirobot_map_merge/share/multirobot_map_merge/hook/cmake_prefix_path.dsv'
[21.303s] INFO:colcon.colcon_core.shell:Creating environment hook '/home/jjbigdub/gitrepo/rosslam_ws3/install/multirobot_map_merge/share/multirobot_map_merge/hook/cmake_prefix_path.sh'
[21.304s] Level 1:colcon.colcon_core.environment:checking '/home/jjbigdub/gitrepo/rosslam_ws3/install/multirobot_map_merge/lib'
[21.304s] Level 1:colcon.colcon_core.environment:checking '/home/jjbigdub/gitrepo/rosslam_ws3/install/multirobot_map_merge/bin'
[21.304s] Level 1:colcon.colcon_core.environment:checking '/home/jjbigdub/gitrepo/rosslam_ws3/install/multirobot_map_merge/lib/pkgconfig/multirobot_map_merge.pc'
[21.304s] Level 1:colcon.colcon_core.environment:checking '/home/jjbigdub/gitrepo/rosslam_ws3/install/multirobot_map_merge/lib/python3.10/site-packages'
[21.304s] Level 1:colcon.colcon_core.environment:checking '/home/jjbigdub/gitrepo/rosslam_ws3/install/multirobot_map_merge/bin'
[21.304s] INFO:colcon.colcon_core.shell:Creating package script '/home/jjbigdub/gitrepo/rosslam_ws3/install/multirobot_map_merge/share/multirobot_map_merge/package.ps1'
[21.305s] INFO:colcon.colcon_core.shell:Creating package descriptor '/home/jjbigdub/gitrepo/rosslam_ws3/install/multirobot_map_merge/share/multirobot_map_merge/package.dsv'
[21.305s] INFO:colcon.colcon_core.shell:Creating package script '/home/jjbigdub/gitrepo/rosslam_ws3/install/multirobot_map_merge/share/multirobot_map_merge/package.sh'
[21.305s] INFO:colcon.colcon_core.shell:Creating package script '/home/jjbigdub/gitrepo/rosslam_ws3/install/multirobot_map_merge/share/multirobot_map_merge/package.bash'
[21.305s] INFO:colcon.colcon_core.shell:Creating package script '/home/jjbigdub/gitrepo/rosslam_ws3/install/multirobot_map_merge/share/multirobot_map_merge/package.zsh'
[21.306s] Level 1:colcon.colcon_core.environment:create_file_with_runtime_dependencies(/home/jjbigdub/gitrepo/rosslam_ws3/install/multirobot_map_merge/share/colcon-core/packages/multirobot_map_merge)
[21.346s] Level 1:colcon.colcon_core.environment:create_environment_scripts_only(multirobot_map_merge)
[21.346s] Level 1:colcon.colcon_core.environment:checking '/home/jjbigdub/gitrepo/rosslam_ws3/install/multirobot_map_merge' for CMake module files
[21.346s] Level 1:colcon.colcon_core.environment:checking '/home/jjbigdub/gitrepo/rosslam_ws3/install/multirobot_map_merge' for CMake config files
[21.347s] Level 1:colcon.colcon_core.shell:create_environment_hook('multirobot_map_merge', 'cmake_prefix_path')
[21.347s] INFO:colcon.colcon_core.shell:Creating environment hook '/home/jjbigdub/gitrepo/rosslam_ws3/install/multirobot_map_merge/share/multirobot_map_merge/hook/cmake_prefix_path.ps1'
[21.347s] INFO:colcon.colcon_core.shell:Creating environment descriptor '/home/jjbigdub/gitrepo/rosslam_ws3/install/multirobot_map_merge/share/multirobot_map_merge/hook/cmake_prefix_path.dsv'
[21.347s] INFO:colcon.colcon_core.shell:Creating environment hook '/home/jjbigdub/gitrepo/rosslam_ws3/install/multirobot_map_merge/share/multirobot_map_merge/hook/cmake_prefix_path.sh'
[21.348s] Level 1:colcon.colcon_core.environment:checking '/home/jjbigdub/gitrepo/rosslam_ws3/install/multirobot_map_merge/lib'
[21.348s] Level 1:colcon.colcon_core.environment:checking '/home/jjbigdub/gitrepo/rosslam_ws3/install/multirobot_map_merge/bin'
[21.348s] Level 1:colcon.colcon_core.environment:checking '/home/jjbigdub/gitrepo/rosslam_ws3/install/multirobot_map_merge/lib/pkgconfig/multirobot_map_merge.pc'
[21.348s] Level 1:colcon.colcon_core.environment:checking '/home/jjbigdub/gitrepo/rosslam_ws3/install/multirobot_map_merge/lib/python3.10/site-packages'
[21.348s] Level 1:colcon.colcon_core.environment:checking '/home/jjbigdub/gitrepo/rosslam_ws3/install/multirobot_map_merge/bin'
[21.348s] INFO:colcon.colcon_core.shell:Creating package script '/home/jjbigdub/gitrepo/rosslam_ws3/install/multirobot_map_merge/share/multirobot_map_merge/package.ps1'
[21.349s] INFO:colcon.colcon_core.shell:Creating package descriptor '/home/jjbigdub/gitrepo/rosslam_ws3/install/multirobot_map_merge/share/multirobot_map_merge/package.dsv'
[21.349s] INFO:colcon.colcon_core.shell:Creating package script '/home/jjbigdub/gitrepo/rosslam_ws3/install/multirobot_map_merge/share/multirobot_map_merge/package.sh'
[21.350s] INFO:colcon.colcon_core.shell:Creating package script '/home/jjbigdub/gitrepo/rosslam_ws3/install/multirobot_map_merge/share/multirobot_map_merge/package.bash'
[21.350s] INFO:colcon.colcon_core.shell:Creating package script '/home/jjbigdub/gitrepo/rosslam_ws3/install/multirobot_map_merge/share/multirobot_map_merge/package.zsh'
[21.350s] Level 1:colcon.colcon_core.environment:create_file_with_runtime_dependencies(/home/jjbigdub/gitrepo/rosslam_ws3/install/multirobot_map_merge/share/colcon-core/packages/multirobot_map_merge)
[21.350s] DEBUG:colcon.colcon_parallel_executor.executor.parallel:closing loop
[21.351s] DEBUG:colcon.colcon_parallel_executor.executor.parallel:loop closed
[21.351s] DEBUG:colcon.colcon_parallel_executor.executor.parallel:run_until_complete finished with '0'
[21.351s] DEBUG:colcon.colcon_core.event_reactor:joining thread
[21.367s] INFO:colcon.colcon_core.plugin_system:Skipping extension 'colcon_notification.desktop_notification.terminal_notifier': Not used on non-Darwin systems
[21.367s] INFO:colcon.colcon_core.plugin_system:Skipping extension 'colcon_notification.desktop_notification.win32': Not used on non-Windows systems
[21.367s] INFO:colcon.colcon_notification.desktop_notification:Sending desktop notification using 'notify2'
[21.378s] DEBUG:colcon.colcon_core.event_reactor:joined thread
[21.378s] INFO:colcon.colcon_core.shell:Creating prefix script '/home/jjbigdub/gitrepo/rosslam_ws3/install/local_setup.ps1'
[21.379s] INFO:colcon.colcon_core.shell:Creating prefix util module '/home/jjbigdub/gitrepo/rosslam_ws3/install/_local_setup_util_ps1.py'
[21.380s] INFO:colcon.colcon_core.shell:Creating prefix chain script '/home/jjbigdub/gitrepo/rosslam_ws3/install/setup.ps1'
[21.382s] INFO:colcon.colcon_core.shell:Creating prefix script '/home/jjbigdub/gitrepo/rosslam_ws3/install/local_setup.sh'
[21.382s] INFO:colcon.colcon_core.shell:Creating prefix util module '/home/jjbigdub/gitrepo/rosslam_ws3/install/_local_setup_util_sh.py'
[21.382s] INFO:colcon.colcon_core.shell:Creating prefix chain script '/home/jjbigdub/gitrepo/rosslam_ws3/install/setup.sh'
[21.384s] INFO:colcon.colcon_core.shell:Creating prefix script '/home/jjbigdub/gitrepo/rosslam_ws3/install/local_setup.bash'
[21.384s] INFO:colcon.colcon_core.shell:Creating prefix chain script '/home/jjbigdub/gitrepo/rosslam_ws3/install/setup.bash'
[21.385s] INFO:colcon.colcon_core.shell:Creating prefix script '/home/jjbigdub/gitrepo/rosslam_ws3/install/local_setup.zsh'
[21.385s] INFO:colcon.colcon_core.shell:Creating prefix chain script '/home/jjbigdub/gitrepo/rosslam_ws3/install/setup.zsh'
