[0.034s] Invoking command in '/home/jjbigdub/gitrepo/rosslam_ws/build/explore_lite': CMAKE_PREFIX_PATH=${CMAKE_PREFIX_PATH}:/home/jjbigdub/ros2_ws/install/math1:/home/jjbigdub/urdf_ws/install/rocker_description:/opt/ros/humble /usr/bin/cmake /home/jjbigdub/gitrepo/rosslam_ws/src/m-explore-ros2/explore -DCMAKE_INSTALL_PREFIX=/home/jjbigdub/gitrepo/rosslam_ws/install/explore_lite
[0.173s] -- The C compiler identification is GNU 11.4.0
[0.292s] -- The CXX compiler identification is GNU 11.4.0
[0.305s] -- Detecting C compiler ABI info
[0.427s] -- Detecting C compiler ABI info - done
[0.445s] -- Check for working C compiler: /usr/bin/cc - skipped
[0.445s] -- Detecting C compile features
[0.446s] -- Detecting C compile features - done
[0.451s] -- Detecting CXX compiler ABI info
[0.583s] -- Detecting CXX compiler ABI info - done
[0.593s] -- Check for working CXX compiler: /usr/bin/c++ - skipped
[0.593s] -- Detecting CXX compile features
[0.594s] -- Detecting CXX compile features - done
[0.595s] -- BuilD for ROS2: humble
[0.600s] -- Found ament_cmake: 1.3.10 (/opt/ros/humble/share/ament_cmake/cmake)
[1.072s] -- Found Python3: /usr/bin/python3 (found version "3.10.12") found components: Interpreter 
[1.207s] -- Found rclcpp: 16.0.10 (/opt/ros/humble/share/rclcpp/cmake)
[1.274s] -- Found rosidl_generator_c: 3.1.5 (/opt/ros/humble/share/rosidl_generator_c/cmake)
[1.283s] -- Found rosidl_adapter: 3.1.5 (/opt/ros/humble/share/rosidl_adapter/cmake)
[1.295s] -- Found rosidl_generator_cpp: 3.1.5 (/opt/ros/humble/share/rosidl_generator_cpp/cmake)
[1.312s] -- Using all available rosidl_typesupport_c: rosidl_typesupport_fastrtps_c;rosidl_typesupport_introspection_c
[1.334s] -- Using all available rosidl_typesupport_cpp: rosidl_typesupport_fastrtps_cpp;rosidl_typesupport_introspection_cpp
[1.396s] -- Found rmw_implementation_cmake: 6.1.2 (/opt/ros/humble/share/rmw_implementation_cmake/cmake)
[1.400s] -- Found rmw_fastrtps_cpp: 6.2.7 (/opt/ros/humble/share/rmw_fastrtps_cpp/cmake)
[1.518s] -- Found OpenSSL: /usr/lib/x86_64-linux-gnu/libcrypto.so (found version "3.0.2")  
[1.552s] -- Found FastRTPS: /opt/ros/humble/include  
[1.604s] -- Using RMW implementation 'rmw_fastrtps_cpp' as default
[1.619s] -- Looking for pthread.h
[1.698s] -- Looking for pthread.h - found
[1.699s] -- Performing Test CMAKE_HAVE_LIBC_PTHREAD
[1.773s] -- Performing Test CMAKE_HAVE_LIBC_PTHREAD - Success
[1.774s] -- Found Threads: TRUE  
[1.827s] -- Found sensor_msgs: 4.2.4 (/opt/ros/humble/share/sensor_msgs/cmake)
[1.856s] -- Found tf2_ros: 0.25.8 (/opt/ros/humble/share/tf2_ros/cmake)
[1.957s] -- Found tf2_geometry_msgs: 0.25.8 (/opt/ros/humble/share/tf2_geometry_msgs/cmake)
[1.975s] -- Found eigen3_cmake_module: 0.1.1 (/opt/ros/humble/share/eigen3_cmake_module/cmake)
[1.976s] -- Found Eigen3: TRUE (found version "3.4.0") 
[1.976s] -- Ensuring Eigen3 include directory is part of orocos-kdl CMake target
[1.981s] -- Found nav2_msgs: 1.1.16 (/opt/ros/humble/share/nav2_msgs/cmake)
[2.021s] -- Found map_msgs: 2.1.0 (/opt/ros/humble/share/map_msgs/cmake)
[2.037s] -- Found visualization_msgs: 4.2.4 (/opt/ros/humble/share/visualization_msgs/cmake)
[2.055s] -- Found nav2_costmap_2d: 1.1.16 (/opt/ros/humble/share/nav2_costmap_2d/cmake)
[2.197s] -- Found ament_lint_auto: 0.12.11 (/opt/ros/humble/share/ament_lint_auto/cmake)
[2.289s] -- Found ament_cmake_gtest: 1.3.10 (/opt/ros/humble/share/ament_cmake_gtest/cmake)
[2.294s] -- Found gtest sources under '/opt/ros/humble/src/gtest_vendor': C++ tests using 'Google Test' will be built
[2.307s] -- Added test 'cppcheck' to perform static code analysis on C / C++ code
[2.308s] -- Configured cppcheck include dirs: /home/jjbigdub/gitrepo/rosslam_ws/src/m-explore-ros2/explore/include;$<BUILD_INTERFACE:/home/jjbigdub/gitrepo/rosslam_ws/src/m-explore-ros2/explore/include>
[2.308s] -- Configured cppcheck exclude dirs and/or files: 
[2.308s] -- Added test 'flake8' to check Python code syntax and style conventions
[2.309s] -- Added test 'lint_cmake' to check CMake code style
[2.310s] -- Added test 'pep257' to check Python code against some of the docstring style conventions in PEP 257
[2.311s] -- Added test 'uncrustify' to check C / C++ code style
[2.311s] -- Configured uncrustify additional arguments: 
[2.312s] -- Added test 'xmllint' to check XML markup files
[2.314s] -- Configuring done
[2.412s] -- Generating done
[2.414s] -- Build files have been written to: /home/jjbigdub/gitrepo/rosslam_ws/build/explore_lite
[2.427s] Invoked command in '/home/jjbigdub/gitrepo/rosslam_ws/build/explore_lite' returned '0': CMAKE_PREFIX_PATH=${CMAKE_PREFIX_PATH}:/home/jjbigdub/ros2_ws/install/math1:/home/jjbigdub/urdf_ws/install/rocker_description:/opt/ros/humble /usr/bin/cmake /home/jjbigdub/gitrepo/rosslam_ws/src/m-explore-ros2/explore -DCMAKE_INSTALL_PREFIX=/home/jjbigdub/gitrepo/rosslam_ws/install/explore_lite
[2.429s] Invoking command in '/home/jjbigdub/gitrepo/rosslam_ws/build/explore_lite': CMAKE_PREFIX_PATH=${CMAKE_PREFIX_PATH}:/home/jjbigdub/ros2_ws/install/math1:/home/jjbigdub/urdf_ws/install/rocker_description:/opt/ros/humble /usr/bin/cmake --build /home/jjbigdub/gitrepo/rosslam_ws/build/explore_lite -- -j16 -l16
[2.478s] [ 20%] [32mBuilding CXX object gtest/CMakeFiles/gtest.dir/src/gtest-all.cc.o[0m
[2.479s] [ 20%] [32mBuilding CXX object gtest/CMakeFiles/gtest_main.dir/src/gtest_main.cc.o[0m
[2.479s] [ 30%] [32mBuilding CXX object CMakeFiles/explore.dir/src/costmap_client.cpp.o[0m
[2.480s] [ 40%] [32mBuilding CXX object CMakeFiles/explore.dir/src/explore.cpp.o[0m
[2.480s] [ 50%] [32mBuilding CXX object CMakeFiles/explore.dir/src/frontier_search.cpp.o[0m
[3.026s] [ 60%] [32m[1mLinking CXX static library libgtest_main.a[0m
[3.168s] [ 60%] Built target gtest_main
[4.945s] [ 70%] [32m[1mLinking CXX static library libgtest.a[0m
[5.041s] [ 70%] Built target gtest
[5.064s] [ 80%] [32mBuilding CXX object CMakeFiles/test_explore.dir/test/test_explore.cpp.o[0m
[6.141s] [ 90%] [32m[1mLinking CXX executable test_explore[0m
[6.891s] [ 90%] Built target test_explore
[13.482s] [100%] [32m[1mLinking CXX executable explore[0m
[14.851s] [100%] Built target explore
[14.863s] Invoked command in '/home/jjbigdub/gitrepo/rosslam_ws/build/explore_lite' returned '0': CMAKE_PREFIX_PATH=${CMAKE_PREFIX_PATH}:/home/jjbigdub/ros2_ws/install/math1:/home/jjbigdub/urdf_ws/install/rocker_description:/opt/ros/humble /usr/bin/cmake --build /home/jjbigdub/gitrepo/rosslam_ws/build/explore_lite -- -j16 -l16
[14.915s] Invoking command in '/home/jjbigdub/gitrepo/rosslam_ws/build/explore_lite': CMAKE_PREFIX_PATH=${CMAKE_PREFIX_PATH}:/home/jjbigdub/ros2_ws/install/math1:/home/jjbigdub/urdf_ws/install/rocker_description:/opt/ros/humble /usr/bin/cmake --install /home/jjbigdub/gitrepo/rosslam_ws/build/explore_lite
[14.921s] -- Install configuration: ""
[14.921s] -- Installing: /home/jjbigdub/gitrepo/rosslam_ws/install/explore_lite/include/explore/
[14.921s] -- Installing: /home/jjbigdub/gitrepo/rosslam_ws/install/explore_lite/include/explore//costmap_tools.h
[14.921s] -- Installing: /home/jjbigdub/gitrepo/rosslam_ws/install/explore_lite/include/explore//costmap_client.h
[14.921s] -- Installing: /home/jjbigdub/gitrepo/rosslam_ws/install/explore_lite/include/explore//frontier_search.h
[14.921s] -- Installing: /home/jjbigdub/gitrepo/rosslam_ws/install/explore_lite/include/explore//explore.h
[14.922s] -- Installing: /home/jjbigdub/gitrepo/rosslam_ws/install/explore_lite/share/explore_lite/config
[14.922s] -- Installing: /home/jjbigdub/gitrepo/rosslam_ws/install/explore_lite/share/explore_lite/config/params.yaml
[14.922s] -- Installing: /home/jjbigdub/gitrepo/rosslam_ws/install/explore_lite/share/explore_lite/config/params_costmap.yaml
[14.922s] -- Installing: /home/jjbigdub/gitrepo/rosslam_ws/install/explore_lite/share/explore_lite/launch
[14.922s] -- Installing: /home/jjbigdub/gitrepo/rosslam_ws/install/explore_lite/share/explore_lite/launch/explore.launch.py
[14.922s] -- Installing: /home/jjbigdub/gitrepo/rosslam_ws/install/explore_lite/lib/explore_lite/explore
[14.930s] -- Set runtime path of "/home/jjbigdub/gitrepo/rosslam_ws/install/explore_lite/lib/explore_lite/explore" to ""
[14.930s] -- Installing: /home/jjbigdub/gitrepo/rosslam_ws/install/explore_lite/share/ament_index/resource_index/package_run_dependencies/explore_lite
[14.931s] -- Installing: /home/jjbigdub/gitrepo/rosslam_ws/install/explore_lite/share/ament_index/resource_index/parent_prefix_path/explore_lite
[14.931s] -- Installing: /home/jjbigdub/gitrepo/rosslam_ws/install/explore_lite/share/explore_lite/environment/ament_prefix_path.sh
[14.931s] -- Installing: /home/jjbigdub/gitrepo/rosslam_ws/install/explore_lite/share/explore_lite/environment/ament_prefix_path.dsv
[14.931s] -- Installing: /home/jjbigdub/gitrepo/rosslam_ws/install/explore_lite/share/explore_lite/environment/path.sh
[14.931s] -- Installing: /home/jjbigdub/gitrepo/rosslam_ws/install/explore_lite/share/explore_lite/environment/path.dsv
[14.932s] -- Installing: /home/jjbigdub/gitrepo/rosslam_ws/install/explore_lite/share/explore_lite/local_setup.bash
[14.932s] -- Installing: /home/jjbigdub/gitrepo/rosslam_ws/install/explore_lite/share/explore_lite/local_setup.sh
[14.932s] -- Installing: /home/jjbigdub/gitrepo/rosslam_ws/install/explore_lite/share/explore_lite/local_setup.zsh
[14.932s] -- Installing: /home/jjbigdub/gitrepo/rosslam_ws/install/explore_lite/share/explore_lite/local_setup.dsv
[14.932s] -- Installing: /home/jjbigdub/gitrepo/rosslam_ws/install/explore_lite/share/explore_lite/package.dsv
[14.932s] -- Installing: /home/jjbigdub/gitrepo/rosslam_ws/install/explore_lite/share/ament_index/resource_index/packages/explore_lite
[14.932s] -- Installing: /home/jjbigdub/gitrepo/rosslam_ws/install/explore_lite/share/explore_lite/cmake/ament_cmake_export_include_directories-extras.cmake
[14.933s] -- Installing: /home/jjbigdub/gitrepo/rosslam_ws/install/explore_lite/share/explore_lite/cmake/explore_liteConfig.cmake
[14.933s] -- Installing: /home/jjbigdub/gitrepo/rosslam_ws/install/explore_lite/share/explore_lite/cmake/explore_liteConfig-version.cmake
[14.933s] -- Installing: /home/jjbigdub/gitrepo/rosslam_ws/install/explore_lite/share/explore_lite/package.xml
[14.935s] Invoked command in '/home/jjbigdub/gitrepo/rosslam_ws/build/explore_lite' returned '0': CMAKE_PREFIX_PATH=${CMAKE_PREFIX_PATH}:/home/jjbigdub/ros2_ws/install/math1:/home/jjbigdub/urdf_ws/install/rocker_description:/opt/ros/humble /usr/bin/cmake --install /home/jjbigdub/gitrepo/rosslam_ws/build/explore_lite
