[0.210s] DEBUG:colcon:Command line arguments: ['/usr/bin/colcon', 'build']
[0.210s] DEBUG:colcon:Parsed command line arguments: Namespace(log_base=None, log_level=None, verb_name='build', build_base='build', install_base='install', merge_install=False, symlink_install=False, test_result_base=None, continue_on_error=False, executor='parallel', parallel_workers=4, event_handlers=None, ignore_user_meta=False, metas=['./colcon.meta'], base_paths=['.'], packages_ignore=None, packages_ignore_regex=None, paths=None, packages_up_to=None, packages_up_to_regex=None, packages_above=None, packages_above_and_dependencies=None, packages_above_depth=None, packages_select_by_dep=None, packages_skip_by_dep=None, packages_skip_up_to=None, packages_select_build_failed=False, packages_skip_build_finished=False, packages_select_test_failures=False, packages_skip_test_passed=False, packages_select=None, packages_skip=None, packages_select_regex=None, packages_skip_regex=None, packages_start=None, packages_end=None, allow_overriding=[], cmake_args=None, cmake_target=None, cmake_target_skip_unavailable=False, cmake_clean_cache=False, cmake_clean_first=False, cmake_force_configure=False, ament_cmake_args=None, catkin_cmake_args=None, catkin_skip_building_tests=False, verb_parser=<colcon_defaults.argument_parser.defaults.DefaultArgumentsDecorator object at 0x77b5b4248550>, verb_extension=<colcon_core.verb.build.BuildVerb object at 0x77b5b4341120>, main=<bound method BuildVerb.main of <colcon_core.verb.build.BuildVerb object at 0x77b5b4341120>>)
[0.530s] Level 1:colcon.colcon_core.package_discovery:discover_packages(colcon_meta) check parameters
[0.531s] Level 1:colcon.colcon_core.package_discovery:discover_packages(recursive) check parameters
[0.531s] Level 1:colcon.colcon_core.package_discovery:discover_packages(ignore) check parameters
[0.531s] Level 1:colcon.colcon_core.package_discovery:discover_packages(path) check parameters
[0.531s] Level 1:colcon.colcon_core.package_discovery:discover_packages(colcon_meta) discover
[0.531s] Level 1:colcon.colcon_core.package_discovery:discover_packages(recursive) discover
[0.531s] INFO:colcon.colcon_core.package_discovery:Crawling recursively for packages in '/home/joel-bansal/bharat_ws'
[0.531s] Level 1:colcon.colcon_core.package_identification:_identify(.) by extensions ['ignore', 'ignore_ament_install']
[0.531s] Level 1:colcon.colcon_core.package_identification:_identify(.) by extension 'ignore'
[0.531s] Level 1:colcon.colcon_core.package_identification:_identify(.) by extension 'ignore_ament_install'
[0.531s] Level 1:colcon.colcon_core.package_identification:_identify(.) by extensions ['colcon_pkg']
[0.532s] Level 1:colcon.colcon_core.package_identification:_identify(.) by extension 'colcon_pkg'
[0.532s] Level 1:colcon.colcon_core.package_identification:_identify(.) by extensions ['colcon_meta']
[0.532s] Level 1:colcon.colcon_core.package_identification:_identify(.) by extension 'colcon_meta'
[0.532s] Level 1:colcon.colcon_core.package_identification:_identify(.) by extensions ['ros']
[0.532s] Level 1:colcon.colcon_core.package_identification:_identify(.) by extension 'ros'
[0.555s] Level 1:colcon.colcon_core.package_identification:_identify(.) by extensions ['cmake', 'python']
[0.555s] Level 1:colcon.colcon_core.package_identification:_identify(.) by extension 'cmake'
[0.555s] Level 1:colcon.colcon_core.package_identification:_identify(.) by extension 'python'
[0.555s] Level 1:colcon.colcon_core.package_identification:_identify(.) by extensions ['python_setup_py']
[0.555s] Level 1:colcon.colcon_core.package_identification:_identify(.) by extension 'python_setup_py'
[0.556s] Level 1:colcon.colcon_core.package_identification:_identify(build) by extensions ['ignore', 'ignore_ament_install']
[0.556s] Level 1:colcon.colcon_core.package_identification:_identify(build) by extension 'ignore'
[0.556s] Level 1:colcon.colcon_core.package_identification:_identify(build) ignored
[0.556s] Level 1:colcon.colcon_core.package_identification:_identify(install) by extensions ['ignore', 'ignore_ament_install']
[0.557s] Level 1:colcon.colcon_core.package_identification:_identify(install) by extension 'ignore'
[0.557s] Level 1:colcon.colcon_core.package_identification:_identify(install) ignored
[0.557s] Level 1:colcon.colcon_core.package_identification:_identify(log) by extensions ['ignore', 'ignore_ament_install']
[0.557s] Level 1:colcon.colcon_core.package_identification:_identify(log) by extension 'ignore'
[0.557s] Level 1:colcon.colcon_core.package_identification:_identify(log) ignored
[0.558s] Level 1:colcon.colcon_core.package_identification:_identify(src) by extensions ['ignore', 'ignore_ament_install']
[0.558s] Level 1:colcon.colcon_core.package_identification:_identify(src) by extension 'ignore'
[0.558s] Level 1:colcon.colcon_core.package_identification:_identify(src) by extension 'ignore_ament_install'
[0.558s] Level 1:colcon.colcon_core.package_identification:_identify(src) by extensions ['colcon_pkg']
[0.558s] Level 1:colcon.colcon_core.package_identification:_identify(src) by extension 'colcon_pkg'
[0.558s] Level 1:colcon.colcon_core.package_identification:_identify(src) by extensions ['colcon_meta']
[0.559s] Level 1:colcon.colcon_core.package_identification:_identify(src) by extension 'colcon_meta'
[0.559s] Level 1:colcon.colcon_core.package_identification:_identify(src) by extensions ['ros']
[0.559s] Level 1:colcon.colcon_core.package_identification:_identify(src) by extension 'ros'
[0.559s] Level 1:colcon.colcon_core.package_identification:_identify(src) by extensions ['cmake', 'python']
[0.559s] Level 1:colcon.colcon_core.package_identification:_identify(src) by extension 'cmake'
[0.559s] Level 1:colcon.colcon_core.package_identification:_identify(src) by extension 'python'
[0.559s] Level 1:colcon.colcon_core.package_identification:_identify(src) by extensions ['python_setup_py']
[0.560s] Level 1:colcon.colcon_core.package_identification:_identify(src) by extension 'python_setup_py'
[0.560s] Level 1:colcon.colcon_core.package_identification:_identify(src/m-explore-ros2) by extensions ['ignore', 'ignore_ament_install']
[0.560s] Level 1:colcon.colcon_core.package_identification:_identify(src/m-explore-ros2) by extension 'ignore'
[0.560s] Level 1:colcon.colcon_core.package_identification:_identify(src/m-explore-ros2) by extension 'ignore_ament_install'
[0.560s] Level 1:colcon.colcon_core.package_identification:_identify(src/m-explore-ros2) by extensions ['colcon_pkg']
[0.560s] Level 1:colcon.colcon_core.package_identification:_identify(src/m-explore-ros2) by extension 'colcon_pkg'
[0.560s] Level 1:colcon.colcon_core.package_identification:_identify(src/m-explore-ros2) by extensions ['colcon_meta']
[0.561s] Level 1:colcon.colcon_core.package_identification:_identify(src/m-explore-ros2) by extension 'colcon_meta'
[0.561s] Level 1:colcon.colcon_core.package_identification:_identify(src/m-explore-ros2) by extensions ['ros']
[0.561s] Level 1:colcon.colcon_core.package_identification:_identify(src/m-explore-ros2) by extension 'ros'
[0.561s] Level 1:colcon.colcon_core.package_identification:_identify(src/m-explore-ros2) by extensions ['cmake', 'python']
[0.561s] Level 1:colcon.colcon_core.package_identification:_identify(src/m-explore-ros2) by extension 'cmake'
[0.561s] Level 1:colcon.colcon_core.package_identification:_identify(src/m-explore-ros2) by extension 'python'
[0.561s] Level 1:colcon.colcon_core.package_identification:_identify(src/m-explore-ros2) by extensions ['python_setup_py']
[0.561s] Level 1:colcon.colcon_core.package_identification:_identify(src/m-explore-ros2) by extension 'python_setup_py'
[0.562s] Level 1:colcon.colcon_core.package_identification:_identify(src/m-explore-ros2/explore) by extensions ['ignore', 'ignore_ament_install']
[0.562s] Level 1:colcon.colcon_core.package_identification:_identify(src/m-explore-ros2/explore) by extension 'ignore'
[0.562s] Level 1:colcon.colcon_core.package_identification:_identify(src/m-explore-ros2/explore) by extension 'ignore_ament_install'
[0.562s] Level 1:colcon.colcon_core.package_identification:_identify(src/m-explore-ros2/explore) by extensions ['colcon_pkg']
[0.563s] Level 1:colcon.colcon_core.package_identification:_identify(src/m-explore-ros2/explore) by extension 'colcon_pkg'
[0.563s] Level 1:colcon.colcon_core.package_identification:_identify(src/m-explore-ros2/explore) by extensions ['colcon_meta']
[0.563s] Level 1:colcon.colcon_core.package_identification:_identify(src/m-explore-ros2/explore) by extension 'colcon_meta'
[0.563s] Level 1:colcon.colcon_core.package_identification:_identify(src/m-explore-ros2/explore) by extensions ['ros']
[0.563s] Level 1:colcon.colcon_core.package_identification:_identify(src/m-explore-ros2/explore) by extension 'ros'
[0.569s] DEBUG:colcon.colcon_core.package_identification:Package 'src/m-explore-ros2/explore' with type 'ros.ament_cmake' and name 'explore_lite'
[0.569s] Level 1:colcon.colcon_core.package_identification:_identify(src/m-explore-ros2/map_merge) by extensions ['ignore', 'ignore_ament_install']
[0.569s] Level 1:colcon.colcon_core.package_identification:_identify(src/m-explore-ros2/map_merge) by extension 'ignore'
[0.570s] Level 1:colcon.colcon_core.package_identification:_identify(src/m-explore-ros2/map_merge) by extension 'ignore_ament_install'
[0.570s] Level 1:colcon.colcon_core.package_identification:_identify(src/m-explore-ros2/map_merge) by extensions ['colcon_pkg']
[0.570s] Level 1:colcon.colcon_core.package_identification:_identify(src/m-explore-ros2/map_merge) by extension 'colcon_pkg'
[0.570s] Level 1:colcon.colcon_core.package_identification:_identify(src/m-explore-ros2/map_merge) by extensions ['colcon_meta']
[0.570s] Level 1:colcon.colcon_core.package_identification:_identify(src/m-explore-ros2/map_merge) by extension 'colcon_meta'
[0.570s] Level 1:colcon.colcon_core.package_identification:_identify(src/m-explore-ros2/map_merge) by extensions ['ros']
[0.570s] Level 1:colcon.colcon_core.package_identification:_identify(src/m-explore-ros2/map_merge) by extension 'ros'
[0.573s] DEBUG:colcon.colcon_core.package_identification:Package 'src/m-explore-ros2/map_merge' with type 'ros.ament_cmake' and name 'multirobot_map_merge'
[0.573s] Level 1:colcon.colcon_core.package_identification:_identify(src/slam_gmapping) by extensions ['ignore', 'ignore_ament_install']
[0.573s] Level 1:colcon.colcon_core.package_identification:_identify(src/slam_gmapping) by extension 'ignore'
[0.573s] Level 1:colcon.colcon_core.package_identification:_identify(src/slam_gmapping) by extension 'ignore_ament_install'
[0.574s] Level 1:colcon.colcon_core.package_identification:_identify(src/slam_gmapping) by extensions ['colcon_pkg']
[0.574s] Level 1:colcon.colcon_core.package_identification:_identify(src/slam_gmapping) by extension 'colcon_pkg'
[0.574s] Level 1:colcon.colcon_core.package_identification:_identify(src/slam_gmapping) by extensions ['colcon_meta']
[0.574s] Level 1:colcon.colcon_core.package_identification:_identify(src/slam_gmapping) by extension 'colcon_meta'
[0.574s] Level 1:colcon.colcon_core.package_identification:_identify(src/slam_gmapping) by extensions ['ros']
[0.574s] Level 1:colcon.colcon_core.package_identification:_identify(src/slam_gmapping) by extension 'ros'
[0.574s] Level 1:colcon.colcon_core.package_identification:_identify(src/slam_gmapping) by extensions ['cmake', 'python']
[0.575s] Level 1:colcon.colcon_core.package_identification:_identify(src/slam_gmapping) by extension 'cmake'
[0.575s] Level 1:colcon.colcon_core.package_identification:_identify(src/slam_gmapping) by extension 'python'
[0.575s] Level 1:colcon.colcon_core.package_identification:_identify(src/slam_gmapping) by extensions ['python_setup_py']
[0.575s] Level 1:colcon.colcon_core.package_identification:_identify(src/slam_gmapping) by extension 'python_setup_py'
[0.575s] Level 1:colcon.colcon_core.package_identification:_identify(src/slam_gmapping/openslam_gmapping) by extensions ['ignore', 'ignore_ament_install']
[0.576s] Level 1:colcon.colcon_core.package_identification:_identify(src/slam_gmapping/openslam_gmapping) by extension 'ignore'
[0.576s] Level 1:colcon.colcon_core.package_identification:_identify(src/slam_gmapping/openslam_gmapping) by extension 'ignore_ament_install'
[0.576s] Level 1:colcon.colcon_core.package_identification:_identify(src/slam_gmapping/openslam_gmapping) by extensions ['colcon_pkg']
[0.576s] Level 1:colcon.colcon_core.package_identification:_identify(src/slam_gmapping/openslam_gmapping) by extension 'colcon_pkg'
[0.576s] Level 1:colcon.colcon_core.package_identification:_identify(src/slam_gmapping/openslam_gmapping) by extensions ['colcon_meta']
[0.576s] Level 1:colcon.colcon_core.package_identification:_identify(src/slam_gmapping/openslam_gmapping) by extension 'colcon_meta'
[0.576s] Level 1:colcon.colcon_core.package_identification:_identify(src/slam_gmapping/openslam_gmapping) by extensions ['ros']
[0.576s] Level 1:colcon.colcon_core.package_identification:_identify(src/slam_gmapping/openslam_gmapping) by extension 'ros'
[0.578s] DEBUG:colcon.colcon_core.package_identification:Package 'src/slam_gmapping/openslam_gmapping' with type 'ros.ament_cmake' and name 'openslam_gmapping'
[0.578s] Level 1:colcon.colcon_core.package_identification:_identify(src/slam_gmapping/slam_gmapping) by extensions ['ignore', 'ignore_ament_install']
[0.578s] Level 1:colcon.colcon_core.package_identification:_identify(src/slam_gmapping/slam_gmapping) by extension 'ignore'
[0.578s] Level 1:colcon.colcon_core.package_identification:_identify(src/slam_gmapping/slam_gmapping) by extension 'ignore_ament_install'
[0.578s] Level 1:colcon.colcon_core.package_identification:_identify(src/slam_gmapping/slam_gmapping) by extensions ['colcon_pkg']
[0.578s] Level 1:colcon.colcon_core.package_identification:_identify(src/slam_gmapping/slam_gmapping) by extension 'colcon_pkg'
[0.578s] Level 1:colcon.colcon_core.package_identification:_identify(src/slam_gmapping/slam_gmapping) by extensions ['colcon_meta']
[0.578s] Level 1:colcon.colcon_core.package_identification:_identify(src/slam_gmapping/slam_gmapping) by extension 'colcon_meta'
[0.579s] Level 1:colcon.colcon_core.package_identification:_identify(src/slam_gmapping/slam_gmapping) by extensions ['ros']
[0.579s] Level 1:colcon.colcon_core.package_identification:_identify(src/slam_gmapping/slam_gmapping) by extension 'ros'
[0.581s] DEBUG:colcon.colcon_core.package_identification:Package 'src/slam_gmapping/slam_gmapping' with type 'ros.ament_cmake' and name 'slam_gmapping'
[0.581s] Level 1:colcon.colcon_core.package_discovery:discover_packages(recursive) using defaults
[0.581s] Level 1:colcon.colcon_core.package_discovery:discover_packages(ignore) discover
[0.581s] Level 1:colcon.colcon_core.package_discovery:discover_packages(ignore) using defaults
[0.581s] Level 1:colcon.colcon_core.package_discovery:discover_packages(path) discover
[0.581s] Level 1:colcon.colcon_core.package_discovery:discover_packages(path) using defaults
[0.637s] Level 1:colcon.colcon_core.package_discovery:discover_packages(prefix_path) check parameters
[0.637s] Level 1:colcon.colcon_core.package_discovery:discover_packages(prefix_path) discover
[0.642s] DEBUG:colcon.colcon_installed_package_information.package_discovery:Found 345 installed packages in /opt/ros/humble
[0.645s] Level 1:colcon.colcon_core.package_discovery:discover_packages(prefix_path) using defaults
[0.733s] Level 5:colcon.colcon_core.verb:set package 'explore_lite' build argument 'cmake_args' from command line to 'None'
[0.733s] Level 5:colcon.colcon_core.verb:set package 'explore_lite' build argument 'cmake_target' from command line to 'None'
[0.733s] Level 5:colcon.colcon_core.verb:set package 'explore_lite' build argument 'cmake_target_skip_unavailable' from command line to 'False'
[0.733s] Level 5:colcon.colcon_core.verb:set package 'explore_lite' build argument 'cmake_clean_cache' from command line to 'False'
[0.733s] Level 5:colcon.colcon_core.verb:set package 'explore_lite' build argument 'cmake_clean_first' from command line to 'False'
[0.733s] Level 5:colcon.colcon_core.verb:set package 'explore_lite' build argument 'cmake_force_configure' from command line to 'False'
[0.733s] Level 5:colcon.colcon_core.verb:set package 'explore_lite' build argument 'ament_cmake_args' from command line to 'None'
[0.733s] Level 5:colcon.colcon_core.verb:set package 'explore_lite' build argument 'catkin_cmake_args' from command line to 'None'
[0.733s] Level 5:colcon.colcon_core.verb:set package 'explore_lite' build argument 'catkin_skip_building_tests' from command line to 'False'
[0.733s] DEBUG:colcon.colcon_core.verb:Building package 'explore_lite' with the following arguments: {'ament_cmake_args': None, 'build_base': '/home/joel-bansal/bharat_ws/build/explore_lite', 'catkin_cmake_args': None, 'catkin_skip_building_tests': False, 'cmake_args': None, 'cmake_clean_cache': False, 'cmake_clean_first': False, 'cmake_force_configure': False, 'cmake_target': None, 'cmake_target_skip_unavailable': False, 'install_base': '/home/joel-bansal/bharat_ws/install/explore_lite', 'merge_install': False, 'path': '/home/joel-bansal/bharat_ws/src/m-explore-ros2/explore', 'symlink_install': False, 'test_result_base': None}
[0.734s] Level 5:colcon.colcon_core.verb:set package 'multirobot_map_merge' build argument 'cmake_args' from command line to 'None'
[0.734s] Level 5:colcon.colcon_core.verb:set package 'multirobot_map_merge' build argument 'cmake_target' from command line to 'None'
[0.734s] Level 5:colcon.colcon_core.verb:set package 'multirobot_map_merge' build argument 'cmake_target_skip_unavailable' from command line to 'False'
[0.734s] Level 5:colcon.colcon_core.verb:set package 'multirobot_map_merge' build argument 'cmake_clean_cache' from command line to 'False'
[0.734s] Level 5:colcon.colcon_core.verb:set package 'multirobot_map_merge' build argument 'cmake_clean_first' from command line to 'False'
[0.735s] Level 5:colcon.colcon_core.verb:set package 'multirobot_map_merge' build argument 'cmake_force_configure' from command line to 'False'
[0.735s] Level 5:colcon.colcon_core.verb:set package 'multirobot_map_merge' build argument 'ament_cmake_args' from command line to 'None'
[0.735s] Level 5:colcon.colcon_core.verb:set package 'multirobot_map_merge' build argument 'catkin_cmake_args' from command line to 'None'
[0.735s] Level 5:colcon.colcon_core.verb:set package 'multirobot_map_merge' build argument 'catkin_skip_building_tests' from command line to 'False'
[0.735s] DEBUG:colcon.colcon_core.verb:Building package 'multirobot_map_merge' with the following arguments: {'ament_cmake_args': None, 'build_base': '/home/joel-bansal/bharat_ws/build/multirobot_map_merge', 'catkin_cmake_args': None, 'catkin_skip_building_tests': False, 'cmake_args': None, 'cmake_clean_cache': False, 'cmake_clean_first': False, 'cmake_force_configure': False, 'cmake_target': None, 'cmake_target_skip_unavailable': False, 'install_base': '/home/joel-bansal/bharat_ws/install/multirobot_map_merge', 'merge_install': False, 'path': '/home/joel-bansal/bharat_ws/src/m-explore-ros2/map_merge', 'symlink_install': False, 'test_result_base': None}
[0.735s] Level 5:colcon.colcon_core.verb:set package 'openslam_gmapping' build argument 'cmake_args' from command line to 'None'
[0.735s] Level 5:colcon.colcon_core.verb:set package 'openslam_gmapping' build argument 'cmake_target' from command line to 'None'
[0.735s] Level 5:colcon.colcon_core.verb:set package 'openslam_gmapping' build argument 'cmake_target_skip_unavailable' from command line to 'False'
[0.736s] Level 5:colcon.colcon_core.verb:set package 'openslam_gmapping' build argument 'cmake_clean_cache' from command line to 'False'
[0.736s] Level 5:colcon.colcon_core.verb:set package 'openslam_gmapping' build argument 'cmake_clean_first' from command line to 'False'
[0.736s] Level 5:colcon.colcon_core.verb:set package 'openslam_gmapping' build argument 'cmake_force_configure' from command line to 'False'
[0.736s] Level 5:colcon.colcon_core.verb:set package 'openslam_gmapping' build argument 'ament_cmake_args' from command line to 'None'
[0.736s] Level 5:colcon.colcon_core.verb:set package 'openslam_gmapping' build argument 'catkin_cmake_args' from command line to 'None'
[0.736s] Level 5:colcon.colcon_core.verb:set package 'openslam_gmapping' build argument 'catkin_skip_building_tests' from command line to 'False'
[0.736s] DEBUG:colcon.colcon_core.verb:Building package 'openslam_gmapping' with the following arguments: {'ament_cmake_args': None, 'build_base': '/home/joel-bansal/bharat_ws/build/openslam_gmapping', 'catkin_cmake_args': None, 'catkin_skip_building_tests': False, 'cmake_args': None, 'cmake_clean_cache': False, 'cmake_clean_first': False, 'cmake_force_configure': False, 'cmake_target': None, 'cmake_target_skip_unavailable': False, 'install_base': '/home/joel-bansal/bharat_ws/install/openslam_gmapping', 'merge_install': False, 'path': '/home/joel-bansal/bharat_ws/src/slam_gmapping/openslam_gmapping', 'symlink_install': False, 'test_result_base': None}
[0.737s] Level 5:colcon.colcon_core.verb:set package 'slam_gmapping' build argument 'cmake_args' from command line to 'None'
[0.737s] Level 5:colcon.colcon_core.verb:set package 'slam_gmapping' build argument 'cmake_target' from command line to 'None'
[0.737s] Level 5:colcon.colcon_core.verb:set package 'slam_gmapping' build argument 'cmake_target_skip_unavailable' from command line to 'False'
[0.737s] Level 5:colcon.colcon_core.verb:set package 'slam_gmapping' build argument 'cmake_clean_cache' from command line to 'False'
[0.737s] Level 5:colcon.colcon_core.verb:set package 'slam_gmapping' build argument 'cmake_clean_first' from command line to 'False'
[0.737s] Level 5:colcon.colcon_core.verb:set package 'slam_gmapping' build argument 'cmake_force_configure' from command line to 'False'
[0.737s] Level 5:colcon.colcon_core.verb:set package 'slam_gmapping' build argument 'ament_cmake_args' from command line to 'None'
[0.737s] Level 5:colcon.colcon_core.verb:set package 'slam_gmapping' build argument 'catkin_cmake_args' from command line to 'None'
[0.737s] Level 5:colcon.colcon_core.verb:set package 'slam_gmapping' build argument 'catkin_skip_building_tests' from command line to 'False'
[0.737s] DEBUG:colcon.colcon_core.verb:Building package 'slam_gmapping' with the following arguments: {'ament_cmake_args': None, 'build_base': '/home/joel-bansal/bharat_ws/build/slam_gmapping', 'catkin_cmake_args': None, 'catkin_skip_building_tests': False, 'cmake_args': None, 'cmake_clean_cache': False, 'cmake_clean_first': False, 'cmake_force_configure': False, 'cmake_target': None, 'cmake_target_skip_unavailable': False, 'install_base': '/home/joel-bansal/bharat_ws/install/slam_gmapping', 'merge_install': False, 'path': '/home/joel-bansal/bharat_ws/src/slam_gmapping/slam_gmapping', 'symlink_install': False, 'test_result_base': None}
[0.738s] INFO:colcon.colcon_core.executor:Executing jobs using 'parallel' executor
[0.739s] DEBUG:colcon.colcon_parallel_executor.executor.parallel:run_until_complete
[0.740s] INFO:colcon.colcon_ros.task.ament_cmake.build:Building ROS package in '/home/joel-bansal/bharat_ws/src/slam_gmapping/openslam_gmapping' with build type 'ament_cmake'
[0.740s] INFO:colcon.colcon_cmake.task.cmake.build:Building CMake package in '/home/joel-bansal/bharat_ws/src/slam_gmapping/openslam_gmapping'
[0.745s] INFO:colcon.colcon_core.plugin_system:Skipping extension 'colcon_core.shell.bat': Not used on non-Windows systems
[0.746s] INFO:colcon.colcon_core.shell:Skip shell extension 'powershell' for command environment: Not usable outside of PowerShell
[0.746s] DEBUG:colcon.colcon_core.shell:Skip shell extension 'dsv' for command environment
[0.752s] INFO:colcon.colcon_ros.task.ament_cmake.build:Building ROS package in '/home/joel-bansal/bharat_ws/src/m-explore-ros2/explore' with build type 'ament_cmake'
[0.752s] INFO:colcon.colcon_cmake.task.cmake.build:Building CMake package in '/home/joel-bansal/bharat_ws/src/m-explore-ros2/explore'
[0.753s] INFO:colcon.colcon_core.shell:Skip shell extension 'powershell' for command environment: Not usable outside of PowerShell
[0.753s] DEBUG:colcon.colcon_core.shell:Skip shell extension 'dsv' for command environment
[0.761s] INFO:colcon.colcon_ros.task.ament_cmake.build:Building ROS package in '/home/joel-bansal/bharat_ws/src/m-explore-ros2/map_merge' with build type 'ament_cmake'
[0.761s] INFO:colcon.colcon_cmake.task.cmake.build:Building CMake package in '/home/joel-bansal/bharat_ws/src/m-explore-ros2/map_merge'
[0.762s] INFO:colcon.colcon_core.shell:Skip shell extension 'powershell' for command environment: Not usable outside of PowerShell
[0.762s] DEBUG:colcon.colcon_core.shell:Skip shell extension 'dsv' for command environment
[0.782s] DEBUG:colcon.colcon_core.event_handler.log_command:Invoking command in '/home/joel-bansal/bharat_ws/build/openslam_gmapping': CMAKE_PREFIX_PATH=/opt/ros/humble /usr/bin/cmake --build /home/joel-bansal/bharat_ws/build/openslam_gmapping -- -j4 -l4
[0.789s] DEBUG:colcon.colcon_core.event_handler.log_command:Invoking command in '/home/joel-bansal/bharat_ws/build/explore_lite': CMAKE_PREFIX_PATH=/opt/ros/humble /usr/bin/cmake --build /home/joel-bansal/bharat_ws/build/explore_lite -- -j4 -l4
[0.815s] DEBUG:colcon.colcon_core.event_handler.log_command:Invoking command in '/home/joel-bansal/bharat_ws/build/multirobot_map_merge': CMAKE_PREFIX_PATH=/opt/ros/humble /usr/bin/cmake --build /home/joel-bansal/bharat_ws/build/multirobot_map_merge -- -j4 -l4
[1.280s] DEBUG:colcon.colcon_core.event_handler.log_command:Invoked command in '/home/joel-bansal/bharat_ws/build/explore_lite' returned '0': CMAKE_PREFIX_PATH=/opt/ros/humble /usr/bin/cmake --build /home/joel-bansal/bharat_ws/build/explore_lite -- -j4 -l4
[1.352s] DEBUG:colcon.colcon_core.event_handler.log_command:Invoked command in '/home/joel-bansal/bharat_ws/build/multirobot_map_merge' returned '0': CMAKE_PREFIX_PATH=/opt/ros/humble /usr/bin/cmake --build /home/joel-bansal/bharat_ws/build/multirobot_map_merge -- -j4 -l4
[1.416s] DEBUG:colcon.colcon_core.event_handler.log_command:Invoking command in '/home/joel-bansal/bharat_ws/build/explore_lite': CMAKE_PREFIX_PATH=/opt/ros/humble /usr/bin/cmake --install /home/joel-bansal/bharat_ws/build/explore_lite
[1.419s] DEBUG:colcon.colcon_core.event_handler.log_command:Invoked command in '/home/joel-bansal/bharat_ws/build/openslam_gmapping' returned '0': CMAKE_PREFIX_PATH=/opt/ros/humble /usr/bin/cmake --build /home/joel-bansal/bharat_ws/build/openslam_gmapping -- -j4 -l4
[1.444s] Level 1:colcon.colcon_core.environment:create_environment_scripts_only(explore_lite)
[1.453s] DEBUG:colcon.colcon_core.event_handler.log_command:Invoked command in '/home/joel-bansal/bharat_ws/build/explore_lite' returned '0': CMAKE_PREFIX_PATH=/opt/ros/humble /usr/bin/cmake --install /home/joel-bansal/bharat_ws/build/explore_lite
[1.456s] Level 1:colcon.colcon_core.environment:checking '/home/joel-bansal/bharat_ws/install/explore_lite' for CMake module files
[1.458s] Level 1:colcon.colcon_core.environment:checking '/home/joel-bansal/bharat_ws/install/explore_lite' for CMake config files
[1.459s] Level 1:colcon.colcon_core.shell:create_environment_hook('explore_lite', 'cmake_prefix_path')
[1.459s] INFO:colcon.colcon_core.shell:Creating environment hook '/home/joel-bansal/bharat_ws/install/explore_lite/share/explore_lite/hook/cmake_prefix_path.ps1'
[1.461s] INFO:colcon.colcon_core.shell:Creating environment descriptor '/home/joel-bansal/bharat_ws/install/explore_lite/share/explore_lite/hook/cmake_prefix_path.dsv'
[1.463s] INFO:colcon.colcon_core.shell:Creating environment hook '/home/joel-bansal/bharat_ws/install/explore_lite/share/explore_lite/hook/cmake_prefix_path.sh'
[1.467s] Level 1:colcon.colcon_core.environment:checking '/home/joel-bansal/bharat_ws/install/explore_lite/lib'
[1.467s] Level 1:colcon.colcon_core.environment:checking '/home/joel-bansal/bharat_ws/install/explore_lite/bin'
[1.468s] Level 1:colcon.colcon_core.environment:checking '/home/joel-bansal/bharat_ws/install/explore_lite/lib/pkgconfig/explore_lite.pc'
[1.468s] Level 1:colcon.colcon_core.environment:checking '/home/joel-bansal/bharat_ws/install/explore_lite/lib/python3.10/site-packages'
[1.469s] Level 1:colcon.colcon_core.environment:checking '/home/joel-bansal/bharat_ws/install/explore_lite/bin'
[1.471s] INFO:colcon.colcon_core.shell:Creating package script '/home/joel-bansal/bharat_ws/install/explore_lite/share/explore_lite/package.ps1'
[1.473s] INFO:colcon.colcon_core.shell:Creating package descriptor '/home/joel-bansal/bharat_ws/install/explore_lite/share/explore_lite/package.dsv'
[1.474s] INFO:colcon.colcon_core.shell:Creating package script '/home/joel-bansal/bharat_ws/install/explore_lite/share/explore_lite/package.sh'
[1.477s] INFO:colcon.colcon_core.shell:Creating package script '/home/joel-bansal/bharat_ws/install/explore_lite/share/explore_lite/package.bash'
[1.481s] INFO:colcon.colcon_core.shell:Creating package script '/home/joel-bansal/bharat_ws/install/explore_lite/share/explore_lite/package.zsh'
[1.483s] Level 1:colcon.colcon_core.environment:create_file_with_runtime_dependencies(/home/joel-bansal/bharat_ws/install/explore_lite/share/colcon-core/packages/explore_lite)
[1.504s] DEBUG:colcon.colcon_core.event_handler.log_command:Invoking command in '/home/joel-bansal/bharat_ws/build/multirobot_map_merge': CMAKE_PREFIX_PATH=/opt/ros/humble /usr/bin/cmake --install /home/joel-bansal/bharat_ws/build/multirobot_map_merge
[1.508s] DEBUG:colcon.colcon_core.event_handler.log_command:Invoking command in '/home/joel-bansal/bharat_ws/build/openslam_gmapping': CMAKE_PREFIX_PATH=/opt/ros/humble /usr/bin/cmake --install /home/joel-bansal/bharat_ws/build/openslam_gmapping
[1.541s] Level 1:colcon.colcon_core.environment:create_environment_scripts_only(multirobot_map_merge)
[1.542s] Level 1:colcon.colcon_core.environment:checking '/home/joel-bansal/bharat_ws/install/multirobot_map_merge' for CMake module files
[1.546s] Level 1:colcon.colcon_core.environment:checking '/home/joel-bansal/bharat_ws/install/multirobot_map_merge' for CMake config files
[1.550s] Level 1:colcon.colcon_core.shell:create_environment_hook('multirobot_map_merge', 'cmake_prefix_path')
[1.551s] INFO:colcon.colcon_core.shell:Creating environment hook '/home/joel-bansal/bharat_ws/install/multirobot_map_merge/share/multirobot_map_merge/hook/cmake_prefix_path.ps1'
[1.553s] INFO:colcon.colcon_core.shell:Creating environment descriptor '/home/joel-bansal/bharat_ws/install/multirobot_map_merge/share/multirobot_map_merge/hook/cmake_prefix_path.dsv'
[1.555s] INFO:colcon.colcon_core.shell:Creating environment hook '/home/joel-bansal/bharat_ws/install/multirobot_map_merge/share/multirobot_map_merge/hook/cmake_prefix_path.sh'
[1.562s] Level 1:colcon.colcon_core.environment:checking '/home/joel-bansal/bharat_ws/install/multirobot_map_merge/lib'
[1.562s] Level 1:colcon.colcon_core.environment:checking '/home/joel-bansal/bharat_ws/install/multirobot_map_merge/bin'
[1.563s] Level 1:colcon.colcon_core.environment:checking '/home/joel-bansal/bharat_ws/install/multirobot_map_merge/lib/pkgconfig/multirobot_map_merge.pc'
[1.566s] Level 1:colcon.colcon_core.environment:checking '/home/joel-bansal/bharat_ws/install/multirobot_map_merge/lib/python3.10/site-packages'
[1.568s] Level 1:colcon.colcon_core.environment:checking '/home/joel-bansal/bharat_ws/install/multirobot_map_merge/bin'
[1.569s] INFO:colcon.colcon_core.shell:Creating package script '/home/joel-bansal/bharat_ws/install/multirobot_map_merge/share/multirobot_map_merge/package.ps1'
[1.574s] INFO:colcon.colcon_core.shell:Creating package descriptor '/home/joel-bansal/bharat_ws/install/multirobot_map_merge/share/multirobot_map_merge/package.dsv'
[1.575s] INFO:colcon.colcon_core.shell:Creating package script '/home/joel-bansal/bharat_ws/install/multirobot_map_merge/share/multirobot_map_merge/package.sh'
[1.580s] INFO:colcon.colcon_core.shell:Creating package script '/home/joel-bansal/bharat_ws/install/multirobot_map_merge/share/multirobot_map_merge/package.bash'
[1.582s] INFO:colcon.colcon_core.shell:Creating package script '/home/joel-bansal/bharat_ws/install/multirobot_map_merge/share/multirobot_map_merge/package.zsh'
[1.584s] Level 1:colcon.colcon_core.environment:create_file_with_runtime_dependencies(/home/joel-bansal/bharat_ws/install/multirobot_map_merge/share/colcon-core/packages/multirobot_map_merge)
[1.599s] Level 1:colcon.colcon_core.environment:create_environment_scripts_only(openslam_gmapping)
[1.600s] Level 1:colcon.colcon_core.environment:checking '/home/joel-bansal/bharat_ws/install/openslam_gmapping' for CMake module files
[1.602s] Level 1:colcon.colcon_core.environment:checking '/home/joel-bansal/bharat_ws/install/openslam_gmapping' for CMake config files
[1.604s] Level 1:colcon.colcon_core.shell:create_environment_hook('openslam_gmapping', 'cmake_prefix_path')
[1.605s] INFO:colcon.colcon_core.shell:Creating environment hook '/home/joel-bansal/bharat_ws/install/openslam_gmapping/share/openslam_gmapping/hook/cmake_prefix_path.ps1'
[1.609s] INFO:colcon.colcon_core.shell:Creating environment descriptor '/home/joel-bansal/bharat_ws/install/openslam_gmapping/share/openslam_gmapping/hook/cmake_prefix_path.dsv'
[1.607s] DEBUG:colcon.colcon_core.event_handler.log_command:Invoked command in '/home/joel-bansal/bharat_ws/build/multirobot_map_merge' returned '0': CMAKE_PREFIX_PATH=/opt/ros/humble /usr/bin/cmake --install /home/joel-bansal/bharat_ws/build/multirobot_map_merge
[1.611s] DEBUG:colcon.colcon_core.event_handler.log_command:Invoked command in '/home/joel-bansal/bharat_ws/build/openslam_gmapping' returned '0': CMAKE_PREFIX_PATH=/opt/ros/humble /usr/bin/cmake --install /home/joel-bansal/bharat_ws/build/openslam_gmapping
[1.612s] INFO:colcon.colcon_core.shell:Creating environment hook '/home/joel-bansal/bharat_ws/install/openslam_gmapping/share/openslam_gmapping/hook/cmake_prefix_path.sh'
[1.613s] Level 1:colcon.colcon_core.environment:checking '/home/joel-bansal/bharat_ws/install/openslam_gmapping/lib'
[1.613s] Level 1:colcon.colcon_core.environment:checking '/home/joel-bansal/bharat_ws/install/openslam_gmapping/bin'
[1.613s] Level 1:colcon.colcon_core.environment:checking '/home/joel-bansal/bharat_ws/install/openslam_gmapping/lib/pkgconfig/openslam_gmapping.pc'
[1.614s] Level 1:colcon.colcon_core.environment:checking '/home/joel-bansal/bharat_ws/install/openslam_gmapping/lib/python3.10/site-packages'
[1.614s] Level 1:colcon.colcon_core.environment:checking '/home/joel-bansal/bharat_ws/install/openslam_gmapping/bin'
[1.615s] INFO:colcon.colcon_core.shell:Creating package script '/home/joel-bansal/bharat_ws/install/openslam_gmapping/share/openslam_gmapping/package.ps1'
[1.616s] INFO:colcon.colcon_core.shell:Creating package descriptor '/home/joel-bansal/bharat_ws/install/openslam_gmapping/share/openslam_gmapping/package.dsv'
[1.617s] INFO:colcon.colcon_core.shell:Creating package script '/home/joel-bansal/bharat_ws/install/openslam_gmapping/share/openslam_gmapping/package.sh'
[1.619s] INFO:colcon.colcon_core.shell:Creating package script '/home/joel-bansal/bharat_ws/install/openslam_gmapping/share/openslam_gmapping/package.bash'
[1.620s] INFO:colcon.colcon_core.shell:Creating package script '/home/joel-bansal/bharat_ws/install/openslam_gmapping/share/openslam_gmapping/package.zsh'
[1.620s] Level 1:colcon.colcon_core.environment:create_file_with_runtime_dependencies(/home/joel-bansal/bharat_ws/install/openslam_gmapping/share/colcon-core/packages/openslam_gmapping)
[1.624s] Level 1:colcon.colcon_core.environment:create_environment_scripts_only(explore_lite)
[1.625s] Level 1:colcon.colcon_core.environment:checking '/home/joel-bansal/bharat_ws/install/explore_lite' for CMake module files
[1.628s] Level 1:colcon.colcon_core.environment:checking '/home/joel-bansal/bharat_ws/install/explore_lite' for CMake config files
[1.629s] Level 1:colcon.colcon_core.shell:create_environment_hook('explore_lite', 'cmake_prefix_path')
[1.630s] INFO:colcon.colcon_core.shell:Creating environment hook '/home/joel-bansal/bharat_ws/install/explore_lite/share/explore_lite/hook/cmake_prefix_path.ps1'
[1.631s] INFO:colcon.colcon_core.shell:Creating environment descriptor '/home/joel-bansal/bharat_ws/install/explore_lite/share/explore_lite/hook/cmake_prefix_path.dsv'
[1.632s] INFO:colcon.colcon_core.shell:Creating environment hook '/home/joel-bansal/bharat_ws/install/explore_lite/share/explore_lite/hook/cmake_prefix_path.sh'
[1.633s] Level 1:colcon.colcon_core.environment:checking '/home/joel-bansal/bharat_ws/install/explore_lite/lib'
[1.634s] Level 1:colcon.colcon_core.environment:checking '/home/joel-bansal/bharat_ws/install/explore_lite/bin'
[1.634s] Level 1:colcon.colcon_core.environment:checking '/home/joel-bansal/bharat_ws/install/explore_lite/lib/pkgconfig/explore_lite.pc'
[1.634s] Level 1:colcon.colcon_core.environment:checking '/home/joel-bansal/bharat_ws/install/explore_lite/lib/python3.10/site-packages'
[1.635s] Level 1:colcon.colcon_core.environment:checking '/home/joel-bansal/bharat_ws/install/explore_lite/bin'
[1.636s] INFO:colcon.colcon_core.shell:Creating package script '/home/joel-bansal/bharat_ws/install/explore_lite/share/explore_lite/package.ps1'
[1.637s] INFO:colcon.colcon_core.shell:Creating package descriptor '/home/joel-bansal/bharat_ws/install/explore_lite/share/explore_lite/package.dsv'
[1.639s] INFO:colcon.colcon_core.shell:Creating package script '/home/joel-bansal/bharat_ws/install/explore_lite/share/explore_lite/package.sh'
[1.641s] INFO:colcon.colcon_core.shell:Creating package script '/home/joel-bansal/bharat_ws/install/explore_lite/share/explore_lite/package.bash'
[1.642s] INFO:colcon.colcon_core.shell:Creating package script '/home/joel-bansal/bharat_ws/install/explore_lite/share/explore_lite/package.zsh'
[1.643s] Level 1:colcon.colcon_core.environment:create_file_with_runtime_dependencies(/home/joel-bansal/bharat_ws/install/explore_lite/share/colcon-core/packages/explore_lite)
[1.694s] Level 1:colcon.colcon_core.environment:create_environment_scripts_only(openslam_gmapping)
[1.694s] Level 1:colcon.colcon_core.environment:checking '/home/joel-bansal/bharat_ws/install/openslam_gmapping' for CMake module files
[1.695s] Level 1:colcon.colcon_core.environment:checking '/home/joel-bansal/bharat_ws/install/openslam_gmapping' for CMake config files
[1.697s] Level 1:colcon.colcon_core.shell:create_environment_hook('openslam_gmapping', 'cmake_prefix_path')
[1.698s] INFO:colcon.colcon_core.shell:Creating environment hook '/home/joel-bansal/bharat_ws/install/openslam_gmapping/share/openslam_gmapping/hook/cmake_prefix_path.ps1'
[1.699s] INFO:colcon.colcon_core.shell:Creating environment descriptor '/home/joel-bansal/bharat_ws/install/openslam_gmapping/share/openslam_gmapping/hook/cmake_prefix_path.dsv'
[1.699s] INFO:colcon.colcon_core.shell:Creating environment hook '/home/joel-bansal/bharat_ws/install/openslam_gmapping/share/openslam_gmapping/hook/cmake_prefix_path.sh'
[1.701s] Level 1:colcon.colcon_core.environment:checking '/home/joel-bansal/bharat_ws/install/openslam_gmapping/lib'
[1.701s] Level 1:colcon.colcon_core.environment:checking '/home/joel-bansal/bharat_ws/install/openslam_gmapping/bin'
[1.701s] Level 1:colcon.colcon_core.environment:checking '/home/joel-bansal/bharat_ws/install/openslam_gmapping/lib/pkgconfig/openslam_gmapping.pc'
[1.701s] Level 1:colcon.colcon_core.environment:checking '/home/joel-bansal/bharat_ws/install/openslam_gmapping/lib/python3.10/site-packages'
[1.702s] Level 1:colcon.colcon_core.environment:checking '/home/joel-bansal/bharat_ws/install/openslam_gmapping/bin'
[1.702s] INFO:colcon.colcon_core.shell:Creating package script '/home/joel-bansal/bharat_ws/install/openslam_gmapping/share/openslam_gmapping/package.ps1'
[1.704s] INFO:colcon.colcon_core.shell:Creating package descriptor '/home/joel-bansal/bharat_ws/install/openslam_gmapping/share/openslam_gmapping/package.dsv'
[1.705s] INFO:colcon.colcon_core.shell:Creating package script '/home/joel-bansal/bharat_ws/install/openslam_gmapping/share/openslam_gmapping/package.sh'
[1.707s] INFO:colcon.colcon_core.shell:Creating package script '/home/joel-bansal/bharat_ws/install/openslam_gmapping/share/openslam_gmapping/package.bash'
[1.708s] INFO:colcon.colcon_core.shell:Creating package script '/home/joel-bansal/bharat_ws/install/openslam_gmapping/share/openslam_gmapping/package.zsh'
[1.709s] Level 1:colcon.colcon_core.environment:create_file_with_runtime_dependencies(/home/joel-bansal/bharat_ws/install/openslam_gmapping/share/colcon-core/packages/openslam_gmapping)
[1.710s] INFO:colcon.colcon_ros.task.ament_cmake.build:Building ROS package in '/home/joel-bansal/bharat_ws/src/slam_gmapping/slam_gmapping' with build type 'ament_cmake'
[1.711s] INFO:colcon.colcon_cmake.task.cmake.build:Building CMake package in '/home/joel-bansal/bharat_ws/src/slam_gmapping/slam_gmapping'
[1.711s] INFO:colcon.colcon_core.shell:Skip shell extension 'powershell' for command environment: Not usable outside of PowerShell
[1.712s] DEBUG:colcon.colcon_core.shell:Skip shell extension 'dsv' for command environment
[1.720s] Level 1:colcon.colcon_core.environment:create_environment_scripts_only(multirobot_map_merge)
[1.721s] Level 1:colcon.colcon_core.environment:checking '/home/joel-bansal/bharat_ws/install/multirobot_map_merge' for CMake module files
[1.722s] Level 1:colcon.colcon_core.environment:checking '/home/joel-bansal/bharat_ws/install/multirobot_map_merge' for CMake config files
[1.723s] Level 1:colcon.colcon_core.shell:create_environment_hook('multirobot_map_merge', 'cmake_prefix_path')
[1.723s] INFO:colcon.colcon_core.shell:Creating environment hook '/home/joel-bansal/bharat_ws/install/multirobot_map_merge/share/multirobot_map_merge/hook/cmake_prefix_path.ps1'
[1.725s] INFO:colcon.colcon_core.shell:Creating environment descriptor '/home/joel-bansal/bharat_ws/install/multirobot_map_merge/share/multirobot_map_merge/hook/cmake_prefix_path.dsv'
[1.726s] INFO:colcon.colcon_core.shell:Creating environment hook '/home/joel-bansal/bharat_ws/install/multirobot_map_merge/share/multirobot_map_merge/hook/cmake_prefix_path.sh'
[1.727s] Level 1:colcon.colcon_core.environment:checking '/home/joel-bansal/bharat_ws/install/multirobot_map_merge/lib'
[1.727s] Level 1:colcon.colcon_core.environment:checking '/home/joel-bansal/bharat_ws/install/multirobot_map_merge/bin'
[1.727s] Level 1:colcon.colcon_core.environment:checking '/home/joel-bansal/bharat_ws/install/multirobot_map_merge/lib/pkgconfig/multirobot_map_merge.pc'
[1.728s] Level 1:colcon.colcon_core.environment:checking '/home/joel-bansal/bharat_ws/install/multirobot_map_merge/lib/python3.10/site-packages'
[1.729s] Level 1:colcon.colcon_core.environment:checking '/home/joel-bansal/bharat_ws/install/multirobot_map_merge/bin'
[1.729s] INFO:colcon.colcon_core.shell:Creating package script '/home/joel-bansal/bharat_ws/install/multirobot_map_merge/share/multirobot_map_merge/package.ps1'
[1.731s] INFO:colcon.colcon_core.shell:Creating package descriptor '/home/joel-bansal/bharat_ws/install/multirobot_map_merge/share/multirobot_map_merge/package.dsv'
[1.732s] INFO:colcon.colcon_core.shell:Creating package script '/home/joel-bansal/bharat_ws/install/multirobot_map_merge/share/multirobot_map_merge/package.sh'
[1.733s] INFO:colcon.colcon_core.shell:Creating package script '/home/joel-bansal/bharat_ws/install/multirobot_map_merge/share/multirobot_map_merge/package.bash'
[1.733s] INFO:colcon.colcon_core.shell:Creating package script '/home/joel-bansal/bharat_ws/install/multirobot_map_merge/share/multirobot_map_merge/package.zsh'
[1.734s] Level 1:colcon.colcon_core.environment:create_file_with_runtime_dependencies(/home/joel-bansal/bharat_ws/install/multirobot_map_merge/share/colcon-core/packages/multirobot_map_merge)
[1.744s] DEBUG:colcon.colcon_core.event_handler.log_command:Invoking command in '/home/joel-bansal/bharat_ws/build/slam_gmapping': AMENT_PREFIX_PATH=/home/joel-bansal/bharat_ws/install/openslam_gmapping:${AMENT_PREFIX_PATH} CMAKE_PREFIX_PATH=/home/joel-bansal/bharat_ws/install/openslam_gmapping:/opt/ros/humble LD_LIBRARY_PATH=/home/joel-bansal/bharat_ws/install/openslam_gmapping/lib:${LD_LIBRARY_PATH} /usr/bin/cmake --build /home/joel-bansal/bharat_ws/build/slam_gmapping -- -j4 -l4
[1.875s] DEBUG:colcon.colcon_core.event_handler.log_command:Invoked command in '/home/joel-bansal/bharat_ws/build/slam_gmapping' returned '0': AMENT_PREFIX_PATH=/home/joel-bansal/bharat_ws/install/openslam_gmapping:${AMENT_PREFIX_PATH} CMAKE_PREFIX_PATH=/home/joel-bansal/bharat_ws/install/openslam_gmapping:/opt/ros/humble LD_LIBRARY_PATH=/home/joel-bansal/bharat_ws/install/openslam_gmapping/lib:${LD_LIBRARY_PATH} /usr/bin/cmake --build /home/joel-bansal/bharat_ws/build/slam_gmapping -- -j4 -l4
[1.943s] DEBUG:colcon.colcon_core.event_handler.log_command:Invoking command in '/home/joel-bansal/bharat_ws/build/slam_gmapping': AMENT_PREFIX_PATH=/home/joel-bansal/bharat_ws/install/openslam_gmapping:${AMENT_PREFIX_PATH} CMAKE_PREFIX_PATH=/home/joel-bansal/bharat_ws/install/openslam_gmapping:/opt/ros/humble LD_LIBRARY_PATH=/home/joel-bansal/bharat_ws/install/openslam_gmapping/lib:${LD_LIBRARY_PATH} /usr/bin/cmake --install /home/joel-bansal/bharat_ws/build/slam_gmapping
[1.975s] Level 1:colcon.colcon_core.environment:create_environment_scripts_only(slam_gmapping)
[1.976s] Level 1:colcon.colcon_core.environment:checking '/home/joel-bansal/bharat_ws/install/slam_gmapping' for CMake module files
[1.980s] DEBUG:colcon.colcon_core.event_handler.log_command:Invoked command in '/home/joel-bansal/bharat_ws/build/slam_gmapping' returned '0': AMENT_PREFIX_PATH=/home/joel-bansal/bharat_ws/install/openslam_gmapping:${AMENT_PREFIX_PATH} CMAKE_PREFIX_PATH=/home/joel-bansal/bharat_ws/install/openslam_gmapping:/opt/ros/humble LD_LIBRARY_PATH=/home/joel-bansal/bharat_ws/install/openslam_gmapping/lib:${LD_LIBRARY_PATH} /usr/bin/cmake --install /home/joel-bansal/bharat_ws/build/slam_gmapping
[1.982s] Level 1:colcon.colcon_core.environment:checking '/home/joel-bansal/bharat_ws/install/slam_gmapping' for CMake config files
[1.983s] Level 1:colcon.colcon_core.shell:create_environment_hook('slam_gmapping', 'cmake_prefix_path')
[1.984s] INFO:colcon.colcon_core.shell:Creating environment hook '/home/joel-bansal/bharat_ws/install/slam_gmapping/share/slam_gmapping/hook/cmake_prefix_path.ps1'
[1.985s] INFO:colcon.colcon_core.shell:Creating environment descriptor '/home/joel-bansal/bharat_ws/install/slam_gmapping/share/slam_gmapping/hook/cmake_prefix_path.dsv'
[1.987s] INFO:colcon.colcon_core.shell:Creating environment hook '/home/joel-bansal/bharat_ws/install/slam_gmapping/share/slam_gmapping/hook/cmake_prefix_path.sh'
[1.989s] Level 1:colcon.colcon_core.environment:checking '/home/joel-bansal/bharat_ws/install/slam_gmapping/lib'
[1.989s] Level 1:colcon.colcon_core.environment:checking '/home/joel-bansal/bharat_ws/install/slam_gmapping/bin'
[1.990s] Level 1:colcon.colcon_core.environment:checking '/home/joel-bansal/bharat_ws/install/slam_gmapping/lib/pkgconfig/slam_gmapping.pc'
[1.991s] Level 1:colcon.colcon_core.environment:checking '/home/joel-bansal/bharat_ws/install/slam_gmapping/lib/python3.10/site-packages'
[1.992s] Level 1:colcon.colcon_core.environment:checking '/home/joel-bansal/bharat_ws/install/slam_gmapping/bin'
[1.993s] INFO:colcon.colcon_core.shell:Creating package script '/home/joel-bansal/bharat_ws/install/slam_gmapping/share/slam_gmapping/package.ps1'
[1.994s] INFO:colcon.colcon_core.shell:Creating package descriptor '/home/joel-bansal/bharat_ws/install/slam_gmapping/share/slam_gmapping/package.dsv'
[1.996s] INFO:colcon.colcon_core.shell:Creating package script '/home/joel-bansal/bharat_ws/install/slam_gmapping/share/slam_gmapping/package.sh'
[1.998s] INFO:colcon.colcon_core.shell:Creating package script '/home/joel-bansal/bharat_ws/install/slam_gmapping/share/slam_gmapping/package.bash'
[2.000s] INFO:colcon.colcon_core.shell:Creating package script '/home/joel-bansal/bharat_ws/install/slam_gmapping/share/slam_gmapping/package.zsh'
[2.002s] Level 1:colcon.colcon_core.environment:create_file_with_runtime_dependencies(/home/joel-bansal/bharat_ws/install/slam_gmapping/share/colcon-core/packages/slam_gmapping)
[2.075s] Level 1:colcon.colcon_core.environment:create_environment_scripts_only(slam_gmapping)
[2.076s] Level 1:colcon.colcon_core.environment:checking '/home/joel-bansal/bharat_ws/install/slam_gmapping' for CMake module files
[2.078s] Level 1:colcon.colcon_core.environment:checking '/home/joel-bansal/bharat_ws/install/slam_gmapping' for CMake config files
[2.078s] Level 1:colcon.colcon_core.shell:create_environment_hook('slam_gmapping', 'cmake_prefix_path')
[2.079s] INFO:colcon.colcon_core.shell:Creating environment hook '/home/joel-bansal/bharat_ws/install/slam_gmapping/share/slam_gmapping/hook/cmake_prefix_path.ps1'
[2.080s] INFO:colcon.colcon_core.shell:Creating environment descriptor '/home/joel-bansal/bharat_ws/install/slam_gmapping/share/slam_gmapping/hook/cmake_prefix_path.dsv'
[2.081s] INFO:colcon.colcon_core.shell:Creating environment hook '/home/joel-bansal/bharat_ws/install/slam_gmapping/share/slam_gmapping/hook/cmake_prefix_path.sh'
[2.082s] Level 1:colcon.colcon_core.environment:checking '/home/joel-bansal/bharat_ws/install/slam_gmapping/lib'
[2.082s] Level 1:colcon.colcon_core.environment:checking '/home/joel-bansal/bharat_ws/install/slam_gmapping/bin'
[2.083s] Level 1:colcon.colcon_core.environment:checking '/home/joel-bansal/bharat_ws/install/slam_gmapping/lib/pkgconfig/slam_gmapping.pc'
[2.083s] Level 1:colcon.colcon_core.environment:checking '/home/joel-bansal/bharat_ws/install/slam_gmapping/lib/python3.10/site-packages'
[2.083s] Level 1:colcon.colcon_core.environment:checking '/home/joel-bansal/bharat_ws/install/slam_gmapping/bin'
[2.084s] INFO:colcon.colcon_core.shell:Creating package script '/home/joel-bansal/bharat_ws/install/slam_gmapping/share/slam_gmapping/package.ps1'
[2.085s] INFO:colcon.colcon_core.shell:Creating package descriptor '/home/joel-bansal/bharat_ws/install/slam_gmapping/share/slam_gmapping/package.dsv'
[2.086s] INFO:colcon.colcon_core.shell:Creating package script '/home/joel-bansal/bharat_ws/install/slam_gmapping/share/slam_gmapping/package.sh'
[2.087s] INFO:colcon.colcon_core.shell:Creating package script '/home/joel-bansal/bharat_ws/install/slam_gmapping/share/slam_gmapping/package.bash'
[2.088s] INFO:colcon.colcon_core.shell:Creating package script '/home/joel-bansal/bharat_ws/install/slam_gmapping/share/slam_gmapping/package.zsh'
[2.090s] Level 1:colcon.colcon_core.environment:create_file_with_runtime_dependencies(/home/joel-bansal/bharat_ws/install/slam_gmapping/share/colcon-core/packages/slam_gmapping)
[2.091s] DEBUG:colcon.colcon_parallel_executor.executor.parallel:closing loop
[2.092s] DEBUG:colcon.colcon_parallel_executor.executor.parallel:loop closed
[2.092s] DEBUG:colcon.colcon_parallel_executor.executor.parallel:run_until_complete finished with '0'
[2.092s] DEBUG:colcon.colcon_core.event_reactor:joining thread
[2.105s] INFO:colcon.colcon_core.plugin_system:Skipping extension 'colcon_notification.desktop_notification.terminal_notifier': Not used on non-Darwin systems
[2.105s] INFO:colcon.colcon_core.plugin_system:Skipping extension 'colcon_notification.desktop_notification.win32': Not used on non-Windows systems
[2.106s] INFO:colcon.colcon_notification.desktop_notification:Sending desktop notification using 'notify2'
[2.129s] DEBUG:colcon.colcon_core.event_reactor:joined thread
[2.130s] INFO:colcon.colcon_core.shell:Creating prefix script '/home/joel-bansal/bharat_ws/install/local_setup.ps1'
[2.132s] INFO:colcon.colcon_core.shell:Creating prefix util module '/home/joel-bansal/bharat_ws/install/_local_setup_util_ps1.py'
[2.137s] INFO:colcon.colcon_core.shell:Creating prefix chain script '/home/joel-bansal/bharat_ws/install/setup.ps1'
[2.142s] INFO:colcon.colcon_core.shell:Creating prefix script '/home/joel-bansal/bharat_ws/install/local_setup.sh'
[2.146s] INFO:colcon.colcon_core.shell:Creating prefix util module '/home/joel-bansal/bharat_ws/install/_local_setup_util_sh.py'
[2.148s] INFO:colcon.colcon_core.shell:Creating prefix chain script '/home/joel-bansal/bharat_ws/install/setup.sh'
[2.150s] INFO:colcon.colcon_core.shell:Creating prefix script '/home/joel-bansal/bharat_ws/install/local_setup.bash'
[2.153s] INFO:colcon.colcon_core.shell:Creating prefix chain script '/home/joel-bansal/bharat_ws/install/setup.bash'
[2.157s] INFO:colcon.colcon_core.shell:Creating prefix script '/home/joel-bansal/bharat_ws/install/local_setup.zsh'
[2.159s] INFO:colcon.colcon_core.shell:Creating prefix chain script '/home/joel-bansal/bharat_ws/install/setup.zsh'
