-- The C compiler identification is GNU 11.4.0
-- The CXX compiler identification is GNU 11.4.0
-- Detecting C compiler ABI info
-- Detecting C compiler ABI info - done
-- Check for working C compiler: /usr/bin/cc - skipped
-- Detecting C compile features
-- Detecting C compile features - done
-- Detecting CXX compiler ABI info
-- Detecting CXX compiler ABI info - done
-- Check for working CXX compiler: /usr/bin/c++ - skipped
-- Detecting CXX compile features
-- Detecting CXX compile features - done
-- Found ament_cmake: 1.3.10 (/opt/ros/humble/share/ament_cmake/cmake)
-- Found Python3: /usr/bin/python3 (found version "3.10.12") found components: Interpreter 
-- Found rclcpp: 16.0.10 (/opt/ros/humble/share/rclcpp/cmake)
-- Found rosidl_generator_c: 3.1.5 (/opt/ros/humble/share/rosidl_generator_c/cmake)
-- Found rosidl_adapter: 3.1.5 (/opt/ros/humble/share/rosidl_adapter/cmake)
-- Found rosidl_generator_cpp: 3.1.5 (/opt/ros/humble/share/rosidl_generator_cpp/cmake)
-- Using all available rosidl_typesupport_c: rosidl_typesupport_fastrtps_c;rosidl_typesupport_introspection_c
-- Using all available rosidl_typesupport_cpp: rosidl_typesupport_fastrtps_cpp;rosidl_typesupport_introspection_cpp
-- Found rmw_implementation_cmake: 6.1.2 (/opt/ros/humble/share/rmw_implementation_cmake/cmake)
-- Found rmw_fastrtps_cpp: 6.2.7 (/opt/ros/humble/share/rmw_fastrtps_cpp/cmake)
-- Found OpenSSL: /usr/lib/x86_64-linux-gnu/libcrypto.so (found version "3.0.2")  
-- Found FastRTPS: /opt/ros/humble/include  
-- Using RMW implementation 'rmw_fastrtps_cpp' as default
-- Looking for pthread.h
-- Looking for pthread.h - found
-- Performing Test CMAKE_HAVE_LIBC_PTHREAD
-- Performing Test CMAKE_HAVE_LIBC_PTHREAD - Success
-- Found Threads: TRUE  
-- Found geometry_msgs: 4.2.4 (/opt/ros/humble/share/geometry_msgs/cmake)
-- Found image_geometry: 3.2.1 (/opt/ros/humble/share/image_geometry/cmake)
-- Found map_msgs: 2.1.0 (/opt/ros/humble/share/map_msgs/cmake)
-- Found tf2_geometry_msgs: 0.25.8 (/opt/ros/humble/share/tf2_geometry_msgs/cmake)
-- Found eigen3_cmake_module: 0.1.1 (/opt/ros/humble/share/eigen3_cmake_module/cmake)
-- Found Eigen3: TRUE (found version "3.4.0") 
-- Ensuring Eigen3 include directory is part of orocos-kdl CMake target
-- Found Boost: /usr/lib/x86_64-linux-gnu/cmake/Boost-1.74.0/BoostConfig.cmake (found version "1.74.0") found components: thread 
-- Found OpenCV: /usr/local (found version "4.9.0") 
-- Found ament_lint_auto: 0.12.11 (/opt/ros/humble/share/ament_lint_auto/cmake)
-- Found ament_cmake_gtest: 1.3.10 (/opt/ros/humble/share/ament_cmake_gtest/cmake)
--2024-11-24 17:36:32--  https://raw.githubusercontent.com/hrnr/m-explore-extra/master/map_merge/hector_maps/map00.pgm
Resolving raw.githubusercontent.com (raw.githubusercontent.com)... 185.199.109.133, 185.199.111.133, 185.199.110.133, ...
Connecting to raw.githubusercontent.com (raw.githubusercontent.com)|185.199.109.133|:443... connected.
HTTP request sent, awaiting response... 200 OK
Length: 4194362 (4.0M) [application/octet-stream]
Saving to: ‘/home/joel-bansal/bharat_ws/build/multirobot_map_merge/map00.pgm’

     0K .......... .......... .......... .......... ..........  1% 1.02M 4s
    50K .......... .......... .......... .......... ..........  2% 1.20M 4s
   100K .......... .......... .......... .......... ..........  3% 3.60M 3s
   150K .......... .......... .......... .......... ..........  4% 1.19M 3s
   200K .......... .......... .......... .......... ..........  6% 2.42M 3s
   250K .......... .......... .......... .......... ..........  7% 3.38M 2s
   300K .......... .......... .......... .......... ..........  8% 1.54M 2s
   350K .......... .......... .......... .......... ..........  9% 2.17M 2s
   400K .......... .......... .......... .......... .......... 10%  998K 2s
   450K .......... .......... .......... .......... .......... 12% 7.92M 2s
   500K .......... .......... .......... .......... .......... 13% 3.30M 2s
   550K .......... .......... .......... .......... .......... 14%  876K 2s
   600K .......... .......... .......... .......... .......... 15% 1.39M 2s
   650K .......... .......... .......... .......... .......... 17% 45.1M 2s
   700K .......... .......... .......... .......... .......... 18% 2.54M 2s
   750K .......... .......... .......... .......... .......... 19% 1.65M 2s
   800K .......... .......... .......... .......... .......... 20% 1.58M 2s
   850K .......... .......... .......... .......... .......... 21% 6.39M 2s
   900K .......... .......... .......... .......... .......... 23% 2.07M 2s
   950K .......... .......... .......... .......... .......... 24% 2.41M 2s
  1000K .......... .......... .......... .......... .......... 25% 2.87M 2s
  1050K .......... .......... .......... .......... .......... 26% 1.98M 2s
  1100K .......... .......... .......... .......... .......... 28% 2.03M 2s
  1150K .......... .......... .......... .......... .......... 29%  988K 2s
  1200K .......... .......... .......... .......... .......... 30% 8.57M 1s
  1250K .......... .......... .......... .......... .......... 31% 2.63M 1s
  1300K .......... .......... .......... .......... .......... 32% 2.50M 1s
  1350K .......... .......... .......... .......... .......... 34% 2.16M 1s
  1400K .......... .......... .......... .......... .......... 35% 2.13M 1s
  1450K .......... .......... .......... .......... .......... 36% 2.71M 1s
  1500K .......... .......... .......... .......... .......... 37% 1.86M 1s
  1550K .......... .......... .......... .......... .......... 39% 1.49M 1s
  1600K .......... .......... .......... .......... .......... 40% 9.24M 1s
  1650K .......... .......... .......... .......... .......... 41% 2.19M 1s
  1700K .......... .......... .......... .......... .......... 42% 4.82M 1s
  1750K .......... .......... .......... .......... .......... 43% 1.45M 1s
  1800K .......... .......... .......... .......... .......... 45% 1.70M 1s
  1850K .......... .......... .......... .......... .......... 46% 6.12M 1s
  1900K .......... .......... .......... .......... .......... 47% 2.58M 1s
  1950K .......... .......... .......... .......... .......... 48% 2.58M 1s
  2000K .......... .......... .......... .......... .......... 50% 2.65M 1s
  2050K .......... .......... .......... .......... .......... 51% 2.89M 1s
  2100K .......... .......... .......... .......... .......... 52% 2.67M 1s
  2150K .......... .......... .......... .......... .......... 53%  958K 1s
  2200K .......... .......... .......... .......... .......... 54% 6.99M 1s
  2250K .......... .......... .......... .......... .......... 56% 2.38M 1s
  2300K .......... .......... .......... .......... .......... 57% 6.11M 1s
  2350K .......... .......... .......... .......... .......... 58% 2.32M 1s
  2400K .......... .......... .......... .......... .......... 59% 2.01M 1s
  2450K .......... .......... .......... .......... .......... 61% 1.90M 1s
  2500K .......... .......... .......... .......... .......... 62% 7.22M 1s
  2550K .......... .......... .......... .......... .......... 63% 1.97M 1s
  2600K .......... .......... .......... .......... .......... 64% 1.97M 1s
  2650K .......... .......... .......... .......... .......... 65% 2.83M 1s
  2700K .......... .......... .......... .......... .......... 67% 3.27M 1s
  2750K .......... .......... .......... .......... .......... 68% 1.53M 1s
  2800K .......... .......... .......... .......... .......... 69% 3.49M 1s
  2850K .......... .......... .......... .......... .......... 70% 1.75M 1s
  2900K .......... .......... .......... .......... .......... 72% 3.69M 1s
  2950K .......... .......... .......... .......... .......... 73% 3.12M 0s
  3000K .......... .......... .......... .......... .......... 74% 2.16M 0s
  3050K .......... .......... .......... .......... .......... 75% 2.11M 0s
  3100K .......... .......... .......... .......... .......... 76%  983K 0s
  3150K .......... .......... .......... .......... .......... 78% 1.31M 0s
  3200K .......... .......... .......... .......... .......... 79% 3.65M 0s
  3250K .......... .......... .......... .......... .......... 80% 1.60M 0s
  3300K .......... .......... .......... .......... .......... 81% 3.10M 0s
  3350K .......... .......... .......... .......... .......... 83% 3.54M 0s
  3400K .......... .......... .......... .......... .......... 84%  957K 0s
  3450K .......... .......... .......... .......... .......... 85% 1.59M 0s
  3500K .......... .......... .......... .......... .......... 86% 10.9M 0s
  3550K .......... .......... .......... .......... .......... 87%  916K 0s
  3600K .......... .......... .......... .......... .......... 89% 5.99M 0s
  3650K .......... .......... .......... .......... .......... 90% 2.45M 0s
  3700K .......... .......... .......... .......... .......... 91% 1.53M 0s
  3750K .......... .......... .......... .......... .......... 92% 1.95M 0s
  3800K .......... .......... .......... .......... .......... 93% 1.55M 0s
  3850K .......... .......... .......... .......... .......... 95% 2.51M 0s
  3900K .......... .......... .......... .......... .......... 96% 1.96M 0s
  3950K .......... .......... .......... .......... .......... 97% 1.09M 0s
  4000K .......... .......... .......... .......... .......... 98% 8.63M 0s
  4050K .......... .......... .......... .......... ......    100% 6.32M=1.9s

2024-11-24 17:36:34 (2.08 MB/s) - ‘/home/joel-bansal/bharat_ws/build/multirobot_map_merge/map00.pgm’ saved [4194362/4194362]

Checking MD5 sum of /home/joel-bansal/bharat_ws/build/multirobot_map_merge/map00.pgm
/home/joel-bansal/bharat_ws/build/multirobot_map_merge/map00.pgm: OK
--2024-11-24 17:36:34--  https://raw.githubusercontent.com/hrnr/m-explore-extra/master/map_merge/hector_maps/map05.pgm
Resolving raw.githubusercontent.com (raw.githubusercontent.com)... 185.199.110.133, 185.199.108.133, 185.199.111.133, ...
Connecting to raw.githubusercontent.com (raw.githubusercontent.com)|185.199.110.133|:443... connected.
HTTP request sent, awaiting response... 200 OK
Length: 4194362 (4.0M) [application/octet-stream]
Saving to: ‘/home/joel-bansal/bharat_ws/build/multirobot_map_merge/map05.pgm’

     0K .......... .......... .......... .......... ..........  1%  954K 4s
    50K .......... .......... .......... .......... ..........  2% 1.53M 3s
   100K .......... .......... .......... .......... ..........  3% 1.88M 3s
   150K .......... .......... .......... .......... ..........  4% 2.34M 3s
   200K .......... .......... .......... .......... ..........  6% 1.30M 3s
   250K .......... .......... .......... .......... ..........  7% 1.75M 2s
   300K .......... .......... .......... .......... ..........  8% 10.5M 2s
   350K .......... .......... .......... .......... ..........  9% 1.94M 2s
   400K .......... .......... .......... .......... .......... 10% 1.08M 2s
   450K .......... .......... .......... .......... .......... 12% 1.77M 2s
   500K .......... .......... .......... .......... .......... 13% 4.77M 2s
   550K .......... .......... .......... .......... .......... 14% 2.90M 2s
   600K .......... .......... .......... .......... .......... 15% 1.40M 2s
   650K .......... .......... .......... .......... .......... 17% 2.04M 2s
   700K .......... .......... .......... .......... .......... 18% 3.65M 2s
   750K .......... .......... .......... .......... .......... 19% 2.26M 2s
   800K .......... .......... .......... .......... .......... 20% 2.19M 2s
   850K .......... .......... .......... .......... .......... 21% 2.20M 2s
   900K .......... .......... .......... .......... .......... 23% 1.84M 2s
   950K .......... .......... .......... .......... .......... 24% 2.72M 2s
  1000K .......... .......... .......... .......... .......... 25% 3.09M 2s
  1050K .......... .......... .......... .......... .......... 26% 2.15M 1s
  1100K .......... .......... .......... .......... .......... 28% 1.72M 1s
  1150K .......... .......... .......... .......... .......... 29% 2.41M 1s
  1200K .......... .......... .......... .......... .......... 30% 1.51M 1s
  1250K .......... .......... .......... .......... .......... 31% 2.32M 1s
  1300K .......... .......... .......... .......... .......... 32% 4.03M 1s
  1350K .......... .......... .......... .......... .......... 34% 1.45M 1s
  1400K .......... .......... .......... .......... .......... 35% 1.01M 1s
  1450K .......... .......... .......... .......... .......... 36% 12.7M 1s
  1500K .......... .......... .......... .......... .......... 37% 3.01M 1s
  1550K .......... .......... .......... .......... .......... 39% 5.81M 1s
  1600K .......... .......... .......... .......... .......... 40% 2.11M 1s
  1650K .......... .......... .......... .......... .......... 41% 3.03M 1s
  1700K .......... .......... .......... .......... .......... 42% 1.71M 1s
  1750K .......... .......... .......... .......... .......... 43% 2.15M 1s
  1800K .......... .......... .......... .......... .......... 45% 8.49M 1s
  1850K .......... .......... .......... .......... .......... 46% 1.35M 1s
  1900K .......... .......... .......... .......... .......... 47% 2.39M 1s
  1950K .......... .......... .......... .......... .......... 48% 3.87M 1s
  2000K .......... .......... .......... .......... .......... 50% 1.17M 1s
  2050K .......... .......... .......... .......... .......... 51% 1.34M 1s
  2100K .......... .......... .......... .......... .......... 52% 1.38M 1s
  2150K .......... .......... .......... .......... .......... 53% 11.1M 1s
  2200K .......... .......... .......... .......... .......... 54%  690K 1s
  2250K .......... .......... .......... .......... .......... 56% 2.01M 1s
  2300K .......... .......... .......... .......... .......... 57% 8.13M 1s
  2350K .......... .......... .......... .......... .......... 58% 1.22M 1s
  2400K .......... .......... .......... .......... .......... 59% 5.61M 1s
  2450K .......... .......... .......... .......... .......... 61% 4.05M 1s
  2500K .......... .......... .......... .......... .......... 62% 1.68M 1s
  2550K .......... .......... .......... .......... .......... 63% 7.64M 1s
  2600K .......... .......... .......... .......... .......... 64% 1.84M 1s
  2650K .......... .......... .......... .......... .......... 65% 7.14M 1s
  2700K .......... .......... .......... .......... .......... 67% 2.53M 1s
  2750K .......... .......... .......... .......... .......... 68% 2.43M 1s
  2800K .......... .......... .......... .......... .......... 69% 1.64M 1s
  2850K .......... .......... .......... .......... .......... 70% 2.87M 1s
  2900K .......... .......... .......... .......... .......... 72% 1.75M 1s
  2950K .......... .......... .......... .......... .......... 73%  959K 1s
  3000K .......... .......... .......... .......... .......... 74%  970K 1s
  3050K .......... .......... .......... .......... .......... 75% 3.15M 0s
  3100K .......... .......... .......... .......... .......... 76% 1.50M 0s
  3150K .......... .......... .......... .......... .......... 78% 8.00M 0s
  3200K .......... .......... .......... .......... .......... 79% 1.48M 0s
  3250K .......... .......... .......... .......... .......... 80% 5.38M 0s
  3300K .......... .......... .......... .......... .......... 81% 2.96M 0s
  3350K .......... .......... .......... .......... .......... 83% 2.59M 0s
  3400K .......... .......... .......... .......... .......... 84% 1.17M 0s
  3450K .......... .......... .......... .......... .......... 85% 2.79M 0s
  3500K .......... .......... .......... .......... .......... 86% 4.05M 0s
  3550K .......... .......... .......... .......... .......... 87% 23.4M 0s
  3600K .......... .......... .......... .......... .......... 89% 1.15M 0s
  3650K .......... .......... .......... .......... .......... 90% 1.57M 0s
  3700K .......... .......... .......... .......... .......... 91% 7.57M 0s
  3750K .......... .......... .......... .......... .......... 92% 3.14M 0s
  3800K .......... .......... .......... .......... .......... 93% 3.60M 0s
  3850K .......... .......... .......... .......... .......... 95% 1.30M 0s
  3900K .......... .......... .......... .......... .......... 96% 5.41M 0s
  3950K .......... .......... .......... .......... .......... 97% 2.13M 0s
  4000K .......... .......... .......... .......... .......... 98% 7.24M 0s
  4050K .......... .......... .......... .......... ......    100% 11.4M=1.9s

2024-11-24 17:36:37 (2.11 MB/s) - ‘/home/joel-bansal/bharat_ws/build/multirobot_map_merge/map05.pgm’ saved [4194362/4194362]

Checking MD5 sum of /home/joel-bansal/bharat_ws/build/multirobot_map_merge/map05.pgm
/home/joel-bansal/bharat_ws/build/multirobot_map_merge/map05.pgm: OK
--2024-11-24 17:36:37--  https://raw.githubusercontent.com/hrnr/m-explore-extra/master/map_merge/gmapping_maps/2011-08-09-12-22-52.pgm
Resolving raw.githubusercontent.com (raw.githubusercontent.com)... 185.199.110.133, 185.199.108.133, 185.199.111.133, ...
Connecting to raw.githubusercontent.com (raw.githubusercontent.com)|185.199.110.133|:443... connected.
HTTP request sent, awaiting response... 200 OK
Length: 16000058 (15M) [application/octet-stream]
Saving to: ‘/home/joel-bansal/bharat_ws/build/multirobot_map_merge/2011-08-09-12-22-52.pgm’

     0K .......... .......... .......... .......... ..........  0%  668K 23s
    50K .......... .......... .......... .......... ..........  0%  869K 21s
   100K .......... .......... .......... .......... ..........  0% 1.06M 18s
   150K .......... .......... .......... .......... ..........  1%  999K 18s
   200K .......... .......... .......... .......... ..........  1% 1.05M 17s
   250K .......... .......... .......... .......... ..........  1% 1.26M 16s
   300K .......... .......... .......... .......... ..........  2% 1.13M 16s
   350K .......... .......... .......... .......... ..........  2% 1.10M 15s
   400K .......... .......... .......... .......... ..........  2%  836K 16s
   450K .......... .......... .......... .......... ..........  3% 1.24M 15s
   500K .......... .......... .......... .......... ..........  3% 1.01M 15s
   550K .......... .......... .......... .......... ..........  3% 1.33M 15s
   600K .......... .......... .......... .......... ..........  4% 1.25M 14s
   650K .......... .......... .......... .......... ..........  4% 1.10M 14s
   700K .......... .......... .......... .......... ..........  4% 1.24M 14s
   750K .......... .......... .......... .......... ..........  5%  864K 14s
   800K .......... .......... .......... .......... ..........  5%  820K 14s
   850K .......... .......... .......... .......... ..........  5% 1.14M 14s
   900K .......... .......... .......... .......... ..........  6% 1.43M 14s
   950K .......... .......... .......... .......... ..........  6% 1.29M 14s
  1000K .......... .......... .......... .......... ..........  6% 1.12M 14s
  1050K .......... .......... .......... .......... ..........  7% 1.55M 13s
  1100K .......... .......... .......... .......... ..........  7% 1.42M 13s
  1150K .......... .......... .......... .......... ..........  7% 1.63M 13s
  1200K .......... .......... .......... .......... ..........  7%  821K 13s
  1250K .......... .......... .......... .......... ..........  8% 1.17M 13s
  1300K .......... .......... .......... .......... ..........  8% 1.56M 13s
  1350K .......... .......... .......... .......... ..........  8% 1.59M 13s
  1400K .......... .......... .......... .......... ..........  9% 1.33M 13s
  1450K .......... .......... .......... .......... ..........  9% 1.25M 12s
  1500K .......... .......... .......... .......... ..........  9% 1.50M 12s
  1550K .......... .......... .......... .......... .......... 10% 1.20M 12s
  1600K .......... .......... .......... .......... .......... 10% 1.03M 12s
  1650K .......... .......... .......... .......... .......... 10% 1.41M 12s
  1700K .......... .......... .......... .......... .......... 11% 1.73M 12s
  1750K .......... .......... .......... .......... .......... 11% 1.20M 12s
  1800K .......... .......... .......... .......... .......... 11% 1.68M 12s
  1850K .......... .......... .......... .......... .......... 12% 1.60M 12s
  1900K .......... .......... .......... .......... .......... 12% 1.64M 11s
  1950K .......... .......... .......... .......... .......... 12% 1.60M 11s
  2000K .......... .......... .......... .......... .......... 13% 1.06M 11s
  2050K .......... .......... .......... .......... .......... 13% 1.16M 11s
  2100K .......... .......... .......... .......... .......... 13% 1.26M 11s
  2150K .......... .......... .......... .......... .......... 14% 2.05M 11s
  2200K .......... .......... .......... .......... .......... 14% 1.37M 11s
  2250K .......... .......... .......... .......... .......... 14% 1.63M 11s
  2300K .......... .......... .......... .......... .......... 15%  757K 11s
  2350K .......... .......... .......... .......... .......... 15%  711K 11s
  2400K .......... .......... .......... .......... .......... 15% 1.43M 11s
  2450K .......... .......... .......... .......... .......... 15% 1.66M 11s
  2500K .......... .......... .......... .......... .......... 16% 1.52M 11s
  2550K .......... .......... .......... .......... .......... 16% 1.81M 11s
  2600K .......... .......... .......... .......... .......... 16%  560K 11s
  2650K .......... .......... .......... .......... .......... 17% 1.15M 11s
  2700K .......... .......... .......... .......... .......... 17% 1.16M 11s
  2750K .......... .......... .......... .......... .......... 17% 2.19M 11s
  2800K .......... .......... .......... .......... .......... 18% 1.11M 11s
  2850K .......... .......... .......... .......... .......... 18% 2.85M 11s
  2900K .......... .......... .......... .......... .......... 18% 1.34M 10s
  2950K .......... .......... .......... .......... .......... 19% 1.29M 10s
  3000K .......... .......... .......... .......... .......... 19% 2.26M 10s
  3050K .......... .......... .......... .......... .......... 19% 2.10M 10s
  3100K .......... .......... .......... .......... .......... 20% 1.67M 10s
  3150K .......... .......... .......... .......... .......... 20% 1.58M 10s
  3200K .......... .......... .......... .......... .......... 20% 1.06M 10s
  3250K .......... .......... .......... .......... .......... 21% 1.39M 10s
  3300K .......... .......... .......... .......... .......... 21% 1.78M 10s
  3350K .......... .......... .......... .......... .......... 21%  699K 10s
  3400K .......... .......... .......... .......... .......... 22%  403K 10s
  3450K .......... .......... .......... .......... .......... 22%  615K 10s
  3500K .......... .......... .......... .......... .......... 22% 1.79M 10s
  3550K .......... .......... .......... .......... .......... 23%  525K 10s
  3600K .......... .......... .......... .......... .......... 23%  477K 10s
  3650K .......... .......... .......... .......... .......... 23% 2.35M 10s
  3700K .......... .......... .......... .......... .......... 23%  607K 10s
  3750K .......... .......... .......... .......... .......... 24%  494K 11s
  3800K .......... .......... .......... .......... .......... 24%  528K 11s
  3850K .......... .......... .......... .......... .......... 24% 1.78M 11s
  3900K .......... .......... .......... .......... .......... 25%  655K 11s
  3950K .......... .......... .......... .......... .......... 25%  413K 11s
  4000K .......... .......... .......... .......... .......... 25% 61.8K 13s
  4050K .......... .......... .......... .......... .......... 26% 1.00M 13s
  4100K .......... .......... .......... .......... .......... 26%  133K 14s
  4150K .......... .......... .......... .......... .......... 26%  115K 15s
  4200K .......... .......... .......... .......... .......... 27% 41.8K 18s
  4250K .......... .......... .......... .......... .......... 27% 40.5K 21s
  4300K .......... .......... .......... .......... .......... 27% 18.2K 27s
  4350K .......... .......... .......... .......... .......... 28%  322K 27s
  4400K .......... .......... .......... .......... .......... 28%  417K 27s
  4450K .......... .......... .......... .......... .......... 28%  598K 27s
  4500K .......... .......... .......... .......... .......... 29%  727K 27s
  4550K .......... .......... .......... .......... .......... 29%  680K 27s
  4600K .......... .......... .......... .......... .......... 29%  849K 26s
  4650K .......... .......... .......... .......... .......... 30%  847K 26s
  4700K .......... .......... .......... .......... .......... 30% 1002K 26s
  4750K .......... .......... .......... .......... .......... 30%  910K 25s
  4800K .......... .......... .......... .......... .......... 31%  724K 25s
  4850K .......... .......... .......... .......... .......... 31% 1.12M 25s
  4900K .......... .......... .......... .......... .......... 31% 1.02M 25s
  4950K .......... .......... .......... .......... .......... 31% 1.04M 24s
  5000K .......... .......... .......... .......... .......... 32% 1.05M 24s
  5050K .......... .......... .......... .......... .......... 32% 1.09M 24s
  5100K .......... .......... .......... .......... .......... 32% 1.12M 24s
  5150K .......... .......... .......... .......... .......... 33%  649K 23s
  5200K .......... .......... .......... .......... .......... 33%  629K 23s
  5250K .......... .......... .......... .......... .......... 33% 1.05M 23s
  5300K .......... .......... .......... .......... .......... 34% 1.24M 23s
  5350K .......... .......... .......... .......... .......... 34% 1.03M 23s
  5400K .......... .......... .......... .......... .......... 34% 1.25M 22s
  5450K .......... .......... .......... .......... .......... 35% 1.35M 22s
  5500K .......... .......... .......... .......... .......... 35% 1.19M 22s
  5550K .......... .......... .......... .......... .......... 35%  960K 22s
  5600K .......... .......... .......... .......... .......... 36% 1.15M 21s
  5650K .......... .......... .......... .......... .......... 36% 1.40M 21s
  5700K .......... .......... .......... .......... .......... 36% 1.05M 21s
  5750K .......... .......... .......... .......... .......... 37% 1.03M 21s
  5800K .......... .......... .......... .......... .......... 37% 1.22M 21s
  5850K .......... .......... .......... .......... .......... 37% 1.36M 20s
  5900K .......... .......... .......... .......... .......... 38% 1006K 20s
  5950K .......... .......... .......... .......... .......... 38% 2.02M 20s
  6000K .......... .......... .......... .......... .......... 38% 1.05M 20s
  6050K .......... .......... .......... .......... .......... 39% 1.73M 19s
  6100K .......... .......... .......... .......... .......... 39% 1.40M 19s
  6150K .......... .......... .......... .......... .......... 39% 1.23M 19s
  6200K .......... .......... .......... .......... .......... 39% 1.06M 19s
  6250K .......... .......... .......... .......... .......... 40% 1.95M 19s
  6300K .......... .......... .......... .......... .......... 40% 1.82M 18s
  6350K .......... .......... .......... .......... .......... 40%  860K 18s
  6400K .......... .......... .......... .......... .......... 41% 1.02M 18s
  6450K .......... .......... .......... .......... .......... 41% 1.30M 18s
  6500K .......... .......... .......... .......... .......... 41% 1.32M 18s
  6550K .......... .......... .......... .......... .......... 42% 1.80M 18s
  6600K .......... .......... .......... .......... .......... 42% 1.44M 17s
  6650K .......... .......... .......... .......... .......... 42% 1.28M 17s
  6700K .......... .......... .......... .......... .......... 43% 1.98M 17s
  6750K .......... .......... .......... .......... .......... 43% 1.78M 17s
  6800K .......... .......... .......... .......... .......... 43%  963K 17s
  6850K .......... .......... .......... .......... .......... 44% 1.81M 17s
  6900K .......... .......... .......... .......... .......... 44% 1.83M 16s
  6950K .......... .......... .......... .......... .......... 44% 1.02M 16s
  7000K .......... .......... .......... .......... .......... 45% 1.54M 16s
  7050K .......... .......... .......... .......... .......... 45% 1.81M 16s
  7100K .......... .......... .......... .......... .......... 45% 1.55M 16s
  7150K .......... .......... .......... .......... .......... 46% 1.76M 16s
  7200K .......... .......... .......... .......... .......... 46% 1.24M 15s
  7250K .......... .......... .......... .......... .......... 46% 1.64M 15s
  7300K .......... .......... .......... .......... .......... 47% 1.44M 15s
  7350K .......... .......... .......... .......... .......... 47% 1.73M 15s
  7400K .......... .......... .......... .......... .......... 47% 1.63M 15s
  7450K .......... .......... .......... .......... .......... 47% 1015K 15s
  7500K .......... .......... .......... .......... .......... 48% 2.07M 14s
  7550K .......... .......... .......... .......... .......... 48% 1.35M 14s
  7600K .......... .......... .......... .......... .......... 48% 1.64M 14s
  7650K .......... .......... .......... .......... .......... 49% 1.59M 14s
  7700K .......... .......... .......... .......... .......... 49% 1.22M 14s
  7750K .......... .......... .......... .......... .......... 49% 3.56M 14s
  7800K .......... .......... .......... .......... .......... 50% 1.17M 14s
  7850K .......... .......... .......... .......... .......... 50% 1.64M 13s
  7900K .......... .......... .......... .......... .......... 50% 2.04M 13s
  7950K .......... .......... .......... .......... .......... 51% 1.31M 13s
  8000K .......... .......... .......... .......... .......... 51% 1.52M 13s
  8050K .......... .......... .......... .......... .......... 51% 1.56M 13s
  8100K .......... .......... .......... .......... .......... 52% 1.92M 13s
  8150K .......... .......... .......... .......... .......... 52% 2.33M 13s
  8200K .......... .......... .......... .......... .......... 52% 1.10M 12s
  8250K .......... .......... .......... .......... .......... 53% 2.23M 12s
  8300K .......... .......... .......... .......... .......... 53% 1.35M 12s
  8350K .......... .......... .......... .......... .......... 53% 1.42M 12s
  8400K .......... .......... .......... .......... .......... 54% 1.99M 12s
  8450K .......... .......... .......... .......... .......... 54% 1.23M 12s
  8500K .......... .......... .......... .......... .......... 54% 1.58M 12s
  8550K .......... .......... .......... .......... .......... 55% 1.58M 12s
  8600K .......... .......... .......... .......... .......... 55% 1.55M 11s
  8650K .......... .......... .......... .......... .......... 55% 2.00M 11s
  8700K .......... .......... .......... .......... .......... 55% 1.84M 11s
  8750K .......... .......... .......... .......... .......... 56% 2.39M 11s
  8800K .......... .......... .......... .......... .......... 56% 1.08M 11s
  8850K .......... .......... .......... .......... .......... 56% 1.62M 11s
  8900K .......... .......... .......... .......... .......... 57% 2.02M 11s
  8950K .......... .......... .......... .......... .......... 57% 2.81M 11s
  9000K .......... .......... .......... .......... .......... 57% 1.13M 10s
  9050K .......... .......... .......... .......... .......... 58% 1.47M 10s
  9100K .......... .......... .......... .......... .......... 58% 2.02M 10s
  9150K .......... .......... .......... .......... .......... 58% 1.74M 10s
  9200K .......... .......... .......... .......... .......... 59% 1.11M 10s
  9250K .......... .......... .......... .......... .......... 59% 2.24M 10s
  9300K .......... .......... .......... .......... .......... 59% 1.28M 10s
  9350K .......... .......... .......... .......... .......... 60% 3.07M 10s
  9400K .......... .......... .......... .......... .......... 60% 2.30M 10s
  9450K .......... .......... .......... .......... .......... 60% 1.63M 9s
  9500K .......... .......... .......... .......... .......... 61% 1.48M 9s
  9550K .......... .......... .......... .......... .......... 61% 1.96M 9s
  9600K .......... .......... .......... .......... .......... 61% 1.25M 9s
  9650K .......... .......... .......... .......... .......... 62% 2.55M 9s
  9700K .......... .......... .......... .......... .......... 62% 1.36M 9s
  9750K .......... .......... .......... .......... .......... 62% 2.44M 9s
  9800K .......... .......... .......... .......... .......... 63% 1.83M 9s
  9850K .......... .......... .......... .......... .......... 63% 3.70M 9s
  9900K .......... .......... .......... .......... .......... 63% 1.75M 9s
  9950K .......... .......... .......... .......... .......... 63% 2.02M 8s
 10000K .......... .......... .......... .......... .......... 64% 1.34M 8s
 10050K .......... .......... .......... .......... .......... 64% 3.92M 8s
 10100K .......... .......... .......... .......... .......... 64% 1.42M 8s
 10150K .......... .......... .......... .......... .......... 65% 2.54M 8s
 10200K .......... .......... .......... .......... .......... 65% 1.32M 8s
 10250K .......... .......... .......... .......... .......... 65% 2.01M 8s
 10300K .......... .......... .......... .......... .......... 66% 1.68M 8s
 10350K .......... .......... .......... .......... .......... 66% 2.53M 8s
 10400K .......... .......... .......... .......... .......... 66% 1.34M 8s
 10450K .......... .......... .......... .......... .......... 67% 2.52M 7s
 10500K .......... .......... .......... .......... .......... 67%  792K 7s
 10550K .......... .......... .......... .......... .......... 67% 2.81M 7s
 10600K .......... .......... .......... .......... .......... 68%  668K 7s
 10650K .......... .......... .......... .......... .......... 68% 6.38M 7s
 10700K .......... .......... .......... .......... .......... 68% 1.24M 7s
 10750K .......... .......... .......... .......... .......... 69% 1.43M 7s
 10800K .......... .......... .......... .......... .......... 69% 2.23M 7s
 10850K .......... .......... .......... .......... .......... 69% 1.49M 7s
 10900K .......... .......... .......... .......... .......... 70% 3.56M 7s
 10950K .......... .......... .......... .......... .......... 70% 1.73M 7s
 11000K .......... .......... .......... .......... .......... 70% 1.23M 6s
 11050K .......... .......... .......... .......... .......... 71% 8.58M 6s
 11100K .......... .......... .......... .......... .......... 71% 2.20M 6s
 11150K .......... .......... .......... .......... .......... 71% 1.86M 6s
 11200K .......... .......... .......... .......... .......... 71% 1.36M 6s
 11250K .......... .......... .......... .......... .......... 72% 1.60M 6s
 11300K .......... .......... .......... .......... .......... 72% 2.61M 6s
 11350K .......... .......... .......... .......... .......... 72% 1.73M 6s
 11400K .......... .......... .......... .......... .......... 73% 1.59M 6s
 11450K .......... .......... .......... .......... .......... 73% 2.18M 6s
 11500K .......... .......... .......... .......... .......... 73% 2.84M 6s
 11550K .......... .......... .......... .......... .......... 74% 1.13M 5s
 11600K .......... .......... .......... .......... .......... 74% 3.37M 5s
 11650K .......... .......... .......... .......... .......... 74% 1.28M 5s
 11700K .......... .......... .......... .......... .......... 75% 4.21M 5s
 11750K .......... .......... .......... .......... .......... 75% 2.57M 5s
 11800K .......... .......... .......... .......... .......... 75%  929K 5s
 11850K .......... .......... .......... .......... .......... 76% 3.77M 5s
 11900K .......... .......... .......... .......... .......... 76% 3.56M 5s
 11950K .......... .......... .......... .......... .......... 76% 1.61M 5s
 12000K .......... .......... .......... .......... .......... 77% 1.44M 5s
 12050K .......... .......... .......... .......... .......... 77% 3.28M 5s
 12100K .......... .......... .......... .......... .......... 77% 2.20M 5s
 12150K .......... .......... .......... .......... .......... 78% 1.95M 5s
 12200K .......... .......... .......... .......... .......... 78% 2.12M 4s
 12250K .......... .......... .......... .......... .......... 78% 2.10M 4s
 12300K .......... .......... .......... .......... .......... 79% 2.51M 4s
 12350K .......... .......... .......... .......... .......... 79% 2.40M 4s
 12400K .......... .......... .......... .......... .......... 79% 1.89M 4s
 12450K .......... .......... .......... .......... .......... 79% 1.36M 4s
 12500K .......... .......... .......... .......... .......... 80% 8.36M 4s
 12550K .......... .......... .......... .......... .......... 80% 2.13M 4s
 12600K .......... .......... .......... .......... .......... 80% 1.87M 4s
 12650K .......... .......... .......... .......... .......... 81%  825K 4s
 12700K .......... .......... .......... .......... .......... 81% 7.26M 4s
 12750K .......... .......... .......... .......... .......... 81% 8.22M 4s
 12800K .......... .......... .......... .......... .......... 82% 1.49M 4s
 12850K .......... .......... .......... .......... .......... 82% 1.89M 3s
 12900K .......... .......... .......... .......... .......... 82% 1.55M 3s
 12950K .......... .......... .......... .......... .......... 83% 3.30M 3s
 13000K .......... .......... .......... .......... .......... 83% 2.37M 3s
 13050K .......... .......... .......... .......... .......... 83% 4.28M 3s
 13100K .......... .......... .......... .......... .......... 84% 1.70M 3s
 13150K .......... .......... .......... .......... .......... 84% 2.31M 3s
 13200K .......... .......... .......... .......... .......... 84% 1.16M 3s
 13250K .......... .......... .......... .......... .......... 85% 6.92M 3s
 13300K .......... .......... .......... .......... .......... 85% 1.80M 3s
 13350K .......... .......... .......... .......... .......... 85% 2.39M 3s
 13400K .......... .......... .......... .......... .......... 86% 1.26M 3s
 13450K .......... .......... .......... .......... .......... 86% 5.45M 3s
 13500K .......... .......... .......... .......... .......... 86% 2.37M 3s
 13550K .......... .......... .......... .......... .......... 87% 3.37M 2s
 13600K .......... .......... .......... .......... .......... 87% 1.62M 2s
 13650K .......... .......... .......... .......... .......... 87% 2.28M 2s
 13700K .......... .......... .......... .......... .......... 87% 3.21M 2s
 13750K .......... .......... .......... .......... .......... 88% 1.64M 2s
 13800K .......... .......... .......... .......... .......... 88% 4.57M 2s
 13850K .......... .......... .......... .......... .......... 88% 3.05M 2s
 13900K .......... .......... .......... .......... .......... 89% 2.00M 2s
 13950K .......... .......... .......... .......... .......... 89% 1.88M 2s
 14000K .......... .......... .......... .......... .......... 89% 2.46M 2s
 14050K .......... .......... .......... .......... .......... 90% 6.95M 2s
 14100K .......... .......... .......... .......... .......... 90% 1.98M 2s
 14150K .......... .......... .......... .......... .......... 90% 1.73M 2s
 14200K .......... .......... .......... .......... .......... 91% 3.73M 2s
 14250K .......... .......... .......... .......... .......... 91% 2.61M 2s
 14300K .......... .......... .......... .......... .......... 91% 1.84M 2s
 14350K .......... .......... .......... .......... .......... 92% 5.66M 1s
 14400K .......... .......... .......... .......... .......... 92% 2.60M 1s
 14450K .......... .......... .......... .......... .......... 92% 3.34M 1s
 14500K .......... .......... .......... .......... .......... 93% 2.73M 1s
 14550K .......... .......... .......... .......... .......... 93% 2.76M 1s
 14600K .......... .......... .......... .......... .......... 93% 1.35M 1s
 14650K .......... .......... .......... .......... .......... 94% 2.60M 1s
 14700K .......... .......... .......... .......... .......... 94% 4.97M 1s
 14750K .......... .......... .......... .......... .......... 94% 1.97M 1s
 14800K .......... .......... .......... .......... .......... 95% 2.34M 1s
 14850K .......... .......... .......... .......... .......... 95% 3.54M 1s
 14900K .......... .......... .......... .......... .......... 95% 1.73M 1s
 14950K .......... .......... .......... .......... .......... 95% 3.32M 1s
 15000K .......... .......... .......... .......... .......... 96% 2.34M 1s
 15050K .......... .......... .......... .......... .......... 96% 1.53M 1s
 15100K .......... .......... .......... .......... .......... 96% 10.4M 1s
 15150K .......... .......... .......... .......... .......... 97% 1.42M 0s
 15200K .......... .......... .......... .......... .......... 97% 3.04M 0s
 15250K .......... .......... .......... .......... .......... 97% 2.23M 0s
 15300K .......... .......... .......... .......... .......... 98% 2.80M 0s
 15350K .......... .......... .......... .......... .......... 98% 1.46M 0s
 15400K .......... .......... .......... .......... .......... 98% 3.32M 0s
 15450K .......... .......... .......... .......... .......... 99% 1.94M 0s
 15500K .......... .......... .......... .......... .......... 99% 5.85M 0s
 15550K .......... .......... .......... .......... .......... 99% 2.30M 0s
 15600K .......... .......... .....                           100% 4.21M=18s

2024-11-24 17:36:55 (888 KB/s) - ‘/home/joel-bansal/bharat_ws/build/multirobot_map_merge/2011-08-09-12-22-52.pgm’ saved [16000058/16000058]

Checking MD5 sum of /home/joel-bansal/bharat_ws/build/multirobot_map_merge/2011-08-09-12-22-52.pgm
/home/joel-bansal/bharat_ws/build/multirobot_map_merge/2011-08-09-12-22-52.pgm: OK
--2024-11-24 17:36:55--  https://raw.githubusercontent.com/hrnr/m-explore-extra/master/map_merge/gmapping_maps/2012-01-28-11-12-01.pgm
Resolving raw.githubusercontent.com (raw.githubusercontent.com)... 185.199.109.133, 185.199.110.133, 185.199.111.133, ...
Connecting to raw.githubusercontent.com (raw.githubusercontent.com)|185.199.109.133|:443... connected.
HTTP request sent, awaiting response... 200 OK
Length: 16000058 (15M) [application/octet-stream]
Saving to: ‘/home/joel-bansal/bharat_ws/build/multirobot_map_merge/2012-01-28-11-12-01.pgm’

     0K .......... .......... .......... .......... ..........  0%  975K 16s
    50K .......... .......... .......... .......... ..........  0%  187K 50s
   100K .......... .......... .......... .......... ..........  0% 67.5M 33s
   150K .......... .......... .......... .......... ..........  1%  426K 34s
   200K .......... .......... .......... .......... ..........  1% 1.42M 29s
   250K .......... .......... .......... .......... ..........  1%  131K 44s
   300K .......... .......... .......... .......... ..........  2%  109K 57s
   350K .......... .......... .......... .......... ..........  2% 5.85M 50s
   400K .......... .......... .......... .......... ..........  2% 31.2K 98s
   450K .......... .......... .......... .......... ..........  3% 17.6K 2m54s
   500K .......... .......... .......... .......... ..........  3% 50.1K 3m5s
   550K .......... .......... .......... .......... ..........  3%  380K 2m53s
   600K .......... .......... .......... .......... ..........  4%  570K 2m41s
   650K .......... .......... .......... .......... ..........  4%  634K 2m31s
   700K .......... .......... .......... .......... ..........  4%  733K 2m21s
   750K .......... .......... .......... .......... ..........  5%  843K 2m13s
   800K .......... .......... .......... .......... ..........  5%  615K 2m6s
   850K .......... .......... .......... .......... ..........  5%  855K 2m0s
   900K .......... .......... .......... .......... ..........  6%  748K 1m54s
   950K .......... .......... .......... .......... ..........  6%  929K 1m49s
  1000K .......... .......... .......... .......... ..........  6% 1.09M 1m44s
  1050K .......... .......... .......... .......... ..........  7%  815K 1m40s
  1100K .......... .......... .......... .......... ..........  7% 1.02M 96s
  1150K .......... .......... .......... .......... ..........  7% 1.11M 92s
  1200K .......... .......... .......... .......... ..........  7% 1.07M 88s
  1250K .......... .......... .......... .......... ..........  8%  804K 85s
  1300K .......... .......... .......... .......... ..........  8% 1.23M 82s
  1350K .......... .......... .......... .......... ..........  8% 1.24M 80s
  1400K .......... .......... .......... .......... ..........  9%  991K 77s
  1450K .......... .......... .......... .......... ..........  9% 1.04M 75s
  1500K .......... .......... .......... .......... ..........  9% 1.02M 72s
  1550K .......... .......... .......... .......... .......... 10% 1012K 70s
  1600K .......... .......... .......... .......... .......... 10% 1.16M 68s
  1650K .......... .......... .......... .......... .......... 10% 1.08M 66s
  1700K .......... .......... .......... .......... .......... 11% 1.07M 65s
  1750K .......... .......... .......... .......... .......... 11% 1.03M 63s
  1800K .......... .......... .......... .......... .......... 11% 1.79M 61s
  1850K .......... .......... .......... .......... .......... 12% 1.09M 60s
  1900K .......... .......... .......... .......... .......... 12% 1.40M 58s
  1950K .......... .......... .......... .......... .......... 12% 1.33M 57s
  2000K .......... .......... .......... .......... .......... 13%  928K 56s
  2050K .......... .......... .......... .......... .......... 13% 1009K 54s
  2100K .......... .......... .......... .......... .......... 13% 1.08M 53s
  2150K .......... .......... .......... .......... .......... 14% 1.64M 52s
  2200K .......... .......... .......... .......... .......... 14% 1.24M 51s
  2250K .......... .......... .......... .......... .......... 14% 1.21M 50s
  2300K .......... .......... .......... .......... .......... 15% 1.41M 49s
  2350K .......... .......... .......... .......... .......... 15% 1019K 48s
  2400K .......... .......... .......... .......... .......... 15% 1.58M 47s
  2450K .......... .......... .......... .......... .......... 15%  982K 46s
  2500K .......... .......... .......... .......... .......... 16% 1.79M 45s
  2550K .......... .......... .......... .......... .......... 16% 1.21M 44s
  2600K .......... .......... .......... .......... .......... 16% 1.71M 43s
  2650K .......... .......... .......... .......... .......... 17% 1.22M 43s
  2700K .......... .......... .......... .......... .......... 17% 1.36M 42s
  2750K .......... .......... .......... .......... .......... 17% 1.61M 41s
  2800K .......... .......... .......... .......... .......... 18% 1.31M 40s
  2850K .......... .......... .......... .......... .......... 18% 1.17M 40s
  2900K .......... .......... .......... .......... .......... 18% 1.38M 39s
  2950K .......... .......... .......... .......... .......... 19% 2.05M 38s
  3000K .......... .......... .......... .......... .......... 19% 1.50M 38s
  3050K .......... .......... .......... .......... .......... 19% 1.07M 37s
  3100K .......... .......... .......... .......... .......... 20% 2.58M 36s
  3150K .......... .......... .......... .......... .......... 20%  993K 36s
  3200K .......... .......... .......... .......... .......... 20% 2.60M 35s
  3250K .......... .......... .......... .......... .......... 21%  960K 35s
  3300K .......... .......... .......... .......... .......... 21% 1.82M 34s
  3350K .......... .......... .......... .......... .......... 21% 1.24M 34s
  3400K .......... .......... .......... .......... .......... 22% 2.11M 33s
  3450K .......... .......... .......... .......... .......... 22% 1.09M 33s
  3500K .......... .......... .......... .......... .......... 22% 1.53M 32s
  3550K .......... .......... .......... .......... .......... 23% 1.32M 32s
  3600K .......... .......... .......... .......... .......... 23% 1.94M 31s
  3650K .......... .......... .......... .......... .......... 23% 1.46M 31s
  3700K .......... .......... .......... .......... .......... 23% 1.47M 30s
  3750K .......... .......... .......... .......... .......... 24%  896K 30s
  3800K .......... .......... .......... .......... .......... 24% 1.59M 30s
  3850K .......... .......... .......... .......... .......... 24% 1.29M 29s
  3900K .......... .......... .......... .......... .......... 25% 1.53M 29s
  3950K .......... .......... .......... .......... .......... 25% 1.97M 29s
  4000K .......... .......... .......... .......... .......... 25%  862K 28s
  4050K .......... .......... .......... .......... .......... 26% 1.18M 28s
  4100K .......... .......... .......... .......... .......... 26% 2.04M 27s
  4150K .......... .......... .......... .......... .......... 26% 1.20M 27s
  4200K .......... .......... .......... .......... .......... 27% 1.66M 27s
  4250K .......... .......... .......... .......... .......... 27% 1.18M 26s
  4300K .......... .......... .......... .......... .......... 27% 3.12M 26s
  4350K .......... .......... .......... .......... .......... 28% 1.26M 26s
  4400K .......... .......... .......... .......... .......... 28% 2.56M 25s
  4450K .......... .......... .......... .......... .......... 28% 1.32M 25s
  4500K .......... .......... .......... .......... .......... 29% 1.29M 25s
  4550K .......... .......... .......... .......... .......... 29% 2.88M 24s
  4600K .......... .......... .......... .......... .......... 29% 1.15M 24s
  4650K .......... .......... .......... .......... .......... 30% 1.80M 24s
  4700K .......... .......... .......... .......... .......... 30% 1.55M 24s
  4750K .......... .......... .......... .......... .......... 30% 1.60M 23s
  4800K .......... .......... .......... .......... .......... 31% 1.39M 23s
  4850K .......... .......... .......... .......... .......... 31%  727K 23s
  4900K .......... .......... .......... .......... .......... 31% 1.46M 23s
  4950K .......... .......... .......... .......... .......... 31% 1.23M 22s
  5000K .......... .......... .......... .......... .......... 32% 1.81M 22s
  5050K .......... .......... .......... .......... .......... 32% 1.38M 22s
  5100K .......... .......... .......... .......... .......... 32% 2.44M 22s
  5150K .......... .......... .......... .......... .......... 33% 1.72M 21s
  5200K .......... .......... .......... .......... .......... 33%  831K 21s
  5250K .......... .......... .......... .......... .......... 33% 1.47M 21s
  5300K .......... .......... .......... .......... .......... 34% 1.84M 21s
  5350K .......... .......... .......... .......... .......... 34% 2.36M 20s
  5400K .......... .......... .......... .......... .......... 34% 1.80M 20s
  5450K .......... .......... .......... .......... .......... 35% 1.37M 20s
  5500K .......... .......... .......... .......... .......... 35% 3.29M 20s
  5550K .......... .......... .......... .......... .......... 35% 1.51M 19s
  5600K .......... .......... .......... .......... .......... 36% 1.97M 19s
  5650K .......... .......... .......... .......... .......... 36% 1.06M 19s
  5700K .......... .......... .......... .......... .......... 36% 1.49M 19s
  5750K .......... .......... .......... .......... .......... 37% 2.28M 19s
  5800K .......... .......... .......... .......... .......... 37% 1.66M 18s
  5850K .......... .......... .......... .......... .......... 37% 2.17M 18s
  5900K .......... .......... .......... .......... .......... 38% 1.29M 18s
  5950K .......... .......... .......... .......... .......... 38% 2.32M 18s
  6000K .......... .......... .......... .......... .......... 38% 1.35M 18s
  6050K .......... .......... .......... .......... .......... 39% 1.22M 17s
  6100K .......... .......... .......... .......... .......... 39% 2.84M 17s
  6150K .......... .......... .......... .......... .......... 39% 1.56M 17s
  6200K .......... .......... .......... .......... .......... 39% 2.68M 17s
  6250K .......... .......... .......... .......... .......... 40% 1.17M 17s
  6300K .......... .......... .......... .......... .......... 40% 3.54M 17s
  6350K .......... .......... .......... .......... .......... 40% 1.36M 16s
  6400K .......... .......... .......... .......... .......... 41% 1.49M 16s
  6450K .......... .......... .......... .......... .......... 41% 1.44M 16s
  6500K .......... .......... .......... .......... .......... 41% 2.77M 16s
  6550K .......... .......... .......... .......... .......... 42% 1.60M 16s
  6600K .......... .......... .......... .......... .......... 42% 2.73M 15s
  6650K .......... .......... .......... .......... .......... 42% 1.77M 15s
  6700K .......... .......... .......... .......... .......... 43% 1.62M 15s
  6750K .......... .......... .......... .......... .......... 43% 2.36M 15s
  6800K .......... .......... .......... .......... .......... 43% 1.16M 15s
  6850K .......... .......... .......... .......... .......... 44% 2.72M 15s
  6900K .......... .......... .......... .......... .......... 44% 1.08M 15s
  6950K .......... .......... .......... .......... .......... 44% 2.99M 14s
  7000K .......... .......... .......... .......... .......... 45% 1.43M 14s
  7050K .......... .......... .......... .......... .......... 45% 2.81M 14s
  7100K .......... .......... .......... .......... .......... 45% 1.73M 14s
  7150K .......... .......... .......... .......... .......... 46% 1.94M 14s
  7200K .......... .......... .......... .......... .......... 46% 1.74M 14s
  7250K .......... .......... .......... .......... .......... 46%  969K 14s
  7300K .......... .......... .......... .......... .......... 47% 4.47M 13s
  7350K .......... .......... .......... .......... .......... 47% 1.62M 13s
  7400K .......... .......... .......... .......... .......... 47% 2.07M 13s
  7450K .......... .......... .......... .......... .......... 47% 1.74M 13s
  7500K .......... .......... .......... .......... .......... 48% 1.99M 13s
  7550K .......... .......... .......... .......... .......... 48% 1.71M 13s
  7600K .......... .......... .......... .......... .......... 48% 1.37M 13s
  7650K .......... .......... .......... .......... .......... 49% 1.06M 12s
  7700K .......... .......... .......... .......... .......... 49% 9.20M 12s
  7750K .......... .......... .......... .......... .......... 49% 1.68M 12s
  7800K .......... .......... .......... .......... .......... 50% 1.77M 12s
  7850K .......... .......... .......... .......... .......... 50% 1.88M 12s
  7900K .......... .......... .......... .......... .......... 50% 2.34M 12s
  7950K .......... .......... .......... .......... .......... 51% 1.25M 12s
  8000K .......... .......... .......... .......... .......... 51% 7.97M 12s
  8050K .......... .......... .......... .......... .......... 51% 1.10M 11s
  8100K .......... .......... .......... .......... .......... 52% 1.61M 11s
  8150K .......... .......... .......... .......... .......... 52% 2.31M 11s
  8200K .......... .......... .......... .......... .......... 52% 1.21M 11s
  8250K .......... .......... .......... .......... .......... 53% 1.75M 11s
  8300K .......... .......... .......... .......... .......... 53% 2.93M 11s
  8350K .......... .......... .......... .......... .......... 53% 1.23M 11s
  8400K .......... .......... .......... .......... .......... 54% 1.70M 11s
  8450K .......... .......... .......... .......... .......... 54% 1.20M 11s
  8500K .......... .......... .......... .......... .......... 54% 2.19M 10s
  8550K .......... .......... .......... .......... .......... 55% 1.38M 10s
  8600K .......... .......... .......... .......... .......... 55% 4.07M 10s
  8650K .......... .......... .......... .......... .......... 55% 1.40M 10s
  8700K .......... .......... .......... .......... .......... 55%  981K 10s
  8750K .......... .......... .......... .......... .......... 56% 12.0M 10s
  8800K .......... .......... .......... .......... .......... 56% 1.96M 10s
  8850K .......... .......... .......... .......... .......... 56% 1020K 10s
  8900K .......... .......... .......... .......... .......... 57% 7.23M 10s
  8950K .......... .......... .......... .......... .......... 57% 1.67M 9s
  9000K .......... .......... .......... .......... .......... 57% 1.41M 9s
  9050K .......... .......... .......... .......... .......... 58% 1.67M 9s
  9100K .......... .......... .......... .......... .......... 58% 1.77M 9s
  9150K .......... .......... .......... .......... .......... 58% 2.40M 9s
  9200K .......... .......... .......... .......... .......... 59% 2.77M 9s
  9250K .......... .......... .......... .......... .......... 59% 1.23M 9s
  9300K .......... .......... .......... .......... .......... 59% 2.18M 9s
  9350K .......... .......... .......... .......... .......... 60% 3.14M 9s
  9400K .......... .......... .......... .......... .......... 60% 1.66M 9s
  9450K .......... .......... .......... .......... .......... 60%  821K 8s
  9500K .......... .......... .......... .......... .......... 61% 2.29M 8s
  9550K .......... .......... .......... .......... .......... 61%  935K 8s
  9600K .......... .......... .......... .......... .......... 61% 2.12M 8s
  9650K .......... .......... .......... .......... .......... 62% 1.29M 8s
  9700K .......... .......... .......... .......... .......... 62% 2.83M 8s
  9750K .......... .......... .......... .......... .......... 62% 1.95M 8s
  9800K .......... .......... .......... .......... .......... 63% 1.24M 8s
  9850K .......... .......... .......... .......... .......... 63% 5.04M 8s
  9900K .......... .......... .......... .......... .......... 63% 1.89M 8s
  9950K .......... .......... .......... .......... .......... 63% 1.64M 8s
 10000K .......... .......... .......... .......... .......... 64% 3.14M 7s
 10050K .......... .......... .......... .......... .......... 64% 1.31M 7s
 10100K .......... .......... .......... .......... .......... 64% 1.60M 7s
 10150K .......... .......... .......... .......... .......... 65% 2.61M 7s
 10200K .......... .......... .......... .......... .......... 65% 1.79M 7s
 10250K .......... .......... .......... .......... .......... 65% 2.06M 7s
 10300K .......... .......... .......... .......... .......... 66% 2.12M 7s
 10350K .......... .......... .......... .......... .......... 66% 1.65M 7s
 10400K .......... .......... .......... .......... .......... 66% 2.70M 7s
 10450K .......... .......... .......... .......... .......... 67% 1.07M 7s
 10500K .......... .......... .......... .......... .......... 67% 3.23M 7s
 10550K .......... .......... .......... .......... .......... 67% 2.47M 6s
 10600K .......... .......... .......... .......... .......... 68% 2.07M 6s
 10650K .......... .......... .......... .......... .......... 68% 2.31M 6s
 10700K .......... .......... .......... .......... .......... 68% 2.26M 6s
 10750K .......... .......... .......... .......... .......... 69% 2.25M 6s
 10800K .......... .......... .......... .......... .......... 69% 1.33M 6s
 10850K .......... .......... .......... .......... .......... 69% 1.81M 6s
 10900K .......... .......... .......... .......... .......... 70% 1.34M 6s
 10950K .......... .......... .......... .......... .......... 70% 3.69M 6s
 11000K .......... .......... .......... .......... .......... 70% 1.65M 6s
 11050K .......... .......... .......... .......... .......... 71% 2.00M 6s
 11100K .......... .......... .......... .......... .......... 71% 1.37M 6s
 11150K .......... .......... .......... .......... .......... 71% 1.17M 6s
 11200K .......... .......... .......... .......... .......... 71% 1.05M 5s
 11250K .......... .......... .......... .......... .......... 72% 1.29M 5s
 11300K .......... .......... .......... .......... .......... 72% 3.17M 5s
 11350K .......... .......... .......... .......... .......... 72%  926K 5s
 11400K .......... .......... .......... .......... .......... 73% 2.70M 5s
 11450K .......... .......... .......... .......... .......... 73% 1.79M 5s
 11500K .......... .......... .......... .......... .......... 73% 2.43M 5s
 11550K .......... .......... .......... .......... .......... 74% 1.08M 5s
 11600K .......... .......... .......... .......... .......... 74% 1.52M 5s
 11650K .......... .......... .......... .......... .......... 74% 1.34M 5s
 11700K .......... .......... .......... .......... .......... 75% 8.32M 5s
 11750K .......... .......... .......... .......... .......... 75%  420K 5s
 11800K .......... .......... .......... .......... .......... 75% 6.67M 5s
 11850K .......... .......... .......... .......... .......... 76%  644K 5s
 11900K .......... .......... .......... .......... .......... 76% 5.17M 4s
 11950K .......... .......... .......... .......... .......... 76%  507K 4s
 12000K .......... .......... .......... .......... .......... 77% 7.18M 4s
 12050K .......... .......... .......... .......... .......... 77% 6.06M 4s
 12100K .......... .......... .......... .......... .......... 77%  566K 4s
 12150K .......... .......... .......... .......... .......... 78% 7.86M 4s
 12200K .......... .......... .......... .......... .......... 78% 1.52M 4s
 12250K .......... .......... .......... .......... .......... 78%  263K 4s
 12300K .......... .......... .......... .......... .......... 79% 62.0M 4s
 12350K .......... .......... .......... .......... .......... 79% 77.7M 4s
 12400K .......... .......... .......... .......... .......... 79% 11.6M 4s
 12450K .......... .......... .......... .......... .......... 79%  772K 4s
 12500K .......... .......... .......... .......... .......... 80% 4.10M 4s
 12550K .......... .......... .......... .......... .......... 80%  502K 4s
 12600K .......... .......... .......... .......... .......... 80% 6.37M 4s
 12650K .......... .......... .......... .......... .......... 81% 6.29M 4s
 12700K .......... .......... .......... .......... .......... 81%  267K 3s
 12750K .......... .......... .......... .......... .......... 81% 45.7M 3s
 12800K .......... .......... .......... .......... .......... 82% 64.1M 3s
 12850K .......... .......... .......... .......... .......... 82% 2.26M 3s
 12900K .......... .......... .......... .......... .......... 82% 64.2K 3s
 12950K .......... .......... .......... .......... .......... 83% 62.7M 3s
 13000K .......... .......... .......... .......... .......... 83%  704K 3s
 13050K .......... .......... .......... .......... .......... 83% 59.6M 3s
 13100K .......... .......... .......... .......... .......... 84%  120K 3s
 13150K .......... .......... .......... .......... .......... 84% 83.4K 3s
 13200K .......... .......... .......... .......... .......... 84%  129K 3s
 13250K .......... .......... .......... .......... .......... 85% 14.1K 4s
 13300K .......... .......... .......... .......... .......... 85% 46.2K 4s
 13350K .......... .......... .......... .......... .......... 85%  559K 4s
 13400K .......... .......... .......... .......... .......... 86%  826K 4s
 13450K .......... .......... .......... .......... .......... 86%  900K 4s
 13500K .......... .......... .......... .......... .......... 86% 1.06M 3s
 13550K .......... .......... .......... .......... .......... 87% 1.05M 3s
 13600K .......... .......... .......... .......... .......... 87% 1.12M 3s
 13650K .......... .......... .......... .......... .......... 87%  829K 3s
 13700K .......... .......... .......... .......... .......... 87% 1.34M 3s
 13750K .......... .......... .......... .......... .......... 88% 1.06M 3s
 13800K .......... .......... .......... .......... .......... 88% 1.48M 3s
 13850K .......... .......... .......... .......... .......... 88% 1.06M 3s
 13900K .......... .......... .......... .......... .......... 89% 1.34M 3s
 13950K .......... .......... .......... .......... .......... 89% 1.46M 3s
 14000K .......... .......... .......... .......... .......... 89% 1.42M 3s
 14050K .......... .......... .......... .......... .......... 90% 1.00M 2s
 14100K .......... .......... .......... .......... .......... 90% 1.13M 2s
 14150K .......... .......... .......... .......... .......... 90% 2.07M 2s
 14200K .......... .......... .......... .......... .......... 91% 1.49M 2s
 14250K .......... .......... .......... .......... .......... 91% 1.52M 2s
 14300K .......... .......... .......... .......... .......... 91% 1.47M 2s
 14350K .......... .......... .......... .......... .......... 92% 1.51M 2s
 14400K .......... .......... .......... .......... .......... 92% 2.20M 2s
 14450K .......... .......... .......... .......... .......... 92% 1.08M 2s
 14500K .......... .......... .......... .......... .......... 93% 1.51M 2s
 14550K .......... .......... .......... .......... .......... 93% 2.26M 2s
 14600K .......... .......... .......... .......... .......... 93% 1.41M 2s
 14650K .......... .......... .......... .......... .......... 94% 3.23M 1s
 14700K .......... .......... .......... .......... .......... 94%  910K 1s
 14750K .......... .......... .......... .......... .......... 94% 1.60M 1s
 14800K .......... .......... .......... .......... .......... 95% 1.92M 1s
 14850K .......... .......... .......... .......... .......... 95% 1.42M 1s
 14900K .......... .......... .......... .......... .......... 95% 1.72M 1s
 14950K .......... .......... .......... .......... .......... 95% 1.81M 1s
 15000K .......... .......... .......... .......... .......... 96% 2.16M 1s
 15050K .......... .......... .......... .......... .......... 96% 1.78M 1s
 15100K .......... .......... .......... .......... .......... 96% 3.37M 1s
 15150K .......... .......... .......... .......... .......... 97% 1.31M 1s
 15200K .......... .......... .......... .......... .......... 97% 1.83M 1s
 15250K .......... .......... .......... .......... .......... 97% 2.23M 1s
 15300K .......... .......... .......... .......... .......... 98% 1.89M 0s
 15350K .......... .......... .......... .......... .......... 98% 1.71M 0s
 15400K .......... .......... .......... .......... .......... 98% 2.54M 0s
 15450K .......... .......... .......... .......... .......... 99% 2.76M 0s
 15500K .......... .......... .......... .......... .......... 99% 1.20M 0s
 15550K .......... .......... .......... .......... .......... 99% 3.01M 0s
 15600K .......... .......... .....                           100% 8.75M=24s

2024-11-24 17:37:20 (654 KB/s) - ‘/home/joel-bansal/bharat_ws/build/multirobot_map_merge/2012-01-28-11-12-01.pgm’ saved [16000058/16000058]

Checking MD5 sum of /home/joel-bansal/bharat_ws/build/multirobot_map_merge/2012-01-28-11-12-01.pgm
/home/joel-bansal/bharat_ws/build/multirobot_map_merge/2012-01-28-11-12-01.pgm: OK
-- Found gtest sources under '/opt/ros/humble/src/gtest_vendor': C++ tests using 'Google Test' will be built
-- Added test 'cppcheck' to perform static code analysis on C / C++ code
-- Configured cppcheck include dirs: /home/joel-bansal/bharat_ws/src/m-explore-ros2/map_merge/include;$<BUILD_INTERFACE:/home/joel-bansal/bharat_ws/src/m-explore-ros2/map_merge/include>
-- Configured cppcheck exclude dirs and/or files: 
-- Added test 'flake8' to check Python code syntax and style conventions
-- Added test 'lint_cmake' to check CMake code style
-- Added test 'pep257' to check Python code against some of the docstring style conventions in PEP 257
-- Added test 'uncrustify' to check C / C++ code style
-- Configured uncrustify additional arguments: 
-- Added test 'xmllint' to check XML markup files
-- Configuring done
-- Generating done
-- Build files have been written to: /home/joel-bansal/bharat_ws/build/multirobot_map_merge
[  8%] [32mBuilding CXX object gtest/CMakeFiles/gtest.dir/src/gtest-all.cc.o[0m
[ 16%] [32mBuilding CXX object gtest/CMakeFiles/gtest_main.dir/src/gtest_main.cc.o[0m
[ 25%] [32mBuilding CXX object CMakeFiles/combine_grids.dir/src/combine_grids/grid_compositor.cpp.o[0m
[ 33%] [32mBuilding CXX object CMakeFiles/combine_grids.dir/src/combine_grids/grid_warper.cpp.o[0m
[ 41%] [32m[1mLinking CXX static library libgtest_main.a[0m
[ 41%] Built target gtest_main
[ 50%] [32mBuilding CXX object CMakeFiles/combine_grids.dir/src/combine_grids/merging_pipeline.cpp.o[0m
[ 58%] [32m[1mLinking CXX static library libgtest.a[0m
[ 58%] Built target gtest
[ 66%] [32m[1mLinking CXX static library libcombine_grids.a[0m
[ 66%] Built target combine_grids
[ 83%] [32mBuilding CXX object CMakeFiles/test_merging_pipeline.dir/test/test_merging_pipeline.cpp.o[0m
[ 83%] [32mBuilding CXX object CMakeFiles/map_merge.dir/src/map_merge.cpp.o[0m
In file included from [01m[K/home/joel-bansal/bharat_ws/src/m-explore-ros2/map_merge/test/testing_helpers.h:7[m[K,
                 from [01m[K/home/joel-bansal/bharat_ws/src/m-explore-ros2/map_merge/test/test_merging_pipeline.cpp:42[m[K:
[01m[K/opt/ros/humble/include/tf2_geometry_msgs/tf2_geometry_msgs/tf2_geometry_msgs.h:35:2:[m[K [01;35m[Kwarning: [m[K#warning This header is obsolete, please include tf2_geometry_msgs/tf2_geometry_msgs.hpp instead [[01;35m[K]8;;https://gcc.gnu.org/onlinedocs/gcc/Warning-Options.html#index-Wcpp-Wcpp]8;;[m[K]
   35 | #[01;35m[Kwarning[m[K This header is obsolete, please include tf2_geometry_msgs/tf2_geometry_msgs.hpp instead
      |  [01;35m[K^~~~~~~[m[K
In file included from [01m[K/home/joel-bansal/bharat_ws/src/m-explore-ros2/map_merge/src/map_merge.cpp:44[m[K:
[01m[K/opt/ros/humble/include/tf2_geometry_msgs/tf2_geometry_msgs/tf2_geometry_msgs.h:35:2:[m[K [01;35m[Kwarning: [m[K#warning This header is obsolete, please include tf2_geometry_msgs/tf2_geometry_msgs.hpp instead [[01;35m[K]8;;https://gcc.gnu.org/onlinedocs/gcc/Warning-Options.html#index-Wcpp-Wcpp]8;;[m[K]
   35 | #[01;35m[Kwarning[m[K This header is obsolete, please include tf2_geometry_msgs/tf2_geometry_msgs.hpp instead
      |  [01;35m[K^~~~~~~[m[K
[ 91%] [32m[1mLinking CXX executable test_merging_pipeline[0m
[ 91%] Built target test_merging_pipeline
[100%] [32m[1mLinking CXX executable map_merge[0m
[100%] Built target map_merge
-- Install configuration: ""
-- Installing: /home/joel-bansal/bharat_ws/install/multirobot_map_merge/include/map_merge/
-- Installing: /home/joel-bansal/bharat_ws/install/multirobot_map_merge/include/map_merge//map_merge.h
-- Installing: /home/joel-bansal/bharat_ws/install/multirobot_map_merge/include/map_merge//ros1_names.hpp
-- Installing: /home/joel-bansal/bharat_ws/install/multirobot_map_merge/share/multirobot_map_merge/launch
-- Installing: /home/joel-bansal/bharat_ws/install/multirobot_map_merge/share/multirobot_map_merge/launch/map_merge.launch.py
-- Installing: /home/joel-bansal/bharat_ws/install/multirobot_map_merge/share/multirobot_map_merge/launch/from_map_server.launch.py
-- Installing: /home/joel-bansal/bharat_ws/install/multirobot_map_merge/share/multirobot_map_merge/launch/tb3_simulation
-- Installing: /home/joel-bansal/bharat_ws/install/multirobot_map_merge/share/multirobot_map_merge/launch/tb3_simulation/worlds
-- Installing: /home/joel-bansal/bharat_ws/install/multirobot_map_merge/share/multirobot_map_merge/launch/tb3_simulation/worlds/world_only.model
-- Installing: /home/joel-bansal/bharat_ws/install/multirobot_map_merge/share/multirobot_map_merge/launch/tb3_simulation/worlds/test_world.world
-- Installing: /home/joel-bansal/bharat_ws/install/multirobot_map_merge/share/multirobot_map_merge/launch/tb3_simulation/worlds/room4
-- Installing: /home/joel-bansal/bharat_ws/install/multirobot_map_merge/share/multirobot_map_merge/launch/tb3_simulation/worlds/room4/world_dynamic.model
-- Installing: /home/joel-bansal/bharat_ws/install/multirobot_map_merge/share/multirobot_map_merge/launch/tb3_simulation/worlds/room4/map
-- Installing: /home/joel-bansal/bharat_ws/install/multirobot_map_merge/share/multirobot_map_merge/launch/tb3_simulation/worlds/room4/map/room4.yaml
-- Installing: /home/joel-bansal/bharat_ws/install/multirobot_map_merge/share/multirobot_map_merge/launch/tb3_simulation/worlds/room4/map/room4.png
-- Installing: /home/joel-bansal/bharat_ws/install/multirobot_map_merge/share/multirobot_map_merge/launch/tb3_simulation/worlds/room4/world.model
-- Installing: /home/joel-bansal/bharat_ws/install/multirobot_map_merge/share/multirobot_map_merge/launch/tb3_simulation/worlds/room4/room4.png
-- Installing: /home/joel-bansal/bharat_ws/install/multirobot_map_merge/share/multirobot_map_merge/launch/tb3_simulation/worlds/test1_world_only.model
-- Installing: /home/joel-bansal/bharat_ws/install/multirobot_map_merge/share/multirobot_map_merge/launch/tb3_simulation/config
-- Installing: /home/joel-bansal/bharat_ws/install/multirobot_map_merge/share/multirobot_map_merge/launch/tb3_simulation/config/nav2_multirobot_params_3.yaml
-- Installing: /home/joel-bansal/bharat_ws/install/multirobot_map_merge/share/multirobot_map_merge/launch/tb3_simulation/config/nav2_multirobot_params_1.yaml
-- Installing: /home/joel-bansal/bharat_ws/install/multirobot_map_merge/share/multirobot_map_merge/launch/tb3_simulation/config/nav2_multirobot_params_2.yaml
-- Installing: /home/joel-bansal/bharat_ws/install/multirobot_map_merge/share/multirobot_map_merge/launch/tb3_simulation/multi_tb3_simulation_launch.py
-- Installing: /home/joel-bansal/bharat_ws/install/multirobot_map_merge/share/multirobot_map_merge/launch/tb3_simulation/slam_toolbox.py
-- Installing: /home/joel-bansal/bharat_ws/install/multirobot_map_merge/share/multirobot_map_merge/launch/tb3_simulation/bringup_launch.py
-- Installing: /home/joel-bansal/bharat_ws/install/multirobot_map_merge/share/multirobot_map_merge/launch/tb3_simulation/models
-- Installing: /home/joel-bansal/bharat_ws/install/multirobot_map_merge/share/multirobot_map_merge/launch/tb3_simulation/models/exp_empty_rooms
-- Installing: /home/joel-bansal/bharat_ws/install/multirobot_map_merge/share/multirobot_map_merge/launch/tb3_simulation/models/exp_empty_rooms/model.config
-- Installing: /home/joel-bansal/bharat_ws/install/multirobot_map_merge/share/multirobot_map_merge/launch/tb3_simulation/models/exp_empty_rooms/model.sdf
-- Installing: /home/joel-bansal/bharat_ws/install/multirobot_map_merge/share/multirobot_map_merge/launch/tb3_simulation/models/dynamic_obstacle
-- Installing: /home/joel-bansal/bharat_ws/install/multirobot_map_merge/share/multirobot_map_merge/launch/tb3_simulation/models/dynamic_obstacle/model.config
-- Installing: /home/joel-bansal/bharat_ws/install/multirobot_map_merge/share/multirobot_map_merge/launch/tb3_simulation/models/dynamic_obstacle/model.sdf
-- Installing: /home/joel-bansal/bharat_ws/install/multirobot_map_merge/share/multirobot_map_merge/launch/tb3_simulation/tb3_simulation_launch.py
-- Installing: /home/joel-bansal/bharat_ws/install/multirobot_map_merge/share/multirobot_map_merge/launch/map_merge.rviz
-- Installing: /home/joel-bansal/bharat_ws/install/multirobot_map_merge/share/multirobot_map_merge/config
-- Installing: /home/joel-bansal/bharat_ws/install/multirobot_map_merge/share/multirobot_map_merge/config/params.yaml
-- Installing: /home/joel-bansal/bharat_ws/install/multirobot_map_merge/lib/libcombine_grids.a
-- Installing: /home/joel-bansal/bharat_ws/install/multirobot_map_merge/lib/multirobot_map_merge/map_merge
-- Set runtime path of "/home/joel-bansal/bharat_ws/install/multirobot_map_merge/lib/multirobot_map_merge/map_merge" to ""
-- Installing: /home/joel-bansal/bharat_ws/install/multirobot_map_merge/share/multirobot_map_merge/environment/library_path.sh
-- Installing: /home/joel-bansal/bharat_ws/install/multirobot_map_merge/share/multirobot_map_merge/environment/library_path.dsv
-- Installing: /home/joel-bansal/bharat_ws/install/multirobot_map_merge/share/ament_index/resource_index/package_run_dependencies/multirobot_map_merge
-- Installing: /home/joel-bansal/bharat_ws/install/multirobot_map_merge/share/ament_index/resource_index/parent_prefix_path/multirobot_map_merge
-- Installing: /home/joel-bansal/bharat_ws/install/multirobot_map_merge/share/multirobot_map_merge/environment/ament_prefix_path.sh
-- Installing: /home/joel-bansal/bharat_ws/install/multirobot_map_merge/share/multirobot_map_merge/environment/ament_prefix_path.dsv
-- Installing: /home/joel-bansal/bharat_ws/install/multirobot_map_merge/share/multirobot_map_merge/environment/path.sh
-- Installing: /home/joel-bansal/bharat_ws/install/multirobot_map_merge/share/multirobot_map_merge/environment/path.dsv
-- Installing: /home/joel-bansal/bharat_ws/install/multirobot_map_merge/share/multirobot_map_merge/local_setup.bash
-- Installing: /home/joel-bansal/bharat_ws/install/multirobot_map_merge/share/multirobot_map_merge/local_setup.sh
-- Installing: /home/joel-bansal/bharat_ws/install/multirobot_map_merge/share/multirobot_map_merge/local_setup.zsh
-- Installing: /home/joel-bansal/bharat_ws/install/multirobot_map_merge/share/multirobot_map_merge/local_setup.dsv
-- Installing: /home/joel-bansal/bharat_ws/install/multirobot_map_merge/share/multirobot_map_merge/package.dsv
-- Installing: /home/joel-bansal/bharat_ws/install/multirobot_map_merge/share/ament_index/resource_index/packages/multirobot_map_merge
-- Installing: /home/joel-bansal/bharat_ws/install/multirobot_map_merge/share/multirobot_map_merge/cmake/ament_cmake_export_include_directories-extras.cmake
-- Installing: /home/joel-bansal/bharat_ws/install/multirobot_map_merge/share/multirobot_map_merge/cmake/ament_cmake_export_libraries-extras.cmake
-- Installing: /home/joel-bansal/bharat_ws/install/multirobot_map_merge/share/multirobot_map_merge/cmake/multirobot_map_mergeConfig.cmake
-- Installing: /home/joel-bansal/bharat_ws/install/multirobot_map_merge/share/multirobot_map_merge/cmake/multirobot_map_mergeConfig-version.cmake
-- Installing: /home/joel-bansal/bharat_ws/install/multirobot_map_merge/share/multirobot_map_merge/package.xml
