[0.050s] Invoking command in '/home/joel-bansal/bharat_ws/build/multirobot_map_merge': CMAKE_PREFIX_PATH=${CMAKE_PREFIX_PATH}:/opt/ros/humble /usr/bin/cmake /home/joel-bansal/bharat_ws/src/m-explore-ros2/map_merge -DCMAKE_INSTALL_PREFIX=/home/joel-bansal/bharat_ws/install/multirobot_map_merge
[0.829s] -- The C compiler identification is GNU 11.4.0
[1.016s] -- The CXX compiler identification is GNU 11.4.0
[1.050s] -- Detecting C compiler ABI info
[1.319s] -- Detecting C compiler ABI info - done
[1.348s] -- Check for working C compiler: /usr/bin/cc - skipped
[1.349s] -- Detecting C compile features
[1.351s] -- Detecting C compile features - done
[1.371s] -- Detecting CXX compiler ABI info
[1.714s] -- Detecting CXX compiler ABI info - done
[1.765s] -- Check for working CXX compiler: /usr/bin/c++ - skipped
[1.766s] -- Detecting CXX compile features
[1.770s] -- Detecting CXX compile features - done
[1.777s] -- Found ament_cmake: 1.3.10 (/opt/ros/humble/share/ament_cmake/cmake)
[2.382s] -- Found Python3: /usr/bin/python3 (found version "3.10.12") found components: Interpreter 
[2.707s] -- Found rclcpp: 16.0.10 (/opt/ros/humble/share/rclcpp/cmake)
[2.850s] -- Found rosidl_generator_c: 3.1.5 (/opt/ros/humble/share/rosidl_generator_c/cmake)
[2.865s] -- Found rosidl_adapter: 3.1.5 (/opt/ros/humble/share/rosidl_adapter/cmake)
[2.892s] -- Found rosidl_generator_cpp: 3.1.5 (/opt/ros/humble/share/rosidl_generator_cpp/cmake)
[2.945s] -- Using all available rosidl_typesupport_c: rosidl_typesupport_fastrtps_c;rosidl_typesupport_introspection_c
[3.006s] -- Using all available rosidl_typesupport_cpp: rosidl_typesupport_fastrtps_cpp;rosidl_typesupport_introspection_cpp
[3.188s] -- Found rmw_implementation_cmake: 6.1.2 (/opt/ros/humble/share/rmw_implementation_cmake/cmake)
[3.210s] -- Found rmw_fastrtps_cpp: 6.2.7 (/opt/ros/humble/share/rmw_fastrtps_cpp/cmake)
[3.785s] -- Found OpenSSL: /usr/lib/x86_64-linux-gnu/libcrypto.so (found version "3.0.2")  
[3.940s] -- Found FastRTPS: /opt/ros/humble/include  
[4.157s] -- Using RMW implementation 'rmw_fastrtps_cpp' as default
[4.200s] -- Looking for pthread.h
[4.899s] -- Looking for pthread.h - found
[4.901s] -- Performing Test CMAKE_HAVE_LIBC_PTHREAD
[5.792s] -- Performing Test CMAKE_HAVE_LIBC_PTHREAD - Success
[5.800s] -- Found Threads: TRUE  
[6.127s] -- Found geometry_msgs: 4.2.4 (/opt/ros/humble/share/geometry_msgs/cmake)
[6.205s] -- Found image_geometry: 3.2.1 (/opt/ros/humble/share/image_geometry/cmake)
[6.426s] -- Found map_msgs: 2.1.0 (/opt/ros/humble/share/map_msgs/cmake)
[6.702s] -- Found tf2_geometry_msgs: 0.25.8 (/opt/ros/humble/share/tf2_geometry_msgs/cmake)
[6.810s] -- Found eigen3_cmake_module: 0.1.1 (/opt/ros/humble/share/eigen3_cmake_module/cmake)
[6.821s] -- Found Eigen3: TRUE (found version "3.4.0") 
[6.822s] -- Ensuring Eigen3 include directory is part of orocos-kdl CMake target
[7.709s] -- Found Boost: /usr/lib/x86_64-linux-gnu/cmake/Boost-1.74.0/BoostConfig.cmake (found version "1.74.0") found components: thread 
[7.717s] -- Found OpenCV: /usr/local (found version "4.9.0") 
[7.789s] -- Found ament_lint_auto: 0.12.11 (/opt/ros/humble/share/ament_lint_auto/cmake)
[8.209s] -- Found ament_cmake_gtest: 1.3.10 (/opt/ros/humble/share/ament_cmake_gtest/cmake)
[8.238s] --2024-11-24 17:36:32--  https://raw.githubusercontent.com/hrnr/m-explore-extra/master/map_merge/hector_maps/map00.pgm
[8.262s] Resolving raw.githubusercontent.com (raw.githubusercontent.com)... 185.199.109.133, 185.199.111.133, 185.199.110.133, ...
[8.304s] Connecting to raw.githubusercontent.com (raw.githubusercontent.com)|185.199.109.133|:443... connected.
[8.793s] HTTP request sent, awaiting response... 200 OK
[8.794s] Length: 4194362 (4.0M) [application/octet-stream]
[8.794s] Saving to: ‘/home/joel-bansal/bharat_ws/build/multirobot_map_merge/map00.pgm’
[8.794s] 
[8.834s]      0K .......... .......... .......... .......... ..........  1% 1.02M 4s
[8.877s]     50K .......... .......... .......... .......... ..........  2% 1.20M 4s
[8.888s]    100K .......... .......... .......... .......... ..........  3% 3.60M 3s
[8.929s]    150K .......... .......... .......... .......... ..........  4% 1.19M 3s
[8.949s]    200K .......... .......... .......... .......... ..........  6% 2.42M 3s
[8.965s]    250K .......... .......... .......... .......... ..........  7% 3.38M 2s
[8.995s]    300K .......... .......... .......... .......... ..........  8% 1.54M 2s
[9.018s]    350K .......... .......... .......... .......... ..........  9% 2.17M 2s
[9.069s]    400K .......... .......... .......... .......... .......... 10%  998K 2s
[9.074s]    450K .......... .......... .......... .......... .......... 12% 7.92M 2s
[9.089s]    500K .......... .......... .......... .......... .......... 13% 3.30M 2s
[9.146s]    550K .......... .......... .......... .......... .......... 14%  876K 2s
[9.182s]    600K .......... .......... .......... .......... .......... 15% 1.39M 2s
[9.182s]    650K .......... .......... .......... .......... .......... 17% 45.1M 2s
[9.201s]    700K .......... .......... .......... .......... .......... 18% 2.54M 2s
[9.232s]    750K .......... .......... .......... .......... .......... 19% 1.65M 2s
[9.262s]    800K .......... .......... .......... .......... .......... 20% 1.58M 2s
[9.269s]    850K .......... .......... .......... .......... .......... 21% 6.39M 2s
[9.296s]    900K .......... .......... .......... .......... .......... 23% 2.07M 2s
[9.313s]    950K .......... .......... .......... .......... .......... 24% 2.41M 2s
[9.333s]   1000K .......... .......... .......... .......... .......... 25% 2.87M 2s
[9.355s]   1050K .......... .......... .......... .......... .......... 26% 1.98M 2s
[9.379s]   1100K .......... .......... .......... .......... .......... 28% 2.03M 2s
[9.429s]   1150K .......... .......... .......... .......... .......... 29%  988K 2s
[9.435s]   1200K .......... .......... .......... .......... .......... 30% 8.57M 1s
[9.454s]   1250K .......... .......... .......... .......... .......... 31% 2.63M 1s
[9.473s]   1300K .......... .......... .......... .......... .......... 32% 2.50M 1s
[9.498s]   1350K .......... .......... .......... .......... .......... 34% 2.16M 1s
[9.519s]   1400K .......... .......... .......... .......... .......... 35% 2.13M 1s
[9.537s]   1450K .......... .......... .......... .......... .......... 36% 2.71M 1s
[9.563s]   1500K .......... .......... .......... .......... .......... 37% 1.86M 1s
[9.596s]   1550K .......... .......... .......... .......... .......... 39% 1.49M 1s
[9.601s]   1600K .......... .......... .......... .......... .......... 40% 9.24M 1s
[9.624s]   1650K .......... .......... .......... .......... .......... 41% 2.19M 1s
[9.634s]   1700K .......... .......... .......... .......... .......... 42% 4.82M 1s
[9.667s]   1750K .......... .......... .......... .......... .......... 43% 1.45M 1s
[9.699s]   1800K .......... .......... .......... .......... .......... 45% 1.70M 1s
[9.704s]   1850K .......... .......... .......... .......... .......... 46% 6.12M 1s
[9.723s]   1900K .......... .......... .......... .......... .......... 47% 2.58M 1s
[9.742s]   1950K .......... .......... .......... .......... .......... 48% 2.58M 1s
[9.760s]   2000K .......... .......... .......... .......... .......... 50% 2.65M 1s
[9.777s]   2050K .......... .......... .......... .......... .......... 51% 2.89M 1s
[9.796s]   2100K .......... .......... .......... .......... .......... 52% 2.67M 1s
[9.848s]   2150K .......... .......... .......... .......... .......... 53%  958K 1s
[9.855s]   2200K .......... .......... .......... .......... .......... 54% 6.99M 1s
[9.875s]   2250K .......... .......... .......... .......... .......... 56% 2.38M 1s
[9.883s]   2300K .......... .......... .......... .......... .......... 57% 6.11M 1s
[9.905s]   2350K .......... .......... .......... .......... .......... 58% 2.32M 1s
[9.929s]   2400K .......... .......... .......... .......... .......... 59% 2.01M 1s
[9.955s]   2450K .......... .......... .......... .......... .......... 61% 1.90M 1s
[9.967s]   2500K .......... .......... .......... .......... .......... 62% 7.22M 1s
[9.988s]   2550K .......... .......... .......... .......... .......... 63% 1.97M 1s
[10.011s]   2600K .......... .......... .......... .......... .......... 64% 1.97M 1s
[10.032s]   2650K .......... .......... .......... .......... .......... 65% 2.83M 1s
[10.045s]   2700K .......... .......... .......... .......... .......... 67% 3.27M 1s
[10.078s]   2750K .......... .......... .......... .......... .......... 68% 1.53M 1s
[10.089s]   2800K .......... .......... .......... .......... .......... 69% 3.49M 1s
[10.117s]   2850K .......... .......... .......... .......... .......... 70% 1.75M 1s
[10.130s]   2900K .......... .......... .......... .......... .......... 72% 3.69M 1s
[10.145s]   2950K .......... .......... .......... .......... .......... 73% 3.12M 0s
[10.168s]   3000K .......... .......... .......... .......... .......... 74% 2.16M 0s
[10.191s]   3050K .......... .......... .......... .......... .......... 75% 2.11M 0s
[10.242s]   3100K .......... .......... .......... .......... .......... 76%  983K 0s
[10.280s]   3150K .......... .......... .......... .......... .......... 78% 1.31M 0s
[10.293s]   3200K .......... .......... .......... .......... .......... 79% 3.65M 0s
[10.329s]   3250K .......... .......... .......... .......... .......... 80% 1.60M 0s
[10.339s]   3300K .......... .......... .......... .......... .......... 81% 3.10M 0s
[10.353s]   3350K .......... .......... .......... .......... .......... 83% 3.54M 0s
[10.405s]   3400K .......... .......... .......... .......... .......... 84%  957K 0s
[10.436s]   3450K .......... .......... .......... .......... .......... 85% 1.59M 0s
[10.440s]   3500K .......... .......... .......... .......... .......... 86% 10.9M 0s
[10.495s]   3550K .......... .......... .......... .......... .......... 87%  916K 0s
[10.503s]   3600K .......... .......... .......... .......... .......... 89% 5.99M 0s
[10.523s]   3650K .......... .......... .......... .......... .......... 90% 2.45M 0s
[10.555s]   3700K .......... .......... .......... .......... .......... 91% 1.53M 0s
[10.581s]   3750K .......... .......... .......... .......... .......... 92% 1.95M 0s
[10.612s]   3800K .......... .......... .......... .......... .......... 93% 1.55M 0s
[10.631s]   3850K .......... .......... .......... .......... .......... 95% 2.51M 0s
[10.656s]   3900K .......... .......... .......... .......... .......... 96% 1.96M 0s
[10.701s]   3950K .......... .......... .......... .......... .......... 97% 1.09M 0s
[10.706s]   4000K .......... .......... .......... .......... .......... 98% 8.63M 0s
[10.716s]   4050K .......... .......... .......... .......... ......    100% 6.32M=1.9s
[10.717s] 
[10.717s] 2024-11-24 17:36:34 (2.08 MB/s) - ‘/home/joel-bansal/bharat_ws/build/multirobot_map_merge/map00.pgm’ saved [4194362/4194362]
[10.717s] 
[10.731s] Checking MD5 sum of /home/joel-bansal/bharat_ws/build/multirobot_map_merge/map00.pgm
[10.760s] /home/joel-bansal/bharat_ws/build/multirobot_map_merge/map00.pgm: OK
[10.791s] --2024-11-24 17:36:34--  https://raw.githubusercontent.com/hrnr/m-explore-extra/master/map_merge/hector_maps/map05.pgm
[10.813s] Resolving raw.githubusercontent.com (raw.githubusercontent.com)... 185.199.110.133, 185.199.108.133, 185.199.111.133, ...
[10.834s] Connecting to raw.githubusercontent.com (raw.githubusercontent.com)|185.199.110.133|:443... connected.
[11.237s] HTTP request sent, awaiting response... 200 OK
[11.237s] Length: 4194362 (4.0M) [application/octet-stream]
[11.238s] Saving to: ‘/home/joel-bansal/bharat_ws/build/multirobot_map_merge/map05.pgm’
[11.252s] 
[11.290s]      0K .......... .......... .......... .......... ..........  1%  954K 4s
[11.322s]     50K .......... .......... .......... .......... ..........  2% 1.53M 3s
[11.348s]    100K .......... .......... .......... .......... ..........  3% 1.88M 3s
[11.374s]    150K .......... .......... .......... .......... ..........  4% 2.34M 3s
[11.406s]    200K .......... .......... .......... .......... ..........  6% 1.30M 3s
[11.434s]    250K .......... .......... .......... .......... ..........  7% 1.75M 2s
[11.439s]    300K .......... .......... .......... .......... ..........  8% 10.5M 2s
[11.468s]    350K .......... .......... .......... .......... ..........  9% 1.94M 2s
[11.509s]    400K .......... .......... .......... .......... .......... 10% 1.08M 2s
[11.537s]    450K .......... .......... .......... .......... .......... 12% 1.77M 2s
[11.547s]    500K .......... .......... .......... .......... .......... 13% 4.77M 2s
[11.564s]    550K .......... .......... .......... .......... .......... 14% 2.90M 2s
[11.599s]    600K .......... .......... .......... .......... .......... 15% 1.40M 2s
[11.623s]    650K .......... .......... .......... .......... .......... 17% 2.04M 2s
[11.636s]    700K .......... .......... .......... .......... .......... 18% 3.65M 2s
[11.662s]    750K .......... .......... .......... .......... .......... 19% 2.26M 2s
[11.680s]    800K .......... .......... .......... .......... .......... 20% 2.19M 2s
[11.703s]    850K .......... .......... .......... .......... .......... 21% 2.20M 2s
[11.729s]    900K .......... .......... .......... .......... .......... 23% 1.84M 2s
[11.747s]    950K .......... .......... .......... .......... .......... 24% 2.72M 2s
[11.762s]   1000K .......... .......... .......... .......... .......... 25% 3.09M 2s
[11.786s]   1050K .......... .......... .......... .......... .......... 26% 2.15M 1s
[11.814s]   1100K .......... .......... .......... .......... .......... 28% 1.72M 1s
[11.859s]   1150K .......... .......... .......... .......... .......... 29% 2.41M 1s
[11.867s]   1200K .......... .......... .......... .......... .......... 30% 1.51M 1s
[11.893s]   1250K .......... .......... .......... .......... .......... 31% 2.32M 1s
[11.899s]   1300K .......... .......... .......... .......... .......... 32% 4.03M 1s
[11.933s]   1350K .......... .......... .......... .......... .......... 34% 1.45M 1s
[11.982s]   1400K .......... .......... .......... .......... .......... 35% 1.01M 1s
[11.987s]   1450K .......... .......... .......... .......... .......... 36% 12.7M 1s
[12.001s]   1500K .......... .......... .......... .......... .......... 37% 3.01M 1s
[12.010s]   1550K .......... .......... .......... .......... .......... 39% 5.81M 1s
[12.033s]   1600K .......... .......... .......... .......... .......... 40% 2.11M 1s
[12.049s]   1650K .......... .......... .......... .......... .......... 41% 3.03M 1s
[12.077s]   1700K .......... .......... .......... .......... .......... 42% 1.71M 1s
[12.100s]   1750K .......... .......... .......... .......... .......... 43% 2.15M 1s
[12.106s]   1800K .......... .......... .......... .......... .......... 45% 8.49M 1s
[12.145s]   1850K .......... .......... .......... .......... .......... 46% 1.35M 1s
[12.166s]   1900K .......... .......... .......... .......... .......... 47% 2.39M 1s
[12.191s]   1950K .......... .......... .......... .......... .......... 48% 3.87M 1s
[12.218s]   2000K .......... .......... .......... .......... .......... 50% 1.17M 1s
[12.254s]   2050K .......... .......... .......... .......... .......... 51% 1.34M 1s
[12.289s]   2100K .......... .......... .......... .......... .......... 52% 1.38M 1s
[12.293s]   2150K .......... .......... .......... .......... .......... 53% 11.1M 1s
[12.365s]   2200K .......... .......... .......... .......... .......... 54%  690K 1s
[12.390s]   2250K .......... .......... .......... .......... .......... 56% 2.01M 1s
[12.396s]   2300K .......... .......... .......... .......... .......... 57% 8.13M 1s
[12.442s]   2350K .......... .......... .......... .......... .......... 58% 1.22M 1s
[12.447s]   2400K .......... .......... .......... .......... .......... 59% 5.61M 1s
[12.457s]   2450K .......... .......... .......... .......... .......... 61% 4.05M 1s
[12.486s]   2500K .......... .......... .......... .......... .......... 62% 1.68M 1s
[12.492s]   2550K .......... .......... .......... .......... .......... 63% 7.64M 1s
[12.519s]   2600K .......... .......... .......... .......... .......... 64% 1.84M 1s
[12.526s]   2650K .......... .......... .......... .......... .......... 65% 7.14M 1s
[12.545s]   2700K .......... .......... .......... .......... .......... 67% 2.53M 1s
[12.577s]   2750K .......... .......... .......... .......... .......... 68% 2.43M 1s
[12.595s]   2800K .......... .......... .......... .......... .......... 69% 1.64M 1s
[12.612s]   2850K .......... .......... .......... .......... .......... 70% 2.87M 1s
[12.640s]   2900K .......... .......... .......... .......... .......... 72% 1.75M 1s
[12.695s]   2950K .......... .......... .......... .......... .......... 73%  959K 1s
[12.743s]   3000K .......... .......... .......... .......... .......... 74%  970K 1s
[12.759s]   3050K .......... .......... .......... .......... .......... 75% 3.15M 0s
[12.792s]   3100K .......... .......... .......... .......... .......... 76% 1.50M 0s
[12.818s]   3150K .......... .......... .......... .......... .......... 78% 8.00M 0s
[12.831s]   3200K .......... .......... .......... .......... .......... 79% 1.48M 0s
[12.840s]   3250K .......... .......... .......... .......... .......... 80% 5.38M 0s
[12.856s]   3300K .......... .......... .......... .......... .......... 81% 2.96M 0s
[12.878s]   3350K .......... .......... .......... .......... .......... 83% 2.59M 0s
[12.917s]   3400K .......... .......... .......... .......... .......... 84% 1.17M 0s
[12.937s]   3450K .......... .......... .......... .......... .......... 85% 2.79M 0s
[12.947s]   3500K .......... .......... .......... .......... .......... 86% 4.05M 0s
[12.960s]   3550K .......... .......... .......... .......... .......... 87% 23.4M 0s
[12.991s]   3600K .......... .......... .......... .......... .......... 89% 1.15M 0s
[13.022s]   3650K .......... .......... .......... .......... .......... 90% 1.57M 0s
[13.029s]   3700K .......... .......... .......... .......... .......... 91% 7.57M 0s
[13.045s]   3750K .......... .......... .......... .......... .......... 92% 3.14M 0s
[13.057s]   3800K .......... .......... .......... .......... .......... 93% 3.60M 0s
[13.095s]   3850K .......... .......... .......... .......... .......... 95% 1.30M 0s
[13.104s]   3900K .......... .......... .......... .......... .......... 96% 5.41M 0s
[13.133s]   3950K .......... .......... .......... .......... .......... 97% 2.13M 0s
[13.134s]   4000K .......... .......... .......... .......... .......... 98% 7.24M 0s
[13.138s]   4050K .......... .......... .......... .......... ......    100% 11.4M=1.9s
[13.138s] 
[13.138s] 2024-11-24 17:36:37 (2.11 MB/s) - ‘/home/joel-bansal/bharat_ws/build/multirobot_map_merge/map05.pgm’ saved [4194362/4194362]
[13.139s] 
[13.150s] Checking MD5 sum of /home/joel-bansal/bharat_ws/build/multirobot_map_merge/map05.pgm
[13.179s] /home/joel-bansal/bharat_ws/build/multirobot_map_merge/map05.pgm: OK
[13.208s] --2024-11-24 17:36:37--  https://raw.githubusercontent.com/hrnr/m-explore-extra/master/map_merge/gmapping_maps/2011-08-09-12-22-52.pgm
[13.229s] Resolving raw.githubusercontent.com (raw.githubusercontent.com)... 185.199.110.133, 185.199.108.133, 185.199.111.133, ...
[13.252s] Connecting to raw.githubusercontent.com (raw.githubusercontent.com)|185.199.110.133|:443... connected.
[13.761s] HTTP request sent, awaiting response... 200 OK
[13.761s] Length: 16000058 (15M) [application/octet-stream]
[13.761s] Saving to: ‘/home/joel-bansal/bharat_ws/build/multirobot_map_merge/2011-08-09-12-22-52.pgm’
[13.787s] 
[13.837s]      0K .......... .......... .......... .......... ..........  0%  668K 23s
[13.893s]     50K .......... .......... .......... .......... ..........  0%  869K 21s
[13.941s]    100K .......... .......... .......... .......... ..........  0% 1.06M 18s
[13.989s]    150K .......... .......... .......... .......... ..........  1%  999K 18s
[14.036s]    200K .......... .......... .......... .......... ..........  1% 1.05M 17s
[14.074s]    250K .......... .......... .......... .......... ..........  1% 1.26M 16s
[14.117s]    300K .......... .......... .......... .......... ..........  2% 1.13M 16s
[14.179s]    350K .......... .......... .......... .......... ..........  2% 1.10M 15s
[14.224s]    400K .......... .......... .......... .......... ..........  2%  836K 16s
[14.261s]    450K .......... .......... .......... .......... ..........  3% 1.24M 15s
[14.309s]    500K .......... .......... .......... .......... ..........  3% 1.01M 15s
[14.347s]    550K .......... .......... .......... .......... ..........  3% 1.33M 15s
[14.385s]    600K .......... .......... .......... .......... ..........  4% 1.25M 14s
[14.430s]    650K .......... .......... .......... .......... ..........  4% 1.10M 14s
[14.469s]    700K .......... .......... .......... .......... ..........  4% 1.24M 14s
[14.541s]    750K .......... .......... .......... .......... ..........  5%  864K 14s
[14.588s]    800K .......... .......... .......... .......... ..........  5%  820K 14s
[14.631s]    850K .......... .......... .......... .......... ..........  5% 1.14M 14s
[14.667s]    900K .......... .......... .......... .......... ..........  6% 1.43M 14s
[14.704s]    950K .......... .......... .......... .......... ..........  6% 1.29M 14s
[14.746s]   1000K .......... .......... .......... .......... ..........  6% 1.12M 14s
[14.778s]   1050K .......... .......... .......... .......... ..........  7% 1.55M 13s
[14.812s]   1100K .......... .......... .......... .......... ..........  7% 1.42M 13s
[14.857s]   1150K .......... .......... .......... .......... ..........  7% 1.63M 13s
[14.903s]   1200K .......... .......... .......... .......... ..........  7%  821K 13s
[14.945s]   1250K .......... .......... .......... .......... ..........  8% 1.17M 13s
[14.977s]   1300K .......... .......... .......... .......... ..........  8% 1.56M 13s
[15.007s]   1350K .......... .......... .......... .......... ..........  8% 1.59M 13s
[15.047s]   1400K .......... .......... .......... .......... ..........  9% 1.33M 13s
[15.082s]   1450K .......... .......... .......... .......... ..........  9% 1.25M 12s
[15.116s]   1500K .......... .......... .......... .......... ..........  9% 1.50M 12s
[15.169s]   1550K .......... .......... .......... .......... .......... 10% 1.20M 12s
[15.204s]   1600K .......... .......... .......... .......... .......... 10% 1.03M 12s
[15.241s]   1650K .......... .......... .......... .......... .......... 10% 1.41M 12s
[15.267s]   1700K .......... .......... .......... .......... .......... 11% 1.73M 12s
[15.308s]   1750K .......... .......... .......... .......... .......... 11% 1.20M 12s
[15.338s]   1800K .......... .......... .......... .......... .......... 11% 1.68M 12s
[15.367s]   1850K .......... .......... .......... .......... .......... 12% 1.60M 12s
[15.396s]   1900K .......... .......... .......... .......... .......... 12% 1.64M 11s
[15.440s]   1950K .......... .......... .......... .......... .......... 12% 1.60M 11s
[15.473s]   2000K .......... .......... .......... .......... .......... 13% 1.06M 11s
[15.515s]   2050K .......... .......... .......... .......... .......... 13% 1.16M 11s
[15.554s]   2100K .......... .......... .......... .......... .......... 13% 1.26M 11s
[15.577s]   2150K .......... .......... .......... .......... .......... 14% 2.05M 11s
[15.613s]   2200K .......... .......... .......... .......... .......... 14% 1.37M 11s
[15.646s]   2250K .......... .......... .......... .......... .......... 14% 1.63M 11s
[15.709s]   2300K .......... .......... .......... .......... .......... 15%  757K 11s
[15.785s]   2350K .......... .......... .......... .......... .......... 15%  711K 11s
[15.813s]   2400K .......... .......... .......... .......... .......... 15% 1.43M 11s
[15.843s]   2450K .......... .......... .......... .......... .......... 15% 1.66M 11s
[15.875s]   2500K .......... .......... .......... .......... .......... 16% 1.52M 11s
[15.902s]   2550K .......... .......... .......... .......... .......... 16% 1.81M 11s
[15.991s]   2600K .......... .......... .......... .......... .......... 16%  560K 11s
[16.034s]   2650K .......... .......... .......... .......... .......... 17% 1.15M 11s
[16.076s]   2700K .......... .......... .......... .......... .......... 17% 1.16M 11s
[16.105s]   2750K .......... .......... .......... .......... .......... 17% 2.19M 11s
[16.142s]   2800K .......... .......... .......... .......... .......... 18% 1.11M 11s
[16.160s]   2850K .......... .......... .......... .......... .......... 18% 2.85M 11s
[16.196s]   2900K .......... .......... .......... .......... .......... 18% 1.34M 10s
[16.234s]   2950K .......... .......... .......... .......... .......... 19% 1.29M 10s
[16.255s]   3000K .......... .......... .......... .......... .......... 19% 2.26M 10s
[16.278s]   3050K .......... .......... .......... .......... .......... 19% 2.10M 10s
[16.308s]   3100K .......... .......... .......... .......... .......... 20% 1.67M 10s
[16.347s]   3150K .......... .......... .......... .......... .......... 20% 1.58M 10s
[16.385s]   3200K .......... .......... .......... .......... .......... 20% 1.06M 10s
[16.420s]   3250K .......... .......... .......... .......... .......... 21% 1.39M 10s
[16.448s]   3300K .......... .......... .......... .......... .......... 21% 1.78M 10s
[16.519s]   3350K .......... .......... .......... .......... .......... 21%  699K 10s
[16.643s]   3400K .......... .......... .......... .......... .......... 22%  403K 10s
[16.725s]   3450K .......... .......... .......... .......... .......... 22%  615K 10s
[16.752s]   3500K .......... .......... .......... .......... .......... 22% 1.79M 10s
[16.847s]   3550K .......... .......... .......... .......... .......... 23%  525K 10s
[16.953s]   3600K .......... .......... .......... .......... .......... 23%  477K 10s
[16.973s]   3650K .......... .......... .......... .......... .......... 23% 2.35M 10s
[17.055s]   3700K .......... .......... .......... .......... .......... 23%  607K 10s
[17.156s]   3750K .......... .......... .......... .......... .......... 24%  494K 11s
[17.252s]   3800K .......... .......... .......... .......... .......... 24%  528K 11s
[17.279s]   3850K .......... .......... .......... .......... .......... 24% 1.78M 11s
[17.356s]   3900K .......... .......... .......... .......... .......... 25%  655K 11s
[17.478s]   3950K .......... .......... .......... .......... .......... 25%  413K 11s
[18.286s]   4000K .......... .......... .......... .......... .......... 25% 61.8K 13s
[18.334s]   4050K .......... .......... .......... .......... .......... 26% 1.00M 13s
[18.708s]   4100K .......... .......... .......... .......... .......... 26%  133K 14s
[19.141s]   4150K .......... .......... .......... .......... .......... 26%  115K 15s
[20.338s]   4200K .......... .......... .......... .......... .......... 27% 41.8K 18s
[21.573s]   4250K .......... .......... .......... .......... .......... 27% 40.5K 21s
[24.326s]   4300K .......... .......... .......... .......... .......... 27% 18.2K 27s
[24.512s]   4350K .......... .......... .......... .......... .......... 28%  322K 27s
[24.596s]   4400K .......... .......... .......... .......... .......... 28%  417K 27s
[24.680s]   4450K .......... .......... .......... .......... .......... 28%  598K 27s
[24.749s]   4500K .......... .......... .......... .......... .......... 29%  727K 27s
[24.826s]   4550K .......... .......... .......... .......... .......... 29%  680K 27s
[24.882s]   4600K .......... .......... .......... .......... .......... 29%  849K 26s
[24.940s]   4650K .......... .......... .......... .......... .......... 30%  847K 26s
[24.990s]   4700K .......... .......... .......... .......... .......... 30% 1002K 26s
[25.057s]   4750K .......... .......... .......... .......... .......... 30%  910K 25s
[25.114s]   4800K .......... .......... .......... .......... .......... 31%  724K 25s
[25.157s]   4850K .......... .......... .......... .......... .......... 31% 1.12M 25s
[25.206s]   4900K .......... .......... .......... .......... .......... 31% 1.02M 25s
[25.253s]   4950K .......... .......... .......... .......... .......... 31% 1.04M 24s
[25.299s]   5000K .......... .......... .......... .......... .......... 32% 1.05M 24s
[25.343s]   5050K .......... .......... .......... .......... .......... 32% 1.09M 24s
[25.387s]   5100K .......... .......... .......... .......... .......... 32% 1.12M 24s
[25.464s]   5150K .......... .......... .......... .......... .......... 33%  649K 23s
[25.543s]   5200K .......... .......... .......... .......... .......... 33%  629K 23s
[25.590s]   5250K .......... .......... .......... .......... .......... 33% 1.05M 23s
[25.629s]   5300K .......... .......... .......... .......... .......... 34% 1.24M 23s
[25.676s]   5350K .......... .......... .......... .......... .......... 34% 1.03M 23s
[25.721s]   5400K .......... .......... .......... .......... .......... 34% 1.25M 22s
[25.752s]   5450K .......... .......... .......... .......... .......... 35% 1.35M 22s
[25.795s]   5500K .......... .......... .......... .......... .......... 35% 1.19M 22s
[25.848s]   5550K .......... .......... .......... .......... .......... 35%  960K 22s
[25.889s]   5600K .......... .......... .......... .......... .......... 36% 1.15M 21s
[25.922s]   5650K .......... .......... .......... .......... .......... 36% 1.40M 21s
[25.970s]   5700K .......... .......... .......... .......... .......... 36% 1.05M 21s
[26.019s]   5750K .......... .......... .......... .......... .......... 37% 1.03M 21s
[26.058s]   5800K .......... .......... .......... .......... .......... 37% 1.22M 21s
[26.093s]   5850K .......... .......... .......... .......... .......... 37% 1.36M 20s
[26.143s]   5900K .......... .......... .......... .......... .......... 38% 1006K 20s
[26.180s]   5950K .......... .......... .......... .......... .......... 38% 2.02M 20s
[26.212s]   6000K .......... .......... .......... .......... .......... 38% 1.05M 20s
[26.241s]   6050K .......... .......... .......... .......... .......... 39% 1.73M 19s
[26.278s]   6100K .......... .......... .......... .......... .......... 39% 1.40M 19s
[26.315s]   6150K .......... .......... .......... .......... .......... 39% 1.23M 19s
[26.361s]   6200K .......... .......... .......... .......... .......... 39% 1.06M 19s
[26.387s]   6250K .......... .......... .......... .......... .......... 40% 1.95M 19s
[26.418s]   6300K .......... .......... .......... .......... .......... 40% 1.82M 18s
[26.477s]   6350K .......... .......... .......... .......... .......... 40%  860K 18s
[26.519s]   6400K .......... .......... .......... .......... .......... 41% 1.02M 18s
[26.557s]   6450K .......... .......... .......... .......... .......... 41% 1.30M 18s
[26.594s]   6500K .......... .......... .......... .......... .......... 41% 1.32M 18s
[26.622s]   6550K .......... .......... .......... .......... .......... 42% 1.80M 18s
[26.655s]   6600K .......... .......... .......... .......... .......... 42% 1.44M 17s
[26.693s]   6650K .......... .......... .......... .......... .......... 42% 1.28M 17s
[26.717s]   6700K .......... .......... .......... .......... .......... 43% 1.98M 17s
[26.766s]   6750K .......... .......... .......... .......... .......... 43% 1.78M 17s
[26.797s]   6800K .......... .......... .......... .......... .......... 43%  963K 17s
[26.825s]   6850K .......... .......... .......... .......... .......... 44% 1.81M 17s
[26.851s]   6900K .......... .......... .......... .......... .......... 44% 1.83M 16s
[26.906s]   6950K .......... .......... .......... .......... .......... 44% 1.02M 16s
[26.935s]   7000K .......... .......... .......... .......... .......... 45% 1.54M 16s
[26.961s]   7050K .......... .......... .......... .......... .......... 45% 1.81M 16s
[26.989s]   7100K .......... .......... .......... .......... .......... 45% 1.55M 16s
[27.024s]   7150K .......... .......... .......... .......... .......... 46% 1.76M 16s
[27.056s]   7200K .......... .......... .......... .......... .......... 46% 1.24M 15s
[27.088s]   7250K .......... .......... .......... .......... .......... 46% 1.64M 15s
[27.120s]   7300K .......... .......... .......... .......... .......... 47% 1.44M 15s
[27.150s]   7350K .......... .......... .......... .......... .......... 47% 1.73M 15s
[27.178s]   7400K .......... .......... .......... .......... .......... 47% 1.63M 15s
[27.227s]   7450K .......... .......... .......... .......... .......... 47% 1015K 15s
[27.251s]   7500K .......... .......... .......... .......... .......... 48% 2.07M 14s
[27.291s]   7550K .......... .......... .......... .......... .......... 48% 1.35M 14s
[27.317s]   7600K .......... .......... .......... .......... .......... 48% 1.64M 14s
[27.347s]   7650K .......... .......... .......... .......... .......... 49% 1.59M 14s
[27.388s]   7700K .......... .......... .......... .......... .......... 49% 1.22M 14s
[27.401s]   7750K .......... .......... .......... .......... .......... 49% 3.56M 14s
[27.443s]   7800K .......... .......... .......... .......... .......... 50% 1.17M 14s
[27.472s]   7850K .......... .......... .......... .......... .......... 50% 1.64M 13s
[27.496s]   7900K .......... .......... .......... .......... .......... 50% 2.04M 13s
[27.538s]   7950K .......... .......... .......... .......... .......... 51% 1.31M 13s
[27.566s]   8000K .......... .......... .......... .......... .......... 51% 1.52M 13s
[27.597s]   8050K .......... .......... .......... .......... .......... 51% 1.56M 13s
[27.625s]   8100K .......... .......... .......... .......... .......... 52% 1.92M 13s
[27.644s]   8150K .......... .......... .......... .......... .......... 52% 2.33M 13s
[27.688s]   8200K .......... .......... .......... .......... .......... 52% 1.10M 12s
[27.710s]   8250K .......... .......... .......... .......... .......... 53% 2.23M 12s
[27.746s]   8300K .......... .......... .......... .......... .......... 53% 1.35M 12s
[27.781s]   8350K .......... .......... .......... .......... .......... 53% 1.42M 12s
[27.805s]   8400K .......... .......... .......... .......... .......... 54% 1.99M 12s
[27.847s]   8450K .......... .......... .......... .......... .......... 54% 1.23M 12s
[27.879s]   8500K .......... .......... .......... .......... .......... 54% 1.58M 12s
[27.910s]   8550K .......... .......... .......... .......... .......... 55% 1.58M 12s
[27.938s]   8600K .......... .......... .......... .......... .......... 55% 1.55M 11s
[27.964s]   8650K .......... .......... .......... .......... .......... 55% 2.00M 11s
[27.989s]   8700K .......... .......... .......... .......... .......... 55% 1.84M 11s
[28.030s]   8750K .......... .......... .......... .......... .......... 56% 2.39M 11s
[28.055s]   8800K .......... .......... .......... .......... .......... 56% 1.08M 11s
[28.085s]   8850K .......... .......... .......... .......... .......... 56% 1.62M 11s
[28.113s]   8900K .......... .......... .......... .......... .......... 57% 2.02M 11s
[28.126s]   8950K .......... .......... .......... .......... .......... 57% 2.81M 11s
[28.170s]   9000K .......... .......... .......... .......... .......... 57% 1.13M 10s
[28.202s]   9050K .......... .......... .......... .......... .......... 58% 1.47M 10s
[28.227s]   9100K .......... .......... .......... .......... .......... 58% 2.02M 10s
[28.256s]   9150K .......... .......... .......... .......... .......... 58% 1.74M 10s
[28.299s]   9200K .......... .......... .......... .......... .......... 59% 1.11M 10s
[28.323s]   9250K .......... .......... .......... .......... .......... 59% 2.24M 10s
[28.360s]   9300K .......... .......... .......... .......... .......... 59% 1.28M 10s
[28.376s]   9350K .......... .......... .......... .......... .......... 60% 3.07M 10s
[28.396s]   9400K .......... .......... .......... .......... .......... 60% 2.30M 10s
[28.426s]   9450K .......... .......... .......... .......... .......... 60% 1.63M 9s
[28.460s]   9500K .......... .......... .......... .......... .......... 61% 1.48M 9s
[28.492s]   9550K .......... .......... .......... .......... .......... 61% 1.96M 9s
[28.523s]   9600K .......... .......... .......... .......... .......... 61% 1.25M 9s
[28.542s]   9650K .......... .......... .......... .......... .......... 62% 2.55M 9s
[28.579s]   9700K .......... .......... .......... .......... .......... 62% 1.36M 9s
[28.598s]   9750K .......... .......... .......... .......... .......... 62% 2.44M 9s
[28.625s]   9800K .......... .......... .......... .......... .......... 63% 1.83M 9s
[28.638s]   9850K .......... .......... .......... .......... .......... 63% 3.70M 9s
[28.666s]   9900K .......... .......... .......... .......... .......... 63% 1.75M 9s
[28.698s]   9950K .......... .......... .......... .......... .......... 63% 2.02M 8s
[28.726s]  10000K .......... .......... .......... .......... .......... 64% 1.34M 8s
[28.739s]  10050K .......... .......... .......... .......... .......... 64% 3.92M 8s
[28.774s]  10100K .......... .......... .......... .......... .......... 64% 1.42M 8s
[28.794s]  10150K .......... .......... .......... .......... .......... 65% 2.54M 8s
[28.829s]  10200K .......... .......... .......... .......... .......... 65% 1.32M 8s
[28.854s]  10250K .......... .......... .......... .......... .......... 65% 2.01M 8s
[28.882s]  10300K .......... .......... .......... .......... .......... 66% 1.68M 8s
[28.918s]  10350K .......... .......... .......... .......... .......... 66% 2.53M 8s
[28.940s]  10400K .......... .......... .......... .......... .......... 66% 1.34M 8s
[28.959s]  10450K .......... .......... .......... .......... .......... 67% 2.52M 7s
[29.021s]  10500K .......... .......... .......... .......... .......... 67%  792K 7s
[29.038s]  10550K .......... .......... .......... .......... .......... 67% 2.81M 7s
[29.113s]  10600K .......... .......... .......... .......... .......... 68%  668K 7s
[29.121s]  10650K .......... .......... .......... .......... .......... 68% 6.38M 7s
[29.160s]  10700K .......... .......... .......... .......... .......... 68% 1.24M 7s
[29.194s]  10750K .......... .......... .......... .......... .......... 69% 1.43M 7s
[29.216s]  10800K .......... .......... .......... .......... .......... 69% 2.23M 7s
[29.249s]  10850K .......... .......... .......... .......... .......... 69% 1.49M 7s
[29.263s]  10900K .......... .......... .......... .......... .......... 70% 3.56M 7s
[29.292s]  10950K .......... .......... .......... .......... .......... 70% 1.73M 7s
[29.331s]  11000K .......... .......... .......... .......... .......... 70% 1.23M 6s
[29.336s]  11050K .......... .......... .......... .......... .......... 71% 8.58M 6s
[29.358s]  11100K .......... .......... .......... .......... .......... 71% 2.20M 6s
[29.394s]  11150K .......... .......... .......... .......... .......... 71% 1.86M 6s
[29.421s]  11200K .......... .......... .......... .......... .......... 71% 1.36M 6s
[29.451s]  11250K .......... .......... .......... .......... .......... 72% 1.60M 6s
[29.469s]  11300K .......... .......... .......... .......... .......... 72% 2.61M 6s
[29.498s]  11350K .......... .......... .......... .......... .......... 72% 1.73M 6s
[29.528s]  11400K .......... .......... .......... .......... .......... 73% 1.59M 6s
[29.551s]  11450K .......... .......... .......... .......... .......... 73% 2.18M 6s
[29.568s]  11500K .......... .......... .......... .......... .......... 73% 2.84M 6s
[29.611s]  11550K .......... .......... .......... .......... .......... 74% 1.13M 5s
[29.627s]  11600K .......... .......... .......... .......... .......... 74% 3.37M 5s
[29.666s]  11650K .......... .......... .......... .......... .......... 74% 1.28M 5s
[29.677s]  11700K .......... .......... .......... .......... .......... 75% 4.21M 5s
[29.694s]  11750K .......... .......... .......... .......... .......... 75% 2.57M 5s
[29.751s]  11800K .......... .......... .......... .......... .......... 75%  929K 5s
[29.763s]  11850K .......... .......... .......... .......... .......... 76% 3.77M 5s
[29.775s]  11900K .......... .......... .......... .......... .......... 76% 3.56M 5s
[29.810s]  11950K .......... .......... .......... .......... .......... 76% 1.61M 5s
[29.844s]  12000K .......... .......... .......... .......... .......... 77% 1.44M 5s
[29.856s]  12050K .......... .......... .......... .......... .......... 77% 3.28M 5s
[29.879s]  12100K .......... .......... .......... .......... .......... 77% 2.20M 5s
[29.908s]  12150K .......... .......... .......... .......... .......... 78% 1.95M 5s
[29.927s]  12200K .......... .......... .......... .......... .......... 78% 2.12M 4s
[29.947s]  12250K .......... .......... .......... .......... .......... 78% 2.10M 4s
[29.967s]  12300K .......... .......... .......... .......... .......... 79% 2.51M 4s
[30.000s]  12350K .......... .......... .......... .......... .......... 79% 2.40M 4s
[30.015s]  12400K .......... .......... .......... .......... .......... 79% 1.89M 4s
[30.049s]  12450K .......... .......... .......... .......... .......... 79% 1.36M 4s
[30.056s]  12500K .......... .......... .......... .......... .......... 80% 8.36M 4s
[30.078s]  12550K .......... .......... .......... .......... .......... 80% 2.13M 4s
[30.106s]  12600K .......... .......... .......... .......... .......... 80% 1.87M 4s
[30.168s]  12650K .......... .......... .......... .......... .......... 81%  825K 4s
[30.174s]  12700K .......... .......... .......... .......... .......... 81% 7.26M 4s
[30.177s]  12750K .......... .......... .......... .......... .......... 81% 8.22M 4s
[30.210s]  12800K .......... .......... .......... .......... .......... 82% 1.49M 4s
[30.235s]  12850K .......... .......... .......... .......... .......... 82% 1.89M 3s
[30.268s]  12900K .......... .......... .......... .......... .......... 82% 1.55M 3s
[30.284s]  12950K .......... .......... .......... .......... .......... 83% 3.30M 3s
[30.305s]  13000K .......... .......... .......... .......... .......... 83% 2.37M 3s
[30.314s]  13050K .......... .......... .......... .......... .......... 83% 4.28M 3s
[30.342s]  13100K .......... .......... .......... .......... .......... 84% 1.70M 3s
[30.375s]  13150K .......... .......... .......... .......... .......... 84% 2.31M 3s
[30.407s]  13200K .......... .......... .......... .......... .......... 84% 1.16M 3s
[30.414s]  13250K .......... .......... .......... .......... .......... 85% 6.92M 3s
[30.440s]  13300K .......... .......... .......... .......... .......... 85% 1.80M 3s
[30.465s]  13350K .......... .......... .......... .......... .......... 85% 2.39M 3s
[30.499s]  13400K .......... .......... .......... .......... .......... 86% 1.26M 3s
[30.508s]  13450K .......... .......... .......... .......... .......... 86% 5.45M 3s
[30.530s]  13500K .......... .......... .......... .......... .......... 86% 2.37M 3s
[30.548s]  13550K .......... .......... .......... .......... .......... 87% 3.37M 2s
[30.573s]  13600K .......... .......... .......... .......... .......... 87% 1.62M 2s
[30.596s]  13650K .......... .......... .......... .......... .......... 87% 2.28M 2s
[30.612s]  13700K .......... .......... .......... .......... .......... 87% 3.21M 2s
[30.642s]  13750K .......... .......... .......... .......... .......... 88% 1.64M 2s
[30.650s]  13800K .......... .......... .......... .......... .......... 88% 4.57M 2s
[30.668s]  13850K .......... .......... .......... .......... .......... 88% 3.05M 2s
[30.691s]  13900K .......... .......... .......... .......... .......... 89% 2.00M 2s
[30.717s]  13950K .......... .......... .......... .......... .......... 89% 1.88M 2s
[30.736s]  14000K .......... .......... .......... .......... .......... 89% 2.46M 2s
[30.743s]  14050K .......... .......... .......... .......... .......... 90% 6.95M 2s
[30.768s]  14100K .......... .......... .......... .......... .......... 90% 1.98M 2s
[30.797s]  14150K .......... .......... .......... .......... .......... 90% 1.73M 2s
[30.811s]  14200K .......... .......... .......... .......... .......... 91% 3.73M 2s
[30.829s]  14250K .......... .......... .......... .......... .......... 91% 2.61M 2s
[30.855s]  14300K .......... .......... .......... .......... .......... 91% 1.84M 2s
[30.869s]  14350K .......... .......... .......... .......... .......... 92% 5.66M 1s
[30.882s]  14400K .......... .......... .......... .......... .......... 92% 2.60M 1s
[30.897s]  14450K .......... .......... .......... .......... .......... 92% 3.34M 1s
[30.915s]  14500K .......... .......... .......... .......... .......... 93% 2.73M 1s
[30.933s]  14550K .......... .......... .......... .......... .......... 93% 2.76M 1s
[30.969s]  14600K .......... .......... .......... .......... .......... 93% 1.35M 1s
[30.987s]  14650K .......... .......... .......... .......... .......... 94% 2.60M 1s
[30.999s]  14700K .......... .......... .......... .......... .......... 94% 4.97M 1s
[31.023s]  14750K .......... .......... .......... .......... .......... 94% 1.97M 1s
[31.043s]  14800K .......... .......... .......... .......... .......... 95% 2.34M 1s
[31.057s]  14850K .......... .......... .......... .......... .......... 95% 3.54M 1s
[31.086s]  14900K .......... .......... .......... .......... .......... 95% 1.73M 1s
[31.100s]  14950K .......... .......... .......... .......... .......... 95% 3.32M 1s
[31.123s]  15000K .......... .......... .......... .......... .......... 96% 2.34M 1s
[31.153s]  15050K .......... .......... .......... .......... .......... 96% 1.53M 1s
[31.158s]  15100K .......... .......... .......... .......... .......... 96% 10.4M 1s
[31.196s]  15150K .......... .......... .......... .......... .......... 97% 1.42M 0s
[31.208s]  15200K .......... .......... .......... .......... .......... 97% 3.04M 0s
[31.230s]  15250K .......... .......... .......... .......... .......... 97% 2.23M 0s
[31.248s]  15300K .......... .......... .......... .......... .......... 98% 2.80M 0s
[31.281s]  15350K .......... .......... .......... .......... .......... 98% 1.46M 0s
[31.295s]  15400K .......... .......... .......... .......... .......... 98% 3.32M 0s
[31.320s]  15450K .......... .......... .......... .......... .......... 99% 1.94M 0s
[31.329s]  15500K .......... .......... .......... .......... .......... 99% 5.85M 0s
[31.351s]  15550K .......... .......... .......... .......... .......... 99% 2.30M 0s
[31.356s]  15600K .......... .......... .....                           100% 4.21M=18s
[31.356s] 
[31.356s] 2024-11-24 17:36:55 (888 KB/s) - ‘/home/joel-bansal/bharat_ws/build/multirobot_map_merge/2011-08-09-12-22-52.pgm’ saved [16000058/16000058]
[31.357s] 
[31.363s] Checking MD5 sum of /home/joel-bansal/bharat_ws/build/multirobot_map_merge/2011-08-09-12-22-52.pgm
[31.478s] /home/joel-bansal/bharat_ws/build/multirobot_map_merge/2011-08-09-12-22-52.pgm: OK
[31.506s] --2024-11-24 17:36:55--  https://raw.githubusercontent.com/hrnr/m-explore-extra/master/map_merge/gmapping_maps/2012-01-28-11-12-01.pgm
[31.529s] Resolving raw.githubusercontent.com (raw.githubusercontent.com)... 185.199.109.133, 185.199.110.133, 185.199.111.133, ...
[31.549s] Connecting to raw.githubusercontent.com (raw.githubusercontent.com)|185.199.109.133|:443... connected.
[32.056s] HTTP request sent, awaiting response... 200 OK
[32.056s] Length: 16000058 (15M) [application/octet-stream]
[32.057s] Saving to: ‘/home/joel-bansal/bharat_ws/build/multirobot_map_merge/2012-01-28-11-12-01.pgm’
[32.058s] 
[32.108s]      0K .......... .......... .......... .......... ..........  0%  975K 16s
[32.376s]     50K .......... .......... .......... .......... ..........  0%  187K 50s
[32.376s]    100K .......... .......... .......... .......... ..........  0% 67.5M 33s
[32.494s]    150K .......... .......... .......... .......... ..........  1%  426K 34s
[32.528s]    200K .......... .......... .......... .......... ..........  1% 1.42M 29s
[32.911s]    250K .......... .......... .......... .......... ..........  1%  131K 44s
[33.368s]    300K .......... .......... .......... .......... ..........  2%  109K 57s
[33.989s]    350K .......... .......... .......... .......... ..........  2% 5.85M 50s
[34.980s]    400K .......... .......... .......... .......... ..........  2% 31.2K 98s
[37.822s]    450K .......... .......... .......... .......... ..........  3% 17.6K 2m54s
[38.818s]    500K .......... .......... .......... .......... ..........  3% 50.1K 3m5s
[38.950s]    550K .......... .......... .......... .......... ..........  3%  380K 2m53s
[39.037s]    600K .......... .......... .......... .......... ..........  4%  570K 2m41s
[39.116s]    650K .......... .......... .......... .......... ..........  4%  634K 2m31s
[39.184s]    700K .......... .......... .......... .......... ..........  4%  733K 2m21s
[39.268s]    750K .......... .......... .......... .......... ..........  5%  843K 2m13s
[39.326s]    800K .......... .......... .......... .......... ..........  5%  615K 2m6s
[39.384s]    850K .......... .......... .......... .......... ..........  5%  855K 2m0s
[39.450s]    900K .......... .......... .......... .......... ..........  6%  748K 1m54s
[39.504s]    950K .......... .......... .......... .......... ..........  6%  929K 1m49s
[39.549s]   1000K .......... .......... .......... .......... ..........  6% 1.09M 1m44s
[39.610s]   1050K .......... .......... .......... .......... ..........  7%  815K 1m40s
[39.657s]   1100K .......... .......... .......... .......... ..........  7% 1.02M 96s
[39.702s]   1150K .......... .......... .......... .......... ..........  7% 1.11M 92s
[39.768s]   1200K .......... .......... .......... .......... ..........  7% 1.07M 88s
[39.810s]   1250K .......... .......... .......... .......... ..........  8%  804K 85s
[39.849s]   1300K .......... .......... .......... .......... ..........  8% 1.23M 82s
[39.889s]   1350K .......... .......... .......... .......... ..........  8% 1.24M 80s
[39.938s]   1400K .......... .......... .......... .......... ..........  9%  991K 77s
[39.985s]   1450K .......... .......... .......... .......... ..........  9% 1.04M 75s
[40.034s]   1500K .......... .......... .......... .......... ..........  9% 1.02M 72s
[40.083s]   1550K .......... .......... .......... .......... .......... 10% 1012K 70s
[40.137s]   1600K .......... .......... .......... .......... .......... 10% 1.16M 68s
[40.171s]   1650K .......... .......... .......... .......... .......... 10% 1.08M 66s
[40.217s]   1700K .......... .......... .......... .......... .......... 11% 1.07M 65s
[40.264s]   1750K .......... .......... .......... .......... .......... 11% 1.03M 63s
[40.291s]   1800K .......... .......... .......... .......... .......... 11% 1.79M 61s
[40.335s]   1850K .......... .......... .......... .......... .......... 12% 1.09M 60s
[40.370s]   1900K .......... .......... .......... .......... .......... 12% 1.40M 58s
[40.407s]   1950K .......... .......... .......... .......... .......... 12% 1.33M 57s
[40.471s]   2000K .......... .......... .......... .......... .......... 13%  928K 56s
[40.511s]   2050K .......... .......... .......... .......... .......... 13% 1009K 54s
[40.556s]   2100K .......... .......... .......... .......... .......... 13% 1.08M 53s
[40.586s]   2150K .......... .......... .......... .......... .......... 14% 1.64M 52s
[40.625s]   2200K .......... .......... .......... .......... .......... 14% 1.24M 51s
[40.666s]   2250K .......... .......... .......... .......... .......... 14% 1.21M 50s
[40.700s]   2300K .......... .......... .......... .......... .......... 15% 1.41M 49s
[40.750s]   2350K .......... .......... .......... .......... .......... 15% 1019K 48s
[40.793s]   2400K .......... .......... .......... .......... .......... 15% 1.58M 47s
[40.831s]   2450K .......... .......... .......... .......... .......... 15%  982K 46s
[40.858s]   2500K .......... .......... .......... .......... .......... 16% 1.79M 45s
[40.899s]   2550K .......... .......... .......... .......... .......... 16% 1.21M 44s
[40.927s]   2600K .......... .......... .......... .......... .......... 16% 1.71M 43s
[40.967s]   2650K .......... .......... .......... .......... .......... 17% 1.22M 43s
[41.003s]   2700K .......... .......... .......... .......... .......... 17% 1.36M 42s
[41.033s]   2750K .......... .......... .......... .......... .......... 17% 1.61M 41s
[41.071s]   2800K .......... .......... .......... .......... .......... 18% 1.31M 40s
[41.113s]   2850K .......... .......... .......... .......... .......... 18% 1.17M 40s
[41.148s]   2900K .......... .......... .......... .......... .......... 18% 1.38M 39s
[41.172s]   2950K .......... .......... .......... .......... .......... 19% 2.05M 38s
[41.204s]   3000K .......... .......... .......... .......... .......... 19% 1.50M 38s
[41.250s]   3050K .......... .......... .......... .......... .......... 19% 1.07M 37s
[41.268s]   3100K .......... .......... .......... .......... .......... 20% 2.58M 36s
[41.319s]   3150K .......... .......... .......... .......... .......... 20%  993K 36s
[41.361s]   3200K .......... .......... .......... .......... .......... 20% 2.60M 35s
[41.390s]   3250K .......... .......... .......... .......... .......... 21%  960K 35s
[41.417s]   3300K .......... .......... .......... .......... .......... 21% 1.82M 34s
[41.457s]   3350K .......... .......... .......... .......... .......... 21% 1.24M 34s
[41.480s]   3400K .......... .......... .......... .......... .......... 22% 2.11M 33s
[41.524s]   3450K .......... .......... .......... .......... .......... 22% 1.09M 33s
[41.556s]   3500K .......... .......... .......... .......... .......... 22% 1.53M 32s
[41.593s]   3550K .......... .......... .......... .......... .......... 23% 1.32M 32s
[41.631s]   3600K .......... .......... .......... .......... .......... 23% 1.94M 31s
[41.652s]   3650K .......... .......... .......... .......... .......... 23% 1.46M 31s
[41.686s]   3700K .......... .......... .......... .......... .......... 23% 1.47M 30s
[41.740s]   3750K .......... .......... .......... .......... .......... 24%  896K 30s
[41.771s]   3800K .......... .......... .......... .......... .......... 24% 1.59M 30s
[41.809s]   3850K .......... .......... .......... .......... .......... 24% 1.29M 29s
[41.841s]   3900K .......... .......... .......... .......... .......... 25% 1.53M 29s
[41.866s]   3950K .......... .......... .......... .......... .......... 25% 1.97M 29s
[41.930s]   4000K .......... .......... .......... .......... .......... 25%  862K 28s
[41.966s]   4050K .......... .......... .......... .......... .......... 26% 1.18M 28s
[41.990s]   4100K .......... .......... .......... .......... .......... 26% 2.04M 27s
[42.030s]   4150K .......... .......... .......... .......... .......... 26% 1.20M 27s
[42.060s]   4200K .......... .......... .......... .......... .......... 27% 1.66M 27s
[42.101s]   4250K .......... .......... .......... .......... .......... 27% 1.18M 26s
[42.116s]   4300K .......... .......... .......... .......... .......... 27% 3.12M 26s
[42.155s]   4350K .......... .......... .......... .......... .......... 28% 1.26M 26s
[42.197s]   4400K .......... .......... .......... .......... .......... 28% 2.56M 25s
[42.212s]   4450K .......... .......... .......... .......... .......... 28% 1.32M 25s
[42.250s]   4500K .......... .......... .......... .......... .......... 29% 1.29M 25s
[42.266s]   4550K .......... .......... .......... .......... .......... 29% 2.88M 24s
[42.308s]   4600K .......... .......... .......... .......... .......... 29% 1.15M 24s
[42.336s]   4650K .......... .......... .......... .......... .......... 30% 1.80M 24s
[42.367s]   4700K .......... .......... .......... .......... .......... 30% 1.55M 24s
[42.397s]   4750K .......... .......... .......... .......... .......... 30% 1.60M 23s
[42.436s]   4800K .......... .......... .......... .......... .......... 31% 1.39M 23s
[42.503s]   4850K .......... .......... .......... .......... .......... 31%  727K 23s
[42.536s]   4900K .......... .......... .......... .......... .......... 31% 1.46M 23s
[42.575s]   4950K .......... .......... .......... .......... .......... 31% 1.23M 22s
[42.603s]   5000K .......... .......... .......... .......... .......... 32% 1.81M 22s
[42.637s]   5050K .......... .......... .......... .......... .......... 32% 1.38M 22s
[42.657s]   5100K .......... .......... .......... .......... .......... 32% 2.44M 22s
[42.687s]   5150K .......... .......... .......... .......... .......... 33% 1.72M 21s
[42.747s]   5200K .......... .......... .......... .......... .......... 33%  831K 21s
[42.779s]   5250K .......... .......... .......... .......... .......... 33% 1.47M 21s
[42.806s]   5300K .......... .......... .......... .......... .......... 34% 1.84M 21s
[42.827s]   5350K .......... .......... .......... .......... .......... 34% 2.36M 20s
[42.855s]   5400K .......... .......... .......... .......... .......... 34% 1.80M 20s
[42.890s]   5450K .......... .......... .......... .......... .......... 35% 1.37M 20s
[42.904s]   5500K .......... .......... .......... .......... .......... 35% 3.29M 20s
[42.936s]   5550K .......... .......... .......... .......... .......... 35% 1.51M 19s
[42.978s]   5600K .......... .......... .......... .......... .......... 36% 1.97M 19s
[43.008s]   5650K .......... .......... .......... .......... .......... 36% 1.06M 19s
[43.040s]   5700K .......... .......... .......... .......... .......... 36% 1.49M 19s
[43.061s]   5750K .......... .......... .......... .......... .......... 37% 2.28M 19s
[43.091s]   5800K .......... .......... .......... .......... .......... 37% 1.66M 18s
[43.113s]   5850K .......... .......... .......... .......... .......... 37% 2.17M 18s
[43.151s]   5900K .......... .......... .......... .......... .......... 38% 1.29M 18s
[43.172s]   5950K .......... .......... .......... .......... .......... 38% 2.32M 18s
[43.222s]   6000K .......... .......... .......... .......... .......... 38% 1.35M 18s
[43.249s]   6050K .......... .......... .......... .......... .......... 39% 1.22M 17s
[43.266s]   6100K .......... .......... .......... .......... .......... 39% 2.84M 17s
[43.297s]   6150K .......... .......... .......... .......... .......... 39% 1.56M 17s
[43.315s]   6200K .......... .......... .......... .......... .......... 39% 2.68M 17s
[43.356s]   6250K .......... .......... .......... .......... .......... 40% 1.17M 17s
[43.370s]   6300K .......... .......... .......... .......... .......... 40% 3.54M 17s
[43.406s]   6350K .......... .......... .......... .......... .......... 40% 1.36M 16s
[43.443s]   6400K .......... .......... .......... .......... .......... 41% 1.49M 16s
[43.474s]   6450K .......... .......... .......... .......... .......... 41% 1.44M 16s
[43.491s]   6500K .......... .......... .......... .......... .......... 41% 2.77M 16s
[43.522s]   6550K .......... .......... .......... .......... .......... 42% 1.60M 16s
[43.539s]   6600K .......... .......... .......... .......... .......... 42% 2.73M 15s
[43.567s]   6650K .......... .......... .......... .......... .......... 42% 1.77M 15s
[43.597s]   6700K .......... .......... .......... .......... .......... 43% 1.62M 15s
[43.618s]   6750K .......... .......... .......... .......... .......... 43% 2.36M 15s
[43.662s]   6800K .......... .......... .......... .......... .......... 43% 1.16M 15s
[43.678s]   6850K .......... .......... .......... .......... .......... 44% 2.72M 15s
[43.723s]   6900K .......... .......... .......... .......... .......... 44% 1.08M 15s
[43.740s]   6950K .......... .......... .......... .......... .......... 44% 2.99M 14s
[43.774s]   7000K .......... .......... .......... .......... .......... 45% 1.43M 14s
[43.791s]   7050K .......... .......... .......... .......... .......... 45% 2.81M 14s
[43.819s]   7100K .......... .......... .......... .......... .......... 45% 1.73M 14s
[43.844s]   7150K .......... .......... .......... .......... .......... 46% 1.94M 14s
[43.884s]   7200K .......... .......... .......... .......... .......... 46% 1.74M 14s
[43.925s]   7250K .......... .......... .......... .......... .......... 46%  969K 14s
[43.935s]   7300K .......... .......... .......... .......... .......... 47% 4.47M 13s
[43.966s]   7350K .......... .......... .......... .......... .......... 47% 1.62M 13s
[43.990s]   7400K .......... .......... .......... .......... .......... 47% 2.07M 13s
[44.017s]   7450K .......... .......... .......... .......... .......... 47% 1.74M 13s
[44.041s]   7500K .......... .......... .......... .......... .......... 48% 1.99M 13s
[44.070s]   7550K .......... .......... .......... .......... .......... 48% 1.71M 13s
[44.109s]   7600K .......... .......... .......... .......... .......... 48% 1.37M 13s
[44.152s]   7650K .......... .......... .......... .......... .......... 49% 1.06M 12s
[44.157s]   7700K .......... .......... .......... .......... .......... 49% 9.20M 12s
[44.186s]   7750K .......... .......... .......... .......... .......... 49% 1.68M 12s
[44.215s]   7800K .......... .......... .......... .......... .......... 50% 1.77M 12s
[44.240s]   7850K .......... .......... .......... .......... .......... 50% 1.88M 12s
[44.260s]   7900K .......... .......... .......... .......... .......... 50% 2.34M 12s
[44.299s]   7950K .......... .......... .......... .......... .......... 51% 1.25M 12s
[44.307s]   8000K .......... .......... .......... .......... .......... 51% 7.97M 12s
[44.350s]   8050K .......... .......... .......... .......... .......... 51% 1.10M 11s
[44.380s]   8100K .......... .......... .......... .......... .......... 52% 1.61M 11s
[44.402s]   8150K .......... .......... .......... .......... .......... 52% 2.31M 11s
[44.442s]   8200K .......... .......... .......... .......... .......... 52% 1.21M 11s
[44.470s]   8250K .......... .......... .......... .......... .......... 53% 1.75M 11s
[44.486s]   8300K .......... .......... .......... .......... .......... 53% 2.93M 11s
[44.526s]   8350K .......... .......... .......... .......... .......... 53% 1.23M 11s
[44.569s]   8400K .......... .......... .......... .......... .......... 54% 1.70M 11s
[44.596s]   8450K .......... .......... .......... .......... .......... 54% 1.20M 11s
[44.618s]   8500K .......... .......... .......... .......... .......... 54% 2.19M 10s
[44.653s]   8550K .......... .......... .......... .......... .......... 55% 1.38M 10s
[44.665s]   8600K .......... .......... .......... .......... .......... 55% 4.07M 10s
[44.700s]   8650K .......... .......... .......... .......... .......... 55% 1.40M 10s
[44.751s]   8700K .......... .......... .......... .......... .......... 55%  981K 10s
[44.755s]   8750K .......... .......... .......... .......... .......... 56% 12.0M 10s
[44.798s]   8800K .......... .......... .......... .......... .......... 56% 1.96M 10s
[44.829s]   8850K .......... .......... .......... .......... .......... 56% 1020K 10s
[44.836s]   8900K .......... .......... .......... .......... .......... 57% 7.23M 10s
[44.866s]   8950K .......... .......... .......... .......... .......... 57% 1.67M 9s
[44.900s]   9000K .......... .......... .......... .......... .......... 57% 1.41M 9s
[44.928s]   9050K .......... .......... .......... .......... .......... 58% 1.67M 9s
[44.956s]   9100K .......... .......... .......... .......... .......... 58% 1.77M 9s
[44.976s]   9150K .......... .......... .......... .......... .......... 58% 2.40M 9s
[45.002s]   9200K .......... .......... .......... .......... .......... 59% 2.77M 9s
[45.034s]   9250K .......... .......... .......... .......... .......... 59% 1.23M 9s
[45.057s]   9300K .......... .......... .......... .......... .......... 59% 2.18M 9s
[45.072s]   9350K .......... .......... .......... .......... .......... 60% 3.14M 9s
[45.102s]   9400K .......... .......... .......... .......... .......... 60% 1.66M 9s
[45.162s]   9450K .......... .......... .......... .......... .......... 60%  821K 8s
[45.183s]   9500K .......... .......... .......... .......... .......... 61% 2.29M 8s
[45.237s]   9550K .......... .......... .......... .......... .......... 61%  935K 8s
[45.264s]   9600K .......... .......... .......... .......... .......... 61% 2.12M 8s
[45.298s]   9650K .......... .......... .......... .......... .......... 62% 1.29M 8s
[45.316s]   9700K .......... .......... .......... .......... .......... 62% 2.83M 8s
[45.341s]   9750K .......... .......... .......... .......... .......... 62% 1.95M 8s
[45.380s]   9800K .......... .......... .......... .......... .......... 63% 1.24M 8s
[45.389s]   9850K .......... .......... .......... .......... .......... 63% 5.04M 8s
[45.416s]   9900K .......... .......... .......... .......... .......... 63% 1.89M 8s
[45.445s]   9950K .......... .......... .......... .......... .......... 63% 1.64M 8s
[45.477s]  10000K .......... .......... .......... .......... .......... 64% 3.14M 7s
[45.499s]  10050K .......... .......... .......... .......... .......... 64% 1.31M 7s
[45.530s]  10100K .......... .......... .......... .......... .......... 64% 1.60M 7s
[45.548s]  10150K .......... .......... .......... .......... .......... 65% 2.61M 7s
[45.575s]  10200K .......... .......... .......... .......... .......... 65% 1.79M 7s
[45.598s]  10250K .......... .......... .......... .......... .......... 65% 2.06M 7s
[45.621s]  10300K .......... .......... .......... .......... .......... 66% 2.12M 7s
[45.650s]  10350K .......... .......... .......... .......... .......... 66% 1.65M 7s
[45.673s]  10400K .......... .......... .......... .......... .......... 66% 2.70M 7s
[45.715s]  10450K .......... .......... .......... .......... .......... 67% 1.07M 7s
[45.730s]  10500K .......... .......... .......... .......... .......... 67% 3.23M 7s
[45.750s]  10550K .......... .......... .......... .......... .......... 67% 2.47M 6s
[45.774s]  10600K .......... .......... .......... .......... .......... 68% 2.07M 6s
[45.794s]  10650K .......... .......... .......... .......... .......... 68% 2.31M 6s
[45.816s]  10700K .......... .......... .......... .......... .......... 68% 2.26M 6s
[45.838s]  10750K .......... .......... .......... .......... .......... 69% 2.25M 6s
[45.876s]  10800K .......... .......... .......... .......... .......... 69% 1.33M 6s
[45.901s]  10850K .......... .......... .......... .......... .......... 69% 1.81M 6s
[45.938s]  10900K .......... .......... .......... .......... .......... 70% 1.34M 6s
[45.951s]  10950K .......... .......... .......... .......... .......... 70% 3.69M 6s
[45.980s]  11000K .......... .......... .......... .......... .......... 70% 1.65M 6s
[46.005s]  11050K .......... .......... .......... .......... .......... 71% 2.00M 6s
[46.041s]  11100K .......... .......... .......... .......... .......... 71% 1.37M 6s
[46.082s]  11150K .......... .......... .......... .......... .......... 71% 1.17M 6s
[46.140s]  11200K .......... .......... .......... .......... .......... 71% 1.05M 5s
[46.166s]  11250K .......... .......... .......... .......... .......... 72% 1.29M 5s
[46.181s]  11300K .......... .......... .......... .......... .......... 72% 3.17M 5s
[46.236s]  11350K .......... .......... .......... .......... .......... 72%  926K 5s
[46.254s]  11400K .......... .......... .......... .......... .......... 73% 2.70M 5s
[46.281s]  11450K .......... .......... .......... .......... .......... 73% 1.79M 5s
[46.304s]  11500K .......... .......... .......... .......... .......... 73% 2.43M 5s
[46.346s]  11550K .......... .......... .......... .......... .......... 74% 1.08M 5s
[46.381s]  11600K .......... .......... .......... .......... .......... 74% 1.52M 5s
[46.416s]  11650K .......... .......... .......... .......... .......... 74% 1.34M 5s
[46.422s]  11700K .......... .......... .......... .......... .......... 75% 8.32M 5s
[46.541s]  11750K .......... .......... .......... .......... .......... 75%  420K 5s
[46.548s]  11800K .......... .......... .......... .......... .......... 75% 6.67M 5s
[46.625s]  11850K .......... .......... .......... .......... .......... 76%  644K 5s
[46.634s]  11900K .......... .......... .......... .......... .......... 76% 5.17M 4s
[46.733s]  11950K .......... .......... .......... .......... .......... 76%  507K 4s
[46.743s]  12000K .......... .......... .......... .......... .......... 77% 7.18M 4s
[46.748s]  12050K .......... .......... .......... .......... .......... 77% 6.06M 4s
[46.837s]  12100K .......... .......... .......... .......... .......... 77%  566K 4s
[46.843s]  12150K .......... .......... .......... .......... .......... 78% 7.86M 4s
[46.875s]  12200K .......... .......... .......... .......... .......... 78% 1.52M 4s
[47.066s]  12250K .......... .......... .......... .......... .......... 78%  263K 4s
[47.066s]  12300K .......... .......... .......... .......... .......... 79% 62.0M 4s
[47.066s]  12350K .......... .......... .......... .......... .......... 79% 77.7M 4s
[47.071s]  12400K .......... .......... .......... .......... .......... 79% 11.6M 4s
[47.135s]  12450K .......... .......... .......... .......... .......... 79%  772K 4s
[47.147s]  12500K .......... .......... .......... .......... .......... 80% 4.10M 4s
[47.247s]  12550K .......... .......... .......... .......... .......... 80%  502K 4s
[47.254s]  12600K .......... .......... .......... .......... .......... 80% 6.37M 4s
[47.262s]  12650K .......... .......... .......... .......... .......... 81% 6.29M 4s
[47.451s]  12700K .......... .......... .......... .......... .......... 81%  267K 3s
[47.451s]  12750K .......... .......... .......... .......... .......... 81% 45.7M 3s
[47.451s]  12800K .......... .......... .......... .......... .......... 82% 64.1M 3s
[47.473s]  12850K .......... .......... .......... .......... .......... 82% 2.26M 3s
[48.252s]  12900K .......... .......... .......... .......... .......... 82% 64.2K 3s
[48.253s]  12950K .......... .......... .......... .......... .......... 83% 62.7M 3s
[48.325s]  13000K .......... .......... .......... .......... .......... 83%  704K 3s
[48.325s]  13050K .......... .......... .......... .......... .......... 83% 59.6M 3s
[48.740s]  13100K .......... .......... .......... .......... .......... 84%  120K 3s
[49.339s]  13150K .......... .......... .......... .......... .......... 84% 83.4K 3s
[49.944s]  13200K .......... .......... .......... .......... .......... 84%  129K 3s
[53.285s]  13250K .......... .......... .......... .......... .......... 85% 14.1K 4s
[54.368s]  13300K .......... .......... .......... .......... .......... 85% 46.2K 4s
[54.457s]  13350K .......... .......... .......... .......... .......... 85%  559K 4s
[54.517s]  13400K .......... .......... .......... .......... .......... 86%  826K 4s
[54.573s]  13450K .......... .......... .......... .......... .......... 86%  900K 4s
[54.619s]  13500K .......... .......... .......... .......... .......... 86% 1.06M 3s
[54.665s]  13550K .......... .......... .......... .......... .......... 87% 1.05M 3s
[54.724s]  13600K .......... .......... .......... .......... .......... 87% 1.12M 3s
[54.770s]  13650K .......... .......... .......... .......... .......... 87%  829K 3s
[54.806s]  13700K .......... .......... .......... .......... .......... 87% 1.34M 3s
[54.852s]  13750K .......... .......... .......... .......... .......... 88% 1.06M 3s
[54.885s]  13800K .......... .......... .......... .......... .......... 88% 1.48M 3s
[54.932s]  13850K .......... .......... .......... .......... .......... 88% 1.06M 3s
[54.967s]  13900K .......... .......... .......... .......... .......... 89% 1.34M 3s
[55.001s]  13950K .......... .......... .......... .......... .......... 89% 1.46M 3s
[55.053s]  14000K .......... .......... .......... .......... .......... 89% 1.42M 3s
[55.084s]  14050K .......... .......... .......... .......... .......... 90% 1.00M 2s
[55.128s]  14100K .......... .......... .......... .......... .......... 90% 1.13M 2s
[55.152s]  14150K .......... .......... .......... .......... .......... 90% 2.07M 2s
[55.184s]  14200K .......... .......... .......... .......... .......... 91% 1.49M 2s
[55.216s]  14250K .......... .......... .......... .......... .......... 91% 1.52M 2s
[55.249s]  14300K .......... .......... .......... .......... .......... 91% 1.47M 2s
[55.281s]  14350K .......... .......... .......... .......... .......... 92% 1.51M 2s
[55.312s]  14400K .......... .......... .......... .......... .......... 92% 2.20M 2s
[55.349s]  14450K .......... .......... .......... .......... .......... 92% 1.08M 2s
[55.381s]  14500K .......... .......... .......... .......... .......... 93% 1.51M 2s
[55.403s]  14550K .......... .......... .......... .......... .......... 93% 2.26M 2s
[55.437s]  14600K .......... .......... .......... .......... .......... 93% 1.41M 2s
[55.452s]  14650K .......... .......... .......... .......... .......... 94% 3.23M 1s
[55.507s]  14700K .......... .......... .......... .......... .......... 94%  910K 1s
[55.538s]  14750K .......... .......... .......... .......... .......... 94% 1.60M 1s
[55.574s]  14800K .......... .......... .......... .......... .......... 95% 1.92M 1s
[55.598s]  14850K .......... .......... .......... .......... .......... 95% 1.42M 1s
[55.626s]  14900K .......... .......... .......... .......... .......... 95% 1.72M 1s
[55.653s]  14950K .......... .......... .......... .......... .......... 95% 1.81M 1s
[55.676s]  15000K .......... .......... .......... .......... .......... 96% 2.16M 1s
[55.704s]  15050K .......... .......... .......... .......... .......... 96% 1.78M 1s
[55.718s]  15100K .......... .......... .......... .......... .......... 96% 3.37M 1s
[55.755s]  15150K .......... .......... .......... .......... .......... 97% 1.31M 1s
[55.782s]  15200K .......... .......... .......... .......... .......... 97% 1.83M 1s
[55.804s]  15250K .......... .......... .......... .......... .......... 97% 2.23M 1s
[55.829s]  15300K .......... .......... .......... .......... .......... 98% 1.89M 0s
[55.858s]  15350K .......... .......... .......... .......... .......... 98% 1.71M 0s
[55.877s]  15400K .......... .......... .......... .......... .......... 98% 2.54M 0s
[55.895s]  15450K .......... .......... .......... .......... .......... 99% 2.76M 0s
[55.936s]  15500K .......... .......... .......... .......... .......... 99% 1.20M 0s
[55.952s]  15550K .......... .......... .......... .......... .......... 99% 3.01M 0s
[55.955s]  15600K .......... .......... .....                           100% 8.75M=24s
[55.955s] 
[55.956s] 2024-11-24 17:37:20 (654 KB/s) - ‘/home/joel-bansal/bharat_ws/build/multirobot_map_merge/2012-01-28-11-12-01.pgm’ saved [16000058/16000058]
[55.956s] 
[55.958s] Checking MD5 sum of /home/joel-bansal/bharat_ws/build/multirobot_map_merge/2012-01-28-11-12-01.pgm
[56.007s] /home/joel-bansal/bharat_ws/build/multirobot_map_merge/2012-01-28-11-12-01.pgm: OK
[56.014s] -- Found gtest sources under '/opt/ros/humble/src/gtest_vendor': C++ tests using 'Google Test' will be built
[56.048s] -- Added test 'cppcheck' to perform static code analysis on C / C++ code
[56.049s] -- Configured cppcheck include dirs: /home/joel-bansal/bharat_ws/src/m-explore-ros2/map_merge/include;$<BUILD_INTERFACE:/home/joel-bansal/bharat_ws/src/m-explore-ros2/map_merge/include>
[56.049s] -- Configured cppcheck exclude dirs and/or files: 
[56.052s] -- Added test 'flake8' to check Python code syntax and style conventions
[56.056s] -- Added test 'lint_cmake' to check CMake code style
[56.058s] -- Added test 'pep257' to check Python code against some of the docstring style conventions in PEP 257
[56.069s] -- Added test 'uncrustify' to check C / C++ code style
[56.069s] -- Configured uncrustify additional arguments: 
[56.071s] -- Added test 'xmllint' to check XML markup files
[56.078s] -- Configuring done
[56.342s] -- Generating done
[56.417s] -- Build files have been written to: /home/joel-bansal/bharat_ws/build/multirobot_map_merge
[56.448s] Invoked command in '/home/joel-bansal/bharat_ws/build/multirobot_map_merge' returned '0': CMAKE_PREFIX_PATH=${CMAKE_PREFIX_PATH}:/opt/ros/humble /usr/bin/cmake /home/joel-bansal/bharat_ws/src/m-explore-ros2/map_merge -DCMAKE_INSTALL_PREFIX=/home/joel-bansal/bharat_ws/install/multirobot_map_merge
[56.452s] Invoking command in '/home/joel-bansal/bharat_ws/build/multirobot_map_merge': CMAKE_PREFIX_PATH=${CMAKE_PREFIX_PATH}:/opt/ros/humble /usr/bin/cmake --build /home/joel-bansal/bharat_ws/build/multirobot_map_merge -- -j4 -l4
[56.573s] [  8%] [32mBuilding CXX object gtest/CMakeFiles/gtest.dir/src/gtest-all.cc.o[0m
[56.577s] [ 16%] [32mBuilding CXX object gtest/CMakeFiles/gtest_main.dir/src/gtest_main.cc.o[0m
[56.581s] [ 25%] [32mBuilding CXX object CMakeFiles/combine_grids.dir/src/combine_grids/grid_compositor.cpp.o[0m
[56.586s] [ 33%] [32mBuilding CXX object CMakeFiles/combine_grids.dir/src/combine_grids/grid_warper.cpp.o[0m
[60.167s] [ 41%] [32m[1mLinking CXX static library libgtest_main.a[0m
[60.265s] [ 41%] Built target gtest_main
[60.296s] [ 50%] [32mBuilding CXX object CMakeFiles/combine_grids.dir/src/combine_grids/merging_pipeline.cpp.o[0m
[65.831s] [ 58%] [32m[1mLinking CXX static library libgtest.a[0m
[65.953s] [ 58%] Built target gtest
[68.573s] [ 66%] [32m[1mLinking CXX static library libcombine_grids.a[0m
[68.657s] [ 66%] Built target combine_grids
[68.696s] [ 83%] [32mBuilding CXX object CMakeFiles/test_merging_pipeline.dir/test/test_merging_pipeline.cpp.o[0m
[68.697s] [ 83%] [32mBuilding CXX object CMakeFiles/map_merge.dir/src/map_merge.cpp.o[0m
[69.297s] In file included from [01m[K/home/joel-bansal/bharat_ws/src/m-explore-ros2/map_merge/test/testing_helpers.h:7[m[K,
[69.297s]                  from [01m[K/home/joel-bansal/bharat_ws/src/m-explore-ros2/map_merge/test/test_merging_pipeline.cpp:42[m[K:
[69.297s] [01m[K/opt/ros/humble/include/tf2_geometry_msgs/tf2_geometry_msgs/tf2_geometry_msgs.h:35:2:[m[K [01;35m[Kwarning: [m[K#warning This header is obsolete, please include tf2_geometry_msgs/tf2_geometry_msgs.hpp instead [[01;35m[K]8;;https://gcc.gnu.org/onlinedocs/gcc/Warning-Options.html#index-Wcpp-Wcpp]8;;[m[K]
[69.297s]    35 | #[01;35m[Kwarning[m[K This header is obsolete, please include tf2_geometry_msgs/tf2_geometry_msgs.hpp instead
[69.297s]       |  [01;35m[K^~~~~~~[m[K
[71.390s] In file included from [01m[K/home/joel-bansal/bharat_ws/src/m-explore-ros2/map_merge/src/map_merge.cpp:44[m[K:
[71.391s] [01m[K/opt/ros/humble/include/tf2_geometry_msgs/tf2_geometry_msgs/tf2_geometry_msgs.h:35:2:[m[K [01;35m[Kwarning: [m[K#warning This header is obsolete, please include tf2_geometry_msgs/tf2_geometry_msgs.hpp instead [[01;35m[K]8;;https://gcc.gnu.org/onlinedocs/gcc/Warning-Options.html#index-Wcpp-Wcpp]8;;[m[K]
[71.391s]    35 | #[01;35m[Kwarning[m[K This header is obsolete, please include tf2_geometry_msgs/tf2_geometry_msgs.hpp instead
[71.391s]       |  [01;35m[K^~~~~~~[m[K
[78.651s] [ 91%] [32m[1mLinking CXX executable test_merging_pipeline[0m
[79.560s] [ 91%] Built target test_merging_pipeline
[94.214s] [100%] [32m[1mLinking CXX executable map_merge[0m
[95.985s] [100%] Built target map_merge
[96.007s] Invoked command in '/home/joel-bansal/bharat_ws/build/multirobot_map_merge' returned '0': CMAKE_PREFIX_PATH=${CMAKE_PREFIX_PATH}:/opt/ros/humble /usr/bin/cmake --build /home/joel-bansal/bharat_ws/build/multirobot_map_merge -- -j4 -l4
[96.088s] Invoking command in '/home/joel-bansal/bharat_ws/build/multirobot_map_merge': CMAKE_PREFIX_PATH=${CMAKE_PREFIX_PATH}:/opt/ros/humble /usr/bin/cmake --install /home/joel-bansal/bharat_ws/build/multirobot_map_merge
[96.102s] -- Install configuration: ""
[96.102s] -- Installing: /home/joel-bansal/bharat_ws/install/multirobot_map_merge/include/map_merge/
[96.102s] -- Installing: /home/joel-bansal/bharat_ws/install/multirobot_map_merge/include/map_merge//map_merge.h
[96.103s] -- Installing: /home/joel-bansal/bharat_ws/install/multirobot_map_merge/include/map_merge//ros1_names.hpp
[96.103s] -- Installing: /home/joel-bansal/bharat_ws/install/multirobot_map_merge/share/multirobot_map_merge/launch
[96.103s] -- Installing: /home/joel-bansal/bharat_ws/install/multirobot_map_merge/share/multirobot_map_merge/launch/map_merge.launch.py
[96.103s] -- Installing: /home/joel-bansal/bharat_ws/install/multirobot_map_merge/share/multirobot_map_merge/launch/from_map_server.launch.py
[96.103s] -- Installing: /home/joel-bansal/bharat_ws/install/multirobot_map_merge/share/multirobot_map_merge/launch/tb3_simulation
[96.104s] -- Installing: /home/joel-bansal/bharat_ws/install/multirobot_map_merge/share/multirobot_map_merge/launch/tb3_simulation/worlds
[96.104s] -- Installing: /home/joel-bansal/bharat_ws/install/multirobot_map_merge/share/multirobot_map_merge/launch/tb3_simulation/worlds/world_only.model
[96.104s] -- Installing: /home/joel-bansal/bharat_ws/install/multirobot_map_merge/share/multirobot_map_merge/launch/tb3_simulation/worlds/test_world.world
[96.104s] -- Installing: /home/joel-bansal/bharat_ws/install/multirobot_map_merge/share/multirobot_map_merge/launch/tb3_simulation/worlds/room4
[96.104s] -- Installing: /home/joel-bansal/bharat_ws/install/multirobot_map_merge/share/multirobot_map_merge/launch/tb3_simulation/worlds/room4/world_dynamic.model
[96.105s] -- Installing: /home/joel-bansal/bharat_ws/install/multirobot_map_merge/share/multirobot_map_merge/launch/tb3_simulation/worlds/room4/map
[96.105s] -- Installing: /home/joel-bansal/bharat_ws/install/multirobot_map_merge/share/multirobot_map_merge/launch/tb3_simulation/worlds/room4/map/room4.yaml
[96.105s] -- Installing: /home/joel-bansal/bharat_ws/install/multirobot_map_merge/share/multirobot_map_merge/launch/tb3_simulation/worlds/room4/map/room4.png
[96.106s] -- Installing: /home/joel-bansal/bharat_ws/install/multirobot_map_merge/share/multirobot_map_merge/launch/tb3_simulation/worlds/room4/world.model
[96.106s] -- Installing: /home/joel-bansal/bharat_ws/install/multirobot_map_merge/share/multirobot_map_merge/launch/tb3_simulation/worlds/room4/room4.png
[96.107s] -- Installing: /home/joel-bansal/bharat_ws/install/multirobot_map_merge/share/multirobot_map_merge/launch/tb3_simulation/worlds/test1_world_only.model
[96.107s] -- Installing: /home/joel-bansal/bharat_ws/install/multirobot_map_merge/share/multirobot_map_merge/launch/tb3_simulation/config
[96.107s] -- Installing: /home/joel-bansal/bharat_ws/install/multirobot_map_merge/share/multirobot_map_merge/launch/tb3_simulation/config/nav2_multirobot_params_3.yaml
[96.107s] -- Installing: /home/joel-bansal/bharat_ws/install/multirobot_map_merge/share/multirobot_map_merge/launch/tb3_simulation/config/nav2_multirobot_params_1.yaml
[96.108s] -- Installing: /home/joel-bansal/bharat_ws/install/multirobot_map_merge/share/multirobot_map_merge/launch/tb3_simulation/config/nav2_multirobot_params_2.yaml
[96.108s] -- Installing: /home/joel-bansal/bharat_ws/install/multirobot_map_merge/share/multirobot_map_merge/launch/tb3_simulation/multi_tb3_simulation_launch.py
[96.108s] -- Installing: /home/joel-bansal/bharat_ws/install/multirobot_map_merge/share/multirobot_map_merge/launch/tb3_simulation/slam_toolbox.py
[96.108s] -- Installing: /home/joel-bansal/bharat_ws/install/multirobot_map_merge/share/multirobot_map_merge/launch/tb3_simulation/bringup_launch.py
[96.108s] -- Installing: /home/joel-bansal/bharat_ws/install/multirobot_map_merge/share/multirobot_map_merge/launch/tb3_simulation/models
[96.109s] -- Installing: /home/joel-bansal/bharat_ws/install/multirobot_map_merge/share/multirobot_map_merge/launch/tb3_simulation/models/exp_empty_rooms
[96.109s] -- Installing: /home/joel-bansal/bharat_ws/install/multirobot_map_merge/share/multirobot_map_merge/launch/tb3_simulation/models/exp_empty_rooms/model.config
[96.109s] -- Installing: /home/joel-bansal/bharat_ws/install/multirobot_map_merge/share/multirobot_map_merge/launch/tb3_simulation/models/exp_empty_rooms/model.sdf
[96.109s] -- Installing: /home/joel-bansal/bharat_ws/install/multirobot_map_merge/share/multirobot_map_merge/launch/tb3_simulation/models/dynamic_obstacle
[96.110s] -- Installing: /home/joel-bansal/bharat_ws/install/multirobot_map_merge/share/multirobot_map_merge/launch/tb3_simulation/models/dynamic_obstacle/model.config
[96.110s] -- Installing: /home/joel-bansal/bharat_ws/install/multirobot_map_merge/share/multirobot_map_merge/launch/tb3_simulation/models/dynamic_obstacle/model.sdf
[96.110s] -- Installing: /home/joel-bansal/bharat_ws/install/multirobot_map_merge/share/multirobot_map_merge/launch/tb3_simulation/tb3_simulation_launch.py
[96.110s] -- Installing: /home/joel-bansal/bharat_ws/install/multirobot_map_merge/share/multirobot_map_merge/launch/map_merge.rviz
[96.111s] -- Installing: /home/joel-bansal/bharat_ws/install/multirobot_map_merge/share/multirobot_map_merge/config
[96.111s] -- Installing: /home/joel-bansal/bharat_ws/install/multirobot_map_merge/share/multirobot_map_merge/config/params.yaml
[96.111s] -- Installing: /home/joel-bansal/bharat_ws/install/multirobot_map_merge/lib/libcombine_grids.a
[96.114s] -- Installing: /home/joel-bansal/bharat_ws/install/multirobot_map_merge/lib/multirobot_map_merge/map_merge
[96.129s] -- Set runtime path of "/home/joel-bansal/bharat_ws/install/multirobot_map_merge/lib/multirobot_map_merge/map_merge" to ""
[96.130s] -- Installing: /home/joel-bansal/bharat_ws/install/multirobot_map_merge/share/multirobot_map_merge/environment/library_path.sh
[96.130s] -- Installing: /home/joel-bansal/bharat_ws/install/multirobot_map_merge/share/multirobot_map_merge/environment/library_path.dsv
[96.131s] -- Installing: /home/joel-bansal/bharat_ws/install/multirobot_map_merge/share/ament_index/resource_index/package_run_dependencies/multirobot_map_merge
[96.131s] -- Installing: /home/joel-bansal/bharat_ws/install/multirobot_map_merge/share/ament_index/resource_index/parent_prefix_path/multirobot_map_merge
[96.132s] -- Installing: /home/joel-bansal/bharat_ws/install/multirobot_map_merge/share/multirobot_map_merge/environment/ament_prefix_path.sh
[96.132s] -- Installing: /home/joel-bansal/bharat_ws/install/multirobot_map_merge/share/multirobot_map_merge/environment/ament_prefix_path.dsv
[96.133s] -- Installing: /home/joel-bansal/bharat_ws/install/multirobot_map_merge/share/multirobot_map_merge/environment/path.sh
[96.133s] -- Installing: /home/joel-bansal/bharat_ws/install/multirobot_map_merge/share/multirobot_map_merge/environment/path.dsv
[96.133s] -- Installing: /home/joel-bansal/bharat_ws/install/multirobot_map_merge/share/multirobot_map_merge/local_setup.bash
[96.134s] -- Installing: /home/joel-bansal/bharat_ws/install/multirobot_map_merge/share/multirobot_map_merge/local_setup.sh
[96.134s] -- Installing: /home/joel-bansal/bharat_ws/install/multirobot_map_merge/share/multirobot_map_merge/local_setup.zsh
[96.134s] -- Installing: /home/joel-bansal/bharat_ws/install/multirobot_map_merge/share/multirobot_map_merge/local_setup.dsv
[96.135s] -- Installing: /home/joel-bansal/bharat_ws/install/multirobot_map_merge/share/multirobot_map_merge/package.dsv
[96.135s] -- Installing: /home/joel-bansal/bharat_ws/install/multirobot_map_merge/share/ament_index/resource_index/packages/multirobot_map_merge
[96.136s] -- Installing: /home/joel-bansal/bharat_ws/install/multirobot_map_merge/share/multirobot_map_merge/cmake/ament_cmake_export_include_directories-extras.cmake
[96.136s] -- Installing: /home/joel-bansal/bharat_ws/install/multirobot_map_merge/share/multirobot_map_merge/cmake/ament_cmake_export_libraries-extras.cmake
[96.136s] -- Installing: /home/joel-bansal/bharat_ws/install/multirobot_map_merge/share/multirobot_map_merge/cmake/multirobot_map_mergeConfig.cmake
[96.137s] -- Installing: /home/joel-bansal/bharat_ws/install/multirobot_map_merge/share/multirobot_map_merge/cmake/multirobot_map_mergeConfig-version.cmake
[96.137s] -- Installing: /home/joel-bansal/bharat_ws/install/multirobot_map_merge/share/multirobot_map_merge/package.xml
[96.141s] Invoked command in '/home/joel-bansal/bharat_ws/build/multirobot_map_merge' returned '0': CMAKE_PREFIX_PATH=${CMAKE_PREFIX_PATH}:/opt/ros/humble /usr/bin/cmake --install /home/joel-bansal/bharat_ws/build/multirobot_map_merge
