[0.336s] DEBUG:colcon:Command line arguments: ['/home/jjbigdub/.local/bin/colcon', 'build']
[0.336s] DEBUG:colcon:Parsed command line arguments: Namespace(log_base=None, log_level=None, verb_name='build', build_base='build', install_base='install', merge_install=False, symlink_install=False, test_result_base=None, continue_on_error=False, executor='parallel', parallel_workers=16, event_handlers=None, ignore_user_meta=False, metas=['./colcon.meta'], base_paths=['.'], packages_ignore=None, packages_ignore_regex=None, paths=None, packages_up_to=None, packages_up_to_regex=None, packages_above=None, packages_above_and_dependencies=None, packages_above_depth=None, packages_select_by_dep=None, packages_skip_by_dep=None, packages_skip_up_to=None, packages_select_build_failed=False, packages_skip_build_finished=False, packages_select_test_failures=False, packages_skip_test_passed=False, packages_select=None, packages_skip=None, packages_select_regex=None, packages_skip_regex=None, packages_start=None, packages_end=None, allow_overriding=[], cmake_args=None, cmake_target=None, cmake_target_skip_unavailable=False, cmake_clean_cache=False, cmake_clean_first=False, cmake_force_configure=False, ament_cmake_args=None, catkin_cmake_args=None, catkin_skip_building_tests=False, mixin_files=None, mixin=None, verb_parser=<colcon_mixin.mixin.mixin_argument.MixinArgumentDecorator object at 0x7ffb4f645d50>, verb_extension=<colcon_core.verb.build.BuildVerb object at 0x7ffb4f6454e0>, main=<bound method BuildVerb.main of <colcon_core.verb.build.BuildVerb object at 0x7ffb4f6454e0>>, mixin_verb=('build',))
[0.426s] Level 1:colcon.colcon_core.package_discovery:discover_packages(colcon_meta) check parameters
[0.426s] Level 1:colcon.colcon_core.package_discovery:discover_packages(recursive) check parameters
[0.426s] Level 1:colcon.colcon_core.package_discovery:discover_packages(ignore) check parameters
[0.426s] Level 1:colcon.colcon_core.package_discovery:discover_packages(path) check parameters
[0.426s] Level 1:colcon.colcon_core.package_discovery:discover_packages(colcon_meta) discover
[0.427s] Level 1:colcon.colcon_core.package_discovery:discover_packages(recursive) discover
[0.427s] INFO:colcon.colcon_core.package_discovery:Crawling recursively for packages in '/home/jjbigdub/gitrepo/rosslam_ws'
[0.427s] Level 1:colcon.colcon_core.package_identification:_identify(.) by extensions ['ignore', 'ignore_ament_install']
[0.427s] Level 1:colcon.colcon_core.package_identification:_identify(.) by extension 'ignore'
[0.428s] Level 1:colcon.colcon_core.package_identification:_identify(.) by extension 'ignore_ament_install'
[0.428s] Level 1:colcon.colcon_core.package_identification:_identify(.) by extensions ['colcon_pkg']
[0.428s] Level 1:colcon.colcon_core.package_identification:_identify(.) by extension 'colcon_pkg'
[0.428s] Level 1:colcon.colcon_core.package_identification:_identify(.) by extensions ['colcon_meta']
[0.428s] Level 1:colcon.colcon_core.package_identification:_identify(.) by extension 'colcon_meta'
[0.428s] Level 1:colcon.colcon_core.package_identification:_identify(.) by extensions ['ros']
[0.429s] Level 1:colcon.colcon_core.package_identification:_identify(.) by extension 'ros'
[0.486s] Level 1:colcon.colcon_core.package_identification:_identify(.) by extensions ['cmake', 'python']
[0.486s] Level 1:colcon.colcon_core.package_identification:_identify(.) by extension 'cmake'
[0.486s] Level 1:colcon.colcon_core.package_identification:_identify(.) by extension 'python'
[0.487s] Level 1:colcon.colcon_core.package_identification:_identify(.) by extensions ['python_setup_py']
[0.487s] Level 1:colcon.colcon_core.package_identification:_identify(.) by extension 'python_setup_py'
[0.487s] Level 1:colcon.colcon_core.package_identification:_identify(build) by extensions ['ignore', 'ignore_ament_install']
[0.487s] Level 1:colcon.colcon_core.package_identification:_identify(build) by extension 'ignore'
[0.488s] Level 1:colcon.colcon_core.package_identification:_identify(build) ignored
[0.488s] Level 1:colcon.colcon_core.package_identification:_identify(install) by extensions ['ignore', 'ignore_ament_install']
[0.488s] Level 1:colcon.colcon_core.package_identification:_identify(install) by extension 'ignore'
[0.488s] Level 1:colcon.colcon_core.package_identification:_identify(install) ignored
[0.489s] Level 1:colcon.colcon_core.package_identification:_identify(log) by extensions ['ignore', 'ignore_ament_install']
[0.489s] Level 1:colcon.colcon_core.package_identification:_identify(log) by extension 'ignore'
[0.489s] Level 1:colcon.colcon_core.package_identification:_identify(log) ignored
[0.490s] Level 1:colcon.colcon_core.package_identification:_identify(src) by extensions ['ignore', 'ignore_ament_install']
[0.490s] Level 1:colcon.colcon_core.package_identification:_identify(src) by extension 'ignore'
[0.490s] Level 1:colcon.colcon_core.package_identification:_identify(src) by extension 'ignore_ament_install'
[0.490s] Level 1:colcon.colcon_core.package_identification:_identify(src) by extensions ['colcon_pkg']
[0.491s] Level 1:colcon.colcon_core.package_identification:_identify(src) by extension 'colcon_pkg'
[0.491s] Level 1:colcon.colcon_core.package_identification:_identify(src) by extensions ['colcon_meta']
[0.491s] Level 1:colcon.colcon_core.package_identification:_identify(src) by extension 'colcon_meta'
[0.491s] Level 1:colcon.colcon_core.package_identification:_identify(src) by extensions ['ros']
[0.491s] Level 1:colcon.colcon_core.package_identification:_identify(src) by extension 'ros'
[0.491s] Level 1:colcon.colcon_core.package_identification:_identify(src) by extensions ['cmake', 'python']
[0.491s] Level 1:colcon.colcon_core.package_identification:_identify(src) by extension 'cmake'
[0.492s] Level 1:colcon.colcon_core.package_identification:_identify(src) by extension 'python'
[0.492s] Level 1:colcon.colcon_core.package_identification:_identify(src) by extensions ['python_setup_py']
[0.492s] Level 1:colcon.colcon_core.package_identification:_identify(src) by extension 'python_setup_py'
[0.492s] Level 1:colcon.colcon_core.package_identification:_identify(src/m-explore-ros2) by extensions ['ignore', 'ignore_ament_install']
[0.492s] Level 1:colcon.colcon_core.package_identification:_identify(src/m-explore-ros2) by extension 'ignore'
[0.493s] Level 1:colcon.colcon_core.package_identification:_identify(src/m-explore-ros2) by extension 'ignore_ament_install'
[0.493s] Level 1:colcon.colcon_core.package_identification:_identify(src/m-explore-ros2) by extensions ['colcon_pkg']
[0.493s] Level 1:colcon.colcon_core.package_identification:_identify(src/m-explore-ros2) by extension 'colcon_pkg'
[0.493s] Level 1:colcon.colcon_core.package_identification:_identify(src/m-explore-ros2) by extensions ['colcon_meta']
[0.493s] Level 1:colcon.colcon_core.package_identification:_identify(src/m-explore-ros2) by extension 'colcon_meta'
[0.493s] Level 1:colcon.colcon_core.package_identification:_identify(src/m-explore-ros2) by extensions ['ros']
[0.493s] Level 1:colcon.colcon_core.package_identification:_identify(src/m-explore-ros2) by extension 'ros'
[0.494s] Level 1:colcon.colcon_core.package_identification:_identify(src/m-explore-ros2) by extensions ['cmake', 'python']
[0.494s] Level 1:colcon.colcon_core.package_identification:_identify(src/m-explore-ros2) by extension 'cmake'
[0.494s] Level 1:colcon.colcon_core.package_identification:_identify(src/m-explore-ros2) by extension 'python'
[0.494s] Level 1:colcon.colcon_core.package_identification:_identify(src/m-explore-ros2) by extensions ['python_setup_py']
[0.494s] Level 1:colcon.colcon_core.package_identification:_identify(src/m-explore-ros2) by extension 'python_setup_py'
[0.495s] Level 1:colcon.colcon_core.package_identification:_identify(src/m-explore-ros2/explore) by extensions ['ignore', 'ignore_ament_install']
[0.495s] Level 1:colcon.colcon_core.package_identification:_identify(src/m-explore-ros2/explore) by extension 'ignore'
[0.495s] Level 1:colcon.colcon_core.package_identification:_identify(src/m-explore-ros2/explore) by extension 'ignore_ament_install'
[0.495s] Level 1:colcon.colcon_core.package_identification:_identify(src/m-explore-ros2/explore) by extensions ['colcon_pkg']
[0.496s] Level 1:colcon.colcon_core.package_identification:_identify(src/m-explore-ros2/explore) by extension 'colcon_pkg'
[0.496s] Level 1:colcon.colcon_core.package_identification:_identify(src/m-explore-ros2/explore) by extensions ['colcon_meta']
[0.496s] Level 1:colcon.colcon_core.package_identification:_identify(src/m-explore-ros2/explore) by extension 'colcon_meta'
[0.496s] Level 1:colcon.colcon_core.package_identification:_identify(src/m-explore-ros2/explore) by extensions ['ros']
[0.496s] Level 1:colcon.colcon_core.package_identification:_identify(src/m-explore-ros2/explore) by extension 'ros'
[0.504s] DEBUG:colcon.colcon_core.package_identification:Package 'src/m-explore-ros2/explore' with type 'ros.ament_cmake' and name 'explore_lite'
[0.504s] Level 1:colcon.colcon_core.package_identification:_identify(src/m-explore-ros2/map_merge) by extensions ['ignore', 'ignore_ament_install']
[0.504s] Level 1:colcon.colcon_core.package_identification:_identify(src/m-explore-ros2/map_merge) by extension 'ignore'
[0.504s] Level 1:colcon.colcon_core.package_identification:_identify(src/m-explore-ros2/map_merge) by extension 'ignore_ament_install'
[0.505s] Level 1:colcon.colcon_core.package_identification:_identify(src/m-explore-ros2/map_merge) by extensions ['colcon_pkg']
[0.505s] Level 1:colcon.colcon_core.package_identification:_identify(src/m-explore-ros2/map_merge) by extension 'colcon_pkg'
[0.505s] Level 1:colcon.colcon_core.package_identification:_identify(src/m-explore-ros2/map_merge) by extensions ['colcon_meta']
[0.505s] Level 1:colcon.colcon_core.package_identification:_identify(src/m-explore-ros2/map_merge) by extension 'colcon_meta'
[0.505s] Level 1:colcon.colcon_core.package_identification:_identify(src/m-explore-ros2/map_merge) by extensions ['ros']
[0.505s] Level 1:colcon.colcon_core.package_identification:_identify(src/m-explore-ros2/map_merge) by extension 'ros'
[0.508s] DEBUG:colcon.colcon_core.package_identification:Package 'src/m-explore-ros2/map_merge' with type 'ros.ament_cmake' and name 'multirobot_map_merge'
[0.508s] Level 1:colcon.colcon_core.package_discovery:discover_packages(recursive) using defaults
[0.508s] Level 1:colcon.colcon_core.package_discovery:discover_packages(ignore) discover
[0.508s] Level 1:colcon.colcon_core.package_discovery:discover_packages(ignore) using defaults
[0.508s] Level 1:colcon.colcon_core.package_discovery:discover_packages(path) discover
[0.508s] Level 1:colcon.colcon_core.package_discovery:discover_packages(path) using defaults
[0.552s] Level 1:colcon.colcon_core.package_discovery:discover_packages(prefix_path) check parameters
[0.552s] Level 1:colcon.colcon_core.package_discovery:discover_packages(prefix_path) discover
[0.554s] WARNING:colcon.colcon_core.prefix_path.colcon:The path '/home/jjbigdub/gitrepo/ros2slam_ws/install' in the environment variable COLCON_PREFIX_PATH doesn't exist
[0.555s] WARNING:colcon.colcon_ros.prefix_path.ament:The path '/home/jjbigdub/gitrepo/ros2slam_ws/install/multirobot_map_merge' in the environment variable AMENT_PREFIX_PATH doesn't exist
[0.555s] WARNING:colcon.colcon_ros.prefix_path.ament:The path '/home/jjbigdub/gitrepo/ros2slam_ws/install/explore_lite' in the environment variable AMENT_PREFIX_PATH doesn't exist
[0.557s] WARNING:colcon.colcon_ros.prefix_path.catkin:The path '/home/jjbigdub/gitrepo/ros2slam_ws/install/multirobot_map_merge' in the environment variable CMAKE_PREFIX_PATH doesn't exist
[0.557s] WARNING:colcon.colcon_ros.prefix_path.catkin:The path '/home/jjbigdub/gitrepo/ros2slam_ws/install/explore_lite' in the environment variable CMAKE_PREFIX_PATH doesn't exist
[0.559s] DEBUG:colcon.colcon_installed_package_information.package_discovery:Found 2 installed packages in /home/jjbigdub/gitrepo/rosslam_ws/install
[0.560s] DEBUG:colcon.colcon_installed_package_information.package_discovery:Found 2 installed packages in /home/jjbigdub/gitrepo/ros2_ws/install
[0.561s] DEBUG:colcon.colcon_installed_package_information.package_discovery:Found 1 installed packages in /home/jjbigdub/gitrepo/bcr_bot/install
[0.562s] DEBUG:colcon.colcon_installed_package_information.package_discovery:Found 1 installed packages in /home/jjbigdub/urdf_ws/install
[0.563s] DEBUG:colcon.colcon_installed_package_information.package_discovery:Found 1 installed packages in /home/jjbigdub/ros2_ws/install
[0.564s] DEBUG:colcon.colcon_installed_package_information.package_discovery:Found 3 installed packages in /home/jjbigdub/ros2loc_ws/install
[0.565s] DEBUG:colcon.colcon_installed_package_information.package_discovery:Found 1 installed packages in /home/jjbigdub/gitrepo/RoboCup24/localization_24/install
[0.570s] DEBUG:colcon.colcon_installed_package_information.package_discovery:Found 400 installed packages in /opt/ros/humble
[0.576s] Level 1:colcon.colcon_core.package_discovery:discover_packages(prefix_path) using defaults
[0.706s] Level 5:colcon.colcon_core.verb:set package 'explore_lite' build argument 'cmake_args' from command line to 'None'
[0.706s] Level 5:colcon.colcon_core.verb:set package 'explore_lite' build argument 'cmake_target' from command line to 'None'
[0.706s] Level 5:colcon.colcon_core.verb:set package 'explore_lite' build argument 'cmake_target_skip_unavailable' from command line to 'False'
[0.706s] Level 5:colcon.colcon_core.verb:set package 'explore_lite' build argument 'cmake_clean_cache' from command line to 'False'
[0.706s] Level 5:colcon.colcon_core.verb:set package 'explore_lite' build argument 'cmake_clean_first' from command line to 'False'
[0.706s] Level 5:colcon.colcon_core.verb:set package 'explore_lite' build argument 'cmake_force_configure' from command line to 'False'
[0.706s] Level 5:colcon.colcon_core.verb:set package 'explore_lite' build argument 'ament_cmake_args' from command line to 'None'
[0.706s] Level 5:colcon.colcon_core.verb:set package 'explore_lite' build argument 'catkin_cmake_args' from command line to 'None'
[0.706s] Level 5:colcon.colcon_core.verb:set package 'explore_lite' build argument 'catkin_skip_building_tests' from command line to 'False'
[0.706s] DEBUG:colcon.colcon_core.verb:Building package 'explore_lite' with the following arguments: {'ament_cmake_args': None, 'build_base': '/home/jjbigdub/gitrepo/rosslam_ws/build/explore_lite', 'catkin_cmake_args': None, 'catkin_skip_building_tests': False, 'cmake_args': None, 'cmake_clean_cache': False, 'cmake_clean_first': False, 'cmake_force_configure': False, 'cmake_target': None, 'cmake_target_skip_unavailable': False, 'install_base': '/home/jjbigdub/gitrepo/rosslam_ws/install/explore_lite', 'merge_install': False, 'path': '/home/jjbigdub/gitrepo/rosslam_ws/src/m-explore-ros2/explore', 'symlink_install': False, 'test_result_base': None}
[0.707s] Level 5:colcon.colcon_core.verb:set package 'multirobot_map_merge' build argument 'cmake_args' from command line to 'None'
[0.707s] Level 5:colcon.colcon_core.verb:set package 'multirobot_map_merge' build argument 'cmake_target' from command line to 'None'
[0.707s] Level 5:colcon.colcon_core.verb:set package 'multirobot_map_merge' build argument 'cmake_target_skip_unavailable' from command line to 'False'
[0.707s] Level 5:colcon.colcon_core.verb:set package 'multirobot_map_merge' build argument 'cmake_clean_cache' from command line to 'False'
[0.708s] Level 5:colcon.colcon_core.verb:set package 'multirobot_map_merge' build argument 'cmake_clean_first' from command line to 'False'
[0.708s] Level 5:colcon.colcon_core.verb:set package 'multirobot_map_merge' build argument 'cmake_force_configure' from command line to 'False'
[0.708s] Level 5:colcon.colcon_core.verb:set package 'multirobot_map_merge' build argument 'ament_cmake_args' from command line to 'None'
[0.708s] Level 5:colcon.colcon_core.verb:set package 'multirobot_map_merge' build argument 'catkin_cmake_args' from command line to 'None'
[0.708s] Level 5:colcon.colcon_core.verb:set package 'multirobot_map_merge' build argument 'catkin_skip_building_tests' from command line to 'False'
[0.708s] DEBUG:colcon.colcon_core.verb:Building package 'multirobot_map_merge' with the following arguments: {'ament_cmake_args': None, 'build_base': '/home/jjbigdub/gitrepo/rosslam_ws/build/multirobot_map_merge', 'catkin_cmake_args': None, 'catkin_skip_building_tests': False, 'cmake_args': None, 'cmake_clean_cache': False, 'cmake_clean_first': False, 'cmake_force_configure': False, 'cmake_target': None, 'cmake_target_skip_unavailable': False, 'install_base': '/home/jjbigdub/gitrepo/rosslam_ws/install/multirobot_map_merge', 'merge_install': False, 'path': '/home/jjbigdub/gitrepo/rosslam_ws/src/m-explore-ros2/map_merge', 'symlink_install': False, 'test_result_base': None}
[0.708s] INFO:colcon.colcon_core.executor:Executing jobs using 'parallel' executor
[0.710s] DEBUG:colcon.colcon_parallel_executor.executor.parallel:run_until_complete
[0.711s] INFO:colcon.colcon_ros.task.ament_cmake.build:Building ROS package in '/home/jjbigdub/gitrepo/rosslam_ws/src/m-explore-ros2/explore' with build type 'ament_cmake'
[0.711s] INFO:colcon.colcon_cmake.task.cmake.build:Building CMake package in '/home/jjbigdub/gitrepo/rosslam_ws/src/m-explore-ros2/explore'
[0.717s] INFO:colcon.colcon_core.plugin_system:Skipping extension 'colcon_core.shell.bat': Not used on non-Windows systems
[0.717s] INFO:colcon.colcon_core.shell:Skip shell extension 'powershell' for command environment: Not usable outside of PowerShell
[0.717s] DEBUG:colcon.colcon_core.shell:Skip shell extension 'dsv' for command environment
[0.732s] INFO:colcon.colcon_ros.task.ament_cmake.build:Building ROS package in '/home/jjbigdub/gitrepo/rosslam_ws/src/m-explore-ros2/map_merge' with build type 'ament_cmake'
[0.732s] INFO:colcon.colcon_cmake.task.cmake.build:Building CMake package in '/home/jjbigdub/gitrepo/rosslam_ws/src/m-explore-ros2/map_merge'
[0.733s] INFO:colcon.colcon_core.shell:Skip shell extension 'powershell' for command environment: Not usable outside of PowerShell
[0.733s] DEBUG:colcon.colcon_core.shell:Skip shell extension 'dsv' for command environment
[0.761s] DEBUG:colcon.colcon_core.event_handler.log_command:Invoking command in '/home/jjbigdub/gitrepo/rosslam_ws/build/explore_lite': CMAKE_PREFIX_PATH=${CMAKE_PREFIX_PATH}:/home/jjbigdub/ros2_ws/install/math1:/home/jjbigdub/urdf_ws/install/rocker_description:/opt/ros/humble /usr/bin/cmake --build /home/jjbigdub/gitrepo/rosslam_ws/build/explore_lite -- -j16 -l16
[0.772s] DEBUG:colcon.colcon_core.event_handler.log_command:Invoking command in '/home/jjbigdub/gitrepo/rosslam_ws/build/multirobot_map_merge': CMAKE_PREFIX_PATH=${CMAKE_PREFIX_PATH}:/home/jjbigdub/ros2_ws/install/math1:/home/jjbigdub/urdf_ws/install/rocker_description:/opt/ros/humble /usr/bin/cmake --build /home/jjbigdub/gitrepo/rosslam_ws/build/multirobot_map_merge -- -j16 -l16
[0.995s] DEBUG:colcon.colcon_core.event_handler.log_command:Invoked command in '/home/jjbigdub/gitrepo/rosslam_ws/build/explore_lite' returned '0': CMAKE_PREFIX_PATH=${CMAKE_PREFIX_PATH}:/home/jjbigdub/ros2_ws/install/math1:/home/jjbigdub/urdf_ws/install/rocker_description:/opt/ros/humble /usr/bin/cmake --build /home/jjbigdub/gitrepo/rosslam_ws/build/explore_lite -- -j16 -l16
[1.031s] DEBUG:colcon.colcon_core.event_handler.log_command:Invoked command in '/home/jjbigdub/gitrepo/rosslam_ws/build/multirobot_map_merge' returned '0': CMAKE_PREFIX_PATH=${CMAKE_PREFIX_PATH}:/home/jjbigdub/ros2_ws/install/math1:/home/jjbigdub/urdf_ws/install/rocker_description:/opt/ros/humble /usr/bin/cmake --build /home/jjbigdub/gitrepo/rosslam_ws/build/multirobot_map_merge -- -j16 -l16
[1.120s] DEBUG:colcon.colcon_core.event_handler.log_command:Invoking command in '/home/jjbigdub/gitrepo/rosslam_ws/build/explore_lite': CMAKE_PREFIX_PATH=${CMAKE_PREFIX_PATH}:/home/jjbigdub/ros2_ws/install/math1:/home/jjbigdub/urdf_ws/install/rocker_description:/opt/ros/humble /usr/bin/cmake --install /home/jjbigdub/gitrepo/rosslam_ws/build/explore_lite
[1.144s] DEBUG:colcon.colcon_core.event_handler.log_command:Invoking command in '/home/jjbigdub/gitrepo/rosslam_ws/build/multirobot_map_merge': CMAKE_PREFIX_PATH=${CMAKE_PREFIX_PATH}:/home/jjbigdub/ros2_ws/install/math1:/home/jjbigdub/urdf_ws/install/rocker_description:/opt/ros/humble /usr/bin/cmake --install /home/jjbigdub/gitrepo/rosslam_ws/build/multirobot_map_merge
[1.149s] Level 1:colcon.colcon_core.environment:create_environment_scripts_only(explore_lite)
[1.153s] DEBUG:colcon.colcon_core.event_handler.log_command:Invoked command in '/home/jjbigdub/gitrepo/rosslam_ws/build/explore_lite' returned '0': CMAKE_PREFIX_PATH=${CMAKE_PREFIX_PATH}:/home/jjbigdub/ros2_ws/install/math1:/home/jjbigdub/urdf_ws/install/rocker_description:/opt/ros/humble /usr/bin/cmake --install /home/jjbigdub/gitrepo/rosslam_ws/build/explore_lite
[1.157s] Level 1:colcon.colcon_core.environment:checking '/home/jjbigdub/gitrepo/rosslam_ws/install/explore_lite' for CMake module files
[1.158s] Level 1:colcon.colcon_core.environment:checking '/home/jjbigdub/gitrepo/rosslam_ws/install/explore_lite' for CMake config files
[1.159s] Level 1:colcon.colcon_core.shell:create_environment_hook('explore_lite', 'cmake_prefix_path')
[1.160s] INFO:colcon.colcon_core.shell:Creating environment hook '/home/jjbigdub/gitrepo/rosslam_ws/install/explore_lite/share/explore_lite/hook/cmake_prefix_path.ps1'
[1.162s] INFO:colcon.colcon_core.shell:Creating environment descriptor '/home/jjbigdub/gitrepo/rosslam_ws/install/explore_lite/share/explore_lite/hook/cmake_prefix_path.dsv'
[1.165s] INFO:colcon.colcon_core.shell:Creating environment hook '/home/jjbigdub/gitrepo/rosslam_ws/install/explore_lite/share/explore_lite/hook/cmake_prefix_path.sh'
[1.169s] Level 1:colcon.colcon_core.environment:checking '/home/jjbigdub/gitrepo/rosslam_ws/install/explore_lite/lib'
[1.170s] Level 1:colcon.colcon_core.environment:checking '/home/jjbigdub/gitrepo/rosslam_ws/install/explore_lite/bin'
[1.170s] Level 1:colcon.colcon_core.environment:checking '/home/jjbigdub/gitrepo/rosslam_ws/install/explore_lite/lib/pkgconfig/explore_lite.pc'
[1.171s] Level 1:colcon.colcon_core.environment:checking '/home/jjbigdub/gitrepo/rosslam_ws/install/explore_lite/lib/python3.10/site-packages'
[1.171s] Level 1:colcon.colcon_core.environment:checking '/home/jjbigdub/gitrepo/rosslam_ws/install/explore_lite/bin'
[1.172s] INFO:colcon.colcon_core.shell:Creating package script '/home/jjbigdub/gitrepo/rosslam_ws/install/explore_lite/share/explore_lite/package.ps1'
[1.176s] INFO:colcon.colcon_core.shell:Creating package descriptor '/home/jjbigdub/gitrepo/rosslam_ws/install/explore_lite/share/explore_lite/package.dsv'
[1.180s] INFO:colcon.colcon_core.shell:Creating package script '/home/jjbigdub/gitrepo/rosslam_ws/install/explore_lite/share/explore_lite/package.sh'
[1.182s] INFO:colcon.colcon_core.shell:Creating package script '/home/jjbigdub/gitrepo/rosslam_ws/install/explore_lite/share/explore_lite/package.bash'
[1.185s] INFO:colcon.colcon_core.shell:Creating package script '/home/jjbigdub/gitrepo/rosslam_ws/install/explore_lite/share/explore_lite/package.zsh'
[1.186s] Level 1:colcon.colcon_core.environment:create_file_with_runtime_dependencies(/home/jjbigdub/gitrepo/rosslam_ws/install/explore_lite/share/colcon-core/packages/explore_lite)
[1.190s] Level 1:colcon.colcon_core.environment:create_environment_scripts_only(multirobot_map_merge)
[1.191s] Level 1:colcon.colcon_core.environment:checking '/home/jjbigdub/gitrepo/rosslam_ws/install/multirobot_map_merge' for CMake module files
[1.192s] DEBUG:colcon.colcon_core.event_handler.log_command:Invoked command in '/home/jjbigdub/gitrepo/rosslam_ws/build/multirobot_map_merge' returned '0': CMAKE_PREFIX_PATH=${CMAKE_PREFIX_PATH}:/home/jjbigdub/ros2_ws/install/math1:/home/jjbigdub/urdf_ws/install/rocker_description:/opt/ros/humble /usr/bin/cmake --install /home/jjbigdub/gitrepo/rosslam_ws/build/multirobot_map_merge
[1.193s] Level 1:colcon.colcon_core.environment:checking '/home/jjbigdub/gitrepo/rosslam_ws/install/multirobot_map_merge' for CMake config files
[1.194s] Level 1:colcon.colcon_core.shell:create_environment_hook('multirobot_map_merge', 'cmake_prefix_path')
[1.194s] INFO:colcon.colcon_core.shell:Creating environment hook '/home/jjbigdub/gitrepo/rosslam_ws/install/multirobot_map_merge/share/multirobot_map_merge/hook/cmake_prefix_path.ps1'
[1.195s] INFO:colcon.colcon_core.shell:Creating environment descriptor '/home/jjbigdub/gitrepo/rosslam_ws/install/multirobot_map_merge/share/multirobot_map_merge/hook/cmake_prefix_path.dsv'
[1.196s] INFO:colcon.colcon_core.shell:Creating environment hook '/home/jjbigdub/gitrepo/rosslam_ws/install/multirobot_map_merge/share/multirobot_map_merge/hook/cmake_prefix_path.sh'
[1.198s] Level 1:colcon.colcon_core.environment:checking '/home/jjbigdub/gitrepo/rosslam_ws/install/multirobot_map_merge/lib'
[1.198s] Level 1:colcon.colcon_core.environment:checking '/home/jjbigdub/gitrepo/rosslam_ws/install/multirobot_map_merge/bin'
[1.198s] Level 1:colcon.colcon_core.environment:checking '/home/jjbigdub/gitrepo/rosslam_ws/install/multirobot_map_merge/lib/pkgconfig/multirobot_map_merge.pc'
[1.198s] Level 1:colcon.colcon_core.environment:checking '/home/jjbigdub/gitrepo/rosslam_ws/install/multirobot_map_merge/lib/python3.10/site-packages'
[1.199s] Level 1:colcon.colcon_core.environment:checking '/home/jjbigdub/gitrepo/rosslam_ws/install/multirobot_map_merge/bin'
[1.199s] INFO:colcon.colcon_core.shell:Creating package script '/home/jjbigdub/gitrepo/rosslam_ws/install/multirobot_map_merge/share/multirobot_map_merge/package.ps1'
[1.200s] INFO:colcon.colcon_core.shell:Creating package descriptor '/home/jjbigdub/gitrepo/rosslam_ws/install/multirobot_map_merge/share/multirobot_map_merge/package.dsv'
[1.201s] INFO:colcon.colcon_core.shell:Creating package script '/home/jjbigdub/gitrepo/rosslam_ws/install/multirobot_map_merge/share/multirobot_map_merge/package.sh'
[1.202s] INFO:colcon.colcon_core.shell:Creating package script '/home/jjbigdub/gitrepo/rosslam_ws/install/multirobot_map_merge/share/multirobot_map_merge/package.bash'
[1.203s] INFO:colcon.colcon_core.shell:Creating package script '/home/jjbigdub/gitrepo/rosslam_ws/install/multirobot_map_merge/share/multirobot_map_merge/package.zsh'
[1.204s] Level 1:colcon.colcon_core.environment:create_file_with_runtime_dependencies(/home/jjbigdub/gitrepo/rosslam_ws/install/multirobot_map_merge/share/colcon-core/packages/multirobot_map_merge)
[1.287s] Level 1:colcon.colcon_core.environment:create_environment_scripts_only(explore_lite)
[1.288s] Level 1:colcon.colcon_core.environment:checking '/home/jjbigdub/gitrepo/rosslam_ws/install/explore_lite' for CMake module files
[1.289s] Level 1:colcon.colcon_core.environment:checking '/home/jjbigdub/gitrepo/rosslam_ws/install/explore_lite' for CMake config files
[1.291s] Level 1:colcon.colcon_core.shell:create_environment_hook('explore_lite', 'cmake_prefix_path')
[1.291s] INFO:colcon.colcon_core.shell:Creating environment hook '/home/jjbigdub/gitrepo/rosslam_ws/install/explore_lite/share/explore_lite/hook/cmake_prefix_path.ps1'
[1.293s] INFO:colcon.colcon_core.shell:Creating environment descriptor '/home/jjbigdub/gitrepo/rosslam_ws/install/explore_lite/share/explore_lite/hook/cmake_prefix_path.dsv'
[1.294s] INFO:colcon.colcon_core.shell:Creating environment hook '/home/jjbigdub/gitrepo/rosslam_ws/install/explore_lite/share/explore_lite/hook/cmake_prefix_path.sh'
[1.296s] Level 1:colcon.colcon_core.environment:checking '/home/jjbigdub/gitrepo/rosslam_ws/install/explore_lite/lib'
[1.296s] Level 1:colcon.colcon_core.environment:checking '/home/jjbigdub/gitrepo/rosslam_ws/install/explore_lite/bin'
[1.296s] Level 1:colcon.colcon_core.environment:checking '/home/jjbigdub/gitrepo/rosslam_ws/install/explore_lite/lib/pkgconfig/explore_lite.pc'
[1.297s] Level 1:colcon.colcon_core.environment:checking '/home/jjbigdub/gitrepo/rosslam_ws/install/explore_lite/lib/python3.10/site-packages'
[1.297s] Level 1:colcon.colcon_core.environment:checking '/home/jjbigdub/gitrepo/rosslam_ws/install/explore_lite/bin'
[1.298s] INFO:colcon.colcon_core.shell:Creating package script '/home/jjbigdub/gitrepo/rosslam_ws/install/explore_lite/share/explore_lite/package.ps1'
[1.299s] INFO:colcon.colcon_core.shell:Creating package descriptor '/home/jjbigdub/gitrepo/rosslam_ws/install/explore_lite/share/explore_lite/package.dsv'
[1.301s] INFO:colcon.colcon_core.shell:Creating package script '/home/jjbigdub/gitrepo/rosslam_ws/install/explore_lite/share/explore_lite/package.sh'
[1.303s] INFO:colcon.colcon_core.shell:Creating package script '/home/jjbigdub/gitrepo/rosslam_ws/install/explore_lite/share/explore_lite/package.bash'
[1.304s] INFO:colcon.colcon_core.shell:Creating package script '/home/jjbigdub/gitrepo/rosslam_ws/install/explore_lite/share/explore_lite/package.zsh'
[1.305s] Level 1:colcon.colcon_core.environment:create_file_with_runtime_dependencies(/home/jjbigdub/gitrepo/rosslam_ws/install/explore_lite/share/colcon-core/packages/explore_lite)
[1.315s] Level 1:colcon.colcon_core.environment:create_environment_scripts_only(multirobot_map_merge)
[1.315s] Level 1:colcon.colcon_core.environment:checking '/home/jjbigdub/gitrepo/rosslam_ws/install/multirobot_map_merge' for CMake module files
[1.316s] Level 1:colcon.colcon_core.environment:checking '/home/jjbigdub/gitrepo/rosslam_ws/install/multirobot_map_merge' for CMake config files
[1.318s] Level 1:colcon.colcon_core.shell:create_environment_hook('multirobot_map_merge', 'cmake_prefix_path')
[1.319s] INFO:colcon.colcon_core.shell:Creating environment hook '/home/jjbigdub/gitrepo/rosslam_ws/install/multirobot_map_merge/share/multirobot_map_merge/hook/cmake_prefix_path.ps1'
[1.320s] INFO:colcon.colcon_core.shell:Creating environment descriptor '/home/jjbigdub/gitrepo/rosslam_ws/install/multirobot_map_merge/share/multirobot_map_merge/hook/cmake_prefix_path.dsv'
[1.322s] INFO:colcon.colcon_core.shell:Creating environment hook '/home/jjbigdub/gitrepo/rosslam_ws/install/multirobot_map_merge/share/multirobot_map_merge/hook/cmake_prefix_path.sh'
[1.323s] Level 1:colcon.colcon_core.environment:checking '/home/jjbigdub/gitrepo/rosslam_ws/install/multirobot_map_merge/lib'
[1.323s] Level 1:colcon.colcon_core.environment:checking '/home/jjbigdub/gitrepo/rosslam_ws/install/multirobot_map_merge/bin'
[1.324s] Level 1:colcon.colcon_core.environment:checking '/home/jjbigdub/gitrepo/rosslam_ws/install/multirobot_map_merge/lib/pkgconfig/multirobot_map_merge.pc'
[1.324s] Level 1:colcon.colcon_core.environment:checking '/home/jjbigdub/gitrepo/rosslam_ws/install/multirobot_map_merge/lib/python3.10/site-packages'
[1.325s] Level 1:colcon.colcon_core.environment:checking '/home/jjbigdub/gitrepo/rosslam_ws/install/multirobot_map_merge/bin'
[1.325s] INFO:colcon.colcon_core.shell:Creating package script '/home/jjbigdub/gitrepo/rosslam_ws/install/multirobot_map_merge/share/multirobot_map_merge/package.ps1'
[1.327s] INFO:colcon.colcon_core.shell:Creating package descriptor '/home/jjbigdub/gitrepo/rosslam_ws/install/multirobot_map_merge/share/multirobot_map_merge/package.dsv'
[1.328s] INFO:colcon.colcon_core.shell:Creating package script '/home/jjbigdub/gitrepo/rosslam_ws/install/multirobot_map_merge/share/multirobot_map_merge/package.sh'
[1.329s] INFO:colcon.colcon_core.shell:Creating package script '/home/jjbigdub/gitrepo/rosslam_ws/install/multirobot_map_merge/share/multirobot_map_merge/package.bash'
[1.331s] INFO:colcon.colcon_core.shell:Creating package script '/home/jjbigdub/gitrepo/rosslam_ws/install/multirobot_map_merge/share/multirobot_map_merge/package.zsh'
[1.332s] Level 1:colcon.colcon_core.environment:create_file_with_runtime_dependencies(/home/jjbigdub/gitrepo/rosslam_ws/install/multirobot_map_merge/share/colcon-core/packages/multirobot_map_merge)
[1.332s] DEBUG:colcon.colcon_parallel_executor.executor.parallel:closing loop
[1.334s] DEBUG:colcon.colcon_parallel_executor.executor.parallel:loop closed
[1.334s] DEBUG:colcon.colcon_parallel_executor.executor.parallel:run_until_complete finished with '0'
[1.334s] DEBUG:colcon.colcon_core.event_reactor:joining thread
[1.349s] INFO:colcon.colcon_core.plugin_system:Skipping extension 'colcon_notification.desktop_notification.terminal_notifier': Not used on non-Darwin systems
[1.349s] INFO:colcon.colcon_core.plugin_system:Skipping extension 'colcon_notification.desktop_notification.win32': Not used on non-Windows systems
[1.349s] INFO:colcon.colcon_notification.desktop_notification:Sending desktop notification using 'notify2'
[1.377s] DEBUG:colcon.colcon_core.event_reactor:joined thread
[1.378s] INFO:colcon.colcon_core.shell:Creating prefix script '/home/jjbigdub/gitrepo/rosslam_ws/install/local_setup.ps1'
[1.380s] INFO:colcon.colcon_core.shell:Creating prefix util module '/home/jjbigdub/gitrepo/rosslam_ws/install/_local_setup_util_ps1.py'
[1.383s] INFO:colcon.colcon_core.shell:Creating prefix chain script '/home/jjbigdub/gitrepo/rosslam_ws/install/setup.ps1'
[1.387s] INFO:colcon.colcon_core.shell:Creating prefix script '/home/jjbigdub/gitrepo/rosslam_ws/install/local_setup.sh'
[1.388s] INFO:colcon.colcon_core.shell:Creating prefix util module '/home/jjbigdub/gitrepo/rosslam_ws/install/_local_setup_util_sh.py'
[1.390s] INFO:colcon.colcon_core.shell:Creating prefix chain script '/home/jjbigdub/gitrepo/rosslam_ws/install/setup.sh'
[1.393s] INFO:colcon.colcon_core.shell:Creating prefix script '/home/jjbigdub/gitrepo/rosslam_ws/install/local_setup.bash'
[1.395s] INFO:colcon.colcon_core.shell:Creating prefix chain script '/home/jjbigdub/gitrepo/rosslam_ws/install/setup.bash'
[1.399s] INFO:colcon.colcon_core.shell:Creating prefix script '/home/jjbigdub/gitrepo/rosslam_ws/install/local_setup.zsh'
[1.401s] INFO:colcon.colcon_core.shell:Creating prefix chain script '/home/jjbigdub/gitrepo/rosslam_ws/install/setup.zsh'
