[0.031s] Invoking command in '/home/joel-bansal/bharat_ws/build/slam_gmapping': AMENT_PREFIX_PATH=/home/joel-bansal/bharat_ws/install/openslam_gmapping:${AMENT_PREFIX_PATH} CMAKE_PREFIX_PATH=/home/joel-bansal/bharat_ws/install/openslam_gmapping:/opt/ros/humble LD_LIBRARY_PATH=/home/joel-bansal/bharat_ws/install/openslam_gmapping/lib:${LD_LIBRARY_PATH} /usr/bin/cmake --build /home/joel-bansal/bharat_ws/build/slam_gmapping -- -j4 -l4
[0.128s] [35m[1mConsolidate compiler generated dependencies of target slam_gmapping[0m
[0.170s] [100%] Built target slam_gmapping
[0.194s] Invoked command in '/home/joel-bansal/bharat_ws/build/slam_gmapping' returned '0': AMENT_PREFIX_PATH=/home/joel-bansal/bharat_ws/install/openslam_gmapping:${AMENT_PREFIX_PATH} CMAKE_PREFIX_PATH=/home/joel-bansal/bharat_ws/install/openslam_gmapping:/opt/ros/humble LD_LIBRARY_PATH=/home/joel-bansal/bharat_ws/install/openslam_gmapping/lib:${LD_LIBRARY_PATH} /usr/bin/cmake --build /home/joel-bansal/bharat_ws/build/slam_gmapping -- -j4 -l4
[0.245s] Invoking command in '/home/joel-bansal/bharat_ws/build/slam_gmapping': AMENT_PREFIX_PATH=/home/joel-bansal/bharat_ws/install/openslam_gmapping:${AMENT_PREFIX_PATH} CMAKE_PREFIX_PATH=/home/joel-bansal/bharat_ws/install/openslam_gmapping:/opt/ros/humble LD_LIBRARY_PATH=/home/joel-bansal/bharat_ws/install/openslam_gmapping/lib:${LD_LIBRARY_PATH} /usr/bin/cmake --install /home/joel-bansal/bharat_ws/build/slam_gmapping
[0.267s] -- Install configuration: ""
[0.267s] -- Up-to-date: /home/joel-bansal/bharat_ws/install/slam_gmapping/lib/slam_gmapping/slam_gmapping
[0.268s] -- Up-to-date: /home/joel-bansal/bharat_ws/install/slam_gmapping/share/slam_gmapping/launch
[0.268s] -- Up-to-date: /home/joel-bansal/bharat_ws/install/slam_gmapping/share/slam_gmapping/launch/slam_gmapping.launch.py
[0.268s] -- Up-to-date: /home/joel-bansal/bharat_ws/install/slam_gmapping/share/ament_index/resource_index/package_run_dependencies/slam_gmapping
[0.268s] -- Up-to-date: /home/joel-bansal/bharat_ws/install/slam_gmapping/share/ament_index/resource_index/parent_prefix_path/slam_gmapping
[0.268s] -- Up-to-date: /home/joel-bansal/bharat_ws/install/slam_gmapping/share/slam_gmapping/environment/ament_prefix_path.sh
[0.269s] -- Up-to-date: /home/joel-bansal/bharat_ws/install/slam_gmapping/share/slam_gmapping/environment/ament_prefix_path.dsv
[0.269s] -- Up-to-date: /home/joel-bansal/bharat_ws/install/slam_gmapping/share/slam_gmapping/environment/path.sh
[0.270s] -- Up-to-date: /home/joel-bansal/bharat_ws/install/slam_gmapping/share/slam_gmapping/environment/path.dsv
[0.270s] -- Up-to-date: /home/joel-bansal/bharat_ws/install/slam_gmapping/share/slam_gmapping/local_setup.bash
[0.271s] -- Up-to-date: /home/joel-bansal/bharat_ws/install/slam_gmapping/share/slam_gmapping/local_setup.sh
[0.271s] -- Up-to-date: /home/joel-bansal/bharat_ws/install/slam_gmapping/share/slam_gmapping/local_setup.zsh
[0.271s] -- Up-to-date: /home/joel-bansal/bharat_ws/install/slam_gmapping/share/slam_gmapping/local_setup.dsv
[0.271s] -- Installing: /home/joel-bansal/bharat_ws/install/slam_gmapping/share/slam_gmapping/package.dsv
[0.272s] -- Up-to-date: /home/joel-bansal/bharat_ws/install/slam_gmapping/share/ament_index/resource_index/packages/slam_gmapping
[0.272s] -- Up-to-date: /home/joel-bansal/bharat_ws/install/slam_gmapping/share/slam_gmapping/cmake/slam_gmappingConfig.cmake
[0.272s] -- Up-to-date: /home/joel-bansal/bharat_ws/install/slam_gmapping/share/slam_gmapping/cmake/slam_gmappingConfig-version.cmake
[0.272s] -- Up-to-date: /home/joel-bansal/bharat_ws/install/slam_gmapping/share/slam_gmapping/package.xml
[0.280s] Invoked command in '/home/joel-bansal/bharat_ws/build/slam_gmapping' returned '0': AMENT_PREFIX_PATH=/home/joel-bansal/bharat_ws/install/openslam_gmapping:${AMENT_PREFIX_PATH} CMAKE_PREFIX_PATH=/home/joel-bansal/bharat_ws/install/openslam_gmapping:/opt/ros/humble LD_LIBRARY_PATH=/home/joel-bansal/bharat_ws/install/openslam_gmapping/lib:${LD_LIBRARY_PATH} /usr/bin/cmake --install /home/joel-bansal/bharat_ws/build/slam_gmapping
