[0.028s] Invoking command in '/home/joel-bansal/multi_bot_map_merging/bharat_ws4/build/explore_lite': CMAKE_PREFIX_PATH=/opt/ros/humble /usr/bin/cmake --build /home/joel-bansal/multi_bot_map_merging/bharat_ws4/build/explore_lite -- -j4 -l4
[0.149s] [35m[1mConsolidate compiler generated dependencies of target gtest[0m
[0.158s] [35m[1mConsolidate compiler generated dependencies of target gtest_main[0m
[0.180s] [35m[1mConsolidate compiler generated dependencies of target explore[0m
[0.205s] [ 20%] Built target gtest_main
[0.218s] [ 40%] Built target gtest
[0.268s] [35m[1mConsolidate compiler generated dependencies of target test_explore[0m
[0.335s] [ 60%] Built target test_explore
[0.337s] [100%] Built target explore
[0.366s] Invoked command in '/home/joel-bansal/multi_bot_map_merging/bharat_ws4/build/explore_lite' returned '0': CMAKE_PREFIX_PATH=/opt/ros/humble /usr/bin/cmake --build /home/joel-bansal/multi_bot_map_merging/bharat_ws4/build/explore_lite -- -j4 -l4
[0.462s] Invoking command in '/home/joel-bansal/multi_bot_map_merging/bharat_ws4/build/explore_lite': CMAKE_PREFIX_PATH=/opt/ros/humble /usr/bin/cmake --install /home/joel-bansal/multi_bot_map_merging/bharat_ws4/build/explore_lite
[0.478s] -- Install configuration: ""
[0.479s] -- Up-to-date: /home/joel-bansal/multi_bot_map_merging/bharat_ws4/install/explore_lite/include/explore/
[0.479s] -- Up-to-date: /home/joel-bansal/multi_bot_map_merging/bharat_ws4/install/explore_lite/include/explore//costmap_tools.h
[0.480s] -- Up-to-date: /home/joel-bansal/multi_bot_map_merging/bharat_ws4/install/explore_lite/include/explore//explore.h
[0.480s] -- Up-to-date: /home/joel-bansal/multi_bot_map_merging/bharat_ws4/install/explore_lite/include/explore//frontier_search.h
[0.480s] -- Up-to-date: /home/joel-bansal/multi_bot_map_merging/bharat_ws4/install/explore_lite/include/explore//costmap_client.h
[0.481s] -- Up-to-date: /home/joel-bansal/multi_bot_map_merging/bharat_ws4/install/explore_lite/share/explore_lite/config
[0.482s] -- Up-to-date: /home/joel-bansal/multi_bot_map_merging/bharat_ws4/install/explore_lite/share/explore_lite/config/params_costmap.yaml
[0.482s] -- Up-to-date: /home/joel-bansal/multi_bot_map_merging/bharat_ws4/install/explore_lite/share/explore_lite/config/params.yaml
[0.482s] -- Up-to-date: /home/joel-bansal/multi_bot_map_merging/bharat_ws4/install/explore_lite/share/explore_lite/launch
[0.483s] -- Up-to-date: /home/joel-bansal/multi_bot_map_merging/bharat_ws4/install/explore_lite/share/explore_lite/launch/explore.launch.py
[0.483s] -- Up-to-date: /home/joel-bansal/multi_bot_map_merging/bharat_ws4/install/explore_lite/lib/explore_lite/explore
[0.484s] -- Up-to-date: /home/joel-bansal/multi_bot_map_merging/bharat_ws4/install/explore_lite/share/ament_index/resource_index/package_run_dependencies/explore_lite
[0.484s] -- Up-to-date: /home/joel-bansal/multi_bot_map_merging/bharat_ws4/install/explore_lite/share/ament_index/resource_index/parent_prefix_path/explore_lite
[0.484s] -- Up-to-date: /home/joel-bansal/multi_bot_map_merging/bharat_ws4/install/explore_lite/share/explore_lite/environment/ament_prefix_path.sh
[0.484s] -- Up-to-date: /home/joel-bansal/multi_bot_map_merging/bharat_ws4/install/explore_lite/share/explore_lite/environment/ament_prefix_path.dsv
[0.485s] -- Up-to-date: /home/joel-bansal/multi_bot_map_merging/bharat_ws4/install/explore_lite/share/explore_lite/environment/path.sh
[0.485s] -- Up-to-date: /home/joel-bansal/multi_bot_map_merging/bharat_ws4/install/explore_lite/share/explore_lite/environment/path.dsv
[0.485s] -- Up-to-date: /home/joel-bansal/multi_bot_map_merging/bharat_ws4/install/explore_lite/share/explore_lite/local_setup.bash
[0.486s] -- Up-to-date: /home/joel-bansal/multi_bot_map_merging/bharat_ws4/install/explore_lite/share/explore_lite/local_setup.sh
[0.486s] -- Up-to-date: /home/joel-bansal/multi_bot_map_merging/bharat_ws4/install/explore_lite/share/explore_lite/local_setup.zsh
[0.486s] -- Up-to-date: /home/joel-bansal/multi_bot_map_merging/bharat_ws4/install/explore_lite/share/explore_lite/local_setup.dsv
[0.487s] -- Installing: /home/joel-bansal/multi_bot_map_merging/bharat_ws4/install/explore_lite/share/explore_lite/package.dsv
[0.487s] -- Up-to-date: /home/joel-bansal/multi_bot_map_merging/bharat_ws4/install/explore_lite/share/ament_index/resource_index/packages/explore_lite
[0.487s] -- Up-to-date: /home/joel-bansal/multi_bot_map_merging/bharat_ws4/install/explore_lite/share/explore_lite/cmake/ament_cmake_export_include_directories-extras.cmake
[0.488s] -- Up-to-date: /home/joel-bansal/multi_bot_map_merging/bharat_ws4/install/explore_lite/share/explore_lite/cmake/explore_liteConfig.cmake
[0.489s] -- Up-to-date: /home/joel-bansal/multi_bot_map_merging/bharat_ws4/install/explore_lite/share/explore_lite/cmake/explore_liteConfig-version.cmake
[0.489s] -- Up-to-date: /home/joel-bansal/multi_bot_map_merging/bharat_ws4/install/explore_lite/share/explore_lite/package.xml
[0.491s] Invoked command in '/home/joel-bansal/multi_bot_map_merging/bharat_ws4/build/explore_lite' returned '0': CMAKE_PREFIX_PATH=/opt/ros/humble /usr/bin/cmake --install /home/joel-bansal/multi_bot_map_merging/bharat_ws4/build/explore_lite
