[0.032s] Invoking command in '/home/joel-bansal/multi_bot_map_merging/bharat_ws4/build/openslam_gmapping': CMAKE_PREFIX_PATH=/opt/ros/humble /usr/bin/cmake /home/joel-bansal/multi_bot_map_merging/bharat_ws4/src/slam_gmapping/openslam_gmapping -DCMAKE_INSTALL_PREFIX=/home/joel-bansal/multi_bot_map_merging/bharat_ws4/install/openslam_gmapping
[0.171s] -- The C compiler identification is GNU 11.4.0
[0.319s] -- The CXX compiler identification is GNU 11.4.0
[0.340s] -- Detecting C compiler ABI info
[0.532s] -- Detecting C compiler ABI info - done
[0.561s] -- Check for working C compiler: /usr/bin/cc - skipped
[0.562s] -- Detecting C compile features
[0.565s] -- Detecting C compile features - done
[0.572s] -- Detecting CXX compiler ABI info
[0.777s] -- Detecting CXX compiler ABI info - done
[0.793s] -- Check for working CXX compiler: /usr/bin/c++ - skipped
[0.794s] -- Detecting CXX compile features
[0.795s] -- Detecting CXX compile features - done
[0.800s] -- Found ament_cmake: 1.3.10 (/opt/ros/humble/share/ament_cmake/cmake)
[1.186s] -- Found Python3: /usr/bin/python3 (found version "3.10.12") found components: Interpreter 
[1.632s] -- Configuring done
[1.681s] -- Generating done
[1.685s] -- Build files have been written to: /home/joel-bansal/multi_bot_map_merging/bharat_ws4/build/openslam_gmapping
[1.702s] Invoked command in '/home/joel-bansal/multi_bot_map_merging/bharat_ws4/build/openslam_gmapping' returned '0': CMAKE_PREFIX_PATH=/opt/ros/humble /usr/bin/cmake /home/joel-bansal/multi_bot_map_merging/bharat_ws4/src/slam_gmapping/openslam_gmapping -DCMAKE_INSTALL_PREFIX=/home/joel-bansal/multi_bot_map_merging/bharat_ws4/install/openslam_gmapping
[1.703s] Invoking command in '/home/joel-bansal/multi_bot_map_merging/bharat_ws4/build/openslam_gmapping': CMAKE_PREFIX_PATH=/opt/ros/humble /usr/bin/cmake --build /home/joel-bansal/multi_bot_map_merging/bharat_ws4/build/openslam_gmapping -- -j4 -l4
[1.838s] [  4%] [32mBuilding CXX object utils/CMakeFiles/utils.dir/movement.cpp.o[0m
[1.841s] [  9%] [32mBuilding CXX object sensor/sensor_base/CMakeFiles/sensor_base.dir/sensor.cpp.o[0m
[1.850s] [ 13%] [32mBuilding CXX object sensor/sensor_base/CMakeFiles/sensor_base.dir/sensorreading.cpp.o[0m
[1.854s] [ 18%] [32mBuilding CXX object utils/CMakeFiles/utils.dir/stat.cpp.o[0m
[3.051s] [ 22%] [32m[1mLinking CXX static library libsensor_base.a[0m
[3.197s] [ 22%] Built target sensor_base
[3.310s] [ 27%] [32mBuilding CXX object sensor/sensor_odometry/CMakeFiles/sensor_odometry.dir/odometrysensor.cpp.o[0m
[3.310s] [ 31%] [32mBuilding CXX object sensor/sensor_odometry/CMakeFiles/sensor_odometry.dir/odometryreading.cpp.o[0m
[3.326s] [ 36%] [32mBuilding CXX object sensor/sensor_range/CMakeFiles/sensor_range.dir/rangereading.cpp.o[0m
[3.628s] [ 40%] [32m[1mLinking CXX static library libutils.a[0m
[3.773s] [ 40%] Built target utils
[3.798s] [ 45%] [32mBuilding CXX object sensor/sensor_range/CMakeFiles/sensor_range.dir/rangesensor.cpp.o[0m
[4.501s] [ 50%] [32m[1mLinking CXX static library libsensor_odometry.a[0m
[4.663s] [ 50%] Built target sensor_odometry
[5.065s] [ 54%] [32m[1mLinking CXX static library libsensor_range.a[0m
[5.140s] [ 54%] Built target sensor_range
[5.189s] [ 59%] [32mBuilding CXX object scanmatcher/CMakeFiles/scanmatcher.dir/scanmatcher.cpp.o[0m
[5.201s] [ 63%] [32mBuilding CXX object scanmatcher/CMakeFiles/scanmatcher.dir/eig3.cpp.o[0m
[5.201s] [ 68%] [32mBuilding CXX object scanmatcher/CMakeFiles/scanmatcher.dir/scanmatcherprocessor.cpp.o[0m
[5.207s] [ 72%] [32mBuilding CXX object scanmatcher/CMakeFiles/scanmatcher.dir/smmap.cpp.o[0m
[9.447s] [ 77%] [32m[1mLinking CXX static library libscanmatcher.a[0m
[9.541s] [ 77%] Built target scanmatcher
[9.614s] [ 81%] [32mBuilding CXX object gridfastslam/CMakeFiles/gridfastslam.dir/gfsreader.cpp.o[0m
[9.632s] [ 86%] [32mBuilding CXX object gridfastslam/CMakeFiles/gridfastslam.dir/gridslamprocessor.cpp.o[0m
[9.632s] [ 90%] [32mBuilding CXX object gridfastslam/CMakeFiles/gridfastslam.dir/gridslamprocessor_tree.cpp.o[0m
[9.636s] [ 95%] [32mBuilding CXX object gridfastslam/CMakeFiles/gridfastslam.dir/motionmodel.cpp.o[0m
[15.834s] [100%] [32m[1mLinking CXX static library libgridfastslam.a[0m
[16.004s] [100%] Built target gridfastslam
[16.061s] Invoked command in '/home/joel-bansal/multi_bot_map_merging/bharat_ws4/build/openslam_gmapping' returned '0': CMAKE_PREFIX_PATH=/opt/ros/humble /usr/bin/cmake --build /home/joel-bansal/multi_bot_map_merging/bharat_ws4/build/openslam_gmapping -- -j4 -l4
[16.255s] Invoking command in '/home/joel-bansal/multi_bot_map_merging/bharat_ws4/build/openslam_gmapping': CMAKE_PREFIX_PATH=/opt/ros/humble /usr/bin/cmake --install /home/joel-bansal/multi_bot_map_merging/bharat_ws4/build/openslam_gmapping
[16.300s] -- Install configuration: ""
[16.302s] -- Installing: /home/joel-bansal/multi_bot_map_merging/bharat_ws4/install/openslam_gmapping/share/openslam_gmapping/environment/library_path.sh
[16.302s] -- Installing: /home/joel-bansal/multi_bot_map_merging/bharat_ws4/install/openslam_gmapping/share/openslam_gmapping/environment/library_path.dsv
[16.303s] -- Installing: /home/joel-bansal/multi_bot_map_merging/bharat_ws4/install/openslam_gmapping/include/
[16.303s] -- Installing: /home/joel-bansal/multi_bot_map_merging/bharat_ws4/install/openslam_gmapping/include//gmapping
[16.303s] -- Installing: /home/joel-bansal/multi_bot_map_merging/bharat_ws4/install/openslam_gmapping/include//gmapping/grid
[16.305s] -- Installing: /home/joel-bansal/multi_bot_map_merging/bharat_ws4/install/openslam_gmapping/include//gmapping/grid/array2d.h
[16.305s] -- Installing: /home/joel-bansal/multi_bot_map_merging/bharat_ws4/install/openslam_gmapping/include//gmapping/grid/harray2d.h
[16.305s] -- Installing: /home/joel-bansal/multi_bot_map_merging/bharat_ws4/install/openslam_gmapping/include//gmapping/grid/accessstate.h
[16.309s] -- Installing: /home/joel-bansal/multi_bot_map_merging/bharat_ws4/install/openslam_gmapping/include//gmapping/grid/map.h
[16.309s] -- Installing: /home/joel-bansal/multi_bot_map_merging/bharat_ws4/install/openslam_gmapping/include//gmapping/gridfastslam
[16.309s] -- Installing: /home/joel-bansal/multi_bot_map_merging/bharat_ws4/install/openslam_gmapping/include//gmapping/gridfastslam/gridslamprocessor.h
[16.310s] -- Installing: /home/joel-bansal/multi_bot_map_merging/bharat_ws4/install/openslam_gmapping/include//gmapping/gridfastslam/motionmodel.h
[16.310s] -- Installing: /home/joel-bansal/multi_bot_map_merging/bharat_ws4/install/openslam_gmapping/include//gmapping/gridfastslam/gridslamprocessor.hxx
[16.310s] -- Installing: /home/joel-bansal/multi_bot_map_merging/bharat_ws4/install/openslam_gmapping/include//gmapping/log
[16.311s] -- Installing: /home/joel-bansal/multi_bot_map_merging/bharat_ws4/install/openslam_gmapping/include//gmapping/log/sensorlog.h
[16.311s] -- Installing: /home/joel-bansal/multi_bot_map_merging/bharat_ws4/install/openslam_gmapping/include//gmapping/log/configuration.h
[16.311s] -- Installing: /home/joel-bansal/multi_bot_map_merging/bharat_ws4/install/openslam_gmapping/include//gmapping/particlefilter
[16.311s] -- Installing: /home/joel-bansal/multi_bot_map_merging/bharat_ws4/install/openslam_gmapping/include//gmapping/particlefilter/particlefilter.h
[16.314s] -- Installing: /home/joel-bansal/multi_bot_map_merging/bharat_ws4/install/openslam_gmapping/include//gmapping/scanmatcher
[16.314s] -- Installing: /home/joel-bansal/multi_bot_map_merging/bharat_ws4/install/openslam_gmapping/include//gmapping/scanmatcher/scanmatcher.h
[16.315s] -- Installing: /home/joel-bansal/multi_bot_map_merging/bharat_ws4/install/openslam_gmapping/include//gmapping/scanmatcher/smmap.h
[16.316s] -- Installing: /home/joel-bansal/multi_bot_map_merging/bharat_ws4/install/openslam_gmapping/include//gmapping/scanmatcher/icp.h
[16.319s] -- Installing: /home/joel-bansal/multi_bot_map_merging/bharat_ws4/install/openslam_gmapping/include//gmapping/sensor
[16.319s] -- Installing: /home/joel-bansal/multi_bot_map_merging/bharat_ws4/install/openslam_gmapping/include//gmapping/sensor/sensor_base
[16.319s] -- Installing: /home/joel-bansal/multi_bot_map_merging/bharat_ws4/install/openslam_gmapping/include//gmapping/sensor/sensor_base/sensorreading.h
[16.319s] -- Installing: /home/joel-bansal/multi_bot_map_merging/bharat_ws4/install/openslam_gmapping/include//gmapping/sensor/sensor_base/sensor.h
[16.320s] -- Installing: /home/joel-bansal/multi_bot_map_merging/bharat_ws4/install/openslam_gmapping/include//gmapping/sensor/sensor_odometry
[16.320s] -- Installing: /home/joel-bansal/multi_bot_map_merging/bharat_ws4/install/openslam_gmapping/include//gmapping/sensor/sensor_odometry/odometrysensor.h
[16.321s] -- Installing: /home/joel-bansal/multi_bot_map_merging/bharat_ws4/install/openslam_gmapping/include//gmapping/sensor/sensor_odometry/odometryreading.h
[16.324s] -- Installing: /home/joel-bansal/multi_bot_map_merging/bharat_ws4/install/openslam_gmapping/include//gmapping/sensor/sensor_range
[16.324s] -- Installing: /home/joel-bansal/multi_bot_map_merging/bharat_ws4/install/openslam_gmapping/include//gmapping/sensor/sensor_range/rangereading.h
[16.324s] -- Installing: /home/joel-bansal/multi_bot_map_merging/bharat_ws4/install/openslam_gmapping/include//gmapping/sensor/sensor_range/rangesensor.h
[16.324s] -- Installing: /home/joel-bansal/multi_bot_map_merging/bharat_ws4/install/openslam_gmapping/include//gmapping/utils
[16.325s] -- Installing: /home/joel-bansal/multi_bot_map_merging/bharat_ws4/install/openslam_gmapping/include//gmapping/utils/autoptr.h
[16.325s] -- Installing: /home/joel-bansal/multi_bot_map_merging/bharat_ws4/install/openslam_gmapping/include//gmapping/utils/point.h
[16.325s] -- Installing: /home/joel-bansal/multi_bot_map_merging/bharat_ws4/install/openslam_gmapping/include//gmapping/utils/commandline.h
[16.325s] -- Installing: /home/joel-bansal/multi_bot_map_merging/bharat_ws4/install/openslam_gmapping/include//gmapping/utils/macro_params.h
[16.325s] -- Installing: /home/joel-bansal/multi_bot_map_merging/bharat_ws4/install/openslam_gmapping/include//gmapping/utils/gvalues.h
[16.326s] -- Installing: /home/joel-bansal/multi_bot_map_merging/bharat_ws4/install/openslam_gmapping/include//gmapping/utils/stat.h
[16.326s] -- Installing: /home/joel-bansal/multi_bot_map_merging/bharat_ws4/install/openslam_gmapping/share/ament_index/resource_index/package_run_dependencies/openslam_gmapping
[16.327s] -- Installing: /home/joel-bansal/multi_bot_map_merging/bharat_ws4/install/openslam_gmapping/share/ament_index/resource_index/parent_prefix_path/openslam_gmapping
[16.331s] -- Installing: /home/joel-bansal/multi_bot_map_merging/bharat_ws4/install/openslam_gmapping/share/openslam_gmapping/environment/ament_prefix_path.sh
[16.331s] -- Installing: /home/joel-bansal/multi_bot_map_merging/bharat_ws4/install/openslam_gmapping/share/openslam_gmapping/environment/ament_prefix_path.dsv
[16.332s] -- Installing: /home/joel-bansal/multi_bot_map_merging/bharat_ws4/install/openslam_gmapping/share/openslam_gmapping/environment/path.sh
[16.333s] -- Installing: /home/joel-bansal/multi_bot_map_merging/bharat_ws4/install/openslam_gmapping/share/openslam_gmapping/environment/path.dsv
[16.333s] -- Installing: /home/joel-bansal/multi_bot_map_merging/bharat_ws4/install/openslam_gmapping/share/openslam_gmapping/local_setup.bash
[16.335s] -- Installing: /home/joel-bansal/multi_bot_map_merging/bharat_ws4/install/openslam_gmapping/share/openslam_gmapping/local_setup.sh
[16.335s] -- Installing: /home/joel-bansal/multi_bot_map_merging/bharat_ws4/install/openslam_gmapping/share/openslam_gmapping/local_setup.zsh
[16.337s] -- Installing: /home/joel-bansal/multi_bot_map_merging/bharat_ws4/install/openslam_gmapping/share/openslam_gmapping/local_setup.dsv
[16.339s] -- Installing: /home/joel-bansal/multi_bot_map_merging/bharat_ws4/install/openslam_gmapping/share/openslam_gmapping/package.dsv
[16.339s] -- Installing: /home/joel-bansal/multi_bot_map_merging/bharat_ws4/install/openslam_gmapping/share/ament_index/resource_index/packages/openslam_gmapping
[16.339s] -- Installing: /home/joel-bansal/multi_bot_map_merging/bharat_ws4/install/openslam_gmapping/share/openslam_gmapping/cmake/ament_cmake_export_libraries-extras.cmake
[16.340s] -- Installing: /home/joel-bansal/multi_bot_map_merging/bharat_ws4/install/openslam_gmapping/share/openslam_gmapping/cmake/ament_cmake_export_include_directories-extras.cmake
[16.340s] -- Installing: /home/joel-bansal/multi_bot_map_merging/bharat_ws4/install/openslam_gmapping/share/openslam_gmapping/cmake/openslam_gmappingConfig.cmake
[16.343s] -- Installing: /home/joel-bansal/multi_bot_map_merging/bharat_ws4/install/openslam_gmapping/share/openslam_gmapping/cmake/openslam_gmappingConfig-version.cmake
[16.344s] -- Installing: /home/joel-bansal/multi_bot_map_merging/bharat_ws4/install/openslam_gmapping/share/openslam_gmapping/package.xml
[16.344s] -- Installing: /home/joel-bansal/multi_bot_map_merging/bharat_ws4/install/openslam_gmapping/lib/libgridfastslam.a
[16.347s] -- Installing: /home/joel-bansal/multi_bot_map_merging/bharat_ws4/install/openslam_gmapping/lib/libscanmatcher.a
[16.350s] -- Up-to-date: /home/joel-bansal/multi_bot_map_merging/bharat_ws4/install/openslam_gmapping/share/openslam_gmapping/environment/library_path.sh
[16.350s] -- Up-to-date: /home/joel-bansal/multi_bot_map_merging/bharat_ws4/install/openslam_gmapping/share/openslam_gmapping/environment/library_path.dsv
[16.354s] -- Installing: /home/joel-bansal/multi_bot_map_merging/bharat_ws4/install/openslam_gmapping/lib/libsensor_base.a
[16.354s] -- Up-to-date: /home/joel-bansal/multi_bot_map_merging/bharat_ws4/install/openslam_gmapping/share/openslam_gmapping/environment/library_path.sh
[16.354s] -- Up-to-date: /home/joel-bansal/multi_bot_map_merging/bharat_ws4/install/openslam_gmapping/share/openslam_gmapping/environment/library_path.dsv
[16.354s] -- Installing: /home/joel-bansal/multi_bot_map_merging/bharat_ws4/install/openslam_gmapping/lib/libsensor_odometry.a
[16.355s] -- Installing: /home/joel-bansal/multi_bot_map_merging/bharat_ws4/install/openslam_gmapping/lib/libsensor_range.a
[16.356s] -- Installing: /home/joel-bansal/multi_bot_map_merging/bharat_ws4/install/openslam_gmapping/lib/libutils.a
[16.356s] -- Up-to-date: /home/joel-bansal/multi_bot_map_merging/bharat_ws4/install/openslam_gmapping/share/openslam_gmapping/environment/library_path.sh
[16.356s] -- Up-to-date: /home/joel-bansal/multi_bot_map_merging/bharat_ws4/install/openslam_gmapping/share/openslam_gmapping/environment/library_path.dsv
[16.363s] Invoked command in '/home/joel-bansal/multi_bot_map_merging/bharat_ws4/build/openslam_gmapping' returned '0': CMAKE_PREFIX_PATH=/opt/ros/humble /usr/bin/cmake --install /home/joel-bansal/multi_bot_map_merging/bharat_ws4/build/openslam_gmapping
