[0.146s] DEBUG:colcon:Command line arguments: ['/home/jjbigdub/.local/bin/colcon', 'build']
[0.146s] DEBUG:colcon:Parsed command line arguments: Namespace(log_base=None, log_level=None, verb_name='build', build_base='build', install_base='install', merge_install=False, symlink_install=False, test_result_base=None, continue_on_error=False, executor='parallel', parallel_workers=16, event_handlers=None, ignore_user_meta=False, metas=['./colcon.meta'], base_paths=['.'], packages_ignore=None, packages_ignore_regex=None, paths=None, packages_up_to=None, packages_up_to_regex=None, packages_above=None, packages_above_and_dependencies=None, packages_above_depth=None, packages_select_by_dep=None, packages_skip_by_dep=None, packages_skip_up_to=None, packages_select_build_failed=False, packages_skip_build_finished=False, packages_select_test_failures=False, packages_skip_test_passed=False, packages_select=None, packages_skip=None, packages_select_regex=None, packages_skip_regex=None, packages_start=None, packages_end=None, allow_overriding=[], cmake_args=None, cmake_target=None, cmake_target_skip_unavailable=False, cmake_clean_cache=False, cmake_clean_first=False, cmake_force_configure=False, ament_cmake_args=None, catkin_cmake_args=None, catkin_skip_building_tests=False, mixin_files=None, mixin=None, verb_parser=<colcon_mixin.mixin.mixin_argument.MixinArgumentDecorator object at 0x71603634de10>, verb_extension=<colcon_core.verb.build.BuildVerb object at 0x71603634d5a0>, main=<bound method BuildVerb.main of <colcon_core.verb.build.BuildVerb object at 0x71603634d5a0>>, mixin_verb=('build',))
[0.195s] Level 1:colcon.colcon_core.package_discovery:discover_packages(colcon_meta) check parameters
[0.195s] Level 1:colcon.colcon_core.package_discovery:discover_packages(recursive) check parameters
[0.195s] Level 1:colcon.colcon_core.package_discovery:discover_packages(ignore) check parameters
[0.195s] Level 1:colcon.colcon_core.package_discovery:discover_packages(path) check parameters
[0.195s] Level 1:colcon.colcon_core.package_discovery:discover_packages(colcon_meta) discover
[0.195s] Level 1:colcon.colcon_core.package_discovery:discover_packages(recursive) discover
[0.195s] INFO:colcon.colcon_core.package_discovery:Crawling recursively for packages in '/home/jjbigdub/gitrepo/bharatforge-iitk/sim/rosslam_multi'
[0.195s] Level 1:colcon.colcon_core.package_identification:_identify(.) by extensions ['ignore', 'ignore_ament_install']
[0.195s] Level 1:colcon.colcon_core.package_identification:_identify(.) by extension 'ignore'
[0.195s] Level 1:colcon.colcon_core.package_identification:_identify(.) by extension 'ignore_ament_install'
[0.195s] Level 1:colcon.colcon_core.package_identification:_identify(.) by extensions ['colcon_pkg']
[0.196s] Level 1:colcon.colcon_core.package_identification:_identify(.) by extension 'colcon_pkg'
[0.196s] Level 1:colcon.colcon_core.package_identification:_identify(.) by extensions ['colcon_meta']
[0.196s] Level 1:colcon.colcon_core.package_identification:_identify(.) by extension 'colcon_meta'
[0.196s] Level 1:colcon.colcon_core.package_identification:_identify(.) by extensions ['ros']
[0.196s] Level 1:colcon.colcon_core.package_identification:_identify(.) by extension 'ros'
[0.217s] Level 1:colcon.colcon_core.package_identification:_identify(.) by extensions ['cmake', 'python']
[0.217s] Level 1:colcon.colcon_core.package_identification:_identify(.) by extension 'cmake'
[0.217s] Level 1:colcon.colcon_core.package_identification:_identify(.) by extension 'python'
[0.217s] Level 1:colcon.colcon_core.package_identification:_identify(.) by extensions ['python_setup_py']
[0.217s] Level 1:colcon.colcon_core.package_identification:_identify(.) by extension 'python_setup_py'
[0.217s] Level 1:colcon.colcon_core.package_identification:_identify(build) by extensions ['ignore', 'ignore_ament_install']
[0.217s] Level 1:colcon.colcon_core.package_identification:_identify(build) by extension 'ignore'
[0.217s] Level 1:colcon.colcon_core.package_identification:_identify(build) ignored
[0.217s] Level 1:colcon.colcon_core.package_identification:_identify(install) by extensions ['ignore', 'ignore_ament_install']
[0.217s] Level 1:colcon.colcon_core.package_identification:_identify(install) by extension 'ignore'
[0.217s] Level 1:colcon.colcon_core.package_identification:_identify(install) ignored
[0.217s] Level 1:colcon.colcon_core.package_identification:_identify(log) by extensions ['ignore', 'ignore_ament_install']
[0.217s] Level 1:colcon.colcon_core.package_identification:_identify(log) by extension 'ignore'
[0.217s] Level 1:colcon.colcon_core.package_identification:_identify(log) ignored
[0.217s] Level 1:colcon.colcon_core.package_identification:_identify(src) by extensions ['ignore', 'ignore_ament_install']
[0.217s] Level 1:colcon.colcon_core.package_identification:_identify(src) by extension 'ignore'
[0.217s] Level 1:colcon.colcon_core.package_identification:_identify(src) by extension 'ignore_ament_install'
[0.218s] Level 1:colcon.colcon_core.package_identification:_identify(src) by extensions ['colcon_pkg']
[0.218s] Level 1:colcon.colcon_core.package_identification:_identify(src) by extension 'colcon_pkg'
[0.218s] Level 1:colcon.colcon_core.package_identification:_identify(src) by extensions ['colcon_meta']
[0.218s] Level 1:colcon.colcon_core.package_identification:_identify(src) by extension 'colcon_meta'
[0.218s] Level 1:colcon.colcon_core.package_identification:_identify(src) by extensions ['ros']
[0.218s] Level 1:colcon.colcon_core.package_identification:_identify(src) by extension 'ros'
[0.218s] Level 1:colcon.colcon_core.package_identification:_identify(src) by extensions ['cmake', 'python']
[0.218s] Level 1:colcon.colcon_core.package_identification:_identify(src) by extension 'cmake'
[0.218s] Level 1:colcon.colcon_core.package_identification:_identify(src) by extension 'python'
[0.218s] Level 1:colcon.colcon_core.package_identification:_identify(src) by extensions ['python_setup_py']
[0.218s] Level 1:colcon.colcon_core.package_identification:_identify(src) by extension 'python_setup_py'
[0.218s] Level 1:colcon.colcon_core.package_identification:_identify(src/m-explore-ros2) by extensions ['ignore', 'ignore_ament_install']
[0.218s] Level 1:colcon.colcon_core.package_identification:_identify(src/m-explore-ros2) by extension 'ignore'
[0.218s] Level 1:colcon.colcon_core.package_identification:_identify(src/m-explore-ros2) by extension 'ignore_ament_install'
[0.218s] Level 1:colcon.colcon_core.package_identification:_identify(src/m-explore-ros2) by extensions ['colcon_pkg']
[0.218s] Level 1:colcon.colcon_core.package_identification:_identify(src/m-explore-ros2) by extension 'colcon_pkg'
[0.218s] Level 1:colcon.colcon_core.package_identification:_identify(src/m-explore-ros2) by extensions ['colcon_meta']
[0.218s] Level 1:colcon.colcon_core.package_identification:_identify(src/m-explore-ros2) by extension 'colcon_meta'
[0.218s] Level 1:colcon.colcon_core.package_identification:_identify(src/m-explore-ros2) by extensions ['ros']
[0.218s] Level 1:colcon.colcon_core.package_identification:_identify(src/m-explore-ros2) by extension 'ros'
[0.218s] Level 1:colcon.colcon_core.package_identification:_identify(src/m-explore-ros2) by extensions ['cmake', 'python']
[0.218s] Level 1:colcon.colcon_core.package_identification:_identify(src/m-explore-ros2) by extension 'cmake'
[0.218s] Level 1:colcon.colcon_core.package_identification:_identify(src/m-explore-ros2) by extension 'python'
[0.218s] Level 1:colcon.colcon_core.package_identification:_identify(src/m-explore-ros2) by extensions ['python_setup_py']
[0.218s] Level 1:colcon.colcon_core.package_identification:_identify(src/m-explore-ros2) by extension 'python_setup_py'
[0.219s] Level 1:colcon.colcon_core.package_identification:_identify(src/m-explore-ros2/explore) by extensions ['ignore', 'ignore_ament_install']
[0.219s] Level 1:colcon.colcon_core.package_identification:_identify(src/m-explore-ros2/explore) by extension 'ignore'
[0.219s] Level 1:colcon.colcon_core.package_identification:_identify(src/m-explore-ros2/explore) by extension 'ignore_ament_install'
[0.219s] Level 1:colcon.colcon_core.package_identification:_identify(src/m-explore-ros2/explore) by extensions ['colcon_pkg']
[0.219s] Level 1:colcon.colcon_core.package_identification:_identify(src/m-explore-ros2/explore) by extension 'colcon_pkg'
[0.219s] Level 1:colcon.colcon_core.package_identification:_identify(src/m-explore-ros2/explore) by extensions ['colcon_meta']
[0.219s] Level 1:colcon.colcon_core.package_identification:_identify(src/m-explore-ros2/explore) by extension 'colcon_meta'
[0.219s] Level 1:colcon.colcon_core.package_identification:_identify(src/m-explore-ros2/explore) by extensions ['ros']
[0.219s] Level 1:colcon.colcon_core.package_identification:_identify(src/m-explore-ros2/explore) by extension 'ros'
[0.224s] DEBUG:colcon.colcon_core.package_identification:Package 'src/m-explore-ros2/explore' with type 'ros.ament_cmake' and name 'explore_lite'
[0.224s] Level 1:colcon.colcon_core.package_identification:_identify(src/m-explore-ros2/map_merge) by extensions ['ignore', 'ignore_ament_install']
[0.224s] Level 1:colcon.colcon_core.package_identification:_identify(src/m-explore-ros2/map_merge) by extension 'ignore'
[0.224s] Level 1:colcon.colcon_core.package_identification:_identify(src/m-explore-ros2/map_merge) by extension 'ignore_ament_install'
[0.224s] Level 1:colcon.colcon_core.package_identification:_identify(src/m-explore-ros2/map_merge) by extensions ['colcon_pkg']
[0.224s] Level 1:colcon.colcon_core.package_identification:_identify(src/m-explore-ros2/map_merge) by extension 'colcon_pkg'
[0.224s] Level 1:colcon.colcon_core.package_identification:_identify(src/m-explore-ros2/map_merge) by extensions ['colcon_meta']
[0.224s] Level 1:colcon.colcon_core.package_identification:_identify(src/m-explore-ros2/map_merge) by extension 'colcon_meta'
[0.224s] Level 1:colcon.colcon_core.package_identification:_identify(src/m-explore-ros2/map_merge) by extensions ['ros']
[0.224s] Level 1:colcon.colcon_core.package_identification:_identify(src/m-explore-ros2/map_merge) by extension 'ros'
[0.225s] DEBUG:colcon.colcon_core.package_identification:Package 'src/m-explore-ros2/map_merge' with type 'ros.ament_cmake' and name 'multirobot_map_merge'
[0.225s] Level 1:colcon.colcon_core.package_discovery:discover_packages(recursive) using defaults
[0.225s] Level 1:colcon.colcon_core.package_discovery:discover_packages(ignore) discover
[0.225s] Level 1:colcon.colcon_core.package_discovery:discover_packages(ignore) using defaults
[0.225s] Level 1:colcon.colcon_core.package_discovery:discover_packages(path) discover
[0.226s] Level 1:colcon.colcon_core.package_discovery:discover_packages(path) using defaults
[0.245s] Level 1:colcon.colcon_core.package_discovery:discover_packages(prefix_path) check parameters
[0.245s] Level 1:colcon.colcon_core.package_discovery:discover_packages(prefix_path) discover
[0.249s] DEBUG:colcon.colcon_installed_package_information.package_discovery:Found 2 installed packages in /home/jjbigdub/gitrepo/bharatforge-iitk/sim/rosslam_multi/install
[0.249s] DEBUG:colcon.colcon_installed_package_information.package_discovery:Found 4 installed packages in /home/jjbigdub/gitrepo/mkc_ws/install
[0.250s] DEBUG:colcon.colcon_installed_package_information.package_discovery:Found 2 installed packages in /home/jjbigdub/gitrepo/ros2_ws/install
[0.250s] DEBUG:colcon.colcon_installed_package_information.package_discovery:Found 1 installed packages in /home/jjbigdub/gitrepo/bcr_bot/install
[0.250s] DEBUG:colcon.colcon_installed_package_information.package_discovery:Found 1 installed packages in /home/jjbigdub/urdf_ws/install
[0.251s] DEBUG:colcon.colcon_installed_package_information.package_discovery:Found 1 installed packages in /home/jjbigdub/ros2_ws/install
[0.251s] DEBUG:colcon.colcon_installed_package_information.package_discovery:Found 3 installed packages in /home/jjbigdub/ros2loc_ws/install
[0.251s] DEBUG:colcon.colcon_installed_package_information.package_discovery:Found 1 installed packages in /home/jjbigdub/gitrepo/RoboCup24/localization_24/install
[0.252s] DEBUG:colcon.colcon_installed_package_information.package_discovery:Found 2 installed packages in /home/jjbigdub/gitrepo/rosslam_ws3/install
[0.253s] DEBUG:colcon.colcon_installed_package_information.package_discovery:Found 396 installed packages in /opt/ros/humble
[0.255s] Level 1:colcon.colcon_core.package_discovery:discover_packages(prefix_path) using defaults
[0.309s] Level 5:colcon.colcon_core.verb:set package 'explore_lite' build argument 'cmake_args' from command line to 'None'
[0.309s] Level 5:colcon.colcon_core.verb:set package 'explore_lite' build argument 'cmake_target' from command line to 'None'
[0.309s] Level 5:colcon.colcon_core.verb:set package 'explore_lite' build argument 'cmake_target_skip_unavailable' from command line to 'False'
[0.309s] Level 5:colcon.colcon_core.verb:set package 'explore_lite' build argument 'cmake_clean_cache' from command line to 'False'
[0.309s] Level 5:colcon.colcon_core.verb:set package 'explore_lite' build argument 'cmake_clean_first' from command line to 'False'
[0.309s] Level 5:colcon.colcon_core.verb:set package 'explore_lite' build argument 'cmake_force_configure' from command line to 'False'
[0.309s] Level 5:colcon.colcon_core.verb:set package 'explore_lite' build argument 'ament_cmake_args' from command line to 'None'
[0.309s] Level 5:colcon.colcon_core.verb:set package 'explore_lite' build argument 'catkin_cmake_args' from command line to 'None'
[0.309s] Level 5:colcon.colcon_core.verb:set package 'explore_lite' build argument 'catkin_skip_building_tests' from command line to 'False'
[0.309s] DEBUG:colcon.colcon_core.verb:Building package 'explore_lite' with the following arguments: {'ament_cmake_args': None, 'build_base': '/home/jjbigdub/gitrepo/bharatforge-iitk/sim/rosslam_multi/build/explore_lite', 'catkin_cmake_args': None, 'catkin_skip_building_tests': False, 'cmake_args': None, 'cmake_clean_cache': False, 'cmake_clean_first': False, 'cmake_force_configure': False, 'cmake_target': None, 'cmake_target_skip_unavailable': False, 'install_base': '/home/jjbigdub/gitrepo/bharatforge-iitk/sim/rosslam_multi/install/explore_lite', 'merge_install': False, 'path': '/home/jjbigdub/gitrepo/bharatforge-iitk/sim/rosslam_multi/src/m-explore-ros2/explore', 'symlink_install': False, 'test_result_base': None}
[0.309s] Level 5:colcon.colcon_core.verb:set package 'multirobot_map_merge' build argument 'cmake_args' from command line to 'None'
[0.309s] Level 5:colcon.colcon_core.verb:set package 'multirobot_map_merge' build argument 'cmake_target' from command line to 'None'
[0.309s] Level 5:colcon.colcon_core.verb:set package 'multirobot_map_merge' build argument 'cmake_target_skip_unavailable' from command line to 'False'
[0.309s] Level 5:colcon.colcon_core.verb:set package 'multirobot_map_merge' build argument 'cmake_clean_cache' from command line to 'False'
[0.309s] Level 5:colcon.colcon_core.verb:set package 'multirobot_map_merge' build argument 'cmake_clean_first' from command line to 'False'
[0.309s] Level 5:colcon.colcon_core.verb:set package 'multirobot_map_merge' build argument 'cmake_force_configure' from command line to 'False'
[0.309s] Level 5:colcon.colcon_core.verb:set package 'multirobot_map_merge' build argument 'ament_cmake_args' from command line to 'None'
[0.309s] Level 5:colcon.colcon_core.verb:set package 'multirobot_map_merge' build argument 'catkin_cmake_args' from command line to 'None'
[0.309s] Level 5:colcon.colcon_core.verb:set package 'multirobot_map_merge' build argument 'catkin_skip_building_tests' from command line to 'False'
[0.309s] DEBUG:colcon.colcon_core.verb:Building package 'multirobot_map_merge' with the following arguments: {'ament_cmake_args': None, 'build_base': '/home/jjbigdub/gitrepo/bharatforge-iitk/sim/rosslam_multi/build/multirobot_map_merge', 'catkin_cmake_args': None, 'catkin_skip_building_tests': False, 'cmake_args': None, 'cmake_clean_cache': False, 'cmake_clean_first': False, 'cmake_force_configure': False, 'cmake_target': None, 'cmake_target_skip_unavailable': False, 'install_base': '/home/jjbigdub/gitrepo/bharatforge-iitk/sim/rosslam_multi/install/multirobot_map_merge', 'merge_install': False, 'path': '/home/jjbigdub/gitrepo/bharatforge-iitk/sim/rosslam_multi/src/m-explore-ros2/map_merge', 'symlink_install': False, 'test_result_base': None}
[0.309s] INFO:colcon.colcon_core.executor:Executing jobs using 'parallel' executor
[0.310s] DEBUG:colcon.colcon_parallel_executor.executor.parallel:run_until_complete
[0.310s] INFO:colcon.colcon_ros.task.ament_cmake.build:Building ROS package in '/home/jjbigdub/gitrepo/bharatforge-iitk/sim/rosslam_multi/src/m-explore-ros2/explore' with build type 'ament_cmake'
[0.311s] INFO:colcon.colcon_cmake.task.cmake.build:Building CMake package in '/home/jjbigdub/gitrepo/bharatforge-iitk/sim/rosslam_multi/src/m-explore-ros2/explore'
[0.314s] INFO:colcon.colcon_core.plugin_system:Skipping extension 'colcon_core.shell.bat': Not used on non-Windows systems
[0.314s] INFO:colcon.colcon_core.shell:Skip shell extension 'powershell' for command environment: Not usable outside of PowerShell
[0.314s] DEBUG:colcon.colcon_core.shell:Skip shell extension 'dsv' for command environment
[0.321s] INFO:colcon.colcon_ros.task.ament_cmake.build:Building ROS package in '/home/jjbigdub/gitrepo/bharatforge-iitk/sim/rosslam_multi/src/m-explore-ros2/map_merge' with build type 'ament_cmake'
[0.321s] INFO:colcon.colcon_cmake.task.cmake.build:Building CMake package in '/home/jjbigdub/gitrepo/bharatforge-iitk/sim/rosslam_multi/src/m-explore-ros2/map_merge'
[0.321s] INFO:colcon.colcon_core.shell:Skip shell extension 'powershell' for command environment: Not usable outside of PowerShell
[0.321s] DEBUG:colcon.colcon_core.shell:Skip shell extension 'dsv' for command environment
[0.331s] DEBUG:colcon.colcon_core.event_handler.log_command:Invoking command in '/home/jjbigdub/gitrepo/bharatforge-iitk/sim/rosslam_multi/build/explore_lite': CMAKE_PREFIX_PATH=${CMAKE_PREFIX_PATH}:/home/jjbigdub/ros2_ws/install/math1:/home/jjbigdub/urdf_ws/install/rocker_description:/opt/ros/humble /usr/bin/cmake --build /home/jjbigdub/gitrepo/bharatforge-iitk/sim/rosslam_multi/build/explore_lite -- -j16 -l16
[0.336s] DEBUG:colcon.colcon_core.event_handler.log_command:Invoking command in '/home/jjbigdub/gitrepo/bharatforge-iitk/sim/rosslam_multi/build/multirobot_map_merge': CMAKE_PREFIX_PATH=${CMAKE_PREFIX_PATH}:/home/jjbigdub/ros2_ws/install/math1:/home/jjbigdub/urdf_ws/install/rocker_description:/opt/ros/humble /usr/bin/cmake --build /home/jjbigdub/gitrepo/bharatforge-iitk/sim/rosslam_multi/build/multirobot_map_merge -- -j16 -l16
[1.361s] DEBUG:colcon.colcon_core.event_handler.log_command:Invoked command in '/home/jjbigdub/gitrepo/bharatforge-iitk/sim/rosslam_multi/build/explore_lite' returned '0': CMAKE_PREFIX_PATH=${CMAKE_PREFIX_PATH}:/home/jjbigdub/ros2_ws/install/math1:/home/jjbigdub/urdf_ws/install/rocker_description:/opt/ros/humble /usr/bin/cmake --build /home/jjbigdub/gitrepo/bharatforge-iitk/sim/rosslam_multi/build/explore_lite -- -j16 -l16
[1.370s] DEBUG:colcon.colcon_core.event_handler.log_command:Invoked command in '/home/jjbigdub/gitrepo/bharatforge-iitk/sim/rosslam_multi/build/multirobot_map_merge' returned '0': CMAKE_PREFIX_PATH=${CMAKE_PREFIX_PATH}:/home/jjbigdub/ros2_ws/install/math1:/home/jjbigdub/urdf_ws/install/rocker_description:/opt/ros/humble /usr/bin/cmake --build /home/jjbigdub/gitrepo/bharatforge-iitk/sim/rosslam_multi/build/multirobot_map_merge -- -j16 -l16
[1.414s] DEBUG:colcon.colcon_core.event_handler.log_command:Invoking command in '/home/jjbigdub/gitrepo/bharatforge-iitk/sim/rosslam_multi/build/explore_lite': CMAKE_PREFIX_PATH=${CMAKE_PREFIX_PATH}:/home/jjbigdub/ros2_ws/install/math1:/home/jjbigdub/urdf_ws/install/rocker_description:/opt/ros/humble /usr/bin/cmake --install /home/jjbigdub/gitrepo/bharatforge-iitk/sim/rosslam_multi/build/explore_lite
[1.417s] DEBUG:colcon.colcon_core.event_handler.log_command:Invoking command in '/home/jjbigdub/gitrepo/bharatforge-iitk/sim/rosslam_multi/build/multirobot_map_merge': CMAKE_PREFIX_PATH=${CMAKE_PREFIX_PATH}:/home/jjbigdub/ros2_ws/install/math1:/home/jjbigdub/urdf_ws/install/rocker_description:/opt/ros/humble /usr/bin/cmake --install /home/jjbigdub/gitrepo/bharatforge-iitk/sim/rosslam_multi/build/multirobot_map_merge
[1.428s] Level 1:colcon.colcon_core.environment:create_environment_scripts_only(explore_lite)
[1.429s] DEBUG:colcon.colcon_core.event_handler.log_command:Invoked command in '/home/jjbigdub/gitrepo/bharatforge-iitk/sim/rosslam_multi/build/explore_lite' returned '0': CMAKE_PREFIX_PATH=${CMAKE_PREFIX_PATH}:/home/jjbigdub/ros2_ws/install/math1:/home/jjbigdub/urdf_ws/install/rocker_description:/opt/ros/humble /usr/bin/cmake --install /home/jjbigdub/gitrepo/bharatforge-iitk/sim/rosslam_multi/build/explore_lite
[1.434s] Level 1:colcon.colcon_core.environment:checking '/home/jjbigdub/gitrepo/bharatforge-iitk/sim/rosslam_multi/install/explore_lite' for CMake module files
[1.435s] Level 1:colcon.colcon_core.environment:checking '/home/jjbigdub/gitrepo/bharatforge-iitk/sim/rosslam_multi/install/explore_lite' for CMake config files
[1.436s] Level 1:colcon.colcon_core.shell:create_environment_hook('explore_lite', 'cmake_prefix_path')
[1.436s] INFO:colcon.colcon_core.shell:Creating environment hook '/home/jjbigdub/gitrepo/bharatforge-iitk/sim/rosslam_multi/install/explore_lite/share/explore_lite/hook/cmake_prefix_path.ps1'
[1.437s] INFO:colcon.colcon_core.shell:Creating environment descriptor '/home/jjbigdub/gitrepo/bharatforge-iitk/sim/rosslam_multi/install/explore_lite/share/explore_lite/hook/cmake_prefix_path.dsv'
[1.437s] INFO:colcon.colcon_core.shell:Creating environment hook '/home/jjbigdub/gitrepo/bharatforge-iitk/sim/rosslam_multi/install/explore_lite/share/explore_lite/hook/cmake_prefix_path.sh'
[1.438s] Level 1:colcon.colcon_core.environment:checking '/home/jjbigdub/gitrepo/bharatforge-iitk/sim/rosslam_multi/install/explore_lite/lib'
[1.438s] Level 1:colcon.colcon_core.environment:checking '/home/jjbigdub/gitrepo/bharatforge-iitk/sim/rosslam_multi/install/explore_lite/bin'
[1.438s] Level 1:colcon.colcon_core.environment:checking '/home/jjbigdub/gitrepo/bharatforge-iitk/sim/rosslam_multi/install/explore_lite/lib/pkgconfig/explore_lite.pc'
[1.439s] Level 1:colcon.colcon_core.environment:checking '/home/jjbigdub/gitrepo/bharatforge-iitk/sim/rosslam_multi/install/explore_lite/lib/python3.10/site-packages'
[1.439s] Level 1:colcon.colcon_core.environment:checking '/home/jjbigdub/gitrepo/bharatforge-iitk/sim/rosslam_multi/install/explore_lite/bin'
[1.439s] INFO:colcon.colcon_core.shell:Creating package script '/home/jjbigdub/gitrepo/bharatforge-iitk/sim/rosslam_multi/install/explore_lite/share/explore_lite/package.ps1'
[1.440s] INFO:colcon.colcon_core.shell:Creating package descriptor '/home/jjbigdub/gitrepo/bharatforge-iitk/sim/rosslam_multi/install/explore_lite/share/explore_lite/package.dsv'
[1.441s] INFO:colcon.colcon_core.shell:Creating package script '/home/jjbigdub/gitrepo/bharatforge-iitk/sim/rosslam_multi/install/explore_lite/share/explore_lite/package.sh'
[1.441s] INFO:colcon.colcon_core.shell:Creating package script '/home/jjbigdub/gitrepo/bharatforge-iitk/sim/rosslam_multi/install/explore_lite/share/explore_lite/package.bash'
[1.442s] INFO:colcon.colcon_core.shell:Creating package script '/home/jjbigdub/gitrepo/bharatforge-iitk/sim/rosslam_multi/install/explore_lite/share/explore_lite/package.zsh'
[1.443s] Level 1:colcon.colcon_core.environment:create_file_with_runtime_dependencies(/home/jjbigdub/gitrepo/bharatforge-iitk/sim/rosslam_multi/install/explore_lite/share/colcon-core/packages/explore_lite)
[1.444s] Level 1:colcon.colcon_core.environment:create_environment_scripts_only(multirobot_map_merge)
[1.445s] Level 1:colcon.colcon_core.environment:checking '/home/jjbigdub/gitrepo/bharatforge-iitk/sim/rosslam_multi/install/multirobot_map_merge' for CMake module files
[1.445s] DEBUG:colcon.colcon_core.event_handler.log_command:Invoked command in '/home/jjbigdub/gitrepo/bharatforge-iitk/sim/rosslam_multi/build/multirobot_map_merge' returned '0': CMAKE_PREFIX_PATH=${CMAKE_PREFIX_PATH}:/home/jjbigdub/ros2_ws/install/math1:/home/jjbigdub/urdf_ws/install/rocker_description:/opt/ros/humble /usr/bin/cmake --install /home/jjbigdub/gitrepo/bharatforge-iitk/sim/rosslam_multi/build/multirobot_map_merge
[1.446s] Level 1:colcon.colcon_core.environment:checking '/home/jjbigdub/gitrepo/bharatforge-iitk/sim/rosslam_multi/install/multirobot_map_merge' for CMake config files
[1.447s] Level 1:colcon.colcon_core.shell:create_environment_hook('multirobot_map_merge', 'cmake_prefix_path')
[1.447s] INFO:colcon.colcon_core.shell:Creating environment hook '/home/jjbigdub/gitrepo/bharatforge-iitk/sim/rosslam_multi/install/multirobot_map_merge/share/multirobot_map_merge/hook/cmake_prefix_path.ps1'
[1.447s] INFO:colcon.colcon_core.shell:Creating environment descriptor '/home/jjbigdub/gitrepo/bharatforge-iitk/sim/rosslam_multi/install/multirobot_map_merge/share/multirobot_map_merge/hook/cmake_prefix_path.dsv'
[1.448s] INFO:colcon.colcon_core.shell:Creating environment hook '/home/jjbigdub/gitrepo/bharatforge-iitk/sim/rosslam_multi/install/multirobot_map_merge/share/multirobot_map_merge/hook/cmake_prefix_path.sh'
[1.448s] Level 1:colcon.colcon_core.environment:checking '/home/jjbigdub/gitrepo/bharatforge-iitk/sim/rosslam_multi/install/multirobot_map_merge/lib'
[1.448s] Level 1:colcon.colcon_core.environment:checking '/home/jjbigdub/gitrepo/bharatforge-iitk/sim/rosslam_multi/install/multirobot_map_merge/bin'
[1.448s] Level 1:colcon.colcon_core.environment:checking '/home/jjbigdub/gitrepo/bharatforge-iitk/sim/rosslam_multi/install/multirobot_map_merge/lib/pkgconfig/multirobot_map_merge.pc'
[1.448s] Level 1:colcon.colcon_core.environment:checking '/home/jjbigdub/gitrepo/bharatforge-iitk/sim/rosslam_multi/install/multirobot_map_merge/lib/python3.10/site-packages'
[1.448s] Level 1:colcon.colcon_core.environment:checking '/home/jjbigdub/gitrepo/bharatforge-iitk/sim/rosslam_multi/install/multirobot_map_merge/bin'
[1.449s] INFO:colcon.colcon_core.shell:Creating package script '/home/jjbigdub/gitrepo/bharatforge-iitk/sim/rosslam_multi/install/multirobot_map_merge/share/multirobot_map_merge/package.ps1'
[1.449s] INFO:colcon.colcon_core.shell:Creating package descriptor '/home/jjbigdub/gitrepo/bharatforge-iitk/sim/rosslam_multi/install/multirobot_map_merge/share/multirobot_map_merge/package.dsv'
[1.449s] INFO:colcon.colcon_core.shell:Creating package script '/home/jjbigdub/gitrepo/bharatforge-iitk/sim/rosslam_multi/install/multirobot_map_merge/share/multirobot_map_merge/package.sh'
[1.450s] INFO:colcon.colcon_core.shell:Creating package script '/home/jjbigdub/gitrepo/bharatforge-iitk/sim/rosslam_multi/install/multirobot_map_merge/share/multirobot_map_merge/package.bash'
[1.450s] INFO:colcon.colcon_core.shell:Creating package script '/home/jjbigdub/gitrepo/bharatforge-iitk/sim/rosslam_multi/install/multirobot_map_merge/share/multirobot_map_merge/package.zsh'
[1.450s] Level 1:colcon.colcon_core.environment:create_file_with_runtime_dependencies(/home/jjbigdub/gitrepo/bharatforge-iitk/sim/rosslam_multi/install/multirobot_map_merge/share/colcon-core/packages/multirobot_map_merge)
[1.486s] Level 1:colcon.colcon_core.environment:create_environment_scripts_only(explore_lite)
[1.486s] Level 1:colcon.colcon_core.environment:checking '/home/jjbigdub/gitrepo/bharatforge-iitk/sim/rosslam_multi/install/explore_lite' for CMake module files
[1.487s] Level 1:colcon.colcon_core.environment:checking '/home/jjbigdub/gitrepo/bharatforge-iitk/sim/rosslam_multi/install/explore_lite' for CMake config files
[1.487s] Level 1:colcon.colcon_core.shell:create_environment_hook('explore_lite', 'cmake_prefix_path')
[1.487s] INFO:colcon.colcon_core.shell:Creating environment hook '/home/jjbigdub/gitrepo/bharatforge-iitk/sim/rosslam_multi/install/explore_lite/share/explore_lite/hook/cmake_prefix_path.ps1'
[1.488s] INFO:colcon.colcon_core.shell:Creating environment descriptor '/home/jjbigdub/gitrepo/bharatforge-iitk/sim/rosslam_multi/install/explore_lite/share/explore_lite/hook/cmake_prefix_path.dsv'
[1.488s] INFO:colcon.colcon_core.shell:Creating environment hook '/home/jjbigdub/gitrepo/bharatforge-iitk/sim/rosslam_multi/install/explore_lite/share/explore_lite/hook/cmake_prefix_path.sh'
[1.489s] Level 1:colcon.colcon_core.environment:checking '/home/jjbigdub/gitrepo/bharatforge-iitk/sim/rosslam_multi/install/explore_lite/lib'
[1.489s] Level 1:colcon.colcon_core.environment:checking '/home/jjbigdub/gitrepo/bharatforge-iitk/sim/rosslam_multi/install/explore_lite/bin'
[1.489s] Level 1:colcon.colcon_core.environment:checking '/home/jjbigdub/gitrepo/bharatforge-iitk/sim/rosslam_multi/install/explore_lite/lib/pkgconfig/explore_lite.pc'
[1.489s] Level 1:colcon.colcon_core.environment:checking '/home/jjbigdub/gitrepo/bharatforge-iitk/sim/rosslam_multi/install/explore_lite/lib/python3.10/site-packages'
[1.489s] Level 1:colcon.colcon_core.environment:checking '/home/jjbigdub/gitrepo/bharatforge-iitk/sim/rosslam_multi/install/explore_lite/bin'
[1.489s] INFO:colcon.colcon_core.shell:Creating package script '/home/jjbigdub/gitrepo/bharatforge-iitk/sim/rosslam_multi/install/explore_lite/share/explore_lite/package.ps1'
[1.490s] INFO:colcon.colcon_core.shell:Creating package descriptor '/home/jjbigdub/gitrepo/bharatforge-iitk/sim/rosslam_multi/install/explore_lite/share/explore_lite/package.dsv'
[1.490s] INFO:colcon.colcon_core.shell:Creating package script '/home/jjbigdub/gitrepo/bharatforge-iitk/sim/rosslam_multi/install/explore_lite/share/explore_lite/package.sh'
[1.490s] INFO:colcon.colcon_core.shell:Creating package script '/home/jjbigdub/gitrepo/bharatforge-iitk/sim/rosslam_multi/install/explore_lite/share/explore_lite/package.bash'
[1.491s] INFO:colcon.colcon_core.shell:Creating package script '/home/jjbigdub/gitrepo/bharatforge-iitk/sim/rosslam_multi/install/explore_lite/share/explore_lite/package.zsh'
[1.491s] Level 1:colcon.colcon_core.environment:create_file_with_runtime_dependencies(/home/jjbigdub/gitrepo/bharatforge-iitk/sim/rosslam_multi/install/explore_lite/share/colcon-core/packages/explore_lite)
[1.497s] Level 1:colcon.colcon_core.environment:create_environment_scripts_only(multirobot_map_merge)
[1.497s] Level 1:colcon.colcon_core.environment:checking '/home/jjbigdub/gitrepo/bharatforge-iitk/sim/rosslam_multi/install/multirobot_map_merge' for CMake module files
[1.497s] Level 1:colcon.colcon_core.environment:checking '/home/jjbigdub/gitrepo/bharatforge-iitk/sim/rosslam_multi/install/multirobot_map_merge' for CMake config files
[1.498s] Level 1:colcon.colcon_core.shell:create_environment_hook('multirobot_map_merge', 'cmake_prefix_path')
[1.498s] INFO:colcon.colcon_core.shell:Creating environment hook '/home/jjbigdub/gitrepo/bharatforge-iitk/sim/rosslam_multi/install/multirobot_map_merge/share/multirobot_map_merge/hook/cmake_prefix_path.ps1'
[1.499s] INFO:colcon.colcon_core.shell:Creating environment descriptor '/home/jjbigdub/gitrepo/bharatforge-iitk/sim/rosslam_multi/install/multirobot_map_merge/share/multirobot_map_merge/hook/cmake_prefix_path.dsv'
[1.499s] INFO:colcon.colcon_core.shell:Creating environment hook '/home/jjbigdub/gitrepo/bharatforge-iitk/sim/rosslam_multi/install/multirobot_map_merge/share/multirobot_map_merge/hook/cmake_prefix_path.sh'
[1.499s] Level 1:colcon.colcon_core.environment:checking '/home/jjbigdub/gitrepo/bharatforge-iitk/sim/rosslam_multi/install/multirobot_map_merge/lib'
[1.499s] Level 1:colcon.colcon_core.environment:checking '/home/jjbigdub/gitrepo/bharatforge-iitk/sim/rosslam_multi/install/multirobot_map_merge/bin'
[1.499s] Level 1:colcon.colcon_core.environment:checking '/home/jjbigdub/gitrepo/bharatforge-iitk/sim/rosslam_multi/install/multirobot_map_merge/lib/pkgconfig/multirobot_map_merge.pc'
[1.500s] Level 1:colcon.colcon_core.environment:checking '/home/jjbigdub/gitrepo/bharatforge-iitk/sim/rosslam_multi/install/multirobot_map_merge/lib/python3.10/site-packages'
[1.500s] Level 1:colcon.colcon_core.environment:checking '/home/jjbigdub/gitrepo/bharatforge-iitk/sim/rosslam_multi/install/multirobot_map_merge/bin'
[1.500s] INFO:colcon.colcon_core.shell:Creating package script '/home/jjbigdub/gitrepo/bharatforge-iitk/sim/rosslam_multi/install/multirobot_map_merge/share/multirobot_map_merge/package.ps1'
[1.500s] INFO:colcon.colcon_core.shell:Creating package descriptor '/home/jjbigdub/gitrepo/bharatforge-iitk/sim/rosslam_multi/install/multirobot_map_merge/share/multirobot_map_merge/package.dsv'
[1.501s] INFO:colcon.colcon_core.shell:Creating package script '/home/jjbigdub/gitrepo/bharatforge-iitk/sim/rosslam_multi/install/multirobot_map_merge/share/multirobot_map_merge/package.sh'
[1.501s] INFO:colcon.colcon_core.shell:Creating package script '/home/jjbigdub/gitrepo/bharatforge-iitk/sim/rosslam_multi/install/multirobot_map_merge/share/multirobot_map_merge/package.bash'
[1.501s] INFO:colcon.colcon_core.shell:Creating package script '/home/jjbigdub/gitrepo/bharatforge-iitk/sim/rosslam_multi/install/multirobot_map_merge/share/multirobot_map_merge/package.zsh'
[1.502s] Level 1:colcon.colcon_core.environment:create_file_with_runtime_dependencies(/home/jjbigdub/gitrepo/bharatforge-iitk/sim/rosslam_multi/install/multirobot_map_merge/share/colcon-core/packages/multirobot_map_merge)
[1.502s] DEBUG:colcon.colcon_parallel_executor.executor.parallel:closing loop
[1.502s] DEBUG:colcon.colcon_parallel_executor.executor.parallel:loop closed
[1.502s] DEBUG:colcon.colcon_parallel_executor.executor.parallel:run_until_complete finished with '0'
[1.502s] DEBUG:colcon.colcon_core.event_reactor:joining thread
[1.508s] INFO:colcon.colcon_core.plugin_system:Skipping extension 'colcon_notification.desktop_notification.terminal_notifier': Not used on non-Darwin systems
[1.508s] INFO:colcon.colcon_core.plugin_system:Skipping extension 'colcon_notification.desktop_notification.win32': Not used on non-Windows systems
[1.508s] INFO:colcon.colcon_notification.desktop_notification:Sending desktop notification using 'notify2'
[1.523s] DEBUG:colcon.colcon_core.event_reactor:joined thread
[1.524s] INFO:colcon.colcon_core.shell:Creating prefix script '/home/jjbigdub/gitrepo/bharatforge-iitk/sim/rosslam_multi/install/local_setup.ps1'
[1.525s] INFO:colcon.colcon_core.shell:Creating prefix util module '/home/jjbigdub/gitrepo/bharatforge-iitk/sim/rosslam_multi/install/_local_setup_util_ps1.py'
[1.526s] INFO:colcon.colcon_core.shell:Creating prefix chain script '/home/jjbigdub/gitrepo/bharatforge-iitk/sim/rosslam_multi/install/setup.ps1'
[1.528s] INFO:colcon.colcon_core.shell:Creating prefix script '/home/jjbigdub/gitrepo/bharatforge-iitk/sim/rosslam_multi/install/local_setup.sh'
[1.529s] INFO:colcon.colcon_core.shell:Creating prefix util module '/home/jjbigdub/gitrepo/bharatforge-iitk/sim/rosslam_multi/install/_local_setup_util_sh.py'
[1.529s] INFO:colcon.colcon_core.shell:Creating prefix chain script '/home/jjbigdub/gitrepo/bharatforge-iitk/sim/rosslam_multi/install/setup.sh'
[1.531s] INFO:colcon.colcon_core.shell:Creating prefix script '/home/jjbigdub/gitrepo/bharatforge-iitk/sim/rosslam_multi/install/local_setup.bash'
[1.531s] INFO:colcon.colcon_core.shell:Creating prefix chain script '/home/jjbigdub/gitrepo/bharatforge-iitk/sim/rosslam_multi/install/setup.bash'
[1.533s] INFO:colcon.colcon_core.shell:Creating prefix script '/home/jjbigdub/gitrepo/bharatforge-iitk/sim/rosslam_multi/install/local_setup.zsh'
[1.533s] INFO:colcon.colcon_core.shell:Creating prefix chain script '/home/jjbigdub/gitrepo/bharatforge-iitk/sim/rosslam_multi/install/setup.zsh'
