[0.026s] Invoking command in '/home/joel-bansal/multi_bot_map_merging/bharat_ws4/build/explore_lite': CMAKE_PREFIX_PATH=/opt/ros/humble /usr/bin/cmake /home/joel-bansal/multi_bot_map_merging/bharat_ws4/src/m-explore-ros2/explore -DCMAKE_INSTALL_PREFIX=/home/joel-bansal/multi_bot_map_merging/bharat_ws4/install/explore_lite
[0.181s] -- The C compiler identification is GNU 11.4.0
[0.328s] -- The CXX compiler identification is GNU 11.4.0
[0.345s] -- Detecting C compiler ABI info
[0.533s] -- Detecting C compiler ABI info - done
[0.565s] -- Check for working C compiler: /usr/bin/cc - skipped
[0.565s] -- Detecting C compile features
[0.566s] -- Detecting C compile features - done
[0.575s] -- Detecting CXX compiler ABI info
[0.765s] -- Detecting CXX compiler ABI info - done
[0.794s] -- Check for working CXX compiler: /usr/bin/c++ - skipped
[0.795s] -- Detecting CXX compile features
[0.797s] -- Detecting CXX compile features - done
[0.799s] -- BuilD for ROS2: humble
[0.804s] -- Found ament_cmake: 1.3.10 (/opt/ros/humble/share/ament_cmake/cmake)
[1.128s] -- Found Python3: /usr/bin/python3 (found version "3.10.12") found components: Interpreter 
[1.298s] -- Found rclcpp: 16.0.10 (/opt/ros/humble/share/rclcpp/cmake)
[1.403s] -- Found rosidl_generator_c: 3.1.5 (/opt/ros/humble/share/rosidl_generator_c/cmake)
[1.412s] -- Found rosidl_adapter: 3.1.5 (/opt/ros/humble/share/rosidl_adapter/cmake)
[1.429s] -- Found rosidl_generator_cpp: 3.1.5 (/opt/ros/humble/share/rosidl_generator_cpp/cmake)
[1.463s] -- Using all available rosidl_typesupport_c: rosidl_typesupport_fastrtps_c;rosidl_typesupport_introspection_c
[1.515s] -- Using all available rosidl_typesupport_cpp: rosidl_typesupport_fastrtps_cpp;rosidl_typesupport_introspection_cpp
[1.655s] -- Found rmw_implementation_cmake: 6.1.2 (/opt/ros/humble/share/rmw_implementation_cmake/cmake)
[1.662s] -- Found rmw_fastrtps_cpp: 6.2.7 (/opt/ros/humble/share/rmw_fastrtps_cpp/cmake)
[1.952s] -- Found OpenSSL: /usr/lib/x86_64-linux-gnu/libcrypto.so (found version "3.0.2")  
[2.124s] -- Found FastRTPS: /opt/ros/humble/include  
[2.404s] -- Using RMW implementation 'rmw_fastrtps_cpp' as default
[2.474s] -- Looking for pthread.h
[2.889s] -- Looking for pthread.h - found
[2.893s] -- Performing Test CMAKE_HAVE_LIBC_PTHREAD
[3.155s] -- Performing Test CMAKE_HAVE_LIBC_PTHREAD - Success
[3.160s] -- Found Threads: TRUE  
[3.504s] -- Found sensor_msgs: 4.2.4 (/opt/ros/humble/share/sensor_msgs/cmake)
[3.776s] -- Found tf2_ros: 0.25.8 (/opt/ros/humble/share/tf2_ros/cmake)
[4.549s] -- Found tf2_geometry_msgs: 0.25.8 (/opt/ros/humble/share/tf2_geometry_msgs/cmake)
[4.623s] -- Found eigen3_cmake_module: 0.1.1 (/opt/ros/humble/share/eigen3_cmake_module/cmake)
[4.627s] -- Found Eigen3: TRUE (found version "3.4.0") 
[4.628s] -- Ensuring Eigen3 include directory is part of orocos-kdl CMake target
[4.655s] -- Found nav2_msgs: 1.1.16 (/opt/ros/humble/share/nav2_msgs/cmake)
[4.880s] -- Found map_msgs: 2.1.0 (/opt/ros/humble/share/map_msgs/cmake)
[4.945s] -- Found visualization_msgs: 4.2.4 (/opt/ros/humble/share/visualization_msgs/cmake)
[5.070s] -- Found nav2_costmap_2d: 1.1.16 (/opt/ros/humble/share/nav2_costmap_2d/cmake)
[6.250s] -- Found ament_lint_auto: 0.12.11 (/opt/ros/humble/share/ament_lint_auto/cmake)
[6.467s] -- Found ament_cmake_gtest: 1.3.10 (/opt/ros/humble/share/ament_cmake_gtest/cmake)
[6.489s] -- Found gtest sources under '/opt/ros/humble/src/gtest_vendor': C++ tests using 'Google Test' will be built
[6.526s] -- Added test 'cppcheck' to perform static code analysis on C / C++ code
[6.527s] -- Configured cppcheck include dirs: /home/joel-bansal/multi_bot_map_merging/bharat_ws4/src/m-explore-ros2/explore/include;$<BUILD_INTERFACE:/home/joel-bansal/multi_bot_map_merging/bharat_ws4/src/m-explore-ros2/explore/include>
[6.528s] -- Configured cppcheck exclude dirs and/or files: 
[6.529s] -- Added test 'flake8' to check Python code syntax and style conventions
[6.531s] -- Added test 'lint_cmake' to check CMake code style
[6.533s] -- Added test 'pep257' to check Python code against some of the docstring style conventions in PEP 257
[6.537s] -- Added test 'uncrustify' to check C / C++ code style
[6.537s] -- Configured uncrustify additional arguments: 
[6.539s] -- Added test 'xmllint' to check XML markup files
[6.543s] -- Configuring done
[7.278s] -- Generating done
[7.283s] -- Build files have been written to: /home/joel-bansal/multi_bot_map_merging/bharat_ws4/build/explore_lite
[7.311s] Invoked command in '/home/joel-bansal/multi_bot_map_merging/bharat_ws4/build/explore_lite' returned '0': CMAKE_PREFIX_PATH=/opt/ros/humble /usr/bin/cmake /home/joel-bansal/multi_bot_map_merging/bharat_ws4/src/m-explore-ros2/explore -DCMAKE_INSTALL_PREFIX=/home/joel-bansal/multi_bot_map_merging/bharat_ws4/install/explore_lite
[7.315s] Invoking command in '/home/joel-bansal/multi_bot_map_merging/bharat_ws4/build/explore_lite': CMAKE_PREFIX_PATH=/opt/ros/humble /usr/bin/cmake --build /home/joel-bansal/multi_bot_map_merging/bharat_ws4/build/explore_lite -- -j4 -l4
[7.455s] [ 10%] [32mBuilding CXX object gtest/CMakeFiles/gtest_main.dir/src/gtest_main.cc.o[0m
[7.466s] [ 20%] [32mBuilding CXX object gtest/CMakeFiles/gtest.dir/src/gtest-all.cc.o[0m
[7.474s] [ 30%] [32mBuilding CXX object CMakeFiles/explore.dir/src/explore.cpp.o[0m
[7.481s] [ 40%] [32mBuilding CXX object CMakeFiles/explore.dir/src/costmap_client.cpp.o[0m
[10.886s] [ 50%] [32m[1mLinking CXX static library libgtest_main.a[0m
[11.003s] [ 50%] Built target gtest_main
[11.038s] [ 60%] [32mBuilding CXX object CMakeFiles/explore.dir/src/frontier_search.cpp.o[0m
[23.704s] [ 70%] [32m[1mLinking CXX static library libgtest.a[0m
[23.870s] [ 70%] Built target gtest
[23.937s] [ 80%] [32mBuilding CXX object CMakeFiles/test_explore.dir/test/test_explore.cpp.o[0m
[30.708s] [ 90%] [32m[1mLinking CXX executable test_explore[0m
[35.403s] [ 90%] Built target test_explore
[51.124s] [100%] [32m[1mLinking CXX executable explore[0m
[56.679s] [100%] Built target explore
[56.773s] Invoked command in '/home/joel-bansal/multi_bot_map_merging/bharat_ws4/build/explore_lite' returned '0': CMAKE_PREFIX_PATH=/opt/ros/humble /usr/bin/cmake --build /home/joel-bansal/multi_bot_map_merging/bharat_ws4/build/explore_lite -- -j4 -l4
[56.864s] Invoking command in '/home/joel-bansal/multi_bot_map_merging/bharat_ws4/build/explore_lite': CMAKE_PREFIX_PATH=/opt/ros/humble /usr/bin/cmake --install /home/joel-bansal/multi_bot_map_merging/bharat_ws4/build/explore_lite
[56.882s] -- Install configuration: ""
[56.882s] -- Installing: /home/joel-bansal/multi_bot_map_merging/bharat_ws4/install/explore_lite/include/explore/
[56.883s] -- Installing: /home/joel-bansal/multi_bot_map_merging/bharat_ws4/install/explore_lite/include/explore//costmap_tools.h
[56.883s] -- Installing: /home/joel-bansal/multi_bot_map_merging/bharat_ws4/install/explore_lite/include/explore//explore.h
[56.883s] -- Installing: /home/joel-bansal/multi_bot_map_merging/bharat_ws4/install/explore_lite/include/explore//frontier_search.h
[56.884s] -- Installing: /home/joel-bansal/multi_bot_map_merging/bharat_ws4/install/explore_lite/include/explore//costmap_client.h
[56.884s] -- Installing: /home/joel-bansal/multi_bot_map_merging/bharat_ws4/install/explore_lite/share/explore_lite/config
[56.884s] -- Installing: /home/joel-bansal/multi_bot_map_merging/bharat_ws4/install/explore_lite/share/explore_lite/config/params_costmap.yaml
[56.886s] -- Installing: /home/joel-bansal/multi_bot_map_merging/bharat_ws4/install/explore_lite/share/explore_lite/config/params.yaml
[56.886s] -- Installing: /home/joel-bansal/multi_bot_map_merging/bharat_ws4/install/explore_lite/share/explore_lite/launch
[56.887s] -- Installing: /home/joel-bansal/multi_bot_map_merging/bharat_ws4/install/explore_lite/share/explore_lite/launch/explore.launch.py
[56.887s] -- Installing: /home/joel-bansal/multi_bot_map_merging/bharat_ws4/install/explore_lite/lib/explore_lite/explore
[56.903s] -- Set runtime path of "/home/joel-bansal/multi_bot_map_merging/bharat_ws4/install/explore_lite/lib/explore_lite/explore" to ""
[56.903s] -- Installing: /home/joel-bansal/multi_bot_map_merging/bharat_ws4/install/explore_lite/share/ament_index/resource_index/package_run_dependencies/explore_lite
[56.904s] -- Installing: /home/joel-bansal/multi_bot_map_merging/bharat_ws4/install/explore_lite/share/ament_index/resource_index/parent_prefix_path/explore_lite
[56.904s] -- Installing: /home/joel-bansal/multi_bot_map_merging/bharat_ws4/install/explore_lite/share/explore_lite/environment/ament_prefix_path.sh
[56.905s] -- Installing: /home/joel-bansal/multi_bot_map_merging/bharat_ws4/install/explore_lite/share/explore_lite/environment/ament_prefix_path.dsv
[56.905s] -- Installing: /home/joel-bansal/multi_bot_map_merging/bharat_ws4/install/explore_lite/share/explore_lite/environment/path.sh
[56.906s] -- Installing: /home/joel-bansal/multi_bot_map_merging/bharat_ws4/install/explore_lite/share/explore_lite/environment/path.dsv
[56.906s] -- Installing: /home/joel-bansal/multi_bot_map_merging/bharat_ws4/install/explore_lite/share/explore_lite/local_setup.bash
[56.907s] -- Installing: /home/joel-bansal/multi_bot_map_merging/bharat_ws4/install/explore_lite/share/explore_lite/local_setup.sh
[56.907s] -- Installing: /home/joel-bansal/multi_bot_map_merging/bharat_ws4/install/explore_lite/share/explore_lite/local_setup.zsh
[56.908s] -- Installing: /home/joel-bansal/multi_bot_map_merging/bharat_ws4/install/explore_lite/share/explore_lite/local_setup.dsv
[56.908s] -- Installing: /home/joel-bansal/multi_bot_map_merging/bharat_ws4/install/explore_lite/share/explore_lite/package.dsv
[56.908s] -- Installing: /home/joel-bansal/multi_bot_map_merging/bharat_ws4/install/explore_lite/share/ament_index/resource_index/packages/explore_lite
[56.909s] -- Installing: /home/joel-bansal/multi_bot_map_merging/bharat_ws4/install/explore_lite/share/explore_lite/cmake/ament_cmake_export_include_directories-extras.cmake
[56.909s] -- Installing: /home/joel-bansal/multi_bot_map_merging/bharat_ws4/install/explore_lite/share/explore_lite/cmake/explore_liteConfig.cmake
[56.910s] -- Installing: /home/joel-bansal/multi_bot_map_merging/bharat_ws4/install/explore_lite/share/explore_lite/cmake/explore_liteConfig-version.cmake
[56.910s] -- Installing: /home/joel-bansal/multi_bot_map_merging/bharat_ws4/install/explore_lite/share/explore_lite/package.xml
[56.915s] Invoked command in '/home/joel-bansal/multi_bot_map_merging/bharat_ws4/build/explore_lite' returned '0': CMAKE_PREFIX_PATH=/opt/ros/humble /usr/bin/cmake --install /home/joel-bansal/multi_bot_map_merging/bharat_ws4/build/explore_lite
