--2024-11-12 22:18:07--  https://raw.githubusercontent.com/hrnr/m-explore-extra/master/map_merge/hector_maps/map00.pgm
Resolving raw.githubusercontent.com (raw.githubusercontent.com)... 185.199.109.133, 185.199.110.133, 185.199.111.133, ...
Connecting to raw.githubusercontent.com (raw.githubusercontent.com)|185.199.109.133|:443... connected.
HTTP request sent, awaiting response... 200 OK
Length: 4194362 (4.0M) [application/octet-stream]
Saving to: ‘/home/jjbigdub/gitrepo/rosslam_ws/build/multirobot_map_merge/map00.pgm’

     0K .......... .......... .......... .......... ..........  1%  428K 9s
    50K .......... .......... .......... .......... ..........  2%  387K 10s
   100K .......... .......... .......... .......... ..........  3%  357K 10s
   150K .......... .......... .......... .......... ..........  4%  442K 10s
   200K .......... .......... .......... .......... ..........  6%  414K 10s
   250K .......... .......... .......... .......... ..........  7%  396K 9s
   300K .......... .......... .......... .......... ..........  8%  289K 10s
   350K .......... .......... .......... .......... ..........  9%  150K 12s
   400K .......... .......... .......... .......... .......... 10%  212K 12s
   450K .......... .......... .......... .......... .......... 12%  799K 11s
   500K .......... .......... .......... .......... .......... 13%  542K 11s
   550K .......... .......... .......... .......... .......... 14%  360K 10s
   600K .......... .......... .......... .......... .......... 15%  612K 10s
   650K .......... .......... .......... .......... .......... 17%  524K 10s
   700K .......... .......... .......... .......... .......... 18%  793K 9s
   750K .......... .......... .......... .......... .......... 19%  536K 9s
   800K .......... .......... .......... .......... .......... 20%  541K 8s
   850K .......... .......... .......... .......... .......... 21% 1.18M 8s
   900K .......... .......... .......... .......... .......... 23% 1.02M 8s
   950K .......... .......... .......... .......... .......... 24%  581K 7s
  1000K .......... .......... .......... .......... .......... 25% 1.72M 7s
  1050K .......... .......... .......... .......... .......... 26%  672K 7s
  1100K .......... .......... .......... .......... .......... 28%  620K 7s
  1150K .......... .......... .......... .......... .......... 29%  670K 6s
  1200K .......... .......... .......... .......... .......... 30%  733K 6s
  1250K .......... .......... .......... .......... .......... 31%  883K 6s
  1300K .......... .......... .......... .......... .......... 32%  751K 6s
  1350K .......... .......... .......... .......... .......... 34%  588K 6s
  1400K .......... .......... .......... .......... .......... 35%  749K 5s
  1450K .......... .......... .......... .......... .......... 36%  544K 5s
  1500K .......... .......... .......... .......... .......... 37% 1.14M 5s
  1550K .......... .......... .......... .......... .......... 39%  914K 5s
  1600K .......... .......... .......... .......... .......... 40% 1.38M 5s
  1650K .......... .......... .......... .......... .......... 41%  801K 5s
  1700K .......... .......... .......... .......... .......... 42% 1.36M 4s
  1750K .......... .......... .......... .......... .......... 43%  727K 4s
  1800K .......... .......... .......... .......... .......... 45% 2.49M 4s
  1850K .......... .......... .......... .......... .......... 46%  926K 4s
  1900K .......... .......... .......... .......... .......... 47% 1.03M 4s
  1950K .......... .......... .......... .......... .......... 48% 1.21M 4s
  2000K .......... .......... .......... .......... .......... 50% 1.50M 4s
  2050K .......... .......... .......... .......... .......... 51%  910K 3s
  2100K .......... .......... .......... .......... .......... 52% 1.72M 3s
  2150K .......... .......... .......... .......... .......... 53%  996K 3s
  2200K .......... .......... .......... .......... .......... 54% 1.11M 3s
  2250K .......... .......... .......... .......... .......... 56%  988K 3s
  2300K .......... .......... .......... .......... .......... 57%  915K 3s
  2350K .......... .......... .......... .......... .......... 58% 1.15M 3s
  2400K .......... .......... .......... .......... .......... 59% 1.03M 3s
  2450K .......... .......... .......... .......... .......... 61%  516K 3s
  2500K .......... .......... .......... .......... .......... 62%  870K 2s
  2550K .......... .......... .......... .......... .......... 63% 1.01M 2s
  2600K .......... .......... .......... .......... .......... 64% 1.16M 2s
  2650K .......... .......... .......... .......... .......... 65%  853K 2s
  2700K .......... .......... .......... .......... .......... 67%  971K 2s
  2750K .......... .......... .......... .......... .......... 68% 1.22M 2s
  2800K .......... .......... .......... .......... .......... 69% 1.32M 2s
  2850K .......... .......... .......... .......... .......... 70% 1.81M 2s
  2900K .......... .......... .......... .......... .......... 72% 1.32M 2s
  2950K .......... .......... .......... .......... .......... 73% 2.26M 2s
  3000K .......... .......... .......... .......... .......... 74%  886K 2s
  3050K .......... .......... .......... .......... .......... 75%  976K 1s
  3100K .......... .......... .......... .......... .......... 76% 1.09M 1s
  3150K .......... .......... .......... .......... .......... 78% 1.63M 1s
  3200K .......... .......... .......... .......... .......... 79% 2.22M 1s
  3250K .......... .......... .......... .......... .......... 80% 1.72M 1s
  3300K .......... .......... .......... .......... .......... 81%  775K 1s
  3350K .......... .......... .......... .......... .......... 83% 2.17M 1s
  3400K .......... .......... .......... .......... .......... 84%  967K 1s
  3450K .......... .......... .......... .......... .......... 85% 1.33M 1s
  3500K .......... .......... .......... .......... .......... 86% 1.96M 1s
  3550K .......... .......... .......... .......... .......... 87%  818K 1s
  3600K .......... .......... .......... .......... .......... 89% 1.16M 1s
  3650K .......... .......... .......... .......... .......... 90% 1.02M 1s
  3700K .......... .......... .......... .......... .......... 91%  366K 0s
  3750K .......... .......... .......... .......... .......... 92% 1.19M 0s
  3800K .......... .......... .......... .......... .......... 93%  969K 0s
  3850K .......... .......... .......... .......... .......... 95%  411K 0s
  3900K .......... .......... .......... .......... .......... 96% 1.50M 0s
  3950K .......... .......... .......... .......... .......... 97% 1.92M 0s
  4000K .......... .......... .......... .......... .......... 98% 1.58M 0s
  4050K .......... .......... .......... .......... ......    100% 1.65M=5.5s

2024-11-12 22:18:15 (743 KB/s) - ‘/home/jjbigdub/gitrepo/rosslam_ws/build/multirobot_map_merge/map00.pgm’ saved [4194362/4194362]

--2024-11-12 22:18:15--  https://raw.githubusercontent.com/hrnr/m-explore-extra/master/map_merge/hector_maps/map05.pgm
Resolving raw.githubusercontent.com (raw.githubusercontent.com)... 185.199.110.133, 185.199.108.133, 185.199.109.133, ...
Connecting to raw.githubusercontent.com (raw.githubusercontent.com)|185.199.110.133|:443... connected.
HTTP request sent, awaiting response... 200 OK
Length: 4194362 (4.0M) [application/octet-stream]
Saving to: ‘/home/jjbigdub/gitrepo/rosslam_ws/build/multirobot_map_merge/map05.pgm’

     0K .......... .......... .......... .......... ..........  1%  423K 10s
    50K .......... .......... .......... .......... ..........  2% 2.11M 6s
   100K .......... .......... .......... .......... ..........  3% 1.66M 4s
   150K .......... .......... .......... .......... ..........  4%  652K 5s
   200K .......... .......... .......... .......... ..........  6% 26.9M 4s
   250K .......... .......... .......... .......... ..........  7% 1.05M 4s
   300K .......... .......... .......... .......... ..........  8% 1.08M 4s
   350K .......... .......... .......... .......... ..........  9% 3.10M 3s
   400K .......... .......... .......... .......... .......... 10% 1.41M 3s
   450K .......... .......... .......... .......... .......... 12% 2.07M 3s
   500K .......... .......... .......... .......... .......... 13% 1.71M 3s
   550K .......... .......... .......... .......... .......... 14% 2.69M 3s
   600K .......... .......... .......... .......... .......... 15%  194M 2s
   650K .......... .......... .......... .......... .......... 17%  594K 3s
   700K .......... .......... .......... .......... .......... 18% 1.67M 3s
   750K .......... .......... .......... .......... .......... 19% 13.3M 2s
   800K .......... .......... .......... .......... .......... 20%  810K 2s
   850K .......... .......... .......... .......... .......... 21%  195M 2s
   900K .......... .......... .......... .......... .......... 23% 2.57M 2s
   950K .......... .......... .......... .......... .......... 24% 1.34M 2s
  1000K .......... .......... .......... .......... .......... 25% 1.11M 2s
  1050K .......... .......... .......... .......... .......... 26%  214M 2s
  1100K .......... .......... .......... .......... .......... 28%  549K 2s
  1150K .......... .......... .......... .......... .......... 29% 2.02M 2s
  1200K .......... .......... .......... .......... .......... 30% 2.03M 2s
  1250K .......... .......... .......... .......... .......... 31% 3.16M 2s
  1300K .......... .......... .......... .......... .......... 32% 2.92M 2s
  1350K .......... .......... .......... .......... .......... 34% 1.70M 2s
  1400K .......... .......... .......... .......... .......... 35% 4.36M 2s
  1450K .......... .......... .......... .......... .......... 36% 1.61M 2s
  1500K .......... .......... .......... .......... .......... 37% 3.63M 2s
  1550K .......... .......... .......... .......... .......... 39% 43.3M 2s
  1600K .......... .......... .......... .......... .......... 40% 2.02M 2s
  1650K .......... .......... .......... .......... .......... 41% 5.00M 1s
  1700K .......... .......... .......... .......... .......... 42% 1.62M 1s
  1750K .......... .......... .......... .......... .......... 43% 2.33M 1s
  1800K .......... .......... .......... .......... .......... 45% 2.25M 1s
  1850K .......... .......... .......... .......... .......... 46% 54.5M 1s
  1900K .......... .......... .......... .......... .......... 47% 2.02M 1s
  1950K .......... .......... .......... .......... .......... 48% 2.52M 1s
  2000K .......... .......... .......... .......... .......... 50% 3.27M 1s
  2050K .......... .......... .......... .......... .......... 51% 2.83M 1s
  2100K .......... .......... .......... .......... .......... 52%  127M 1s
  2150K .......... .......... .......... .......... .......... 53% 3.40M 1s
  2200K .......... .......... .......... .......... .......... 54% 2.34M 1s
  2250K .......... .......... .......... .......... .......... 56% 2.51M 1s
  2300K .......... .......... .......... .......... .......... 57% 2.26M 1s
  2350K .......... .......... .......... .......... .......... 58%  217M 1s
  2400K .......... .......... .......... .......... .......... 59% 3.07M 1s
  2450K .......... .......... .......... .......... .......... 61% 2.31M 1s
  2500K .......... .......... .......... .......... .......... 62% 2.69M 1s
  2550K .......... .......... .......... .......... .......... 63% 2.09M 1s
  2600K .......... .......... .......... .......... .......... 64% 7.80M 1s
  2650K .......... .......... .......... .......... .......... 65% 1.87M 1s
  2700K .......... .......... .......... .......... .......... 67%  533K 1s
  2750K .......... .......... .......... .......... .......... 68% 1.64M 1s
  2800K .......... .......... .......... .......... .......... 69% 1.64M 1s
  2850K .......... .......... .......... .......... .......... 70% 6.85M 1s
  2900K .......... .......... .......... .......... .......... 72%  514K 1s
  2950K .......... .......... .......... .......... .......... 73% 1.97M 1s
  3000K .......... .......... .......... .......... .......... 74% 76.9M 1s
  3050K .......... .......... .......... .......... .......... 75% 2.42M 1s
  3100K .......... .......... .......... .......... .......... 76% 2.69M 1s
  3150K .......... .......... .......... .......... .......... 78% 2.29M 0s
  3200K .......... .......... .......... .......... .......... 79% 3.43M 0s
  3250K .......... .......... .......... .......... .......... 80% 3.00M 0s
  3300K .......... .......... .......... .......... .......... 81% 2.64M 0s
  3350K .......... .......... .......... .......... .......... 83% 2.64M 0s
  3400K .......... .......... .......... .......... .......... 84% 1.72M 0s
  3450K .......... .......... .......... .......... .......... 85%  179M 0s
  3500K .......... .......... .......... .......... .......... 86% 2.09M 0s
  3550K .......... .......... .......... .......... .......... 87% 1.67M 0s
  3600K .......... .......... .......... .......... .......... 89% 3.04M 0s
  3650K .......... .......... .......... .......... .......... 90%  219M 0s
  3700K .......... .......... .......... .......... .......... 91% 3.25M 0s
  3750K .......... .......... .......... .......... .......... 92% 1.29M 0s
  3800K .......... .......... .......... .......... .......... 93% 1.13M 0s
  3850K .......... .......... .......... .......... .......... 95%  193M 0s
  3900K .......... .......... .......... .......... .......... 96% 1.83M 0s
  3950K .......... .......... .......... .......... .......... 97% 2.74M 0s
  4000K .......... .......... .......... .......... .......... 98% 3.17M 0s
  4050K .......... .......... .......... .......... ......    100%  231M=2.0s

2024-11-12 22:18:18 (1.97 MB/s) - ‘/home/jjbigdub/gitrepo/rosslam_ws/build/multirobot_map_merge/map05.pgm’ saved [4194362/4194362]

--2024-11-12 22:18:18--  https://raw.githubusercontent.com/hrnr/m-explore-extra/master/map_merge/gmapping_maps/2011-08-09-12-22-52.pgm
Resolving raw.githubusercontent.com (raw.githubusercontent.com)... 185.199.108.133, 185.199.110.133, 185.199.109.133, ...
Connecting to raw.githubusercontent.com (raw.githubusercontent.com)|185.199.108.133|:443... connected.
HTTP request sent, awaiting response... 200 OK
Length: 16000058 (15M) [application/octet-stream]
Saving to: ‘/home/jjbigdub/gitrepo/rosslam_ws/build/multirobot_map_merge/2011-08-09-12-22-52.pgm’

     0K .......... .......... .......... .......... ..........  0%  944K 16s
    50K .......... .......... .......... .......... ..........  0%  998K 16s
   100K .......... .......... .......... .......... ..........  0% 2.27M 13s
   150K .......... .......... .......... .......... ..........  1% 2.49M 11s
   200K .......... .......... .......... .......... ..........  1% 1.77M 11s
   250K .......... .......... .......... .......... ..........  1% 2.72M 10s
   300K .......... .......... .......... .......... ..........  2% 1.77M 9s
   350K .......... .......... .......... .......... ..........  2% 1.17M 10s
   400K .......... .......... .......... .......... ..........  2% 2.28M 9s
   450K .......... .......... .......... .......... ..........  3% 1.85M 9s
   500K .......... .......... .......... .......... ..........  3% 1.86M 9s
   550K .......... .......... .......... .......... ..........  3% 3.18M 9s
   600K .......... .......... .......... .......... ..........  4% 2.54M 8s
   650K .......... .......... .......... .......... ..........  4% 3.12M 8s
   700K .......... .......... .......... .......... ..........  4% 1.60M 8s
   750K .......... .......... .......... .......... ..........  5% 1.82M 8s
   800K .......... .......... .......... .......... ..........  5% 1.79M 8s
   850K .......... .......... .......... .......... ..........  5% 2.26M 8s
   900K .......... .......... .......... .......... ..........  6% 3.31M 8s
   950K .......... .......... .......... .......... ..........  6% 2.10M 8s
  1000K .......... .......... .......... .......... ..........  6% 2.39M 8s
  1050K .......... .......... .......... .......... ..........  7% 13.4M 7s
  1100K .......... .......... .......... .......... ..........  7% 2.34M 7s
  1150K .......... .......... .......... .......... ..........  7% 2.34M 7s
  1200K .......... .......... .......... .......... ..........  7% 1.65M 7s
  1250K .......... .......... .......... .......... ..........  8% 2.08M 7s
  1300K .......... .......... .......... .......... ..........  8% 1.61M 7s
  1350K .......... .......... .......... .......... ..........  8% 3.04M 7s
  1400K .......... .......... .......... .......... ..........  9% 34.5M 7s
  1450K .......... .......... .......... .......... ..........  9% 1.79M 7s
  1500K .......... .......... .......... .......... ..........  9% 1.71M 7s
  1550K .......... .......... .......... .......... .......... 10% 1.33M 7s
  1600K .......... .......... .......... .......... .......... 10% 2.27M 7s
  1650K .......... .......... .......... .......... .......... 10%  184M 7s
  1700K .......... .......... .......... .......... .......... 11% 3.39M 7s
  1750K .......... .......... .......... .......... .......... 11% 2.52M 6s
  1800K .......... .......... .......... .......... .......... 11% 2.40M 6s
  1850K .......... .......... .......... .......... .......... 12% 2.21M 6s
  1900K .......... .......... .......... .......... .......... 12% 20.9M 6s
  1950K .......... .......... .......... .......... .......... 12% 1.02M 6s
  2000K .......... .......... .......... .......... .......... 13% 2.68M 6s
  2050K .......... .......... .......... .......... .......... 13% 3.49M 6s
  2100K .......... .......... .......... .......... .......... 13% 2.90M 6s
  2150K .......... .......... .......... .......... .......... 14% 2.64M 6s
  2200K .......... .......... .......... .......... .......... 14% 2.86M 6s
  2250K .......... .......... .......... .......... .......... 14% 9.24M 6s
  2300K .......... .......... .......... .......... .......... 15% 2.75M 6s
  2350K .......... .......... .......... .......... .......... 15% 2.61M 6s
  2400K .......... .......... .......... .......... .......... 15% 2.39M 6s
  2450K .......... .......... .......... .......... .......... 15% 1.60M 6s
  2500K .......... .......... .......... .......... .......... 16%  134M 6s
  2550K .......... .......... .......... .......... .......... 16% 2.55M 6s
  2600K .......... .......... .......... .......... .......... 16% 1.74M 6s
  2650K .......... .......... .......... .......... .......... 17% 2.75M 6s
  2700K .......... .......... .......... .......... .......... 17%  140M 6s
  2750K .......... .......... .......... .......... .......... 17% 2.95M 5s
  2800K .......... .......... .......... .......... .......... 18% 3.23M 5s
  2850K .......... .......... .......... .......... .......... 18% 5.27M 5s
  2900K .......... .......... .......... .......... .......... 18% 2.36M 5s
  2950K .......... .......... .......... .......... .......... 19% 12.8M 5s
  3000K .......... .......... .......... .......... .......... 19% 2.57M 5s
  3050K .......... .......... .......... .......... .......... 19% 2.41M 5s
  3100K .......... .......... .......... .......... .......... 20%  139M 5s
  3150K .......... .......... .......... .......... .......... 20% 3.48M 5s
  3200K .......... .......... .......... .......... .......... 20% 2.72M 5s
  3250K .......... .......... .......... .......... .......... 21% 3.25M 5s
  3300K .......... .......... .......... .......... .......... 21% 3.92M 5s
  3350K .......... .......... .......... .......... .......... 21% 6.08M 5s
  3400K .......... .......... .......... .......... .......... 22% 2.45M 5s
  3450K .......... .......... .......... .......... .......... 22% 2.52M 5s
  3500K .......... .......... .......... .......... .......... 22% 3.65M 5s
  3550K .......... .......... .......... .......... .......... 23% 2.38M 5s
  3600K .......... .......... .......... .......... .......... 23% 3.80M 5s
  3650K .......... .......... .......... .......... .......... 23% 3.23M 5s
  3700K .......... .......... .......... .......... .......... 23% 2.13M 5s
  3750K .......... .......... .......... .......... .......... 24% 5.53M 5s
  3800K .......... .......... .......... .......... .......... 24% 2.75M 5s
  3850K .......... .......... .......... .......... .......... 24% 2.26M 5s
  3900K .......... .......... .......... .......... .......... 25% 1.69M 5s
  3950K .......... .......... .......... .......... .......... 25% 3.58M 5s
  4000K .......... .......... .......... .......... .......... 25% 77.0M 4s
  4050K .......... .......... .......... .......... .......... 26% 2.91M 4s
  4100K .......... .......... .......... .......... .......... 26% 2.94M 4s
  4150K .......... .......... .......... .......... .......... 26% 8.17M 4s
  4200K .......... .......... .......... .......... .......... 27% 3.44M 4s
  4250K .......... .......... .......... .......... .......... 27% 2.14M 4s
  4300K .......... .......... .......... .......... .......... 27% 2.50M 4s
  4350K .......... .......... .......... .......... .......... 28% 1.50M 4s
  4400K .......... .......... .......... .......... .......... 28% 11.1M 4s
  4450K .......... .......... .......... .......... .......... 28% 2.86M 4s
  4500K .......... .......... .......... .......... .......... 29% 2.40M 4s
  4550K .......... .......... .......... .......... .......... 29% 7.88M 4s
  4600K .......... .......... .......... .......... .......... 29% 2.32M 4s
  4650K .......... .......... .......... .......... .......... 30% 1.51M 4s
  4700K .......... .......... .......... .......... .......... 30% 3.43M 4s
  4750K .......... .......... .......... .......... .......... 30% 3.35M 4s
  4800K .......... .......... .......... .......... .......... 31% 39.2M 4s
  4850K .......... .......... .......... .......... .......... 31% 1.70M 4s
  4900K .......... .......... .......... .......... .......... 31% 2.51M 4s
  4950K .......... .......... .......... .......... .......... 31% 25.2M 4s
  5000K .......... .......... .......... .......... .......... 32% 5.63M 4s
  5050K .......... .......... .......... .......... .......... 32% 3.58M 4s
  5100K .......... .......... .......... .......... .......... 32% 4.71M 4s
  5150K .......... .......... .......... .......... .......... 33% 2.06M 4s
  5200K .......... .......... .......... .......... .......... 33% 80.2M 4s
  5250K .......... .......... .......... .......... .......... 33% 2.55M 4s
  5300K .......... .......... .......... .......... .......... 34% 2.99M 4s
  5350K .......... .......... .......... .......... .......... 34% 3.20M 4s
  5400K .......... .......... .......... .......... .......... 34% 3.88M 4s
  5450K .......... .......... .......... .......... .......... 35% 2.66M 4s
  5500K .......... .......... .......... .......... .......... 35% 3.26M 4s
  5550K .......... .......... .......... .......... .......... 35% 2.12M 4s
  5600K .......... .......... .......... .......... .......... 36% 74.8M 4s
  5650K .......... .......... .......... .......... .......... 36% 2.29M 4s
  5700K .......... .......... .......... .......... .......... 36% 3.24M 4s
  5750K .......... .......... .......... .......... .......... 37% 7.11M 4s
  5800K .......... .......... .......... .......... .......... 37% 1.13M 4s
  5850K .......... .......... .......... .......... .......... 37% 1.98M 4s
  5900K .......... .......... .......... .......... .......... 38% 5.83M 4s
  5950K .......... .......... .......... .......... .......... 38% 3.19M 4s
  6000K .......... .......... .......... .......... .......... 38% 1.76M 4s
  6050K .......... .......... .......... .......... .......... 39% 2.38M 3s
  6100K .......... .......... .......... .......... .......... 39% 74.5M 3s
  6150K .......... .......... .......... .......... .......... 39% 1.53M 3s
  6200K .......... .......... .......... .......... .......... 39% 2.71M 3s
  6250K .......... .......... .......... .......... .......... 40% 20.5M 3s
  6300K .......... .......... .......... .......... .......... 40% 2.80M 3s
  6350K .......... .......... .......... .......... .......... 40% 2.35M 3s
  6400K .......... .......... .......... .......... .......... 41% 1.49M 3s
  6450K .......... .......... .......... .......... .......... 41% 3.15M 3s
  6500K .......... .......... .......... .......... .......... 41% 20.8M 3s
  6550K .......... .......... .......... .......... .......... 42% 2.07M 3s
  6600K .......... .......... .......... .......... .......... 42% 2.57M 3s
  6650K .......... .......... .......... .......... .......... 42% 4.01M 3s
  6700K .......... .......... .......... .......... .......... 43% 1.85M 3s
  6750K .......... .......... .......... .......... .......... 43% 1.33M 3s
  6800K .......... .......... .......... .......... .......... 43% 1.60M 3s
  6850K .......... .......... .......... .......... .......... 44% 3.70M 3s
  6900K .......... .......... .......... .......... .......... 44% 2.31M 3s
  6950K .......... .......... .......... .......... .......... 44% 2.35M 3s
  7000K .......... .......... .......... .......... .......... 45% 2.68M 3s
  7050K .......... .......... .......... .......... .......... 45% 4.26M 3s
  7100K .......... .......... .......... .......... .......... 45% 1.62M 3s
  7150K .......... .......... .......... .......... .......... 46% 1.86M 3s
  7200K .......... .......... .......... .......... .......... 46% 2.17M 3s
  7250K .......... .......... .......... .......... .......... 46% 3.92M 3s
  7300K .......... .......... .......... .......... .......... 47% 3.12M 3s
  7350K .......... .......... .......... .......... .......... 47% 1.78M 3s
  7400K .......... .......... .......... .......... .......... 47% 1.45M 3s
  7450K .......... .......... .......... .......... .......... 47% 68.5M 3s
  7500K .......... .......... .......... .......... .......... 48% 2.31M 3s
  7550K .......... .......... .......... .......... .......... 48% 3.68M 3s
  7600K .......... .......... .......... .......... .......... 48% 1.89M 3s
  7650K .......... .......... .......... .......... .......... 49% 30.1M 3s
  7700K .......... .......... .......... .......... .......... 49% 3.00M 3s
  7750K .......... .......... .......... .......... .......... 49% 3.32M 3s
  7800K .......... .......... .......... .......... .......... 50% 4.66M 3s
  7850K .......... .......... .......... .......... .......... 50% 68.1M 3s
  7900K .......... .......... .......... .......... .......... 50% 7.10M 3s
  7950K .......... .......... .......... .......... .......... 51% 7.49M 3s
  8000K .......... .......... .......... .......... .......... 51% 3.95M 3s
  8050K .......... .......... .......... .......... .......... 51% 7.69M 3s
  8100K .......... .......... .......... .......... .......... 52% 80.2M 3s
  8150K .......... .......... .......... .......... .......... 52% 8.32M 3s
  8200K .......... .......... .......... .......... .......... 52% 5.44M 3s
  8250K .......... .......... .......... .......... .......... 53% 7.47M 3s
  8300K .......... .......... .......... .......... .......... 53% 4.46M 3s
  8350K .......... .......... .......... .......... .......... 53% 5.65M 3s
  8400K .......... .......... .......... .......... .......... 54% 74.8M 3s
  8450K .......... .......... .......... .......... .......... 54% 2.68M 2s
  8500K .......... .......... .......... .......... .......... 54% 3.91M 2s
  8550K .......... .......... .......... .......... .......... 55% 10.9M 2s
  8600K .......... .......... .......... .......... .......... 55% 2.65M 2s
  8650K .......... .......... .......... .......... .......... 55% 4.46M 2s
  8700K .......... .......... .......... .......... .......... 55% 2.78M 2s
  8750K .......... .......... .......... .......... .......... 56% 3.12M 2s
  8800K .......... .......... .......... .......... .......... 56% 82.9M 2s
  8850K .......... .......... .......... .......... .......... 56% 2.40M 2s
  8900K .......... .......... .......... .......... .......... 57% 2.42M 2s
  8950K .......... .......... .......... .......... .......... 57% 59.1M 2s
  9000K .......... .......... .......... .......... .......... 57%  876K 2s
  9050K .......... .......... .......... .......... .......... 58% 2.12M 2s
  9100K .......... .......... .......... .......... .......... 58% 3.91M 2s
  9150K .......... .......... .......... .......... .......... 58% 5.17M 2s
  9200K .......... .......... .......... .......... .......... 59% 3.27M 2s
  9250K .......... .......... .......... .......... .......... 59% 4.74M 2s
  9300K .......... .......... .......... .......... .......... 59% 4.12M 2s
  9350K .......... .......... .......... .......... .......... 60% 7.15M 2s
  9400K .......... .......... .......... .......... .......... 60% 4.72M 2s
  9450K .......... .......... .......... .......... .......... 60% 2.26M 2s
  9500K .......... .......... .......... .......... .......... 61% 16.2M 2s
  9550K .......... .......... .......... .......... .......... 61% 2.62M 2s
  9600K .......... .......... .......... .......... .......... 61% 2.08M 2s
  9650K .......... .......... .......... .......... .......... 62% 3.33M 2s
  9700K .......... .......... .......... .......... .......... 62% 1.75M 2s
  9750K .......... .......... .......... .......... .......... 62% 74.7M 2s
  9800K .......... .......... .......... .......... .......... 63% 2.07M 2s
  9850K .......... .......... .......... .......... .......... 63% 2.83M 2s
  9900K .......... .......... .......... .......... .......... 63% 48.6M 2s
  9950K .......... .......... .......... .......... .......... 63% 1.61M 2s
 10000K .......... .......... .......... .......... .......... 64% 2.89M 2s
 10050K .......... .......... .......... .......... .......... 64% 2.60M 2s
 10100K .......... .......... .......... .......... .......... 64% 2.45M 2s
 10150K .......... .......... .......... .......... .......... 65% 66.6M 2s
 10200K .......... .......... .......... .......... .......... 65% 2.52M 2s
 10250K .......... .......... .......... .......... .......... 65% 2.30M 2s
 10300K .......... .......... .......... .......... .......... 66% 15.6M 2s
 10350K .......... .......... .......... .......... .......... 66% 2.59M 2s
 10400K .......... .......... .......... .......... .......... 66% 2.62M 2s
 10450K .......... .......... .......... .......... .......... 67% 1.77M 2s
 10500K .......... .......... .......... .......... .......... 67% 2.76M 2s
 10550K .......... .......... .......... .......... .......... 67% 67.8M 2s
 10600K .......... .......... .......... .......... .......... 68% 2.40M 2s
 10650K .......... .......... .......... .......... .......... 68% 2.93M 2s
 10700K .......... .......... .......... .......... .......... 68% 4.14M 2s
 10750K .......... .......... .......... .......... .......... 69% 1.70M 2s
 10800K .......... .......... .......... .......... .......... 69% 3.67M 2s
 10850K .......... .......... .......... .......... .......... 69% 2.44M 2s
 10900K .......... .......... .......... .......... .......... 70% 1.40M 2s
 10950K .......... .......... .......... .......... .......... 70% 83.6M 2s
 11000K .......... .......... .......... .......... .......... 70% 1.16M 2s
 11050K .......... .......... .......... .......... .......... 71% 2.50M 2s
 11100K .......... .......... .......... .......... .......... 71% 3.07M 2s
 11150K .......... .......... .......... .......... .......... 71% 18.0M 2s
 11200K .......... .......... .......... .......... .......... 71% 1.95M 2s
 11250K .......... .......... .......... .......... .......... 72% 1.00M 2s
 11300K .......... .......... .......... .......... .......... 72% 2.33M 1s
 11350K .......... .......... .......... .......... .......... 72% 68.4M 1s
 11400K .......... .......... .......... .......... .......... 73% 3.29M 1s
 11450K .......... .......... .......... .......... .......... 73% 1.81M 1s
 11500K .......... .......... .......... .......... .......... 73% 1.92M 1s
 11550K .......... .......... .......... .......... .......... 74% 4.35M 1s
 11600K .......... .......... .......... .......... .......... 74% 2.72M 1s
 11650K .......... .......... .......... .......... .......... 74% 3.13M 1s
 11700K .......... .......... .......... .......... .......... 75% 2.43M 1s
 11750K .......... .......... .......... .......... .......... 75% 70.1M 1s
 11800K .......... .......... .......... .......... .......... 75% 3.25M 1s
 11850K .......... .......... .......... .......... .......... 76% 1.51M 1s
 11900K .......... .......... .......... .......... .......... 76% 2.03M 1s
 11950K .......... .......... .......... .......... .......... 76% 2.48M 1s
 12000K .......... .......... .......... .......... .......... 77% 1.50M 1s
 12050K .......... .......... .......... .......... .......... 77% 2.35M 1s
 12100K .......... .......... .......... .......... .......... 77% 7.21M 1s
 12150K .......... .......... .......... .......... .......... 78% 3.35M 1s
 12200K .......... .......... .......... .......... .......... 78% 2.05M 1s
 12250K .......... .......... .......... .......... .......... 78% 9.43M 1s
 12300K .......... .......... .......... .......... .......... 79% 2.99M 1s
 12350K .......... .......... .......... .......... .......... 79% 2.71M 1s
 12400K .......... .......... .......... .......... .......... 79%  565K 1s
 12450K .......... .......... .......... .......... .......... 79% 39.0M 1s
 12500K .......... .......... .......... .......... .......... 80% 2.50M 1s
 12550K .......... .......... .......... .......... .......... 80% 1.54M 1s
 12600K .......... .......... .......... .......... .......... 80% 2.40M 1s
 12650K .......... .......... .......... .......... .......... 81% 28.6M 1s
 12700K .......... .......... .......... .......... .......... 81% 4.07M 1s
 12750K .......... .......... .......... .......... .......... 81% 4.39M 1s
 12800K .......... .......... .......... .......... .......... 82% 6.94M 1s
 12850K .......... .......... .......... .......... .......... 82% 4.97M 1s
 12900K .......... .......... .......... .......... .......... 82% 7.98M 1s
 12950K .......... .......... .......... .......... .......... 83% 3.44M 1s
 13000K .......... .......... .......... .......... .......... 83% 4.10M 1s
 13050K .......... .......... .......... .......... .......... 83% 2.75M 1s
 13100K .......... .......... .......... .......... .......... 84% 82.4M 1s
 13150K .......... .......... .......... .......... .......... 84% 2.17M 1s
 13200K .......... .......... .......... .......... .......... 84% 2.16M 1s
 13250K .......... .......... .......... .......... .......... 85% 2.00M 1s
 13300K .......... .......... .......... .......... .......... 85% 37.4M 1s
 13350K .......... .......... .......... .......... .......... 85% 2.06M 1s
 13400K .......... .......... .......... .......... .......... 86% 2.56M 1s
 13450K .......... .......... .......... .......... .......... 86% 2.63M 1s
 13500K .......... .......... .......... .......... .......... 86% 22.4M 1s
 13550K .......... .......... .......... .......... .......... 87% 1.97M 1s
 13600K .......... .......... .......... .......... .......... 87% 2.41M 1s
 13650K .......... .......... .......... .......... .......... 87% 2.22M 1s
 13700K .......... .......... .......... .......... .......... 87% 16.0M 1s
 13750K .......... .......... .......... .......... .......... 88% 1.64M 1s
 13800K .......... .......... .......... .......... .......... 88% 1.73M 1s
 13850K .......... .......... .......... .......... .......... 88% 4.23M 1s
 13900K .......... .......... .......... .......... .......... 89% 1.72M 1s
 13950K .......... .......... .......... .......... .......... 89% 2.06M 1s
 14000K .......... .......... .......... .......... .......... 89% 2.10M 1s
 14050K .......... .......... .......... .......... .......... 90% 1.66M 1s
 14100K .......... .......... .......... .......... .......... 90% 2.14M 1s
 14150K .......... .......... .......... .......... .......... 90% 2.02M 1s
 14200K .......... .......... .......... .......... .......... 91% 1.34M 0s
 14250K .......... .......... .......... .......... .......... 91% 3.78M 0s
 14300K .......... .......... .......... .......... .......... 91% 2.61M 0s
 14350K .......... .......... .......... .......... .......... 92% 2.88M 0s
 14400K .......... .......... .......... .......... .......... 92% 2.27M 0s
 14450K .......... .......... .......... .......... .......... 92% 3.13M 0s
 14500K .......... .......... .......... .......... .......... 93% 1.80M 0s
 14550K .......... .......... .......... .......... .......... 93% 3.96M 0s
 14600K .......... .......... .......... .......... .......... 93% 2.75M 0s
 14650K .......... .......... .......... .......... .......... 94% 5.22M 0s
 14700K .......... .......... .......... .......... .......... 94% 2.17M 0s
 14750K .......... .......... .......... .......... .......... 94% 1.56M 0s
 14800K .......... .......... .......... .......... .......... 95% 1.77M 0s
 14850K .......... .......... .......... .......... .......... 95% 2.76M 0s
 14900K .......... .......... .......... .......... .......... 95% 2.01M 0s
 14950K .......... .......... .......... .......... .......... 95% 4.99M 0s
 15000K .......... .......... .......... .......... .......... 96% 1.83M 0s
 15050K .......... .......... .......... .......... .......... 96% 2.77M 0s
 15100K .......... .......... .......... .......... .......... 96% 1.19M 0s
 15150K .......... .......... .......... .......... .......... 97% 2.47M 0s
 15200K .......... .......... .......... .......... .......... 97% 2.76M 0s
 15250K .......... .......... .......... .......... .......... 97% 2.36M 0s
 15300K .......... .......... .......... .......... .......... 98% 1.09M 0s
 15350K .......... .......... .......... .......... .......... 98% 2.70M 0s
 15400K .......... .......... .......... .......... .......... 98% 2.41M 0s
 15450K .......... .......... .......... .......... .......... 99% 4.16M 0s
 15500K .......... .......... .......... .......... .......... 99% 2.70M 0s
 15550K .......... .......... .......... .......... .......... 99% 3.17M 0s
 15600K .......... .......... .....                           100% 15.0M=5.6s

2024-11-12 22:18:25 (2.73 MB/s) - ‘/home/jjbigdub/gitrepo/rosslam_ws/build/multirobot_map_merge/2011-08-09-12-22-52.pgm’ saved [16000058/16000058]

--2024-11-12 22:18:25--  https://raw.githubusercontent.com/hrnr/m-explore-extra/master/map_merge/gmapping_maps/2012-01-28-11-12-01.pgm
Resolving raw.githubusercontent.com (raw.githubusercontent.com)... 185.199.108.133, 185.199.111.133, 185.199.110.133, ...
Connecting to raw.githubusercontent.com (raw.githubusercontent.com)|185.199.108.133|:443... connected.
HTTP request sent, awaiting response... 200 OK
Length: 16000058 (15M) [application/octet-stream]
Saving to: ‘/home/jjbigdub/gitrepo/rosslam_ws/build/multirobot_map_merge/2012-01-28-11-12-01.pgm’

     0K .......... .......... .......... .......... ..........  0% 1010K 15s
    50K .......... .......... .......... .......... ..........  0%  727K 18s
   100K .......... .......... .......... .......... ..........  0% 3.17M 14s
   150K .......... .......... .......... .......... ..........  1% 2.50M 12s
   200K .......... .......... .......... .......... ..........  1% 3.29M 10s
   250K .......... .......... .......... .......... ..........  1% 1.55M 10s
   300K .......... .......... .......... .......... ..........  2% 3.10M 9s
   350K .......... .......... .......... .......... ..........  2% 3.21M 9s
   400K .......... .......... .......... .......... ..........  2% 2.03M 9s
   450K .......... .......... .......... .......... ..........  3% 2.55M 8s
   500K .......... .......... .......... .......... ..........  3% 1.89M 8s
   550K .......... .......... .......... .......... ..........  3% 2.60M 8s
   600K .......... .......... .......... .......... ..........  4% 3.07M 8s
   650K .......... .......... .......... .......... ..........  4% 1.41M 8s
   700K .......... .......... .......... .......... ..........  4% 2.11M 8s
   750K .......... .......... .......... .......... ..........  5% 1.53M 8s
   800K .......... .......... .......... .......... ..........  5% 2.24M 8s
   850K .......... .......... .......... .......... ..........  5% 2.36M 8s
   900K .......... .......... .......... .......... ..........  6% 2.39M 8s
   950K .......... .......... .......... .......... ..........  6% 2.58M 7s
  1000K .......... .......... .......... .......... ..........  6% 1.88M 7s
  1050K .......... .......... .......... .......... ..........  7% 1.08M 8s
  1100K .......... .......... .......... .......... ..........  7% 3.30M 7s
  1150K .......... .......... .......... .......... ..........  7% 2.27M 7s
  1200K .......... .......... .......... .......... ..........  7% 2.85M 7s
  1250K .......... .......... .......... .......... ..........  8% 2.34M 7s
  1300K .......... .......... .......... .......... ..........  8% 1.70M 7s
  1350K .......... .......... .......... .......... ..........  8% 2.05M 7s
  1400K .......... .......... .......... .......... ..........  9% 2.23M 7s
  1450K .......... .......... .......... .......... ..........  9% 1.13M 7s
  1500K .......... .......... .......... .......... ..........  9% 1.91M 7s
  1550K .......... .......... .......... .......... .......... 10% 1.31M 7s
  1600K .......... .......... .......... .......... .......... 10% 1.94M 7s
  1650K .......... .......... .......... .......... .......... 10% 1.66M 7s
  1700K .......... .......... .......... .......... .......... 11% 4.48M 7s
  1750K .......... .......... .......... .......... .......... 11% 2.43M 7s
  1800K .......... .......... .......... .......... .......... 11% 2.32M 7s
  1850K .......... .......... .......... .......... .......... 12% 3.13M 7s
  1900K .......... .......... .......... .......... .......... 12% 4.11M 7s
  1950K .......... .......... .......... .......... .......... 12% 1.29M 7s
  2000K .......... .......... .......... .......... .......... 13% 3.26M 7s
  2050K .......... .......... .......... .......... .......... 13% 2.12M 7s
  2100K .......... .......... .......... .......... .......... 13% 3.96M 7s
  2150K .......... .......... .......... .......... .......... 14% 2.09M 7s
  2200K .......... .......... .......... .......... .......... 14% 3.49M 6s
  2250K .......... .......... .......... .......... .......... 14% 1.24M 7s
  2300K .......... .......... .......... .......... .......... 15% 3.47M 6s
  2350K .......... .......... .......... .......... .......... 15% 5.93M 6s
  2400K .......... .......... .......... .......... .......... 15% 1.92M 6s
  2450K .......... .......... .......... .......... .......... 15% 4.27M 6s
  2500K .......... .......... .......... .......... .......... 16% 2.91M 6s
  2550K .......... .......... .......... .......... .......... 16% 3.45M 6s
  2600K .......... .......... .......... .......... .......... 16% 2.80M 6s
  2650K .......... .......... .......... .......... .......... 17% 2.39M 6s
  2700K .......... .......... .......... .......... .......... 17% 1.10M 6s
  2750K .......... .......... .......... .......... .......... 17% 3.04M 6s
  2800K .......... .......... .......... .......... .......... 18% 1.74M 6s
  2850K .......... .......... .......... .......... .......... 18% 2.97M 6s
  2900K .......... .......... .......... .......... .......... 18% 1.06M 6s
  2950K .......... .......... .......... .......... .......... 19% 3.67M 6s
  3000K .......... .......... .......... .......... .......... 19% 1.87M 6s
  3050K .......... .......... .......... .......... .......... 19% 1.12M 6s
  3100K .......... .......... .......... .......... .......... 20% 1.98M 6s
  3150K .......... .......... .......... .......... .......... 20% 4.57M 6s
  3200K .......... .......... .......... .......... .......... 20% 2.57M 6s
  3250K .......... .......... .......... .......... .......... 21% 2.50M 6s
  3300K .......... .......... .......... .......... .......... 21% 1.56M 6s
  3350K .......... .......... .......... .......... .......... 21% 3.04M 6s
  3400K .......... .......... .......... .......... .......... 22% 1.26M 6s
  3450K .......... .......... .......... .......... .......... 22%  486K 6s
  3500K .......... .......... .......... .......... .......... 22% 2.55M 6s
  3550K .......... .......... .......... .......... .......... 23%  707K 6s
  3600K .......... .......... .......... .......... .......... 23% 1.68M 6s
  3650K .......... .......... .......... .......... .......... 23% 1.13M 6s
  3700K .......... .......... .......... .......... .......... 23% 1.55M 6s
  3750K .......... .......... .......... .......... .......... 24% 3.14M 6s
  3800K .......... .......... .......... .......... .......... 24% 1.15M 6s
  3850K .......... .......... .......... .......... .......... 24% 1.02M 6s
  3900K .......... .......... .......... .......... .......... 25% 2.87M 6s
  3950K .......... .......... .......... .......... .......... 25% 1.71M 6s
  4000K .......... .......... .......... .......... .......... 25% 2.70M 6s
  4050K .......... .......... .......... .......... .......... 26% 1.69M 6s
  4100K .......... .......... .......... .......... .......... 26% 2.34M 6s
  4150K .......... .......... .......... .......... .......... 26% 1.59M 6s
  4200K .......... .......... .......... .......... .......... 27% 1.66M 6s
  4250K .......... .......... .......... .......... .......... 27% 1.41M 6s
  4300K .......... .......... .......... .......... .......... 27% 3.46M 6s
  4350K .......... .......... .......... .......... .......... 28% 1.48M 6s
  4400K .......... .......... .......... .......... .......... 28% 2.67M 6s
  4450K .......... .......... .......... .......... .......... 28% 1.54M 6s
  4500K .......... .......... .......... .......... .......... 29% 2.82M 6s
  4550K .......... .......... .......... .......... .......... 29% 1.30M 6s
  4600K .......... .......... .......... .......... .......... 29% 3.27M 6s
  4650K .......... .......... .......... .......... .......... 30%  735K 6s
  4700K .......... .......... .......... .......... .......... 30% 2.57M 6s
  4750K .......... .......... .......... .......... .......... 30% 1.52M 6s
  4800K .......... .......... .......... .......... .......... 31% 2.56M 6s
  4850K .......... .......... .......... .......... .......... 31% 2.49M 6s
  4900K .......... .......... .......... .......... .......... 31% 1.44M 6s
  4950K .......... .......... .......... .......... .......... 31% 2.73M 6s
  5000K .......... .......... .......... .......... .......... 32% 1.95M 6s
  5050K .......... .......... .......... .......... .......... 32% 3.52M 6s
  5100K .......... .......... .......... .......... .......... 32% 2.58M 5s
  5150K .......... .......... .......... .......... .......... 33% 3.19M 5s
  5200K .......... .......... .......... .......... .......... 33% 2.52M 5s
  5250K .......... .......... .......... .......... .......... 33% 1.92M 5s
  5300K .......... .......... .......... .......... .......... 34% 2.65M 5s
  5350K .......... .......... .......... .......... .......... 34% 2.53M 5s
  5400K .......... .......... .......... .......... .......... 34% 2.29M 5s
  5450K .......... .......... .......... .......... .......... 35% 2.17M 5s
  5500K .......... .......... .......... .......... .......... 35% 2.12M 5s
  5550K .......... .......... .......... .......... .......... 35% 5.84M 5s
  5600K .......... .......... .......... .......... .......... 36% 2.69M 5s
  5650K .......... .......... .......... .......... .......... 36% 1.87M 5s
  5700K .......... .......... .......... .......... .......... 36% 6.67M 5s
  5750K .......... .......... .......... .......... .......... 37% 3.66M 5s
  5800K .......... .......... .......... .......... .......... 37% 1.36M 5s
  5850K .......... .......... .......... .......... .......... 37% 4.28M 5s
  5900K .......... .......... .......... .......... .......... 38% 3.02M 5s
  5950K .......... .......... .......... .......... .......... 38% 1.47M 5s
  6000K .......... .......... .......... .......... .......... 38% 1.61M 5s
  6050K .......... .......... .......... .......... .......... 39% 3.28M 5s
  6100K .......... .......... .......... .......... .......... 39% 1.61M 5s
  6150K .......... .......... .......... .......... .......... 39% 2.14M 5s
  6200K .......... .......... .......... .......... .......... 39% 13.1M 5s
  6250K .......... .......... .......... .......... .......... 40% 2.23M 5s
  6300K .......... .......... .......... .......... .......... 40% 2.46M 5s
  6350K .......... .......... .......... .......... .......... 40% 2.47M 5s
  6400K .......... .......... .......... .......... .......... 41% 3.59M 5s
  6450K .......... .......... .......... .......... .......... 41% 61.1M 5s
  6500K .......... .......... .......... .......... .......... 41% 3.23M 4s
  6550K .......... .......... .......... .......... .......... 42% 2.92M 4s
  6600K .......... .......... .......... .......... .......... 42% 10.9M 4s
  6650K .......... .......... .......... .......... .......... 42% 2.53M 4s
  6700K .......... .......... .......... .......... .......... 43% 3.51M 4s
  6750K .......... .......... .......... .......... .......... 43% 4.40M 4s
  6800K .......... .......... .......... .......... .......... 43% 18.5M 4s
  6850K .......... .......... .......... .......... .......... 44% 5.07M 4s
  6900K .......... .......... .......... .......... .......... 44% 8.16M 4s
  6950K .......... .......... .......... .......... .......... 44% 10.9M 4s
  7000K .......... .......... .......... .......... .......... 45% 8.00M 4s
  7050K .......... .......... .......... .......... .......... 45% 5.94M 4s
  7100K .......... .......... .......... .......... .......... 45% 30.7M 4s
  7150K .......... .......... .......... .......... .......... 46% 4.31M 4s
  7200K .......... .......... .......... .......... .......... 46% 7.81M 4s
  7250K .......... .......... .......... .......... .......... 46% 7.33M 4s
  7300K .......... .......... .......... .......... .......... 47% 78.9M 4s
  7350K .......... .......... .......... .......... .......... 47% 7.94M 4s
  7400K .......... .......... .......... .......... .......... 47% 3.74M 4s
  7450K .......... .......... .......... .......... .......... 47% 2.72M 4s
  7500K .......... .......... .......... .......... .......... 48% 8.21M 4s
  7550K .......... .......... .......... .......... .......... 48% 75.8M 4s
  7600K .......... .......... .......... .......... .......... 48% 6.90M 4s
  7650K .......... .......... .......... .......... .......... 49% 5.38M 4s
  7700K .......... .......... .......... .......... .......... 49% 6.51M 3s
  7750K .......... .......... .......... .......... .......... 49% 16.4M 3s
  7800K .......... .......... .......... .......... .......... 50% 3.66M 3s
  7850K .......... .......... .......... .......... .......... 50% 5.28M 3s
  7900K .......... .......... .......... .......... .......... 50% 31.4M 3s
  7950K .......... .......... .......... .......... .......... 51% 7.30M 3s
  8000K .......... .......... .......... .......... .......... 51% 2.81M 3s
  8050K .......... .......... .......... .......... .......... 51% 73.0M 3s
  8100K .......... .......... .......... .......... .......... 52% 4.11M 3s
  8150K .......... .......... .......... .......... .......... 52% 4.98M 3s
  8200K .......... .......... .......... .......... .......... 52% 9.27M 3s
  8250K .......... .......... .......... .......... .......... 53% 4.95M 3s
  8300K .......... .......... .......... .......... .......... 53% 4.91M 3s
  8350K .......... .......... .......... .......... .......... 53% 5.68M 3s
  8400K .......... .......... .......... .......... .......... 54% 4.99M 3s
  8450K .......... .......... .......... .......... .......... 54%  601K 3s
  8500K .......... .......... .......... .......... .......... 54% 5.86M 3s
  8550K .......... .......... .......... .......... .......... 55% 11.9M 3s
  8600K .......... .......... .......... .......... .......... 55% 4.43M 3s
  8650K .......... .......... .......... .......... .......... 55% 6.63M 3s
  8700K .......... .......... .......... .......... .......... 55% 7.55M 3s
  8750K .......... .......... .......... .......... .......... 56% 10.2M 3s
  8800K .......... .......... .......... .......... .......... 56% 17.3M 3s
  8850K .......... .......... .......... .......... .......... 56% 6.38M 3s
  8900K .......... .......... .......... .......... .......... 57% 4.45M 3s
  8950K .......... .......... .......... .......... .......... 57% 5.62M 3s
  9000K .......... .......... .......... .......... .......... 57% 34.3M 3s
  9050K .......... .......... .......... .......... .......... 58% 6.06M 3s
  9100K .......... .......... .......... .......... .......... 58% 5.80M 3s
  9150K .......... .......... .......... .......... .......... 58% 6.63M 3s
  9200K .......... .......... .......... .......... .......... 59% 8.29M 3s
  9250K .......... .......... .......... .......... .......... 59% 42.3M 3s
  9300K .......... .......... .......... .......... .......... 59% 4.17M 3s
  9350K .......... .......... .......... .......... .......... 60% 5.68M 2s
  9400K .......... .......... .......... .......... .......... 60% 32.9M 2s
  9450K .......... .......... .......... .......... .......... 60% 9.34M 2s
  9500K .......... .......... .......... .......... .......... 61% 5.58M 2s
  9550K .......... .......... .......... .......... .......... 61% 6.67M 2s
  9600K .......... .......... .......... .......... .......... 61% 4.01M 2s
  9650K .......... .......... .......... .......... .......... 62% 67.0M 2s
  9700K .......... .......... .......... .......... .......... 62% 3.39M 2s
  9750K .......... .......... .......... .......... .......... 62% 4.81M 2s
  9800K .......... .......... .......... .......... .......... 63% 97.3M 2s
  9850K .......... .......... .......... .......... .......... 63% 3.82M 2s
  9900K .......... .......... .......... .......... .......... 63% 8.73M 2s
  9950K .......... .......... .......... .......... .......... 63% 3.74M 2s
 10000K .......... .......... .......... .......... .......... 64% 12.7M 2s
 10050K .......... .......... .......... .......... .......... 64% 4.98M 2s
 10100K .......... .......... .......... .......... .......... 64% 4.49M 2s
 10150K .......... .......... .......... .......... .......... 65% 12.9M 2s
 10200K .......... .......... .......... .......... .......... 65% 2.62M 2s
 10250K .......... .......... .......... .......... .......... 65% 2.86M 2s
 10300K .......... .......... .......... .......... .......... 66%  107M 2s
 10350K .......... .......... .......... .......... .......... 66% 3.77M 2s
 10400K .......... .......... .......... .......... .......... 66% 6.65M 2s
 10450K .......... .......... .......... .......... .......... 67% 3.11M 2s
 10500K .......... .......... .......... .......... .......... 67% 6.37M 2s
 10550K .......... .......... .......... .......... .......... 67% 5.69M 2s
 10600K .......... .......... .......... .......... .......... 68% 13.7M 2s
 10650K .......... .......... .......... .......... .......... 68% 5.86M 2s
 10700K .......... .......... .......... .......... .......... 68% 1.25M 2s
 10750K .......... .......... .......... .......... .......... 69% 3.14M 2s
 10800K .......... .......... .......... .......... .......... 69% 2.38M 2s
 10850K .......... .......... .......... .......... .......... 69% 6.46M 2s
 10900K .......... .......... .......... .......... .......... 70% 3.19M 2s
 10950K .......... .......... .......... .......... .......... 70% 7.13M 2s
 11000K .......... .......... .......... .......... .......... 70% 14.5M 2s
 11050K .......... .......... .......... .......... .......... 71% 3.81M 2s
 11100K .......... .......... .......... .......... .......... 71% 2.62M 2s
 11150K .......... .......... .......... .......... .......... 71% 92.8M 2s
 11200K .......... .......... .......... .......... .......... 71% 6.22M 2s
 11250K .......... .......... .......... .......... .......... 72% 3.21M 2s
 11300K .......... .......... .......... .......... .......... 72% 5.22M 2s
 11350K .......... .......... .......... .......... .......... 72% 12.2M 2s
 11400K .......... .......... .......... .......... .......... 73% 5.09M 2s
 11450K .......... .......... .......... .......... .......... 73% 4.46M 1s
 11500K .......... .......... .......... .......... .......... 73% 8.89M 1s
 11550K .......... .......... .......... .......... .......... 74% 8.81M 1s
 11600K .......... .......... .......... .......... .......... 74% 4.09M 1s
 11650K .......... .......... .......... .......... .......... 74% 4.43M 1s
 11700K .......... .......... .......... .......... .......... 75% 81.5M 1s
 11750K .......... .......... .......... .......... .......... 75% 5.49M 1s
 11800K .......... .......... .......... .......... .......... 75% 4.96M 1s
 11850K .......... .......... .......... .......... .......... 76% 4.46M 1s
 11900K .......... .......... .......... .......... .......... 76% 30.0M 1s
 11950K .......... .......... .......... .......... .......... 76% 3.61M 1s
 12000K .......... .......... .......... .......... .......... 77% 2.86M 1s
 12050K .......... .......... .......... .......... .......... 77% 86.7M 1s
 12100K .......... .......... .......... .......... .......... 77% 3.78M 1s
 12150K .......... .......... .......... .......... .......... 78% 3.32M 1s
 12200K .......... .......... .......... .......... .......... 78% 3.44M 1s
 12250K .......... .......... .......... .......... .......... 78% 28.9M 1s
 12300K .......... .......... .......... .......... .......... 79% 3.80M 1s
 12350K .......... .......... .......... .......... .......... 79% 83.4M 1s
 12400K .......... .......... .......... .......... .......... 79% 7.70M 1s
 12450K .......... .......... .......... .......... .......... 79% 3.82M 1s
 12500K .......... .......... .......... .......... .......... 80% 20.5M 1s
 12550K .......... .......... .......... .......... .......... 80% 6.22M 1s
 12600K .......... .......... .......... .......... .......... 80% 5.91M 1s
 12650K .......... .......... .......... .......... .......... 81% 8.05M 1s
 12700K .......... .......... .......... .......... .......... 81% 6.47M 1s
 12750K .......... .......... .......... .......... .......... 81%  103M 1s
 12800K .......... .......... .......... .......... .......... 82% 3.26M 1s
 12850K .......... .......... .......... .......... .......... 82% 12.5M 1s
 12900K .......... .......... .......... .......... .......... 82% 3.77M 1s
 12950K .......... .......... .......... .......... .......... 83% 4.04M 1s
 13000K .......... .......... .......... .......... .......... 83% 98.5M 1s
 13050K .......... .......... .......... .......... .......... 83% 7.28M 1s
 13100K .......... .......... .......... .......... .......... 84% 6.83M 1s
 13150K .......... .......... .......... .......... .......... 84% 7.89M 1s
 13200K .......... .......... .......... .......... .......... 84% 8.21M 1s
 13250K .......... .......... .......... .......... .......... 85% 74.3M 1s
 13300K .......... .......... .......... .......... .......... 85% 7.48M 1s
 13350K .......... .......... .......... .......... .......... 85% 8.07M 1s
 13400K .......... .......... .......... .......... .......... 86% 7.76M 1s
 13450K .......... .......... .......... .......... .......... 86% 3.11M 1s
 13500K .......... .......... .......... .......... .......... 86%  101M 1s
 13550K .......... .......... .......... .......... .......... 87% 3.57M 1s
 13600K .......... .......... .......... .......... .......... 87% 4.41M 1s
 13650K .......... .......... .......... .......... .......... 87% 4.13M 1s
 13700K .......... .......... .......... .......... .......... 87% 90.4M 1s
 13750K .......... .......... .......... .......... .......... 88% 5.42M 1s
 13800K .......... .......... .......... .......... .......... 88% 8.66M 1s
 13850K .......... .......... .......... .......... .......... 88% 7.19M 1s
 13900K .......... .......... .......... .......... .......... 89% 10.4M 1s
 13950K .......... .......... .......... .......... .......... 89% 6.65M 1s
 14000K .......... .......... .......... .......... .......... 89% 5.11M 1s
 14050K .......... .......... .......... .......... .......... 90% 7.11M 0s
 14100K .......... .......... .......... .......... .......... 90% 36.6M 0s
 14150K .......... .......... .......... .......... .......... 90% 5.01M 0s
 14200K .......... .......... .......... .......... .......... 91% 5.20M 0s
 14250K .......... .......... .......... .......... .......... 91% 3.67M 0s
 14300K .......... .......... .......... .......... .......... 91% 5.99M 0s
 14350K .......... .......... .......... .......... .......... 92% 7.67M 0s
 14400K .......... .......... .......... .......... .......... 92% 44.5M 0s
 14450K .......... .......... .......... .......... .......... 92% 4.68M 0s
 14500K .......... .......... .......... .......... .......... 93% 35.1M 0s
 14550K .......... .......... .......... .......... .......... 93% 7.84M 0s
 14600K .......... .......... .......... .......... .......... 93% 5.33M 0s
 14650K .......... .......... .......... .......... .......... 94% 7.12M 0s
 14700K .......... .......... .......... .......... .......... 94% 94.8M 0s
 14750K .......... .......... .......... .......... .......... 94% 5.57M 0s
 14800K .......... .......... .......... .......... .......... 95% 6.77M 0s
 14850K .......... .......... .......... .......... .......... 95% 5.56M 0s
 14900K .......... .......... .......... .......... .......... 95%  110M 0s
 14950K .......... .......... .......... .......... .......... 95% 3.32M 0s
 15000K .......... .......... .......... .......... .......... 96% 3.58M 0s
 15050K .......... .......... .......... .......... .......... 96% 8.03M 0s
 15100K .......... .......... .......... .......... .......... 96% 97.2M 0s
 15150K .......... .......... .......... .......... .......... 97% 5.75M 0s
 15200K .......... .......... .......... .......... .......... 97% 7.60M 0s
 15250K .......... .......... .......... .......... .......... 97% 5.35M 0s
 15300K .......... .......... .......... .......... .......... 98% 12.7M 0s
 15350K .......... .......... .......... .......... .......... 98% 5.61M 0s
 15400K .......... .......... .......... .......... .......... 98% 5.67M 0s
 15450K .......... .......... .......... .......... .......... 99% 4.96M 0s
 15500K .......... .......... .......... .......... .......... 99% 81.3M 0s
 15550K .......... .......... .......... .......... .......... 99% 6.81M 0s
 15600K .......... .......... .....                           100% 33.5M=4.8s

2024-11-12 22:18:31 (3.20 MB/s) - ‘/home/jjbigdub/gitrepo/rosslam_ws/build/multirobot_map_merge/2012-01-28-11-12-01.pgm’ saved [16000058/16000058]

In file included from [01m[K/home/jjbigdub/gitrepo/rosslam_ws/src/m-explore-ros2/map_merge/test/testing_helpers.h:7[m[K,
                 from [01m[K/home/jjbigdub/gitrepo/rosslam_ws/src/m-explore-ros2/map_merge/test/test_merging_pipeline.cpp:42[m[K:
[01m[K/opt/ros/humble/include/tf2_geometry_msgs/tf2_geometry_msgs/tf2_geometry_msgs.h:35:2:[m[K [01;35m[Kwarning: [m[K#warning This header is obsolete, please include tf2_geometry_msgs/tf2_geometry_msgs.hpp instead [[01;35m[K]8;;https://gcc.gnu.org/onlinedocs/gcc/Warning-Options.html#index-Wcpp-Wcpp]8;;[m[K]
   35 | #[01;35m[Kwarning[m[K This header is obsolete, please include tf2_geometry_msgs/tf2_geometry_msgs.hpp instead
      |  [01;35m[K^~~~~~~[m[K
In file included from [01m[K/home/jjbigdub/gitrepo/rosslam_ws/src/m-explore-ros2/map_merge/src/map_merge.cpp:44[m[K:
[01m[K/opt/ros/humble/include/tf2_geometry_msgs/tf2_geometry_msgs/tf2_geometry_msgs.h:35:2:[m[K [01;35m[Kwarning: [m[K#warning This header is obsolete, please include tf2_geometry_msgs/tf2_geometry_msgs.hpp instead [[01;35m[K]8;;https://gcc.gnu.org/onlinedocs/gcc/Warning-Options.html#index-Wcpp-Wcpp]8;;[m[K]
   35 | #[01;35m[Kwarning[m[K This header is obsolete, please include tf2_geometry_msgs/tf2_geometry_msgs.hpp instead
      |  [01;35m[K^~~~~~~[m[K
