[0.026s] Invoking command in '/home/jjbigdub/gitrepo/rosslam_ws/build/multirobot_map_merge': CMAKE_PREFIX_PATH=${CMAKE_PREFIX_PATH}:/home/jjbigdub/ros2_ws/install/math1:/home/jjbigdub/urdf_ws/install/rocker_description:/opt/ros/humble /usr/bin/cmake /home/jjbigdub/gitrepo/rosslam_ws/src/m-explore-ros2/map_merge -DCMAKE_INSTALL_PREFIX=/home/jjbigdub/gitrepo/rosslam_ws/install/multirobot_map_merge
[0.157s] -- The C compiler identification is GNU 11.4.0
[0.277s] -- The CXX compiler identification is GNU 11.4.0
[0.290s] -- Detecting C compiler ABI info
[0.409s] -- Detecting C compiler ABI info - done
[0.428s] -- Check for working C compiler: /usr/bin/cc - skipped
[0.428s] -- Detecting C compile features
[0.429s] -- Detecting C compile features - done
[0.436s] -- Detecting CXX compiler ABI info
[0.568s] -- Detecting CXX compiler ABI info - done
[0.578s] -- Check for working CXX compiler: /usr/bin/c++ - skipped
[0.578s] -- Detecting CXX compile features
[0.579s] -- Detecting CXX compile features - done
[0.585s] -- Found ament_cmake: 1.3.10 (/opt/ros/humble/share/ament_cmake/cmake)
[1.058s] -- Found Python3: /usr/bin/python3 (found version "3.10.12") found components: Interpreter 
[1.192s] -- Found rclcpp: 16.0.10 (/opt/ros/humble/share/rclcpp/cmake)
[1.262s] -- Found rosidl_generator_c: 3.1.5 (/opt/ros/humble/share/rosidl_generator_c/cmake)
[1.271s] -- Found rosidl_adapter: 3.1.5 (/opt/ros/humble/share/rosidl_adapter/cmake)
[1.283s] -- Found rosidl_generator_cpp: 3.1.5 (/opt/ros/humble/share/rosidl_generator_cpp/cmake)
[1.299s] -- Using all available rosidl_typesupport_c: rosidl_typesupport_fastrtps_c;rosidl_typesupport_introspection_c
[1.322s] -- Using all available rosidl_typesupport_cpp: rosidl_typesupport_fastrtps_cpp;rosidl_typesupport_introspection_cpp
[1.386s] -- Found rmw_implementation_cmake: 6.1.2 (/opt/ros/humble/share/rmw_implementation_cmake/cmake)
[1.391s] -- Found rmw_fastrtps_cpp: 6.2.7 (/opt/ros/humble/share/rmw_fastrtps_cpp/cmake)
[1.504s] -- Found OpenSSL: /usr/lib/x86_64-linux-gnu/libcrypto.so (found version "3.0.2")  
[1.538s] -- Found FastRTPS: /opt/ros/humble/include  
[1.591s] -- Using RMW implementation 'rmw_fastrtps_cpp' as default
[1.604s] -- Looking for pthread.h
[1.684s] -- Looking for pthread.h - found
[1.684s] -- Performing Test CMAKE_HAVE_LIBC_PTHREAD
[1.759s] -- Performing Test CMAKE_HAVE_LIBC_PTHREAD - Success
[1.760s] -- Found Threads: TRUE  
[1.812s] -- Found geometry_msgs: 4.2.4 (/opt/ros/humble/share/geometry_msgs/cmake)
[1.827s] -- Found image_geometry: 3.2.1 (/opt/ros/humble/share/image_geometry/cmake)
[1.859s] -- Found map_msgs: 2.1.0 (/opt/ros/humble/share/map_msgs/cmake)
[1.901s] -- Found tf2_geometry_msgs: 0.25.8 (/opt/ros/humble/share/tf2_geometry_msgs/cmake)
[1.922s] -- Found eigen3_cmake_module: 0.1.1 (/opt/ros/humble/share/eigen3_cmake_module/cmake)
[1.923s] -- Found Eigen3: TRUE (found version "3.4.0") 
[1.923s] -- Ensuring Eigen3 include directory is part of orocos-kdl CMake target
[2.052s] -- Found Boost: /usr/lib/x86_64-linux-gnu/cmake/Boost-1.74.0/BoostConfig.cmake (found version "1.74.0") found components: thread 
[2.055s] -- Found OpenCV: /usr (found version "4.5.4") 
[2.071s] -- Found ament_lint_auto: 0.12.11 (/opt/ros/humble/share/ament_lint_auto/cmake)
[2.166s] -- Found ament_cmake_gtest: 1.3.10 (/opt/ros/humble/share/ament_cmake_gtest/cmake)
[2.175s] --2024-11-12 22:18:07--  https://raw.githubusercontent.com/hrnr/m-explore-extra/master/map_merge/hector_maps/map00.pgm
[3.990s] Resolving raw.githubusercontent.com (raw.githubusercontent.com)... 185.199.109.133, 185.199.110.133, 185.199.111.133, ...
[4.008s] Connecting to raw.githubusercontent.com (raw.githubusercontent.com)|185.199.109.133|:443... connected.
[4.709s] HTTP request sent, awaiting response... 200 OK
[4.709s] Length: 4194362 (4.0M) [application/octet-stream]
[4.709s] Saving to: ‘/home/jjbigdub/gitrepo/rosslam_ws/build/multirobot_map_merge/map00.pgm’
[4.737s] 
[4.826s]      0K .......... .......... .......... .......... ..........  1%  428K 9s
[4.955s]     50K .......... .......... .......... .......... ..........  2%  387K 10s
[5.095s]    100K .......... .......... .......... .......... ..........  3%  357K 10s
[5.209s]    150K .......... .......... .......... .......... ..........  4%  442K 10s
[5.329s]    200K .......... .......... .......... .......... ..........  6%  414K 10s
[5.455s]    250K .......... .......... .......... .......... ..........  7%  396K 9s
[5.629s]    300K .......... .......... .......... .......... ..........  8%  289K 10s
[6.026s]    350K .......... .......... .......... .......... ..........  9%  150K 12s
[6.197s]    400K .......... .......... .......... .......... .......... 10%  212K 12s
[6.260s]    450K .......... .......... .......... .......... .......... 12%  799K 11s
[6.352s]    500K .......... .......... .......... .......... .......... 13%  542K 11s
[6.490s]    550K .......... .......... .......... .......... .......... 14%  360K 10s
[6.572s]    600K .......... .......... .......... .......... .......... 15%  612K 10s
[6.667s]    650K .......... .......... .......... .......... .......... 17%  524K 10s
[6.731s]    700K .......... .......... .......... .......... .......... 18%  793K 9s
[6.824s]    750K .......... .......... .......... .......... .......... 19%  536K 9s
[6.916s]    800K .......... .......... .......... .......... .......... 20%  541K 8s
[6.958s]    850K .......... .......... .......... .......... .......... 21% 1.18M 8s
[7.006s]    900K .......... .......... .......... .......... .......... 23% 1.02M 8s
[7.092s]    950K .......... .......... .......... .......... .......... 24%  581K 7s
[7.120s]   1000K .......... .......... .......... .......... .......... 25% 1.72M 7s
[7.194s]   1050K .......... .......... .......... .......... .......... 26%  672K 7s
[7.275s]   1100K .......... .......... .......... .......... .......... 28%  620K 7s
[7.350s]   1150K .......... .......... .......... .......... .......... 29%  670K 6s
[7.418s]   1200K .......... .......... .......... .......... .......... 30%  733K 6s
[7.475s]   1250K .......... .......... .......... .......... .......... 31%  883K 6s
[7.541s]   1300K .......... .......... .......... .......... .......... 32%  751K 6s
[7.626s]   1350K .......... .......... .......... .......... .......... 34%  588K 6s
[7.693s]   1400K .......... .......... .......... .......... .......... 35%  749K 5s
[7.785s]   1450K .......... .......... .......... .......... .......... 36%  544K 5s
[7.828s]   1500K .......... .......... .......... .......... .......... 37% 1.14M 5s
[7.883s]   1550K .......... .......... .......... .......... .......... 39%  914K 5s
[7.918s]   1600K .......... .......... .......... .......... .......... 40% 1.38M 5s
[7.980s]   1650K .......... .......... .......... .......... .......... 41%  801K 5s
[8.016s]   1700K .......... .......... .......... .......... .......... 42% 1.36M 4s
[8.085s]   1750K .......... .......... .......... .......... .......... 43%  727K 4s
[8.105s]   1800K .......... .......... .......... .......... .......... 45% 2.49M 4s
[8.159s]   1850K .......... .......... .......... .......... .......... 46%  926K 4s
[8.206s]   1900K .......... .......... .......... .......... .......... 47% 1.03M 4s
[8.247s]   1950K .......... .......... .......... .......... .......... 48% 1.21M 4s
[8.279s]   2000K .......... .......... .......... .......... .......... 50% 1.50M 4s
[8.334s]   2050K .......... .......... .......... .......... .......... 51%  910K 3s
[8.362s]   2100K .......... .......... .......... .......... .......... 52% 1.72M 3s
[8.413s]   2150K .......... .......... .......... .......... .......... 53%  996K 3s
[8.457s]   2200K .......... .......... .......... .......... .......... 54% 1.11M 3s
[8.507s]   2250K .......... .......... .......... .......... .......... 56%  988K 3s
[8.562s]   2300K .......... .......... .......... .......... .......... 57%  915K 3s
[8.604s]   2350K .......... .......... .......... .......... .......... 58% 1.15M 3s
[8.652s]   2400K .......... .......... .......... .......... .......... 59% 1.03M 3s
[8.749s]   2450K .......... .......... .......... .......... .......... 61%  516K 3s
[8.806s]   2500K .......... .......... .......... .......... .......... 62%  870K 2s
[8.854s]   2550K .......... .......... .......... .......... .......... 63% 1.01M 2s
[8.897s]   2600K .......... .......... .......... .......... .......... 64% 1.16M 2s
[8.955s]   2650K .......... .......... .......... .......... .......... 65%  853K 2s
[9.007s]   2700K .......... .......... .......... .......... .......... 67%  971K 2s
[9.047s]   2750K .......... .......... .......... .......... .......... 68% 1.22M 2s
[9.084s]   2800K .......... .......... .......... .......... .......... 69% 1.32M 2s
[9.110s]   2850K .......... .......... .......... .......... .......... 70% 1.81M 2s
[9.148s]   2900K .......... .......... .......... .......... .......... 72% 1.32M 2s
[9.169s]   2950K .......... .......... .......... .......... .......... 73% 2.26M 2s
[9.226s]   3000K .......... .......... .......... .......... .......... 74%  886K 2s
[9.277s]   3050K .......... .......... .......... .......... .......... 75%  976K 1s
[9.322s]   3100K .......... .......... .......... .......... .......... 76% 1.09M 1s
[9.352s]   3150K .......... .......... .......... .......... .......... 78% 1.63M 1s
[9.374s]   3200K .......... .......... .......... .......... .......... 79% 2.22M 1s
[9.402s]   3250K .......... .......... .......... .......... .......... 80% 1.72M 1s
[9.467s]   3300K .......... .......... .......... .......... .......... 81%  775K 1s
[9.489s]   3350K .......... .......... .......... .......... .......... 83% 2.17M 1s
[9.541s]   3400K .......... .......... .......... .......... .......... 84%  967K 1s
[9.577s]   3450K .......... .......... .......... .......... .......... 85% 1.33M 1s
[9.602s]   3500K .......... .......... .......... .......... .......... 86% 1.96M 1s
[9.663s]   3550K .......... .......... .......... .......... .......... 87%  818K 1s
[9.706s]   3600K .......... .......... .......... .......... .......... 89% 1.16M 1s
[9.753s]   3650K .......... .......... .......... .......... .......... 90% 1.02M 1s
[9.890s]   3700K .......... .......... .......... .......... .......... 91%  366K 0s
[9.931s]   3750K .......... .......... .......... .......... .......... 92% 1.19M 0s
[9.983s]   3800K .......... .......... .......... .......... .......... 93%  969K 0s
[10.104s]   3850K .......... .......... .......... .......... .......... 95%  411K 0s
[10.137s]   3900K .......... .......... .......... .......... .......... 96% 1.50M 0s
[10.163s]   3950K .......... .......... .......... .......... .......... 97% 1.92M 0s
[10.193s]   4000K .......... .......... .......... .......... .......... 98% 1.58M 0s
[10.221s]   4050K .......... .......... .......... .......... ......    100% 1.65M=5.5s
[10.221s] 
[10.221s] 2024-11-12 22:18:15 (743 KB/s) - ‘/home/jjbigdub/gitrepo/rosslam_ws/build/multirobot_map_merge/map00.pgm’ saved [4194362/4194362]
[10.221s] 
[10.222s] Checking MD5 sum of /home/jjbigdub/gitrepo/rosslam_ws/build/multirobot_map_merge/map00.pgm
[10.229s] /home/jjbigdub/gitrepo/rosslam_ws/build/multirobot_map_merge/map00.pgm: OK
[10.237s] --2024-11-12 22:18:15--  https://raw.githubusercontent.com/hrnr/m-explore-extra/master/map_merge/hector_maps/map05.pgm
[10.240s] Resolving raw.githubusercontent.com (raw.githubusercontent.com)... 185.199.110.133, 185.199.108.133, 185.199.109.133, ...
[10.270s] Connecting to raw.githubusercontent.com (raw.githubusercontent.com)|185.199.110.133|:443... connected.
[10.961s] HTTP request sent, awaiting response... 200 OK
[10.961s] Length: 4194362 (4.0M) [application/octet-stream]
[10.961s] Saving to: ‘/home/jjbigdub/gitrepo/rosslam_ws/build/multirobot_map_merge/map05.pgm’
[10.990s] 
[11.079s]      0K .......... .......... .......... .......... ..........  1%  423K 10s
[11.103s]     50K .......... .......... .......... .......... ..........  2% 2.11M 6s
[11.132s]    100K .......... .......... .......... .......... ..........  3% 1.66M 4s
[11.209s]    150K .......... .......... .......... .......... ..........  4%  652K 5s
[11.210s]    200K .......... .......... .......... .......... ..........  6% 26.9M 4s
[11.257s]    250K .......... .......... .......... .......... ..........  7% 1.05M 4s
[11.302s]    300K .......... .......... .......... .......... ..........  8% 1.08M 4s
[11.318s]    350K .......... .......... .......... .......... ..........  9% 3.10M 3s
[11.353s]    400K .......... .......... .......... .......... .......... 10% 1.41M 3s
[11.376s]    450K .......... .......... .......... .......... .......... 12% 2.07M 3s
[11.405s]    500K .......... .......... .......... .......... .......... 13% 1.71M 3s
[11.423s]    550K .......... .......... .......... .......... .......... 14% 2.69M 3s
[11.423s]    600K .......... .......... .......... .......... .......... 15%  194M 2s
[11.507s]    650K .......... .......... .......... .......... .......... 17%  594K 3s
[11.537s]    700K .......... .......... .......... .......... .......... 18% 1.67M 3s
[11.583s]    750K .......... .......... .......... .......... .......... 19% 13.3M 2s
[11.602s]    800K .......... .......... .......... .......... .......... 20%  810K 2s
[11.602s]    850K .......... .......... .......... .......... .......... 21%  195M 2s
[11.621s]    900K .......... .......... .......... .......... .......... 23% 2.57M 2s
[11.658s]    950K .......... .......... .......... .......... .......... 24% 1.34M 2s
[11.702s]   1000K .......... .......... .......... .......... .......... 25% 1.11M 2s
[11.702s]   1050K .......... .......... .......... .......... .......... 26%  214M 2s
[11.793s]   1100K .......... .......... .......... .......... .......... 28%  549K 2s
[11.817s]   1150K .......... .......... .......... .......... .......... 29% 2.02M 2s
[11.841s]   1200K .......... .......... .......... .......... .......... 30% 2.03M 2s
[11.857s]   1250K .......... .......... .......... .......... .......... 31% 3.16M 2s
[11.873s]   1300K .......... .......... .......... .......... .......... 32% 2.92M 2s
[11.902s]   1350K .......... .......... .......... .......... .......... 34% 1.70M 2s
[11.913s]   1400K .......... .......... .......... .......... .......... 35% 4.36M 2s
[11.944s]   1450K .......... .......... .......... .......... .......... 36% 1.61M 2s
[11.957s]   1500K .......... .......... .......... .......... .......... 37% 3.63M 2s
[11.969s]   1550K .......... .......... .......... .......... .......... 39% 43.3M 2s
[11.982s]   1600K .......... .......... .......... .......... .......... 40% 2.02M 2s
[11.992s]   1650K .......... .......... .......... .......... .......... 41% 5.00M 1s
[12.022s]   1700K .......... .......... .......... .......... .......... 42% 1.62M 1s
[12.043s]   1750K .......... .......... .......... .......... .......... 43% 2.33M 1s
[12.065s]   1800K .......... .......... .......... .......... .......... 45% 2.25M 1s
[12.066s]   1850K .......... .......... .......... .......... .......... 46% 54.5M 1s
[12.090s]   1900K .......... .......... .......... .......... .......... 47% 2.02M 1s
[12.109s]   1950K .......... .......... .......... .......... .......... 48% 2.52M 1s
[12.124s]   2000K .......... .......... .......... .......... .......... 50% 3.27M 1s
[12.142s]   2050K .......... .......... .......... .......... .......... 51% 2.83M 1s
[12.142s]   2100K .......... .......... .......... .......... .......... 52%  127M 1s
[12.156s]   2150K .......... .......... .......... .......... .......... 53% 3.40M 1s
[12.177s]   2200K .......... .......... .......... .......... .......... 54% 2.34M 1s
[12.197s]   2250K .......... .......... .......... .......... .......... 56% 2.51M 1s
[12.218s]   2300K .......... .......... .......... .......... .......... 57% 2.26M 1s
[12.234s]   2350K .......... .......... .......... .......... .......... 58%  217M 1s
[12.234s]   2400K .......... .......... .......... .......... .......... 59% 3.07M 1s
[12.255s]   2450K .......... .......... .......... .......... .......... 61% 2.31M 1s
[12.274s]   2500K .......... .......... .......... .......... .......... 62% 2.69M 1s
[12.297s]   2550K .......... .......... .......... .......... .......... 63% 2.09M 1s
[12.303s]   2600K .......... .......... .......... .......... .......... 64% 7.80M 1s
[12.329s]   2650K .......... .......... .......... .......... .......... 65% 1.87M 1s
[12.423s]   2700K .......... .......... .......... .......... .......... 67%  533K 1s
[12.455s]   2750K .......... .......... .......... .......... .......... 68% 1.64M 1s
[12.483s]   2800K .......... .......... .......... .......... .......... 69% 1.64M 1s
[12.490s]   2850K .......... .......... .......... .......... .......... 70% 6.85M 1s
[12.587s]   2900K .......... .......... .......... .......... .......... 72%  514K 1s
[12.612s]   2950K .......... .......... .......... .......... .......... 73% 1.97M 1s
[12.612s]   3000K .......... .......... .......... .......... .......... 74% 76.9M 1s
[12.633s]   3050K .......... .......... .......... .......... .......... 75% 2.42M 1s
[12.651s]   3100K .......... .......... .......... .......... .......... 76% 2.69M 1s
[12.672s]   3150K .......... .......... .......... .......... .......... 78% 2.29M 0s
[12.687s]   3200K .......... .......... .......... .......... .......... 79% 3.43M 0s
[12.703s]   3250K .......... .......... .......... .......... .......... 80% 3.00M 0s
[12.721s]   3300K .......... .......... .......... .......... .......... 81% 2.64M 0s
[12.740s]   3350K .......... .......... .......... .......... .......... 83% 2.64M 0s
[12.768s]   3400K .......... .......... .......... .......... .......... 84% 1.72M 0s
[12.768s]   3450K .......... .......... .......... .......... .......... 85%  179M 0s
[12.792s]   3500K .......... .......... .......... .......... .......... 86% 2.09M 0s
[12.821s]   3550K .......... .......... .......... .......... .......... 87% 1.67M 0s
[12.837s]   3600K .......... .......... .......... .......... .......... 89% 3.04M 0s
[12.837s]   3650K .......... .......... .......... .......... .......... 90%  219M 0s
[12.852s]   3700K .......... .......... .......... .......... .......... 91% 3.25M 0s
[12.890s]   3750K .......... .......... .......... .......... .......... 92% 1.29M 0s
[12.934s]   3800K .......... .......... .......... .......... .......... 93% 1.13M 0s
[12.934s]   3850K .......... .......... .......... .......... .......... 95%  193M 0s
[12.960s]   3900K .......... .......... .......... .......... .......... 96% 1.83M 0s
[12.978s]   3950K .......... .......... .......... .......... .......... 97% 2.74M 0s
[12.994s]   4000K .......... .......... .......... .......... .......... 98% 3.17M 0s
[12.994s]   4050K .......... .......... .......... .......... ......    100%  231M=2.0s
[12.994s] 
[12.994s] 2024-11-12 22:18:18 (1.97 MB/s) - ‘/home/jjbigdub/gitrepo/rosslam_ws/build/multirobot_map_merge/map05.pgm’ saved [4194362/4194362]
[12.994s] 
[12.995s] Checking MD5 sum of /home/jjbigdub/gitrepo/rosslam_ws/build/multirobot_map_merge/map05.pgm
[13.003s] /home/jjbigdub/gitrepo/rosslam_ws/build/multirobot_map_merge/map05.pgm: OK
[13.010s] --2024-11-12 22:18:18--  https://raw.githubusercontent.com/hrnr/m-explore-extra/master/map_merge/gmapping_maps/2011-08-09-12-22-52.pgm
[13.013s] Resolving raw.githubusercontent.com (raw.githubusercontent.com)... 185.199.108.133, 185.199.110.133, 185.199.109.133, ...
[13.059s] Connecting to raw.githubusercontent.com (raw.githubusercontent.com)|185.199.108.133|:443... connected.
[14.638s] HTTP request sent, awaiting response... 200 OK
[14.638s] Length: 16000058 (15M) [application/octet-stream]
[14.638s] Saving to: ‘/home/jjbigdub/gitrepo/rosslam_ws/build/multirobot_map_merge/2011-08-09-12-22-52.pgm’
[14.655s] 
[14.691s]      0K .......... .......... .......... .......... ..........  0%  944K 16s
[14.741s]     50K .......... .......... .......... .......... ..........  0%  998K 16s
[14.762s]    100K .......... .......... .......... .......... ..........  0% 2.27M 13s
[14.782s]    150K .......... .......... .......... .......... ..........  1% 2.49M 11s
[14.809s]    200K .......... .......... .......... .......... ..........  1% 1.77M 11s
[14.827s]    250K .......... .......... .......... .......... ..........  1% 2.72M 10s
[14.855s]    300K .......... .......... .......... .......... ..........  2% 1.77M 9s
[14.897s]    350K .......... .......... .......... .......... ..........  2% 1.17M 10s
[14.918s]    400K .......... .......... .......... .......... ..........  2% 2.28M 9s
[14.944s]    450K .......... .......... .......... .......... ..........  3% 1.85M 9s
[14.971s]    500K .......... .......... .......... .......... ..........  3% 1.86M 9s
[14.986s]    550K .......... .......... .......... .......... ..........  3% 3.18M 9s
[15.005s]    600K .......... .......... .......... .......... ..........  4% 2.54M 8s
[15.021s]    650K .......... .......... .......... .......... ..........  4% 3.12M 8s
[15.072s]    700K .......... .......... .......... .......... ..........  4% 1.60M 8s
[15.078s]    750K .......... .......... .......... .......... ..........  5% 1.82M 8s
[15.105s]    800K .......... .......... .......... .......... ..........  5% 1.79M 8s
[15.127s]    850K .......... .......... .......... .......... ..........  5% 2.26M 8s
[15.142s]    900K .......... .......... .......... .......... ..........  6% 3.31M 8s
[15.165s]    950K .......... .......... .......... .......... ..........  6% 2.10M 8s
[15.185s]   1000K .......... .......... .......... .......... ..........  6% 2.39M 8s
[15.189s]   1050K .......... .......... .......... .......... ..........  7% 13.4M 7s
[15.210s]   1100K .......... .......... .......... .......... ..........  7% 2.34M 7s
[15.231s]   1150K .......... .......... .......... .......... ..........  7% 2.34M 7s
[15.260s]   1200K .......... .......... .......... .......... ..........  7% 1.65M 7s
[15.284s]   1250K .......... .......... .......... .......... ..........  8% 2.08M 7s
[15.314s]   1300K .......... .......... .......... .......... ..........  8% 1.61M 7s
[15.330s]   1350K .......... .......... .......... .......... ..........  8% 3.04M 7s
[15.332s]   1400K .......... .......... .......... .......... ..........  9% 34.5M 7s
[15.359s]   1450K .......... .......... .......... .......... ..........  9% 1.79M 7s
[15.388s]   1500K .......... .......... .......... .......... ..........  9% 1.71M 7s
[15.424s]   1550K .......... .......... .......... .......... .......... 10% 1.33M 7s
[15.446s]   1600K .......... .......... .......... .......... .......... 10% 2.27M 7s
[15.446s]   1650K .......... .......... .......... .......... .......... 10%  184M 7s
[15.461s]   1700K .......... .......... .......... .......... .......... 11% 3.39M 7s
[15.480s]   1750K .......... .......... .......... .......... .......... 11% 2.52M 6s
[15.500s]   1800K .......... .......... .......... .......... .......... 11% 2.40M 6s
[15.522s]   1850K .......... .......... .......... .......... .......... 12% 2.21M 6s
[15.560s]   1900K .......... .......... .......... .......... .......... 12% 20.9M 6s
[15.573s]   1950K .......... .......... .......... .......... .......... 12% 1.02M 6s
[15.591s]   2000K .......... .......... .......... .......... .......... 13% 2.68M 6s
[15.605s]   2050K .......... .......... .......... .......... .......... 13% 3.49M 6s
[15.622s]   2100K .......... .......... .......... .......... .......... 13% 2.90M 6s
[15.640s]   2150K .......... .......... .......... .......... .......... 14% 2.64M 6s
[15.657s]   2200K .......... .......... .......... .......... .......... 14% 2.86M 6s
[15.663s]   2250K .......... .......... .......... .......... .......... 14% 9.24M 6s
[15.680s]   2300K .......... .......... .......... .......... .......... 15% 2.75M 6s
[15.699s]   2350K .......... .......... .......... .......... .......... 15% 2.61M 6s
[15.719s]   2400K .......... .......... .......... .......... .......... 15% 2.39M 6s
[15.750s]   2450K .......... .......... .......... .......... .......... 15% 1.60M 6s
[15.750s]   2500K .......... .......... .......... .......... .......... 16%  134M 6s
[15.769s]   2550K .......... .......... .......... .......... .......... 16% 2.55M 6s
[15.797s]   2600K .......... .......... .......... .......... .......... 16% 1.74M 6s
[15.815s]   2650K .......... .......... .......... .......... .......... 17% 2.75M 6s
[15.832s]   2700K .......... .......... .......... .......... .......... 17%  140M 6s
[15.832s]   2750K .......... .......... .......... .......... .......... 17% 2.95M 5s
[15.847s]   2800K .......... .......... .......... .......... .......... 18% 3.23M 5s
[15.857s]   2850K .......... .......... .......... .......... .......... 18% 5.27M 5s
[15.877s]   2900K .......... .......... .......... .......... .......... 18% 2.36M 5s
[15.881s]   2950K .......... .......... .......... .......... .......... 19% 12.8M 5s
[15.900s]   3000K .......... .......... .......... .......... .......... 19% 2.57M 5s
[15.920s]   3050K .......... .......... .......... .......... .......... 19% 2.41M 5s
[15.933s]   3100K .......... .......... .......... .......... .......... 20%  139M 5s
[15.935s]   3150K .......... .......... .......... .......... .......... 20% 3.48M 5s
[15.953s]   3200K .......... .......... .......... .......... .......... 20% 2.72M 5s
[15.968s]   3250K .......... .......... .......... .......... .......... 21% 3.25M 5s
[15.980s]   3300K .......... .......... .......... .......... .......... 21% 3.92M 5s
[15.988s]   3350K .......... .......... .......... .......... .......... 21% 6.08M 5s
[16.008s]   3400K .......... .......... .......... .......... .......... 22% 2.45M 5s
[16.028s]   3450K .......... .......... .......... .......... .......... 22% 2.52M 5s
[16.041s]   3500K .......... .......... .......... .......... .......... 22% 3.65M 5s
[16.062s]   3550K .......... .......... .......... .......... .......... 23% 2.38M 5s
[16.074s]   3600K .......... .......... .......... .......... .......... 23% 3.80M 5s
[16.090s]   3650K .......... .......... .......... .......... .......... 23% 3.23M 5s
[16.113s]   3700K .......... .......... .......... .......... .......... 23% 2.13M 5s
[16.121s]   3750K .......... .......... .......... .......... .......... 24% 5.53M 5s
[16.139s]   3800K .......... .......... .......... .......... .......... 24% 2.75M 5s
[16.161s]   3850K .......... .......... .......... .......... .......... 24% 2.26M 5s
[16.190s]   3900K .......... .......... .......... .......... .......... 25% 1.69M 5s
[16.204s]   3950K .......... .......... .......... .......... .......... 25% 3.58M 5s
[16.204s]   4000K .......... .......... .......... .......... .......... 25% 77.0M 4s
[16.221s]   4050K .......... .......... .......... .......... .......... 26% 2.91M 4s
[16.238s]   4100K .......... .......... .......... .......... .......... 26% 2.94M 4s
[16.243s]   4150K .......... .......... .......... .......... .......... 26% 8.17M 4s
[16.257s]   4200K .......... .......... .......... .......... .......... 27% 3.44M 4s
[16.280s]   4250K .......... .......... .......... .......... .......... 27% 2.14M 4s
[16.300s]   4300K .......... .......... .......... .......... .......... 27% 2.50M 4s
[16.333s]   4350K .......... .......... .......... .......... .......... 28% 1.50M 4s
[16.337s]   4400K .......... .......... .......... .......... .......... 28% 11.1M 4s
[16.354s]   4450K .......... .......... .......... .......... .......... 28% 2.86M 4s
[16.374s]   4500K .......... .......... .......... .......... .......... 29% 2.40M 4s
[16.380s]   4550K .......... .......... .......... .......... .......... 29% 7.88M 4s
[16.402s]   4600K .......... .......... .......... .......... .......... 29% 2.32M 4s
[16.434s]   4650K .......... .......... .......... .......... .......... 30% 1.51M 4s
[16.449s]   4700K .......... .......... .......... .......... .......... 30% 3.43M 4s
[16.463s]   4750K .......... .......... .......... .......... .......... 30% 3.35M 4s
[16.464s]   4800K .......... .......... .......... .......... .......... 31% 39.2M 4s
[16.493s]   4850K .......... .......... .......... .......... .......... 31% 1.70M 4s
[16.512s]   4900K .......... .......... .......... .......... .......... 31% 2.51M 4s
[16.514s]   4950K .......... .......... .......... .......... .......... 31% 25.2M 4s
[16.523s]   5000K .......... .......... .......... .......... .......... 32% 5.63M 4s
[16.536s]   5050K .......... .......... .......... .......... .......... 32% 3.58M 4s
[16.547s]   5100K .......... .......... .......... .......... .......... 32% 4.71M 4s
[16.571s]   5150K .......... .......... .......... .......... .......... 33% 2.06M 4s
[16.571s]   5200K .......... .......... .......... .......... .......... 33% 80.2M 4s
[16.590s]   5250K .......... .......... .......... .......... .......... 33% 2.55M 4s
[16.607s]   5300K .......... .......... .......... .......... .......... 34% 2.99M 4s
[16.622s]   5350K .......... .......... .......... .......... .......... 34% 3.20M 4s
[16.634s]   5400K .......... .......... .......... .......... .......... 34% 3.88M 4s
[16.653s]   5450K .......... .......... .......... .......... .......... 35% 2.66M 4s
[16.669s]   5500K .......... .......... .......... .......... .......... 35% 3.26M 4s
[16.691s]   5550K .......... .......... .......... .......... .......... 35% 2.12M 4s
[16.691s]   5600K .......... .......... .......... .......... .......... 36% 74.8M 4s
[16.713s]   5650K .......... .......... .......... .......... .......... 36% 2.29M 4s
[16.728s]   5700K .......... .......... .......... .......... .......... 36% 3.24M 4s
[16.735s]   5750K .......... .......... .......... .......... .......... 37% 7.11M 4s
[16.778s]   5800K .......... .......... .......... .......... .......... 37% 1.13M 4s
[16.802s]   5850K .......... .......... .......... .......... .......... 37% 1.98M 4s
[16.811s]   5900K .......... .......... .......... .......... .......... 38% 5.83M 4s
[16.826s]   5950K .......... .......... .......... .......... .......... 38% 3.19M 4s
[16.854s]   6000K .......... .......... .......... .......... .......... 38% 1.76M 4s
[16.875s]   6050K .......... .......... .......... .......... .......... 39% 2.38M 3s
[16.875s]   6100K .......... .......... .......... .......... .......... 39% 74.5M 3s
[16.907s]   6150K .......... .......... .......... .......... .......... 39% 1.53M 3s
[16.925s]   6200K .......... .......... .......... .......... .......... 39% 2.71M 3s
[16.927s]   6250K .......... .......... .......... .......... .......... 40% 20.5M 3s
[16.945s]   6300K .......... .......... .......... .......... .......... 40% 2.80M 3s
[16.966s]   6350K .......... .......... .......... .......... .......... 40% 2.35M 3s
[16.998s]   6400K .......... .......... .......... .......... .......... 41% 1.49M 3s
[17.014s]   6450K .......... .......... .......... .......... .......... 41% 3.15M 3s
[17.016s]   6500K .......... .......... .......... .......... .......... 41% 20.8M 3s
[17.040s]   6550K .......... .......... .......... .......... .......... 42% 2.07M 3s
[17.059s]   6600K .......... .......... .......... .......... .......... 42% 2.57M 3s
[17.071s]   6650K .......... .......... .......... .......... .......... 42% 4.01M 3s
[17.098s]   6700K .......... .......... .......... .......... .......... 43% 1.85M 3s
[17.134s]   6750K .......... .......... .......... .......... .......... 43% 1.33M 3s
[17.165s]   6800K .......... .......... .......... .......... .......... 43% 1.60M 3s
[17.178s]   6850K .......... .......... .......... .......... .......... 44% 3.70M 3s
[17.199s]   6900K .......... .......... .......... .......... .......... 44% 2.31M 3s
[17.220s]   6950K .......... .......... .......... .......... .......... 44% 2.35M 3s
[17.238s]   7000K .......... .......... .......... .......... .......... 45% 2.68M 3s
[17.249s]   7050K .......... .......... .......... .......... .......... 45% 4.26M 3s
[17.281s]   7100K .......... .......... .......... .......... .......... 45% 1.62M 3s
[17.306s]   7150K .......... .......... .......... .......... .......... 46% 1.86M 3s
[17.328s]   7200K .......... .......... .......... .......... .......... 46% 2.17M 3s
[17.341s]   7250K .......... .......... .......... .......... .......... 46% 3.92M 3s
[17.357s]   7300K .......... .......... .......... .......... .......... 47% 3.12M 3s
[17.384s]   7350K .......... .......... .......... .......... .......... 47% 1.78M 3s
[17.418s]   7400K .......... .......... .......... .......... .......... 47% 1.45M 3s
[17.418s]   7450K .......... .......... .......... .......... .......... 47% 68.5M 3s
[17.440s]   7500K .......... .......... .......... .......... .......... 48% 2.31M 3s
[17.453s]   7550K .......... .......... .......... .......... .......... 48% 3.68M 3s
[17.479s]   7600K .......... .......... .......... .......... .......... 48% 1.89M 3s
[17.480s]   7650K .......... .......... .......... .......... .......... 49% 30.1M 3s
[17.497s]   7700K .......... .......... .......... .......... .......... 49% 3.00M 3s
[17.511s]   7750K .......... .......... .......... .......... .......... 49% 3.32M 3s
[17.522s]   7800K .......... .......... .......... .......... .......... 50% 4.66M 3s
[17.522s]   7850K .......... .......... .......... .......... .......... 50% 68.1M 3s
[17.535s]   7900K .......... .......... .......... .......... .......... 50% 7.10M 3s
[17.536s]   7950K .......... .......... .......... .......... .......... 51% 7.49M 3s
[17.548s]   8000K .......... .......... .......... .......... .......... 51% 3.95M 3s
[17.555s]   8050K .......... .......... .......... .......... .......... 51% 7.69M 3s
[17.555s]   8100K .......... .......... .......... .......... .......... 52% 80.2M 3s
[17.561s]   8150K .......... .......... .......... .......... .......... 52% 8.32M 3s
[17.570s]   8200K .......... .......... .......... .......... .......... 52% 5.44M 3s
[17.577s]   8250K .......... .......... .......... .......... .......... 53% 7.47M 3s
[17.588s]   8300K .......... .......... .......... .......... .......... 53% 4.46M 3s
[17.596s]   8350K .......... .......... .......... .......... .......... 53% 5.65M 3s
[17.597s]   8400K .......... .......... .......... .......... .......... 54% 74.8M 3s
[17.615s]   8450K .......... .......... .......... .......... .......... 54% 2.68M 2s
[17.628s]   8500K .......... .......... .......... .......... .......... 54% 3.91M 2s
[17.632s]   8550K .......... .......... .......... .......... .......... 55% 10.9M 2s
[17.650s]   8600K .......... .......... .......... .......... .......... 55% 2.65M 2s
[17.661s]   8650K .......... .......... .......... .......... .......... 55% 4.46M 2s
[17.679s]   8700K .......... .......... .......... .......... .......... 55% 2.78M 2s
[17.695s]   8750K .......... .......... .......... .......... .......... 56% 3.12M 2s
[17.695s]   8800K .......... .......... .......... .......... .......... 56% 82.9M 2s
[17.716s]   8850K .......... .......... .......... .......... .......... 56% 2.40M 2s
[17.736s]   8900K .......... .......... .......... .......... .......... 57% 2.42M 2s
[17.736s]   8950K .......... .......... .......... .......... .......... 57% 59.1M 2s
[17.794s]   9000K .......... .......... .......... .......... .......... 57%  876K 2s
[17.817s]   9050K .......... .......... .......... .......... .......... 58% 2.12M 2s
[17.838s]   9100K .......... .......... .......... .......... .......... 58% 3.91M 2s
[17.839s]   9150K .......... .......... .......... .......... .......... 58% 5.17M 2s
[17.854s]   9200K .......... .......... .......... .......... .......... 59% 3.27M 2s
[17.864s]   9250K .......... .......... .......... .......... .......... 59% 4.74M 2s
[17.876s]   9300K .......... .......... .......... .......... .......... 59% 4.12M 2s
[17.882s]   9350K .......... .......... .......... .......... .......... 60% 7.15M 2s
[17.893s]   9400K .......... .......... .......... .......... .......... 60% 4.72M 2s
[17.914s]   9450K .......... .......... .......... .......... .......... 60% 2.26M 2s
[17.934s]   9500K .......... .......... .......... .......... .......... 61% 16.2M 2s
[17.936s]   9550K .......... .......... .......... .......... .......... 61% 2.62M 2s
[17.960s]   9600K .......... .......... .......... .......... .......... 61% 2.08M 2s
[17.974s]   9650K .......... .......... .......... .......... .......... 62% 3.33M 2s
[18.002s]   9700K .......... .......... .......... .......... .......... 62% 1.75M 2s
[18.003s]   9750K .......... .......... .......... .......... .......... 62% 74.7M 2s
[18.026s]   9800K .......... .......... .......... .......... .......... 63% 2.07M 2s
[18.044s]   9850K .......... .......... .......... .......... .......... 63% 2.83M 2s
[18.074s]   9900K .......... .......... .......... .......... .......... 63% 48.6M 2s
[18.075s]   9950K .......... .......... .......... .......... .......... 63% 1.61M 2s
[18.092s]  10000K .......... .......... .......... .......... .......... 64% 2.89M 2s
[18.111s]  10050K .......... .......... .......... .......... .......... 64% 2.60M 2s
[18.131s]  10100K .......... .......... .......... .......... .......... 64% 2.45M 2s
[18.131s]  10150K .......... .......... .......... .......... .......... 65% 66.6M 2s
[18.151s]  10200K .......... .......... .......... .......... .......... 65% 2.52M 2s
[18.172s]  10250K .......... .......... .......... .......... .......... 65% 2.30M 2s
[18.193s]  10300K .......... .......... .......... .......... .......... 66% 15.6M 2s
[18.194s]  10350K .......... .......... .......... .......... .......... 66% 2.59M 2s
[18.212s]  10400K .......... .......... .......... .......... .......... 66% 2.62M 2s
[18.240s]  10450K .......... .......... .......... .......... .......... 67% 1.77M 2s
[18.258s]  10500K .......... .......... .......... .......... .......... 67% 2.76M 2s
[18.258s]  10550K .......... .......... .......... .......... .......... 67% 67.8M 2s
[18.279s]  10600K .......... .......... .......... .......... .......... 68% 2.40M 2s
[18.295s]  10650K .......... .......... .......... .......... .......... 68% 2.93M 2s
[18.318s]  10700K .......... .......... .......... .......... .......... 68% 4.14M 2s
[18.336s]  10750K .......... .......... .......... .......... .......... 69% 1.70M 2s
[18.349s]  10800K .......... .......... .......... .......... .......... 69% 3.67M 2s
[18.369s]  10850K .......... .......... .......... .......... .......... 69% 2.44M 2s
[18.404s]  10900K .......... .......... .......... .......... .......... 70% 1.40M 2s
[18.405s]  10950K .......... .......... .......... .......... .......... 70% 83.6M 2s
[18.447s]  11000K .......... .......... .......... .......... .......... 70% 1.16M 2s
[18.466s]  11050K .......... .......... .......... .......... .......... 71% 2.50M 2s
[18.483s]  11100K .......... .......... .......... .......... .......... 71% 3.07M 2s
[18.485s]  11150K .......... .......... .......... .......... .......... 71% 18.0M 2s
[18.510s]  11200K .......... .......... .......... .......... .......... 71% 1.95M 2s
[18.559s]  11250K .......... .......... .......... .......... .......... 72% 1.00M 2s
[18.580s]  11300K .......... .......... .......... .......... .......... 72% 2.33M 1s
[18.581s]  11350K .......... .......... .......... .......... .......... 72% 68.4M 1s
[18.595s]  11400K .......... .......... .......... .......... .......... 73% 3.29M 1s
[18.623s]  11450K .......... .......... .......... .......... .......... 73% 1.81M 1s
[18.657s]  11500K .......... .......... .......... .......... .......... 73% 1.92M 1s
[18.659s]  11550K .......... .......... .......... .......... .......... 74% 4.35M 1s
[18.677s]  11600K .......... .......... .......... .......... .......... 74% 2.72M 1s
[18.693s]  11650K .......... .......... .......... .......... .......... 74% 3.13M 1s
[18.713s]  11700K .......... .......... .......... .......... .......... 75% 2.43M 1s
[18.714s]  11750K .......... .......... .......... .......... .......... 75% 70.1M 1s
[18.729s]  11800K .......... .......... .......... .......... .......... 75% 3.25M 1s
[18.761s]  11850K .......... .......... .......... .......... .......... 76% 1.51M 1s
[18.785s]  11900K .......... .......... .......... .......... .......... 76% 2.03M 1s
[18.805s]  11950K .......... .......... .......... .......... .......... 76% 2.48M 1s
[18.837s]  12000K .......... .......... .......... .......... .......... 77% 1.50M 1s
[18.858s]  12050K .......... .......... .......... .......... .......... 77% 2.35M 1s
[18.865s]  12100K .......... .......... .......... .......... .......... 77% 7.21M 1s
[18.879s]  12150K .......... .......... .......... .......... .......... 78% 3.35M 1s
[18.903s]  12200K .......... .......... .......... .......... .......... 78% 2.05M 1s
[18.908s]  12250K .......... .......... .......... .......... .......... 78% 9.43M 1s
[18.925s]  12300K .......... .......... .......... .......... .......... 79% 2.99M 1s
[18.943s]  12350K .......... .......... .......... .......... .......... 79% 2.71M 1s
[19.031s]  12400K .......... .......... .......... .......... .......... 79%  565K 1s
[19.032s]  12450K .......... .......... .......... .......... .......... 79% 39.0M 1s
[19.052s]  12500K .......... .......... .......... .......... .......... 80% 2.50M 1s
[19.084s]  12550K .......... .......... .......... .......... .......... 80% 1.54M 1s
[19.104s]  12600K .......... .......... .......... .......... .......... 80% 2.40M 1s
[19.106s]  12650K .......... .......... .......... .......... .......... 81% 28.6M 1s
[19.118s]  12700K .......... .......... .......... .......... .......... 81% 4.07M 1s
[19.129s]  12750K .......... .......... .......... .......... .......... 81% 4.39M 1s
[19.136s]  12800K .......... .......... .......... .......... .......... 82% 6.94M 1s
[19.146s]  12850K .......... .......... .......... .......... .......... 82% 4.97M 1s
[19.152s]  12900K .......... .......... .......... .......... .......... 82% 7.98M 1s
[19.166s]  12950K .......... .......... .......... .......... .......... 83% 3.44M 1s
[19.178s]  13000K .......... .......... .......... .......... .......... 83% 4.10M 1s
[19.196s]  13050K .......... .......... .......... .......... .......... 83% 2.75M 1s
[19.218s]  13100K .......... .......... .......... .......... .......... 84% 82.4M 1s
[19.219s]  13150K .......... .......... .......... .......... .......... 84% 2.17M 1s
[19.241s]  13200K .......... .......... .......... .......... .......... 84% 2.16M 1s
[19.266s]  13250K .......... .......... .......... .......... .......... 85% 2.00M 1s
[19.267s]  13300K .......... .......... .......... .......... .......... 85% 37.4M 1s
[19.291s]  13350K .......... .......... .......... .......... .......... 85% 2.06M 1s
[19.310s]  13400K .......... .......... .......... .......... .......... 86% 2.56M 1s
[19.328s]  13450K .......... .......... .......... .......... .......... 86% 2.63M 1s
[19.341s]  13500K .......... .......... .......... .......... .......... 86% 22.4M 1s
[19.355s]  13550K .......... .......... .......... .......... .......... 87% 1.97M 1s
[19.376s]  13600K .......... .......... .......... .......... .......... 87% 2.41M 1s
[19.398s]  13650K .......... .......... .......... .......... .......... 87% 2.22M 1s
[19.401s]  13700K .......... .......... .......... .......... .......... 87% 16.0M 1s
[19.430s]  13750K .......... .......... .......... .......... .......... 88% 1.64M 1s
[19.459s]  13800K .......... .......... .......... .......... .......... 88% 1.73M 1s
[19.470s]  13850K .......... .......... .......... .......... .......... 88% 4.23M 1s
[19.499s]  13900K .......... .......... .......... .......... .......... 89% 1.72M 1s
[19.522s]  13950K .......... .......... .......... .......... .......... 89% 2.06M 1s
[19.546s]  14000K .......... .......... .......... .......... .......... 89% 2.10M 1s
[19.575s]  14050K .......... .......... .......... .......... .......... 90% 1.66M 1s
[19.598s]  14100K .......... .......... .......... .......... .......... 90% 2.14M 1s
[19.622s]  14150K .......... .......... .......... .......... .......... 90% 2.02M 1s
[19.659s]  14200K .......... .......... .......... .......... .......... 91% 1.34M 0s
[19.671s]  14250K .......... .......... .......... .......... .......... 91% 3.78M 0s
[19.699s]  14300K .......... .......... .......... .......... .......... 91% 2.61M 0s
[19.707s]  14350K .......... .......... .......... .......... .......... 92% 2.88M 0s
[19.729s]  14400K .......... .......... .......... .......... .......... 92% 2.27M 0s
[19.744s]  14450K .......... .......... .......... .......... .......... 92% 3.13M 0s
[19.772s]  14500K .......... .......... .......... .......... .......... 93% 1.80M 0s
[19.784s]  14550K .......... .......... .......... .......... .......... 93% 3.96M 0s
[19.802s]  14600K .......... .......... .......... .......... .......... 93% 2.75M 0s
[19.811s]  14650K .......... .......... .......... .......... .......... 94% 5.22M 0s
[19.849s]  14700K .......... .......... .......... .......... .......... 94% 2.17M 0s
[19.865s]  14750K .......... .......... .......... .......... .......... 94% 1.56M 0s
[19.892s]  14800K .......... .......... .......... .......... .......... 95% 1.77M 0s
[19.910s]  14850K .......... .......... .......... .......... .......... 95% 2.76M 0s
[19.934s]  14900K .......... .......... .......... .......... .......... 95% 2.01M 0s
[19.944s]  14950K .......... .......... .......... .......... .......... 95% 4.99M 0s
[19.971s]  15000K .......... .......... .......... .......... .......... 96% 1.83M 0s
[19.988s]  15050K .......... .......... .......... .......... .......... 96% 2.77M 0s
[20.029s]  15100K .......... .......... .......... .......... .......... 96% 1.19M 0s
[20.049s]  15150K .......... .......... .......... .......... .......... 97% 2.47M 0s
[20.067s]  15200K .......... .......... .......... .......... .......... 97% 2.76M 0s
[20.087s]  15250K .......... .......... .......... .......... .......... 97% 2.36M 0s
[20.132s]  15300K .......... .......... .......... .......... .......... 98% 1.09M 0s
[20.150s]  15350K .......... .......... .......... .......... .......... 98% 2.70M 0s
[20.171s]  15400K .......... .......... .......... .......... .......... 98% 2.41M 0s
[20.182s]  15450K .......... .......... .......... .......... .......... 99% 4.16M 0s
[20.201s]  15500K .......... .......... .......... .......... .......... 99% 2.70M 0s
[20.216s]  15550K .......... .......... .......... .......... .......... 99% 3.17M 0s
[20.217s]  15600K .......... .......... .....                           100% 15.0M=5.6s
[20.218s] 
[20.218s] 2024-11-12 22:18:25 (2.73 MB/s) - ‘/home/jjbigdub/gitrepo/rosslam_ws/build/multirobot_map_merge/2011-08-09-12-22-52.pgm’ saved [16000058/16000058]
[20.218s] 
[20.220s] Checking MD5 sum of /home/jjbigdub/gitrepo/rosslam_ws/build/multirobot_map_merge/2011-08-09-12-22-52.pgm
[20.278s] /home/jjbigdub/gitrepo/rosslam_ws/build/multirobot_map_merge/2011-08-09-12-22-52.pgm: OK
[20.290s] --2024-11-12 22:18:25--  https://raw.githubusercontent.com/hrnr/m-explore-extra/master/map_merge/gmapping_maps/2012-01-28-11-12-01.pgm
[20.297s] Resolving raw.githubusercontent.com (raw.githubusercontent.com)... 185.199.108.133, 185.199.111.133, 185.199.110.133, ...
[20.319s] Connecting to raw.githubusercontent.com (raw.githubusercontent.com)|185.199.108.133|:443... connected.
[22.020s] HTTP request sent, awaiting response... 200 OK
[22.020s] Length: 16000058 (15M) [application/octet-stream]
[22.021s] Saving to: ‘/home/jjbigdub/gitrepo/rosslam_ws/build/multirobot_map_merge/2012-01-28-11-12-01.pgm’
[22.023s] 
[22.070s]      0K .......... .......... .......... .......... ..........  0% 1010K 15s
[22.138s]     50K .......... .......... .......... .......... ..........  0%  727K 18s
[22.154s]    100K .......... .......... .......... .......... ..........  0% 3.17M 14s
[22.173s]    150K .......... .......... .......... .......... ..........  1% 2.50M 12s
[22.188s]    200K .......... .......... .......... .......... ..........  1% 3.29M 10s
[22.220s]    250K .......... .......... .......... .......... ..........  1% 1.55M 10s
[22.235s]    300K .......... .......... .......... .......... ..........  2% 3.10M 9s
[22.251s]    350K .......... .......... .......... .......... ..........  2% 3.21M 9s
[22.275s]    400K .......... .......... .......... .......... ..........  2% 2.03M 9s
[22.294s]    450K .......... .......... .......... .......... ..........  3% 2.55M 8s
[22.320s]    500K .......... .......... .......... .......... ..........  3% 1.89M 8s
[22.338s]    550K .......... .......... .......... .......... ..........  3% 2.60M 8s
[22.354s]    600K .......... .......... .......... .......... ..........  4% 3.07M 8s
[22.389s]    650K .......... .......... .......... .......... ..........  4% 1.41M 8s
[22.412s]    700K .......... .......... .......... .......... ..........  4% 2.11M 8s
[22.444s]    750K .......... .......... .......... .......... ..........  5% 1.53M 8s
[22.466s]    800K .......... .......... .......... .......... ..........  5% 2.24M 8s
[22.487s]    850K .......... .......... .......... .......... ..........  5% 2.36M 8s
[22.507s]    900K .......... .......... .......... .......... ..........  6% 2.39M 8s
[22.526s]    950K .......... .......... .......... .......... ..........  6% 2.58M 7s
[22.552s]   1000K .......... .......... .......... .......... ..........  6% 1.88M 7s
[22.597s]   1050K .......... .......... .......... .......... ..........  7% 1.08M 8s
[22.612s]   1100K .......... .......... .......... .......... ..........  7% 3.30M 7s
[22.634s]   1150K .......... .......... .......... .......... ..........  7% 2.27M 7s
[22.651s]   1200K .......... .......... .......... .......... ..........  7% 2.85M 7s
[22.671s]   1250K .......... .......... .......... .......... ..........  8% 2.34M 7s
[22.700s]   1300K .......... .......... .......... .......... ..........  8% 1.70M 7s
[22.724s]   1350K .......... .......... .......... .......... ..........  8% 2.05M 7s
[22.746s]   1400K .......... .......... .......... .......... ..........  9% 2.23M 7s
[22.789s]   1450K .......... .......... .......... .......... ..........  9% 1.13M 7s
[22.815s]   1500K .......... .......... .......... .......... ..........  9% 1.91M 7s
[22.852s]   1550K .......... .......... .......... .......... .......... 10% 1.31M 7s
[22.877s]   1600K .......... .......... .......... .......... .......... 10% 1.94M 7s
[22.906s]   1650K .......... .......... .......... .......... .......... 10% 1.66M 7s
[22.917s]   1700K .......... .......... .......... .......... .......... 11% 4.48M 7s
[22.937s]   1750K .......... .......... .......... .......... .......... 11% 2.43M 7s
[22.958s]   1800K .......... .......... .......... .......... .......... 11% 2.32M 7s
[22.974s]   1850K .......... .......... .......... .......... .......... 12% 3.13M 7s
[22.986s]   1900K .......... .......... .......... .......... .......... 12% 4.11M 7s
[23.024s]   1950K .......... .......... .......... .......... .......... 12% 1.29M 7s
[23.039s]   2000K .......... .......... .......... .......... .......... 13% 3.26M 7s
[23.062s]   2050K .......... .......... .......... .......... .......... 13% 2.12M 7s
[23.074s]   2100K .......... .......... .......... .......... .......... 13% 3.96M 7s
[23.098s]   2150K .......... .......... .......... .......... .......... 14% 2.09M 7s
[23.112s]   2200K .......... .......... .......... .......... .......... 14% 3.49M 6s
[23.151s]   2250K .......... .......... .......... .......... .......... 14% 1.24M 7s
[23.165s]   2300K .......... .......... .......... .......... .......... 15% 3.47M 6s
[23.173s]   2350K .......... .......... .......... .......... .......... 15% 5.93M 6s
[23.199s]   2400K .......... .......... .......... .......... .......... 15% 1.92M 6s
[23.210s]   2450K .......... .......... .......... .......... .......... 15% 4.27M 6s
[23.227s]   2500K .......... .......... .......... .......... .......... 16% 2.91M 6s
[23.241s]   2550K .......... .......... .......... .......... .......... 16% 3.45M 6s
[23.259s]   2600K .......... .......... .......... .......... .......... 16% 2.80M 6s
[23.279s]   2650K .......... .......... .......... .......... .......... 17% 2.39M 6s
[23.324s]   2700K .......... .......... .......... .......... .......... 17% 1.10M 6s
[23.340s]   2750K .......... .......... .......... .......... .......... 17% 3.04M 6s
[23.368s]   2800K .......... .......... .......... .......... .......... 18% 1.74M 6s
[23.384s]   2850K .......... .......... .......... .......... .......... 18% 2.97M 6s
[23.430s]   2900K .......... .......... .......... .......... .......... 18% 1.06M 6s
[23.443s]   2950K .......... .......... .......... .......... .......... 19% 3.67M 6s
[23.470s]   3000K .......... .......... .......... .......... .......... 19% 1.87M 6s
[23.513s]   3050K .......... .......... .......... .......... .......... 19% 1.12M 6s
[23.538s]   3100K .......... .......... .......... .......... .......... 20% 1.98M 6s
[23.548s]   3150K .......... .......... .......... .......... .......... 20% 4.57M 6s
[23.567s]   3200K .......... .......... .......... .......... .......... 20% 2.57M 6s
[23.587s]   3250K .......... .......... .......... .......... .......... 21% 2.50M 6s
[23.618s]   3300K .......... .......... .......... .......... .......... 21% 1.56M 6s
[23.634s]   3350K .......... .......... .......... .......... .......... 21% 3.04M 6s
[23.673s]   3400K .......... .......... .......... .......... .......... 22% 1.26M 6s
[23.776s]   3450K .......... .......... .......... .......... .......... 22%  486K 6s
[23.795s]   3500K .......... .......... .......... .......... .......... 22% 2.55M 6s
[23.866s]   3550K .......... .......... .......... .......... .......... 23%  707K 6s
[23.895s]   3600K .......... .......... .......... .......... .......... 23% 1.68M 6s
[23.938s]   3650K .......... .......... .......... .......... .......... 23% 1.13M 6s
[23.970s]   3700K .......... .......... .......... .......... .......... 23% 1.55M 6s
[23.985s]   3750K .......... .......... .......... .......... .......... 24% 3.14M 6s
[24.028s]   3800K .......... .......... .......... .......... .......... 24% 1.15M 6s
[24.076s]   3850K .......... .......... .......... .......... .......... 24% 1.02M 6s
[24.093s]   3900K .......... .......... .......... .......... .......... 25% 2.87M 6s
[24.121s]   3950K .......... .......... .......... .......... .......... 25% 1.71M 6s
[24.139s]   4000K .......... .......... .......... .......... .......... 25% 2.70M 6s
[24.168s]   4050K .......... .......... .......... .......... .......... 26% 1.69M 6s
[24.189s]   4100K .......... .......... .......... .......... .......... 26% 2.34M 6s
[24.220s]   4150K .......... .......... .......... .......... .......... 26% 1.59M 6s
[24.249s]   4200K .......... .......... .......... .......... .......... 27% 1.66M 6s
[24.284s]   4250K .......... .......... .......... .......... .......... 27% 1.41M 6s
[24.298s]   4300K .......... .......... .......... .......... .......... 27% 3.46M 6s
[24.331s]   4350K .......... .......... .......... .......... .......... 28% 1.48M 6s
[24.349s]   4400K .......... .......... .......... .......... .......... 28% 2.67M 6s
[24.381s]   4450K .......... .......... .......... .......... .......... 28% 1.54M 6s
[24.398s]   4500K .......... .......... .......... .......... .......... 29% 2.82M 6s
[24.436s]   4550K .......... .......... .......... .......... .......... 29% 1.30M 6s
[24.451s]   4600K .......... .......... .......... .......... .......... 29% 3.27M 6s
[24.519s]   4650K .......... .......... .......... .......... .......... 30%  735K 6s
[24.538s]   4700K .......... .......... .......... .......... .......... 30% 2.57M 6s
[24.570s]   4750K .......... .......... .......... .......... .......... 30% 1.52M 6s
[24.589s]   4800K .......... .......... .......... .......... .......... 31% 2.56M 6s
[24.609s]   4850K .......... .......... .......... .......... .......... 31% 2.49M 6s
[24.643s]   4900K .......... .......... .......... .......... .......... 31% 1.44M 6s
[24.661s]   4950K .......... .......... .......... .......... .......... 31% 2.73M 6s
[24.686s]   5000K .......... .......... .......... .......... .......... 32% 1.95M 6s
[24.700s]   5050K .......... .......... .......... .......... .......... 32% 3.52M 6s
[24.719s]   5100K .......... .......... .......... .......... .......... 32% 2.58M 5s
[24.734s]   5150K .......... .......... .......... .......... .......... 33% 3.19M 5s
[24.753s]   5200K .......... .......... .......... .......... .......... 33% 2.52M 5s
[24.779s]   5250K .......... .......... .......... .......... .......... 33% 1.92M 5s
[24.797s]   5300K .......... .......... .......... .......... .......... 34% 2.65M 5s
[24.816s]   5350K .......... .......... .......... .......... .......... 34% 2.53M 5s
[24.838s]   5400K .......... .......... .......... .......... .......... 34% 2.29M 5s
[24.860s]   5450K .......... .......... .......... .......... .......... 35% 2.17M 5s
[24.883s]   5500K .......... .......... .......... .......... .......... 35% 2.12M 5s
[24.892s]   5550K .......... .......... .......... .......... .......... 35% 5.84M 5s
[24.910s]   5600K .......... .......... .......... .......... .......... 36% 2.69M 5s
[24.936s]   5650K .......... .......... .......... .......... .......... 36% 1.87M 5s
[24.943s]   5700K .......... .......... .......... .......... .......... 36% 6.67M 5s
[24.956s]   5750K .......... .......... .......... .......... .......... 37% 3.66M 5s
[24.993s]   5800K .......... .......... .......... .......... .......... 37% 1.36M 5s
[25.004s]   5850K .......... .......... .......... .......... .......... 37% 4.28M 5s
[25.020s]   5900K .......... .......... .......... .......... .......... 38% 3.02M 5s
[25.053s]   5950K .......... .......... .......... .......... .......... 38% 1.47M 5s
[25.084s]   6000K .......... .......... .......... .......... .......... 38% 1.61M 5s
[25.099s]   6050K .......... .......... .......... .......... .......... 39% 3.28M 5s
[25.129s]   6100K .......... .......... .......... .......... .......... 39% 1.61M 5s
[25.152s]   6150K .......... .......... .......... .......... .......... 39% 2.14M 5s
[25.155s]   6200K .......... .......... .......... .......... .......... 39% 13.1M 5s
[25.177s]   6250K .......... .......... .......... .......... .......... 40% 2.23M 5s
[25.197s]   6300K .......... .......... .......... .......... .......... 40% 2.46M 5s
[25.217s]   6350K .......... .......... .......... .......... .......... 40% 2.47M 5s
[25.231s]   6400K .......... .......... .......... .......... .......... 41% 3.59M 5s
[25.231s]   6450K .......... .......... .......... .......... .......... 41% 61.1M 5s
[25.246s]   6500K .......... .......... .......... .......... .......... 41% 3.23M 4s
[25.263s]   6550K .......... .......... .......... .......... .......... 42% 2.92M 4s
[25.268s]   6600K .......... .......... .......... .......... .......... 42% 10.9M 4s
[25.287s]   6650K .......... .......... .......... .......... .......... 42% 2.53M 4s
[25.301s]   6700K .......... .......... .......... .......... .......... 43% 3.51M 4s
[25.312s]   6750K .......... .......... .......... .......... .......... 43% 4.40M 4s
[25.315s]   6800K .......... .......... .......... .......... .......... 43% 18.5M 4s
[25.324s]   6850K .......... .......... .......... .......... .......... 44% 5.07M 4s
[25.330s]   6900K .......... .......... .......... .......... .......... 44% 8.16M 4s
[25.335s]   6950K .......... .......... .......... .......... .......... 44% 10.9M 4s
[25.341s]   7000K .......... .......... .......... .......... .......... 45% 8.00M 4s
[25.349s]   7050K .......... .......... .......... .......... .......... 45% 5.94M 4s
[25.351s]   7100K .......... .......... .......... .......... .......... 45% 30.7M 4s
[25.362s]   7150K .......... .......... .......... .......... .......... 46% 4.31M 4s
[25.368s]   7200K .......... .......... .......... .......... .......... 46% 7.81M 4s
[25.375s]   7250K .......... .......... .......... .......... .......... 46% 7.33M 4s
[25.375s]   7300K .......... .......... .......... .......... .......... 47% 78.9M 4s
[25.382s]   7350K .......... .......... .......... .......... .......... 47% 7.94M 4s
[25.395s]   7400K .......... .......... .......... .......... .......... 47% 3.74M 4s
[25.413s]   7450K .......... .......... .......... .......... .......... 47% 2.72M 4s
[25.419s]   7500K .......... .......... .......... .......... .......... 48% 8.21M 4s
[25.419s]   7550K .......... .......... .......... .......... .......... 48% 75.8M 4s
[25.426s]   7600K .......... .......... .......... .......... .......... 48% 6.90M 4s
[25.435s]   7650K .......... .......... .......... .......... .......... 49% 5.38M 4s
[25.443s]   7700K .......... .......... .......... .......... .......... 49% 6.51M 3s
[25.446s]   7750K .......... .......... .......... .......... .......... 49% 16.4M 3s
[25.459s]   7800K .......... .......... .......... .......... .......... 50% 3.66M 3s
[25.469s]   7850K .......... .......... .......... .......... .......... 50% 5.28M 3s
[25.470s]   7900K .......... .......... .......... .......... .......... 50% 31.4M 3s
[25.477s]   7950K .......... .......... .......... .......... .......... 51% 7.30M 3s
[25.494s]   8000K .......... .......... .......... .......... .......... 51% 2.81M 3s
[25.495s]   8050K .......... .......... .......... .......... .......... 51% 73.0M 3s
[25.507s]   8100K .......... .......... .......... .......... .......... 52% 4.11M 3s
[25.516s]   8150K .......... .......... .......... .......... .......... 52% 4.98M 3s
[25.522s]   8200K .......... .......... .......... .......... .......... 52% 9.27M 3s
[25.532s]   8250K .......... .......... .......... .......... .......... 53% 4.95M 3s
[25.542s]   8300K .......... .......... .......... .......... .......... 53% 4.91M 3s
[25.550s]   8350K .......... .......... .......... .......... .......... 53% 5.68M 3s
[25.560s]   8400K .......... .......... .......... .......... .......... 54% 4.99M 3s
[25.643s]   8450K .......... .......... .......... .......... .......... 54%  601K 3s
[25.651s]   8500K .......... .......... .......... .......... .......... 54% 5.86M 3s
[25.655s]   8550K .......... .......... .......... .......... .......... 55% 11.9M 3s
[25.667s]   8600K .......... .......... .......... .......... .......... 55% 4.43M 3s
[25.674s]   8650K .......... .......... .......... .......... .......... 55% 6.63M 3s
[25.680s]   8700K .......... .......... .......... .......... .......... 55% 7.55M 3s
[25.685s]   8750K .......... .......... .......... .......... .......... 56% 10.2M 3s
[25.688s]   8800K .......... .......... .......... .......... .......... 56% 17.3M 3s
[25.696s]   8850K .......... .......... .......... .......... .......... 56% 6.38M 3s
[25.707s]   8900K .......... .......... .......... .......... .......... 57% 4.45M 3s
[25.715s]   8950K .......... .......... .......... .......... .......... 57% 5.62M 3s
[25.717s]   9000K .......... .......... .......... .......... .......... 57% 34.3M 3s
[25.725s]   9050K .......... .......... .......... .......... .......... 58% 6.06M 3s
[25.733s]   9100K .......... .......... .......... .......... .......... 58% 5.80M 3s
[25.741s]   9150K .......... .......... .......... .......... .......... 58% 6.63M 3s
[25.747s]   9200K .......... .......... .......... .......... .......... 59% 8.29M 3s
[25.748s]   9250K .......... .......... .......... .......... .......... 59% 42.3M 3s
[25.759s]   9300K .......... .......... .......... .......... .......... 59% 4.17M 3s
[25.768s]   9350K .......... .......... .......... .......... .......... 60% 5.68M 2s
[25.769s]   9400K .......... .......... .......... .......... .......... 60% 32.9M 2s
[25.775s]   9450K .......... .......... .......... .......... .......... 60% 9.34M 2s
[25.783s]   9500K .......... .......... .......... .......... .......... 61% 5.58M 2s
[25.791s]   9550K .......... .......... .......... .......... .......... 61% 6.67M 2s
[25.803s]   9600K .......... .......... .......... .......... .......... 61% 4.01M 2s
[25.803s]   9650K .......... .......... .......... .......... .......... 62% 67.0M 2s
[25.818s]   9700K .......... .......... .......... .......... .......... 62% 3.39M 2s
[25.828s]   9750K .......... .......... .......... .......... .......... 62% 4.81M 2s
[25.828s]   9800K .......... .......... .......... .......... .......... 63% 97.3M 2s
[25.841s]   9850K .......... .......... .......... .......... .......... 63% 3.82M 2s
[25.847s]   9900K .......... .......... .......... .......... .......... 63% 8.73M 2s
[25.860s]   9950K .......... .......... .......... .......... .......... 63% 3.74M 2s
[25.864s]  10000K .......... .......... .......... .......... .......... 64% 12.7M 2s
[25.874s]  10050K .......... .......... .......... .......... .......... 64% 4.98M 2s
[25.885s]  10100K .......... .......... .......... .......... .......... 64% 4.49M 2s
[25.888s]  10150K .......... .......... .......... .......... .......... 65% 12.9M 2s
[25.907s]  10200K .......... .......... .......... .......... .......... 65% 2.62M 2s
[25.924s]  10250K .......... .......... .......... .......... .......... 65% 2.86M 2s
[25.925s]  10300K .......... .......... .......... .......... .......... 66%  107M 2s
[25.938s]  10350K .......... .......... .......... .......... .......... 66% 3.77M 2s
[25.945s]  10400K .......... .......... .......... .......... .......... 66% 6.65M 2s
[25.961s]  10450K .......... .......... .......... .......... .......... 67% 3.11M 2s
[25.968s]  10500K .......... .......... .......... .......... .......... 67% 6.37M 2s
[25.977s]  10550K .......... .......... .......... .......... .......... 67% 5.69M 2s
[25.980s]  10600K .......... .......... .......... .......... .......... 68% 13.7M 2s
[25.989s]  10650K .......... .......... .......... .......... .......... 68% 5.86M 2s
[26.028s]  10700K .......... .......... .......... .......... .......... 68% 1.25M 2s
[26.043s]  10750K .......... .......... .......... .......... .......... 69% 3.14M 2s
[26.064s]  10800K .......... .......... .......... .......... .......... 69% 2.38M 2s
[26.071s]  10850K .......... .......... .......... .......... .......... 69% 6.46M 2s
[26.087s]  10900K .......... .......... .......... .......... .......... 70% 3.19M 2s
[26.094s]  10950K .......... .......... .......... .......... .......... 70% 7.13M 2s
[26.097s]  11000K .......... .......... .......... .......... .......... 70% 14.5M 2s
[26.110s]  11050K .......... .......... .......... .......... .......... 71% 3.81M 2s
[26.128s]  11100K .......... .......... .......... .......... .......... 71% 2.62M 2s
[26.129s]  11150K .......... .......... .......... .......... .......... 71% 92.8M 2s
[26.137s]  11200K .......... .......... .......... .......... .......... 71% 6.22M 2s
[26.152s]  11250K .......... .......... .......... .......... .......... 72% 3.21M 2s
[26.161s]  11300K .......... .......... .......... .......... .......... 72% 5.22M 2s
[26.165s]  11350K .......... .......... .......... .......... .......... 72% 12.2M 2s
[26.175s]  11400K .......... .......... .......... .......... .......... 73% 5.09M 2s
[26.186s]  11450K .......... .......... .......... .......... .......... 73% 4.46M 1s
[26.191s]  11500K .......... .......... .......... .......... .......... 73% 8.89M 1s
[26.197s]  11550K .......... .......... .......... .......... .......... 74% 8.81M 1s
[26.209s]  11600K .......... .......... .......... .......... .......... 74% 4.09M 1s
[26.220s]  11650K .......... .......... .......... .......... .......... 74% 4.43M 1s
[26.220s]  11700K .......... .......... .......... .......... .......... 75% 81.5M 1s
[26.229s]  11750K .......... .......... .......... .......... .......... 75% 5.49M 1s
[26.239s]  11800K .......... .......... .......... .......... .......... 75% 4.96M 1s
[26.250s]  11850K .......... .......... .......... .......... .......... 76% 4.46M 1s
[26.252s]  11900K .......... .......... .......... .......... .......... 76% 30.0M 1s
[26.265s]  11950K .......... .......... .......... .......... .......... 76% 3.61M 1s
[26.283s]  12000K .......... .......... .......... .......... .......... 77% 2.86M 1s
[26.283s]  12050K .......... .......... .......... .......... .......... 77% 86.7M 1s
[26.296s]  12100K .......... .......... .......... .......... .......... 77% 3.78M 1s
[26.311s]  12150K .......... .......... .......... .......... .......... 78% 3.32M 1s
[26.325s]  12200K .......... .......... .......... .......... .......... 78% 3.44M 1s
[26.326s]  12250K .......... .......... .......... .......... .......... 78% 28.9M 1s
[26.339s]  12300K .......... .......... .......... .......... .......... 79% 3.80M 1s
[26.340s]  12350K .......... .......... .......... .......... .......... 79% 83.4M 1s
[26.346s]  12400K .......... .......... .......... .......... .......... 79% 7.70M 1s
[26.359s]  12450K .......... .......... .......... .......... .......... 79% 3.82M 1s
[26.361s]  12500K .......... .......... .......... .......... .......... 80% 20.5M 1s
[26.369s]  12550K .......... .......... .......... .......... .......... 80% 6.22M 1s
[26.378s]  12600K .......... .......... .......... .......... .......... 80% 5.91M 1s
[26.384s]  12650K .......... .......... .......... .......... .......... 81% 8.05M 1s
[26.391s]  12700K .......... .......... .......... .......... .......... 81% 6.47M 1s
[26.391s]  12750K .......... .......... .......... .......... .......... 81%  103M 1s
[26.407s]  12800K .......... .......... .......... .......... .......... 82% 3.26M 1s
[26.410s]  12850K .......... .......... .......... .......... .......... 82% 12.5M 1s
[26.423s]  12900K .......... .......... .......... .......... .......... 82% 3.77M 1s
[26.436s]  12950K .......... .......... .......... .......... .......... 83% 4.04M 1s
[26.436s]  13000K .......... .......... .......... .......... .......... 83% 98.5M 1s
[26.443s]  13050K .......... .......... .......... .......... .......... 83% 7.28M 1s
[26.450s]  13100K .......... .......... .......... .......... .......... 84% 6.83M 1s
[26.456s]  13150K .......... .......... .......... .......... .......... 84% 7.89M 1s
[26.462s]  13200K .......... .......... .......... .......... .......... 84% 8.21M 1s
[26.463s]  13250K .......... .......... .......... .......... .......... 85% 74.3M 1s
[26.469s]  13300K .......... .......... .......... .......... .......... 85% 7.48M 1s
[26.475s]  13350K .......... .......... .......... .......... .......... 85% 8.07M 1s
[26.482s]  13400K .......... .......... .......... .......... .......... 86% 7.76M 1s
[26.497s]  13450K .......... .......... .......... .......... .......... 86% 3.11M 1s
[26.498s]  13500K .......... .......... .......... .......... .......... 86%  101M 1s
[26.511s]  13550K .......... .......... .......... .......... .......... 87% 3.57M 1s
[26.523s]  13600K .......... .......... .......... .......... .......... 87% 4.41M 1s
[26.534s]  13650K .......... .......... .......... .......... .......... 87% 4.13M 1s
[26.535s]  13700K .......... .......... .......... .......... .......... 87% 90.4M 1s
[26.544s]  13750K .......... .......... .......... .......... .......... 88% 5.42M 1s
[26.549s]  13800K .......... .......... .......... .......... .......... 88% 8.66M 1s
[26.556s]  13850K .......... .......... .......... .......... .......... 88% 7.19M 1s
[26.561s]  13900K .......... .......... .......... .......... .......... 89% 10.4M 1s
[26.568s]  13950K .......... .......... .......... .......... .......... 89% 6.65M 1s
[26.578s]  14000K .......... .......... .......... .......... .......... 89% 5.11M 1s
[26.585s]  14050K .......... .......... .......... .......... .......... 90% 7.11M 0s
[26.586s]  14100K .......... .......... .......... .......... .......... 90% 36.6M 0s
[26.596s]  14150K .......... .......... .......... .......... .......... 90% 5.01M 0s
[26.605s]  14200K .......... .......... .......... .......... .......... 91% 5.20M 0s
[26.619s]  14250K .......... .......... .......... .......... .......... 91% 3.67M 0s
[26.627s]  14300K .......... .......... .......... .......... .......... 91% 5.99M 0s
[26.633s]  14350K .......... .......... .......... .......... .......... 92% 7.67M 0s
[26.634s]  14400K .......... .......... .......... .......... .......... 92% 44.5M 0s
[26.644s]  14450K .......... .......... .......... .......... .......... 92% 4.68M 0s
[26.646s]  14500K .......... .......... .......... .......... .......... 93% 35.1M 0s
[26.652s]  14550K .......... .......... .......... .......... .......... 93% 7.84M 0s
[26.661s]  14600K .......... .......... .......... .......... .......... 93% 5.33M 0s
[26.668s]  14650K .......... .......... .......... .......... .......... 94% 7.12M 0s
[26.669s]  14700K .......... .......... .......... .......... .......... 94% 94.8M 0s
[26.677s]  14750K .......... .......... .......... .......... .......... 94% 5.57M 0s
[26.685s]  14800K .......... .......... .......... .......... .......... 95% 6.77M 0s
[26.693s]  14850K .......... .......... .......... .......... .......... 95% 5.56M 0s
[26.694s]  14900K .......... .......... .......... .......... .......... 95%  110M 0s
[26.709s]  14950K .......... .......... .......... .......... .......... 95% 3.32M 0s
[26.722s]  15000K .......... .......... .......... .......... .......... 96% 3.58M 0s
[26.728s]  15050K .......... .......... .......... .......... .......... 96% 8.03M 0s
[26.729s]  15100K .......... .......... .......... .......... .......... 96% 97.2M 0s
[26.737s]  15150K .......... .......... .......... .......... .......... 97% 5.75M 0s
[26.744s]  15200K .......... .......... .......... .......... .......... 97% 7.60M 0s
[26.753s]  15250K .......... .......... .......... .......... .......... 97% 5.35M 0s
[26.757s]  15300K .......... .......... .......... .......... .......... 98% 12.7M 0s
[26.765s]  15350K .......... .......... .......... .......... .......... 98% 5.61M 0s
[26.774s]  15400K .......... .......... .......... .......... .......... 98% 5.67M 0s
[26.784s]  15450K .......... .......... .......... .......... .......... 99% 4.96M 0s
[26.784s]  15500K .......... .......... .......... .......... .......... 99% 81.3M 0s
[26.792s]  15550K .......... .......... .......... .......... .......... 99% 6.81M 0s
[26.792s]  15600K .......... .......... .....                           100% 33.5M=4.8s
[26.793s] 
[26.793s] 2024-11-12 22:18:31 (3.20 MB/s) - ‘/home/jjbigdub/gitrepo/rosslam_ws/build/multirobot_map_merge/2012-01-28-11-12-01.pgm’ saved [16000058/16000058]
[26.793s] 
[26.795s] Checking MD5 sum of /home/jjbigdub/gitrepo/rosslam_ws/build/multirobot_map_merge/2012-01-28-11-12-01.pgm
[26.849s] /home/jjbigdub/gitrepo/rosslam_ws/build/multirobot_map_merge/2012-01-28-11-12-01.pgm: OK
[26.858s] -- Found gtest sources under '/opt/ros/humble/src/gtest_vendor': C++ tests using 'Google Test' will be built
[26.880s] -- Added test 'cppcheck' to perform static code analysis on C / C++ code
[26.880s] -- Configured cppcheck include dirs: /home/jjbigdub/gitrepo/rosslam_ws/src/m-explore-ros2/map_merge/include;$<BUILD_INTERFACE:/home/jjbigdub/gitrepo/rosslam_ws/src/m-explore-ros2/map_merge/include>
[26.881s] -- Configured cppcheck exclude dirs and/or files: 
[26.882s] -- Added test 'flake8' to check Python code syntax and style conventions
[26.885s] -- Added test 'lint_cmake' to check CMake code style
[26.887s] -- Added test 'pep257' to check Python code against some of the docstring style conventions in PEP 257
[26.893s] -- Added test 'uncrustify' to check C / C++ code style
[26.893s] -- Configured uncrustify additional arguments: 
[26.895s] -- Added test 'xmllint' to check XML markup files
[26.902s] -- Configuring done
[27.078s] -- Generating done
[27.082s] -- Build files have been written to: /home/jjbigdub/gitrepo/rosslam_ws/build/multirobot_map_merge
[27.106s] Invoked command in '/home/jjbigdub/gitrepo/rosslam_ws/build/multirobot_map_merge' returned '0': CMAKE_PREFIX_PATH=${CMAKE_PREFIX_PATH}:/home/jjbigdub/ros2_ws/install/math1:/home/jjbigdub/urdf_ws/install/rocker_description:/opt/ros/humble /usr/bin/cmake /home/jjbigdub/gitrepo/rosslam_ws/src/m-explore-ros2/map_merge -DCMAKE_INSTALL_PREFIX=/home/jjbigdub/gitrepo/rosslam_ws/install/multirobot_map_merge
[27.110s] Invoking command in '/home/jjbigdub/gitrepo/rosslam_ws/build/multirobot_map_merge': CMAKE_PREFIX_PATH=${CMAKE_PREFIX_PATH}:/home/jjbigdub/ros2_ws/install/math1:/home/jjbigdub/urdf_ws/install/rocker_description:/opt/ros/humble /usr/bin/cmake --build /home/jjbigdub/gitrepo/rosslam_ws/build/multirobot_map_merge -- -j16 -l16
[27.213s] [ 16%] [32mBuilding CXX object gtest/CMakeFiles/gtest_main.dir/src/gtest_main.cc.o[0m
[27.213s] [ 16%] [32mBuilding CXX object CMakeFiles/combine_grids.dir/src/combine_grids/grid_compositor.cpp.o[0m
[27.214s] [ 25%] [32mBuilding CXX object CMakeFiles/combine_grids.dir/src/combine_grids/merging_pipeline.cpp.o[0m
[27.217s] [ 41%] [32mBuilding CXX object CMakeFiles/combine_grids.dir/src/combine_grids/grid_warper.cpp.o[0m
[27.217s] [ 41%] [32mBuilding CXX object gtest/CMakeFiles/gtest.dir/src/gtest-all.cc.o[0m
[28.488s] [ 50%] [32m[1mLinking CXX static library libgtest_main.a[0m
[28.567s] [ 50%] Built target gtest_main
[30.393s] [ 58%] [32m[1mLinking CXX static library libgtest.a[0m
[30.482s] [ 58%] Built target gtest
[31.016s] [ 66%] [32m[1mLinking CXX static library libcombine_grids.a[0m
[31.089s] [ 66%] Built target combine_grids
[31.110s] [ 83%] [32mBuilding CXX object CMakeFiles/map_merge.dir/src/map_merge.cpp.o[0m
[31.110s] [ 83%] [32mBuilding CXX object CMakeFiles/test_merging_pipeline.dir/test/test_merging_pipeline.cpp.o[0m
[31.345s] In file included from [01m[K/home/jjbigdub/gitrepo/rosslam_ws/src/m-explore-ros2/map_merge/test/testing_helpers.h:7[m[K,
[31.345s]                  from [01m[K/home/jjbigdub/gitrepo/rosslam_ws/src/m-explore-ros2/map_merge/test/test_merging_pipeline.cpp:42[m[K:
[31.345s] [01m[K/opt/ros/humble/include/tf2_geometry_msgs/tf2_geometry_msgs/tf2_geometry_msgs.h:35:2:[m[K [01;35m[Kwarning: [m[K#warning This header is obsolete, please include tf2_geometry_msgs/tf2_geometry_msgs.hpp instead [[01;35m[K]8;;https://gcc.gnu.org/onlinedocs/gcc/Warning-Options.html#index-Wcpp-Wcpp]8;;[m[K]
[31.345s]    35 | #[01;35m[Kwarning[m[K This header is obsolete, please include tf2_geometry_msgs/tf2_geometry_msgs.hpp instead
[31.345s]       |  [01;35m[K^~~~~~~[m[K
[32.163s] In file included from [01m[K/home/jjbigdub/gitrepo/rosslam_ws/src/m-explore-ros2/map_merge/src/map_merge.cpp:44[m[K:
[32.163s] [01m[K/opt/ros/humble/include/tf2_geometry_msgs/tf2_geometry_msgs/tf2_geometry_msgs.h:35:2:[m[K [01;35m[Kwarning: [m[K#warning This header is obsolete, please include tf2_geometry_msgs/tf2_geometry_msgs.hpp instead [[01;35m[K]8;;https://gcc.gnu.org/onlinedocs/gcc/Warning-Options.html#index-Wcpp-Wcpp]8;;[m[K]
[32.163s]    35 | #[01;35m[Kwarning[m[K This header is obsolete, please include tf2_geometry_msgs/tf2_geometry_msgs.hpp instead
[32.163s]       |  [01;35m[K^~~~~~~[m[K
[35.257s] [ 91%] [32m[1mLinking CXX executable test_merging_pipeline[0m
[35.831s] [ 91%] Built target test_merging_pipeline
[42.704s] [100%] [32m[1mLinking CXX executable map_merge[0m
[43.561s] [100%] Built target map_merge
[43.574s] Invoked command in '/home/jjbigdub/gitrepo/rosslam_ws/build/multirobot_map_merge' returned '0': CMAKE_PREFIX_PATH=${CMAKE_PREFIX_PATH}:/home/jjbigdub/ros2_ws/install/math1:/home/jjbigdub/urdf_ws/install/rocker_description:/opt/ros/humble /usr/bin/cmake --build /home/jjbigdub/gitrepo/rosslam_ws/build/multirobot_map_merge -- -j16 -l16
[43.615s] Invoking command in '/home/jjbigdub/gitrepo/rosslam_ws/build/multirobot_map_merge': CMAKE_PREFIX_PATH=${CMAKE_PREFIX_PATH}:/home/jjbigdub/ros2_ws/install/math1:/home/jjbigdub/urdf_ws/install/rocker_description:/opt/ros/humble /usr/bin/cmake --install /home/jjbigdub/gitrepo/rosslam_ws/build/multirobot_map_merge
[43.622s] -- Install configuration: ""
[43.623s] -- Installing: /home/jjbigdub/gitrepo/rosslam_ws/install/multirobot_map_merge/include/map_merge/
[43.624s] -- Installing: /home/jjbigdub/gitrepo/rosslam_ws/install/multirobot_map_merge/include/map_merge//ros1_names.hpp
[43.624s] -- Installing: /home/jjbigdub/gitrepo/rosslam_ws/install/multirobot_map_merge/include/map_merge//map_merge.h
[43.624s] -- Installing: /home/jjbigdub/gitrepo/rosslam_ws/install/multirobot_map_merge/share/multirobot_map_merge/launch
[43.624s] -- Installing: /home/jjbigdub/gitrepo/rosslam_ws/install/multirobot_map_merge/share/multirobot_map_merge/launch/map_merge.rviz
[43.624s] -- Installing: /home/jjbigdub/gitrepo/rosslam_ws/install/multirobot_map_merge/share/multirobot_map_merge/launch/map_merge.launch.py
[43.625s] -- Installing: /home/jjbigdub/gitrepo/rosslam_ws/install/multirobot_map_merge/share/multirobot_map_merge/launch/from_map_server.launch.py
[43.625s] -- Installing: /home/jjbigdub/gitrepo/rosslam_ws/install/multirobot_map_merge/share/multirobot_map_merge/launch/tb3_simulation
[43.625s] -- Installing: /home/jjbigdub/gitrepo/rosslam_ws/install/multirobot_map_merge/share/multirobot_map_merge/launch/tb3_simulation/tb3_simulation_launch.py
[43.625s] -- Installing: /home/jjbigdub/gitrepo/rosslam_ws/install/multirobot_map_merge/share/multirobot_map_merge/launch/tb3_simulation/worlds
[43.625s] -- Installing: /home/jjbigdub/gitrepo/rosslam_ws/install/multirobot_map_merge/share/multirobot_map_merge/launch/tb3_simulation/worlds/world_only.model
[43.625s] -- Installing: /home/jjbigdub/gitrepo/rosslam_ws/install/multirobot_map_merge/share/multirobot_map_merge/launch/tb3_simulation/slam_toolbox.py
[43.625s] -- Installing: /home/jjbigdub/gitrepo/rosslam_ws/install/multirobot_map_merge/share/multirobot_map_merge/launch/tb3_simulation/multi_tb3_simulation_launch.py
[43.625s] -- Installing: /home/jjbigdub/gitrepo/rosslam_ws/install/multirobot_map_merge/share/multirobot_map_merge/launch/tb3_simulation/bringup_launch.py
[43.625s] -- Installing: /home/jjbigdub/gitrepo/rosslam_ws/install/multirobot_map_merge/share/multirobot_map_merge/launch/tb3_simulation/config
[43.625s] -- Installing: /home/jjbigdub/gitrepo/rosslam_ws/install/multirobot_map_merge/share/multirobot_map_merge/launch/tb3_simulation/config/nav2_multirobot_params_2.yaml
[43.626s] -- Installing: /home/jjbigdub/gitrepo/rosslam_ws/install/multirobot_map_merge/share/multirobot_map_merge/launch/tb3_simulation/config/nav2_multirobot_params_1.yaml
[43.626s] -- Installing: /home/jjbigdub/gitrepo/rosslam_ws/install/multirobot_map_merge/share/multirobot_map_merge/config
[43.626s] -- Installing: /home/jjbigdub/gitrepo/rosslam_ws/install/multirobot_map_merge/share/multirobot_map_merge/config/params.yaml
[43.626s] -- Installing: /home/jjbigdub/gitrepo/rosslam_ws/install/multirobot_map_merge/lib/libcombine_grids.a
[43.627s] -- Installing: /home/jjbigdub/gitrepo/rosslam_ws/install/multirobot_map_merge/lib/multirobot_map_merge/map_merge
[43.633s] -- Set runtime path of "/home/jjbigdub/gitrepo/rosslam_ws/install/multirobot_map_merge/lib/multirobot_map_merge/map_merge" to ""
[43.633s] -- Installing: /home/jjbigdub/gitrepo/rosslam_ws/install/multirobot_map_merge/share/multirobot_map_merge/environment/library_path.sh
[43.633s] -- Installing: /home/jjbigdub/gitrepo/rosslam_ws/install/multirobot_map_merge/share/multirobot_map_merge/environment/library_path.dsv
[43.633s] -- Installing: /home/jjbigdub/gitrepo/rosslam_ws/install/multirobot_map_merge/share/ament_index/resource_index/package_run_dependencies/multirobot_map_merge
[43.634s] -- Installing: /home/jjbigdub/gitrepo/rosslam_ws/install/multirobot_map_merge/share/ament_index/resource_index/parent_prefix_path/multirobot_map_merge
[43.634s] -- Installing: /home/jjbigdub/gitrepo/rosslam_ws/install/multirobot_map_merge/share/multirobot_map_merge/environment/ament_prefix_path.sh
[43.634s] -- Installing: /home/jjbigdub/gitrepo/rosslam_ws/install/multirobot_map_merge/share/multirobot_map_merge/environment/ament_prefix_path.dsv
[43.634s] -- Installing: /home/jjbigdub/gitrepo/rosslam_ws/install/multirobot_map_merge/share/multirobot_map_merge/environment/path.sh
[43.634s] -- Installing: /home/jjbigdub/gitrepo/rosslam_ws/install/multirobot_map_merge/share/multirobot_map_merge/environment/path.dsv
[43.634s] -- Installing: /home/jjbigdub/gitrepo/rosslam_ws/install/multirobot_map_merge/share/multirobot_map_merge/local_setup.bash
[43.635s] -- Installing: /home/jjbigdub/gitrepo/rosslam_ws/install/multirobot_map_merge/share/multirobot_map_merge/local_setup.sh
[43.635s] -- Installing: /home/jjbigdub/gitrepo/rosslam_ws/install/multirobot_map_merge/share/multirobot_map_merge/local_setup.zsh
[43.635s] -- Installing: /home/jjbigdub/gitrepo/rosslam_ws/install/multirobot_map_merge/share/multirobot_map_merge/local_setup.dsv
[43.635s] -- Installing: /home/jjbigdub/gitrepo/rosslam_ws/install/multirobot_map_merge/share/multirobot_map_merge/package.dsv
[43.635s] -- Installing: /home/jjbigdub/gitrepo/rosslam_ws/install/multirobot_map_merge/share/ament_index/resource_index/packages/multirobot_map_merge
[43.635s] -- Installing: /home/jjbigdub/gitrepo/rosslam_ws/install/multirobot_map_merge/share/multirobot_map_merge/cmake/ament_cmake_export_include_directories-extras.cmake
[43.636s] -- Installing: /home/jjbigdub/gitrepo/rosslam_ws/install/multirobot_map_merge/share/multirobot_map_merge/cmake/ament_cmake_export_libraries-extras.cmake
[43.636s] -- Installing: /home/jjbigdub/gitrepo/rosslam_ws/install/multirobot_map_merge/share/multirobot_map_merge/cmake/multirobot_map_mergeConfig.cmake
[43.636s] -- Installing: /home/jjbigdub/gitrepo/rosslam_ws/install/multirobot_map_merge/share/multirobot_map_merge/cmake/multirobot_map_mergeConfig-version.cmake
[43.636s] -- Installing: /home/jjbigdub/gitrepo/rosslam_ws/install/multirobot_map_merge/share/multirobot_map_merge/package.xml
[43.639s] Invoked command in '/home/jjbigdub/gitrepo/rosslam_ws/build/multirobot_map_merge' returned '0': CMAKE_PREFIX_PATH=${CMAKE_PREFIX_PATH}:/home/jjbigdub/ros2_ws/install/math1:/home/jjbigdub/urdf_ws/install/rocker_description:/opt/ros/humble /usr/bin/cmake --install /home/jjbigdub/gitrepo/rosslam_ws/build/multirobot_map_merge
