[0.217s] DEBUG:colcon:Command line arguments: ['/usr/bin/colcon', 'build']
[0.218s] DEBUG:colcon:Parsed command line arguments: Namespace(log_base=None, log_level=None, verb_name='build', build_base='build', install_base='install', merge_install=False, symlink_install=False, test_result_base=None, continue_on_error=False, executor='parallel', parallel_workers=4, event_handlers=None, ignore_user_meta=False, metas=['./colcon.meta'], base_paths=['.'], packages_ignore=None, packages_ignore_regex=None, paths=None, packages_up_to=None, packages_up_to_regex=None, packages_above=None, packages_above_and_dependencies=None, packages_above_depth=None, packages_select_by_dep=None, packages_skip_by_dep=None, packages_skip_up_to=None, packages_select_build_failed=False, packages_skip_build_finished=False, packages_select_test_failures=False, packages_skip_test_passed=False, packages_select=None, packages_skip=None, packages_select_regex=None, packages_skip_regex=None, packages_start=None, packages_end=None, allow_overriding=[], cmake_args=None, cmake_target=None, cmake_target_skip_unavailable=False, cmake_clean_cache=False, cmake_clean_first=False, cmake_force_configure=False, ament_cmake_args=None, catkin_cmake_args=None, catkin_skip_building_tests=False, verb_parser=<colcon_defaults.argument_parser.defaults.DefaultArgumentsDecorator object at 0x7dac46a44550>, verb_extension=<colcon_core.verb.build.BuildVerb object at 0x7dac46b3d120>, main=<bound method BuildVerb.main of <colcon_core.verb.build.BuildVerb object at 0x7dac46b3d120>>)
[0.648s] Level 1:colcon.colcon_core.package_discovery:discover_packages(colcon_meta) check parameters
[0.649s] Level 1:colcon.colcon_core.package_discovery:discover_packages(recursive) check parameters
[0.649s] Level 1:colcon.colcon_core.package_discovery:discover_packages(ignore) check parameters
[0.649s] Level 1:colcon.colcon_core.package_discovery:discover_packages(path) check parameters
[0.649s] Level 1:colcon.colcon_core.package_discovery:discover_packages(colcon_meta) discover
[0.649s] Level 1:colcon.colcon_core.package_discovery:discover_packages(recursive) discover
[0.649s] INFO:colcon.colcon_core.package_discovery:Crawling recursively for packages in '/home/joel-bansal/bharat_ws'
[0.649s] Level 1:colcon.colcon_core.package_identification:_identify(.) by extensions ['ignore', 'ignore_ament_install']
[0.789s] Level 1:colcon.colcon_core.package_identification:_identify(.) by extension 'ignore'
[0.789s] Level 1:colcon.colcon_core.package_identification:_identify(.) by extension 'ignore_ament_install'
[0.789s] Level 1:colcon.colcon_core.package_identification:_identify(.) by extensions ['colcon_pkg']
[0.789s] Level 1:colcon.colcon_core.package_identification:_identify(.) by extension 'colcon_pkg'
[0.789s] Level 1:colcon.colcon_core.package_identification:_identify(.) by extensions ['colcon_meta']
[0.789s] Level 1:colcon.colcon_core.package_identification:_identify(.) by extension 'colcon_meta'
[0.789s] Level 1:colcon.colcon_core.package_identification:_identify(.) by extensions ['ros']
[0.789s] Level 1:colcon.colcon_core.package_identification:_identify(.) by extension 'ros'
[0.820s] Level 1:colcon.colcon_core.package_identification:_identify(.) by extensions ['cmake', 'python']
[0.820s] Level 1:colcon.colcon_core.package_identification:_identify(.) by extension 'cmake'
[0.820s] Level 1:colcon.colcon_core.package_identification:_identify(.) by extension 'python'
[0.820s] Level 1:colcon.colcon_core.package_identification:_identify(.) by extensions ['python_setup_py']
[0.821s] Level 1:colcon.colcon_core.package_identification:_identify(.) by extension 'python_setup_py'
[0.821s] Level 1:colcon.colcon_core.package_identification:_identify(build) by extensions ['ignore', 'ignore_ament_install']
[0.821s] Level 1:colcon.colcon_core.package_identification:_identify(build) by extension 'ignore'
[0.821s] Level 1:colcon.colcon_core.package_identification:_identify(build) ignored
[0.823s] Level 1:colcon.colcon_core.package_identification:_identify(install) by extensions ['ignore', 'ignore_ament_install']
[0.823s] Level 1:colcon.colcon_core.package_identification:_identify(install) by extension 'ignore'
[0.824s] Level 1:colcon.colcon_core.package_identification:_identify(install) ignored
[0.824s] Level 1:colcon.colcon_core.package_identification:_identify(log) by extensions ['ignore', 'ignore_ament_install']
[0.824s] Level 1:colcon.colcon_core.package_identification:_identify(log) by extension 'ignore'
[0.824s] Level 1:colcon.colcon_core.package_identification:_identify(log) ignored
[0.825s] Level 1:colcon.colcon_core.package_identification:_identify(src) by extensions ['ignore', 'ignore_ament_install']
[0.825s] Level 1:colcon.colcon_core.package_identification:_identify(src) by extension 'ignore'
[0.825s] Level 1:colcon.colcon_core.package_identification:_identify(src) by extension 'ignore_ament_install'
[0.826s] Level 1:colcon.colcon_core.package_identification:_identify(src) by extensions ['colcon_pkg']
[0.826s] Level 1:colcon.colcon_core.package_identification:_identify(src) by extension 'colcon_pkg'
[0.827s] Level 1:colcon.colcon_core.package_identification:_identify(src) by extensions ['colcon_meta']
[0.827s] Level 1:colcon.colcon_core.package_identification:_identify(src) by extension 'colcon_meta'
[0.827s] Level 1:colcon.colcon_core.package_identification:_identify(src) by extensions ['ros']
[0.827s] Level 1:colcon.colcon_core.package_identification:_identify(src) by extension 'ros'
[0.827s] Level 1:colcon.colcon_core.package_identification:_identify(src) by extensions ['cmake', 'python']
[0.827s] Level 1:colcon.colcon_core.package_identification:_identify(src) by extension 'cmake'
[0.828s] Level 1:colcon.colcon_core.package_identification:_identify(src) by extension 'python'
[0.828s] Level 1:colcon.colcon_core.package_identification:_identify(src) by extensions ['python_setup_py']
[0.828s] Level 1:colcon.colcon_core.package_identification:_identify(src) by extension 'python_setup_py'
[0.829s] Level 1:colcon.colcon_core.package_identification:_identify(src/m-explore-ros2) by extensions ['ignore', 'ignore_ament_install']
[0.829s] Level 1:colcon.colcon_core.package_identification:_identify(src/m-explore-ros2) by extension 'ignore'
[0.829s] Level 1:colcon.colcon_core.package_identification:_identify(src/m-explore-ros2) by extension 'ignore_ament_install'
[0.829s] Level 1:colcon.colcon_core.package_identification:_identify(src/m-explore-ros2) by extensions ['colcon_pkg']
[0.829s] Level 1:colcon.colcon_core.package_identification:_identify(src/m-explore-ros2) by extension 'colcon_pkg'
[0.829s] Level 1:colcon.colcon_core.package_identification:_identify(src/m-explore-ros2) by extensions ['colcon_meta']
[0.830s] Level 1:colcon.colcon_core.package_identification:_identify(src/m-explore-ros2) by extension 'colcon_meta'
[0.830s] Level 1:colcon.colcon_core.package_identification:_identify(src/m-explore-ros2) by extensions ['ros']
[0.830s] Level 1:colcon.colcon_core.package_identification:_identify(src/m-explore-ros2) by extension 'ros'
[0.830s] Level 1:colcon.colcon_core.package_identification:_identify(src/m-explore-ros2) by extensions ['cmake', 'python']
[0.830s] Level 1:colcon.colcon_core.package_identification:_identify(src/m-explore-ros2) by extension 'cmake'
[0.830s] Level 1:colcon.colcon_core.package_identification:_identify(src/m-explore-ros2) by extension 'python'
[0.830s] Level 1:colcon.colcon_core.package_identification:_identify(src/m-explore-ros2) by extensions ['python_setup_py']
[0.831s] Level 1:colcon.colcon_core.package_identification:_identify(src/m-explore-ros2) by extension 'python_setup_py'
[0.831s] Level 1:colcon.colcon_core.package_identification:_identify(src/m-explore-ros2/explore) by extensions ['ignore', 'ignore_ament_install']
[0.832s] Level 1:colcon.colcon_core.package_identification:_identify(src/m-explore-ros2/explore) by extension 'ignore'
[0.832s] Level 1:colcon.colcon_core.package_identification:_identify(src/m-explore-ros2/explore) by extension 'ignore_ament_install'
[0.832s] Level 1:colcon.colcon_core.package_identification:_identify(src/m-explore-ros2/explore) by extensions ['colcon_pkg']
[0.832s] Level 1:colcon.colcon_core.package_identification:_identify(src/m-explore-ros2/explore) by extension 'colcon_pkg'
[0.832s] Level 1:colcon.colcon_core.package_identification:_identify(src/m-explore-ros2/explore) by extensions ['colcon_meta']
[0.832s] Level 1:colcon.colcon_core.package_identification:_identify(src/m-explore-ros2/explore) by extension 'colcon_meta'
[0.832s] Level 1:colcon.colcon_core.package_identification:_identify(src/m-explore-ros2/explore) by extensions ['ros']
[0.832s] Level 1:colcon.colcon_core.package_identification:_identify(src/m-explore-ros2/explore) by extension 'ros'
[0.841s] DEBUG:colcon.colcon_core.package_identification:Package 'src/m-explore-ros2/explore' with type 'ros.ament_cmake' and name 'explore_lite'
[0.841s] Level 1:colcon.colcon_core.package_identification:_identify(src/m-explore-ros2/map_merge) by extensions ['ignore', 'ignore_ament_install']
[0.841s] Level 1:colcon.colcon_core.package_identification:_identify(src/m-explore-ros2/map_merge) by extension 'ignore'
[0.841s] Level 1:colcon.colcon_core.package_identification:_identify(src/m-explore-ros2/map_merge) by extension 'ignore_ament_install'
[0.841s] Level 1:colcon.colcon_core.package_identification:_identify(src/m-explore-ros2/map_merge) by extensions ['colcon_pkg']
[0.842s] Level 1:colcon.colcon_core.package_identification:_identify(src/m-explore-ros2/map_merge) by extension 'colcon_pkg'
[0.842s] Level 1:colcon.colcon_core.package_identification:_identify(src/m-explore-ros2/map_merge) by extensions ['colcon_meta']
[0.842s] Level 1:colcon.colcon_core.package_identification:_identify(src/m-explore-ros2/map_merge) by extension 'colcon_meta'
[0.842s] Level 1:colcon.colcon_core.package_identification:_identify(src/m-explore-ros2/map_merge) by extensions ['ros']
[0.842s] Level 1:colcon.colcon_core.package_identification:_identify(src/m-explore-ros2/map_merge) by extension 'ros'
[0.844s] DEBUG:colcon.colcon_core.package_identification:Package 'src/m-explore-ros2/map_merge' with type 'ros.ament_cmake' and name 'multirobot_map_merge'
[0.844s] Level 1:colcon.colcon_core.package_identification:_identify(src/slam_gmapping) by extensions ['ignore', 'ignore_ament_install']
[0.844s] Level 1:colcon.colcon_core.package_identification:_identify(src/slam_gmapping) by extension 'ignore'
[0.844s] Level 1:colcon.colcon_core.package_identification:_identify(src/slam_gmapping) by extension 'ignore_ament_install'
[0.845s] Level 1:colcon.colcon_core.package_identification:_identify(src/slam_gmapping) by extensions ['colcon_pkg']
[0.845s] Level 1:colcon.colcon_core.package_identification:_identify(src/slam_gmapping) by extension 'colcon_pkg'
[0.845s] Level 1:colcon.colcon_core.package_identification:_identify(src/slam_gmapping) by extensions ['colcon_meta']
[0.845s] Level 1:colcon.colcon_core.package_identification:_identify(src/slam_gmapping) by extension 'colcon_meta'
[0.845s] Level 1:colcon.colcon_core.package_identification:_identify(src/slam_gmapping) by extensions ['ros']
[0.845s] Level 1:colcon.colcon_core.package_identification:_identify(src/slam_gmapping) by extension 'ros'
[0.845s] Level 1:colcon.colcon_core.package_identification:_identify(src/slam_gmapping) by extensions ['cmake', 'python']
[0.845s] Level 1:colcon.colcon_core.package_identification:_identify(src/slam_gmapping) by extension 'cmake'
[0.845s] Level 1:colcon.colcon_core.package_identification:_identify(src/slam_gmapping) by extension 'python'
[0.845s] Level 1:colcon.colcon_core.package_identification:_identify(src/slam_gmapping) by extensions ['python_setup_py']
[0.845s] Level 1:colcon.colcon_core.package_identification:_identify(src/slam_gmapping) by extension 'python_setup_py'
[0.846s] Level 1:colcon.colcon_core.package_identification:_identify(src/slam_gmapping/openslam_gmapping) by extensions ['ignore', 'ignore_ament_install']
[0.846s] Level 1:colcon.colcon_core.package_identification:_identify(src/slam_gmapping/openslam_gmapping) by extension 'ignore'
[0.846s] Level 1:colcon.colcon_core.package_identification:_identify(src/slam_gmapping/openslam_gmapping) by extension 'ignore_ament_install'
[0.846s] Level 1:colcon.colcon_core.package_identification:_identify(src/slam_gmapping/openslam_gmapping) by extensions ['colcon_pkg']
[0.846s] Level 1:colcon.colcon_core.package_identification:_identify(src/slam_gmapping/openslam_gmapping) by extension 'colcon_pkg'
[0.846s] Level 1:colcon.colcon_core.package_identification:_identify(src/slam_gmapping/openslam_gmapping) by extensions ['colcon_meta']
[0.846s] Level 1:colcon.colcon_core.package_identification:_identify(src/slam_gmapping/openslam_gmapping) by extension 'colcon_meta'
[0.846s] Level 1:colcon.colcon_core.package_identification:_identify(src/slam_gmapping/openslam_gmapping) by extensions ['ros']
[0.846s] Level 1:colcon.colcon_core.package_identification:_identify(src/slam_gmapping/openslam_gmapping) by extension 'ros'
[0.847s] DEBUG:colcon.colcon_core.package_identification:Package 'src/slam_gmapping/openslam_gmapping' with type 'ros.ament_cmake' and name 'openslam_gmapping'
[0.848s] Level 1:colcon.colcon_core.package_identification:_identify(src/slam_gmapping/slam_gmapping) by extensions ['ignore', 'ignore_ament_install']
[0.848s] Level 1:colcon.colcon_core.package_identification:_identify(src/slam_gmapping/slam_gmapping) by extension 'ignore'
[0.848s] Level 1:colcon.colcon_core.package_identification:_identify(src/slam_gmapping/slam_gmapping) by extension 'ignore_ament_install'
[0.848s] Level 1:colcon.colcon_core.package_identification:_identify(src/slam_gmapping/slam_gmapping) by extensions ['colcon_pkg']
[0.848s] Level 1:colcon.colcon_core.package_identification:_identify(src/slam_gmapping/slam_gmapping) by extension 'colcon_pkg'
[0.848s] Level 1:colcon.colcon_core.package_identification:_identify(src/slam_gmapping/slam_gmapping) by extensions ['colcon_meta']
[0.848s] Level 1:colcon.colcon_core.package_identification:_identify(src/slam_gmapping/slam_gmapping) by extension 'colcon_meta'
[0.848s] Level 1:colcon.colcon_core.package_identification:_identify(src/slam_gmapping/slam_gmapping) by extensions ['ros']
[0.848s] Level 1:colcon.colcon_core.package_identification:_identify(src/slam_gmapping/slam_gmapping) by extension 'ros'
[0.851s] DEBUG:colcon.colcon_core.package_identification:Package 'src/slam_gmapping/slam_gmapping' with type 'ros.ament_cmake' and name 'slam_gmapping'
[0.851s] Level 1:colcon.colcon_core.package_discovery:discover_packages(recursive) using defaults
[0.851s] Level 1:colcon.colcon_core.package_discovery:discover_packages(ignore) discover
[0.851s] Level 1:colcon.colcon_core.package_discovery:discover_packages(ignore) using defaults
[0.851s] Level 1:colcon.colcon_core.package_discovery:discover_packages(path) discover
[0.851s] Level 1:colcon.colcon_core.package_discovery:discover_packages(path) using defaults
[0.929s] Level 1:colcon.colcon_core.package_discovery:discover_packages(prefix_path) check parameters
[0.929s] Level 1:colcon.colcon_core.package_discovery:discover_packages(prefix_path) discover
[0.932s] WARNING:colcon.colcon_ros.prefix_path.ament:The path '/home/joel-bansal/bharat_ws/install/slam_gmapping' in the environment variable AMENT_PREFIX_PATH doesn't exist
[0.932s] WARNING:colcon.colcon_ros.prefix_path.ament:The path '/home/joel-bansal/bharat_ws/install/openslam_gmapping' in the environment variable AMENT_PREFIX_PATH doesn't exist
[0.932s] WARNING:colcon.colcon_ros.prefix_path.ament:The path '/home/joel-bansal/bharat_ws/install/multirobot_map_merge' in the environment variable AMENT_PREFIX_PATH doesn't exist
[0.933s] WARNING:colcon.colcon_ros.prefix_path.ament:The path '/home/joel-bansal/bharat_ws/install/explore_lite' in the environment variable AMENT_PREFIX_PATH doesn't exist
[0.933s] WARNING:colcon.colcon_ros.prefix_path.catkin:The path '/home/joel-bansal/bharat_ws/install/slam_gmapping' in the environment variable CMAKE_PREFIX_PATH doesn't exist
[0.933s] WARNING:colcon.colcon_ros.prefix_path.catkin:The path '/home/joel-bansal/bharat_ws/install/openslam_gmapping' in the environment variable CMAKE_PREFIX_PATH doesn't exist
[0.933s] WARNING:colcon.colcon_ros.prefix_path.catkin:The path '/home/joel-bansal/bharat_ws/install/multirobot_map_merge' in the environment variable CMAKE_PREFIX_PATH doesn't exist
[0.933s] WARNING:colcon.colcon_ros.prefix_path.catkin:The path '/home/joel-bansal/bharat_ws/install/explore_lite' in the environment variable CMAKE_PREFIX_PATH doesn't exist
[0.935s] DEBUG:colcon.colcon_installed_package_information.package_discovery:Found 0 installed packages in /home/joel-bansal/bharat_ws/install
[0.940s] DEBUG:colcon.colcon_installed_package_information.package_discovery:Found 345 installed packages in /opt/ros/humble
[0.947s] Level 1:colcon.colcon_core.package_discovery:discover_packages(prefix_path) using defaults
[1.082s] Level 5:colcon.colcon_core.verb:set package 'explore_lite' build argument 'cmake_args' from command line to 'None'
[1.082s] Level 5:colcon.colcon_core.verb:set package 'explore_lite' build argument 'cmake_target' from command line to 'None'
[1.082s] Level 5:colcon.colcon_core.verb:set package 'explore_lite' build argument 'cmake_target_skip_unavailable' from command line to 'False'
[1.082s] Level 5:colcon.colcon_core.verb:set package 'explore_lite' build argument 'cmake_clean_cache' from command line to 'False'
[1.082s] Level 5:colcon.colcon_core.verb:set package 'explore_lite' build argument 'cmake_clean_first' from command line to 'False'
[1.082s] Level 5:colcon.colcon_core.verb:set package 'explore_lite' build argument 'cmake_force_configure' from command line to 'False'
[1.083s] Level 5:colcon.colcon_core.verb:set package 'explore_lite' build argument 'ament_cmake_args' from command line to 'None'
[1.083s] Level 5:colcon.colcon_core.verb:set package 'explore_lite' build argument 'catkin_cmake_args' from command line to 'None'
[1.083s] Level 5:colcon.colcon_core.verb:set package 'explore_lite' build argument 'catkin_skip_building_tests' from command line to 'False'
[1.083s] DEBUG:colcon.colcon_core.verb:Building package 'explore_lite' with the following arguments: {'ament_cmake_args': None, 'build_base': '/home/joel-bansal/bharat_ws/build/explore_lite', 'catkin_cmake_args': None, 'catkin_skip_building_tests': False, 'cmake_args': None, 'cmake_clean_cache': False, 'cmake_clean_first': False, 'cmake_force_configure': False, 'cmake_target': None, 'cmake_target_skip_unavailable': False, 'install_base': '/home/joel-bansal/bharat_ws/install/explore_lite', 'merge_install': False, 'path': '/home/joel-bansal/bharat_ws/src/m-explore-ros2/explore', 'symlink_install': False, 'test_result_base': None}
[1.084s] Level 5:colcon.colcon_core.verb:set package 'multirobot_map_merge' build argument 'cmake_args' from command line to 'None'
[1.084s] Level 5:colcon.colcon_core.verb:set package 'multirobot_map_merge' build argument 'cmake_target' from command line to 'None'
[1.084s] Level 5:colcon.colcon_core.verb:set package 'multirobot_map_merge' build argument 'cmake_target_skip_unavailable' from command line to 'False'
[1.084s] Level 5:colcon.colcon_core.verb:set package 'multirobot_map_merge' build argument 'cmake_clean_cache' from command line to 'False'
[1.085s] Level 5:colcon.colcon_core.verb:set package 'multirobot_map_merge' build argument 'cmake_clean_first' from command line to 'False'
[1.085s] Level 5:colcon.colcon_core.verb:set package 'multirobot_map_merge' build argument 'cmake_force_configure' from command line to 'False'
[1.085s] Level 5:colcon.colcon_core.verb:set package 'multirobot_map_merge' build argument 'ament_cmake_args' from command line to 'None'
[1.085s] Level 5:colcon.colcon_core.verb:set package 'multirobot_map_merge' build argument 'catkin_cmake_args' from command line to 'None'
[1.085s] Level 5:colcon.colcon_core.verb:set package 'multirobot_map_merge' build argument 'catkin_skip_building_tests' from command line to 'False'
[1.085s] DEBUG:colcon.colcon_core.verb:Building package 'multirobot_map_merge' with the following arguments: {'ament_cmake_args': None, 'build_base': '/home/joel-bansal/bharat_ws/build/multirobot_map_merge', 'catkin_cmake_args': None, 'catkin_skip_building_tests': False, 'cmake_args': None, 'cmake_clean_cache': False, 'cmake_clean_first': False, 'cmake_force_configure': False, 'cmake_target': None, 'cmake_target_skip_unavailable': False, 'install_base': '/home/joel-bansal/bharat_ws/install/multirobot_map_merge', 'merge_install': False, 'path': '/home/joel-bansal/bharat_ws/src/m-explore-ros2/map_merge', 'symlink_install': False, 'test_result_base': None}
[1.086s] Level 5:colcon.colcon_core.verb:set package 'openslam_gmapping' build argument 'cmake_args' from command line to 'None'
[1.087s] Level 5:colcon.colcon_core.verb:set package 'openslam_gmapping' build argument 'cmake_target' from command line to 'None'
[1.087s] Level 5:colcon.colcon_core.verb:set package 'openslam_gmapping' build argument 'cmake_target_skip_unavailable' from command line to 'False'
[1.087s] Level 5:colcon.colcon_core.verb:set package 'openslam_gmapping' build argument 'cmake_clean_cache' from command line to 'False'
[1.087s] Level 5:colcon.colcon_core.verb:set package 'openslam_gmapping' build argument 'cmake_clean_first' from command line to 'False'
[1.087s] Level 5:colcon.colcon_core.verb:set package 'openslam_gmapping' build argument 'cmake_force_configure' from command line to 'False'
[1.087s] Level 5:colcon.colcon_core.verb:set package 'openslam_gmapping' build argument 'ament_cmake_args' from command line to 'None'
[1.087s] Level 5:colcon.colcon_core.verb:set package 'openslam_gmapping' build argument 'catkin_cmake_args' from command line to 'None'
[1.087s] Level 5:colcon.colcon_core.verb:set package 'openslam_gmapping' build argument 'catkin_skip_building_tests' from command line to 'False'
[1.087s] DEBUG:colcon.colcon_core.verb:Building package 'openslam_gmapping' with the following arguments: {'ament_cmake_args': None, 'build_base': '/home/joel-bansal/bharat_ws/build/openslam_gmapping', 'catkin_cmake_args': None, 'catkin_skip_building_tests': False, 'cmake_args': None, 'cmake_clean_cache': False, 'cmake_clean_first': False, 'cmake_force_configure': False, 'cmake_target': None, 'cmake_target_skip_unavailable': False, 'install_base': '/home/joel-bansal/bharat_ws/install/openslam_gmapping', 'merge_install': False, 'path': '/home/joel-bansal/bharat_ws/src/slam_gmapping/openslam_gmapping', 'symlink_install': False, 'test_result_base': None}
[1.088s] Level 5:colcon.colcon_core.verb:set package 'slam_gmapping' build argument 'cmake_args' from command line to 'None'
[1.089s] Level 5:colcon.colcon_core.verb:set package 'slam_gmapping' build argument 'cmake_target' from command line to 'None'
[1.089s] Level 5:colcon.colcon_core.verb:set package 'slam_gmapping' build argument 'cmake_target_skip_unavailable' from command line to 'False'
[1.089s] Level 5:colcon.colcon_core.verb:set package 'slam_gmapping' build argument 'cmake_clean_cache' from command line to 'False'
[1.089s] Level 5:colcon.colcon_core.verb:set package 'slam_gmapping' build argument 'cmake_clean_first' from command line to 'False'
[1.089s] Level 5:colcon.colcon_core.verb:set package 'slam_gmapping' build argument 'cmake_force_configure' from command line to 'False'
[1.089s] Level 5:colcon.colcon_core.verb:set package 'slam_gmapping' build argument 'ament_cmake_args' from command line to 'None'
[1.089s] Level 5:colcon.colcon_core.verb:set package 'slam_gmapping' build argument 'catkin_cmake_args' from command line to 'None'
[1.089s] Level 5:colcon.colcon_core.verb:set package 'slam_gmapping' build argument 'catkin_skip_building_tests' from command line to 'False'
[1.089s] DEBUG:colcon.colcon_core.verb:Building package 'slam_gmapping' with the following arguments: {'ament_cmake_args': None, 'build_base': '/home/joel-bansal/bharat_ws/build/slam_gmapping', 'catkin_cmake_args': None, 'catkin_skip_building_tests': False, 'cmake_args': None, 'cmake_clean_cache': False, 'cmake_clean_first': False, 'cmake_force_configure': False, 'cmake_target': None, 'cmake_target_skip_unavailable': False, 'install_base': '/home/joel-bansal/bharat_ws/install/slam_gmapping', 'merge_install': False, 'path': '/home/joel-bansal/bharat_ws/src/slam_gmapping/slam_gmapping', 'symlink_install': False, 'test_result_base': None}
[1.090s] INFO:colcon.colcon_core.executor:Executing jobs using 'parallel' executor
[1.093s] DEBUG:colcon.colcon_parallel_executor.executor.parallel:run_until_complete
[1.093s] INFO:colcon.colcon_ros.task.ament_cmake.build:Building ROS package in '/home/joel-bansal/bharat_ws/src/slam_gmapping/openslam_gmapping' with build type 'ament_cmake'
[1.093s] INFO:colcon.colcon_cmake.task.cmake.build:Building CMake package in '/home/joel-bansal/bharat_ws/src/slam_gmapping/openslam_gmapping'
[1.098s] INFO:colcon.colcon_core.plugin_system:Skipping extension 'colcon_core.shell.bat': Not used on non-Windows systems
[1.098s] INFO:colcon.colcon_core.shell:Skip shell extension 'powershell' for command environment: Not usable outside of PowerShell
[1.099s] DEBUG:colcon.colcon_core.shell:Skip shell extension 'dsv' for command environment
[1.108s] INFO:colcon.colcon_ros.task.ament_cmake.build:Building ROS package in '/home/joel-bansal/bharat_ws/src/m-explore-ros2/explore' with build type 'ament_cmake'
[1.109s] INFO:colcon.colcon_cmake.task.cmake.build:Building CMake package in '/home/joel-bansal/bharat_ws/src/m-explore-ros2/explore'
[1.109s] INFO:colcon.colcon_core.shell:Skip shell extension 'powershell' for command environment: Not usable outside of PowerShell
[1.110s] DEBUG:colcon.colcon_core.shell:Skip shell extension 'dsv' for command environment
[1.120s] INFO:colcon.colcon_ros.task.ament_cmake.build:Building ROS package in '/home/joel-bansal/bharat_ws/src/m-explore-ros2/map_merge' with build type 'ament_cmake'
[1.121s] INFO:colcon.colcon_cmake.task.cmake.build:Building CMake package in '/home/joel-bansal/bharat_ws/src/m-explore-ros2/map_merge'
[1.122s] INFO:colcon.colcon_core.shell:Skip shell extension 'powershell' for command environment: Not usable outside of PowerShell
[1.122s] DEBUG:colcon.colcon_core.shell:Skip shell extension 'dsv' for command environment
[1.139s] DEBUG:colcon.colcon_core.event_handler.log_command:Invoking command in '/home/joel-bansal/bharat_ws/build/openslam_gmapping': CMAKE_PREFIX_PATH=${CMAKE_PREFIX_PATH}:/opt/ros/humble /usr/bin/cmake /home/joel-bansal/bharat_ws/src/slam_gmapping/openslam_gmapping -DCMAKE_INSTALL_PREFIX=/home/joel-bansal/bharat_ws/install/openslam_gmapping
[1.150s] DEBUG:colcon.colcon_core.event_handler.log_command:Invoking command in '/home/joel-bansal/bharat_ws/build/explore_lite': CMAKE_PREFIX_PATH=${CMAKE_PREFIX_PATH}:/opt/ros/humble /usr/bin/cmake /home/joel-bansal/bharat_ws/src/m-explore-ros2/explore -DCMAKE_INSTALL_PREFIX=/home/joel-bansal/bharat_ws/install/explore_lite
[1.171s] DEBUG:colcon.colcon_core.event_handler.log_command:Invoking command in '/home/joel-bansal/bharat_ws/build/multirobot_map_merge': CMAKE_PREFIX_PATH=${CMAKE_PREFIX_PATH}:/opt/ros/humble /usr/bin/cmake /home/joel-bansal/bharat_ws/src/m-explore-ros2/map_merge -DCMAKE_INSTALL_PREFIX=/home/joel-bansal/bharat_ws/install/multirobot_map_merge
[4.179s] DEBUG:colcon.colcon_core.event_handler.log_command:Invoked command in '/home/joel-bansal/bharat_ws/build/openslam_gmapping' returned '0': CMAKE_PREFIX_PATH=${CMAKE_PREFIX_PATH}:/opt/ros/humble /usr/bin/cmake /home/joel-bansal/bharat_ws/src/slam_gmapping/openslam_gmapping -DCMAKE_INSTALL_PREFIX=/home/joel-bansal/bharat_ws/install/openslam_gmapping
[4.184s] DEBUG:colcon.colcon_core.event_handler.log_command:Invoking command in '/home/joel-bansal/bharat_ws/build/openslam_gmapping': CMAKE_PREFIX_PATH=${CMAKE_PREFIX_PATH}:/opt/ros/humble /usr/bin/cmake --build /home/joel-bansal/bharat_ws/build/openslam_gmapping -- -j4 -l4
[9.207s] DEBUG:colcon.colcon_core.event_handler.log_command:Invoked command in '/home/joel-bansal/bharat_ws/build/explore_lite' returned '0': CMAKE_PREFIX_PATH=${CMAKE_PREFIX_PATH}:/opt/ros/humble /usr/bin/cmake /home/joel-bansal/bharat_ws/src/m-explore-ros2/explore -DCMAKE_INSTALL_PREFIX=/home/joel-bansal/bharat_ws/install/explore_lite
[9.209s] DEBUG:colcon.colcon_core.event_handler.log_command:Invoking command in '/home/joel-bansal/bharat_ws/build/explore_lite': CMAKE_PREFIX_PATH=${CMAKE_PREFIX_PATH}:/opt/ros/humble /usr/bin/cmake --build /home/joel-bansal/bharat_ws/build/explore_lite -- -j4 -l4
[24.528s] DEBUG:colcon.colcon_core.event_handler.log_command:Invoked command in '/home/joel-bansal/bharat_ws/build/openslam_gmapping' returned '0': CMAKE_PREFIX_PATH=${CMAKE_PREFIX_PATH}:/opt/ros/humble /usr/bin/cmake --build /home/joel-bansal/bharat_ws/build/openslam_gmapping -- -j4 -l4
[24.731s] DEBUG:colcon.colcon_core.event_handler.log_command:Invoking command in '/home/joel-bansal/bharat_ws/build/openslam_gmapping': CMAKE_PREFIX_PATH=${CMAKE_PREFIX_PATH}:/opt/ros/humble /usr/bin/cmake --install /home/joel-bansal/bharat_ws/build/openslam_gmapping
[24.838s] Level 1:colcon.colcon_core.environment:create_environment_scripts_only(openslam_gmapping)
[24.841s] DEBUG:colcon.colcon_core.event_handler.log_command:Invoked command in '/home/joel-bansal/bharat_ws/build/openslam_gmapping' returned '0': CMAKE_PREFIX_PATH=${CMAKE_PREFIX_PATH}:/opt/ros/humble /usr/bin/cmake --install /home/joel-bansal/bharat_ws/build/openslam_gmapping
[24.848s] Level 1:colcon.colcon_core.environment:checking '/home/joel-bansal/bharat_ws/install/openslam_gmapping' for CMake module files
[24.850s] Level 1:colcon.colcon_core.environment:checking '/home/joel-bansal/bharat_ws/install/openslam_gmapping' for CMake config files
[24.851s] Level 1:colcon.colcon_core.shell:create_environment_hook('openslam_gmapping', 'cmake_prefix_path')
[24.852s] INFO:colcon.colcon_core.shell:Creating environment hook '/home/joel-bansal/bharat_ws/install/openslam_gmapping/share/openslam_gmapping/hook/cmake_prefix_path.ps1'
[24.855s] INFO:colcon.colcon_core.shell:Creating environment descriptor '/home/joel-bansal/bharat_ws/install/openslam_gmapping/share/openslam_gmapping/hook/cmake_prefix_path.dsv'
[24.856s] INFO:colcon.colcon_core.shell:Creating environment hook '/home/joel-bansal/bharat_ws/install/openslam_gmapping/share/openslam_gmapping/hook/cmake_prefix_path.sh'
[24.859s] Level 1:colcon.colcon_core.environment:checking '/home/joel-bansal/bharat_ws/install/openslam_gmapping/lib'
[24.860s] Level 1:colcon.colcon_core.environment:checking '/home/joel-bansal/bharat_ws/install/openslam_gmapping/bin'
[24.860s] Level 1:colcon.colcon_core.environment:checking '/home/joel-bansal/bharat_ws/install/openslam_gmapping/lib/pkgconfig/openslam_gmapping.pc'
[24.860s] Level 1:colcon.colcon_core.environment:checking '/home/joel-bansal/bharat_ws/install/openslam_gmapping/lib/python3.10/site-packages'
[24.861s] Level 1:colcon.colcon_core.environment:checking '/home/joel-bansal/bharat_ws/install/openslam_gmapping/bin'
[24.862s] INFO:colcon.colcon_core.shell:Creating package script '/home/joel-bansal/bharat_ws/install/openslam_gmapping/share/openslam_gmapping/package.ps1'
[24.865s] INFO:colcon.colcon_core.shell:Creating package descriptor '/home/joel-bansal/bharat_ws/install/openslam_gmapping/share/openslam_gmapping/package.dsv'
[24.866s] INFO:colcon.colcon_core.shell:Creating package script '/home/joel-bansal/bharat_ws/install/openslam_gmapping/share/openslam_gmapping/package.sh'
[24.869s] INFO:colcon.colcon_core.shell:Creating package script '/home/joel-bansal/bharat_ws/install/openslam_gmapping/share/openslam_gmapping/package.bash'
[24.871s] INFO:colcon.colcon_core.shell:Creating package script '/home/joel-bansal/bharat_ws/install/openslam_gmapping/share/openslam_gmapping/package.zsh'
[24.876s] Level 1:colcon.colcon_core.environment:create_file_with_runtime_dependencies(/home/joel-bansal/bharat_ws/install/openslam_gmapping/share/colcon-core/packages/openslam_gmapping)
[25.031s] Level 1:colcon.colcon_core.environment:create_environment_scripts_only(openslam_gmapping)
[25.031s] Level 1:colcon.colcon_core.environment:checking '/home/joel-bansal/bharat_ws/install/openslam_gmapping' for CMake module files
[25.036s] Level 1:colcon.colcon_core.environment:checking '/home/joel-bansal/bharat_ws/install/openslam_gmapping' for CMake config files
[25.037s] Level 1:colcon.colcon_core.shell:create_environment_hook('openslam_gmapping', 'cmake_prefix_path')
[25.038s] INFO:colcon.colcon_core.shell:Creating environment hook '/home/joel-bansal/bharat_ws/install/openslam_gmapping/share/openslam_gmapping/hook/cmake_prefix_path.ps1'
[25.042s] INFO:colcon.colcon_core.shell:Creating environment descriptor '/home/joel-bansal/bharat_ws/install/openslam_gmapping/share/openslam_gmapping/hook/cmake_prefix_path.dsv'
[25.044s] INFO:colcon.colcon_core.shell:Creating environment hook '/home/joel-bansal/bharat_ws/install/openslam_gmapping/share/openslam_gmapping/hook/cmake_prefix_path.sh'
[25.049s] Level 1:colcon.colcon_core.environment:checking '/home/joel-bansal/bharat_ws/install/openslam_gmapping/lib'
[25.049s] Level 1:colcon.colcon_core.environment:checking '/home/joel-bansal/bharat_ws/install/openslam_gmapping/bin'
[25.049s] Level 1:colcon.colcon_core.environment:checking '/home/joel-bansal/bharat_ws/install/openslam_gmapping/lib/pkgconfig/openslam_gmapping.pc'
[25.050s] Level 1:colcon.colcon_core.environment:checking '/home/joel-bansal/bharat_ws/install/openslam_gmapping/lib/python3.10/site-packages'
[25.051s] Level 1:colcon.colcon_core.environment:checking '/home/joel-bansal/bharat_ws/install/openslam_gmapping/bin'
[25.054s] INFO:colcon.colcon_core.shell:Creating package script '/home/joel-bansal/bharat_ws/install/openslam_gmapping/share/openslam_gmapping/package.ps1'
[25.055s] INFO:colcon.colcon_core.shell:Creating package descriptor '/home/joel-bansal/bharat_ws/install/openslam_gmapping/share/openslam_gmapping/package.dsv'
[25.060s] INFO:colcon.colcon_core.shell:Creating package script '/home/joel-bansal/bharat_ws/install/openslam_gmapping/share/openslam_gmapping/package.sh'
[25.061s] INFO:colcon.colcon_core.shell:Creating package script '/home/joel-bansal/bharat_ws/install/openslam_gmapping/share/openslam_gmapping/package.bash'
[25.066s] INFO:colcon.colcon_core.shell:Creating package script '/home/joel-bansal/bharat_ws/install/openslam_gmapping/share/openslam_gmapping/package.zsh'
[25.067s] Level 1:colcon.colcon_core.environment:create_file_with_runtime_dependencies(/home/joel-bansal/bharat_ws/install/openslam_gmapping/share/colcon-core/packages/openslam_gmapping)
[25.068s] INFO:colcon.colcon_ros.task.ament_cmake.build:Building ROS package in '/home/joel-bansal/bharat_ws/src/slam_gmapping/slam_gmapping' with build type 'ament_cmake'
[25.074s] INFO:colcon.colcon_cmake.task.cmake.build:Building CMake package in '/home/joel-bansal/bharat_ws/src/slam_gmapping/slam_gmapping'
[25.074s] INFO:colcon.colcon_core.shell:Skip shell extension 'powershell' for command environment: Not usable outside of PowerShell
[25.074s] DEBUG:colcon.colcon_core.shell:Skip shell extension 'dsv' for command environment
[25.126s] DEBUG:colcon.colcon_core.event_handler.log_command:Invoking command in '/home/joel-bansal/bharat_ws/build/slam_gmapping': CMAKE_PREFIX_PATH=/home/joel-bansal/bharat_ws/install/openslam_gmapping:/home/joel-bansal/bharat_ws/install/slam_gmapping:/home/joel-bansal/bharat_ws/install/multirobot_map_merge:/home/joel-bansal/bharat_ws/install/explore_lite:/opt/ros/humble /usr/bin/cmake /home/joel-bansal/bharat_ws/src/slam_gmapping/slam_gmapping -DCMAKE_INSTALL_PREFIX=/home/joel-bansal/bharat_ws/install/slam_gmapping
[32.528s] DEBUG:colcon.colcon_core.event_handler.log_command:Invoked command in '/home/joel-bansal/bharat_ws/build/slam_gmapping' returned '0': CMAKE_PREFIX_PATH=/home/joel-bansal/bharat_ws/install/openslam_gmapping:/home/joel-bansal/bharat_ws/install/slam_gmapping:/home/joel-bansal/bharat_ws/install/multirobot_map_merge:/home/joel-bansal/bharat_ws/install/explore_lite:/opt/ros/humble /usr/bin/cmake /home/joel-bansal/bharat_ws/src/slam_gmapping/slam_gmapping -DCMAKE_INSTALL_PREFIX=/home/joel-bansal/bharat_ws/install/slam_gmapping
[32.529s] DEBUG:colcon.colcon_core.event_handler.log_command:Invoking command in '/home/joel-bansal/bharat_ws/build/slam_gmapping': CMAKE_PREFIX_PATH=/home/joel-bansal/bharat_ws/install/openslam_gmapping:/home/joel-bansal/bharat_ws/install/slam_gmapping:/home/joel-bansal/bharat_ws/install/multirobot_map_merge:/home/joel-bansal/bharat_ws/install/explore_lite:/opt/ros/humble /usr/bin/cmake --build /home/joel-bansal/bharat_ws/build/slam_gmapping -- -j4 -l4
[55.925s] DEBUG:colcon.colcon_core.event_handler.log_command:Invoked command in '/home/joel-bansal/bharat_ws/build/explore_lite' returned '0': CMAKE_PREFIX_PATH=${CMAKE_PREFIX_PATH}:/opt/ros/humble /usr/bin/cmake --build /home/joel-bansal/bharat_ws/build/explore_lite -- -j4 -l4
[56.002s] DEBUG:colcon.colcon_core.event_handler.log_command:Invoking command in '/home/joel-bansal/bharat_ws/build/explore_lite': CMAKE_PREFIX_PATH=${CMAKE_PREFIX_PATH}:/opt/ros/humble /usr/bin/cmake --install /home/joel-bansal/bharat_ws/build/explore_lite
[56.042s] Level 1:colcon.colcon_core.environment:create_environment_scripts_only(explore_lite)
[56.043s] Level 1:colcon.colcon_core.environment:checking '/home/joel-bansal/bharat_ws/install/explore_lite' for CMake module files
[56.044s] DEBUG:colcon.colcon_core.event_handler.log_command:Invoked command in '/home/joel-bansal/bharat_ws/build/explore_lite' returned '0': CMAKE_PREFIX_PATH=${CMAKE_PREFIX_PATH}:/opt/ros/humble /usr/bin/cmake --install /home/joel-bansal/bharat_ws/build/explore_lite
[56.045s] Level 1:colcon.colcon_core.environment:checking '/home/joel-bansal/bharat_ws/install/explore_lite' for CMake config files
[56.046s] Level 1:colcon.colcon_core.shell:create_environment_hook('explore_lite', 'cmake_prefix_path')
[56.046s] INFO:colcon.colcon_core.shell:Creating environment hook '/home/joel-bansal/bharat_ws/install/explore_lite/share/explore_lite/hook/cmake_prefix_path.ps1'
[56.047s] INFO:colcon.colcon_core.shell:Creating environment descriptor '/home/joel-bansal/bharat_ws/install/explore_lite/share/explore_lite/hook/cmake_prefix_path.dsv'
[56.048s] INFO:colcon.colcon_core.shell:Creating environment hook '/home/joel-bansal/bharat_ws/install/explore_lite/share/explore_lite/hook/cmake_prefix_path.sh'
[56.049s] Level 1:colcon.colcon_core.environment:checking '/home/joel-bansal/bharat_ws/install/explore_lite/lib'
[56.049s] Level 1:colcon.colcon_core.environment:checking '/home/joel-bansal/bharat_ws/install/explore_lite/bin'
[56.049s] Level 1:colcon.colcon_core.environment:checking '/home/joel-bansal/bharat_ws/install/explore_lite/lib/pkgconfig/explore_lite.pc'
[56.049s] Level 1:colcon.colcon_core.environment:checking '/home/joel-bansal/bharat_ws/install/explore_lite/lib/python3.10/site-packages'
[56.050s] Level 1:colcon.colcon_core.environment:checking '/home/joel-bansal/bharat_ws/install/explore_lite/bin'
[56.050s] INFO:colcon.colcon_core.shell:Creating package script '/home/joel-bansal/bharat_ws/install/explore_lite/share/explore_lite/package.ps1'
[56.051s] INFO:colcon.colcon_core.shell:Creating package descriptor '/home/joel-bansal/bharat_ws/install/explore_lite/share/explore_lite/package.dsv'
[56.052s] INFO:colcon.colcon_core.shell:Creating package script '/home/joel-bansal/bharat_ws/install/explore_lite/share/explore_lite/package.sh'
[56.053s] INFO:colcon.colcon_core.shell:Creating package script '/home/joel-bansal/bharat_ws/install/explore_lite/share/explore_lite/package.bash'
[56.054s] INFO:colcon.colcon_core.shell:Creating package script '/home/joel-bansal/bharat_ws/install/explore_lite/share/explore_lite/package.zsh'
[56.055s] Level 1:colcon.colcon_core.environment:create_file_with_runtime_dependencies(/home/joel-bansal/bharat_ws/install/explore_lite/share/colcon-core/packages/explore_lite)
[56.131s] Level 1:colcon.colcon_core.environment:create_environment_scripts_only(explore_lite)
[56.131s] Level 1:colcon.colcon_core.environment:checking '/home/joel-bansal/bharat_ws/install/explore_lite' for CMake module files
[56.133s] Level 1:colcon.colcon_core.environment:checking '/home/joel-bansal/bharat_ws/install/explore_lite' for CMake config files
[56.133s] Level 1:colcon.colcon_core.shell:create_environment_hook('explore_lite', 'cmake_prefix_path')
[56.134s] INFO:colcon.colcon_core.shell:Creating environment hook '/home/joel-bansal/bharat_ws/install/explore_lite/share/explore_lite/hook/cmake_prefix_path.ps1'
[56.135s] INFO:colcon.colcon_core.shell:Creating environment descriptor '/home/joel-bansal/bharat_ws/install/explore_lite/share/explore_lite/hook/cmake_prefix_path.dsv'
[56.136s] INFO:colcon.colcon_core.shell:Creating environment hook '/home/joel-bansal/bharat_ws/install/explore_lite/share/explore_lite/hook/cmake_prefix_path.sh'
[56.137s] Level 1:colcon.colcon_core.environment:checking '/home/joel-bansal/bharat_ws/install/explore_lite/lib'
[56.137s] Level 1:colcon.colcon_core.environment:checking '/home/joel-bansal/bharat_ws/install/explore_lite/bin'
[56.138s] Level 1:colcon.colcon_core.environment:checking '/home/joel-bansal/bharat_ws/install/explore_lite/lib/pkgconfig/explore_lite.pc'
[56.138s] Level 1:colcon.colcon_core.environment:checking '/home/joel-bansal/bharat_ws/install/explore_lite/lib/python3.10/site-packages'
[56.139s] Level 1:colcon.colcon_core.environment:checking '/home/joel-bansal/bharat_ws/install/explore_lite/bin'
[56.140s] INFO:colcon.colcon_core.shell:Creating package script '/home/joel-bansal/bharat_ws/install/explore_lite/share/explore_lite/package.ps1'
[56.141s] INFO:colcon.colcon_core.shell:Creating package descriptor '/home/joel-bansal/bharat_ws/install/explore_lite/share/explore_lite/package.dsv'
[56.142s] INFO:colcon.colcon_core.shell:Creating package script '/home/joel-bansal/bharat_ws/install/explore_lite/share/explore_lite/package.sh'
[56.143s] INFO:colcon.colcon_core.shell:Creating package script '/home/joel-bansal/bharat_ws/install/explore_lite/share/explore_lite/package.bash'
[56.144s] INFO:colcon.colcon_core.shell:Creating package script '/home/joel-bansal/bharat_ws/install/explore_lite/share/explore_lite/package.zsh'
[56.145s] Level 1:colcon.colcon_core.environment:create_file_with_runtime_dependencies(/home/joel-bansal/bharat_ws/install/explore_lite/share/colcon-core/packages/explore_lite)
[57.569s] DEBUG:colcon.colcon_core.event_handler.log_command:Invoked command in '/home/joel-bansal/bharat_ws/build/multirobot_map_merge' returned '0': CMAKE_PREFIX_PATH=${CMAKE_PREFIX_PATH}:/opt/ros/humble /usr/bin/cmake /home/joel-bansal/bharat_ws/src/m-explore-ros2/map_merge -DCMAKE_INSTALL_PREFIX=/home/joel-bansal/bharat_ws/install/multirobot_map_merge
[57.572s] DEBUG:colcon.colcon_core.event_handler.log_command:Invoking command in '/home/joel-bansal/bharat_ws/build/multirobot_map_merge': CMAKE_PREFIX_PATH=${CMAKE_PREFIX_PATH}:/opt/ros/humble /usr/bin/cmake --build /home/joel-bansal/bharat_ws/build/multirobot_map_merge -- -j4 -l4
[66.062s] DEBUG:colcon.colcon_core.event_handler.log_command:Invoked command in '/home/joel-bansal/bharat_ws/build/slam_gmapping' returned '0': CMAKE_PREFIX_PATH=/home/joel-bansal/bharat_ws/install/openslam_gmapping:/home/joel-bansal/bharat_ws/install/slam_gmapping:/home/joel-bansal/bharat_ws/install/multirobot_map_merge:/home/joel-bansal/bharat_ws/install/explore_lite:/opt/ros/humble /usr/bin/cmake --build /home/joel-bansal/bharat_ws/build/slam_gmapping -- -j4 -l4
[66.135s] DEBUG:colcon.colcon_core.event_handler.log_command:Invoking command in '/home/joel-bansal/bharat_ws/build/slam_gmapping': CMAKE_PREFIX_PATH=/home/joel-bansal/bharat_ws/install/openslam_gmapping:/home/joel-bansal/bharat_ws/install/slam_gmapping:/home/joel-bansal/bharat_ws/install/multirobot_map_merge:/home/joel-bansal/bharat_ws/install/explore_lite:/opt/ros/humble /usr/bin/cmake --install /home/joel-bansal/bharat_ws/build/slam_gmapping
[66.182s] Level 1:colcon.colcon_core.environment:create_environment_scripts_only(slam_gmapping)
[66.183s] Level 1:colcon.colcon_core.environment:checking '/home/joel-bansal/bharat_ws/install/slam_gmapping' for CMake module files
[66.184s] DEBUG:colcon.colcon_core.event_handler.log_command:Invoked command in '/home/joel-bansal/bharat_ws/build/slam_gmapping' returned '0': CMAKE_PREFIX_PATH=/home/joel-bansal/bharat_ws/install/openslam_gmapping:/home/joel-bansal/bharat_ws/install/slam_gmapping:/home/joel-bansal/bharat_ws/install/multirobot_map_merge:/home/joel-bansal/bharat_ws/install/explore_lite:/opt/ros/humble /usr/bin/cmake --install /home/joel-bansal/bharat_ws/build/slam_gmapping
[66.185s] Level 1:colcon.colcon_core.environment:checking '/home/joel-bansal/bharat_ws/install/slam_gmapping' for CMake config files
[66.186s] Level 1:colcon.colcon_core.shell:create_environment_hook('slam_gmapping', 'cmake_prefix_path')
[66.187s] INFO:colcon.colcon_core.shell:Creating environment hook '/home/joel-bansal/bharat_ws/install/slam_gmapping/share/slam_gmapping/hook/cmake_prefix_path.ps1'
[66.188s] INFO:colcon.colcon_core.shell:Creating environment descriptor '/home/joel-bansal/bharat_ws/install/slam_gmapping/share/slam_gmapping/hook/cmake_prefix_path.dsv'
[66.189s] INFO:colcon.colcon_core.shell:Creating environment hook '/home/joel-bansal/bharat_ws/install/slam_gmapping/share/slam_gmapping/hook/cmake_prefix_path.sh'
[66.190s] Level 1:colcon.colcon_core.environment:checking '/home/joel-bansal/bharat_ws/install/slam_gmapping/lib'
[66.191s] Level 1:colcon.colcon_core.environment:checking '/home/joel-bansal/bharat_ws/install/slam_gmapping/bin'
[66.191s] Level 1:colcon.colcon_core.environment:checking '/home/joel-bansal/bharat_ws/install/slam_gmapping/lib/pkgconfig/slam_gmapping.pc'
[66.191s] Level 1:colcon.colcon_core.environment:checking '/home/joel-bansal/bharat_ws/install/slam_gmapping/lib/python3.10/site-packages'
[66.192s] Level 1:colcon.colcon_core.environment:checking '/home/joel-bansal/bharat_ws/install/slam_gmapping/bin'
[66.193s] INFO:colcon.colcon_core.shell:Creating package script '/home/joel-bansal/bharat_ws/install/slam_gmapping/share/slam_gmapping/package.ps1'
[66.194s] INFO:colcon.colcon_core.shell:Creating package descriptor '/home/joel-bansal/bharat_ws/install/slam_gmapping/share/slam_gmapping/package.dsv'
[66.196s] INFO:colcon.colcon_core.shell:Creating package script '/home/joel-bansal/bharat_ws/install/slam_gmapping/share/slam_gmapping/package.sh'
[66.197s] INFO:colcon.colcon_core.shell:Creating package script '/home/joel-bansal/bharat_ws/install/slam_gmapping/share/slam_gmapping/package.bash'
[66.198s] INFO:colcon.colcon_core.shell:Creating package script '/home/joel-bansal/bharat_ws/install/slam_gmapping/share/slam_gmapping/package.zsh'
[66.199s] Level 1:colcon.colcon_core.environment:create_file_with_runtime_dependencies(/home/joel-bansal/bharat_ws/install/slam_gmapping/share/colcon-core/packages/slam_gmapping)
[66.270s] Level 1:colcon.colcon_core.environment:create_environment_scripts_only(slam_gmapping)
[66.271s] Level 1:colcon.colcon_core.environment:checking '/home/joel-bansal/bharat_ws/install/slam_gmapping' for CMake module files
[66.273s] Level 1:colcon.colcon_core.environment:checking '/home/joel-bansal/bharat_ws/install/slam_gmapping' for CMake config files
[66.273s] Level 1:colcon.colcon_core.shell:create_environment_hook('slam_gmapping', 'cmake_prefix_path')
[66.274s] INFO:colcon.colcon_core.shell:Creating environment hook '/home/joel-bansal/bharat_ws/install/slam_gmapping/share/slam_gmapping/hook/cmake_prefix_path.ps1'
[66.275s] INFO:colcon.colcon_core.shell:Creating environment descriptor '/home/joel-bansal/bharat_ws/install/slam_gmapping/share/slam_gmapping/hook/cmake_prefix_path.dsv'
[66.276s] INFO:colcon.colcon_core.shell:Creating environment hook '/home/joel-bansal/bharat_ws/install/slam_gmapping/share/slam_gmapping/hook/cmake_prefix_path.sh'
[66.278s] Level 1:colcon.colcon_core.environment:checking '/home/joel-bansal/bharat_ws/install/slam_gmapping/lib'
[66.278s] Level 1:colcon.colcon_core.environment:checking '/home/joel-bansal/bharat_ws/install/slam_gmapping/bin'
[66.279s] Level 1:colcon.colcon_core.environment:checking '/home/joel-bansal/bharat_ws/install/slam_gmapping/lib/pkgconfig/slam_gmapping.pc'
[66.279s] Level 1:colcon.colcon_core.environment:checking '/home/joel-bansal/bharat_ws/install/slam_gmapping/lib/python3.10/site-packages'
[66.280s] Level 1:colcon.colcon_core.environment:checking '/home/joel-bansal/bharat_ws/install/slam_gmapping/bin'
[66.281s] INFO:colcon.colcon_core.shell:Creating package script '/home/joel-bansal/bharat_ws/install/slam_gmapping/share/slam_gmapping/package.ps1'
[66.283s] INFO:colcon.colcon_core.shell:Creating package descriptor '/home/joel-bansal/bharat_ws/install/slam_gmapping/share/slam_gmapping/package.dsv'
[66.284s] INFO:colcon.colcon_core.shell:Creating package script '/home/joel-bansal/bharat_ws/install/slam_gmapping/share/slam_gmapping/package.sh'
[66.285s] INFO:colcon.colcon_core.shell:Creating package script '/home/joel-bansal/bharat_ws/install/slam_gmapping/share/slam_gmapping/package.bash'
[66.287s] INFO:colcon.colcon_core.shell:Creating package script '/home/joel-bansal/bharat_ws/install/slam_gmapping/share/slam_gmapping/package.zsh'
[66.288s] Level 1:colcon.colcon_core.environment:create_file_with_runtime_dependencies(/home/joel-bansal/bharat_ws/install/slam_gmapping/share/colcon-core/packages/slam_gmapping)
[97.127s] DEBUG:colcon.colcon_core.event_handler.log_command:Invoked command in '/home/joel-bansal/bharat_ws/build/multirobot_map_merge' returned '0': CMAKE_PREFIX_PATH=${CMAKE_PREFIX_PATH}:/opt/ros/humble /usr/bin/cmake --build /home/joel-bansal/bharat_ws/build/multirobot_map_merge -- -j4 -l4
[97.209s] DEBUG:colcon.colcon_core.event_handler.log_command:Invoking command in '/home/joel-bansal/bharat_ws/build/multirobot_map_merge': CMAKE_PREFIX_PATH=${CMAKE_PREFIX_PATH}:/opt/ros/humble /usr/bin/cmake --install /home/joel-bansal/bharat_ws/build/multirobot_map_merge
[97.261s] Level 1:colcon.colcon_core.environment:create_environment_scripts_only(multirobot_map_merge)
[97.261s] Level 1:colcon.colcon_core.environment:checking '/home/joel-bansal/bharat_ws/install/multirobot_map_merge' for CMake module files
[97.262s] DEBUG:colcon.colcon_core.event_handler.log_command:Invoked command in '/home/joel-bansal/bharat_ws/build/multirobot_map_merge' returned '0': CMAKE_PREFIX_PATH=${CMAKE_PREFIX_PATH}:/opt/ros/humble /usr/bin/cmake --install /home/joel-bansal/bharat_ws/build/multirobot_map_merge
[97.262s] Level 1:colcon.colcon_core.environment:checking '/home/joel-bansal/bharat_ws/install/multirobot_map_merge' for CMake config files
[97.263s] Level 1:colcon.colcon_core.shell:create_environment_hook('multirobot_map_merge', 'cmake_prefix_path')
[97.264s] INFO:colcon.colcon_core.shell:Creating environment hook '/home/joel-bansal/bharat_ws/install/multirobot_map_merge/share/multirobot_map_merge/hook/cmake_prefix_path.ps1'
[97.264s] INFO:colcon.colcon_core.shell:Creating environment descriptor '/home/joel-bansal/bharat_ws/install/multirobot_map_merge/share/multirobot_map_merge/hook/cmake_prefix_path.dsv'
[97.265s] INFO:colcon.colcon_core.shell:Creating environment hook '/home/joel-bansal/bharat_ws/install/multirobot_map_merge/share/multirobot_map_merge/hook/cmake_prefix_path.sh'
[97.266s] Level 1:colcon.colcon_core.environment:checking '/home/joel-bansal/bharat_ws/install/multirobot_map_merge/lib'
[97.266s] Level 1:colcon.colcon_core.environment:checking '/home/joel-bansal/bharat_ws/install/multirobot_map_merge/bin'
[97.266s] Level 1:colcon.colcon_core.environment:checking '/home/joel-bansal/bharat_ws/install/multirobot_map_merge/lib/pkgconfig/multirobot_map_merge.pc'
[97.267s] Level 1:colcon.colcon_core.environment:checking '/home/joel-bansal/bharat_ws/install/multirobot_map_merge/lib/python3.10/site-packages'
[97.267s] Level 1:colcon.colcon_core.environment:checking '/home/joel-bansal/bharat_ws/install/multirobot_map_merge/bin'
[97.268s] INFO:colcon.colcon_core.shell:Creating package script '/home/joel-bansal/bharat_ws/install/multirobot_map_merge/share/multirobot_map_merge/package.ps1'
[97.268s] INFO:colcon.colcon_core.shell:Creating package descriptor '/home/joel-bansal/bharat_ws/install/multirobot_map_merge/share/multirobot_map_merge/package.dsv'
[97.269s] INFO:colcon.colcon_core.shell:Creating package script '/home/joel-bansal/bharat_ws/install/multirobot_map_merge/share/multirobot_map_merge/package.sh'
[97.270s] INFO:colcon.colcon_core.shell:Creating package script '/home/joel-bansal/bharat_ws/install/multirobot_map_merge/share/multirobot_map_merge/package.bash'
[97.270s] INFO:colcon.colcon_core.shell:Creating package script '/home/joel-bansal/bharat_ws/install/multirobot_map_merge/share/multirobot_map_merge/package.zsh'
[97.271s] Level 1:colcon.colcon_core.environment:create_file_with_runtime_dependencies(/home/joel-bansal/bharat_ws/install/multirobot_map_merge/share/colcon-core/packages/multirobot_map_merge)
[97.350s] Level 1:colcon.colcon_core.environment:create_environment_scripts_only(multirobot_map_merge)
[97.351s] Level 1:colcon.colcon_core.environment:checking '/home/joel-bansal/bharat_ws/install/multirobot_map_merge' for CMake module files
[97.351s] Level 1:colcon.colcon_core.environment:checking '/home/joel-bansal/bharat_ws/install/multirobot_map_merge' for CMake config files
[97.352s] Level 1:colcon.colcon_core.shell:create_environment_hook('multirobot_map_merge', 'cmake_prefix_path')
[97.353s] INFO:colcon.colcon_core.shell:Creating environment hook '/home/joel-bansal/bharat_ws/install/multirobot_map_merge/share/multirobot_map_merge/hook/cmake_prefix_path.ps1'
[97.353s] INFO:colcon.colcon_core.shell:Creating environment descriptor '/home/joel-bansal/bharat_ws/install/multirobot_map_merge/share/multirobot_map_merge/hook/cmake_prefix_path.dsv'
[97.354s] INFO:colcon.colcon_core.shell:Creating environment hook '/home/joel-bansal/bharat_ws/install/multirobot_map_merge/share/multirobot_map_merge/hook/cmake_prefix_path.sh'
[97.355s] Level 1:colcon.colcon_core.environment:checking '/home/joel-bansal/bharat_ws/install/multirobot_map_merge/lib'
[97.355s] Level 1:colcon.colcon_core.environment:checking '/home/joel-bansal/bharat_ws/install/multirobot_map_merge/bin'
[97.355s] Level 1:colcon.colcon_core.environment:checking '/home/joel-bansal/bharat_ws/install/multirobot_map_merge/lib/pkgconfig/multirobot_map_merge.pc'
[97.356s] Level 1:colcon.colcon_core.environment:checking '/home/joel-bansal/bharat_ws/install/multirobot_map_merge/lib/python3.10/site-packages'
[97.356s] Level 1:colcon.colcon_core.environment:checking '/home/joel-bansal/bharat_ws/install/multirobot_map_merge/bin'
[97.356s] INFO:colcon.colcon_core.shell:Creating package script '/home/joel-bansal/bharat_ws/install/multirobot_map_merge/share/multirobot_map_merge/package.ps1'
[97.357s] INFO:colcon.colcon_core.shell:Creating package descriptor '/home/joel-bansal/bharat_ws/install/multirobot_map_merge/share/multirobot_map_merge/package.dsv'
[97.358s] INFO:colcon.colcon_core.shell:Creating package script '/home/joel-bansal/bharat_ws/install/multirobot_map_merge/share/multirobot_map_merge/package.sh'
[97.359s] INFO:colcon.colcon_core.shell:Creating package script '/home/joel-bansal/bharat_ws/install/multirobot_map_merge/share/multirobot_map_merge/package.bash'
[97.360s] INFO:colcon.colcon_core.shell:Creating package script '/home/joel-bansal/bharat_ws/install/multirobot_map_merge/share/multirobot_map_merge/package.zsh'
[97.360s] Level 1:colcon.colcon_core.environment:create_file_with_runtime_dependencies(/home/joel-bansal/bharat_ws/install/multirobot_map_merge/share/colcon-core/packages/multirobot_map_merge)
[97.361s] DEBUG:colcon.colcon_parallel_executor.executor.parallel:closing loop
[97.362s] DEBUG:colcon.colcon_parallel_executor.executor.parallel:loop closed
[97.362s] DEBUG:colcon.colcon_parallel_executor.executor.parallel:run_until_complete finished with '0'
[97.362s] DEBUG:colcon.colcon_core.event_reactor:joining thread
[97.387s] INFO:colcon.colcon_core.plugin_system:Skipping extension 'colcon_notification.desktop_notification.terminal_notifier': Not used on non-Darwin systems
[97.387s] INFO:colcon.colcon_core.plugin_system:Skipping extension 'colcon_notification.desktop_notification.win32': Not used on non-Windows systems
[97.387s] INFO:colcon.colcon_notification.desktop_notification:Sending desktop notification using 'notify2'
[97.409s] DEBUG:colcon.colcon_core.event_reactor:joined thread
[97.409s] INFO:colcon.colcon_core.shell:Creating prefix script '/home/joel-bansal/bharat_ws/install/local_setup.ps1'
[97.413s] INFO:colcon.colcon_core.shell:Creating prefix util module '/home/joel-bansal/bharat_ws/install/_local_setup_util_ps1.py'
[97.417s] INFO:colcon.colcon_core.shell:Creating prefix chain script '/home/joel-bansal/bharat_ws/install/setup.ps1'
[97.419s] INFO:colcon.colcon_core.shell:Creating prefix script '/home/joel-bansal/bharat_ws/install/local_setup.sh'
[97.420s] INFO:colcon.colcon_core.shell:Creating prefix util module '/home/joel-bansal/bharat_ws/install/_local_setup_util_sh.py'
[97.421s] INFO:colcon.colcon_core.shell:Creating prefix chain script '/home/joel-bansal/bharat_ws/install/setup.sh'
[97.423s] INFO:colcon.colcon_core.shell:Creating prefix script '/home/joel-bansal/bharat_ws/install/local_setup.bash'
[97.424s] INFO:colcon.colcon_core.shell:Creating prefix chain script '/home/joel-bansal/bharat_ws/install/setup.bash'
[97.426s] INFO:colcon.colcon_core.shell:Creating prefix script '/home/joel-bansal/bharat_ws/install/local_setup.zsh'
[97.427s] INFO:colcon.colcon_core.shell:Creating prefix chain script '/home/joel-bansal/bharat_ws/install/setup.zsh'
