[0.040s] Invoking command in '/home/joel-bansal/bharat_ws/build/explore_lite': CMAKE_PREFIX_PATH=${CMAKE_PREFIX_PATH}:/opt/ros/humble /usr/bin/cmake /home/joel-bansal/bharat_ws/src/m-explore-ros2/explore -DCMAKE_INSTALL_PREFIX=/home/joel-bansal/bharat_ws/install/explore_lite
[0.844s] -- The C compiler identification is GNU 11.4.0
[1.047s] -- The CXX compiler identification is GNU 11.4.0
[1.070s] -- Detecting C compiler ABI info
[1.380s] -- Detecting C compiler ABI info - done
[1.449s] -- Check for working C compiler: /usr/bin/cc - skipped
[1.450s] -- Detecting C compile features
[1.454s] -- Detecting C compile features - done
[1.471s] -- Detecting CXX compiler ABI info
[1.790s] -- Detecting CXX compiler ABI info - done
[1.828s] -- Check for working CXX compiler: /usr/bin/c++ - skipped
[1.833s] -- Detecting CXX compile features
[1.833s] -- Detecting CXX compile features - done
[1.833s] -- BuilD for ROS2: humble
[1.844s] -- Found ament_cmake: 1.3.10 (/opt/ros/humble/share/ament_cmake/cmake)
[2.393s] -- Found Python3: /usr/bin/python3 (found version "3.10.12") found components: Interpreter 
[2.723s] -- Found rclcpp: 16.0.10 (/opt/ros/humble/share/rclcpp/cmake)
[2.853s] -- Found rosidl_generator_c: 3.1.5 (/opt/ros/humble/share/rosidl_generator_c/cmake)
[2.868s] -- Found rosidl_adapter: 3.1.5 (/opt/ros/humble/share/rosidl_adapter/cmake)
[2.895s] -- Found rosidl_generator_cpp: 3.1.5 (/opt/ros/humble/share/rosidl_generator_cpp/cmake)
[2.942s] -- Using all available rosidl_typesupport_c: rosidl_typesupport_fastrtps_c;rosidl_typesupport_introspection_c
[3.001s] -- Using all available rosidl_typesupport_cpp: rosidl_typesupport_fastrtps_cpp;rosidl_typesupport_introspection_cpp
[3.150s] -- Found rmw_implementation_cmake: 6.1.2 (/opt/ros/humble/share/rmw_implementation_cmake/cmake)
[3.159s] -- Found rmw_fastrtps_cpp: 6.2.7 (/opt/ros/humble/share/rmw_fastrtps_cpp/cmake)
[3.578s] -- Found OpenSSL: /usr/lib/x86_64-linux-gnu/libcrypto.so (found version "3.0.2")  
[3.792s] -- Found FastRTPS: /opt/ros/humble/include  
[4.076s] -- Using RMW implementation 'rmw_fastrtps_cpp' as default
[4.132s] -- Looking for pthread.h
[4.583s] -- Looking for pthread.h - found
[4.589s] -- Performing Test CMAKE_HAVE_LIBC_PTHREAD
[5.083s] -- Performing Test CMAKE_HAVE_LIBC_PTHREAD - Success
[5.090s] -- Found Threads: TRUE  
[5.342s] -- Found sensor_msgs: 4.2.4 (/opt/ros/humble/share/sensor_msgs/cmake)
[5.431s] -- Found tf2_ros: 0.25.8 (/opt/ros/humble/share/tf2_ros/cmake)
[5.935s] -- Found tf2_geometry_msgs: 0.25.8 (/opt/ros/humble/share/tf2_geometry_msgs/cmake)
[6.018s] -- Found eigen3_cmake_module: 0.1.1 (/opt/ros/humble/share/eigen3_cmake_module/cmake)
[6.025s] -- Found Eigen3: TRUE (found version "3.4.0") 
[6.029s] -- Ensuring Eigen3 include directory is part of orocos-kdl CMake target
[6.046s] -- Found nav2_msgs: 1.1.16 (/opt/ros/humble/share/nav2_msgs/cmake)
[6.455s] -- Found map_msgs: 2.1.0 (/opt/ros/humble/share/map_msgs/cmake)
[6.608s] -- Found visualization_msgs: 4.2.4 (/opt/ros/humble/share/visualization_msgs/cmake)
[6.699s] -- Found nav2_costmap_2d: 1.1.16 (/opt/ros/humble/share/nav2_costmap_2d/cmake)
[7.194s] -- Found ament_lint_auto: 0.12.11 (/opt/ros/humble/share/ament_lint_auto/cmake)
[7.469s] -- Found ament_cmake_gtest: 1.3.10 (/opt/ros/humble/share/ament_cmake_gtest/cmake)
[7.473s] -- Found gtest sources under '/opt/ros/humble/src/gtest_vendor': C++ tests using 'Google Test' will be built
[7.531s] -- Added test 'cppcheck' to perform static code analysis on C / C++ code
[7.535s] -- Configured cppcheck include dirs: /home/joel-bansal/bharat_ws/src/m-explore-ros2/explore/include;$<BUILD_INTERFACE:/home/joel-bansal/bharat_ws/src/m-explore-ros2/explore/include>
[7.535s] -- Configured cppcheck exclude dirs and/or files: 
[7.536s] -- Added test 'flake8' to check Python code syntax and style conventions
[7.537s] -- Added test 'lint_cmake' to check CMake code style
[7.540s] -- Added test 'pep257' to check Python code against some of the docstring style conventions in PEP 257
[7.549s] -- Added test 'uncrustify' to check C / C++ code style
[7.549s] -- Configured uncrustify additional arguments: 
[7.549s] -- Added test 'xmllint' to check XML markup files
[7.557s] -- Configuring done
[8.033s] -- Generating done
[8.042s] -- Build files have been written to: /home/joel-bansal/bharat_ws/build/explore_lite
[8.097s] Invoked command in '/home/joel-bansal/bharat_ws/build/explore_lite' returned '0': CMAKE_PREFIX_PATH=${CMAKE_PREFIX_PATH}:/opt/ros/humble /usr/bin/cmake /home/joel-bansal/bharat_ws/src/m-explore-ros2/explore -DCMAKE_INSTALL_PREFIX=/home/joel-bansal/bharat_ws/install/explore_lite
[8.099s] Invoking command in '/home/joel-bansal/bharat_ws/build/explore_lite': CMAKE_PREFIX_PATH=${CMAKE_PREFIX_PATH}:/opt/ros/humble /usr/bin/cmake --build /home/joel-bansal/bharat_ws/build/explore_lite -- -j4 -l4
[8.374s] [ 10%] [32mBuilding CXX object gtest/CMakeFiles/gtest_main.dir/src/gtest_main.cc.o[0m
[8.406s] [ 20%] [32mBuilding CXX object CMakeFiles/explore.dir/src/explore.cpp.o[0m
[8.410s] [ 30%] [32mBuilding CXX object gtest/CMakeFiles/gtest.dir/src/gtest-all.cc.o[0m
[8.421s] [ 40%] [32mBuilding CXX object CMakeFiles/explore.dir/src/costmap_client.cpp.o[0m
[13.077s] [ 50%] [32m[1mLinking CXX static library libgtest_main.a[0m
[13.637s] [ 50%] Built target gtest_main
[13.690s] [ 60%] [32mBuilding CXX object CMakeFiles/explore.dir/src/frontier_search.cpp.o[0m
[25.233s] [ 70%] [32m[1mLinking CXX static library libgtest.a[0m
[25.598s] [ 70%] Built target gtest
[25.664s] [ 80%] [32mBuilding CXX object CMakeFiles/test_explore.dir/test/test_explore.cpp.o[0m
[32.059s] [ 90%] [32m[1mLinking CXX executable test_explore[0m
[35.983s] [ 90%] Built target test_explore
[50.742s] [100%] [32m[1mLinking CXX executable explore[0m
[54.794s] [100%] Built target explore
[54.815s] Invoked command in '/home/joel-bansal/bharat_ws/build/explore_lite' returned '0': CMAKE_PREFIX_PATH=${CMAKE_PREFIX_PATH}:/opt/ros/humble /usr/bin/cmake --build /home/joel-bansal/bharat_ws/build/explore_lite -- -j4 -l4
[54.892s] Invoking command in '/home/joel-bansal/bharat_ws/build/explore_lite': CMAKE_PREFIX_PATH=${CMAKE_PREFIX_PATH}:/opt/ros/humble /usr/bin/cmake --install /home/joel-bansal/bharat_ws/build/explore_lite
[54.906s] -- Install configuration: ""
[54.907s] -- Installing: /home/joel-bansal/bharat_ws/install/explore_lite/include/explore/
[54.907s] -- Installing: /home/joel-bansal/bharat_ws/install/explore_lite/include/explore//costmap_tools.h
[54.907s] -- Installing: /home/joel-bansal/bharat_ws/install/explore_lite/include/explore//explore.h
[54.908s] -- Installing: /home/joel-bansal/bharat_ws/install/explore_lite/include/explore//frontier_search.h
[54.908s] -- Installing: /home/joel-bansal/bharat_ws/install/explore_lite/include/explore//costmap_client.h
[54.908s] -- Installing: /home/joel-bansal/bharat_ws/install/explore_lite/share/explore_lite/config
[54.909s] -- Installing: /home/joel-bansal/bharat_ws/install/explore_lite/share/explore_lite/config/params_costmap.yaml
[54.909s] -- Installing: /home/joel-bansal/bharat_ws/install/explore_lite/share/explore_lite/config/params.yaml
[54.909s] -- Installing: /home/joel-bansal/bharat_ws/install/explore_lite/share/explore_lite/launch
[54.910s] -- Installing: /home/joel-bansal/bharat_ws/install/explore_lite/share/explore_lite/launch/explore.launch.py
[54.910s] -- Installing: /home/joel-bansal/bharat_ws/install/explore_lite/lib/explore_lite/explore
[54.924s] -- Set runtime path of "/home/joel-bansal/bharat_ws/install/explore_lite/lib/explore_lite/explore" to ""
[54.924s] -- Installing: /home/joel-bansal/bharat_ws/install/explore_lite/share/ament_index/resource_index/package_run_dependencies/explore_lite
[54.925s] -- Installing: /home/joel-bansal/bharat_ws/install/explore_lite/share/ament_index/resource_index/parent_prefix_path/explore_lite
[54.925s] -- Installing: /home/joel-bansal/bharat_ws/install/explore_lite/share/explore_lite/environment/ament_prefix_path.sh
[54.925s] -- Installing: /home/joel-bansal/bharat_ws/install/explore_lite/share/explore_lite/environment/ament_prefix_path.dsv
[54.926s] -- Installing: /home/joel-bansal/bharat_ws/install/explore_lite/share/explore_lite/environment/path.sh
[54.926s] -- Installing: /home/joel-bansal/bharat_ws/install/explore_lite/share/explore_lite/environment/path.dsv
[54.927s] -- Installing: /home/joel-bansal/bharat_ws/install/explore_lite/share/explore_lite/local_setup.bash
[54.927s] -- Installing: /home/joel-bansal/bharat_ws/install/explore_lite/share/explore_lite/local_setup.sh
[54.927s] -- Installing: /home/joel-bansal/bharat_ws/install/explore_lite/share/explore_lite/local_setup.zsh
[54.928s] -- Installing: /home/joel-bansal/bharat_ws/install/explore_lite/share/explore_lite/local_setup.dsv
[54.928s] -- Installing: /home/joel-bansal/bharat_ws/install/explore_lite/share/explore_lite/package.dsv
[54.928s] -- Installing: /home/joel-bansal/bharat_ws/install/explore_lite/share/ament_index/resource_index/packages/explore_lite
[54.929s] -- Installing: /home/joel-bansal/bharat_ws/install/explore_lite/share/explore_lite/cmake/ament_cmake_export_include_directories-extras.cmake
[54.929s] -- Installing: /home/joel-bansal/bharat_ws/install/explore_lite/share/explore_lite/cmake/explore_liteConfig.cmake
[54.930s] -- Installing: /home/joel-bansal/bharat_ws/install/explore_lite/share/explore_lite/cmake/explore_liteConfig-version.cmake
[54.930s] -- Installing: /home/joel-bansal/bharat_ws/install/explore_lite/share/explore_lite/package.xml
[54.934s] Invoked command in '/home/joel-bansal/bharat_ws/build/explore_lite' returned '0': CMAKE_PREFIX_PATH=${CMAKE_PREFIX_PATH}:/opt/ros/humble /usr/bin/cmake --install /home/joel-bansal/bharat_ws/build/explore_lite
