[0.035s] Invoking command in '/home/joel-bansal/bharat_ws/build/openslam_gmapping': CMAKE_PREFIX_PATH=/opt/ros/humble /usr/bin/cmake --build /home/joel-bansal/bharat_ws/build/openslam_gmapping -- -j4 -l4
[0.138s] [35m[1mConsolidate compiler generated dependencies of target sensor_base[0m
[0.157s] [35m[1mConsolidate compiler generated dependencies of target utils[0m
[0.201s] [ 13%] Built target utils
[0.210s] [ 27%] Built target sensor_base
[0.276s] [35m[1mConsolidate compiler generated dependencies of target sensor_odometry[0m
[0.281s] [35m[1mConsolidate compiler generated dependencies of target sensor_range[0m
[0.321s] [ 40%] Built target sensor_odometry
[0.371s] [ 54%] Built target sensor_range
[0.444s] [35m[1mConsolidate compiler generated dependencies of target scanmatcher[0m
[0.521s] [ 77%] Built target scanmatcher
[0.557s] [35m[1mConsolidate compiler generated dependencies of target gridfastslam[0m
[0.628s] [100%] Built target gridfastslam
[0.665s] Invoked command in '/home/joel-bansal/bharat_ws/build/openslam_gmapping' returned '0': CMAKE_PREFIX_PATH=/opt/ros/humble /usr/bin/cmake --build /home/joel-bansal/bharat_ws/build/openslam_gmapping -- -j4 -l4
[0.754s] Invoking command in '/home/joel-bansal/bharat_ws/build/openslam_gmapping': CMAKE_PREFIX_PATH=/opt/ros/humble /usr/bin/cmake --install /home/joel-bansal/bharat_ws/build/openslam_gmapping
[0.810s] -- Install configuration: ""
[0.812s] -- Up-to-date: /home/joel-bansal/bharat_ws/install/openslam_gmapping/share/openslam_gmapping/environment/library_path.sh
[0.813s] -- Up-to-date: /home/joel-bansal/bharat_ws/install/openslam_gmapping/share/openslam_gmapping/environment/library_path.dsv
[0.814s] -- Up-to-date: /home/joel-bansal/bharat_ws/install/openslam_gmapping/include/
[0.814s] -- Up-to-date: /home/joel-bansal/bharat_ws/install/openslam_gmapping/include//gmapping
[0.814s] -- Up-to-date: /home/joel-bansal/bharat_ws/install/openslam_gmapping/include//gmapping/grid
[0.814s] -- Up-to-date: /home/joel-bansal/bharat_ws/install/openslam_gmapping/include//gmapping/grid/array2d.h
[0.815s] -- Up-to-date: /home/joel-bansal/bharat_ws/install/openslam_gmapping/include//gmapping/grid/harray2d.h
[0.815s] -- Up-to-date: /home/joel-bansal/bharat_ws/install/openslam_gmapping/include//gmapping/grid/accessstate.h
[0.815s] -- Up-to-date: /home/joel-bansal/bharat_ws/install/openslam_gmapping/include//gmapping/grid/map.h
[0.816s] -- Up-to-date: /home/joel-bansal/bharat_ws/install/openslam_gmapping/include//gmapping/gridfastslam
[0.817s] -- Up-to-date: /home/joel-bansal/bharat_ws/install/openslam_gmapping/include//gmapping/gridfastslam/gridslamprocessor.h
[0.817s] -- Up-to-date: /home/joel-bansal/bharat_ws/install/openslam_gmapping/include//gmapping/gridfastslam/motionmodel.h
[0.817s] -- Up-to-date: /home/joel-bansal/bharat_ws/install/openslam_gmapping/include//gmapping/gridfastslam/gridslamprocessor.hxx
[0.818s] -- Up-to-date: /home/joel-bansal/bharat_ws/install/openslam_gmapping/include//gmapping/log
[0.818s] -- Up-to-date: /home/joel-bansal/bharat_ws/install/openslam_gmapping/include//gmapping/log/sensorlog.h
[0.818s] -- Up-to-date: /home/joel-bansal/bharat_ws/install/openslam_gmapping/include//gmapping/log/configuration.h
[0.818s] -- Up-to-date: /home/joel-bansal/bharat_ws/install/openslam_gmapping/include//gmapping/particlefilter
[0.819s] -- Up-to-date: /home/joel-bansal/bharat_ws/install/openslam_gmapping/include//gmapping/particlefilter/particlefilter.h
[0.819s] -- Up-to-date: /home/joel-bansal/bharat_ws/install/openslam_gmapping/include//gmapping/scanmatcher
[0.820s] -- Up-to-date: /home/joel-bansal/bharat_ws/install/openslam_gmapping/include//gmapping/scanmatcher/scanmatcher.h
[0.821s] -- Up-to-date: /home/joel-bansal/bharat_ws/install/openslam_gmapping/include//gmapping/scanmatcher/smmap.h
[0.821s] -- Up-to-date: /home/joel-bansal/bharat_ws/install/openslam_gmapping/include//gmapping/scanmatcher/icp.h
[0.822s] -- Up-to-date: /home/joel-bansal/bharat_ws/install/openslam_gmapping/include//gmapping/sensor
[0.822s] -- Up-to-date: /home/joel-bansal/bharat_ws/install/openslam_gmapping/include//gmapping/sensor/sensor_base
[0.823s] -- Up-to-date: /home/joel-bansal/bharat_ws/install/openslam_gmapping/include//gmapping/sensor/sensor_base/sensorreading.h
[0.823s] -- Up-to-date: /home/joel-bansal/bharat_ws/install/openslam_gmapping/include//gmapping/sensor/sensor_base/sensor.h
[0.823s] -- Up-to-date: /home/joel-bansal/bharat_ws/install/openslam_gmapping/include//gmapping/sensor/sensor_odometry
[0.824s] -- Up-to-date: /home/joel-bansal/bharat_ws/install/openslam_gmapping/include//gmapping/sensor/sensor_odometry/odometrysensor.h
[0.824s] -- Up-to-date: /home/joel-bansal/bharat_ws/install/openslam_gmapping/include//gmapping/sensor/sensor_odometry/odometryreading.h
[0.824s] -- Up-to-date: /home/joel-bansal/bharat_ws/install/openslam_gmapping/include//gmapping/sensor/sensor_range
[0.825s] -- Up-to-date: /home/joel-bansal/bharat_ws/install/openslam_gmapping/include//gmapping/sensor/sensor_range/rangereading.h
[0.825s] -- Up-to-date: /home/joel-bansal/bharat_ws/install/openslam_gmapping/include//gmapping/sensor/sensor_range/rangesensor.h
[0.826s] -- Up-to-date: /home/joel-bansal/bharat_ws/install/openslam_gmapping/include//gmapping/utils
[0.826s] -- Up-to-date: /home/joel-bansal/bharat_ws/install/openslam_gmapping/include//gmapping/utils/autoptr.h
[0.826s] -- Up-to-date: /home/joel-bansal/bharat_ws/install/openslam_gmapping/include//gmapping/utils/point.h
[0.826s] -- Up-to-date: /home/joel-bansal/bharat_ws/install/openslam_gmapping/include//gmapping/utils/commandline.h
[0.827s] -- Up-to-date: /home/joel-bansal/bharat_ws/install/openslam_gmapping/include//gmapping/utils/macro_params.h
[0.827s] -- Up-to-date: /home/joel-bansal/bharat_ws/install/openslam_gmapping/include//gmapping/utils/gvalues.h
[0.829s] -- Up-to-date: /home/joel-bansal/bharat_ws/install/openslam_gmapping/include//gmapping/utils/stat.h
[0.830s] -- Up-to-date: /home/joel-bansal/bharat_ws/install/openslam_gmapping/share/ament_index/resource_index/package_run_dependencies/openslam_gmapping
[0.830s] -- Up-to-date: /home/joel-bansal/bharat_ws/install/openslam_gmapping/share/ament_index/resource_index/parent_prefix_path/openslam_gmapping
[0.832s] -- Up-to-date: /home/joel-bansal/bharat_ws/install/openslam_gmapping/share/openslam_gmapping/environment/ament_prefix_path.sh
[0.832s] -- Up-to-date: /home/joel-bansal/bharat_ws/install/openslam_gmapping/share/openslam_gmapping/environment/ament_prefix_path.dsv
[0.832s] -- Up-to-date: /home/joel-bansal/bharat_ws/install/openslam_gmapping/share/openslam_gmapping/environment/path.sh
[0.833s] -- Up-to-date: /home/joel-bansal/bharat_ws/install/openslam_gmapping/share/openslam_gmapping/environment/path.dsv
[0.833s] -- Up-to-date: /home/joel-bansal/bharat_ws/install/openslam_gmapping/share/openslam_gmapping/local_setup.bash
[0.833s] -- Up-to-date: /home/joel-bansal/bharat_ws/install/openslam_gmapping/share/openslam_gmapping/local_setup.sh
[0.833s] -- Up-to-date: /home/joel-bansal/bharat_ws/install/openslam_gmapping/share/openslam_gmapping/local_setup.zsh
[0.834s] -- Up-to-date: /home/joel-bansal/bharat_ws/install/openslam_gmapping/share/openslam_gmapping/local_setup.dsv
[0.834s] -- Installing: /home/joel-bansal/bharat_ws/install/openslam_gmapping/share/openslam_gmapping/package.dsv
[0.834s] -- Up-to-date: /home/joel-bansal/bharat_ws/install/openslam_gmapping/share/ament_index/resource_index/packages/openslam_gmapping
[0.837s] -- Up-to-date: /home/joel-bansal/bharat_ws/install/openslam_gmapping/share/openslam_gmapping/cmake/ament_cmake_export_libraries-extras.cmake
[0.838s] -- Up-to-date: /home/joel-bansal/bharat_ws/install/openslam_gmapping/share/openslam_gmapping/cmake/ament_cmake_export_include_directories-extras.cmake
[0.838s] -- Up-to-date: /home/joel-bansal/bharat_ws/install/openslam_gmapping/share/openslam_gmapping/cmake/openslam_gmappingConfig.cmake
[0.839s] -- Up-to-date: /home/joel-bansal/bharat_ws/install/openslam_gmapping/share/openslam_gmapping/cmake/openslam_gmappingConfig-version.cmake
[0.839s] -- Up-to-date: /home/joel-bansal/bharat_ws/install/openslam_gmapping/share/openslam_gmapping/package.xml
[0.840s] -- Up-to-date: /home/joel-bansal/bharat_ws/install/openslam_gmapping/lib/libgridfastslam.a
[0.840s] -- Up-to-date: /home/joel-bansal/bharat_ws/install/openslam_gmapping/lib/libscanmatcher.a
[0.842s] -- Up-to-date: /home/joel-bansal/bharat_ws/install/openslam_gmapping/share/openslam_gmapping/environment/library_path.sh
[0.842s] -- Up-to-date: /home/joel-bansal/bharat_ws/install/openslam_gmapping/share/openslam_gmapping/environment/library_path.dsv
[0.843s] -- Up-to-date: /home/joel-bansal/bharat_ws/install/openslam_gmapping/lib/libsensor_base.a
[0.843s] -- Up-to-date: /home/joel-bansal/bharat_ws/install/openslam_gmapping/share/openslam_gmapping/environment/library_path.sh
[0.843s] -- Up-to-date: /home/joel-bansal/bharat_ws/install/openslam_gmapping/share/openslam_gmapping/environment/library_path.dsv
[0.843s] -- Up-to-date: /home/joel-bansal/bharat_ws/install/openslam_gmapping/lib/libsensor_odometry.a
[0.843s] -- Up-to-date: /home/joel-bansal/bharat_ws/install/openslam_gmapping/lib/libsensor_range.a
[0.844s] -- Up-to-date: /home/joel-bansal/bharat_ws/install/openslam_gmapping/lib/libutils.a
[0.844s] -- Up-to-date: /home/joel-bansal/bharat_ws/install/openslam_gmapping/share/openslam_gmapping/environment/library_path.sh
[0.844s] -- Up-to-date: /home/joel-bansal/bharat_ws/install/openslam_gmapping/share/openslam_gmapping/environment/library_path.dsv
[0.850s] Invoked command in '/home/joel-bansal/bharat_ws/build/openslam_gmapping' returned '0': CMAKE_PREFIX_PATH=/opt/ros/humble /usr/bin/cmake --install /home/joel-bansal/bharat_ws/build/openslam_gmapping
