[0.032s] Invoking command in '/home/joel-bansal/multi_bot_map_merging/bharat_ws4/build/multirobot_map_merge': CMAKE_PREFIX_PATH=/opt/ros/humble /usr/bin/cmake --build /home/joel-bansal/multi_bot_map_merging/bharat_ws4/build/multirobot_map_merge -- -j4 -l4
[0.179s] [35m[1mConsolidate compiler generated dependencies of target combine_grids[0m
[0.180s] [35m[1mConsolidate compiler generated dependencies of target gtest[0m
[0.181s] [35m[1mConsolidate compiler generated dependencies of target gtest_main[0m
[0.250s] [ 16%] Built target gtest_main
[0.254s] [ 33%] Built target gtest
[0.268s] [ 66%] Built target combine_grids
[0.305s] [35m[1mConsolidate compiler generated dependencies of target test_merging_pipeline[0m
[0.317s] [35m[1mConsolidate compiler generated dependencies of target map_merge[0m
[0.365s] [ 83%] Built target test_merging_pipeline
[0.399s] [100%] Built target map_merge
[0.427s] Invoked command in '/home/joel-bansal/multi_bot_map_merging/bharat_ws4/build/multirobot_map_merge' returned '0': CMAKE_PREFIX_PATH=/opt/ros/humble /usr/bin/cmake --build /home/joel-bansal/multi_bot_map_merging/bharat_ws4/build/multirobot_map_merge -- -j4 -l4
[0.524s] Invoking command in '/home/joel-bansal/multi_bot_map_merging/bharat_ws4/build/multirobot_map_merge': CMAKE_PREFIX_PATH=/opt/ros/humble /usr/bin/cmake --install /home/joel-bansal/multi_bot_map_merging/bharat_ws4/build/multirobot_map_merge
[0.543s] -- Install configuration: ""
[0.544s] -- Up-to-date: /home/joel-bansal/multi_bot_map_merging/bharat_ws4/install/multirobot_map_merge/include/map_merge/
[0.544s] -- Up-to-date: /home/joel-bansal/multi_bot_map_merging/bharat_ws4/install/multirobot_map_merge/include/map_merge//map_merge.h
[0.544s] -- Up-to-date: /home/joel-bansal/multi_bot_map_merging/bharat_ws4/install/multirobot_map_merge/include/map_merge//ros1_names.hpp
[0.544s] -- Up-to-date: /home/joel-bansal/multi_bot_map_merging/bharat_ws4/install/multirobot_map_merge/share/multirobot_map_merge/launch
[0.544s] -- Up-to-date: /home/joel-bansal/multi_bot_map_merging/bharat_ws4/install/multirobot_map_merge/share/multirobot_map_merge/launch/map_merge.launch.py
[0.544s] -- Up-to-date: /home/joel-bansal/multi_bot_map_merging/bharat_ws4/install/multirobot_map_merge/share/multirobot_map_merge/launch/from_map_server.launch.py
[0.545s] -- Up-to-date: /home/joel-bansal/multi_bot_map_merging/bharat_ws4/install/multirobot_map_merge/share/multirobot_map_merge/launch/tb3_simulation
[0.545s] -- Up-to-date: /home/joel-bansal/multi_bot_map_merging/bharat_ws4/install/multirobot_map_merge/share/multirobot_map_merge/launch/tb3_simulation/worlds
[0.545s] -- Up-to-date: /home/joel-bansal/multi_bot_map_merging/bharat_ws4/install/multirobot_map_merge/share/multirobot_map_merge/launch/tb3_simulation/worlds/world_only.model
[0.545s] -- Up-to-date: /home/joel-bansal/multi_bot_map_merging/bharat_ws4/install/multirobot_map_merge/share/multirobot_map_merge/launch/tb3_simulation/worlds/test_world.world
[0.545s] -- Up-to-date: /home/joel-bansal/multi_bot_map_merging/bharat_ws4/install/multirobot_map_merge/share/multirobot_map_merge/launch/tb3_simulation/worlds/room4
[0.545s] -- Up-to-date: /home/joel-bansal/multi_bot_map_merging/bharat_ws4/install/multirobot_map_merge/share/multirobot_map_merge/launch/tb3_simulation/worlds/room4/world_dynamic.model
[0.546s] -- Up-to-date: /home/joel-bansal/multi_bot_map_merging/bharat_ws4/install/multirobot_map_merge/share/multirobot_map_merge/launch/tb3_simulation/worlds/room4/map
[0.546s] -- Up-to-date: /home/joel-bansal/multi_bot_map_merging/bharat_ws4/install/multirobot_map_merge/share/multirobot_map_merge/launch/tb3_simulation/worlds/room4/map/room4.yaml
[0.547s] -- Up-to-date: /home/joel-bansal/multi_bot_map_merging/bharat_ws4/install/multirobot_map_merge/share/multirobot_map_merge/launch/tb3_simulation/worlds/room4/map/room4.png
[0.547s] -- Up-to-date: /home/joel-bansal/multi_bot_map_merging/bharat_ws4/install/multirobot_map_merge/share/multirobot_map_merge/launch/tb3_simulation/worlds/room4/world.model
[0.547s] -- Up-to-date: /home/joel-bansal/multi_bot_map_merging/bharat_ws4/install/multirobot_map_merge/share/multirobot_map_merge/launch/tb3_simulation/worlds/room4/room4.png
[0.547s] -- Up-to-date: /home/joel-bansal/multi_bot_map_merging/bharat_ws4/install/multirobot_map_merge/share/multirobot_map_merge/launch/tb3_simulation/worlds/test1_world_only.model
[0.548s] -- Up-to-date: /home/joel-bansal/multi_bot_map_merging/bharat_ws4/install/multirobot_map_merge/share/multirobot_map_merge/launch/tb3_simulation/config
[0.549s] -- Up-to-date: /home/joel-bansal/multi_bot_map_merging/bharat_ws4/install/multirobot_map_merge/share/multirobot_map_merge/launch/tb3_simulation/config/nav2_multirobot_params_3.yaml
[0.550s] -- Up-to-date: /home/joel-bansal/multi_bot_map_merging/bharat_ws4/install/multirobot_map_merge/share/multirobot_map_merge/launch/tb3_simulation/config/nav2_multirobot_params_1.yaml
[0.550s] -- Up-to-date: /home/joel-bansal/multi_bot_map_merging/bharat_ws4/install/multirobot_map_merge/share/multirobot_map_merge/launch/tb3_simulation/config/nav2_multirobot_params_4.yaml
[0.551s] -- Up-to-date: /home/joel-bansal/multi_bot_map_merging/bharat_ws4/install/multirobot_map_merge/share/multirobot_map_merge/launch/tb3_simulation/config/nav2_multirobot_params_2.yaml
[0.551s] -- Up-to-date: /home/joel-bansal/multi_bot_map_merging/bharat_ws4/install/multirobot_map_merge/share/multirobot_map_merge/launch/tb3_simulation/multi_tb3_simulation_launch.py
[0.553s] -- Up-to-date: /home/joel-bansal/multi_bot_map_merging/bharat_ws4/install/multirobot_map_merge/share/multirobot_map_merge/launch/tb3_simulation/slam_toolbox.py
[0.553s] -- Up-to-date: /home/joel-bansal/multi_bot_map_merging/bharat_ws4/install/multirobot_map_merge/share/multirobot_map_merge/launch/tb3_simulation/bringup_launch.py
[0.554s] -- Up-to-date: /home/joel-bansal/multi_bot_map_merging/bharat_ws4/install/multirobot_map_merge/share/multirobot_map_merge/launch/tb3_simulation/models
[0.554s] -- Up-to-date: /home/joel-bansal/multi_bot_map_merging/bharat_ws4/install/multirobot_map_merge/share/multirobot_map_merge/launch/tb3_simulation/models/exp_empty_rooms
[0.555s] -- Up-to-date: /home/joel-bansal/multi_bot_map_merging/bharat_ws4/install/multirobot_map_merge/share/multirobot_map_merge/launch/tb3_simulation/models/exp_empty_rooms/model.config
[0.555s] -- Up-to-date: /home/joel-bansal/multi_bot_map_merging/bharat_ws4/install/multirobot_map_merge/share/multirobot_map_merge/launch/tb3_simulation/models/exp_empty_rooms/model.sdf
[0.555s] -- Up-to-date: /home/joel-bansal/multi_bot_map_merging/bharat_ws4/install/multirobot_map_merge/share/multirobot_map_merge/launch/tb3_simulation/models/dynamic_obstacle
[0.555s] -- Up-to-date: /home/joel-bansal/multi_bot_map_merging/bharat_ws4/install/multirobot_map_merge/share/multirobot_map_merge/launch/tb3_simulation/models/dynamic_obstacle/model.config
[0.556s] -- Up-to-date: /home/joel-bansal/multi_bot_map_merging/bharat_ws4/install/multirobot_map_merge/share/multirobot_map_merge/launch/tb3_simulation/models/dynamic_obstacle/model.sdf
[0.557s] -- Up-to-date: /home/joel-bansal/multi_bot_map_merging/bharat_ws4/install/multirobot_map_merge/share/multirobot_map_merge/launch/tb3_simulation/tb3_simulation_launch.py
[0.558s] -- Up-to-date: /home/joel-bansal/multi_bot_map_merging/bharat_ws4/install/multirobot_map_merge/share/multirobot_map_merge/launch/map_merge.rviz
[0.561s] -- Up-to-date: /home/joel-bansal/multi_bot_map_merging/bharat_ws4/install/multirobot_map_merge/share/multirobot_map_merge/config
[0.561s] -- Up-to-date: /home/joel-bansal/multi_bot_map_merging/bharat_ws4/install/multirobot_map_merge/share/multirobot_map_merge/config/params.yaml
[0.562s] -- Up-to-date: /home/joel-bansal/multi_bot_map_merging/bharat_ws4/install/multirobot_map_merge/lib/libcombine_grids.a
[0.562s] -- Up-to-date: /home/joel-bansal/multi_bot_map_merging/bharat_ws4/install/multirobot_map_merge/lib/multirobot_map_merge/map_merge
[0.564s] -- Up-to-date: /home/joel-bansal/multi_bot_map_merging/bharat_ws4/install/multirobot_map_merge/share/multirobot_map_merge/environment/library_path.sh
[0.565s] -- Up-to-date: /home/joel-bansal/multi_bot_map_merging/bharat_ws4/install/multirobot_map_merge/share/multirobot_map_merge/environment/library_path.dsv
[0.565s] -- Up-to-date: /home/joel-bansal/multi_bot_map_merging/bharat_ws4/install/multirobot_map_merge/share/ament_index/resource_index/package_run_dependencies/multirobot_map_merge
[0.565s] -- Up-to-date: /home/joel-bansal/multi_bot_map_merging/bharat_ws4/install/multirobot_map_merge/share/ament_index/resource_index/parent_prefix_path/multirobot_map_merge
[0.565s] -- Up-to-date: /home/joel-bansal/multi_bot_map_merging/bharat_ws4/install/multirobot_map_merge/share/multirobot_map_merge/environment/ament_prefix_path.sh
[0.565s] -- Up-to-date: /home/joel-bansal/multi_bot_map_merging/bharat_ws4/install/multirobot_map_merge/share/multirobot_map_merge/environment/ament_prefix_path.dsv
[0.566s] -- Up-to-date: /home/joel-bansal/multi_bot_map_merging/bharat_ws4/install/multirobot_map_merge/share/multirobot_map_merge/environment/path.sh
[0.566s] -- Up-to-date: /home/joel-bansal/multi_bot_map_merging/bharat_ws4/install/multirobot_map_merge/share/multirobot_map_merge/environment/path.dsv
[0.566s] -- Up-to-date: /home/joel-bansal/multi_bot_map_merging/bharat_ws4/install/multirobot_map_merge/share/multirobot_map_merge/local_setup.bash
[0.567s] -- Up-to-date: /home/joel-bansal/multi_bot_map_merging/bharat_ws4/install/multirobot_map_merge/share/multirobot_map_merge/local_setup.sh
[0.567s] -- Up-to-date: /home/joel-bansal/multi_bot_map_merging/bharat_ws4/install/multirobot_map_merge/share/multirobot_map_merge/local_setup.zsh
[0.567s] -- Up-to-date: /home/joel-bansal/multi_bot_map_merging/bharat_ws4/install/multirobot_map_merge/share/multirobot_map_merge/local_setup.dsv
[0.567s] -- Installing: /home/joel-bansal/multi_bot_map_merging/bharat_ws4/install/multirobot_map_merge/share/multirobot_map_merge/package.dsv
[0.568s] -- Up-to-date: /home/joel-bansal/multi_bot_map_merging/bharat_ws4/install/multirobot_map_merge/share/ament_index/resource_index/packages/multirobot_map_merge
[0.574s] -- Up-to-date: /home/joel-bansal/multi_bot_map_merging/bharat_ws4/install/multirobot_map_merge/share/multirobot_map_merge/cmake/ament_cmake_export_include_directories-extras.cmake
[0.575s] -- Up-to-date: /home/joel-bansal/multi_bot_map_merging/bharat_ws4/install/multirobot_map_merge/share/multirobot_map_merge/cmake/ament_cmake_export_libraries-extras.cmake
[0.575s] -- Up-to-date: /home/joel-bansal/multi_bot_map_merging/bharat_ws4/install/multirobot_map_merge/share/multirobot_map_merge/cmake/multirobot_map_mergeConfig.cmake
[0.575s] -- Up-to-date: /home/joel-bansal/multi_bot_map_merging/bharat_ws4/install/multirobot_map_merge/share/multirobot_map_merge/cmake/multirobot_map_mergeConfig-version.cmake
[0.576s] -- Up-to-date: /home/joel-bansal/multi_bot_map_merging/bharat_ws4/install/multirobot_map_merge/share/multirobot_map_merge/package.xml
[0.582s] Invoked command in '/home/joel-bansal/multi_bot_map_merging/bharat_ws4/build/multirobot_map_merge' returned '0': CMAKE_PREFIX_PATH=/opt/ros/humble /usr/bin/cmake --install /home/joel-bansal/multi_bot_map_merging/bharat_ws4/build/multirobot_map_merge
