[0.262s] DEBUG:colcon:Command line arguments: ['/usr/bin/colcon', 'build']
[0.262s] DEBUG:colcon:Parsed command line arguments: Namespace(log_base=None, log_level=None, verb_name='build', build_base='build', install_base='install', merge_install=False, symlink_install=False, test_result_base=None, continue_on_error=False, executor='parallel', parallel_workers=4, event_handlers=None, ignore_user_meta=False, metas=['./colcon.meta'], base_paths=['.'], packages_ignore=None, packages_ignore_regex=None, paths=None, packages_up_to=None, packages_up_to_regex=None, packages_above=None, packages_above_and_dependencies=None, packages_above_depth=None, packages_select_by_dep=None, packages_skip_by_dep=None, packages_skip_up_to=None, packages_select_build_failed=False, packages_skip_build_finished=False, packages_select_test_failures=False, packages_skip_test_passed=False, packages_select=None, packages_skip=None, packages_select_regex=None, packages_skip_regex=None, packages_start=None, packages_end=None, allow_overriding=[], cmake_args=None, cmake_target=None, cmake_target_skip_unavailable=False, cmake_clean_cache=False, cmake_clean_first=False, cmake_force_configure=False, ament_cmake_args=None, catkin_cmake_args=None, catkin_skip_building_tests=False, verb_parser=<colcon_defaults.argument_parser.defaults.DefaultArgumentsDecorator object at 0x7e97a7054550>, verb_extension=<colcon_core.verb.build.BuildVerb object at 0x7e97a714d120>, main=<bound method BuildVerb.main of <colcon_core.verb.build.BuildVerb object at 0x7e97a714d120>>)
[0.579s] Level 1:colcon.colcon_core.package_discovery:discover_packages(colcon_meta) check parameters
[0.579s] Level 1:colcon.colcon_core.package_discovery:discover_packages(recursive) check parameters
[0.579s] Level 1:colcon.colcon_core.package_discovery:discover_packages(ignore) check parameters
[0.579s] Level 1:colcon.colcon_core.package_discovery:discover_packages(path) check parameters
[0.579s] Level 1:colcon.colcon_core.package_discovery:discover_packages(colcon_meta) discover
[0.579s] Level 1:colcon.colcon_core.package_discovery:discover_packages(recursive) discover
[0.579s] INFO:colcon.colcon_core.package_discovery:Crawling recursively for packages in '/home/joel-bansal/bharat_ws'
[0.579s] Level 1:colcon.colcon_core.package_identification:_identify(.) by extensions ['ignore', 'ignore_ament_install']
[0.579s] Level 1:colcon.colcon_core.package_identification:_identify(.) by extension 'ignore'
[0.580s] Level 1:colcon.colcon_core.package_identification:_identify(.) by extension 'ignore_ament_install'
[0.580s] Level 1:colcon.colcon_core.package_identification:_identify(.) by extensions ['colcon_pkg']
[0.580s] Level 1:colcon.colcon_core.package_identification:_identify(.) by extension 'colcon_pkg'
[0.580s] Level 1:colcon.colcon_core.package_identification:_identify(.) by extensions ['colcon_meta']
[0.580s] Level 1:colcon.colcon_core.package_identification:_identify(.) by extension 'colcon_meta'
[0.580s] Level 1:colcon.colcon_core.package_identification:_identify(.) by extensions ['ros']
[0.580s] Level 1:colcon.colcon_core.package_identification:_identify(.) by extension 'ros'
[0.600s] Level 1:colcon.colcon_core.package_identification:_identify(.) by extensions ['cmake', 'python']
[0.600s] Level 1:colcon.colcon_core.package_identification:_identify(.) by extension 'cmake'
[0.600s] Level 1:colcon.colcon_core.package_identification:_identify(.) by extension 'python'
[0.600s] Level 1:colcon.colcon_core.package_identification:_identify(.) by extensions ['python_setup_py']
[0.600s] Level 1:colcon.colcon_core.package_identification:_identify(.) by extension 'python_setup_py'
[0.601s] Level 1:colcon.colcon_core.package_identification:_identify(build) by extensions ['ignore', 'ignore_ament_install']
[0.601s] Level 1:colcon.colcon_core.package_identification:_identify(build) by extension 'ignore'
[0.601s] Level 1:colcon.colcon_core.package_identification:_identify(build) ignored
[0.601s] Level 1:colcon.colcon_core.package_identification:_identify(install) by extensions ['ignore', 'ignore_ament_install']
[0.602s] Level 1:colcon.colcon_core.package_identification:_identify(install) by extension 'ignore'
[0.602s] Level 1:colcon.colcon_core.package_identification:_identify(install) ignored
[0.602s] Level 1:colcon.colcon_core.package_identification:_identify(log) by extensions ['ignore', 'ignore_ament_install']
[0.602s] Level 1:colcon.colcon_core.package_identification:_identify(log) by extension 'ignore'
[0.602s] Level 1:colcon.colcon_core.package_identification:_identify(log) ignored
[0.602s] Level 1:colcon.colcon_core.package_identification:_identify(src) by extensions ['ignore', 'ignore_ament_install']
[0.603s] Level 1:colcon.colcon_core.package_identification:_identify(src) by extension 'ignore'
[0.603s] Level 1:colcon.colcon_core.package_identification:_identify(src) by extension 'ignore_ament_install'
[0.603s] Level 1:colcon.colcon_core.package_identification:_identify(src) by extensions ['colcon_pkg']
[0.603s] Level 1:colcon.colcon_core.package_identification:_identify(src) by extension 'colcon_pkg'
[0.603s] Level 1:colcon.colcon_core.package_identification:_identify(src) by extensions ['colcon_meta']
[0.603s] Level 1:colcon.colcon_core.package_identification:_identify(src) by extension 'colcon_meta'
[0.603s] Level 1:colcon.colcon_core.package_identification:_identify(src) by extensions ['ros']
[0.604s] Level 1:colcon.colcon_core.package_identification:_identify(src) by extension 'ros'
[0.604s] Level 1:colcon.colcon_core.package_identification:_identify(src) by extensions ['cmake', 'python']
[0.604s] Level 1:colcon.colcon_core.package_identification:_identify(src) by extension 'cmake'
[0.604s] Level 1:colcon.colcon_core.package_identification:_identify(src) by extension 'python'
[0.604s] Level 1:colcon.colcon_core.package_identification:_identify(src) by extensions ['python_setup_py']
[0.604s] Level 1:colcon.colcon_core.package_identification:_identify(src) by extension 'python_setup_py'
[0.604s] Level 1:colcon.colcon_core.package_identification:_identify(src/m-explore-ros2) by extensions ['ignore', 'ignore_ament_install']
[0.605s] Level 1:colcon.colcon_core.package_identification:_identify(src/m-explore-ros2) by extension 'ignore'
[0.605s] Level 1:colcon.colcon_core.package_identification:_identify(src/m-explore-ros2) by extension 'ignore_ament_install'
[0.605s] Level 1:colcon.colcon_core.package_identification:_identify(src/m-explore-ros2) by extensions ['colcon_pkg']
[0.605s] Level 1:colcon.colcon_core.package_identification:_identify(src/m-explore-ros2) by extension 'colcon_pkg'
[0.605s] Level 1:colcon.colcon_core.package_identification:_identify(src/m-explore-ros2) by extensions ['colcon_meta']
[0.605s] Level 1:colcon.colcon_core.package_identification:_identify(src/m-explore-ros2) by extension 'colcon_meta'
[0.605s] Level 1:colcon.colcon_core.package_identification:_identify(src/m-explore-ros2) by extensions ['ros']
[0.605s] Level 1:colcon.colcon_core.package_identification:_identify(src/m-explore-ros2) by extension 'ros'
[0.606s] Level 1:colcon.colcon_core.package_identification:_identify(src/m-explore-ros2) by extensions ['cmake', 'python']
[0.606s] Level 1:colcon.colcon_core.package_identification:_identify(src/m-explore-ros2) by extension 'cmake'
[0.606s] Level 1:colcon.colcon_core.package_identification:_identify(src/m-explore-ros2) by extension 'python'
[0.606s] Level 1:colcon.colcon_core.package_identification:_identify(src/m-explore-ros2) by extensions ['python_setup_py']
[0.606s] Level 1:colcon.colcon_core.package_identification:_identify(src/m-explore-ros2) by extension 'python_setup_py'
[0.606s] Level 1:colcon.colcon_core.package_identification:_identify(src/m-explore-ros2/explore) by extensions ['ignore', 'ignore_ament_install']
[0.607s] Level 1:colcon.colcon_core.package_identification:_identify(src/m-explore-ros2/explore) by extension 'ignore'
[0.607s] Level 1:colcon.colcon_core.package_identification:_identify(src/m-explore-ros2/explore) by extension 'ignore_ament_install'
[0.607s] Level 1:colcon.colcon_core.package_identification:_identify(src/m-explore-ros2/explore) by extensions ['colcon_pkg']
[0.607s] Level 1:colcon.colcon_core.package_identification:_identify(src/m-explore-ros2/explore) by extension 'colcon_pkg'
[0.607s] Level 1:colcon.colcon_core.package_identification:_identify(src/m-explore-ros2/explore) by extensions ['colcon_meta']
[0.607s] Level 1:colcon.colcon_core.package_identification:_identify(src/m-explore-ros2/explore) by extension 'colcon_meta'
[0.607s] Level 1:colcon.colcon_core.package_identification:_identify(src/m-explore-ros2/explore) by extensions ['ros']
[0.607s] Level 1:colcon.colcon_core.package_identification:_identify(src/m-explore-ros2/explore) by extension 'ros'
[0.615s] DEBUG:colcon.colcon_core.package_identification:Package 'src/m-explore-ros2/explore' with type 'ros.ament_cmake' and name 'explore_lite'
[0.615s] Level 1:colcon.colcon_core.package_identification:_identify(src/m-explore-ros2/map_merge) by extensions ['ignore', 'ignore_ament_install']
[0.615s] Level 1:colcon.colcon_core.package_identification:_identify(src/m-explore-ros2/map_merge) by extension 'ignore'
[0.615s] Level 1:colcon.colcon_core.package_identification:_identify(src/m-explore-ros2/map_merge) by extension 'ignore_ament_install'
[0.616s] Level 1:colcon.colcon_core.package_identification:_identify(src/m-explore-ros2/map_merge) by extensions ['colcon_pkg']
[0.616s] Level 1:colcon.colcon_core.package_identification:_identify(src/m-explore-ros2/map_merge) by extension 'colcon_pkg'
[0.616s] Level 1:colcon.colcon_core.package_identification:_identify(src/m-explore-ros2/map_merge) by extensions ['colcon_meta']
[0.616s] Level 1:colcon.colcon_core.package_identification:_identify(src/m-explore-ros2/map_merge) by extension 'colcon_meta'
[0.616s] Level 1:colcon.colcon_core.package_identification:_identify(src/m-explore-ros2/map_merge) by extensions ['ros']
[0.616s] Level 1:colcon.colcon_core.package_identification:_identify(src/m-explore-ros2/map_merge) by extension 'ros'
[0.618s] DEBUG:colcon.colcon_core.package_identification:Package 'src/m-explore-ros2/map_merge' with type 'ros.ament_cmake' and name 'multirobot_map_merge'
[0.618s] Level 1:colcon.colcon_core.package_identification:_identify(src/slam_gmapping) by extensions ['ignore', 'ignore_ament_install']
[0.619s] Level 1:colcon.colcon_core.package_identification:_identify(src/slam_gmapping) by extension 'ignore'
[0.619s] Level 1:colcon.colcon_core.package_identification:_identify(src/slam_gmapping) by extension 'ignore_ament_install'
[0.619s] Level 1:colcon.colcon_core.package_identification:_identify(src/slam_gmapping) by extensions ['colcon_pkg']
[0.619s] Level 1:colcon.colcon_core.package_identification:_identify(src/slam_gmapping) by extension 'colcon_pkg'
[0.619s] Level 1:colcon.colcon_core.package_identification:_identify(src/slam_gmapping) by extensions ['colcon_meta']
[0.619s] Level 1:colcon.colcon_core.package_identification:_identify(src/slam_gmapping) by extension 'colcon_meta'
[0.619s] Level 1:colcon.colcon_core.package_identification:_identify(src/slam_gmapping) by extensions ['ros']
[0.619s] Level 1:colcon.colcon_core.package_identification:_identify(src/slam_gmapping) by extension 'ros'
[0.620s] Level 1:colcon.colcon_core.package_identification:_identify(src/slam_gmapping) by extensions ['cmake', 'python']
[0.620s] Level 1:colcon.colcon_core.package_identification:_identify(src/slam_gmapping) by extension 'cmake'
[0.620s] Level 1:colcon.colcon_core.package_identification:_identify(src/slam_gmapping) by extension 'python'
[0.620s] Level 1:colcon.colcon_core.package_identification:_identify(src/slam_gmapping) by extensions ['python_setup_py']
[0.620s] Level 1:colcon.colcon_core.package_identification:_identify(src/slam_gmapping) by extension 'python_setup_py'
[0.620s] Level 1:colcon.colcon_core.package_identification:_identify(src/slam_gmapping/openslam_gmapping) by extensions ['ignore', 'ignore_ament_install']
[0.621s] Level 1:colcon.colcon_core.package_identification:_identify(src/slam_gmapping/openslam_gmapping) by extension 'ignore'
[0.621s] Level 1:colcon.colcon_core.package_identification:_identify(src/slam_gmapping/openslam_gmapping) by extension 'ignore_ament_install'
[0.621s] Level 1:colcon.colcon_core.package_identification:_identify(src/slam_gmapping/openslam_gmapping) by extensions ['colcon_pkg']
[0.621s] Level 1:colcon.colcon_core.package_identification:_identify(src/slam_gmapping/openslam_gmapping) by extension 'colcon_pkg'
[0.621s] Level 1:colcon.colcon_core.package_identification:_identify(src/slam_gmapping/openslam_gmapping) by extensions ['colcon_meta']
[0.621s] Level 1:colcon.colcon_core.package_identification:_identify(src/slam_gmapping/openslam_gmapping) by extension 'colcon_meta'
[0.621s] Level 1:colcon.colcon_core.package_identification:_identify(src/slam_gmapping/openslam_gmapping) by extensions ['ros']
[0.621s] Level 1:colcon.colcon_core.package_identification:_identify(src/slam_gmapping/openslam_gmapping) by extension 'ros'
[0.623s] DEBUG:colcon.colcon_core.package_identification:Package 'src/slam_gmapping/openslam_gmapping' with type 'ros.ament_cmake' and name 'openslam_gmapping'
[0.623s] Level 1:colcon.colcon_core.package_identification:_identify(src/slam_gmapping/slam_gmapping) by extensions ['ignore', 'ignore_ament_install']
[0.624s] Level 1:colcon.colcon_core.package_identification:_identify(src/slam_gmapping/slam_gmapping) by extension 'ignore'
[0.624s] Level 1:colcon.colcon_core.package_identification:_identify(src/slam_gmapping/slam_gmapping) by extension 'ignore_ament_install'
[0.624s] Level 1:colcon.colcon_core.package_identification:_identify(src/slam_gmapping/slam_gmapping) by extensions ['colcon_pkg']
[0.624s] Level 1:colcon.colcon_core.package_identification:_identify(src/slam_gmapping/slam_gmapping) by extension 'colcon_pkg'
[0.624s] Level 1:colcon.colcon_core.package_identification:_identify(src/slam_gmapping/slam_gmapping) by extensions ['colcon_meta']
[0.624s] Level 1:colcon.colcon_core.package_identification:_identify(src/slam_gmapping/slam_gmapping) by extension 'colcon_meta'
[0.624s] Level 1:colcon.colcon_core.package_identification:_identify(src/slam_gmapping/slam_gmapping) by extensions ['ros']
[0.624s] Level 1:colcon.colcon_core.package_identification:_identify(src/slam_gmapping/slam_gmapping) by extension 'ros'
[0.627s] DEBUG:colcon.colcon_core.package_identification:Package 'src/slam_gmapping/slam_gmapping' with type 'ros.ament_cmake' and name 'slam_gmapping'
[0.627s] Level 1:colcon.colcon_core.package_discovery:discover_packages(recursive) using defaults
[0.627s] Level 1:colcon.colcon_core.package_discovery:discover_packages(ignore) discover
[0.627s] Level 1:colcon.colcon_core.package_discovery:discover_packages(ignore) using defaults
[0.627s] Level 1:colcon.colcon_core.package_discovery:discover_packages(path) discover
[0.627s] Level 1:colcon.colcon_core.package_discovery:discover_packages(path) using defaults
[0.676s] Level 1:colcon.colcon_core.package_discovery:discover_packages(prefix_path) check parameters
[0.676s] Level 1:colcon.colcon_core.package_discovery:discover_packages(prefix_path) discover
[0.681s] DEBUG:colcon.colcon_installed_package_information.package_discovery:Found 345 installed packages in /opt/ros/humble
[0.684s] Level 1:colcon.colcon_core.package_discovery:discover_packages(prefix_path) using defaults
[0.765s] Level 5:colcon.colcon_core.verb:set package 'explore_lite' build argument 'cmake_args' from command line to 'None'
[0.765s] Level 5:colcon.colcon_core.verb:set package 'explore_lite' build argument 'cmake_target' from command line to 'None'
[0.765s] Level 5:colcon.colcon_core.verb:set package 'explore_lite' build argument 'cmake_target_skip_unavailable' from command line to 'False'
[0.765s] Level 5:colcon.colcon_core.verb:set package 'explore_lite' build argument 'cmake_clean_cache' from command line to 'False'
[0.765s] Level 5:colcon.colcon_core.verb:set package 'explore_lite' build argument 'cmake_clean_first' from command line to 'False'
[0.765s] Level 5:colcon.colcon_core.verb:set package 'explore_lite' build argument 'cmake_force_configure' from command line to 'False'
[0.765s] Level 5:colcon.colcon_core.verb:set package 'explore_lite' build argument 'ament_cmake_args' from command line to 'None'
[0.765s] Level 5:colcon.colcon_core.verb:set package 'explore_lite' build argument 'catkin_cmake_args' from command line to 'None'
[0.765s] Level 5:colcon.colcon_core.verb:set package 'explore_lite' build argument 'catkin_skip_building_tests' from command line to 'False'
[0.765s] DEBUG:colcon.colcon_core.verb:Building package 'explore_lite' with the following arguments: {'ament_cmake_args': None, 'build_base': '/home/joel-bansal/bharat_ws/build/explore_lite', 'catkin_cmake_args': None, 'catkin_skip_building_tests': False, 'cmake_args': None, 'cmake_clean_cache': False, 'cmake_clean_first': False, 'cmake_force_configure': False, 'cmake_target': None, 'cmake_target_skip_unavailable': False, 'install_base': '/home/joel-bansal/bharat_ws/install/explore_lite', 'merge_install': False, 'path': '/home/joel-bansal/bharat_ws/src/m-explore-ros2/explore', 'symlink_install': False, 'test_result_base': None}
[0.766s] Level 5:colcon.colcon_core.verb:set package 'multirobot_map_merge' build argument 'cmake_args' from command line to 'None'
[0.766s] Level 5:colcon.colcon_core.verb:set package 'multirobot_map_merge' build argument 'cmake_target' from command line to 'None'
[0.766s] Level 5:colcon.colcon_core.verb:set package 'multirobot_map_merge' build argument 'cmake_target_skip_unavailable' from command line to 'False'
[0.766s] Level 5:colcon.colcon_core.verb:set package 'multirobot_map_merge' build argument 'cmake_clean_cache' from command line to 'False'
[0.767s] Level 5:colcon.colcon_core.verb:set package 'multirobot_map_merge' build argument 'cmake_clean_first' from command line to 'False'
[0.767s] Level 5:colcon.colcon_core.verb:set package 'multirobot_map_merge' build argument 'cmake_force_configure' from command line to 'False'
[0.767s] Level 5:colcon.colcon_core.verb:set package 'multirobot_map_merge' build argument 'ament_cmake_args' from command line to 'None'
[0.767s] Level 5:colcon.colcon_core.verb:set package 'multirobot_map_merge' build argument 'catkin_cmake_args' from command line to 'None'
[0.767s] Level 5:colcon.colcon_core.verb:set package 'multirobot_map_merge' build argument 'catkin_skip_building_tests' from command line to 'False'
[0.767s] DEBUG:colcon.colcon_core.verb:Building package 'multirobot_map_merge' with the following arguments: {'ament_cmake_args': None, 'build_base': '/home/joel-bansal/bharat_ws/build/multirobot_map_merge', 'catkin_cmake_args': None, 'catkin_skip_building_tests': False, 'cmake_args': None, 'cmake_clean_cache': False, 'cmake_clean_first': False, 'cmake_force_configure': False, 'cmake_target': None, 'cmake_target_skip_unavailable': False, 'install_base': '/home/joel-bansal/bharat_ws/install/multirobot_map_merge', 'merge_install': False, 'path': '/home/joel-bansal/bharat_ws/src/m-explore-ros2/map_merge', 'symlink_install': False, 'test_result_base': None}
[0.768s] Level 5:colcon.colcon_core.verb:set package 'openslam_gmapping' build argument 'cmake_args' from command line to 'None'
[0.768s] Level 5:colcon.colcon_core.verb:set package 'openslam_gmapping' build argument 'cmake_target' from command line to 'None'
[0.768s] Level 5:colcon.colcon_core.verb:set package 'openslam_gmapping' build argument 'cmake_target_skip_unavailable' from command line to 'False'
[0.768s] Level 5:colcon.colcon_core.verb:set package 'openslam_gmapping' build argument 'cmake_clean_cache' from command line to 'False'
[0.768s] Level 5:colcon.colcon_core.verb:set package 'openslam_gmapping' build argument 'cmake_clean_first' from command line to 'False'
[0.768s] Level 5:colcon.colcon_core.verb:set package 'openslam_gmapping' build argument 'cmake_force_configure' from command line to 'False'
[0.768s] Level 5:colcon.colcon_core.verb:set package 'openslam_gmapping' build argument 'ament_cmake_args' from command line to 'None'
[0.768s] Level 5:colcon.colcon_core.verb:set package 'openslam_gmapping' build argument 'catkin_cmake_args' from command line to 'None'
[0.768s] Level 5:colcon.colcon_core.verb:set package 'openslam_gmapping' build argument 'catkin_skip_building_tests' from command line to 'False'
[0.768s] DEBUG:colcon.colcon_core.verb:Building package 'openslam_gmapping' with the following arguments: {'ament_cmake_args': None, 'build_base': '/home/joel-bansal/bharat_ws/build/openslam_gmapping', 'catkin_cmake_args': None, 'catkin_skip_building_tests': False, 'cmake_args': None, 'cmake_clean_cache': False, 'cmake_clean_first': False, 'cmake_force_configure': False, 'cmake_target': None, 'cmake_target_skip_unavailable': False, 'install_base': '/home/joel-bansal/bharat_ws/install/openslam_gmapping', 'merge_install': False, 'path': '/home/joel-bansal/bharat_ws/src/slam_gmapping/openslam_gmapping', 'symlink_install': False, 'test_result_base': None}
[0.769s] Level 5:colcon.colcon_core.verb:set package 'slam_gmapping' build argument 'cmake_args' from command line to 'None'
[0.769s] Level 5:colcon.colcon_core.verb:set package 'slam_gmapping' build argument 'cmake_target' from command line to 'None'
[0.769s] Level 5:colcon.colcon_core.verb:set package 'slam_gmapping' build argument 'cmake_target_skip_unavailable' from command line to 'False'
[0.769s] Level 5:colcon.colcon_core.verb:set package 'slam_gmapping' build argument 'cmake_clean_cache' from command line to 'False'
[0.769s] Level 5:colcon.colcon_core.verb:set package 'slam_gmapping' build argument 'cmake_clean_first' from command line to 'False'
[0.769s] Level 5:colcon.colcon_core.verb:set package 'slam_gmapping' build argument 'cmake_force_configure' from command line to 'False'
[0.769s] Level 5:colcon.colcon_core.verb:set package 'slam_gmapping' build argument 'ament_cmake_args' from command line to 'None'
[0.770s] Level 5:colcon.colcon_core.verb:set package 'slam_gmapping' build argument 'catkin_cmake_args' from command line to 'None'
[0.770s] Level 5:colcon.colcon_core.verb:set package 'slam_gmapping' build argument 'catkin_skip_building_tests' from command line to 'False'
[0.770s] DEBUG:colcon.colcon_core.verb:Building package 'slam_gmapping' with the following arguments: {'ament_cmake_args': None, 'build_base': '/home/joel-bansal/bharat_ws/build/slam_gmapping', 'catkin_cmake_args': None, 'catkin_skip_building_tests': False, 'cmake_args': None, 'cmake_clean_cache': False, 'cmake_clean_first': False, 'cmake_force_configure': False, 'cmake_target': None, 'cmake_target_skip_unavailable': False, 'install_base': '/home/joel-bansal/bharat_ws/install/slam_gmapping', 'merge_install': False, 'path': '/home/joel-bansal/bharat_ws/src/slam_gmapping/slam_gmapping', 'symlink_install': False, 'test_result_base': None}
[0.770s] INFO:colcon.colcon_core.executor:Executing jobs using 'parallel' executor
[0.772s] DEBUG:colcon.colcon_parallel_executor.executor.parallel:run_until_complete
[0.772s] INFO:colcon.colcon_ros.task.ament_cmake.build:Building ROS package in '/home/joel-bansal/bharat_ws/src/slam_gmapping/openslam_gmapping' with build type 'ament_cmake'
[0.772s] INFO:colcon.colcon_cmake.task.cmake.build:Building CMake package in '/home/joel-bansal/bharat_ws/src/slam_gmapping/openslam_gmapping'
[0.776s] INFO:colcon.colcon_core.plugin_system:Skipping extension 'colcon_core.shell.bat': Not used on non-Windows systems
[0.777s] INFO:colcon.colcon_core.shell:Skip shell extension 'powershell' for command environment: Not usable outside of PowerShell
[0.777s] DEBUG:colcon.colcon_core.shell:Skip shell extension 'dsv' for command environment
[0.783s] INFO:colcon.colcon_ros.task.ament_cmake.build:Building ROS package in '/home/joel-bansal/bharat_ws/src/m-explore-ros2/explore' with build type 'ament_cmake'
[0.783s] INFO:colcon.colcon_cmake.task.cmake.build:Building CMake package in '/home/joel-bansal/bharat_ws/src/m-explore-ros2/explore'
[0.784s] INFO:colcon.colcon_core.shell:Skip shell extension 'powershell' for command environment: Not usable outside of PowerShell
[0.784s] DEBUG:colcon.colcon_core.shell:Skip shell extension 'dsv' for command environment
[0.793s] INFO:colcon.colcon_ros.task.ament_cmake.build:Building ROS package in '/home/joel-bansal/bharat_ws/src/m-explore-ros2/map_merge' with build type 'ament_cmake'
[0.793s] INFO:colcon.colcon_cmake.task.cmake.build:Building CMake package in '/home/joel-bansal/bharat_ws/src/m-explore-ros2/map_merge'
[0.794s] INFO:colcon.colcon_core.shell:Skip shell extension 'powershell' for command environment: Not usable outside of PowerShell
[0.795s] DEBUG:colcon.colcon_core.shell:Skip shell extension 'dsv' for command environment
[0.818s] DEBUG:colcon.colcon_core.event_handler.log_command:Invoking command in '/home/joel-bansal/bharat_ws/build/openslam_gmapping': CMAKE_PREFIX_PATH=/opt/ros/humble /usr/bin/cmake --build /home/joel-bansal/bharat_ws/build/openslam_gmapping -- -j4 -l4
[0.820s] DEBUG:colcon.colcon_core.event_handler.log_command:Invoking command in '/home/joel-bansal/bharat_ws/build/explore_lite': CMAKE_PREFIX_PATH=/opt/ros/humble /usr/bin/cmake --build /home/joel-bansal/bharat_ws/build/explore_lite -- -j4 -l4
[0.829s] DEBUG:colcon.colcon_core.event_handler.log_command:Invoking command in '/home/joel-bansal/bharat_ws/build/multirobot_map_merge': CMAKE_PREFIX_PATH=/opt/ros/humble /usr/bin/cmake --build /home/joel-bansal/bharat_ws/build/multirobot_map_merge -- -j4 -l4
[1.322s] DEBUG:colcon.colcon_core.event_handler.log_command:Invoked command in '/home/joel-bansal/bharat_ws/build/explore_lite' returned '0': CMAKE_PREFIX_PATH=/opt/ros/humble /usr/bin/cmake --build /home/joel-bansal/bharat_ws/build/explore_lite -- -j4 -l4
[1.361s] DEBUG:colcon.colcon_core.event_handler.log_command:Invoked command in '/home/joel-bansal/bharat_ws/build/multirobot_map_merge' returned '0': CMAKE_PREFIX_PATH=/opt/ros/humble /usr/bin/cmake --build /home/joel-bansal/bharat_ws/build/multirobot_map_merge -- -j4 -l4
[1.433s] DEBUG:colcon.colcon_core.event_handler.log_command:Invoked command in '/home/joel-bansal/bharat_ws/build/openslam_gmapping' returned '0': CMAKE_PREFIX_PATH=/opt/ros/humble /usr/bin/cmake --build /home/joel-bansal/bharat_ws/build/openslam_gmapping -- -j4 -l4
[1.465s] DEBUG:colcon.colcon_core.event_handler.log_command:Invoking command in '/home/joel-bansal/bharat_ws/build/explore_lite': CMAKE_PREFIX_PATH=/opt/ros/humble /usr/bin/cmake --install /home/joel-bansal/bharat_ws/build/explore_lite
[1.495s] DEBUG:colcon.colcon_core.event_handler.log_command:Invoking command in '/home/joel-bansal/bharat_ws/build/multirobot_map_merge': CMAKE_PREFIX_PATH=/opt/ros/humble /usr/bin/cmake --install /home/joel-bansal/bharat_ws/build/multirobot_map_merge
[1.514s] Level 1:colcon.colcon_core.environment:create_environment_scripts_only(explore_lite)
[1.532s] DEBUG:colcon.colcon_core.event_handler.log_command:Invoked command in '/home/joel-bansal/bharat_ws/build/explore_lite' returned '0': CMAKE_PREFIX_PATH=/opt/ros/humble /usr/bin/cmake --install /home/joel-bansal/bharat_ws/build/explore_lite
[1.538s] Level 1:colcon.colcon_core.environment:checking '/home/joel-bansal/bharat_ws/install/explore_lite' for CMake module files
[1.546s] Level 1:colcon.colcon_core.environment:checking '/home/joel-bansal/bharat_ws/install/explore_lite' for CMake config files
[1.550s] Level 1:colcon.colcon_core.shell:create_environment_hook('explore_lite', 'cmake_prefix_path')
[1.551s] INFO:colcon.colcon_core.shell:Creating environment hook '/home/joel-bansal/bharat_ws/install/explore_lite/share/explore_lite/hook/cmake_prefix_path.ps1'
[1.552s] INFO:colcon.colcon_core.shell:Creating environment descriptor '/home/joel-bansal/bharat_ws/install/explore_lite/share/explore_lite/hook/cmake_prefix_path.dsv'
[1.554s] INFO:colcon.colcon_core.shell:Creating environment hook '/home/joel-bansal/bharat_ws/install/explore_lite/share/explore_lite/hook/cmake_prefix_path.sh'
[1.557s] Level 1:colcon.colcon_core.environment:checking '/home/joel-bansal/bharat_ws/install/explore_lite/lib'
[1.558s] Level 1:colcon.colcon_core.environment:checking '/home/joel-bansal/bharat_ws/install/explore_lite/bin'
[1.558s] Level 1:colcon.colcon_core.environment:checking '/home/joel-bansal/bharat_ws/install/explore_lite/lib/pkgconfig/explore_lite.pc'
[1.558s] Level 1:colcon.colcon_core.environment:checking '/home/joel-bansal/bharat_ws/install/explore_lite/lib/python3.10/site-packages'
[1.559s] Level 1:colcon.colcon_core.environment:checking '/home/joel-bansal/bharat_ws/install/explore_lite/bin'
[1.559s] INFO:colcon.colcon_core.shell:Creating package script '/home/joel-bansal/bharat_ws/install/explore_lite/share/explore_lite/package.ps1'
[1.561s] INFO:colcon.colcon_core.shell:Creating package descriptor '/home/joel-bansal/bharat_ws/install/explore_lite/share/explore_lite/package.dsv'
[1.562s] INFO:colcon.colcon_core.shell:Creating package script '/home/joel-bansal/bharat_ws/install/explore_lite/share/explore_lite/package.sh'
[1.565s] INFO:colcon.colcon_core.shell:Creating package script '/home/joel-bansal/bharat_ws/install/explore_lite/share/explore_lite/package.bash'
[1.566s] INFO:colcon.colcon_core.shell:Creating package script '/home/joel-bansal/bharat_ws/install/explore_lite/share/explore_lite/package.zsh'
[1.568s] Level 1:colcon.colcon_core.environment:create_file_with_runtime_dependencies(/home/joel-bansal/bharat_ws/install/explore_lite/share/colcon-core/packages/explore_lite)
[1.579s] Level 1:colcon.colcon_core.environment:create_environment_scripts_only(multirobot_map_merge)
[1.579s] Level 1:colcon.colcon_core.environment:checking '/home/joel-bansal/bharat_ws/install/multirobot_map_merge' for CMake module files
[1.581s] Level 1:colcon.colcon_core.environment:checking '/home/joel-bansal/bharat_ws/install/multirobot_map_merge' for CMake config files
[1.582s] DEBUG:colcon.colcon_core.event_handler.log_command:Invoked command in '/home/joel-bansal/bharat_ws/build/multirobot_map_merge' returned '0': CMAKE_PREFIX_PATH=/opt/ros/humble /usr/bin/cmake --install /home/joel-bansal/bharat_ws/build/multirobot_map_merge
[1.583s] Level 1:colcon.colcon_core.shell:create_environment_hook('multirobot_map_merge', 'cmake_prefix_path')
[1.584s] INFO:colcon.colcon_core.shell:Creating environment hook '/home/joel-bansal/bharat_ws/install/multirobot_map_merge/share/multirobot_map_merge/hook/cmake_prefix_path.ps1'
[1.586s] INFO:colcon.colcon_core.shell:Creating environment descriptor '/home/joel-bansal/bharat_ws/install/multirobot_map_merge/share/multirobot_map_merge/hook/cmake_prefix_path.dsv'
[1.587s] INFO:colcon.colcon_core.shell:Creating environment hook '/home/joel-bansal/bharat_ws/install/multirobot_map_merge/share/multirobot_map_merge/hook/cmake_prefix_path.sh'
[1.588s] Level 1:colcon.colcon_core.environment:checking '/home/joel-bansal/bharat_ws/install/multirobot_map_merge/lib'
[1.589s] Level 1:colcon.colcon_core.environment:checking '/home/joel-bansal/bharat_ws/install/multirobot_map_merge/bin'
[1.589s] Level 1:colcon.colcon_core.environment:checking '/home/joel-bansal/bharat_ws/install/multirobot_map_merge/lib/pkgconfig/multirobot_map_merge.pc'
[1.590s] Level 1:colcon.colcon_core.environment:checking '/home/joel-bansal/bharat_ws/install/multirobot_map_merge/lib/python3.10/site-packages'
[1.590s] Level 1:colcon.colcon_core.environment:checking '/home/joel-bansal/bharat_ws/install/multirobot_map_merge/bin'
[1.591s] INFO:colcon.colcon_core.shell:Creating package script '/home/joel-bansal/bharat_ws/install/multirobot_map_merge/share/multirobot_map_merge/package.ps1'
[1.593s] INFO:colcon.colcon_core.shell:Creating package descriptor '/home/joel-bansal/bharat_ws/install/multirobot_map_merge/share/multirobot_map_merge/package.dsv'
[1.594s] INFO:colcon.colcon_core.shell:Creating package script '/home/joel-bansal/bharat_ws/install/multirobot_map_merge/share/multirobot_map_merge/package.sh'
[1.596s] INFO:colcon.colcon_core.shell:Creating package script '/home/joel-bansal/bharat_ws/install/multirobot_map_merge/share/multirobot_map_merge/package.bash'
[1.597s] INFO:colcon.colcon_core.shell:Creating package script '/home/joel-bansal/bharat_ws/install/multirobot_map_merge/share/multirobot_map_merge/package.zsh'
[1.598s] Level 1:colcon.colcon_core.environment:create_file_with_runtime_dependencies(/home/joel-bansal/bharat_ws/install/multirobot_map_merge/share/colcon-core/packages/multirobot_map_merge)
[1.610s] DEBUG:colcon.colcon_core.event_handler.log_command:Invoking command in '/home/joel-bansal/bharat_ws/build/openslam_gmapping': CMAKE_PREFIX_PATH=/opt/ros/humble /usr/bin/cmake --install /home/joel-bansal/bharat_ws/build/openslam_gmapping
[1.668s] Level 1:colcon.colcon_core.environment:create_environment_scripts_only(openslam_gmapping)
[1.669s] Level 1:colcon.colcon_core.environment:checking '/home/joel-bansal/bharat_ws/install/openslam_gmapping' for CMake module files
[1.676s] DEBUG:colcon.colcon_core.event_handler.log_command:Invoked command in '/home/joel-bansal/bharat_ws/build/openslam_gmapping' returned '0': CMAKE_PREFIX_PATH=/opt/ros/humble /usr/bin/cmake --install /home/joel-bansal/bharat_ws/build/openslam_gmapping
[1.677s] Level 1:colcon.colcon_core.environment:checking '/home/joel-bansal/bharat_ws/install/openslam_gmapping' for CMake config files
[1.678s] Level 1:colcon.colcon_core.shell:create_environment_hook('openslam_gmapping', 'cmake_prefix_path')
[1.679s] INFO:colcon.colcon_core.shell:Creating environment hook '/home/joel-bansal/bharat_ws/install/openslam_gmapping/share/openslam_gmapping/hook/cmake_prefix_path.ps1'
[1.680s] INFO:colcon.colcon_core.shell:Creating environment descriptor '/home/joel-bansal/bharat_ws/install/openslam_gmapping/share/openslam_gmapping/hook/cmake_prefix_path.dsv'
[1.683s] INFO:colcon.colcon_core.shell:Creating environment hook '/home/joel-bansal/bharat_ws/install/openslam_gmapping/share/openslam_gmapping/hook/cmake_prefix_path.sh'
[1.685s] Level 1:colcon.colcon_core.environment:checking '/home/joel-bansal/bharat_ws/install/openslam_gmapping/lib'
[1.685s] Level 1:colcon.colcon_core.environment:checking '/home/joel-bansal/bharat_ws/install/openslam_gmapping/bin'
[1.685s] Level 1:colcon.colcon_core.environment:checking '/home/joel-bansal/bharat_ws/install/openslam_gmapping/lib/pkgconfig/openslam_gmapping.pc'
[1.686s] Level 1:colcon.colcon_core.environment:checking '/home/joel-bansal/bharat_ws/install/openslam_gmapping/lib/python3.10/site-packages'
[1.687s] Level 1:colcon.colcon_core.environment:checking '/home/joel-bansal/bharat_ws/install/openslam_gmapping/bin'
[1.689s] INFO:colcon.colcon_core.shell:Creating package script '/home/joel-bansal/bharat_ws/install/openslam_gmapping/share/openslam_gmapping/package.ps1'
[1.691s] INFO:colcon.colcon_core.shell:Creating package descriptor '/home/joel-bansal/bharat_ws/install/openslam_gmapping/share/openslam_gmapping/package.dsv'
[1.693s] INFO:colcon.colcon_core.shell:Creating package script '/home/joel-bansal/bharat_ws/install/openslam_gmapping/share/openslam_gmapping/package.sh'
[1.695s] INFO:colcon.colcon_core.shell:Creating package script '/home/joel-bansal/bharat_ws/install/openslam_gmapping/share/openslam_gmapping/package.bash'
[1.697s] INFO:colcon.colcon_core.shell:Creating package script '/home/joel-bansal/bharat_ws/install/openslam_gmapping/share/openslam_gmapping/package.zsh'
[1.699s] Level 1:colcon.colcon_core.environment:create_file_with_runtime_dependencies(/home/joel-bansal/bharat_ws/install/openslam_gmapping/share/colcon-core/packages/openslam_gmapping)
[1.705s] Level 1:colcon.colcon_core.environment:create_environment_scripts_only(explore_lite)
[1.706s] Level 1:colcon.colcon_core.environment:checking '/home/joel-bansal/bharat_ws/install/explore_lite' for CMake module files
[1.711s] Level 1:colcon.colcon_core.environment:checking '/home/joel-bansal/bharat_ws/install/explore_lite' for CMake config files
[1.712s] Level 1:colcon.colcon_core.shell:create_environment_hook('explore_lite', 'cmake_prefix_path')
[1.713s] INFO:colcon.colcon_core.shell:Creating environment hook '/home/joel-bansal/bharat_ws/install/explore_lite/share/explore_lite/hook/cmake_prefix_path.ps1'
[1.714s] INFO:colcon.colcon_core.shell:Creating environment descriptor '/home/joel-bansal/bharat_ws/install/explore_lite/share/explore_lite/hook/cmake_prefix_path.dsv'
[1.715s] INFO:colcon.colcon_core.shell:Creating environment hook '/home/joel-bansal/bharat_ws/install/explore_lite/share/explore_lite/hook/cmake_prefix_path.sh'
[1.717s] Level 1:colcon.colcon_core.environment:checking '/home/joel-bansal/bharat_ws/install/explore_lite/lib'
[1.717s] Level 1:colcon.colcon_core.environment:checking '/home/joel-bansal/bharat_ws/install/explore_lite/bin'
[1.717s] Level 1:colcon.colcon_core.environment:checking '/home/joel-bansal/bharat_ws/install/explore_lite/lib/pkgconfig/explore_lite.pc'
[1.722s] Level 1:colcon.colcon_core.environment:checking '/home/joel-bansal/bharat_ws/install/explore_lite/lib/python3.10/site-packages'
[1.723s] Level 1:colcon.colcon_core.environment:checking '/home/joel-bansal/bharat_ws/install/explore_lite/bin'
[1.724s] INFO:colcon.colcon_core.shell:Creating package script '/home/joel-bansal/bharat_ws/install/explore_lite/share/explore_lite/package.ps1'
[1.726s] INFO:colcon.colcon_core.shell:Creating package descriptor '/home/joel-bansal/bharat_ws/install/explore_lite/share/explore_lite/package.dsv'
[1.728s] INFO:colcon.colcon_core.shell:Creating package script '/home/joel-bansal/bharat_ws/install/explore_lite/share/explore_lite/package.sh'
[1.730s] INFO:colcon.colcon_core.shell:Creating package script '/home/joel-bansal/bharat_ws/install/explore_lite/share/explore_lite/package.bash'
[1.732s] INFO:colcon.colcon_core.shell:Creating package script '/home/joel-bansal/bharat_ws/install/explore_lite/share/explore_lite/package.zsh'
[1.733s] Level 1:colcon.colcon_core.environment:create_file_with_runtime_dependencies(/home/joel-bansal/bharat_ws/install/explore_lite/share/colcon-core/packages/explore_lite)
[1.762s] Level 1:colcon.colcon_core.environment:create_environment_scripts_only(multirobot_map_merge)
[1.763s] Level 1:colcon.colcon_core.environment:checking '/home/joel-bansal/bharat_ws/install/multirobot_map_merge' for CMake module files
[1.765s] Level 1:colcon.colcon_core.environment:checking '/home/joel-bansal/bharat_ws/install/multirobot_map_merge' for CMake config files
[1.767s] Level 1:colcon.colcon_core.shell:create_environment_hook('multirobot_map_merge', 'cmake_prefix_path')
[1.768s] INFO:colcon.colcon_core.shell:Creating environment hook '/home/joel-bansal/bharat_ws/install/multirobot_map_merge/share/multirobot_map_merge/hook/cmake_prefix_path.ps1'
[1.769s] INFO:colcon.colcon_core.shell:Creating environment descriptor '/home/joel-bansal/bharat_ws/install/multirobot_map_merge/share/multirobot_map_merge/hook/cmake_prefix_path.dsv'
[1.770s] INFO:colcon.colcon_core.shell:Creating environment hook '/home/joel-bansal/bharat_ws/install/multirobot_map_merge/share/multirobot_map_merge/hook/cmake_prefix_path.sh'
[1.772s] Level 1:colcon.colcon_core.environment:checking '/home/joel-bansal/bharat_ws/install/multirobot_map_merge/lib'
[1.772s] Level 1:colcon.colcon_core.environment:checking '/home/joel-bansal/bharat_ws/install/multirobot_map_merge/bin'
[1.772s] Level 1:colcon.colcon_core.environment:checking '/home/joel-bansal/bharat_ws/install/multirobot_map_merge/lib/pkgconfig/multirobot_map_merge.pc'
[1.773s] Level 1:colcon.colcon_core.environment:checking '/home/joel-bansal/bharat_ws/install/multirobot_map_merge/lib/python3.10/site-packages'
[1.774s] Level 1:colcon.colcon_core.environment:checking '/home/joel-bansal/bharat_ws/install/multirobot_map_merge/bin'
[1.775s] INFO:colcon.colcon_core.shell:Creating package script '/home/joel-bansal/bharat_ws/install/multirobot_map_merge/share/multirobot_map_merge/package.ps1'
[1.776s] INFO:colcon.colcon_core.shell:Creating package descriptor '/home/joel-bansal/bharat_ws/install/multirobot_map_merge/share/multirobot_map_merge/package.dsv'
[1.778s] INFO:colcon.colcon_core.shell:Creating package script '/home/joel-bansal/bharat_ws/install/multirobot_map_merge/share/multirobot_map_merge/package.sh'
[1.780s] INFO:colcon.colcon_core.shell:Creating package script '/home/joel-bansal/bharat_ws/install/multirobot_map_merge/share/multirobot_map_merge/package.bash'
[1.781s] INFO:colcon.colcon_core.shell:Creating package script '/home/joel-bansal/bharat_ws/install/multirobot_map_merge/share/multirobot_map_merge/package.zsh'
[1.782s] Level 1:colcon.colcon_core.environment:create_file_with_runtime_dependencies(/home/joel-bansal/bharat_ws/install/multirobot_map_merge/share/colcon-core/packages/multirobot_map_merge)
[1.791s] Level 1:colcon.colcon_core.environment:create_environment_scripts_only(openslam_gmapping)
[1.792s] Level 1:colcon.colcon_core.environment:checking '/home/joel-bansal/bharat_ws/install/openslam_gmapping' for CMake module files
[1.794s] Level 1:colcon.colcon_core.environment:checking '/home/joel-bansal/bharat_ws/install/openslam_gmapping' for CMake config files
[1.796s] Level 1:colcon.colcon_core.shell:create_environment_hook('openslam_gmapping', 'cmake_prefix_path')
[1.797s] INFO:colcon.colcon_core.shell:Creating environment hook '/home/joel-bansal/bharat_ws/install/openslam_gmapping/share/openslam_gmapping/hook/cmake_prefix_path.ps1'
[1.798s] INFO:colcon.colcon_core.shell:Creating environment descriptor '/home/joel-bansal/bharat_ws/install/openslam_gmapping/share/openslam_gmapping/hook/cmake_prefix_path.dsv'
[1.799s] INFO:colcon.colcon_core.shell:Creating environment hook '/home/joel-bansal/bharat_ws/install/openslam_gmapping/share/openslam_gmapping/hook/cmake_prefix_path.sh'
[1.801s] Level 1:colcon.colcon_core.environment:checking '/home/joel-bansal/bharat_ws/install/openslam_gmapping/lib'
[1.801s] Level 1:colcon.colcon_core.environment:checking '/home/joel-bansal/bharat_ws/install/openslam_gmapping/bin'
[1.802s] Level 1:colcon.colcon_core.environment:checking '/home/joel-bansal/bharat_ws/install/openslam_gmapping/lib/pkgconfig/openslam_gmapping.pc'
[1.802s] Level 1:colcon.colcon_core.environment:checking '/home/joel-bansal/bharat_ws/install/openslam_gmapping/lib/python3.10/site-packages'
[1.803s] Level 1:colcon.colcon_core.environment:checking '/home/joel-bansal/bharat_ws/install/openslam_gmapping/bin'
[1.804s] INFO:colcon.colcon_core.shell:Creating package script '/home/joel-bansal/bharat_ws/install/openslam_gmapping/share/openslam_gmapping/package.ps1'
[1.805s] INFO:colcon.colcon_core.shell:Creating package descriptor '/home/joel-bansal/bharat_ws/install/openslam_gmapping/share/openslam_gmapping/package.dsv'
[1.807s] INFO:colcon.colcon_core.shell:Creating package script '/home/joel-bansal/bharat_ws/install/openslam_gmapping/share/openslam_gmapping/package.sh'
[1.808s] INFO:colcon.colcon_core.shell:Creating package script '/home/joel-bansal/bharat_ws/install/openslam_gmapping/share/openslam_gmapping/package.bash'
[1.810s] INFO:colcon.colcon_core.shell:Creating package script '/home/joel-bansal/bharat_ws/install/openslam_gmapping/share/openslam_gmapping/package.zsh'
[1.811s] Level 1:colcon.colcon_core.environment:create_file_with_runtime_dependencies(/home/joel-bansal/bharat_ws/install/openslam_gmapping/share/colcon-core/packages/openslam_gmapping)
[1.812s] INFO:colcon.colcon_ros.task.ament_cmake.build:Building ROS package in '/home/joel-bansal/bharat_ws/src/slam_gmapping/slam_gmapping' with build type 'ament_cmake'
[1.813s] INFO:colcon.colcon_cmake.task.cmake.build:Building CMake package in '/home/joel-bansal/bharat_ws/src/slam_gmapping/slam_gmapping'
[1.813s] INFO:colcon.colcon_core.shell:Skip shell extension 'powershell' for command environment: Not usable outside of PowerShell
[1.814s] DEBUG:colcon.colcon_core.shell:Skip shell extension 'dsv' for command environment
[1.842s] DEBUG:colcon.colcon_core.event_handler.log_command:Invoking command in '/home/joel-bansal/bharat_ws/build/slam_gmapping': AMENT_PREFIX_PATH=/home/joel-bansal/bharat_ws/install/openslam_gmapping:${AMENT_PREFIX_PATH} CMAKE_PREFIX_PATH=/home/joel-bansal/bharat_ws/install/openslam_gmapping:/opt/ros/humble LD_LIBRARY_PATH=/home/joel-bansal/bharat_ws/install/openslam_gmapping/lib:${LD_LIBRARY_PATH} /usr/bin/cmake --build /home/joel-bansal/bharat_ws/build/slam_gmapping -- -j4 -l4
[1.987s] DEBUG:colcon.colcon_core.event_handler.log_command:Invoked command in '/home/joel-bansal/bharat_ws/build/slam_gmapping' returned '0': AMENT_PREFIX_PATH=/home/joel-bansal/bharat_ws/install/openslam_gmapping:${AMENT_PREFIX_PATH} CMAKE_PREFIX_PATH=/home/joel-bansal/bharat_ws/install/openslam_gmapping:/opt/ros/humble LD_LIBRARY_PATH=/home/joel-bansal/bharat_ws/install/openslam_gmapping/lib:${LD_LIBRARY_PATH} /usr/bin/cmake --build /home/joel-bansal/bharat_ws/build/slam_gmapping -- -j4 -l4
[2.047s] DEBUG:colcon.colcon_core.event_handler.log_command:Invoking command in '/home/joel-bansal/bharat_ws/build/slam_gmapping': AMENT_PREFIX_PATH=/home/joel-bansal/bharat_ws/install/openslam_gmapping:${AMENT_PREFIX_PATH} CMAKE_PREFIX_PATH=/home/joel-bansal/bharat_ws/install/openslam_gmapping:/opt/ros/humble LD_LIBRARY_PATH=/home/joel-bansal/bharat_ws/install/openslam_gmapping/lib:${LD_LIBRARY_PATH} /usr/bin/cmake --install /home/joel-bansal/bharat_ws/build/slam_gmapping
[2.069s] Level 1:colcon.colcon_core.environment:create_environment_scripts_only(slam_gmapping)
[2.070s] Level 1:colcon.colcon_core.environment:checking '/home/joel-bansal/bharat_ws/install/slam_gmapping' for CMake module files
[2.071s] DEBUG:colcon.colcon_core.event_handler.log_command:Invoked command in '/home/joel-bansal/bharat_ws/build/slam_gmapping' returned '0': AMENT_PREFIX_PATH=/home/joel-bansal/bharat_ws/install/openslam_gmapping:${AMENT_PREFIX_PATH} CMAKE_PREFIX_PATH=/home/joel-bansal/bharat_ws/install/openslam_gmapping:/opt/ros/humble LD_LIBRARY_PATH=/home/joel-bansal/bharat_ws/install/openslam_gmapping/lib:${LD_LIBRARY_PATH} /usr/bin/cmake --install /home/joel-bansal/bharat_ws/build/slam_gmapping
[2.072s] Level 1:colcon.colcon_core.environment:checking '/home/joel-bansal/bharat_ws/install/slam_gmapping' for CMake config files
[2.073s] Level 1:colcon.colcon_core.shell:create_environment_hook('slam_gmapping', 'cmake_prefix_path')
[2.073s] INFO:colcon.colcon_core.shell:Creating environment hook '/home/joel-bansal/bharat_ws/install/slam_gmapping/share/slam_gmapping/hook/cmake_prefix_path.ps1'
[2.074s] INFO:colcon.colcon_core.shell:Creating environment descriptor '/home/joel-bansal/bharat_ws/install/slam_gmapping/share/slam_gmapping/hook/cmake_prefix_path.dsv'
[2.075s] INFO:colcon.colcon_core.shell:Creating environment hook '/home/joel-bansal/bharat_ws/install/slam_gmapping/share/slam_gmapping/hook/cmake_prefix_path.sh'
[2.076s] Level 1:colcon.colcon_core.environment:checking '/home/joel-bansal/bharat_ws/install/slam_gmapping/lib'
[2.076s] Level 1:colcon.colcon_core.environment:checking '/home/joel-bansal/bharat_ws/install/slam_gmapping/bin'
[2.077s] Level 1:colcon.colcon_core.environment:checking '/home/joel-bansal/bharat_ws/install/slam_gmapping/lib/pkgconfig/slam_gmapping.pc'
[2.077s] Level 1:colcon.colcon_core.environment:checking '/home/joel-bansal/bharat_ws/install/slam_gmapping/lib/python3.10/site-packages'
[2.078s] Level 1:colcon.colcon_core.environment:checking '/home/joel-bansal/bharat_ws/install/slam_gmapping/bin'
[2.079s] INFO:colcon.colcon_core.shell:Creating package script '/home/joel-bansal/bharat_ws/install/slam_gmapping/share/slam_gmapping/package.ps1'
[2.080s] INFO:colcon.colcon_core.shell:Creating package descriptor '/home/joel-bansal/bharat_ws/install/slam_gmapping/share/slam_gmapping/package.dsv'
[2.080s] INFO:colcon.colcon_core.shell:Creating package script '/home/joel-bansal/bharat_ws/install/slam_gmapping/share/slam_gmapping/package.sh'
[2.081s] INFO:colcon.colcon_core.shell:Creating package script '/home/joel-bansal/bharat_ws/install/slam_gmapping/share/slam_gmapping/package.bash'
[2.082s] INFO:colcon.colcon_core.shell:Creating package script '/home/joel-bansal/bharat_ws/install/slam_gmapping/share/slam_gmapping/package.zsh'
[2.083s] Level 1:colcon.colcon_core.environment:create_file_with_runtime_dependencies(/home/joel-bansal/bharat_ws/install/slam_gmapping/share/colcon-core/packages/slam_gmapping)
[2.137s] Level 1:colcon.colcon_core.environment:create_environment_scripts_only(slam_gmapping)
[2.138s] Level 1:colcon.colcon_core.environment:checking '/home/joel-bansal/bharat_ws/install/slam_gmapping' for CMake module files
[2.140s] Level 1:colcon.colcon_core.environment:checking '/home/joel-bansal/bharat_ws/install/slam_gmapping' for CMake config files
[2.140s] Level 1:colcon.colcon_core.shell:create_environment_hook('slam_gmapping', 'cmake_prefix_path')
[2.141s] INFO:colcon.colcon_core.shell:Creating environment hook '/home/joel-bansal/bharat_ws/install/slam_gmapping/share/slam_gmapping/hook/cmake_prefix_path.ps1'
[2.142s] INFO:colcon.colcon_core.shell:Creating environment descriptor '/home/joel-bansal/bharat_ws/install/slam_gmapping/share/slam_gmapping/hook/cmake_prefix_path.dsv'
[2.142s] INFO:colcon.colcon_core.shell:Creating environment hook '/home/joel-bansal/bharat_ws/install/slam_gmapping/share/slam_gmapping/hook/cmake_prefix_path.sh'
[2.144s] Level 1:colcon.colcon_core.environment:checking '/home/joel-bansal/bharat_ws/install/slam_gmapping/lib'
[2.144s] Level 1:colcon.colcon_core.environment:checking '/home/joel-bansal/bharat_ws/install/slam_gmapping/bin'
[2.144s] Level 1:colcon.colcon_core.environment:checking '/home/joel-bansal/bharat_ws/install/slam_gmapping/lib/pkgconfig/slam_gmapping.pc'
[2.145s] Level 1:colcon.colcon_core.environment:checking '/home/joel-bansal/bharat_ws/install/slam_gmapping/lib/python3.10/site-packages'
[2.145s] Level 1:colcon.colcon_core.environment:checking '/home/joel-bansal/bharat_ws/install/slam_gmapping/bin'
[2.146s] INFO:colcon.colcon_core.shell:Creating package script '/home/joel-bansal/bharat_ws/install/slam_gmapping/share/slam_gmapping/package.ps1'
[2.147s] INFO:colcon.colcon_core.shell:Creating package descriptor '/home/joel-bansal/bharat_ws/install/slam_gmapping/share/slam_gmapping/package.dsv'
[2.148s] INFO:colcon.colcon_core.shell:Creating package script '/home/joel-bansal/bharat_ws/install/slam_gmapping/share/slam_gmapping/package.sh'
[2.148s] INFO:colcon.colcon_core.shell:Creating package script '/home/joel-bansal/bharat_ws/install/slam_gmapping/share/slam_gmapping/package.bash'
[2.149s] INFO:colcon.colcon_core.shell:Creating package script '/home/joel-bansal/bharat_ws/install/slam_gmapping/share/slam_gmapping/package.zsh'
[2.150s] Level 1:colcon.colcon_core.environment:create_file_with_runtime_dependencies(/home/joel-bansal/bharat_ws/install/slam_gmapping/share/colcon-core/packages/slam_gmapping)
[2.151s] DEBUG:colcon.colcon_parallel_executor.executor.parallel:closing loop
[2.151s] DEBUG:colcon.colcon_parallel_executor.executor.parallel:loop closed
[2.151s] DEBUG:colcon.colcon_parallel_executor.executor.parallel:run_until_complete finished with '0'
[2.152s] DEBUG:colcon.colcon_core.event_reactor:joining thread
[2.164s] INFO:colcon.colcon_core.plugin_system:Skipping extension 'colcon_notification.desktop_notification.terminal_notifier': Not used on non-Darwin systems
[2.164s] INFO:colcon.colcon_core.plugin_system:Skipping extension 'colcon_notification.desktop_notification.win32': Not used on non-Windows systems
[2.164s] INFO:colcon.colcon_notification.desktop_notification:Sending desktop notification using 'notify2'
[2.184s] DEBUG:colcon.colcon_core.event_reactor:joined thread
[2.184s] INFO:colcon.colcon_core.shell:Creating prefix script '/home/joel-bansal/bharat_ws/install/local_setup.ps1'
[2.186s] INFO:colcon.colcon_core.shell:Creating prefix util module '/home/joel-bansal/bharat_ws/install/_local_setup_util_ps1.py'
[2.190s] INFO:colcon.colcon_core.shell:Creating prefix chain script '/home/joel-bansal/bharat_ws/install/setup.ps1'
[2.192s] INFO:colcon.colcon_core.shell:Creating prefix script '/home/joel-bansal/bharat_ws/install/local_setup.sh'
[2.194s] INFO:colcon.colcon_core.shell:Creating prefix util module '/home/joel-bansal/bharat_ws/install/_local_setup_util_sh.py'
[2.195s] INFO:colcon.colcon_core.shell:Creating prefix chain script '/home/joel-bansal/bharat_ws/install/setup.sh'
[2.196s] INFO:colcon.colcon_core.shell:Creating prefix script '/home/joel-bansal/bharat_ws/install/local_setup.bash'
[2.198s] INFO:colcon.colcon_core.shell:Creating prefix chain script '/home/joel-bansal/bharat_ws/install/setup.bash'
[2.199s] INFO:colcon.colcon_core.shell:Creating prefix script '/home/joel-bansal/bharat_ws/install/local_setup.zsh'
[2.201s] INFO:colcon.colcon_core.shell:Creating prefix chain script '/home/joel-bansal/bharat_ws/install/setup.zsh'
