[0.037s] Invoking command in '/home/joel-bansal/bharat_ws/build/multirobot_map_merge': CMAKE_PREFIX_PATH=/opt/ros/humble /usr/bin/cmake --build /home/joel-bansal/bharat_ws/build/multirobot_map_merge -- -j4 -l4
[0.194s] [35m[1mConsolidate compiler generated dependencies of target combine_grids[0m
[0.214s] [35m[1mConsolidate compiler generated dependencies of target gtest[0m
[0.219s] [35m[1mConsolidate compiler generated dependencies of target gtest_main[0m
[0.315s] [ 33%] Built target combine_grids
[0.330s] [ 66%] Built target gtest
[0.332s] [ 66%] Built target gtest_main
[0.383s] [35m[1mConsolidate compiler generated dependencies of target test_merging_pipeline[0m
[0.419s] [35m[1mConsolidate compiler generated dependencies of target map_merge[0m
[0.501s] [ 83%] Built target test_merging_pipeline
[0.584s] [100%] Built target map_merge
[0.618s] Invoked command in '/home/joel-bansal/bharat_ws/build/multirobot_map_merge' returned '0': CMAKE_PREFIX_PATH=/opt/ros/humble /usr/bin/cmake --build /home/joel-bansal/bharat_ws/build/multirobot_map_merge -- -j4 -l4
[0.735s] Invoking command in '/home/joel-bansal/bharat_ws/build/multirobot_map_merge': CMAKE_PREFIX_PATH=/opt/ros/humble /usr/bin/cmake --install /home/joel-bansal/bharat_ws/build/multirobot_map_merge
[0.752s] -- Install configuration: ""
[0.754s] -- Up-to-date: /home/joel-bansal/bharat_ws/install/multirobot_map_merge/include/map_merge/
[0.754s] -- Up-to-date: /home/joel-bansal/bharat_ws/install/multirobot_map_merge/include/map_merge//map_merge.h
[0.754s] -- Up-to-date: /home/joel-bansal/bharat_ws/install/multirobot_map_merge/include/map_merge//ros1_names.hpp
[0.755s] -- Up-to-date: /home/joel-bansal/bharat_ws/install/multirobot_map_merge/share/multirobot_map_merge/launch
[0.755s] -- Up-to-date: /home/joel-bansal/bharat_ws/install/multirobot_map_merge/share/multirobot_map_merge/launch/map_merge.launch.py
[0.755s] -- Up-to-date: /home/joel-bansal/bharat_ws/install/multirobot_map_merge/share/multirobot_map_merge/launch/from_map_server.launch.py
[0.755s] -- Up-to-date: /home/joel-bansal/bharat_ws/install/multirobot_map_merge/share/multirobot_map_merge/launch/tb3_simulation
[0.757s] -- Up-to-date: /home/joel-bansal/bharat_ws/install/multirobot_map_merge/share/multirobot_map_merge/launch/tb3_simulation/worlds
[0.757s] -- Up-to-date: /home/joel-bansal/bharat_ws/install/multirobot_map_merge/share/multirobot_map_merge/launch/tb3_simulation/worlds/world_only.model
[0.759s] -- Up-to-date: /home/joel-bansal/bharat_ws/install/multirobot_map_merge/share/multirobot_map_merge/launch/tb3_simulation/worlds/test_world.world
[0.759s] -- Up-to-date: /home/joel-bansal/bharat_ws/install/multirobot_map_merge/share/multirobot_map_merge/launch/tb3_simulation/worlds/room4
[0.759s] -- Up-to-date: /home/joel-bansal/bharat_ws/install/multirobot_map_merge/share/multirobot_map_merge/launch/tb3_simulation/worlds/room4/world_dynamic.model
[0.759s] -- Up-to-date: /home/joel-bansal/bharat_ws/install/multirobot_map_merge/share/multirobot_map_merge/launch/tb3_simulation/worlds/room4/map
[0.760s] -- Up-to-date: /home/joel-bansal/bharat_ws/install/multirobot_map_merge/share/multirobot_map_merge/launch/tb3_simulation/worlds/room4/map/room4.yaml
[0.760s] -- Up-to-date: /home/joel-bansal/bharat_ws/install/multirobot_map_merge/share/multirobot_map_merge/launch/tb3_simulation/worlds/room4/map/room4.png
[0.760s] -- Up-to-date: /home/joel-bansal/bharat_ws/install/multirobot_map_merge/share/multirobot_map_merge/launch/tb3_simulation/worlds/room4/world.model
[0.763s] -- Up-to-date: /home/joel-bansal/bharat_ws/install/multirobot_map_merge/share/multirobot_map_merge/launch/tb3_simulation/worlds/room4/room4.png
[0.764s] -- Up-to-date: /home/joel-bansal/bharat_ws/install/multirobot_map_merge/share/multirobot_map_merge/launch/tb3_simulation/worlds/test1_world_only.model
[0.764s] -- Up-to-date: /home/joel-bansal/bharat_ws/install/multirobot_map_merge/share/multirobot_map_merge/launch/tb3_simulation/config
[0.764s] -- Up-to-date: /home/joel-bansal/bharat_ws/install/multirobot_map_merge/share/multirobot_map_merge/launch/tb3_simulation/config/nav2_multirobot_params_3.yaml
[0.766s] -- Installing: /home/joel-bansal/bharat_ws/install/multirobot_map_merge/share/multirobot_map_merge/launch/tb3_simulation/config/nav2_multirobot_params_1.yaml
[0.766s] -- Up-to-date: /home/joel-bansal/bharat_ws/install/multirobot_map_merge/share/multirobot_map_merge/launch/tb3_simulation/config/nav2_multirobot_params_2.yaml
[0.767s] -- Up-to-date: /home/joel-bansal/bharat_ws/install/multirobot_map_merge/share/multirobot_map_merge/launch/tb3_simulation/multi_tb3_simulation_launch.py
[0.768s] -- Up-to-date: /home/joel-bansal/bharat_ws/install/multirobot_map_merge/share/multirobot_map_merge/launch/tb3_simulation/slam_toolbox.py
[0.769s] -- Installing: /home/joel-bansal/bharat_ws/install/multirobot_map_merge/share/multirobot_map_merge/launch/tb3_simulation/bringup_launch.py
[0.769s] -- Up-to-date: /home/joel-bansal/bharat_ws/install/multirobot_map_merge/share/multirobot_map_merge/launch/tb3_simulation/models
[0.769s] -- Up-to-date: /home/joel-bansal/bharat_ws/install/multirobot_map_merge/share/multirobot_map_merge/launch/tb3_simulation/models/exp_empty_rooms
[0.771s] -- Up-to-date: /home/joel-bansal/bharat_ws/install/multirobot_map_merge/share/multirobot_map_merge/launch/tb3_simulation/models/exp_empty_rooms/model.config
[0.772s] -- Up-to-date: /home/joel-bansal/bharat_ws/install/multirobot_map_merge/share/multirobot_map_merge/launch/tb3_simulation/models/exp_empty_rooms/model.sdf
[0.774s] -- Up-to-date: /home/joel-bansal/bharat_ws/install/multirobot_map_merge/share/multirobot_map_merge/launch/tb3_simulation/models/dynamic_obstacle
[0.774s] -- Up-to-date: /home/joel-bansal/bharat_ws/install/multirobot_map_merge/share/multirobot_map_merge/launch/tb3_simulation/models/dynamic_obstacle/model.config
[0.774s] -- Up-to-date: /home/joel-bansal/bharat_ws/install/multirobot_map_merge/share/multirobot_map_merge/launch/tb3_simulation/models/dynamic_obstacle/model.sdf
[0.775s] -- Installing: /home/joel-bansal/bharat_ws/install/multirobot_map_merge/share/multirobot_map_merge/launch/tb3_simulation/tb3_simulation_launch.py
[0.775s] -- Up-to-date: /home/joel-bansal/bharat_ws/install/multirobot_map_merge/share/multirobot_map_merge/launch/map_merge.rviz
[0.775s] -- Up-to-date: /home/joel-bansal/bharat_ws/install/multirobot_map_merge/share/multirobot_map_merge/config
[0.775s] -- Up-to-date: /home/joel-bansal/bharat_ws/install/multirobot_map_merge/share/multirobot_map_merge/config/params.yaml
[0.775s] -- Up-to-date: /home/joel-bansal/bharat_ws/install/multirobot_map_merge/lib/libcombine_grids.a
[0.775s] -- Up-to-date: /home/joel-bansal/bharat_ws/install/multirobot_map_merge/lib/multirobot_map_merge/map_merge
[0.776s] -- Up-to-date: /home/joel-bansal/bharat_ws/install/multirobot_map_merge/share/multirobot_map_merge/environment/library_path.sh
[0.777s] -- Up-to-date: /home/joel-bansal/bharat_ws/install/multirobot_map_merge/share/multirobot_map_merge/environment/library_path.dsv
[0.777s] -- Up-to-date: /home/joel-bansal/bharat_ws/install/multirobot_map_merge/share/ament_index/resource_index/package_run_dependencies/multirobot_map_merge
[0.777s] -- Up-to-date: /home/joel-bansal/bharat_ws/install/multirobot_map_merge/share/ament_index/resource_index/parent_prefix_path/multirobot_map_merge
[0.778s] -- Up-to-date: /home/joel-bansal/bharat_ws/install/multirobot_map_merge/share/multirobot_map_merge/environment/ament_prefix_path.sh
[0.778s] -- Up-to-date: /home/joel-bansal/bharat_ws/install/multirobot_map_merge/share/multirobot_map_merge/environment/ament_prefix_path.dsv
[0.778s] -- Up-to-date: /home/joel-bansal/bharat_ws/install/multirobot_map_merge/share/multirobot_map_merge/environment/path.sh
[0.778s] -- Up-to-date: /home/joel-bansal/bharat_ws/install/multirobot_map_merge/share/multirobot_map_merge/environment/path.dsv
[0.779s] -- Up-to-date: /home/joel-bansal/bharat_ws/install/multirobot_map_merge/share/multirobot_map_merge/local_setup.bash
[0.780s] -- Up-to-date: /home/joel-bansal/bharat_ws/install/multirobot_map_merge/share/multirobot_map_merge/local_setup.sh
[0.780s] -- Up-to-date: /home/joel-bansal/bharat_ws/install/multirobot_map_merge/share/multirobot_map_merge/local_setup.zsh
[0.781s] -- Up-to-date: /home/joel-bansal/bharat_ws/install/multirobot_map_merge/share/multirobot_map_merge/local_setup.dsv
[0.781s] -- Installing: /home/joel-bansal/bharat_ws/install/multirobot_map_merge/share/multirobot_map_merge/package.dsv
[0.783s] -- Up-to-date: /home/joel-bansal/bharat_ws/install/multirobot_map_merge/share/ament_index/resource_index/packages/multirobot_map_merge
[0.784s] -- Up-to-date: /home/joel-bansal/bharat_ws/install/multirobot_map_merge/share/multirobot_map_merge/cmake/ament_cmake_export_include_directories-extras.cmake
[0.784s] -- Up-to-date: /home/joel-bansal/bharat_ws/install/multirobot_map_merge/share/multirobot_map_merge/cmake/ament_cmake_export_libraries-extras.cmake
[0.785s] -- Up-to-date: /home/joel-bansal/bharat_ws/install/multirobot_map_merge/share/multirobot_map_merge/cmake/multirobot_map_mergeConfig.cmake
[0.787s] -- Up-to-date: /home/joel-bansal/bharat_ws/install/multirobot_map_merge/share/multirobot_map_merge/cmake/multirobot_map_mergeConfig-version.cmake
[0.787s] -- Up-to-date: /home/joel-bansal/bharat_ws/install/multirobot_map_merge/share/multirobot_map_merge/package.xml
[0.828s] Invoked command in '/home/joel-bansal/bharat_ws/build/multirobot_map_merge' returned '0': CMAKE_PREFIX_PATH=/opt/ros/humble /usr/bin/cmake --install /home/joel-bansal/bharat_ws/build/multirobot_map_merge
